17:33:16.417 [main                     ] DEBUG Logger               - Configured Logger
17:33:16.418 [main                     ] DEBUG GameApplication      - Logging settings
Title: Stictactics
Version: 0.0
Width: 1920
Height: 1080
Fullscreen: false
Intro: false
Profiling: false
Single step:false
App Mode: DEVELOPER
Menu Key: ESCAPE
Stage Style: DECORATED
Scene Factory: class com.example.demo.Factory.MySceneFactory

17:33:16.794 [JavaFX Application Thread] DEBUG FXGLApplication      - Initializing FXGL
17:33:16.796 [JavaFX Application Thread] INFO  Engine               - FXGL-11.17 (16.07.2021 15.46) on WINDOWS (J:23.0.2 FX:17.0.6)
17:33:16.796 [JavaFX Application Thread] DEBUG Engine               - JRE Vendor Name: Amazon.com Inc.
17:33:16.796 [JavaFX Application Thread] DEBUG Engine               - Running on OS: Windows 11 version 10.0
17:33:16.796 [JavaFX Application Thread] DEBUG Engine               - Architecture: amd64
17:33:16.796 [JavaFX Application Thread] INFO  Engine               - Source code and latest versions at: https://github.com/AlmasB/FXGL
17:33:16.796 [JavaFX Application Thread] INFO  Engine               -              Join the FXGL chat at: https://gitter.im/AlmasB/FXGL
17:33:16.919 [JavaFX Application Thread] DEBUG PrimaryStageWindow   - Creating a JavaFX scene
17:33:16.919 [JavaFX Application Thread] DEBUG PrimaryStageWindow   - Target size > screen size
17:33:16.979 [JavaFX Application Thread] DEBUG PrimaryStageWindow   - Target settings size: 1920.0 x 1080.0
17:33:16.979 [JavaFX Application Thread] DEBUG PrimaryStageWindow   - Scaled scene size:    1255.0 x 720.0
17:33:16.979 [JavaFX Application Thread] DEBUG PrimaryStageWindow   - Scaled ratio: (0.6536458333333334, 0.6666666666666666)
17:33:16.981 [JavaFX Application Thread] DEBUG PrimaryStageWindow   - Set initial scene to FXGLStartupScene
17:33:16.991 [JavaFX Application Thread] DEBUG PrimaryStageWindow   - Opening main window
17:33:17.088 [JavaFX Application Thread] DEBUG PrimaryStageWindow   - Window border size: (16.0, 39.0)
17:33:17.089 [JavaFX Application Thread] DEBUG PrimaryStageWindow   - Scaled size: 1255.0 x 720.0
17:33:17.089 [JavaFX Application Thread] DEBUG PrimaryStageWindow   - Scaled ratio: (0.6536458333333334, 0.6666666666666666)
17:33:17.089 [JavaFX Application Thread] DEBUG PrimaryStageWindow   - Scene size: 1255.0 x 720.0
17:33:17.090 [JavaFX Application Thread] DEBUG PrimaryStageWindow   - Stage size: 1271.0 x 759.0
17:33:17.098 [FXGL Background Thread 1 ] DEBUG Engine               - Initializing environment variables
17:33:17.223 [FXGL Background Thread 1 ] DEBUG FXGLAssetLoaderServi - User app class for loading assets: class com.example.demo.HelloController
17:33:17.223 [FXGL Background Thread 1 ] DEBUG GameApplicationServi - Applying CSS: fxgl_dark.css
17:33:17.224 [FXGL Background Thread 1 ] DEBUG FXGLAssetLoaderServi - Loading from file system: jar:file:///C:/Users/zyla/.m2/repository/com/github/almasb/fxgl/11.17/fxgl-11.17.jar!/fxglassets/ui/css/fxgl_dark.css
17:33:17.291 [FXGL Background Thread 1 ] DEBUG GameApplicationServi - Initializing application scenes
17:33:17.392 [FXGL Background Thread 1 ] DEBUG GameWorld            - Game world initialized
17:33:17.478 [FXGL Background Thread 1 ] DEBUG PhysicsWorld         - Physics world initialized: appHeight=1080, physics.ppm=50.0
17:33:17.478 [FXGL Background Thread 1 ] DEBUG PhysicsWorld         - Using strategy: BRUTE_FORCE
17:33:17.480 [FXGL Background Thread 1 ] DEBUG GameScene            - Game scene initialized: 1920x1080
17:33:17.665 [FXGL Background Thread 1 ] DEBUG GameApplicationServi - Application scenes initialized
17:33:17.681 [FXGL Background Thread 1 ] DEBUG SystemBundleService  - Loading FXGL system data
17:33:17.688 [FXGL Background Thread 1 ] DEBUG FileSystemAccess     - Reading from: C:\Users\zyla\demoGame4OOP\system\fxgl.bundle
17:33:17.697 [FXGL Background Thread 1 ] DEBUG SystemBundleService  - Bundle FXGL: {}
17:33:17.697 [FXGL Background Thread 1 ] DEBUG UpdaterService       - Checking for updates
17:33:17.706 [FXGL Background Thread 1 ] DEBUG FXGLApplication      - Loading default localization
17:33:17.706 [FXGL Background Thread 4 ] DEBUG FXGLApplication      - Loading fonts
17:33:17.706 [FXGL Background Thread 4 ] DEBUG FXGLAssetLoaderServi - Loading from file system: jar:file:///C:/Users/zyla/.m2/repository/com/github/almasb/fxgl/11.17/fxgl-11.17.jar!/fxglassets/ui/fonts/VarelaRound-Regular.ttf
17:33:17.706 [FXGL Background Thread 1 ] DEBUG FXGLAssetLoaderServi - Loading from file system: jar:file:///C:/Users/zyla/.m2/repository/com/github/almasb/fxgl/11.17/fxgl-11.17.jar!/fxglassets/languages/english.lang
17:33:17.727 [FXGL Background Thread 1 ] INFO  FXGLApplication      - FXGL initialization took: 0.629 sec
17:33:17.747 [JavaFX Application Thread] DEBUG Input                - Registered new binding: Pause Game - Esc
17:33:17.748 [JavaFX Application Thread] DEBUG Input                - Registered new binding: P1Left - A
17:33:17.748 [JavaFX Application Thread] DEBUG Input                - Registered new binding: P1Right - D
17:33:17.748 [JavaFX Application Thread] DEBUG Input                - Registered new binding: P1Jump - W
17:33:17.749 [JavaFX Application Thread] DEBUG Input                - Registered new binding: P1Punch - F
17:33:17.749 [JavaFX Application Thread] DEBUG Input                - Registered new binding: P1EnhancedPunch - E
17:33:17.758 [JavaFX Application Thread] DEBUG Input                - Registered new binding: P1Ult - Q
17:33:17.759 [JavaFX Application Thread] DEBUG Input                - Registered new binding: P2Left - Left
17:33:17.759 [JavaFX Application Thread] DEBUG Input                - Registered new binding: P2Right - Right
17:33:17.760 [JavaFX Application Thread] DEBUG Input                - Registered new binding: P2Jump - Up
17:33:17.760 [JavaFX Application Thread] DEBUG Input                - Registered new binding: P2Punch - H
17:33:17.760 [JavaFX Application Thread] DEBUG Input                - Registered new binding: P2EnhancedPunch - U
17:33:17.761 [JavaFX Application Thread] DEBUG Input                - Registered new binding: P2Ult - O
17:33:17.765 [JavaFX Application Thread] WARN  FXGLAssetLoaderServi - Asset "/assets/textures//assets/textures/background-intro.mp4" was not found!
17:33:17.766 [JavaFX Application Thread] WARN  FXGLAssetLoaderServi - Failed to load IMAGE
17:33:17.793 [FXGL Background Thread 4 ] DEBUG FXGLAssetLoaderServi - Loading from file system: jar:file:///C:/Users/zyla/.m2/repository/com/github/almasb/fxgl/11.17/fxgl-11.17.jar!/fxglassets/ui/fonts/Abel-Regular.ttf
17:33:17.801 [JavaFX Application Thread] DEBUG FXGLAssetLoaderServi - Loading from file system: jar:file:///C:/Users/zyla/.m2/repository/com/github/almasb/fxgl/11.17/fxgl-11.17.jar!/fxglassets/textures/fxgl_icon.png
17:33:17.819 [FXGL Background Thread 4 ] DEBUG FXGLAssetLoaderServi - Loading from file system: jar:file:///C:/Users/zyla/.m2/repository/com/github/almasb/fxgl/11.17/fxgl-11.17.jar!/fxglassets/ui/fonts/lucida_console.ttf
17:33:17.846 [FXGL Background Thread 4 ] DEBUG FXGLAssetLoaderServi - Loading from file system: jar:file:///C:/Users/zyla/.m2/repository/com/github/almasb/fxgl/11.17/fxgl-11.17.jar!/fxglassets/ui/fonts/Courier-Prime.ttf
17:33:17.905 [JavaFX Application Thread] DEBUG FXGLAssetLoaderServi - Loading from file system: jar:file:///C:/Users/zyla/.m2/repository/com/github/almasb/fxgl/11.17/fxgl-11.17.jar!/fxglassets/textures/fxgl_default_cursor.png
17:33:17.915 [JavaFX Application Thread] DEBUG Input                - Registered new binding: Screenshot - CTRL+8
17:33:17.917 [JavaFX Application Thread] DEBUG Input                - Registered new binding: System info dump - CTRL+9
17:33:17.918 [JavaFX Application Thread] DEBUG Input                - Registered new binding: Restart - CTRL+R
17:33:17.921 [JavaFX Application Thread] DEBUG Input                - Registered new binding: Toggle Debug Camera - CTRL+C
17:33:17.926 [JavaFX Application Thread] DEBUG LoopRunner           - Starting loop
17:33:17.926 [JavaFX Application Thread] DEBUG LoopRunner           - Initializing JavaFX AnimationTimerLoop
17:33:17.934 [JavaFX Application Thread] DEBUG Input                - Clearing active input actions
17:33:17.979 [JavaFX Application Thread] DEBUG GameApplicationServi - Removing overlay from FXGLStartupScene and adding to FXGLMainMenuDummyScene
17:33:17.979 [JavaFX Application Thread] DEBUG PrimaryStageWindow   - FXGLStartupScene -> FXGLMainMenuDummyScene
17:33:17.979 [JavaFX Application Thread] DEBUG PrimaryStageWindow   - Push state: CustomMainMenu
17:33:17.980 [JavaFX Application Thread] DEBUG Input                - Clearing active input actions
17:33:17.997 [JavaFX Application Thread] DEBUG GameApplicationServi - Removing overlay from FXGLMainMenuDummyScene and adding to CustomMainMenu
17:33:17.997 [JavaFX Application Thread] DEBUG PrimaryStageWindow   - FXGLMainMenuDummyScene -> CustomMainMenu
17:33:18.003 [JavaFX Application Thread] DEBUG FXGLApplication      - Registering font factories with UI factory
17:33:19.620 [FXGL Background Thread 2 ] INFO  UpdaterService       - Your current version:  11.17
17:33:19.620 [FXGL Background Thread 2 ] INFO  UpdaterService       - Latest stable version: 21.1
17:33:20.703 [FXGL Background Thread 3 ] DEBUG Engine               - Logging environment variables
17:33:20.704 [FXGL Background Thread 3 ] DEBUG Engine               - achievements: []
17:33:20.705 [FXGL Background Thread 3 ] DEBUG Engine               - actualHeight: 720.0
17:33:20.705 [FXGL Background Thread 3 ] DEBUG Engine               - actualHeightProperty: ReadOnlyDoubleProperty [value: 720.0]
17:33:20.705 [FXGL Background Thread 3 ] DEBUG Engine               - actualWidth: 1255.0
17:33:20.706 [FXGL Background Thread 3 ] DEBUG Engine               - actualWidthProperty: ReadOnlyDoubleProperty [value: 1255.0]
17:33:20.706 [FXGL Background Thread 3 ] DEBUG Engine               - appIcon: fxgl_icon.png
17:33:20.706 [FXGL Background Thread 3 ] DEBUG Engine               - applicationMode: DEVELOPER
17:33:20.706 [FXGL Background Thread 3 ] DEBUG Engine               - cSSList: [fxgl_dark.css]
17:33:20.706 [FXGL Background Thread 3 ] DEBUG Engine               - collisionDetectionStrategy: BRUTE_FORCE
17:33:20.707 [FXGL Background Thread 3 ] DEBUG Engine               - configClass: Optional.empty
17:33:20.707 [FXGL Background Thread 3 ] DEBUG Engine               - credits: []
17:33:20.707 [FXGL Background Thread 3 ] DEBUG Engine               - defaultCursor: CursorInfo(imageName=fxgl_default_cursor.png, hotspotX=7.0, hotspotY=6.0)
17:33:20.708 [FXGL Background Thread 3 ] DEBUG Engine               - devBBoxColorProperty: ObjectProperty [value: 0xff0000ff]
17:33:20.708 [FXGL Background Thread 3 ] DEBUG Engine               - devEnableDebugCameraProperty: BooleanProperty [value: false]
17:33:20.708 [FXGL Background Thread 3 ] DEBUG Engine               - devSensorColorProperty: ObjectProperty [value: 0xffff00ff]
17:33:20.708 [FXGL Background Thread 3 ] DEBUG Engine               - devShowBBoxProperty: BooleanProperty [value: false]
17:33:20.709 [FXGL Background Thread 3 ] DEBUG Engine               - devShowPositionProperty: BooleanProperty [value: false]
17:33:20.709 [FXGL Background Thread 3 ] DEBUG Engine               - enabledMenuItems: []
17:33:20.709 [FXGL Background Thread 3 ] DEBUG Engine               - engineServices: [class com.almasb.fxgl.app.services.FXGLAssetLoaderService, class com.almasb.fxgl.app.FXGLApplication$GameApplicationService, class com.almasb.fxgl.app.services.FXGLDialogService, class com.almasb.fxgl.app.services.IOTaskExecutorService, class com.almasb.fxgl.io.FileSystemService, class com.almasb.fxgl.localization.LocalizationService, class com.almasb.fxgl.app.services.SystemBundleService, class com.almasb.fxgl.profile.SaveLoadService, class com.almasb.fxgl.ui.FXGLUIFactoryServiceProvider, class com.almasb.fxgl.ui.FXGLDialogFactoryServiceProvider, class com.almasb.fxgl.audio.AudioPlayer, class com.almasb.fxgl.notification.impl.NotificationServiceProvider, class com.almasb.fxgl.achievement.AchievementService, class com.almasb.fxgl.cutscene.CutsceneService, class com.almasb.fxgl.minigames.MiniGameService, class com.almasb.fxgl.net.NetService, class com.almasb.fxgl.app.services.UpdaterService, class com.almasb.fxgl.dev.DevService]
17:33:20.709 [FXGL Background Thread 3 ] DEBUG Engine               - fontGame: Abel-Regular.ttf
17:33:20.709 [FXGL Background Thread 3 ] DEBUG Engine               - fontMono: lucida_console.ttf
17:33:20.710 [FXGL Background Thread 3 ] DEBUG Engine               - fontText: Courier-Prime.ttf
17:33:20.710 [FXGL Background Thread 3 ] DEBUG Engine               - fontUI: VarelaRound-Regular.ttf
17:33:20.710 [FXGL Background Thread 3 ] DEBUG Engine               - fullScreen: BooleanProperty [value: false]
17:33:20.710 [FXGL Background Thread 3 ] DEBUG Engine               - gameDifficulty: MEDIUM
17:33:20.711 [FXGL Background Thread 3 ] DEBUG Engine               - gameDifficultyProperty: ObjectProperty [value: MEDIUM]
17:33:20.711 [FXGL Background Thread 3 ] DEBUG Engine               - globalMusicVolume: 0.5
17:33:20.711 [FXGL Background Thread 3 ] DEBUG Engine               - globalMusicVolumeProperty: DoubleProperty [value: 0.5]
17:33:20.712 [FXGL Background Thread 3 ] DEBUG Engine               - globalSoundVolume: 0.5
17:33:20.712 [FXGL Background Thread 3 ] DEBUG Engine               - globalSoundVolumeProperty: DoubleProperty [value: 0.5]
17:33:20.712 [FXGL Background Thread 3 ] DEBUG Engine               - height: 1080
17:33:20.713 [FXGL Background Thread 3 ] DEBUG Engine               - is3D: false
17:33:20.713 [FXGL Background Thread 3 ] DEBUG Engine               - isAndroid: false
17:33:20.713 [FXGL Background Thread 3 ] DEBUG Engine               - isBrowser: false
17:33:20.713 [FXGL Background Thread 3 ] DEBUG Engine               - isClickFeedbackEnabled: false
17:33:20.713 [FXGL Background Thread 3 ] DEBUG Engine               - isCloseConfirmation: true
17:33:20.714 [FXGL Background Thread 3 ] DEBUG Engine               - isDesktop: true
17:33:20.714 [FXGL Background Thread 3 ] DEBUG Engine               - isDeveloperMenuEnabled: false
17:33:20.714 [FXGL Background Thread 3 ] DEBUG Engine               - isEntityPreloadEnabled: true
17:33:20.714 [FXGL Background Thread 3 ] DEBUG Engine               - isExperimentalTiledLargeMap: false
17:33:20.714 [FXGL Background Thread 3 ] DEBUG Engine               - isFileSystemWriteAllowed: true
17:33:20.714 [FXGL Background Thread 3 ] DEBUG Engine               - isFullScreenAllowed: false
17:33:20.715 [FXGL Background Thread 3 ] DEBUG Engine               - isFullScreenFromStart: false
17:33:20.715 [FXGL Background Thread 3 ] DEBUG Engine               - isGameMenuEnabled: false
17:33:20.715 [FXGL Background Thread 3 ] DEBUG Engine               - isIOS: false
17:33:20.715 [FXGL Background Thread 3 ] DEBUG Engine               - isIntroEnabled: false
17:33:20.715 [FXGL Background Thread 3 ] DEBUG Engine               - isLinux: false
17:33:20.715 [FXGL Background Thread 3 ] DEBUG Engine               - isMac: false
17:33:20.716 [FXGL Background Thread 3 ] DEBUG Engine               - isMainMenuEnabled: true
17:33:20.716 [FXGL Background Thread 3 ] DEBUG Engine               - isManualResizeEnabled: false
17:33:20.716 [FXGL Background Thread 3 ] DEBUG Engine               - isMobile: false
17:33:20.716 [FXGL Background Thread 3 ] DEBUG Engine               - isNative: false
17:33:20.716 [FXGL Background Thread 3 ] DEBUG Engine               - isPauseMusicWhenMinimized: true
17:33:20.716 [FXGL Background Thread 3 ] DEBUG Engine               - isPreserveResizeRatio: false
17:33:20.716 [FXGL Background Thread 3 ] DEBUG Engine               - isProfilingEnabled: false
17:33:20.718 [FXGL Background Thread 3 ] DEBUG Engine               - isScaleAffectedOnResize: true
17:33:20.718 [FXGL Background Thread 3 ] DEBUG Engine               - isSingleStep: false
17:33:20.718 [FXGL Background Thread 3 ] DEBUG Engine               - isUserProfileEnabled: false
17:33:20.718 [FXGL Background Thread 3 ] DEBUG Engine               - isWindows: true
17:33:20.718 [FXGL Background Thread 3 ] DEBUG Engine               - language: ObjectProperty [value: ENGLISH]
17:33:20.718 [FXGL Background Thread 3 ] DEBUG Engine               - menuKey: ESCAPE
17:33:20.718 [FXGL Background Thread 3 ] DEBUG Engine               - mouseSensitivity: 0.2
17:33:20.719 [FXGL Background Thread 3 ] DEBUG Engine               - notificationViewClass: class com.almasb.fxgl.notification.view.XboxNotificationView
17:33:20.719 [FXGL Background Thread 3 ] DEBUG Engine               - pixelsPerMeter: 50.0
17:33:20.719 [FXGL Background Thread 3 ] DEBUG Engine               - platform: WINDOWS
17:33:20.719 [FXGL Background Thread 3 ] DEBUG Engine               - prefHeightProperty: ReadOnlyDoubleProperty [value: 1080.0]
17:33:20.719 [FXGL Background Thread 3 ] DEBUG Engine               - prefWidthProperty: ReadOnlyDoubleProperty [value: 1920.0]
17:33:20.720 [FXGL Background Thread 3 ] DEBUG Engine               - profileDir: profiles/
17:33:20.720 [FXGL Background Thread 3 ] DEBUG Engine               - profileName: StringProperty [value: DEFAULT]
17:33:20.720 [FXGL Background Thread 3 ] DEBUG Engine               - randomSeed: -1
17:33:20.720 [FXGL Background Thread 3 ] DEBUG Engine               - runtimeInfo: RuntimeInfo(platform=WINDOWS, version=11.17, build=16.07.2021 15.46)
17:33:20.721 [FXGL Background Thread 3 ] DEBUG Engine               - saveFileExt: sav
17:33:20.721 [FXGL Background Thread 3 ] DEBUG Engine               - scaledHeightProp$fxgl: DoubleProperty [bound, value: 720.0]
17:33:20.721 [FXGL Background Thread 3 ] DEBUG Engine               - scaledWidthProp$fxgl: DoubleProperty [bound, value: 1255.0]
17:33:20.721 [FXGL Background Thread 3 ] DEBUG Engine               - sceneFactory: com.example.demo.Factory.MySceneFactory@19547247
17:33:20.721 [FXGL Background Thread 3 ] DEBUG Engine               - secondsIn24h: 60
17:33:20.721 [FXGL Background Thread 3 ] DEBUG Engine               - soundMenuBack: menu/back.wav
17:33:20.722 [FXGL Background Thread 3 ] DEBUG Engine               - soundMenuPress: menu/press.wav
17:33:20.722 [FXGL Background Thread 3 ] DEBUG Engine               - soundMenuSelect: menu/select.wav
17:33:20.722 [FXGL Background Thread 3 ] DEBUG Engine               - soundNotification: core/notification.wav
17:33:20.722 [FXGL Background Thread 3 ] DEBUG Engine               - stageStyle: DECORATED
17:33:20.722 [FXGL Background Thread 3 ] DEBUG Engine               - supportedLanguages: [ENGLISH, FRENCH, GERMAN, HUNGARIAN, RUSSIAN]
17:33:20.722 [FXGL Background Thread 3 ] DEBUG Engine               - ticksPerSecond: -1
17:33:20.722 [FXGL Background Thread 3 ] DEBUG Engine               - title: Stictactics
17:33:20.723 [FXGL Background Thread 3 ] DEBUG Engine               - urlGithub: https://github.com/AlmasB/FXGL
17:33:20.723 [FXGL Background Thread 3 ] DEBUG Engine               - urlLeaderboard: http://fxgl-top.herokuapp.com/
17:33:20.723 [FXGL Background Thread 3 ] DEBUG Engine               - urlPOM: https://raw.githubusercontent.com/AlmasB/FXGL/release/README.md
17:33:20.723 [FXGL Background Thread 3 ] DEBUG Engine               - userAppClass: class com.example.demo.HelloController
17:33:20.723 [FXGL Background Thread 3 ] DEBUG Engine               - version: 0.0
17:33:20.724 [FXGL Background Thread 3 ] DEBUG Engine               - versionCheckDays: 7
17:33:20.724 [FXGL Background Thread 3 ] DEBUG Engine               - width: 1920
17:33:20.724 [FXGL Background Thread 3 ] DEBUG Engine               - Logging services
17:33:20.724 [FXGL Background Thread 3 ] DEBUG Engine               - class com.almasb.fxgl.app.services.FXGLAssetLoaderService
17:33:20.724 [FXGL Background Thread 3 ] DEBUG Engine               - class com.almasb.fxgl.app.FXGLApplication$GameApplicationService
17:33:20.725 [FXGL Background Thread 3 ] DEBUG Engine               - class com.almasb.fxgl.app.services.FXGLDialogService
17:33:20.725 [FXGL Background Thread 3 ] DEBUG Engine               - class com.almasb.fxgl.app.services.IOTaskExecutorService
17:33:20.725 [FXGL Background Thread 3 ] DEBUG Engine               - class com.almasb.fxgl.io.FileSystemService
17:33:20.725 [FXGL Background Thread 3 ] DEBUG Engine               - class com.almasb.fxgl.localization.LocalizationService
17:33:20.725 [FXGL Background Thread 3 ] DEBUG Engine               - class com.almasb.fxgl.app.services.SystemBundleService
17:33:20.725 [FXGL Background Thread 3 ] DEBUG Engine               - class com.almasb.fxgl.profile.SaveLoadService
17:33:20.725 [FXGL Background Thread 3 ] DEBUG Engine               - class com.almasb.fxgl.ui.FXGLUIFactoryServiceProvider
17:33:20.726 [FXGL Background Thread 3 ] DEBUG Engine               - class com.almasb.fxgl.ui.FXGLDialogFactoryServiceProvider
17:33:20.726 [FXGL Background Thread 3 ] DEBUG Engine               - class com.almasb.fxgl.audio.AudioPlayer
17:33:20.726 [FXGL Background Thread 3 ] DEBUG Engine               - class com.almasb.fxgl.notification.impl.NotificationServiceProvider
17:33:20.726 [FXGL Background Thread 3 ] DEBUG Engine               - class com.almasb.fxgl.achievement.AchievementService
17:33:20.726 [FXGL Background Thread 3 ] DEBUG Engine               - class com.almasb.fxgl.cutscene.CutsceneService
17:33:20.726 [FXGL Background Thread 3 ] DEBUG Engine               - class com.almasb.fxgl.minigames.MiniGameService
17:33:20.726 [FXGL Background Thread 3 ] DEBUG Engine               - class com.almasb.fxgl.net.NetService
17:33:20.726 [FXGL Background Thread 3 ] DEBUG Engine               - class com.almasb.fxgl.app.services.UpdaterService
17:33:20.727 [FXGL Background Thread 3 ] DEBUG Engine               - class com.almasb.fxgl.dev.DevService
17:33:40.973 [JavaFX Application Thread] DEBUG PrimaryStageWindow   - Push state: DialogSubScene
17:33:40.973 [JavaFX Application Thread] DEBUG Input                - Clearing active input actions
17:33:40.975 [JavaFX Application Thread] DEBUG GameApplicationServi - Removing overlay from CustomMainMenu and adding to DialogSubScene
17:33:40.975 [JavaFX Application Thread] DEBUG PrimaryStageWindow   - CustomMainMenu -> DialogSubScene
17:33:41.741 [JavaFX Application Thread] DEBUG PrimaryStageWindow   - Pop state: DialogSubScene
17:33:41.741 [JavaFX Application Thread] DEBUG Input                - Clearing active input actions
17:33:41.742 [JavaFX Application Thread] DEBUG GameApplicationServi - Removing overlay from DialogSubScene and adding to CustomMainMenu
17:33:41.742 [JavaFX Application Thread] DEBUG PrimaryStageWindow   - CustomMainMenu <- DialogSubScene
17:33:41.742 [JavaFX Application Thread] DEBUG FXGLApplication      - Exiting FXGL
17:33:41.742 [JavaFX Application Thread] DEBUG LoopRunner           - Stopping loop
17:33:41.742 [JavaFX Application Thread] DEBUG SystemBundleService  - Saving FXGL system data
17:33:41.744 [JavaFX Application Thread] DEBUG FileSystemAccess     - Writing to: C:\Users\zyla\demoGame4OOP\system\fxgl.bundle
17:33:41.748 [JavaFX Application Thread] DEBUG Async                - Shutting down background threads
17:33:41.748 [JavaFX Application Thread] DEBUG PrimaryStageWindow   - Closing main window
17:33:41.771 [JavaFX Application Thread] DEBUG Logger               - Closing Logger
