13:21:29.083 [main                     ] DEBUG Logger               - Configured Logger
13:21:29.086 [main                     ] DEBUG GameApplication      - Logging settings
Title: Stictactics
Version: 0.0
Width: 1920
Height: 1080
Fullscreen: false
Intro: true
Profiling: false
Single step:false
App Mode: DEVELOPER
Menu Key: ESCAPE
Stage Style: DECORATED
Scene Factory: class com.example.demo.MySceneFactory

13:21:29.757 [JavaFX Application Thread] DEBUG FXGLApplication      - Initializing FXGL
13:21:29.758 [JavaFX Application Thread] INFO  Engine               - FXGL-11.17 (16.07.2021 15.46) on WINDOWS (J:23 FX:17.0.6)
13:21:29.759 [JavaFX Application Thread] DEBUG Engine               - JRE Vendor Name: Oracle Corporation
13:21:29.759 [JavaFX Application Thread] DEBUG Engine               - Running on OS: Windows 11 version 10.0
13:21:29.759 [JavaFX Application Thread] DEBUG Engine               - Architecture: amd64
13:21:29.759 [JavaFX Application Thread] INFO  Engine               - Source code and latest versions at: https://github.com/AlmasB/FXGL
13:21:29.759 [JavaFX Application Thread] INFO  Engine               -              Join the FXGL chat at: https://gitter.im/AlmasB/FXGL
13:21:29.854 [JavaFX Application Thread] DEBUG PrimaryStageWindow   - Creating a JavaFX scene
13:21:29.908 [JavaFX Application Thread] DEBUG PrimaryStageWindow   - Target settings size: 1920.0 x 1080.0
13:21:29.908 [JavaFX Application Thread] DEBUG PrimaryStageWindow   - Scaled scene size:    1920.0 x 1080.0
13:21:29.908 [JavaFX Application Thread] DEBUG PrimaryStageWindow   - Scaled ratio: (1.0, 1.0)
13:21:29.909 [JavaFX Application Thread] DEBUG PrimaryStageWindow   - Set initial scene to FXGLStartupScene
13:21:29.914 [JavaFX Application Thread] DEBUG PrimaryStageWindow   - Opening main window
13:21:30.014 [JavaFX Application Thread] DEBUG PrimaryStageWindow   - Window border size: (16.0, 39.0)
13:21:30.015 [JavaFX Application Thread] DEBUG PrimaryStageWindow   - Scaled size: 1920.0 x 1080.0
13:21:30.015 [JavaFX Application Thread] DEBUG PrimaryStageWindow   - Scaled ratio: (1.0, 1.0)
13:21:30.015 [JavaFX Application Thread] DEBUG PrimaryStageWindow   - Scene size: 1920.0 x 1080.0
13:21:30.015 [JavaFX Application Thread] DEBUG PrimaryStageWindow   - Stage size: 1936.0 x 1119.0
13:21:30.025 [FXGL Background Thread 1 ] DEBUG Engine               - Initializing environment variables
13:21:30.126 [FXGL Background Thread 1 ] DEBUG FXGLAssetLoaderServi - User app class for loading assets: class com.example.demo.HelloApplication
13:21:30.126 [FXGL Background Thread 1 ] DEBUG GameApplicationServi - Applying CSS: fxgl_dark.css
13:21:30.127 [FXGL Background Thread 1 ] DEBUG FXGLAssetLoaderServi - Loading from file system: jar:file:///C:/Users/jazph/.m2/repository/com/github/almasb/fxgl/11.17/fxgl-11.17.jar!/fxglassets/ui/css/fxgl_dark.css
13:21:30.181 [FXGL Background Thread 1 ] DEBUG GameApplicationServi - Initializing application scenes
13:21:30.240 [FXGL Background Thread 1 ] DEBUG GameWorld            - Game world initialized
13:21:30.330 [FXGL Background Thread 1 ] DEBUG PhysicsWorld         - Physics world initialized: appHeight=1080, physics.ppm=50.0
13:21:30.330 [FXGL Background Thread 1 ] DEBUG PhysicsWorld         - Using strategy: BRUTE_FORCE
13:21:30.333 [FXGL Background Thread 1 ] DEBUG GameScene            - Game scene initialized: 1920x1080
13:21:30.463 [FXGL Background Thread 1 ] DEBUG GameApplicationServi - Application scenes initialized
13:21:30.484 [FXGL Background Thread 1 ] DEBUG SystemBundleService  - Loading FXGL system data
13:21:30.495 [FXGL Background Thread 1 ] DEBUG FileSystemAccess     - Reading from: C:\Users\jazph\OneDrive\Desktop\demoGame4OOP\system\fxgl.bundle
13:21:30.510 [FXGL Background Thread 1 ] DEBUG SystemBundleService  - Bundle FXGL: {}
13:21:30.511 [FXGL Background Thread 1 ] DEBUG UpdaterService       - Checking for updates
13:21:30.522 [FXGL Background Thread 4 ] DEBUG FXGLApplication      - Loading fonts
13:21:30.523 [FXGL Background Thread 1 ] DEBUG FXGLApplication      - Loading default localization
13:21:30.523 [FXGL Background Thread 4 ] DEBUG FXGLAssetLoaderServi - Loading from file system: jar:file:///C:/Users/jazph/.m2/repository/com/github/almasb/fxgl/11.17/fxgl-11.17.jar!/fxglassets/ui/fonts/VarelaRound-Regular.ttf
13:21:30.524 [FXGL Background Thread 1 ] DEBUG FXGLAssetLoaderServi - Loading from file system: jar:file:///C:/Users/jazph/.m2/repository/com/github/almasb/fxgl/11.17/fxgl-11.17.jar!/fxglassets/languages/english.lang
13:21:30.586 [FXGL Background Thread 1 ] INFO  FXGLApplication      - FXGL initialization took: 0.561 sec
13:21:30.603 [JavaFX Application Thread] DEBUG Input                - Registered new binding: P1Left - A
13:21:30.604 [JavaFX Application Thread] DEBUG Input                - Registered new binding: P1Right - D
13:21:30.604 [JavaFX Application Thread] DEBUG Input                - Registered new binding: P1Jump - W
13:21:30.604 [JavaFX Application Thread] DEBUG Input                - Registered new binding: P1Punch - F
13:21:30.604 [JavaFX Application Thread] DEBUG Input                - Registered new binding: P1EnhancedPunch - E
13:21:30.605 [JavaFX Application Thread] DEBUG Input                - Registered new binding: P2Left - J
13:21:30.605 [JavaFX Application Thread] DEBUG Input                - Registered new binding: P2Right - L
13:21:30.605 [JavaFX Application Thread] DEBUG Input                - Registered new binding: P2Jump - I
13:21:30.605 [JavaFX Application Thread] DEBUG Input                - Registered new binding: P2Punch - H
13:21:30.610 [JavaFX Application Thread] WARN  FXGLAssetLoaderServi - Asset "/assets/textures//assets/textures/background-intro.mp4" was not found!
13:21:30.611 [JavaFX Application Thread] WARN  FXGLAssetLoaderServi - Failed to load IMAGE
13:21:30.613 [FXGL Background Thread 4 ] DEBUG FXGLAssetLoaderServi - Loading from file system: jar:file:///C:/Users/jazph/.m2/repository/com/github/almasb/fxgl/11.17/fxgl-11.17.jar!/fxglassets/ui/fonts/Abel-Regular.ttf
13:21:30.628 [FXGL Background Thread 4 ] DEBUG FXGLAssetLoaderServi - Loading from file system: jar:file:///C:/Users/jazph/.m2/repository/com/github/almasb/fxgl/11.17/fxgl-11.17.jar!/fxglassets/ui/fonts/lucida_console.ttf
13:21:30.639 [JavaFX Application Thread] DEBUG FXGLAssetLoaderServi - Loading from file system: jar:file:///C:/Users/jazph/.m2/repository/com/github/almasb/fxgl/11.17/fxgl-11.17.jar!/fxglassets/textures/fxgl_icon.png
13:21:30.649 [FXGL Background Thread 4 ] DEBUG FXGLAssetLoaderServi - Loading from file system: jar:file:///C:/Users/jazph/.m2/repository/com/github/almasb/fxgl/11.17/fxgl-11.17.jar!/fxglassets/ui/fonts/Courier-Prime.ttf
13:21:30.700 [JavaFX Application Thread] DEBUG FXGLAssetLoaderServi - Loading from file system: jar:file:///C:/Users/jazph/.m2/repository/com/github/almasb/fxgl/11.17/fxgl-11.17.jar!/fxglassets/textures/fxgl_default_cursor.png
13:21:30.704 [JavaFX Application Thread] DEBUG Input                - Registered new binding: Screenshot - CTRL+8
13:21:30.705 [JavaFX Application Thread] DEBUG Input                - Registered new binding: System info dump - CTRL+9
13:21:30.706 [JavaFX Application Thread] DEBUG Input                - Registered new binding: Restart - CTRL+R
13:21:30.707 [JavaFX Application Thread] DEBUG Input                - Registered new binding: Toggle Debug Camera - CTRL+C
13:21:30.722 [JavaFX Application Thread] DEBUG LoopRunner           - Starting loop
13:21:30.722 [JavaFX Application Thread] DEBUG LoopRunner           - Initializing JavaFX AnimationTimerLoop
13:21:30.733 [JavaFX Application Thread] DEBUG Input                - Clearing active input actions
13:21:30.751 [JavaFX Application Thread] DEBUG GameApplicationServi - Removing overlay from FXGLStartupScene and adding to CustomIntro
13:21:30.751 [JavaFX Application Thread] DEBUG PrimaryStageWindow   - FXGLStartupScene -> CustomIntro
13:21:30.754 [JavaFX Application Thread] DEBUG FXGLApplication      - Registering font factories with UI factory
13:21:33.519 [FXGL Background Thread 3 ] DEBUG Engine               - Logging environment variables
13:21:33.519 [FXGL Background Thread 3 ] DEBUG Engine               - achievements: []
13:21:33.519 [FXGL Background Thread 3 ] DEBUG Engine               - actualHeight: 1080.0
13:21:33.519 [FXGL Background Thread 3 ] DEBUG Engine               - actualHeightProperty: ReadOnlyDoubleProperty [value: 1080.0]
13:21:33.519 [FXGL Background Thread 3 ] DEBUG Engine               - actualWidth: 1920.0
13:21:33.520 [FXGL Background Thread 3 ] DEBUG Engine               - actualWidthProperty: ReadOnlyDoubleProperty [value: 1920.0]
13:21:33.520 [FXGL Background Thread 3 ] DEBUG Engine               - appIcon: fxgl_icon.png
13:21:33.520 [FXGL Background Thread 3 ] DEBUG Engine               - applicationMode: DEVELOPER
13:21:33.520 [FXGL Background Thread 3 ] DEBUG Engine               - cSSList: [fxgl_dark.css]
13:21:33.520 [FXGL Background Thread 3 ] DEBUG Engine               - collisionDetectionStrategy: BRUTE_FORCE
13:21:33.520 [FXGL Background Thread 3 ] DEBUG Engine               - configClass: Optional.empty
13:21:33.520 [FXGL Background Thread 3 ] DEBUG Engine               - credits: []
13:21:33.520 [FXGL Background Thread 3 ] DEBUG Engine               - defaultCursor: CursorInfo(imageName=fxgl_default_cursor.png, hotspotX=7.0, hotspotY=6.0)
13:21:33.520 [FXGL Background Thread 3 ] DEBUG Engine               - devBBoxColorProperty: ObjectProperty [value: 0xff0000ff]
13:21:33.520 [FXGL Background Thread 3 ] DEBUG Engine               - devEnableDebugCameraProperty: BooleanProperty [value: false]
13:21:33.520 [FXGL Background Thread 3 ] DEBUG Engine               - devSensorColorProperty: ObjectProperty [value: 0xffff00ff]
13:21:33.520 [FXGL Background Thread 3 ] DEBUG Engine               - devShowBBoxProperty: BooleanProperty [value: false]
13:21:33.520 [FXGL Background Thread 3 ] DEBUG Engine               - devShowPositionProperty: BooleanProperty [value: false]
13:21:33.520 [FXGL Background Thread 3 ] DEBUG Engine               - enabledMenuItems: []
13:21:33.520 [FXGL Background Thread 3 ] DEBUG Engine               - engineServices: [class com.almasb.fxgl.app.services.FXGLAssetLoaderService, class com.almasb.fxgl.app.FXGLApplication$GameApplicationService, class com.almasb.fxgl.app.services.FXGLDialogService, class com.almasb.fxgl.app.services.IOTaskExecutorService, class com.almasb.fxgl.io.FileSystemService, class com.almasb.fxgl.localization.LocalizationService, class com.almasb.fxgl.app.services.SystemBundleService, class com.almasb.fxgl.profile.SaveLoadService, class com.almasb.fxgl.ui.FXGLUIFactoryServiceProvider, class com.almasb.fxgl.ui.FXGLDialogFactoryServiceProvider, class com.almasb.fxgl.audio.AudioPlayer, class com.almasb.fxgl.notification.impl.NotificationServiceProvider, class com.almasb.fxgl.achievement.AchievementService, class com.almasb.fxgl.cutscene.CutsceneService, class com.almasb.fxgl.minigames.MiniGameService, class com.almasb.fxgl.net.NetService, class com.almasb.fxgl.app.services.UpdaterService, class com.almasb.fxgl.dev.DevService]
13:21:33.520 [FXGL Background Thread 3 ] DEBUG Engine               - fontGame: Abel-Regular.ttf
13:21:33.520 [FXGL Background Thread 3 ] DEBUG Engine               - fontMono: lucida_console.ttf
13:21:33.521 [FXGL Background Thread 3 ] DEBUG Engine               - fontText: Courier-Prime.ttf
13:21:33.521 [FXGL Background Thread 3 ] DEBUG Engine               - fontUI: VarelaRound-Regular.ttf
13:21:33.521 [FXGL Background Thread 3 ] DEBUG Engine               - fullScreen: BooleanProperty [value: false]
13:21:33.521 [FXGL Background Thread 3 ] DEBUG Engine               - gameDifficulty: MEDIUM
13:21:33.521 [FXGL Background Thread 3 ] DEBUG Engine               - gameDifficultyProperty: ObjectProperty [value: MEDIUM]
13:21:33.521 [FXGL Background Thread 3 ] DEBUG Engine               - globalMusicVolume: 0.5
13:21:33.521 [FXGL Background Thread 3 ] DEBUG Engine               - globalMusicVolumeProperty: DoubleProperty [value: 0.5]
13:21:33.521 [FXGL Background Thread 3 ] DEBUG Engine               - globalSoundVolume: 0.5
13:21:33.521 [FXGL Background Thread 3 ] DEBUG Engine               - globalSoundVolumeProperty: DoubleProperty [value: 0.5]
13:21:33.521 [FXGL Background Thread 3 ] DEBUG Engine               - height: 1080
13:21:33.521 [FXGL Background Thread 3 ] DEBUG Engine               - is3D: false
13:21:33.521 [FXGL Background Thread 3 ] DEBUG Engine               - isAndroid: false
13:21:33.521 [FXGL Background Thread 3 ] DEBUG Engine               - isBrowser: false
13:21:33.521 [FXGL Background Thread 3 ] DEBUG Engine               - isClickFeedbackEnabled: false
13:21:33.521 [FXGL Background Thread 3 ] DEBUG Engine               - isCloseConfirmation: true
13:21:33.521 [FXGL Background Thread 3 ] DEBUG Engine               - isDesktop: true
13:21:33.521 [FXGL Background Thread 3 ] DEBUG Engine               - isDeveloperMenuEnabled: false
13:21:33.521 [FXGL Background Thread 3 ] DEBUG Engine               - isEntityPreloadEnabled: true
13:21:33.522 [FXGL Background Thread 3 ] DEBUG Engine               - isExperimentalTiledLargeMap: false
13:21:33.522 [FXGL Background Thread 3 ] DEBUG Engine               - isFileSystemWriteAllowed: true
13:21:33.522 [FXGL Background Thread 3 ] DEBUG Engine               - isFullScreenAllowed: false
13:21:33.522 [FXGL Background Thread 3 ] DEBUG Engine               - isFullScreenFromStart: false
13:21:33.522 [FXGL Background Thread 3 ] DEBUG Engine               - isGameMenuEnabled: false
13:21:33.522 [FXGL Background Thread 3 ] DEBUG Engine               - isIOS: false
13:21:33.522 [FXGL Background Thread 3 ] DEBUG Engine               - isIntroEnabled: true
13:21:33.522 [FXGL Background Thread 3 ] DEBUG Engine               - isLinux: false
13:21:33.522 [FXGL Background Thread 3 ] DEBUG Engine               - isMac: false
13:21:33.522 [FXGL Background Thread 3 ] DEBUG Engine               - isMainMenuEnabled: true
13:21:33.522 [FXGL Background Thread 3 ] DEBUG Engine               - isManualResizeEnabled: false
13:21:33.522 [FXGL Background Thread 3 ] DEBUG Engine               - isMobile: false
13:21:33.522 [FXGL Background Thread 3 ] DEBUG Engine               - isNative: false
13:21:33.522 [FXGL Background Thread 3 ] DEBUG Engine               - isPauseMusicWhenMinimized: true
13:21:33.522 [FXGL Background Thread 3 ] DEBUG Engine               - isPreserveResizeRatio: false
13:21:33.522 [FXGL Background Thread 3 ] DEBUG Engine               - isProfilingEnabled: false
13:21:33.522 [FXGL Background Thread 3 ] DEBUG Engine               - isScaleAffectedOnResize: true
13:21:33.522 [FXGL Background Thread 3 ] DEBUG Engine               - isSingleStep: false
13:21:33.522 [FXGL Background Thread 3 ] DEBUG Engine               - isUserProfileEnabled: false
13:21:33.522 [FXGL Background Thread 3 ] DEBUG Engine               - isWindows: true
13:21:33.522 [FXGL Background Thread 3 ] DEBUG Engine               - language: ObjectProperty [value: ENGLISH]
13:21:33.522 [FXGL Background Thread 3 ] DEBUG Engine               - menuKey: ESCAPE
13:21:33.523 [FXGL Background Thread 3 ] DEBUG Engine               - mouseSensitivity: 0.2
13:21:33.523 [FXGL Background Thread 3 ] DEBUG Engine               - notificationViewClass: class com.almasb.fxgl.notification.view.XboxNotificationView
13:21:33.523 [FXGL Background Thread 3 ] DEBUG Engine               - pixelsPerMeter: 50.0
13:21:33.523 [FXGL Background Thread 3 ] DEBUG Engine               - platform: WINDOWS
13:21:33.523 [FXGL Background Thread 3 ] DEBUG Engine               - prefHeightProperty: ReadOnlyDoubleProperty [value: 1080.0]
13:21:33.523 [FXGL Background Thread 3 ] DEBUG Engine               - prefWidthProperty: ReadOnlyDoubleProperty [value: 1920.0]
13:21:33.523 [FXGL Background Thread 3 ] DEBUG Engine               - profileDir: profiles/
13:21:33.523 [FXGL Background Thread 3 ] DEBUG Engine               - profileName: StringProperty [value: DEFAULT]
13:21:33.523 [FXGL Background Thread 3 ] DEBUG Engine               - randomSeed: -1
13:21:33.523 [FXGL Background Thread 3 ] DEBUG Engine               - runtimeInfo: RuntimeInfo(platform=WINDOWS, version=11.17, build=16.07.2021 15.46)
13:21:33.523 [FXGL Background Thread 3 ] DEBUG Engine               - saveFileExt: sav
13:21:33.523 [FXGL Background Thread 3 ] DEBUG Engine               - scaledHeightProp$fxgl: DoubleProperty [bound, value: 1080.0]
13:21:33.523 [FXGL Background Thread 3 ] DEBUG Engine               - scaledWidthProp$fxgl: DoubleProperty [bound, value: 1920.0]
13:21:33.523 [FXGL Background Thread 3 ] DEBUG Engine               - sceneFactory: com.example.demo.MySceneFactory@45f997ca
13:21:33.523 [FXGL Background Thread 3 ] DEBUG Engine               - secondsIn24h: 60
13:21:33.523 [FXGL Background Thread 3 ] DEBUG Engine               - soundMenuBack: menu/back.wav
13:21:33.523 [FXGL Background Thread 3 ] DEBUG Engine               - soundMenuPress: menu/press.wav
13:21:33.523 [FXGL Background Thread 3 ] DEBUG Engine               - soundMenuSelect: menu/select.wav
13:21:33.523 [FXGL Background Thread 3 ] DEBUG Engine               - soundNotification: core/notification.wav
13:21:33.524 [FXGL Background Thread 3 ] DEBUG Engine               - stageStyle: DECORATED
13:21:33.524 [FXGL Background Thread 3 ] DEBUG Engine               - supportedLanguages: [ENGLISH, FRENCH, GERMAN, HUNGARIAN, RUSSIAN]
13:21:33.524 [FXGL Background Thread 3 ] DEBUG Engine               - ticksPerSecond: -1
13:21:33.524 [FXGL Background Thread 3 ] DEBUG Engine               - title: Stictactics
13:21:33.524 [FXGL Background Thread 3 ] DEBUG Engine               - urlGithub: https://github.com/AlmasB/FXGL
13:21:33.524 [FXGL Background Thread 3 ] DEBUG Engine               - urlLeaderboard: http://fxgl-top.herokuapp.com/
13:21:33.524 [FXGL Background Thread 3 ] DEBUG Engine               - urlPOM: https://raw.githubusercontent.com/AlmasB/FXGL/release/README.md
13:21:33.524 [FXGL Background Thread 3 ] DEBUG Engine               - userAppClass: class com.example.demo.HelloApplication
13:21:33.524 [FXGL Background Thread 3 ] DEBUG Engine               - version: 0.0
13:21:33.524 [FXGL Background Thread 3 ] DEBUG Engine               - versionCheckDays: 7
13:21:33.524 [FXGL Background Thread 3 ] DEBUG Engine               - width: 1920
13:21:33.524 [FXGL Background Thread 3 ] DEBUG Engine               - Logging services
13:21:33.524 [FXGL Background Thread 3 ] DEBUG Engine               - class com.almasb.fxgl.app.services.FXGLAssetLoaderService
13:21:33.524 [FXGL Background Thread 3 ] DEBUG Engine               - class com.almasb.fxgl.app.FXGLApplication$GameApplicationService
13:21:33.524 [FXGL Background Thread 3 ] DEBUG Engine               - class com.almasb.fxgl.app.services.FXGLDialogService
13:21:33.524 [FXGL Background Thread 3 ] DEBUG Engine               - class com.almasb.fxgl.app.services.IOTaskExecutorService
13:21:33.524 [FXGL Background Thread 3 ] DEBUG Engine               - class com.almasb.fxgl.io.FileSystemService
13:21:33.524 [FXGL Background Thread 3 ] DEBUG Engine               - class com.almasb.fxgl.localization.LocalizationService
13:21:33.524 [FXGL Background Thread 3 ] DEBUG Engine               - class com.almasb.fxgl.app.services.SystemBundleService
13:21:33.524 [FXGL Background Thread 3 ] DEBUG Engine               - class com.almasb.fxgl.profile.SaveLoadService
13:21:33.524 [FXGL Background Thread 3 ] DEBUG Engine               - class com.almasb.fxgl.ui.FXGLUIFactoryServiceProvider
13:21:33.524 [FXGL Background Thread 3 ] DEBUG Engine               - class com.almasb.fxgl.ui.FXGLDialogFactoryServiceProvider
13:21:33.525 [FXGL Background Thread 3 ] DEBUG Engine               - class com.almasb.fxgl.audio.AudioPlayer
13:21:33.525 [FXGL Background Thread 3 ] DEBUG Engine               - class com.almasb.fxgl.notification.impl.NotificationServiceProvider
13:21:33.525 [FXGL Background Thread 3 ] DEBUG Engine               - class com.almasb.fxgl.achievement.AchievementService
13:21:33.525 [FXGL Background Thread 3 ] DEBUG Engine               - class com.almasb.fxgl.cutscene.CutsceneService
13:21:33.525 [FXGL Background Thread 3 ] DEBUG Engine               - class com.almasb.fxgl.minigames.MiniGameService
13:21:33.525 [FXGL Background Thread 3 ] DEBUG Engine               - class com.almasb.fxgl.net.NetService
13:21:33.525 [FXGL Background Thread 3 ] DEBUG Engine               - class com.almasb.fxgl.app.services.UpdaterService
13:21:33.525 [FXGL Background Thread 3 ] DEBUG Engine               - class com.almasb.fxgl.dev.DevService
13:21:37.793 [JavaFX Application Thread] DEBUG Input                - Clearing active input actions
13:21:37.799 [JavaFX Application Thread] DEBUG GameApplicationServi - Removing overlay from CustomIntro and adding to FXGLMainMenuDummyScene
13:21:37.799 [JavaFX Application Thread] DEBUG PrimaryStageWindow   - CustomIntro -> FXGLMainMenuDummyScene
13:21:37.799 [JavaFX Application Thread] DEBUG PrimaryStageWindow   - Push state: CustomMainMenu
13:21:37.799 [JavaFX Application Thread] DEBUG Input                - Clearing active input actions
13:21:37.805 [JavaFX Application Thread] DEBUG GameApplicationServi - Removing overlay from FXGLMainMenuDummyScene and adding to CustomMainMenu
13:21:37.805 [JavaFX Application Thread] DEBUG PrimaryStageWindow   - FXGLMainMenuDummyScene -> CustomMainMenu
13:21:40.174 [JavaFX Application Thread] DEBUG Menu                 - fireNewGame()
13:21:40.174 [JavaFX Application Thread] DEBUG GameApplicationServi - Starting new game
13:21:40.174 [JavaFX Application Thread] DEBUG PrimaryStageWindow   - Pop state: CustomMainMenu
13:21:40.174 [JavaFX Application Thread] DEBUG Input                - Clearing active input actions
13:21:40.175 [JavaFX Application Thread] DEBUG GameApplicationServi - Removing overlay from CustomMainMenu and adding to FXGLMainMenuDummyScene
13:21:40.175 [JavaFX Application Thread] DEBUG PrimaryStageWindow   - FXGLMainMenuDummyScene <- CustomMainMenu
13:21:40.177 [JavaFX Application Thread] DEBUG Input                - Clearing active input actions
13:21:40.188 [JavaFX Application Thread] DEBUG GameApplicationServi - Removing overlay from FXGLMainMenuDummyScene and adding to FXGLLoadingScene
13:21:40.188 [JavaFX Application Thread] DEBUG PrimaryStageWindow   - FXGLMainMenuDummyScene -> FXGLLoadingScene
13:21:40.190 [JavaFX Application Thread] DEBUG GameApplicationServi - Clearing previous game
13:21:40.190 [JavaFX Application Thread] DEBUG GameScene            - Clearing game scene
13:21:40.190 [JavaFX Application Thread] DEBUG GameWorld            - Clearing game world
13:21:40.190 [JavaFX Application Thread] DEBUG PhysicsWorld         - Clearing physics world
13:21:40.191 [FXGL Background Thread 4 ] DEBUG FXGLApplication      - Initializing game
13:21:40.265 [FXGL Background Thread 4 ] WARN  TMXLevelLoader       - TiledMap generated from 1.11.2. Supported version: 1.2.3. Some features may not be parsed fully.
13:21:40.276 [FXGL Background Thread 4 ] DEBUG TMXLevelLoader       - Parsed TiledMap: file:/C:/Users/jazph/OneDrive/Desktop/demoGame4OOP/target/classes/assets/levels/tmx/idkbackground.tmx
13:21:40.277 [FXGL Background Thread 4 ] DEBUG TMXLevelLoader       - Creating tile layer entities
13:21:40.277 [FXGL Background Thread 4 ] DEBUG TilesetLoader        - Loading view for layer Tile Layer 1
13:21:40.281 [FXGL Background Thread 4 ] DEBUG TilesetLoader        - Created buffer with size 1984.0x1088.0
13:21:40.391 [FXGL Background Thread 4 ] DEBUG TMXLevelLoader       - Creating object layer entities
13:21:40.423 [FXGL Background Thread 4 ] DEBUG GameWorld            - Clearing removable entities
13:21:40.424 [FXGL Background Thread 4 ] DEBUG GameWorld            - Setting level: com.almasb.fxgl.entity.level.Level@66f42f0a
13:21:40.446 [FXGL Background Thread 4 ] DEBUG FXGLAssetLoaderServi - Loading from file system: file:/C:/Users/jazph/OneDrive/Desktop/demoGame4OOP/target/classes/assets/textures/p1_idle.png
13:21:40.873 [FXGL Background Thread 4 ] DEBUG FXGLAssetLoaderServi - Loading from file system: file:/C:/Users/jazph/OneDrive/Desktop/demoGame4OOP/target/classes/assets/textures/p1_walk.png
13:21:40.929 [FXGL Background Thread 4 ] DEBUG FXGLAssetLoaderServi - Loading from file system: file:/C:/Users/jazph/OneDrive/Desktop/demoGame4OOP/target/classes/assets/textures/jump.png
13:21:40.933 [FXGL Background Thread 4 ] DEBUG FXGLAssetLoaderServi - Loading from file system: file:/C:/Users/jazph/OneDrive/Desktop/demoGame4OOP/target/classes/assets/textures/punch.png
13:21:40.943 [FXGL Background Thread 4 ] DEBUG FXGLAssetLoaderServi - Loading from file system: file:/C:/Users/jazph/OneDrive/Desktop/demoGame4OOP/target/classes/assets/textures/idle_punk.png
13:21:40.947 [FXGL Background Thread 4 ] DEBUG FXGLAssetLoaderServi - Loading from file system: file:/C:/Users/jazph/OneDrive/Desktop/demoGame4OOP/target/classes/assets/textures/walk_punk.png
13:21:40.951 [FXGL Background Thread 4 ] DEBUG FXGLAssetLoaderServi - Loading from file system: file:/C:/Users/jazph/OneDrive/Desktop/demoGame4OOP/target/classes/assets/textures/punch_punk.png
13:21:40.966 [FXGL Background Thread 4 ] INFO  FXGLApplication      - Game initialization took: 0.774 sec
13:21:40.971 [JavaFX Application Thread] DEBUG Input                - Clearing active input actions
13:21:40.984 [JavaFX Application Thread] DEBUG GameApplicationServi - Removing overlay from FXGLLoadingScene and adding to GameScene
13:21:40.984 [JavaFX Application Thread] DEBUG PrimaryStageWindow   - FXGLLoadingScene -> GameScene
13:21:42.551 [FXGL Background Thread 2 ] WARN  UpdaterService       - Failed to find updates: java.net.UnknownHostException: raw.githubusercontent.com
13:22:03.654 [JavaFX Application Thread] DEBUG PrimaryStageWindow   - Push state: DialogSubScene
13:22:03.654 [JavaFX Application Thread] DEBUG Input                - Clearing active input actions
13:22:03.655 [JavaFX Application Thread] DEBUG GameApplicationServi - Removing overlay from GameScene and adding to DialogSubScene
13:22:03.655 [JavaFX Application Thread] DEBUG PrimaryStageWindow   - GameScene -> DialogSubScene
13:22:05.092 [JavaFX Application Thread] DEBUG PrimaryStageWindow   - Pop state: DialogSubScene
13:22:05.092 [JavaFX Application Thread] DEBUG Input                - Clearing active input actions
13:22:05.092 [JavaFX Application Thread] DEBUG GameApplicationServi - Removing overlay from DialogSubScene and adding to GameScene
13:22:05.092 [JavaFX Application Thread] DEBUG PrimaryStageWindow   - GameScene <- DialogSubScene
13:22:05.093 [JavaFX Application Thread] DEBUG FXGLApplication      - Exiting FXGL
13:22:05.093 [JavaFX Application Thread] DEBUG LoopRunner           - Stopping loop
13:22:05.093 [JavaFX Application Thread] DEBUG SystemBundleService  - Saving FXGL system data
13:22:05.094 [JavaFX Application Thread] DEBUG FileSystemAccess     - Writing to: C:\Users\jazph\OneDrive\Desktop\demoGame4OOP\system\fxgl.bundle
13:22:05.095 [JavaFX Application Thread] DEBUG Async                - Shutting down background threads
13:22:05.097 [JavaFX Application Thread] DEBUG PrimaryStageWindow   - Closing main window
13:22:05.115 [JavaFX Application Thread] DEBUG Logger               - Closing Logger
