08:26:51.692 [main                     ] DEBUG Logger               - Configured Logger
08:26:51.694 [main                     ] DEBUG GameApplication      - Logging settings
Title: Stictactics
Version: 0.0
Width: 1920
Height: 1080
Fullscreen: false
Intro: false
Profiling: false
Single step:false
App Mode: DEVELOPER
Menu Key: ESCAPE
Stage Style: DECORATED
Scene Factory: class com.example.demo.Factory.MySceneFactory

08:26:52.097 [JavaFX Application Thread] DEBUG FXGLApplication      - Initializing FXGL
08:26:52.098 [JavaFX Application Thread] INFO  Engine               - FXGL-11.17 (16.07.2021 15.46) on WINDOWS (J:23.0.2 FX:17.0.6)
08:26:52.099 [JavaFX Application Thread] DEBUG Engine               - JRE Vendor Name: Amazon.com Inc.
08:26:52.099 [JavaFX Application Thread] DEBUG Engine               - Running on OS: Windows 11 version 10.0
08:26:52.099 [JavaFX Application Thread] DEBUG Engine               - Architecture: amd64
08:26:52.099 [JavaFX Application Thread] INFO  Engine               - Source code and latest versions at: https://github.com/AlmasB/FXGL
08:26:52.099 [JavaFX Application Thread] INFO  Engine               -              Join the FXGL chat at: https://gitter.im/AlmasB/FXGL
08:26:52.204 [JavaFX Application Thread] DEBUG PrimaryStageWindow   - Creating a JavaFX scene
08:26:52.204 [JavaFX Application Thread] DEBUG PrimaryStageWindow   - Target size > screen size
08:26:52.260 [JavaFX Application Thread] DEBUG PrimaryStageWindow   - Target settings size: 1920.0 x 1080.0
08:26:52.260 [JavaFX Application Thread] DEBUG PrimaryStageWindow   - Scaled scene size:    1255.0 x 720.0
08:26:52.260 [JavaFX Application Thread] DEBUG PrimaryStageWindow   - Scaled ratio: (0.6536458333333334, 0.6666666666666666)
08:26:52.261 [JavaFX Application Thread] DEBUG PrimaryStageWindow   - Set initial scene to FXGLStartupScene
08:26:52.270 [JavaFX Application Thread] DEBUG PrimaryStageWindow   - Opening main window
08:26:52.381 [JavaFX Application Thread] DEBUG PrimaryStageWindow   - Window border size: (16.0, 39.0)
08:26:52.382 [JavaFX Application Thread] DEBUG PrimaryStageWindow   - Scaled size: 1255.0 x 720.0
08:26:52.382 [JavaFX Application Thread] DEBUG PrimaryStageWindow   - Scaled ratio: (0.6536458333333334, 0.6666666666666666)
08:26:52.383 [JavaFX Application Thread] DEBUG PrimaryStageWindow   - Scene size: 1255.0 x 720.0
08:26:52.383 [JavaFX Application Thread] DEBUG PrimaryStageWindow   - Stage size: 1271.0 x 759.0
08:26:52.392 [FXGL Background Thread 1 ] DEBUG Engine               - Initializing environment variables
08:26:52.541 [FXGL Background Thread 1 ] DEBUG FXGLAssetLoaderServi - User app class for loading assets: class com.example.demo.HelloController
08:26:52.541 [FXGL Background Thread 1 ] DEBUG GameApplicationServi - Applying CSS: fxgl_dark.css
08:26:52.541 [FXGL Background Thread 1 ] DEBUG FXGLAssetLoaderServi - Loading from file system: jar:file:///C:/Users/zyla/.m2/repository/com/github/almasb/fxgl/11.17/fxgl-11.17.jar!/fxglassets/ui/css/fxgl_dark.css
08:26:52.613 [FXGL Background Thread 1 ] DEBUG GameApplicationServi - Initializing application scenes
08:26:52.745 [FXGL Background Thread 1 ] DEBUG GameWorld            - Game world initialized
08:26:52.825 [FXGL Background Thread 1 ] DEBUG PhysicsWorld         - Physics world initialized: appHeight=1080, physics.ppm=50.0
08:26:52.825 [FXGL Background Thread 1 ] DEBUG PhysicsWorld         - Using strategy: BRUTE_FORCE
08:26:52.829 [FXGL Background Thread 1 ] DEBUG GameScene            - Game scene initialized: 1920x1080
08:26:52.993 [FXGL Background Thread 1 ] DEBUG GameApplicationServi - Application scenes initialized
08:26:53.009 [FXGL Background Thread 1 ] DEBUG SystemBundleService  - Loading FXGL system data
08:26:53.017 [FXGL Background Thread 1 ] DEBUG FileSystemAccess     - Reading from: C:\Users\zyla\demoGame4OOP\system\fxgl.bundle
08:26:53.028 [FXGL Background Thread 1 ] DEBUG SystemBundleService  - Bundle FXGL: {}
08:26:53.029 [FXGL Background Thread 1 ] DEBUG UpdaterService       - Checking for updates
08:26:53.036 [FXGL Background Thread 1 ] DEBUG FXGLApplication      - Loading default localization
08:26:53.036 [FXGL Background Thread 1 ] DEBUG FXGLAssetLoaderServi - Loading from file system: jar:file:///C:/Users/zyla/.m2/repository/com/github/almasb/fxgl/11.17/fxgl-11.17.jar!/fxglassets/languages/english.lang
08:26:53.084 [FXGL Background Thread 1 ] INFO  FXGLApplication      - FXGL initialization took: 0.692 sec
08:26:53.103 [JavaFX Application Thread] DEBUG Input                - Registered new binding: Pause Game - Esc
08:26:53.103 [JavaFX Application Thread] DEBUG Input                - Registered new binding: P1Left - A
08:26:53.103 [JavaFX Application Thread] DEBUG Input                - Registered new binding: P1Right - D
08:26:53.103 [JavaFX Application Thread] DEBUG Input                - Registered new binding: P1Jump - W
08:26:53.103 [JavaFX Application Thread] DEBUG Input                - Registered new binding: P1Punch - F
08:26:53.104 [JavaFX Application Thread] DEBUG Input                - Registered new binding: P1EnhancedPunch - E
08:26:53.104 [JavaFX Application Thread] DEBUG Input                - Registered new binding: P1Ult - Q
08:26:53.104 [JavaFX Application Thread] DEBUG Input                - Registered new binding: P2Left - Left
08:26:53.104 [JavaFX Application Thread] DEBUG Input                - Registered new binding: P2Right - Right
08:26:53.104 [JavaFX Application Thread] DEBUG Input                - Registered new binding: P2Jump - Up
08:26:53.104 [JavaFX Application Thread] DEBUG Input                - Registered new binding: P2Punch - H
08:26:53.104 [JavaFX Application Thread] DEBUG Input                - Registered new binding: P2EnhancedPunch - U
08:26:53.105 [JavaFX Application Thread] DEBUG Input                - Registered new binding: P2Ult - O
08:26:53.110 [JavaFX Application Thread] WARN  FXGLAssetLoaderServi - Asset "/assets/textures//assets/textures/background-intro.mp4" was not found!
08:26:53.110 [JavaFX Application Thread] WARN  FXGLAssetLoaderServi - Failed to load IMAGE
08:26:53.142 [FXGL Background Thread 4 ] DEBUG FXGLApplication      - Loading fonts
08:26:53.143 [FXGL Background Thread 4 ] DEBUG FXGLAssetLoaderServi - Loading from file system: jar:file:///C:/Users/zyla/.m2/repository/com/github/almasb/fxgl/11.17/fxgl-11.17.jar!/fxglassets/ui/fonts/VarelaRound-Regular.ttf
08:26:53.197 [JavaFX Application Thread] DEBUG FXGLAssetLoaderServi - Loading from file system: jar:file:///C:/Users/zyla/.m2/repository/com/github/almasb/fxgl/11.17/fxgl-11.17.jar!/fxglassets/textures/fxgl_icon.png
08:26:53.284 [JavaFX Application Thread] DEBUG FXGLAssetLoaderServi - Loading from file system: jar:file:///C:/Users/zyla/.m2/repository/com/github/almasb/fxgl/11.17/fxgl-11.17.jar!/fxglassets/textures/fxgl_default_cursor.png
08:26:53.289 [JavaFX Application Thread] DEBUG Input                - Registered new binding: Screenshot - CTRL+8
08:26:53.289 [JavaFX Application Thread] DEBUG Input                - Registered new binding: System info dump - CTRL+9
08:26:53.290 [JavaFX Application Thread] DEBUG Input                - Registered new binding: Restart - CTRL+R
08:26:53.291 [JavaFX Application Thread] DEBUG Input                - Registered new binding: Toggle Debug Camera - CTRL+C
08:26:53.293 [JavaFX Application Thread] DEBUG LoopRunner           - Starting loop
08:26:53.293 [JavaFX Application Thread] DEBUG LoopRunner           - Initializing JavaFX AnimationTimerLoop
08:26:53.298 [JavaFX Application Thread] DEBUG Input                - Clearing active input actions
08:26:53.334 [JavaFX Application Thread] DEBUG GameApplicationServi - Removing overlay from FXGLStartupScene and adding to FXGLMainMenuDummyScene
08:26:53.335 [JavaFX Application Thread] DEBUG PrimaryStageWindow   - FXGLStartupScene -> FXGLMainMenuDummyScene
08:26:53.336 [JavaFX Application Thread] DEBUG PrimaryStageWindow   - Push state: CustomMainMenu
08:26:53.336 [JavaFX Application Thread] DEBUG Input                - Clearing active input actions
08:26:53.341 [FXGL Background Thread 4 ] DEBUG FXGLAssetLoaderServi - Loading from file system: jar:file:///C:/Users/zyla/.m2/repository/com/github/almasb/fxgl/11.17/fxgl-11.17.jar!/fxglassets/ui/fonts/Abel-Regular.ttf
08:26:53.350 [JavaFX Application Thread] DEBUG GameApplicationServi - Removing overlay from FXGLMainMenuDummyScene and adding to CustomMainMenu
08:26:53.350 [JavaFX Application Thread] DEBUG PrimaryStageWindow   - FXGLMainMenuDummyScene -> CustomMainMenu
08:26:53.363 [FXGL Background Thread 4 ] DEBUG FXGLAssetLoaderServi - Loading from file system: jar:file:///C:/Users/zyla/.m2/repository/com/github/almasb/fxgl/11.17/fxgl-11.17.jar!/fxglassets/ui/fonts/lucida_console.ttf
08:26:53.393 [FXGL Background Thread 4 ] DEBUG FXGLAssetLoaderServi - Loading from file system: jar:file:///C:/Users/zyla/.m2/repository/com/github/almasb/fxgl/11.17/fxgl-11.17.jar!/fxglassets/ui/fonts/Courier-Prime.ttf
08:26:53.556 [JavaFX Application Thread] DEBUG FXGLApplication      - Registering font factories with UI factory
08:26:54.180 [FXGL Background Thread 2 ] INFO  UpdaterService       - Your current version:  11.17
08:26:54.182 [FXGL Background Thread 2 ] INFO  UpdaterService       - Latest stable version: 21.1
08:26:54.485 [JavaFX Application Thread] DEBUG Menu                 - fireNewGame()
08:26:54.485 [JavaFX Application Thread] DEBUG GameApplicationServi - Starting new game
08:26:54.485 [JavaFX Application Thread] DEBUG PrimaryStageWindow   - Pop state: CustomMainMenu
08:26:54.486 [JavaFX Application Thread] DEBUG Input                - Clearing active input actions
08:26:54.487 [JavaFX Application Thread] DEBUG GameApplicationServi - Removing overlay from CustomMainMenu and adding to FXGLMainMenuDummyScene
08:26:54.488 [JavaFX Application Thread] DEBUG PrimaryStageWindow   - FXGLMainMenuDummyScene <- CustomMainMenu
08:26:54.489 [JavaFX Application Thread] DEBUG Input                - Clearing active input actions
08:26:54.499 [JavaFX Application Thread] DEBUG GameApplicationServi - Removing overlay from FXGLMainMenuDummyScene and adding to FXGLLoadingScene
08:26:54.500 [JavaFX Application Thread] DEBUG PrimaryStageWindow   - FXGLMainMenuDummyScene -> FXGLLoadingScene
08:26:54.500 [JavaFX Application Thread] DEBUG GameApplicationServi - Clearing previous game
08:26:54.500 [JavaFX Application Thread] DEBUG GameScene            - Clearing game scene
08:26:54.500 [JavaFX Application Thread] DEBUG GameWorld            - Clearing game world
08:26:54.500 [JavaFX Application Thread] DEBUG PhysicsWorld         - Clearing physics world
08:26:54.510 [FXGL Background Thread 2 ] DEBUG FXGLApplication      - Initializing game
08:26:54.674 [FXGL Background Thread 2 ] WARN  TMXLevelLoader       - TiledMap generated from 1.11.2. Supported version: 1.2.3. Some features may not be parsed fully.
08:26:54.690 [FXGL Background Thread 2 ] DEBUG TMXLevelLoader       - Parsed TiledMap: file:/C:/Users/zyla/demoGame4OOP/target/classes/assets/levels/tmx/map5.tmx
08:26:54.692 [FXGL Background Thread 2 ] DEBUG TMXLevelLoader       - Creating tile layer entities
08:26:54.693 [FXGL Background Thread 2 ] DEBUG TilesetLoader        - Loading view for layer Tile Layer 1
08:26:54.701 [FXGL Background Thread 2 ] DEBUG TilesetLoader        - Created buffer with size 1920.0x1088.0
08:26:54.888 [FXGL Background Thread 2 ] DEBUG TMXLevelLoader       - Creating object layer entities
08:26:54.922 [FXGL Background Thread 2 ] DEBUG GameWorld            - Clearing removable entities
08:26:54.923 [FXGL Background Thread 2 ] DEBUG GameWorld            - Setting level: com.almasb.fxgl.entity.level.Level@1b637d4
08:26:54.945 [FXGL Background Thread 2 ] DEBUG FXGLAssetLoaderServi - Loading from file system: file:/C:/Users/zyla/demoGame4OOP/target/classes/assets/textures/character_2/knight_idle.png
08:26:54.972 [FXGL Background Thread 2 ] DEBUG FXGLAssetLoaderServi - Loading from file system: file:/C:/Users/zyla/demoGame4OOP/target/classes/assets/textures/character_2/knight_walk.png
08:26:54.982 [FXGL Background Thread 2 ] DEBUG FXGLAssetLoaderServi - Loading from file system: file:/C:/Users/zyla/demoGame4OOP/target/classes/assets/textures/fighter_attack_enhanced_p2.png
08:26:54.998 [FXGL Background Thread 2 ] DEBUG FXGLAssetLoaderServi - Loading from file system: file:/C:/Users/zyla/demoGame4OOP/target/classes/assets/textures/character_2/knight_jump.png
08:26:55.011 [FXGL Background Thread 2 ] DEBUG FXGLAssetLoaderServi - Loading from file system: file:/C:/Users/zyla/demoGame4OOP/target/classes/assets/textures/character_2/knight_combo.png
08:26:55.024 [FXGL Background Thread 2 ] DEBUG FXGLAssetLoaderServi - Loading from file system: file:/C:/Users/zyla/demoGame4OOP/target/classes/assets/textures/fighter_ult_P2.png
08:26:55.079 [FXGL Background Thread 2 ] DEBUG FXGLAssetLoaderServi - Loading from file system: file:/C:/Users/zyla/demoGame4OOP/target/classes/assets/textures/fighter_hit.png
08:26:55.091 [FXGL Background Thread 2 ] DEBUG FXGLAssetLoaderServi - Loading from file system: file:/C:/Users/zyla/demoGame4OOP/target/classes/assets/textures/fighter_idle_P2.png
08:26:55.095 [FXGL Background Thread 2 ] DEBUG FXGLAssetLoaderServi - Loading from file system: file:/C:/Users/zyla/demoGame4OOP/target/classes/assets/textures/fighter_walk_P2.png
08:26:55.103 [FXGL Background Thread 2 ] DEBUG FXGLAssetLoaderServi - Loading from file system: file:/C:/Users/zyla/demoGame4OOP/target/classes/assets/textures/fighter_jump_P2.png
08:26:55.108 [FXGL Background Thread 2 ] DEBUG FXGLAssetLoaderServi - Loading from file system: file:/C:/Users/zyla/demoGame4OOP/target/classes/assets/textures/fighter_attack_P2.png
08:26:55.131 [FXGL Background Thread 2 ] INFO  FXGLApplication      - Game initialization took: 0.621 sec
08:26:55.133 [JavaFX Application Thread] DEBUG Input                - Clearing active input actions
08:26:55.146 [JavaFX Application Thread] DEBUG GameApplicationServi - Removing overlay from FXGLLoadingScene and adding to GameScene
08:26:55.147 [JavaFX Application Thread] DEBUG PrimaryStageWindow   - FXGLLoadingScene -> GameScene
08:26:56.035 [FXGL Background Thread 3 ] DEBUG Engine               - Logging environment variables
08:26:56.035 [FXGL Background Thread 3 ] DEBUG Engine               - achievements: []
08:26:56.035 [FXGL Background Thread 3 ] DEBUG Engine               - actualHeight: 720.0
08:26:56.035 [FXGL Background Thread 3 ] DEBUG Engine               - actualHeightProperty: ReadOnlyDoubleProperty [value: 720.0]
08:26:56.035 [FXGL Background Thread 3 ] DEBUG Engine               - actualWidth: 1255.0
08:26:56.035 [FXGL Background Thread 3 ] DEBUG Engine               - actualWidthProperty: ReadOnlyDoubleProperty [value: 1255.0]
08:26:56.036 [FXGL Background Thread 3 ] DEBUG Engine               - appIcon: fxgl_icon.png
08:26:56.036 [FXGL Background Thread 3 ] DEBUG Engine               - applicationMode: DEVELOPER
08:26:56.036 [FXGL Background Thread 3 ] DEBUG Engine               - cSSList: [fxgl_dark.css]
08:26:56.036 [FXGL Background Thread 3 ] DEBUG Engine               - collisionDetectionStrategy: BRUTE_FORCE
08:26:56.036 [FXGL Background Thread 3 ] DEBUG Engine               - configClass: Optional.empty
08:26:56.036 [FXGL Background Thread 3 ] DEBUG Engine               - credits: []
08:26:56.036 [FXGL Background Thread 3 ] DEBUG Engine               - defaultCursor: CursorInfo(imageName=fxgl_default_cursor.png, hotspotX=7.0, hotspotY=6.0)
08:26:56.036 [FXGL Background Thread 3 ] DEBUG Engine               - devBBoxColorProperty: ObjectProperty [value: 0xff0000ff]
08:26:56.037 [FXGL Background Thread 3 ] DEBUG Engine               - devEnableDebugCameraProperty: BooleanProperty [value: false]
08:26:56.038 [FXGL Background Thread 3 ] DEBUG Engine               - devSensorColorProperty: ObjectProperty [value: 0xffff00ff]
08:26:56.038 [FXGL Background Thread 3 ] DEBUG Engine               - devShowBBoxProperty: BooleanProperty [value: false]
08:26:56.038 [FXGL Background Thread 3 ] DEBUG Engine               - devShowPositionProperty: BooleanProperty [value: false]
08:26:56.038 [FXGL Background Thread 3 ] DEBUG Engine               - enabledMenuItems: []
08:26:56.038 [FXGL Background Thread 3 ] DEBUG Engine               - engineServices: [class com.almasb.fxgl.app.services.FXGLAssetLoaderService, class com.almasb.fxgl.app.FXGLApplication$GameApplicationService, class com.almasb.fxgl.app.services.FXGLDialogService, class com.almasb.fxgl.app.services.IOTaskExecutorService, class com.almasb.fxgl.io.FileSystemService, class com.almasb.fxgl.localization.LocalizationService, class com.almasb.fxgl.app.services.SystemBundleService, class com.almasb.fxgl.profile.SaveLoadService, class com.almasb.fxgl.ui.FXGLUIFactoryServiceProvider, class com.almasb.fxgl.ui.FXGLDialogFactoryServiceProvider, class com.almasb.fxgl.audio.AudioPlayer, class com.almasb.fxgl.notification.impl.NotificationServiceProvider, class com.almasb.fxgl.achievement.AchievementService, class com.almasb.fxgl.cutscene.CutsceneService, class com.almasb.fxgl.minigames.MiniGameService, class com.almasb.fxgl.net.NetService, class com.almasb.fxgl.app.services.UpdaterService, class com.almasb.fxgl.dev.DevService]
08:26:56.038 [FXGL Background Thread 3 ] DEBUG Engine               - fontGame: Abel-Regular.ttf
08:26:56.038 [FXGL Background Thread 3 ] DEBUG Engine               - fontMono: lucida_console.ttf
08:26:56.038 [FXGL Background Thread 3 ] DEBUG Engine               - fontText: Courier-Prime.ttf
08:26:56.038 [FXGL Background Thread 3 ] DEBUG Engine               - fontUI: VarelaRound-Regular.ttf
08:26:56.039 [FXGL Background Thread 3 ] DEBUG Engine               - fullScreen: BooleanProperty [value: false]
08:26:56.039 [FXGL Background Thread 3 ] DEBUG Engine               - gameDifficulty: MEDIUM
08:26:56.039 [FXGL Background Thread 3 ] DEBUG Engine               - gameDifficultyProperty: ObjectProperty [value: MEDIUM]
08:26:56.039 [FXGL Background Thread 3 ] DEBUG Engine               - globalMusicVolume: 0.5
08:26:56.039 [FXGL Background Thread 3 ] DEBUG Engine               - globalMusicVolumeProperty: DoubleProperty [value: 0.5]
08:26:56.039 [FXGL Background Thread 3 ] DEBUG Engine               - globalSoundVolume: 0.5
08:26:56.039 [FXGL Background Thread 3 ] DEBUG Engine               - globalSoundVolumeProperty: DoubleProperty [value: 0.5]
08:26:56.039 [FXGL Background Thread 3 ] DEBUG Engine               - height: 1080
08:26:56.039 [FXGL Background Thread 3 ] DEBUG Engine               - is3D: false
08:26:56.039 [FXGL Background Thread 3 ] DEBUG Engine               - isAndroid: false
08:26:56.039 [FXGL Background Thread 3 ] DEBUG Engine               - isBrowser: false
08:26:56.039 [FXGL Background Thread 3 ] DEBUG Engine               - isClickFeedbackEnabled: false
08:26:56.039 [FXGL Background Thread 3 ] DEBUG Engine               - isCloseConfirmation: true
08:26:56.039 [FXGL Background Thread 3 ] DEBUG Engine               - isDesktop: true
08:26:56.039 [FXGL Background Thread 3 ] DEBUG Engine               - isDeveloperMenuEnabled: false
08:26:56.039 [FXGL Background Thread 3 ] DEBUG Engine               - isEntityPreloadEnabled: true
08:26:56.039 [FXGL Background Thread 3 ] DEBUG Engine               - isExperimentalTiledLargeMap: false
08:26:56.040 [FXGL Background Thread 3 ] DEBUG Engine               - isFileSystemWriteAllowed: true
08:26:56.040 [FXGL Background Thread 3 ] DEBUG Engine               - isFullScreenAllowed: false
08:26:56.040 [FXGL Background Thread 3 ] DEBUG Engine               - isFullScreenFromStart: false
08:26:56.040 [FXGL Background Thread 3 ] DEBUG Engine               - isGameMenuEnabled: false
08:26:56.040 [FXGL Background Thread 3 ] DEBUG Engine               - isIOS: false
08:26:56.040 [FXGL Background Thread 3 ] DEBUG Engine               - isIntroEnabled: false
08:26:56.040 [FXGL Background Thread 3 ] DEBUG Engine               - isLinux: false
08:26:56.040 [FXGL Background Thread 3 ] DEBUG Engine               - isMac: false
08:26:56.040 [FXGL Background Thread 3 ] DEBUG Engine               - isMainMenuEnabled: true
08:26:56.040 [FXGL Background Thread 3 ] DEBUG Engine               - isManualResizeEnabled: false
08:26:56.040 [FXGL Background Thread 3 ] DEBUG Engine               - isMobile: false
08:26:56.040 [FXGL Background Thread 3 ] DEBUG Engine               - isNative: false
08:26:56.040 [FXGL Background Thread 3 ] DEBUG Engine               - isPauseMusicWhenMinimized: true
08:26:56.040 [FXGL Background Thread 3 ] DEBUG Engine               - isPreserveResizeRatio: false
08:26:56.040 [FXGL Background Thread 3 ] DEBUG Engine               - isProfilingEnabled: false
08:26:56.040 [FXGL Background Thread 3 ] DEBUG Engine               - isScaleAffectedOnResize: true
08:26:56.041 [FXGL Background Thread 3 ] DEBUG Engine               - isSingleStep: false
08:26:56.041 [FXGL Background Thread 3 ] DEBUG Engine               - isUserProfileEnabled: false
08:26:56.041 [FXGL Background Thread 3 ] DEBUG Engine               - isWindows: true
08:26:56.041 [FXGL Background Thread 3 ] DEBUG Engine               - language: ObjectProperty [value: ENGLISH]
08:26:56.041 [FXGL Background Thread 3 ] DEBUG Engine               - menuKey: ESCAPE
08:26:56.041 [FXGL Background Thread 3 ] DEBUG Engine               - mouseSensitivity: 0.2
08:26:56.041 [FXGL Background Thread 3 ] DEBUG Engine               - notificationViewClass: class com.almasb.fxgl.notification.view.XboxNotificationView
08:26:56.041 [FXGL Background Thread 3 ] DEBUG Engine               - pixelsPerMeter: 50.0
08:26:56.041 [FXGL Background Thread 3 ] DEBUG Engine               - platform: WINDOWS
08:26:56.041 [FXGL Background Thread 3 ] DEBUG Engine               - prefHeightProperty: ReadOnlyDoubleProperty [value: 1080.0]
08:26:56.041 [FXGL Background Thread 3 ] DEBUG Engine               - prefWidthProperty: ReadOnlyDoubleProperty [value: 1920.0]
08:26:56.041 [FXGL Background Thread 3 ] DEBUG Engine               - profileDir: profiles/
08:26:56.041 [FXGL Background Thread 3 ] DEBUG Engine               - profileName: StringProperty [value: DEFAULT]
08:26:56.041 [FXGL Background Thread 3 ] DEBUG Engine               - randomSeed: -1
08:26:56.041 [FXGL Background Thread 3 ] DEBUG Engine               - runtimeInfo: RuntimeInfo(platform=WINDOWS, version=11.17, build=16.07.2021 15.46)
08:26:56.042 [FXGL Background Thread 3 ] DEBUG Engine               - saveFileExt: sav
08:26:56.042 [FXGL Background Thread 3 ] DEBUG Engine               - scaledHeightProp$fxgl: DoubleProperty [bound, value: 720.0]
08:26:56.042 [FXGL Background Thread 3 ] DEBUG Engine               - scaledWidthProp$fxgl: DoubleProperty [bound, value: 1255.0]
08:26:56.042 [FXGL Background Thread 3 ] DEBUG Engine               - sceneFactory: com.example.demo.Factory.MySceneFactory@1244ce07
08:26:56.042 [FXGL Background Thread 3 ] DEBUG Engine               - secondsIn24h: 60
08:26:56.042 [FXGL Background Thread 3 ] DEBUG Engine               - soundMenuBack: menu/back.wav
08:26:56.042 [FXGL Background Thread 3 ] DEBUG Engine               - soundMenuPress: menu/press.wav
08:26:56.042 [FXGL Background Thread 3 ] DEBUG Engine               - soundMenuSelect: menu/select.wav
08:26:56.042 [FXGL Background Thread 3 ] DEBUG Engine               - soundNotification: core/notification.wav
08:26:56.042 [FXGL Background Thread 3 ] DEBUG Engine               - stageStyle: DECORATED
08:26:56.042 [FXGL Background Thread 3 ] DEBUG Engine               - supportedLanguages: [ENGLISH, FRENCH, GERMAN, HUNGARIAN, RUSSIAN]
08:26:56.042 [FXGL Background Thread 3 ] DEBUG Engine               - ticksPerSecond: -1
08:26:56.042 [FXGL Background Thread 3 ] DEBUG Engine               - title: Stictactics
08:26:56.042 [FXGL Background Thread 3 ] DEBUG Engine               - urlGithub: https://github.com/AlmasB/FXGL
08:26:56.042 [FXGL Background Thread 3 ] DEBUG Engine               - urlLeaderboard: http://fxgl-top.herokuapp.com/
08:26:56.042 [FXGL Background Thread 3 ] DEBUG Engine               - urlPOM: https://raw.githubusercontent.com/AlmasB/FXGL/release/README.md
08:26:56.042 [FXGL Background Thread 3 ] DEBUG Engine               - userAppClass: class com.example.demo.HelloController
08:26:56.042 [FXGL Background Thread 3 ] DEBUG Engine               - version: 0.0
08:26:56.042 [FXGL Background Thread 3 ] DEBUG Engine               - versionCheckDays: 7
08:26:56.042 [FXGL Background Thread 3 ] DEBUG Engine               - width: 1920
08:26:56.042 [FXGL Background Thread 3 ] DEBUG Engine               - Logging services
08:26:56.043 [FXGL Background Thread 3 ] DEBUG Engine               - class com.almasb.fxgl.app.services.FXGLAssetLoaderService
08:26:56.043 [FXGL Background Thread 3 ] DEBUG Engine               - class com.almasb.fxgl.app.FXGLApplication$GameApplicationService
08:26:56.043 [FXGL Background Thread 3 ] DEBUG Engine               - class com.almasb.fxgl.app.services.FXGLDialogService
08:26:56.043 [FXGL Background Thread 3 ] DEBUG Engine               - class com.almasb.fxgl.app.services.IOTaskExecutorService
08:26:56.043 [FXGL Background Thread 3 ] DEBUG Engine               - class com.almasb.fxgl.io.FileSystemService
08:26:56.043 [FXGL Background Thread 3 ] DEBUG Engine               - class com.almasb.fxgl.localization.LocalizationService
08:26:56.043 [FXGL Background Thread 3 ] DEBUG Engine               - class com.almasb.fxgl.app.services.SystemBundleService
08:26:56.043 [FXGL Background Thread 3 ] DEBUG Engine               - class com.almasb.fxgl.profile.SaveLoadService
08:26:56.043 [FXGL Background Thread 3 ] DEBUG Engine               - class com.almasb.fxgl.ui.FXGLUIFactoryServiceProvider
08:26:56.043 [FXGL Background Thread 3 ] DEBUG Engine               - class com.almasb.fxgl.ui.FXGLDialogFactoryServiceProvider
08:26:56.043 [FXGL Background Thread 3 ] DEBUG Engine               - class com.almasb.fxgl.audio.AudioPlayer
08:26:56.043 [FXGL Background Thread 3 ] DEBUG Engine               - class com.almasb.fxgl.notification.impl.NotificationServiceProvider
08:26:56.043 [FXGL Background Thread 3 ] DEBUG Engine               - class com.almasb.fxgl.achievement.AchievementService
08:26:56.043 [FXGL Background Thread 3 ] DEBUG Engine               - class com.almasb.fxgl.cutscene.CutsceneService
08:26:56.043 [FXGL Background Thread 3 ] DEBUG Engine               - class com.almasb.fxgl.minigames.MiniGameService
08:26:56.043 [FXGL Background Thread 3 ] DEBUG Engine               - class com.almasb.fxgl.net.NetService
08:26:56.043 [FXGL Background Thread 3 ] DEBUG Engine               - class com.almasb.fxgl.app.services.UpdaterService
08:26:56.043 [FXGL Background Thread 3 ] DEBUG Engine               - class com.almasb.fxgl.dev.DevService
08:27:04.966 [JavaFX Application Thread] DEBUG PrimaryStageWindow   - Push state: CustomPauseMenu
08:27:04.966 [JavaFX Application Thread] DEBUG Input                - Clearing active input actions
08:27:04.968 [JavaFX Application Thread] DEBUG GameApplicationServi - Removing overlay from GameScene and adding to CustomPauseMenu
08:27:04.968 [JavaFX Application Thread] DEBUG PrimaryStageWindow   - GameScene -> CustomPauseMenu
08:27:09.265 [JavaFX Application Thread] DEBUG Menu                 - fireExitToMainMenu()
08:27:09.278 [JavaFX Application Thread] DEBUG PrimaryStageWindow   - Push state: DialogSubScene
08:27:09.278 [JavaFX Application Thread] DEBUG Input                - Clearing active input actions
08:27:09.279 [JavaFX Application Thread] DEBUG GameApplicationServi - Removing overlay from CustomPauseMenu and adding to DialogSubScene
08:27:09.280 [JavaFX Application Thread] DEBUG PrimaryStageWindow   - CustomPauseMenu -> DialogSubScene
08:27:10.114 [JavaFX Application Thread] DEBUG PrimaryStageWindow   - Pop state: DialogSubScene
08:27:10.114 [JavaFX Application Thread] DEBUG Input                - Clearing active input actions
08:27:10.117 [JavaFX Application Thread] DEBUG GameApplicationServi - Removing overlay from DialogSubScene and adding to CustomPauseMenu
08:27:10.117 [JavaFX Application Thread] DEBUG PrimaryStageWindow   - CustomPauseMenu <- DialogSubScene
08:27:10.117 [JavaFX Application Thread] DEBUG PrimaryStageWindow   - Pop state: CustomPauseMenu
08:27:10.117 [JavaFX Application Thread] DEBUG Input                - Clearing active input actions
08:27:10.118 [JavaFX Application Thread] DEBUG GameApplicationServi - Removing overlay from CustomPauseMenu and adding to GameScene
08:27:10.118 [JavaFX Application Thread] DEBUG PrimaryStageWindow   - GameScene <- CustomPauseMenu
08:27:10.118 [JavaFX Application Thread] DEBUG Input                - Clearing active input actions
08:27:10.125 [JavaFX Application Thread] DEBUG GameApplicationServi - Removing overlay from GameScene and adding to FXGLMainMenuDummyScene
08:27:10.125 [JavaFX Application Thread] DEBUG PrimaryStageWindow   - GameScene -> FXGLMainMenuDummyScene
08:27:10.125 [JavaFX Application Thread] DEBUG PrimaryStageWindow   - Push state: CustomMainMenu
08:27:10.125 [JavaFX Application Thread] DEBUG Input                - Clearing active input actions
08:27:10.136 [JavaFX Application Thread] DEBUG GameApplicationServi - Removing overlay from FXGLMainMenuDummyScene and adding to CustomMainMenu
08:27:10.138 [JavaFX Application Thread] DEBUG PrimaryStageWindow   - FXGLMainMenuDummyScene -> CustomMainMenu
08:27:10.605 [JavaFX Application Thread] DEBUG Menu                 - fireNewGame()
08:27:10.606 [JavaFX Application Thread] DEBUG GameApplicationServi - Starting new game
08:27:10.606 [JavaFX Application Thread] DEBUG PrimaryStageWindow   - Pop state: CustomMainMenu
08:27:10.606 [JavaFX Application Thread] DEBUG Input                - Clearing active input actions
08:27:10.606 [JavaFX Application Thread] DEBUG GameApplicationServi - Removing overlay from CustomMainMenu and adding to FXGLMainMenuDummyScene
08:27:10.607 [JavaFX Application Thread] DEBUG PrimaryStageWindow   - FXGLMainMenuDummyScene <- CustomMainMenu
08:27:10.607 [JavaFX Application Thread] DEBUG Input                - Clearing active input actions
08:27:10.613 [JavaFX Application Thread] DEBUG GameApplicationServi - Removing overlay from FXGLMainMenuDummyScene and adding to FXGLLoadingScene
08:27:10.613 [JavaFX Application Thread] DEBUG PrimaryStageWindow   - FXGLMainMenuDummyScene -> FXGLLoadingScene
08:27:10.613 [JavaFX Application Thread] DEBUG GameApplicationServi - Clearing previous game
08:27:10.613 [JavaFX Application Thread] DEBUG GameScene            - Clearing game scene
08:27:10.613 [JavaFX Application Thread] DEBUG GameWorld            - Clearing game world
08:27:10.615 [JavaFX Application Thread] DEBUG PhysicsWorld         - Clearing physics world
08:27:10.625 [FXGL Background Thread 2 ] DEBUG FXGLApplication      - Initializing game
08:27:10.629 [FXGL Background Thread 2 ] WARN  TMXLevelLoader       - TiledMap generated from 1.11.2. Supported version: 1.2.3. Some features may not be parsed fully.
08:27:10.636 [FXGL Background Thread 2 ] DEBUG TMXLevelLoader       - Parsed TiledMap: file:/C:/Users/zyla/demoGame4OOP/target/classes/assets/levels/tmx/map5.tmx
08:27:10.636 [FXGL Background Thread 2 ] DEBUG TMXLevelLoader       - Creating tile layer entities
08:27:10.637 [FXGL Background Thread 2 ] DEBUG TilesetLoader        - Loading view for layer Tile Layer 1
08:27:10.665 [FXGL Background Thread 2 ] DEBUG TilesetLoader        - Created buffer with size 1920.0x1088.0
08:27:10.800 [FXGL Background Thread 2 ] DEBUG TMXLevelLoader       - Creating object layer entities
08:27:10.802 [FXGL Background Thread 2 ] DEBUG GameWorld            - Clearing removable entities
08:27:10.802 [FXGL Background Thread 2 ] DEBUG GameWorld            - Setting level: com.almasb.fxgl.entity.level.Level@1b036afd
08:27:10.832 [FXGL Background Thread 2 ] INFO  FXGLApplication      - Game initialization took: 0.206 sec
08:27:10.833 [JavaFX Application Thread] DEBUG Input                - Clearing active input actions
08:27:10.839 [JavaFX Application Thread] DEBUG GameApplicationServi - Removing overlay from FXGLLoadingScene and adding to GameScene
08:27:10.839 [JavaFX Application Thread] DEBUG PrimaryStageWindow   - FXGLLoadingScene -> GameScene
08:27:23.988 [JavaFX Application Thread] DEBUG LoopRunner           - Pausing loop
08:27:23.990 [JavaFX Application Thread] DEBUG LoopRunner           - Pausing loop
08:27:24.992 [JavaFX Application Thread] DEBUG LoopRunner           - Resuming loop
08:27:24.992 [JavaFX Application Thread] DEBUG GameApplicationServi - Starting new game
08:27:24.992 [JavaFX Application Thread] DEBUG Input                - Clearing active input actions
08:27:24.999 [JavaFX Application Thread] DEBUG GameApplicationServi - Removing overlay from GameScene and adding to FXGLLoadingScene
08:27:24.999 [JavaFX Application Thread] DEBUG PrimaryStageWindow   - GameScene -> FXGLLoadingScene
08:27:24.999 [JavaFX Application Thread] DEBUG GameApplicationServi - Clearing previous game
08:27:24.999 [JavaFX Application Thread] DEBUG GameScene            - Clearing game scene
08:27:24.999 [JavaFX Application Thread] DEBUG GameWorld            - Clearing game world
08:27:25.001 [JavaFX Application Thread] DEBUG PhysicsWorld         - Clearing physics world
08:27:25.001 [FXGL Background Thread 2 ] DEBUG FXGLApplication      - Initializing game
08:27:25.012 [FXGL Background Thread 2 ] WARN  TMXLevelLoader       - TiledMap generated from 1.11.2. Supported version: 1.2.3. Some features may not be parsed fully.
08:27:25.020 [FXGL Background Thread 2 ] DEBUG TMXLevelLoader       - Parsed TiledMap: file:/C:/Users/zyla/demoGame4OOP/target/classes/assets/levels/tmx/map3.tmx
08:27:25.020 [FXGL Background Thread 2 ] DEBUG TMXLevelLoader       - Creating tile layer entities
08:27:25.021 [FXGL Background Thread 2 ] DEBUG TilesetLoader        - Loading view for layer Tile Layer 1
08:27:25.029 [FXGL Background Thread 2 ] DEBUG TilesetLoader        - Created buffer with size 1920.0x1088.0
08:27:25.157 [FXGL Background Thread 2 ] DEBUG TMXLevelLoader       - Creating object layer entities
08:27:25.159 [FXGL Background Thread 2 ] DEBUG GameWorld            - Clearing removable entities
08:27:25.159 [FXGL Background Thread 2 ] DEBUG GameWorld            - Setting level: com.almasb.fxgl.entity.level.Level@3349d504
08:27:25.167 [FXGL Background Thread 2 ] INFO  FXGLApplication      - Game initialization took: 0.166 sec
08:27:25.172 [JavaFX Application Thread] DEBUG Input                - Clearing active input actions
08:27:25.178 [JavaFX Application Thread] DEBUG GameApplicationServi - Removing overlay from FXGLLoadingScene and adding to GameScene
08:27:25.178 [JavaFX Application Thread] DEBUG PrimaryStageWindow   - FXGLLoadingScene -> GameScene
08:27:33.042 [JavaFX Application Thread] DEBUG PrimaryStageWindow   - Push state: CustomPauseMenu
08:27:33.042 [JavaFX Application Thread] DEBUG Input                - Clearing active input actions
08:27:33.043 [JavaFX Application Thread] DEBUG GameApplicationServi - Removing overlay from GameScene and adding to CustomPauseMenu
08:27:33.043 [JavaFX Application Thread] DEBUG PrimaryStageWindow   - GameScene -> CustomPauseMenu
08:27:35.513 [JavaFX Application Thread] DEBUG Menu                 - fireExitToMainMenu()
08:27:35.515 [JavaFX Application Thread] DEBUG PrimaryStageWindow   - Push state: DialogSubScene
08:27:35.515 [JavaFX Application Thread] DEBUG Input                - Clearing active input actions
08:27:35.516 [JavaFX Application Thread] DEBUG GameApplicationServi - Removing overlay from CustomPauseMenu and adding to DialogSubScene
08:27:35.517 [JavaFX Application Thread] DEBUG PrimaryStageWindow   - CustomPauseMenu -> DialogSubScene
08:27:36.245 [JavaFX Application Thread] DEBUG PrimaryStageWindow   - Pop state: DialogSubScene
08:27:36.246 [JavaFX Application Thread] DEBUG Input                - Clearing active input actions
08:27:36.247 [JavaFX Application Thread] DEBUG GameApplicationServi - Removing overlay from DialogSubScene and adding to CustomPauseMenu
08:27:36.247 [JavaFX Application Thread] DEBUG PrimaryStageWindow   - CustomPauseMenu <- DialogSubScene
08:27:36.247 [JavaFX Application Thread] DEBUG PrimaryStageWindow   - Pop state: CustomPauseMenu
08:27:36.247 [JavaFX Application Thread] DEBUG Input                - Clearing active input actions
08:27:36.247 [JavaFX Application Thread] DEBUG GameApplicationServi - Removing overlay from CustomPauseMenu and adding to GameScene
08:27:36.247 [JavaFX Application Thread] DEBUG PrimaryStageWindow   - GameScene <- CustomPauseMenu
08:27:36.248 [JavaFX Application Thread] DEBUG Input                - Clearing active input actions
08:27:36.253 [JavaFX Application Thread] DEBUG GameApplicationServi - Removing overlay from GameScene and adding to FXGLMainMenuDummyScene
08:27:36.253 [JavaFX Application Thread] DEBUG PrimaryStageWindow   - GameScene -> FXGLMainMenuDummyScene
08:27:36.253 [JavaFX Application Thread] DEBUG PrimaryStageWindow   - Push state: CustomMainMenu
08:27:36.253 [JavaFX Application Thread] DEBUG Input                - Clearing active input actions
08:27:36.255 [JavaFX Application Thread] DEBUG GameApplicationServi - Removing overlay from FXGLMainMenuDummyScene and adding to CustomMainMenu
08:27:36.255 [JavaFX Application Thread] DEBUG PrimaryStageWindow   - FXGLMainMenuDummyScene -> CustomMainMenu
08:27:37.620 [JavaFX Application Thread] DEBUG Menu                 - fireNewGame()
08:27:37.621 [JavaFX Application Thread] DEBUG GameApplicationServi - Starting new game
08:27:37.621 [JavaFX Application Thread] DEBUG PrimaryStageWindow   - Pop state: CustomMainMenu
08:27:37.621 [JavaFX Application Thread] DEBUG Input                - Clearing active input actions
08:27:37.621 [JavaFX Application Thread] DEBUG GameApplicationServi - Removing overlay from CustomMainMenu and adding to FXGLMainMenuDummyScene
08:27:37.622 [JavaFX Application Thread] DEBUG PrimaryStageWindow   - FXGLMainMenuDummyScene <- CustomMainMenu
08:27:37.622 [JavaFX Application Thread] DEBUG Input                - Clearing active input actions
08:27:37.628 [JavaFX Application Thread] DEBUG GameApplicationServi - Removing overlay from FXGLMainMenuDummyScene and adding to FXGLLoadingScene
08:27:37.628 [JavaFX Application Thread] DEBUG PrimaryStageWindow   - FXGLMainMenuDummyScene -> FXGLLoadingScene
08:27:37.628 [JavaFX Application Thread] DEBUG GameApplicationServi - Clearing previous game
08:27:37.628 [JavaFX Application Thread] DEBUG GameScene            - Clearing game scene
08:27:37.628 [JavaFX Application Thread] DEBUG GameWorld            - Clearing game world
08:27:37.629 [JavaFX Application Thread] DEBUG PhysicsWorld         - Clearing physics world
08:27:37.630 [FXGL Background Thread 2 ] DEBUG FXGLApplication      - Initializing game
08:27:37.633 [FXGL Background Thread 2 ] WARN  TMXLevelLoader       - TiledMap generated from 1.11.2. Supported version: 1.2.3. Some features may not be parsed fully.
08:27:37.641 [FXGL Background Thread 2 ] DEBUG TMXLevelLoader       - Parsed TiledMap: file:/C:/Users/zyla/demoGame4OOP/target/classes/assets/levels/tmx/map3.tmx
08:27:37.641 [FXGL Background Thread 2 ] DEBUG TMXLevelLoader       - Creating tile layer entities
08:27:37.642 [FXGL Background Thread 2 ] DEBUG TilesetLoader        - Loading view for layer Tile Layer 1
08:27:37.675 [FXGL Background Thread 2 ] DEBUG TilesetLoader        - Created buffer with size 1920.0x1088.0
08:27:37.777 [FXGL Background Thread 2 ] DEBUG TMXLevelLoader       - Creating object layer entities
08:27:37.780 [FXGL Background Thread 2 ] DEBUG GameWorld            - Clearing removable entities
08:27:37.780 [FXGL Background Thread 2 ] DEBUG GameWorld            - Setting level: com.almasb.fxgl.entity.level.Level@2daa17bc
08:27:37.797 [FXGL Background Thread 2 ] INFO  FXGLApplication      - Game initialization took: 0.168 sec
08:27:37.799 [JavaFX Application Thread] DEBUG Input                - Clearing active input actions
08:27:37.803 [JavaFX Application Thread] DEBUG GameApplicationServi - Removing overlay from FXGLLoadingScene and adding to GameScene
08:27:37.803 [JavaFX Application Thread] DEBUG PrimaryStageWindow   - FXGLLoadingScene -> GameScene
08:27:41.107 [JavaFX Application Thread] DEBUG PrimaryStageWindow   - Push state: CustomPauseMenu
08:27:41.107 [JavaFX Application Thread] DEBUG Input                - Clearing active input actions
08:27:41.108 [JavaFX Application Thread] DEBUG GameApplicationServi - Removing overlay from GameScene and adding to CustomPauseMenu
08:27:41.108 [JavaFX Application Thread] DEBUG PrimaryStageWindow   - GameScene -> CustomPauseMenu
08:27:42.748 [JavaFX Application Thread] DEBUG Menu                 - fireExitToMainMenu()
08:27:42.749 [JavaFX Application Thread] DEBUG PrimaryStageWindow   - Push state: DialogSubScene
08:27:42.749 [JavaFX Application Thread] DEBUG Input                - Clearing active input actions
08:27:42.750 [JavaFX Application Thread] DEBUG GameApplicationServi - Removing overlay from CustomPauseMenu and adding to DialogSubScene
08:27:42.751 [JavaFX Application Thread] DEBUG PrimaryStageWindow   - CustomPauseMenu -> DialogSubScene
08:27:43.246 [JavaFX Application Thread] DEBUG PrimaryStageWindow   - Pop state: DialogSubScene
08:27:43.246 [JavaFX Application Thread] DEBUG Input                - Clearing active input actions
08:27:43.247 [JavaFX Application Thread] DEBUG GameApplicationServi - Removing overlay from DialogSubScene and adding to CustomPauseMenu
08:27:43.248 [JavaFX Application Thread] DEBUG PrimaryStageWindow   - CustomPauseMenu <- DialogSubScene
08:27:43.248 [JavaFX Application Thread] DEBUG PrimaryStageWindow   - Pop state: CustomPauseMenu
08:27:43.248 [JavaFX Application Thread] DEBUG Input                - Clearing active input actions
08:27:43.248 [JavaFX Application Thread] DEBUG GameApplicationServi - Removing overlay from CustomPauseMenu and adding to GameScene
08:27:43.248 [JavaFX Application Thread] DEBUG PrimaryStageWindow   - GameScene <- CustomPauseMenu
08:27:43.248 [JavaFX Application Thread] DEBUG Input                - Clearing active input actions
08:27:43.255 [JavaFX Application Thread] DEBUG GameApplicationServi - Removing overlay from GameScene and adding to FXGLMainMenuDummyScene
08:27:43.255 [JavaFX Application Thread] DEBUG PrimaryStageWindow   - GameScene -> FXGLMainMenuDummyScene
08:27:43.255 [JavaFX Application Thread] DEBUG PrimaryStageWindow   - Push state: CustomMainMenu
08:27:43.255 [JavaFX Application Thread] DEBUG Input                - Clearing active input actions
08:27:43.257 [JavaFX Application Thread] DEBUG GameApplicationServi - Removing overlay from FXGLMainMenuDummyScene and adding to CustomMainMenu
08:27:43.258 [JavaFX Application Thread] DEBUG PrimaryStageWindow   - FXGLMainMenuDummyScene -> CustomMainMenu
08:27:43.716 [JavaFX Application Thread] DEBUG Menu                 - fireNewGame()
08:27:43.716 [JavaFX Application Thread] DEBUG GameApplicationServi - Starting new game
08:27:43.716 [JavaFX Application Thread] DEBUG PrimaryStageWindow   - Pop state: CustomMainMenu
08:27:43.716 [JavaFX Application Thread] DEBUG Input                - Clearing active input actions
08:27:43.716 [JavaFX Application Thread] DEBUG GameApplicationServi - Removing overlay from CustomMainMenu and adding to FXGLMainMenuDummyScene
08:27:43.716 [JavaFX Application Thread] DEBUG PrimaryStageWindow   - FXGLMainMenuDummyScene <- CustomMainMenu
08:27:43.716 [JavaFX Application Thread] DEBUG Input                - Clearing active input actions
08:27:43.722 [JavaFX Application Thread] DEBUG GameApplicationServi - Removing overlay from FXGLMainMenuDummyScene and adding to FXGLLoadingScene
08:27:43.722 [JavaFX Application Thread] DEBUG PrimaryStageWindow   - FXGLMainMenuDummyScene -> FXGLLoadingScene
08:27:43.722 [JavaFX Application Thread] DEBUG GameApplicationServi - Clearing previous game
08:27:43.722 [JavaFX Application Thread] DEBUG GameScene            - Clearing game scene
08:27:43.722 [JavaFX Application Thread] DEBUG GameWorld            - Clearing game world
08:27:43.723 [JavaFX Application Thread] DEBUG PhysicsWorld         - Clearing physics world
08:27:43.723 [FXGL Background Thread 2 ] DEBUG FXGLApplication      - Initializing game
08:27:43.732 [FXGL Background Thread 2 ] WARN  TMXLevelLoader       - TiledMap generated from 1.11.2. Supported version: 1.2.3. Some features may not be parsed fully.
08:27:43.737 [FXGL Background Thread 2 ] DEBUG TMXLevelLoader       - Parsed TiledMap: file:/C:/Users/zyla/demoGame4OOP/target/classes/assets/levels/tmx/map3.tmx
08:27:43.738 [FXGL Background Thread 2 ] DEBUG TMXLevelLoader       - Creating tile layer entities
08:27:43.738 [FXGL Background Thread 2 ] DEBUG TilesetLoader        - Loading view for layer Tile Layer 1
08:27:43.751 [FXGL Background Thread 2 ] DEBUG TilesetLoader        - Created buffer with size 1920.0x1088.0
08:27:43.887 [FXGL Background Thread 2 ] DEBUG TMXLevelLoader       - Creating object layer entities
08:27:43.898 [FXGL Background Thread 2 ] DEBUG GameWorld            - Clearing removable entities
08:27:43.898 [FXGL Background Thread 2 ] DEBUG GameWorld            - Setting level: com.almasb.fxgl.entity.level.Level@66848569
08:27:43.906 [FXGL Background Thread 2 ] INFO  FXGLApplication      - Game initialization took: 0.183 sec
08:27:43.942 [JavaFX Application Thread] DEBUG Input                - Clearing active input actions
08:27:43.963 [JavaFX Application Thread] DEBUG GameApplicationServi - Removing overlay from FXGLLoadingScene and adding to GameScene
08:27:43.963 [JavaFX Application Thread] DEBUG PrimaryStageWindow   - FXGLLoadingScene -> GameScene
08:27:50.899 [JavaFX Application Thread] DEBUG PrimaryStageWindow   - Push state: CustomPauseMenu
08:27:50.899 [JavaFX Application Thread] DEBUG Input                - Clearing active input actions
08:27:50.900 [JavaFX Application Thread] DEBUG GameApplicationServi - Removing overlay from GameScene and adding to CustomPauseMenu
08:27:50.900 [JavaFX Application Thread] DEBUG PrimaryStageWindow   - GameScene -> CustomPauseMenu
08:27:55.293 [JavaFX Application Thread] DEBUG Menu                 - fireExitToMainMenu()
08:27:55.296 [JavaFX Application Thread] DEBUG PrimaryStageWindow   - Push state: DialogSubScene
08:27:55.296 [JavaFX Application Thread] DEBUG Input                - Clearing active input actions
08:27:55.298 [JavaFX Application Thread] DEBUG GameApplicationServi - Removing overlay from CustomPauseMenu and adding to DialogSubScene
08:27:55.298 [JavaFX Application Thread] DEBUG PrimaryStageWindow   - CustomPauseMenu -> DialogSubScene
08:27:55.952 [JavaFX Application Thread] DEBUG PrimaryStageWindow   - Pop state: DialogSubScene
08:27:55.952 [JavaFX Application Thread] DEBUG Input                - Clearing active input actions
08:27:55.953 [JavaFX Application Thread] DEBUG GameApplicationServi - Removing overlay from DialogSubScene and adding to CustomPauseMenu
08:27:55.953 [JavaFX Application Thread] DEBUG PrimaryStageWindow   - CustomPauseMenu <- DialogSubScene
08:27:55.953 [JavaFX Application Thread] DEBUG PrimaryStageWindow   - Pop state: CustomPauseMenu
08:27:55.953 [JavaFX Application Thread] DEBUG Input                - Clearing active input actions
08:27:55.953 [JavaFX Application Thread] DEBUG GameApplicationServi - Removing overlay from CustomPauseMenu and adding to GameScene
08:27:55.953 [JavaFX Application Thread] DEBUG PrimaryStageWindow   - GameScene <- CustomPauseMenu
08:27:55.953 [JavaFX Application Thread] DEBUG Input                - Clearing active input actions
08:27:55.958 [JavaFX Application Thread] DEBUG GameApplicationServi - Removing overlay from GameScene and adding to FXGLMainMenuDummyScene
08:27:55.958 [JavaFX Application Thread] DEBUG PrimaryStageWindow   - GameScene -> FXGLMainMenuDummyScene
08:27:55.958 [JavaFX Application Thread] DEBUG PrimaryStageWindow   - Push state: CustomMainMenu
08:27:55.958 [JavaFX Application Thread] DEBUG Input                - Clearing active input actions
08:27:55.960 [JavaFX Application Thread] DEBUG GameApplicationServi - Removing overlay from FXGLMainMenuDummyScene and adding to CustomMainMenu
08:27:55.961 [JavaFX Application Thread] DEBUG PrimaryStageWindow   - FXGLMainMenuDummyScene -> CustomMainMenu
08:27:56.448 [JavaFX Application Thread] DEBUG Menu                 - fireNewGame()
08:27:56.448 [JavaFX Application Thread] DEBUG GameApplicationServi - Starting new game
08:27:56.449 [JavaFX Application Thread] DEBUG PrimaryStageWindow   - Pop state: CustomMainMenu
08:27:56.449 [JavaFX Application Thread] DEBUG Input                - Clearing active input actions
08:27:56.449 [JavaFX Application Thread] DEBUG GameApplicationServi - Removing overlay from CustomMainMenu and adding to FXGLMainMenuDummyScene
08:27:56.449 [JavaFX Application Thread] DEBUG PrimaryStageWindow   - FXGLMainMenuDummyScene <- CustomMainMenu
08:27:56.449 [JavaFX Application Thread] DEBUG Input                - Clearing active input actions
08:27:56.453 [JavaFX Application Thread] DEBUG GameApplicationServi - Removing overlay from FXGLMainMenuDummyScene and adding to FXGLLoadingScene
08:27:56.453 [JavaFX Application Thread] DEBUG PrimaryStageWindow   - FXGLMainMenuDummyScene -> FXGLLoadingScene
08:27:56.453 [JavaFX Application Thread] DEBUG GameApplicationServi - Clearing previous game
08:27:56.453 [JavaFX Application Thread] DEBUG GameScene            - Clearing game scene
08:27:56.453 [JavaFX Application Thread] DEBUG GameWorld            - Clearing game world
08:27:56.455 [JavaFX Application Thread] DEBUG PhysicsWorld         - Clearing physics world
08:27:56.455 [FXGL Background Thread 2 ] DEBUG FXGLApplication      - Initializing game
08:27:56.460 [FXGL Background Thread 2 ] WARN  TMXLevelLoader       - TiledMap generated from 1.11.2. Supported version: 1.2.3. Some features may not be parsed fully.
08:27:56.465 [FXGL Background Thread 2 ] DEBUG TMXLevelLoader       - Parsed TiledMap: file:/C:/Users/zyla/demoGame4OOP/target/classes/assets/levels/tmx/map3.tmx
08:27:56.465 [FXGL Background Thread 2 ] DEBUG TMXLevelLoader       - Creating tile layer entities
08:27:56.466 [FXGL Background Thread 2 ] DEBUG TilesetLoader        - Loading view for layer Tile Layer 1
08:27:56.470 [FXGL Background Thread 2 ] DEBUG TilesetLoader        - Created buffer with size 1920.0x1088.0
08:27:56.617 [FXGL Background Thread 2 ] DEBUG TMXLevelLoader       - Creating object layer entities
08:27:56.618 [FXGL Background Thread 2 ] DEBUG GameWorld            - Clearing removable entities
08:27:56.618 [FXGL Background Thread 2 ] DEBUG GameWorld            - Setting level: com.almasb.fxgl.entity.level.Level@a3a9f03
08:27:56.640 [FXGL Background Thread 2 ] INFO  FXGLApplication      - Game initialization took: 0.185 sec
08:27:56.643 [JavaFX Application Thread] DEBUG Input                - Clearing active input actions
08:27:56.647 [JavaFX Application Thread] DEBUG GameApplicationServi - Removing overlay from FXGLLoadingScene and adding to GameScene
08:27:56.647 [JavaFX Application Thread] DEBUG PrimaryStageWindow   - FXGLLoadingScene -> GameScene
08:27:59.795 [JavaFX Application Thread] DEBUG PrimaryStageWindow   - Push state: CustomPauseMenu
08:27:59.795 [JavaFX Application Thread] DEBUG Input                - Clearing active input actions
08:27:59.797 [JavaFX Application Thread] DEBUG GameApplicationServi - Removing overlay from GameScene and adding to CustomPauseMenu
08:27:59.797 [JavaFX Application Thread] DEBUG PrimaryStageWindow   - GameScene -> CustomPauseMenu
08:28:00.465 [JavaFX Application Thread] DEBUG Menu                 - fireExitToMainMenu()
08:28:00.467 [JavaFX Application Thread] DEBUG PrimaryStageWindow   - Push state: DialogSubScene
08:28:00.467 [JavaFX Application Thread] DEBUG Input                - Clearing active input actions
08:28:00.467 [JavaFX Application Thread] DEBUG GameApplicationServi - Removing overlay from CustomPauseMenu and adding to DialogSubScene
08:28:00.468 [JavaFX Application Thread] DEBUG PrimaryStageWindow   - CustomPauseMenu -> DialogSubScene
08:28:01.057 [JavaFX Application Thread] DEBUG PrimaryStageWindow   - Pop state: DialogSubScene
08:28:01.057 [JavaFX Application Thread] DEBUG Input                - Clearing active input actions
08:28:01.057 [JavaFX Application Thread] DEBUG GameApplicationServi - Removing overlay from DialogSubScene and adding to CustomPauseMenu
08:28:01.057 [JavaFX Application Thread] DEBUG PrimaryStageWindow   - CustomPauseMenu <- DialogSubScene
08:28:01.057 [JavaFX Application Thread] DEBUG PrimaryStageWindow   - Pop state: CustomPauseMenu
08:28:01.057 [JavaFX Application Thread] DEBUG Input                - Clearing active input actions
08:28:01.058 [JavaFX Application Thread] DEBUG GameApplicationServi - Removing overlay from CustomPauseMenu and adding to GameScene
08:28:01.058 [JavaFX Application Thread] DEBUG PrimaryStageWindow   - GameScene <- CustomPauseMenu
08:28:01.058 [JavaFX Application Thread] DEBUG Input                - Clearing active input actions
08:28:01.063 [JavaFX Application Thread] DEBUG GameApplicationServi - Removing overlay from GameScene and adding to FXGLMainMenuDummyScene
08:28:01.065 [JavaFX Application Thread] DEBUG PrimaryStageWindow   - GameScene -> FXGLMainMenuDummyScene
08:28:01.065 [JavaFX Application Thread] DEBUG PrimaryStageWindow   - Push state: CustomMainMenu
08:28:01.065 [JavaFX Application Thread] DEBUG Input                - Clearing active input actions
08:28:01.067 [JavaFX Application Thread] DEBUG GameApplicationServi - Removing overlay from FXGLMainMenuDummyScene and adding to CustomMainMenu
08:28:01.067 [JavaFX Application Thread] DEBUG PrimaryStageWindow   - FXGLMainMenuDummyScene -> CustomMainMenu
08:28:01.512 [JavaFX Application Thread] DEBUG Menu                 - fireNewGame()
08:28:01.512 [JavaFX Application Thread] DEBUG GameApplicationServi - Starting new game
08:28:01.512 [JavaFX Application Thread] DEBUG PrimaryStageWindow   - Pop state: CustomMainMenu
08:28:01.512 [JavaFX Application Thread] DEBUG Input                - Clearing active input actions
08:28:01.512 [JavaFX Application Thread] DEBUG GameApplicationServi - Removing overlay from CustomMainMenu and adding to FXGLMainMenuDummyScene
08:28:01.512 [JavaFX Application Thread] DEBUG PrimaryStageWindow   - FXGLMainMenuDummyScene <- CustomMainMenu
08:28:01.512 [JavaFX Application Thread] DEBUG Input                - Clearing active input actions
08:28:01.519 [JavaFX Application Thread] DEBUG GameApplicationServi - Removing overlay from FXGLMainMenuDummyScene and adding to FXGLLoadingScene
08:28:01.519 [JavaFX Application Thread] DEBUG PrimaryStageWindow   - FXGLMainMenuDummyScene -> FXGLLoadingScene
08:28:01.520 [JavaFX Application Thread] DEBUG GameApplicationServi - Clearing previous game
08:28:01.520 [JavaFX Application Thread] DEBUG GameScene            - Clearing game scene
08:28:01.520 [JavaFX Application Thread] DEBUG GameWorld            - Clearing game world
08:28:01.520 [JavaFX Application Thread] DEBUG PhysicsWorld         - Clearing physics world
08:28:01.523 [FXGL Background Thread 2 ] DEBUG FXGLApplication      - Initializing game
08:28:01.549 [FXGL Background Thread 2 ] WARN  TMXLevelLoader       - TiledMap generated from 1.11.2. Supported version: 1.2.3. Some features may not be parsed fully.
08:28:01.556 [FXGL Background Thread 2 ] DEBUG TMXLevelLoader       - Parsed TiledMap: file:/C:/Users/zyla/demoGame4OOP/target/classes/assets/levels/tmx/map5.tmx
08:28:01.556 [FXGL Background Thread 2 ] DEBUG TMXLevelLoader       - Creating tile layer entities
08:28:01.557 [FXGL Background Thread 2 ] DEBUG TilesetLoader        - Loading view for layer Tile Layer 1
08:28:01.567 [FXGL Background Thread 2 ] DEBUG TilesetLoader        - Created buffer with size 1920.0x1088.0
08:28:01.686 [FXGL Background Thread 2 ] DEBUG TMXLevelLoader       - Creating object layer entities
08:28:01.687 [FXGL Background Thread 2 ] DEBUG GameWorld            - Clearing removable entities
08:28:01.687 [FXGL Background Thread 2 ] DEBUG GameWorld            - Setting level: com.almasb.fxgl.entity.level.Level@76d4ce38
08:28:01.696 [FXGL Background Thread 2 ] INFO  FXGLApplication      - Game initialization took: 0.172 sec
08:28:01.697 [JavaFX Application Thread] DEBUG Input                - Clearing active input actions
08:28:01.702 [JavaFX Application Thread] DEBUG GameApplicationServi - Removing overlay from FXGLLoadingScene and adding to GameScene
08:28:01.702 [JavaFX Application Thread] DEBUG PrimaryStageWindow   - FXGLLoadingScene -> GameScene
08:28:12.547 [JavaFX Application Thread] DEBUG PrimaryStageWindow   - Push state: CustomPauseMenu
08:28:12.547 [JavaFX Application Thread] DEBUG Input                - Clearing active input actions
08:28:12.548 [JavaFX Application Thread] DEBUG GameApplicationServi - Removing overlay from GameScene and adding to CustomPauseMenu
08:28:12.548 [JavaFX Application Thread] DEBUG PrimaryStageWindow   - GameScene -> CustomPauseMenu
08:28:14.809 [JavaFX Application Thread] DEBUG Menu                 - fireExitToMainMenu()
08:28:14.811 [JavaFX Application Thread] DEBUG PrimaryStageWindow   - Push state: DialogSubScene
08:28:14.811 [JavaFX Application Thread] DEBUG Input                - Clearing active input actions
08:28:14.813 [JavaFX Application Thread] DEBUG GameApplicationServi - Removing overlay from CustomPauseMenu and adding to DialogSubScene
08:28:14.813 [JavaFX Application Thread] DEBUG PrimaryStageWindow   - CustomPauseMenu -> DialogSubScene
08:28:15.444 [JavaFX Application Thread] DEBUG PrimaryStageWindow   - Pop state: DialogSubScene
08:28:15.445 [JavaFX Application Thread] DEBUG Input                - Clearing active input actions
08:28:15.445 [JavaFX Application Thread] DEBUG GameApplicationServi - Removing overlay from DialogSubScene and adding to CustomPauseMenu
08:28:15.445 [JavaFX Application Thread] DEBUG PrimaryStageWindow   - CustomPauseMenu <- DialogSubScene
08:28:15.445 [JavaFX Application Thread] DEBUG PrimaryStageWindow   - Pop state: CustomPauseMenu
08:28:15.445 [JavaFX Application Thread] DEBUG Input                - Clearing active input actions
08:28:15.446 [JavaFX Application Thread] DEBUG GameApplicationServi - Removing overlay from CustomPauseMenu and adding to GameScene
08:28:15.446 [JavaFX Application Thread] DEBUG PrimaryStageWindow   - GameScene <- CustomPauseMenu
08:28:15.446 [JavaFX Application Thread] DEBUG Input                - Clearing active input actions
08:28:15.450 [JavaFX Application Thread] DEBUG GameApplicationServi - Removing overlay from GameScene and adding to FXGLMainMenuDummyScene
08:28:15.450 [JavaFX Application Thread] DEBUG PrimaryStageWindow   - GameScene -> FXGLMainMenuDummyScene
08:28:15.450 [JavaFX Application Thread] DEBUG PrimaryStageWindow   - Push state: CustomMainMenu
08:28:15.450 [JavaFX Application Thread] DEBUG Input                - Clearing active input actions
08:28:15.451 [JavaFX Application Thread] DEBUG GameApplicationServi - Removing overlay from FXGLMainMenuDummyScene and adding to CustomMainMenu
08:28:15.451 [JavaFX Application Thread] DEBUG PrimaryStageWindow   - FXGLMainMenuDummyScene -> CustomMainMenu
08:28:15.907 [JavaFX Application Thread] DEBUG Menu                 - fireNewGame()
08:28:15.907 [JavaFX Application Thread] DEBUG GameApplicationServi - Starting new game
08:28:15.907 [JavaFX Application Thread] DEBUG PrimaryStageWindow   - Pop state: CustomMainMenu
08:28:15.907 [JavaFX Application Thread] DEBUG Input                - Clearing active input actions
08:28:15.907 [JavaFX Application Thread] DEBUG GameApplicationServi - Removing overlay from CustomMainMenu and adding to FXGLMainMenuDummyScene
08:28:15.907 [JavaFX Application Thread] DEBUG PrimaryStageWindow   - FXGLMainMenuDummyScene <- CustomMainMenu
08:28:15.907 [JavaFX Application Thread] DEBUG Input                - Clearing active input actions
08:28:15.911 [JavaFX Application Thread] DEBUG GameApplicationServi - Removing overlay from FXGLMainMenuDummyScene and adding to FXGLLoadingScene
08:28:15.911 [JavaFX Application Thread] DEBUG PrimaryStageWindow   - FXGLMainMenuDummyScene -> FXGLLoadingScene
08:28:15.911 [JavaFX Application Thread] DEBUG GameApplicationServi - Clearing previous game
08:28:15.911 [JavaFX Application Thread] DEBUG GameScene            - Clearing game scene
08:28:15.911 [JavaFX Application Thread] DEBUG GameWorld            - Clearing game world
08:28:15.911 [JavaFX Application Thread] DEBUG PhysicsWorld         - Clearing physics world
08:28:15.912 [FXGL Background Thread 2 ] DEBUG FXGLApplication      - Initializing game
08:28:15.915 [FXGL Background Thread 2 ] WARN  TMXLevelLoader       - TiledMap generated from 1.11.2. Supported version: 1.2.3. Some features may not be parsed fully.
08:28:15.919 [FXGL Background Thread 2 ] DEBUG TMXLevelLoader       - Parsed TiledMap: file:/C:/Users/zyla/demoGame4OOP/target/classes/assets/levels/tmx/map5.tmx
08:28:15.919 [FXGL Background Thread 2 ] DEBUG TMXLevelLoader       - Creating tile layer entities
08:28:15.919 [FXGL Background Thread 2 ] DEBUG TilesetLoader        - Loading view for layer Tile Layer 1
08:28:15.936 [FXGL Background Thread 2 ] DEBUG TilesetLoader        - Created buffer with size 1920.0x1088.0
08:28:16.041 [FXGL Background Thread 2 ] DEBUG TMXLevelLoader       - Creating object layer entities
08:28:16.045 [FXGL Background Thread 2 ] DEBUG GameWorld            - Clearing removable entities
08:28:16.045 [FXGL Background Thread 2 ] DEBUG GameWorld            - Setting level: com.almasb.fxgl.entity.level.Level@e5faa5a
08:28:16.066 [FXGL Background Thread 2 ] INFO  FXGLApplication      - Game initialization took: 0.153 sec
08:28:16.068 [JavaFX Application Thread] DEBUG Input                - Clearing active input actions
08:28:16.072 [JavaFX Application Thread] DEBUG GameApplicationServi - Removing overlay from FXGLLoadingScene and adding to GameScene
08:28:16.072 [JavaFX Application Thread] DEBUG PrimaryStageWindow   - FXGLLoadingScene -> GameScene
08:28:25.875 [JavaFX Application Thread] DEBUG PrimaryStageWindow   - Push state: CustomPauseMenu
08:28:25.875 [JavaFX Application Thread] DEBUG Input                - Clearing active input actions
08:28:25.876 [JavaFX Application Thread] DEBUG GameApplicationServi - Removing overlay from GameScene and adding to CustomPauseMenu
08:28:25.876 [JavaFX Application Thread] DEBUG PrimaryStageWindow   - GameScene -> CustomPauseMenu
08:28:27.107 [JavaFX Application Thread] DEBUG Menu                 - fireExitToMainMenu()
08:28:27.108 [JavaFX Application Thread] DEBUG PrimaryStageWindow   - Push state: DialogSubScene
08:28:27.108 [JavaFX Application Thread] DEBUG Input                - Clearing active input actions
08:28:27.109 [JavaFX Application Thread] DEBUG GameApplicationServi - Removing overlay from CustomPauseMenu and adding to DialogSubScene
08:28:27.109 [JavaFX Application Thread] DEBUG PrimaryStageWindow   - CustomPauseMenu -> DialogSubScene
08:28:27.651 [JavaFX Application Thread] DEBUG PrimaryStageWindow   - Pop state: DialogSubScene
08:28:27.651 [JavaFX Application Thread] DEBUG Input                - Clearing active input actions
08:28:27.651 [JavaFX Application Thread] DEBUG GameApplicationServi - Removing overlay from DialogSubScene and adding to CustomPauseMenu
08:28:27.652 [JavaFX Application Thread] DEBUG PrimaryStageWindow   - CustomPauseMenu <- DialogSubScene
08:28:27.652 [JavaFX Application Thread] DEBUG PrimaryStageWindow   - Pop state: CustomPauseMenu
08:28:27.652 [JavaFX Application Thread] DEBUG Input                - Clearing active input actions
08:28:27.652 [JavaFX Application Thread] DEBUG GameApplicationServi - Removing overlay from CustomPauseMenu and adding to GameScene
08:28:27.652 [JavaFX Application Thread] DEBUG PrimaryStageWindow   - GameScene <- CustomPauseMenu
08:28:27.652 [JavaFX Application Thread] DEBUG Input                - Clearing active input actions
08:28:27.655 [JavaFX Application Thread] DEBUG GameApplicationServi - Removing overlay from GameScene and adding to FXGLMainMenuDummyScene
08:28:27.655 [JavaFX Application Thread] DEBUG PrimaryStageWindow   - GameScene -> FXGLMainMenuDummyScene
08:28:27.655 [JavaFX Application Thread] DEBUG PrimaryStageWindow   - Push state: CustomMainMenu
08:28:27.656 [JavaFX Application Thread] DEBUG Input                - Clearing active input actions
08:28:27.656 [JavaFX Application Thread] DEBUG GameApplicationServi - Removing overlay from FXGLMainMenuDummyScene and adding to CustomMainMenu
08:28:27.656 [JavaFX Application Thread] DEBUG PrimaryStageWindow   - FXGLMainMenuDummyScene -> CustomMainMenu
08:28:28.059 [JavaFX Application Thread] DEBUG Menu                 - fireNewGame()
08:28:28.059 [JavaFX Application Thread] DEBUG GameApplicationServi - Starting new game
08:28:28.059 [JavaFX Application Thread] DEBUG PrimaryStageWindow   - Pop state: CustomMainMenu
08:28:28.059 [JavaFX Application Thread] DEBUG Input                - Clearing active input actions
08:28:28.059 [JavaFX Application Thread] DEBUG GameApplicationServi - Removing overlay from CustomMainMenu and adding to FXGLMainMenuDummyScene
08:28:28.059 [JavaFX Application Thread] DEBUG PrimaryStageWindow   - FXGLMainMenuDummyScene <- CustomMainMenu
08:28:28.060 [JavaFX Application Thread] DEBUG Input                - Clearing active input actions
08:28:28.065 [JavaFX Application Thread] DEBUG GameApplicationServi - Removing overlay from FXGLMainMenuDummyScene and adding to FXGLLoadingScene
08:28:28.065 [JavaFX Application Thread] DEBUG PrimaryStageWindow   - FXGLMainMenuDummyScene -> FXGLLoadingScene
08:28:28.065 [JavaFX Application Thread] DEBUG GameApplicationServi - Clearing previous game
08:28:28.065 [JavaFX Application Thread] DEBUG GameScene            - Clearing game scene
08:28:28.065 [JavaFX Application Thread] DEBUG GameWorld            - Clearing game world
08:28:28.066 [JavaFX Application Thread] DEBUG PhysicsWorld         - Clearing physics world
08:28:28.066 [FXGL Background Thread 2 ] DEBUG FXGLApplication      - Initializing game
08:28:28.111 [FXGL Background Thread 2 ] WARN  TMXLevelLoader       - TiledMap generated from 1.11.2. Supported version: 1.2.3. Some features may not be parsed fully.
08:28:28.117 [FXGL Background Thread 2 ] DEBUG TMXLevelLoader       - Parsed TiledMap: file:/C:/Users/zyla/demoGame4OOP/target/classes/assets/levels/tmx/map6.tmx
08:28:28.117 [FXGL Background Thread 2 ] DEBUG TMXLevelLoader       - Creating tile layer entities
08:28:28.118 [FXGL Background Thread 2 ] DEBUG TilesetLoader        - Loading view for layer Tile Layer 1
08:28:28.140 [FXGL Background Thread 2 ] DEBUG TilesetLoader        - Created buffer with size 1920.0x1088.0
08:28:28.272 [FXGL Background Thread 2 ] DEBUG TMXLevelLoader       - Creating object layer entities
08:28:28.273 [FXGL Background Thread 2 ] DEBUG GameWorld            - Clearing removable entities
08:28:28.273 [FXGL Background Thread 2 ] DEBUG GameWorld            - Setting level: com.almasb.fxgl.entity.level.Level@70c31a13
08:28:28.281 [FXGL Background Thread 2 ] INFO  FXGLApplication      - Game initialization took: 0.215 sec
08:28:28.293 [JavaFX Application Thread] DEBUG Input                - Clearing active input actions
08:28:28.298 [JavaFX Application Thread] DEBUG GameApplicationServi - Removing overlay from FXGLLoadingScene and adding to GameScene
08:28:28.298 [JavaFX Application Thread] DEBUG PrimaryStageWindow   - FXGLLoadingScene -> GameScene
08:28:34.581 [JavaFX Application Thread] DEBUG PrimaryStageWindow   - Push state: CustomPauseMenu
08:28:34.581 [JavaFX Application Thread] DEBUG Input                - Clearing active input actions
08:28:34.582 [JavaFX Application Thread] DEBUG GameApplicationServi - Removing overlay from GameScene and adding to CustomPauseMenu
08:28:34.582 [JavaFX Application Thread] DEBUG PrimaryStageWindow   - GameScene -> CustomPauseMenu
08:28:35.472 [JavaFX Application Thread] DEBUG Menu                 - fireExitToMainMenu()
08:28:35.472 [JavaFX Application Thread] DEBUG PrimaryStageWindow   - Push state: DialogSubScene
08:28:35.473 [JavaFX Application Thread] DEBUG Input                - Clearing active input actions
08:28:35.473 [JavaFX Application Thread] DEBUG GameApplicationServi - Removing overlay from CustomPauseMenu and adding to DialogSubScene
08:28:35.473 [JavaFX Application Thread] DEBUG PrimaryStageWindow   - CustomPauseMenu -> DialogSubScene
08:28:36.079 [JavaFX Application Thread] DEBUG PrimaryStageWindow   - Pop state: DialogSubScene
08:28:36.079 [JavaFX Application Thread] DEBUG Input                - Clearing active input actions
08:28:36.079 [JavaFX Application Thread] DEBUG GameApplicationServi - Removing overlay from DialogSubScene and adding to CustomPauseMenu
08:28:36.079 [JavaFX Application Thread] DEBUG PrimaryStageWindow   - CustomPauseMenu <- DialogSubScene
08:28:36.079 [JavaFX Application Thread] DEBUG PrimaryStageWindow   - Pop state: CustomPauseMenu
08:28:36.079 [JavaFX Application Thread] DEBUG Input                - Clearing active input actions
08:28:36.079 [JavaFX Application Thread] DEBUG GameApplicationServi - Removing overlay from CustomPauseMenu and adding to GameScene
08:28:36.080 [JavaFX Application Thread] DEBUG PrimaryStageWindow   - GameScene <- CustomPauseMenu
08:28:36.080 [JavaFX Application Thread] DEBUG Input                - Clearing active input actions
08:28:36.083 [JavaFX Application Thread] DEBUG GameApplicationServi - Removing overlay from GameScene and adding to FXGLMainMenuDummyScene
08:28:36.083 [JavaFX Application Thread] DEBUG PrimaryStageWindow   - GameScene -> FXGLMainMenuDummyScene
08:28:36.083 [JavaFX Application Thread] DEBUG PrimaryStageWindow   - Push state: CustomMainMenu
08:28:36.083 [JavaFX Application Thread] DEBUG Input                - Clearing active input actions
08:28:36.085 [JavaFX Application Thread] DEBUG GameApplicationServi - Removing overlay from FXGLMainMenuDummyScene and adding to CustomMainMenu
08:28:36.085 [JavaFX Application Thread] DEBUG PrimaryStageWindow   - FXGLMainMenuDummyScene -> CustomMainMenu
08:28:36.857 [JavaFX Application Thread] DEBUG PrimaryStageWindow   - Push state: DialogSubScene
08:28:36.857 [JavaFX Application Thread] DEBUG Input                - Clearing active input actions
08:28:36.858 [JavaFX Application Thread] DEBUG GameApplicationServi - Removing overlay from CustomMainMenu and adding to DialogSubScene
08:28:36.858 [JavaFX Application Thread] DEBUG PrimaryStageWindow   - CustomMainMenu -> DialogSubScene
08:28:37.807 [JavaFX Application Thread] DEBUG PrimaryStageWindow   - Pop state: DialogSubScene
08:28:37.807 [JavaFX Application Thread] DEBUG Input                - Clearing active input actions
08:28:37.808 [JavaFX Application Thread] DEBUG GameApplicationServi - Removing overlay from DialogSubScene and adding to CustomMainMenu
08:28:37.808 [JavaFX Application Thread] DEBUG PrimaryStageWindow   - CustomMainMenu <- DialogSubScene
08:28:37.808 [JavaFX Application Thread] DEBUG FXGLApplication      - Exiting FXGL
08:28:37.808 [JavaFX Application Thread] DEBUG LoopRunner           - Stopping loop
08:28:37.808 [JavaFX Application Thread] DEBUG SystemBundleService  - Saving FXGL system data
08:28:37.809 [JavaFX Application Thread] DEBUG FileSystemAccess     - Writing to: C:\Users\zyla\demoGame4OOP\system\fxgl.bundle
08:28:37.810 [JavaFX Application Thread] DEBUG Async                - Shutting down background threads
08:28:37.810 [JavaFX Application Thread] DEBUG PrimaryStageWindow   - Closing main window
08:28:37.838 [JavaFX Application Thread] DEBUG Logger               - Closing Logger
