19:11:28.574 [main                     ] DEBUG Logger               - Configured Logger
19:11:28.576 [main                     ] DEBUG GameApplication      - Logging settings
Title: Stictactics
Version: 0.0
Width: 1920
Height: 1080
Fullscreen: false
Intro: false
Profiling: false
Single step:false
App Mode: DEVELOPER
Menu Key: ESCAPE
Stage Style: DECORATED
Scene Factory: class com.example.demo.MySceneFactory

19:11:29.032 [JavaFX Application Thread] DEBUG FXGLApplication      - Initializing FXGL
19:11:29.034 [JavaFX Application Thread] INFO  Engine               - FXGL-11.17 (16.07.2021 15.46) on WINDOWS (J:23.0.2 FX:17.0.6)
19:11:29.034 [JavaFX Application Thread] DEBUG Engine               - JRE Vendor Name: Amazon.com Inc.
19:11:29.035 [JavaFX Application Thread] DEBUG Engine               - Running on OS: Windows 11 version 10.0
19:11:29.035 [JavaFX Application Thread] DEBUG Engine               - Architecture: amd64
19:11:29.035 [JavaFX Application Thread] INFO  Engine               - Source code and latest versions at: https://github.com/AlmasB/FXGL
19:11:29.035 [JavaFX Application Thread] INFO  Engine               -              Join the FXGL chat at: https://gitter.im/AlmasB/FXGL
19:11:29.165 [JavaFX Application Thread] DEBUG PrimaryStageWindow   - Creating a JavaFX scene
19:11:29.165 [JavaFX Application Thread] DEBUG PrimaryStageWindow   - Target size > screen size
19:11:29.232 [JavaFX Application Thread] DEBUG PrimaryStageWindow   - Target settings size: 1920.0 x 1080.0
19:11:29.232 [JavaFX Application Thread] DEBUG PrimaryStageWindow   - Scaled scene size:    1255.0 x 720.0
19:11:29.232 [JavaFX Application Thread] DEBUG PrimaryStageWindow   - Scaled ratio: (0.6536458333333334, 0.6666666666666666)
19:11:29.233 [JavaFX Application Thread] DEBUG PrimaryStageWindow   - Set initial scene to FXGLStartupScene
19:11:29.243 [JavaFX Application Thread] DEBUG PrimaryStageWindow   - Opening main window
19:11:29.364 [JavaFX Application Thread] DEBUG PrimaryStageWindow   - Window border size: (16.0, 39.0)
19:11:29.364 [JavaFX Application Thread] DEBUG PrimaryStageWindow   - Scaled size: 1255.0 x 720.0
19:11:29.365 [JavaFX Application Thread] DEBUG PrimaryStageWindow   - Scaled ratio: (0.6536458333333334, 0.6666666666666666)
19:11:29.365 [JavaFX Application Thread] DEBUG PrimaryStageWindow   - Scene size: 1255.0 x 720.0
19:11:29.365 [JavaFX Application Thread] DEBUG PrimaryStageWindow   - Stage size: 1271.0 x 759.0
19:11:29.378 [FXGL Background Thread 1 ] DEBUG Engine               - Initializing environment variables
19:11:29.552 [FXGL Background Thread 1 ] DEBUG FXGLAssetLoaderServi - User app class for loading assets: class com.example.demo.HelloApplication
19:11:29.552 [FXGL Background Thread 1 ] DEBUG GameApplicationServi - Applying CSS: fxgl_dark.css
19:11:29.553 [FXGL Background Thread 1 ] DEBUG FXGLAssetLoaderServi - Loading from file system: jar:file:///C:/Users/zyla/.m2/repository/com/github/almasb/fxgl/11.17/fxgl-11.17.jar!/fxglassets/ui/css/fxgl_dark.css
19:11:29.627 [FXGL Background Thread 1 ] DEBUG GameApplicationServi - Initializing application scenes
19:11:29.770 [FXGL Background Thread 1 ] DEBUG GameWorld            - Game world initialized
19:11:29.861 [FXGL Background Thread 1 ] DEBUG PhysicsWorld         - Physics world initialized: appHeight=1080, physics.ppm=50.0
19:11:29.862 [FXGL Background Thread 1 ] DEBUG PhysicsWorld         - Using strategy: BRUTE_FORCE
19:11:29.868 [FXGL Background Thread 1 ] DEBUG GameScene            - Game scene initialized: 1920x1080
19:11:30.054 [FXGL Background Thread 1 ] DEBUG GameApplicationServi - Application scenes initialized
19:11:30.075 [FXGL Background Thread 1 ] DEBUG SystemBundleService  - Loading FXGL system data
19:11:30.084 [FXGL Background Thread 1 ] DEBUG FileSystemAccess     - Reading from: C:\Users\zyla\demoGame4OOP\system\fxgl.bundle
19:11:30.098 [FXGL Background Thread 1 ] DEBUG SystemBundleService  - Bundle FXGL: {}
19:11:30.098 [FXGL Background Thread 1 ] DEBUG UpdaterService       - Checking for updates
19:11:30.106 [FXGL Background Thread 1 ] DEBUG FXGLApplication      - Loading default localization
19:11:30.107 [FXGL Background Thread 1 ] DEBUG FXGLAssetLoaderServi - Loading from file system: jar:file:///C:/Users/zyla/.m2/repository/com/github/almasb/fxgl/11.17/fxgl-11.17.jar!/fxglassets/languages/english.lang
19:11:30.120 [FXGL Background Thread 4 ] DEBUG FXGLApplication      - Loading fonts
19:11:30.120 [FXGL Background Thread 4 ] DEBUG FXGLAssetLoaderServi - Loading from file system: jar:file:///C:/Users/zyla/.m2/repository/com/github/almasb/fxgl/11.17/fxgl-11.17.jar!/fxglassets/ui/fonts/VarelaRound-Regular.ttf
19:11:30.139 [FXGL Background Thread 1 ] INFO  FXGLApplication      - FXGL initialization took: 0.762 sec
19:11:30.171 [JavaFX Application Thread] DEBUG Input                - Registered new binding: P1Left - A
19:11:30.171 [JavaFX Application Thread] DEBUG Input                - Registered new binding: P1Right - D
19:11:30.171 [JavaFX Application Thread] DEBUG Input                - Registered new binding: P1Jump - W
19:11:30.172 [JavaFX Application Thread] DEBUG Input                - Registered new binding: P1Punch - F
19:11:30.172 [JavaFX Application Thread] DEBUG Input                - Registered new binding: P1EnhancedPunch - E
19:11:30.172 [JavaFX Application Thread] DEBUG Input                - Registered new binding: P1Ult - Q
19:11:30.172 [JavaFX Application Thread] DEBUG Input                - Registered new binding: P2Left - J
19:11:30.172 [JavaFX Application Thread] DEBUG Input                - Registered new binding: P2Right - L
19:11:30.173 [JavaFX Application Thread] DEBUG Input                - Registered new binding: P2Jump - I
19:11:30.173 [JavaFX Application Thread] DEBUG Input                - Registered new binding: P2Punch - H
19:11:30.173 [JavaFX Application Thread] DEBUG Input                - Registered new binding: P2EnhancedPunch - U
19:11:30.173 [JavaFX Application Thread] DEBUG Input                - Registered new binding: P2Ult - O
19:11:30.179 [JavaFX Application Thread] WARN  FXGLAssetLoaderServi - Asset "/assets/textures//assets/textures/background-intro.mp4" was not found!
19:11:30.180 [JavaFX Application Thread] WARN  FXGLAssetLoaderServi - Failed to load IMAGE
19:11:30.216 [JavaFX Application Thread] DEBUG FXGLAssetLoaderServi - Loading from file system: jar:file:///C:/Users/zyla/.m2/repository/com/github/almasb/fxgl/11.17/fxgl-11.17.jar!/fxglassets/textures/fxgl_icon.png
19:11:30.312 [JavaFX Application Thread] DEBUG FXGLAssetLoaderServi - Loading from file system: jar:file:///C:/Users/zyla/.m2/repository/com/github/almasb/fxgl/11.17/fxgl-11.17.jar!/fxglassets/textures/fxgl_default_cursor.png
19:11:30.327 [JavaFX Application Thread] DEBUG Input                - Registered new binding: Screenshot - CTRL+8
19:11:30.330 [JavaFX Application Thread] DEBUG Input                - Registered new binding: System info dump - CTRL+9
19:11:30.331 [JavaFX Application Thread] DEBUG Input                - Registered new binding: Restart - CTRL+R
19:11:30.334 [JavaFX Application Thread] DEBUG Input                - Registered new binding: Toggle Debug Camera - CTRL+C
19:11:30.337 [JavaFX Application Thread] DEBUG LoopRunner           - Starting loop
19:11:30.337 [JavaFX Application Thread] DEBUG LoopRunner           - Initializing JavaFX AnimationTimerLoop
19:11:30.341 [JavaFX Application Thread] DEBUG Input                - Clearing active input actions
19:11:30.392 [JavaFX Application Thread] DEBUG GameApplicationServi - Removing overlay from FXGLStartupScene and adding to FXGLMainMenuDummyScene
19:11:30.392 [JavaFX Application Thread] DEBUG PrimaryStageWindow   - FXGLStartupScene -> FXGLMainMenuDummyScene
19:11:30.393 [JavaFX Application Thread] DEBUG PrimaryStageWindow   - Push state: CustomMainMenu
19:11:30.393 [JavaFX Application Thread] DEBUG Input                - Clearing active input actions
19:11:30.417 [JavaFX Application Thread] DEBUG GameApplicationServi - Removing overlay from FXGLMainMenuDummyScene and adding to CustomMainMenu
19:11:30.418 [JavaFX Application Thread] DEBUG PrimaryStageWindow   - FXGLMainMenuDummyScene -> CustomMainMenu
19:11:30.703 [JavaFX Application Thread] DEBUG LoopRunner           - Pausing loop
19:11:30.977 [FXGL Background Thread 4 ] DEBUG FXGLAssetLoaderServi - Loading from file system: jar:file:///C:/Users/zyla/.m2/repository/com/github/almasb/fxgl/11.17/fxgl-11.17.jar!/fxglassets/ui/fonts/Abel-Regular.ttf
19:11:31.001 [FXGL Background Thread 4 ] DEBUG FXGLAssetLoaderServi - Loading from file system: jar:file:///C:/Users/zyla/.m2/repository/com/github/almasb/fxgl/11.17/fxgl-11.17.jar!/fxglassets/ui/fonts/lucida_console.ttf
19:11:31.032 [FXGL Background Thread 4 ] DEBUG FXGLAssetLoaderServi - Loading from file system: jar:file:///C:/Users/zyla/.m2/repository/com/github/almasb/fxgl/11.17/fxgl-11.17.jar!/fxglassets/ui/fonts/Courier-Prime.ttf
19:11:31.093 [JavaFX Application Thread] DEBUG FXGLApplication      - Registering font factories with UI factory
19:11:31.824 [FXGL Background Thread 2 ] INFO  UpdaterService       - Your current version:  11.17
19:11:31.824 [FXGL Background Thread 2 ] INFO  UpdaterService       - Latest stable version: 21.1
19:11:33.105 [FXGL Background Thread 3 ] DEBUG Engine               - Logging environment variables
19:11:33.105 [FXGL Background Thread 3 ] DEBUG Engine               - achievements: []
19:11:33.105 [FXGL Background Thread 3 ] DEBUG Engine               - actualHeight: 720.0
19:11:33.105 [FXGL Background Thread 3 ] DEBUG Engine               - actualHeightProperty: ReadOnlyDoubleProperty [value: 720.0]
19:11:33.106 [FXGL Background Thread 3 ] DEBUG Engine               - actualWidth: 1255.0
19:11:33.106 [FXGL Background Thread 3 ] DEBUG Engine               - actualWidthProperty: ReadOnlyDoubleProperty [value: 1255.0]
19:11:33.106 [FXGL Background Thread 3 ] DEBUG Engine               - appIcon: fxgl_icon.png
19:11:33.106 [FXGL Background Thread 3 ] DEBUG Engine               - applicationMode: DEVELOPER
19:11:33.106 [FXGL Background Thread 3 ] DEBUG Engine               - cSSList: [fxgl_dark.css]
19:11:33.106 [FXGL Background Thread 3 ] DEBUG Engine               - collisionDetectionStrategy: BRUTE_FORCE
19:11:33.106 [FXGL Background Thread 3 ] DEBUG Engine               - configClass: Optional.empty
19:11:33.106 [FXGL Background Thread 3 ] DEBUG Engine               - credits: []
19:11:33.106 [FXGL Background Thread 3 ] DEBUG Engine               - defaultCursor: CursorInfo(imageName=fxgl_default_cursor.png, hotspotX=7.0, hotspotY=6.0)
19:11:33.107 [FXGL Background Thread 3 ] DEBUG Engine               - devBBoxColorProperty: ObjectProperty [value: 0xff0000ff]
19:11:33.107 [FXGL Background Thread 3 ] DEBUG Engine               - devEnableDebugCameraProperty: BooleanProperty [value: false]
19:11:33.107 [FXGL Background Thread 3 ] DEBUG Engine               - devSensorColorProperty: ObjectProperty [value: 0xffff00ff]
19:11:33.107 [FXGL Background Thread 3 ] DEBUG Engine               - devShowBBoxProperty: BooleanProperty [value: false]
19:11:33.107 [FXGL Background Thread 3 ] DEBUG Engine               - devShowPositionProperty: BooleanProperty [value: false]
19:11:33.107 [FXGL Background Thread 3 ] DEBUG Engine               - enabledMenuItems: []
19:11:33.108 [FXGL Background Thread 3 ] DEBUG Engine               - engineServices: [class com.almasb.fxgl.app.services.FXGLAssetLoaderService, class com.almasb.fxgl.app.FXGLApplication$GameApplicationService, class com.almasb.fxgl.app.services.FXGLDialogService, class com.almasb.fxgl.app.services.IOTaskExecutorService, class com.almasb.fxgl.io.FileSystemService, class com.almasb.fxgl.localization.LocalizationService, class com.almasb.fxgl.app.services.SystemBundleService, class com.almasb.fxgl.profile.SaveLoadService, class com.almasb.fxgl.ui.FXGLUIFactoryServiceProvider, class com.almasb.fxgl.ui.FXGLDialogFactoryServiceProvider, class com.almasb.fxgl.audio.AudioPlayer, class com.almasb.fxgl.notification.impl.NotificationServiceProvider, class com.almasb.fxgl.achievement.AchievementService, class com.almasb.fxgl.cutscene.CutsceneService, class com.almasb.fxgl.minigames.MiniGameService, class com.almasb.fxgl.net.NetService, class com.almasb.fxgl.app.services.UpdaterService, class com.almasb.fxgl.dev.DevService]
19:11:33.108 [FXGL Background Thread 3 ] DEBUG Engine               - fontGame: Abel-Regular.ttf
19:11:33.108 [FXGL Background Thread 3 ] DEBUG Engine               - fontMono: lucida_console.ttf
19:11:33.108 [FXGL Background Thread 3 ] DEBUG Engine               - fontText: Courier-Prime.ttf
19:11:33.108 [FXGL Background Thread 3 ] DEBUG Engine               - fontUI: VarelaRound-Regular.ttf
19:11:33.108 [FXGL Background Thread 3 ] DEBUG Engine               - fullScreen: BooleanProperty [value: false]
19:11:33.108 [FXGL Background Thread 3 ] DEBUG Engine               - gameDifficulty: MEDIUM
19:11:33.108 [FXGL Background Thread 3 ] DEBUG Engine               - gameDifficultyProperty: ObjectProperty [value: MEDIUM]
19:11:33.108 [FXGL Background Thread 3 ] DEBUG Engine               - globalMusicVolume: 0.5
19:11:33.108 [FXGL Background Thread 3 ] DEBUG Engine               - globalMusicVolumeProperty: DoubleProperty [value: 0.5]
19:11:33.108 [FXGL Background Thread 3 ] DEBUG Engine               - globalSoundVolume: 0.5
19:11:33.108 [FXGL Background Thread 3 ] DEBUG Engine               - globalSoundVolumeProperty: DoubleProperty [value: 0.5]
19:11:33.108 [FXGL Background Thread 3 ] DEBUG Engine               - height: 1080
19:11:33.109 [FXGL Background Thread 3 ] DEBUG Engine               - is3D: false
19:11:33.109 [FXGL Background Thread 3 ] DEBUG Engine               - isAndroid: false
19:11:33.109 [FXGL Background Thread 3 ] DEBUG Engine               - isBrowser: false
19:11:33.109 [FXGL Background Thread 3 ] DEBUG Engine               - isClickFeedbackEnabled: false
19:11:33.109 [FXGL Background Thread 3 ] DEBUG Engine               - isCloseConfirmation: true
19:11:33.109 [FXGL Background Thread 3 ] DEBUG Engine               - isDesktop: true
19:11:33.109 [FXGL Background Thread 3 ] DEBUG Engine               - isDeveloperMenuEnabled: false
19:11:33.109 [FXGL Background Thread 3 ] DEBUG Engine               - isEntityPreloadEnabled: true
19:11:33.109 [FXGL Background Thread 3 ] DEBUG Engine               - isExperimentalTiledLargeMap: false
19:11:33.109 [FXGL Background Thread 3 ] DEBUG Engine               - isFileSystemWriteAllowed: true
19:11:33.109 [FXGL Background Thread 3 ] DEBUG Engine               - isFullScreenAllowed: false
19:11:33.109 [FXGL Background Thread 3 ] DEBUG Engine               - isFullScreenFromStart: false
19:11:33.109 [FXGL Background Thread 3 ] DEBUG Engine               - isGameMenuEnabled: false
19:11:33.109 [FXGL Background Thread 3 ] DEBUG Engine               - isIOS: false
19:11:33.109 [FXGL Background Thread 3 ] DEBUG Engine               - isIntroEnabled: false
19:11:33.110 [FXGL Background Thread 3 ] DEBUG Engine               - isLinux: false
19:11:33.110 [FXGL Background Thread 3 ] DEBUG Engine               - isMac: false
19:11:33.110 [FXGL Background Thread 3 ] DEBUG Engine               - isMainMenuEnabled: true
19:11:33.110 [FXGL Background Thread 3 ] DEBUG Engine               - isManualResizeEnabled: false
19:11:33.110 [FXGL Background Thread 3 ] DEBUG Engine               - isMobile: false
19:11:33.110 [FXGL Background Thread 3 ] DEBUG Engine               - isNative: false
19:11:33.110 [FXGL Background Thread 3 ] DEBUG Engine               - isPauseMusicWhenMinimized: true
19:11:33.110 [FXGL Background Thread 3 ] DEBUG Engine               - isPreserveResizeRatio: false
19:11:33.110 [FXGL Background Thread 3 ] DEBUG Engine               - isProfilingEnabled: false
19:11:33.110 [FXGL Background Thread 3 ] DEBUG Engine               - isScaleAffectedOnResize: true
19:11:33.110 [FXGL Background Thread 3 ] DEBUG Engine               - isSingleStep: false
19:11:33.110 [FXGL Background Thread 3 ] DEBUG Engine               - isUserProfileEnabled: false
19:11:33.110 [FXGL Background Thread 3 ] DEBUG Engine               - isWindows: true
19:11:33.110 [FXGL Background Thread 3 ] DEBUG Engine               - language: ObjectProperty [value: ENGLISH]
19:11:33.111 [FXGL Background Thread 3 ] DEBUG Engine               - menuKey: ESCAPE
19:11:33.111 [FXGL Background Thread 3 ] DEBUG Engine               - mouseSensitivity: 0.2
19:11:33.111 [FXGL Background Thread 3 ] DEBUG Engine               - notificationViewClass: class com.almasb.fxgl.notification.view.XboxNotificationView
19:11:33.111 [FXGL Background Thread 3 ] DEBUG Engine               - pixelsPerMeter: 50.0
19:11:33.111 [FXGL Background Thread 3 ] DEBUG Engine               - platform: WINDOWS
19:11:33.111 [FXGL Background Thread 3 ] DEBUG Engine               - prefHeightProperty: ReadOnlyDoubleProperty [value: 1080.0]
19:11:33.111 [FXGL Background Thread 3 ] DEBUG Engine               - prefWidthProperty: ReadOnlyDoubleProperty [value: 1920.0]
19:11:33.111 [FXGL Background Thread 3 ] DEBUG Engine               - profileDir: profiles/
19:11:33.111 [FXGL Background Thread 3 ] DEBUG Engine               - profileName: StringProperty [value: DEFAULT]
19:11:33.112 [FXGL Background Thread 3 ] DEBUG Engine               - randomSeed: -1
19:11:33.112 [FXGL Background Thread 3 ] DEBUG Engine               - runtimeInfo: RuntimeInfo(platform=WINDOWS, version=11.17, build=16.07.2021 15.46)
19:11:33.112 [FXGL Background Thread 3 ] DEBUG Engine               - saveFileExt: sav
19:11:33.112 [FXGL Background Thread 3 ] DEBUG Engine               - scaledHeightProp$fxgl: DoubleProperty [bound, value: 720.0]
19:11:33.112 [FXGL Background Thread 3 ] DEBUG Engine               - scaledWidthProp$fxgl: DoubleProperty [bound, value: 1255.0]
19:11:33.112 [FXGL Background Thread 3 ] DEBUG Engine               - sceneFactory: com.example.demo.MySceneFactory@322f4844
19:11:33.112 [FXGL Background Thread 3 ] DEBUG Engine               - secondsIn24h: 60
19:11:33.112 [FXGL Background Thread 3 ] DEBUG Engine               - soundMenuBack: menu/back.wav
19:11:33.112 [FXGL Background Thread 3 ] DEBUG Engine               - soundMenuPress: menu/press.wav
19:11:33.112 [FXGL Background Thread 3 ] DEBUG Engine               - soundMenuSelect: menu/select.wav
19:11:33.112 [FXGL Background Thread 3 ] DEBUG Engine               - soundNotification: core/notification.wav
19:11:33.112 [FXGL Background Thread 3 ] DEBUG Engine               - stageStyle: DECORATED
19:11:33.112 [FXGL Background Thread 3 ] DEBUG Engine               - supportedLanguages: [ENGLISH, FRENCH, GERMAN, HUNGARIAN, RUSSIAN]
19:11:33.112 [FXGL Background Thread 3 ] DEBUG Engine               - ticksPerSecond: -1
19:11:33.113 [FXGL Background Thread 3 ] DEBUG Engine               - title: Stictactics
19:11:33.113 [FXGL Background Thread 3 ] DEBUG Engine               - urlGithub: https://github.com/AlmasB/FXGL
19:11:33.113 [FXGL Background Thread 3 ] DEBUG Engine               - urlLeaderboard: http://fxgl-top.herokuapp.com/
19:11:33.113 [FXGL Background Thread 3 ] DEBUG Engine               - urlPOM: https://raw.githubusercontent.com/AlmasB/FXGL/release/README.md
19:11:33.113 [FXGL Background Thread 3 ] DEBUG Engine               - userAppClass: class com.example.demo.HelloApplication
19:11:33.113 [FXGL Background Thread 3 ] DEBUG Engine               - version: 0.0
19:11:33.113 [FXGL Background Thread 3 ] DEBUG Engine               - versionCheckDays: 7
19:11:33.113 [FXGL Background Thread 3 ] DEBUG Engine               - width: 1920
19:11:33.113 [FXGL Background Thread 3 ] DEBUG Engine               - Logging services
19:11:33.113 [FXGL Background Thread 3 ] DEBUG Engine               - class com.almasb.fxgl.app.services.FXGLAssetLoaderService
19:11:33.113 [FXGL Background Thread 3 ] DEBUG Engine               - class com.almasb.fxgl.app.FXGLApplication$GameApplicationService
19:11:33.113 [FXGL Background Thread 3 ] DEBUG Engine               - class com.almasb.fxgl.app.services.FXGLDialogService
19:11:33.113 [FXGL Background Thread 3 ] DEBUG Engine               - class com.almasb.fxgl.app.services.IOTaskExecutorService
19:11:33.113 [FXGL Background Thread 3 ] DEBUG Engine               - class com.almasb.fxgl.io.FileSystemService
19:11:33.114 [FXGL Background Thread 3 ] DEBUG Engine               - class com.almasb.fxgl.localization.LocalizationService
19:11:33.114 [FXGL Background Thread 3 ] DEBUG Engine               - class com.almasb.fxgl.app.services.SystemBundleService
19:11:33.114 [FXGL Background Thread 3 ] DEBUG Engine               - class com.almasb.fxgl.profile.SaveLoadService
19:11:33.114 [FXGL Background Thread 3 ] DEBUG Engine               - class com.almasb.fxgl.ui.FXGLUIFactoryServiceProvider
19:11:33.114 [FXGL Background Thread 3 ] DEBUG Engine               - class com.almasb.fxgl.ui.FXGLDialogFactoryServiceProvider
19:11:33.114 [FXGL Background Thread 3 ] DEBUG Engine               - class com.almasb.fxgl.audio.AudioPlayer
19:11:33.114 [FXGL Background Thread 3 ] DEBUG Engine               - class com.almasb.fxgl.notification.impl.NotificationServiceProvider
19:11:33.114 [FXGL Background Thread 3 ] DEBUG Engine               - class com.almasb.fxgl.achievement.AchievementService
19:11:33.114 [FXGL Background Thread 3 ] DEBUG Engine               - class com.almasb.fxgl.cutscene.CutsceneService
19:11:33.114 [FXGL Background Thread 3 ] DEBUG Engine               - class com.almasb.fxgl.minigames.MiniGameService
19:11:33.114 [FXGL Background Thread 3 ] DEBUG Engine               - class com.almasb.fxgl.net.NetService
19:11:33.114 [FXGL Background Thread 3 ] DEBUG Engine               - class com.almasb.fxgl.app.services.UpdaterService
19:11:33.114 [FXGL Background Thread 3 ] DEBUG Engine               - class com.almasb.fxgl.dev.DevService
19:11:34.522 [JavaFX Application Thread] DEBUG LoopRunner           - Resuming loop
19:11:35.161 [JavaFX Application Thread] DEBUG Menu                 - fireNewGame()
19:11:35.161 [JavaFX Application Thread] DEBUG GameApplicationServi - Starting new game
19:11:35.162 [JavaFX Application Thread] DEBUG PrimaryStageWindow   - Pop state: CustomMainMenu
19:11:35.162 [JavaFX Application Thread] DEBUG Input                - Clearing active input actions
19:11:35.162 [JavaFX Application Thread] DEBUG GameApplicationServi - Removing overlay from CustomMainMenu and adding to FXGLMainMenuDummyScene
19:11:35.163 [JavaFX Application Thread] DEBUG PrimaryStageWindow   - FXGLMainMenuDummyScene <- CustomMainMenu
19:11:35.163 [JavaFX Application Thread] DEBUG Input                - Clearing active input actions
19:11:35.178 [JavaFX Application Thread] DEBUG GameApplicationServi - Removing overlay from FXGLMainMenuDummyScene and adding to FXGLLoadingScene
19:11:35.179 [JavaFX Application Thread] DEBUG PrimaryStageWindow   - FXGLMainMenuDummyScene -> FXGLLoadingScene
19:11:35.180 [JavaFX Application Thread] DEBUG GameApplicationServi - Clearing previous game
19:11:35.181 [JavaFX Application Thread] DEBUG GameScene            - Clearing game scene
19:11:35.181 [JavaFX Application Thread] DEBUG GameWorld            - Clearing game world
19:11:35.181 [JavaFX Application Thread] DEBUG PhysicsWorld         - Clearing physics world
19:11:35.188 [FXGL Background Thread 2 ] DEBUG FXGLApplication      - Initializing game
19:11:35.307 [FXGL Background Thread 2 ] WARN  TMXLevelLoader       - TiledMap generated from 1.11.2. Supported version: 1.2.3. Some features may not be parsed fully.
19:11:35.322 [FXGL Background Thread 2 ] DEBUG TMXLevelLoader       - Parsed TiledMap: file:/C:/Users/zyla/demoGame4OOP/target/classes/assets/levels/tmx/map5.tmx
19:11:35.324 [FXGL Background Thread 2 ] DEBUG TMXLevelLoader       - Creating tile layer entities
19:11:35.327 [FXGL Background Thread 2 ] DEBUG TilesetLoader        - Loading view for layer Tile Layer 1
19:11:35.330 [FXGL Background Thread 2 ] DEBUG TilesetLoader        - Created buffer with size 1920.0x1088.0
19:11:35.468 [FXGL Background Thread 2 ] DEBUG TMXLevelLoader       - Creating object layer entities
19:11:35.490 [FXGL Background Thread 2 ] DEBUG GameWorld            - Clearing removable entities
19:11:35.490 [FXGL Background Thread 2 ] DEBUG GameWorld            - Setting level: com.almasb.fxgl.entity.level.Level@f8d57b2
19:11:35.521 [FXGL Background Thread 2 ] DEBUG FXGLAssetLoaderServi - Loading from file system: file:/C:/Users/zyla/demoGame4OOP/target/classes/assets/textures/fighter_idle.png
19:11:35.545 [FXGL Background Thread 2 ] DEBUG FXGLAssetLoaderServi - Loading from file system: file:/C:/Users/zyla/demoGame4OOP/target/classes/assets/textures/fighter_walk.png
19:11:35.555 [FXGL Background Thread 2 ] DEBUG FXGLAssetLoaderServi - Loading from file system: file:/C:/Users/zyla/demoGame4OOP/target/classes/assets/textures/fighter_jump.png
19:11:35.561 [FXGL Background Thread 2 ] DEBUG FXGLAssetLoaderServi - Loading from file system: file:/C:/Users/zyla/demoGame4OOP/target/classes/assets/textures/fighter_attack_enhanced.png
19:11:35.575 [FXGL Background Thread 2 ] DEBUG FXGLAssetLoaderServi - Loading from file system: file:/C:/Users/zyla/demoGame4OOP/target/classes/assets/textures/fighter_attack.png
19:11:35.584 [FXGL Background Thread 2 ] DEBUG FXGLAssetLoaderServi - Loading from file system: file:/C:/Users/zyla/demoGame4OOP/target/classes/assets/textures/fighter_ult.png
19:11:35.603 [FXGL Background Thread 2 ] DEBUG FXGLAssetLoaderServi - Loading from file system: file:/C:/Users/zyla/demoGame4OOP/target/classes/assets/textures/fighter_idle_P2.png
19:11:35.622 [FXGL Background Thread 2 ] DEBUG FXGLAssetLoaderServi - Loading from file system: file:/C:/Users/zyla/demoGame4OOP/target/classes/assets/textures/fighter_walk_P2.png
19:11:35.627 [FXGL Background Thread 2 ] DEBUG FXGLAssetLoaderServi - Loading from file system: file:/C:/Users/zyla/demoGame4OOP/target/classes/assets/textures/fighter_attack_enhanced_p2.png
19:11:35.637 [FXGL Background Thread 2 ] DEBUG FXGLAssetLoaderServi - Loading from file system: file:/C:/Users/zyla/demoGame4OOP/target/classes/assets/textures/fighter_jump_P2.png
19:11:35.641 [FXGL Background Thread 2 ] DEBUG FXGLAssetLoaderServi - Loading from file system: file:/C:/Users/zyla/demoGame4OOP/target/classes/assets/textures/fighter_attack_P2.png
19:11:35.646 [FXGL Background Thread 2 ] DEBUG FXGLAssetLoaderServi - Loading from file system: file:/C:/Users/zyla/demoGame4OOP/target/classes/assets/textures/fighter_ult_P2.png
19:11:35.674 [FXGL Background Thread 2 ] INFO  FXGLApplication      - Game initialization took: 0.486 sec
19:11:35.682 [JavaFX Application Thread] DEBUG Input                - Clearing active input actions
19:11:35.695 [JavaFX Application Thread] DEBUG GameApplicationServi - Removing overlay from FXGLLoadingScene and adding to GameScene
19:11:35.695 [JavaFX Application Thread] DEBUG PrimaryStageWindow   - FXGLLoadingScene -> GameScene
19:11:58.186 [JavaFX Application Thread] DEBUG LoopRunner           - Pausing loop
19:11:58.195 [JavaFX Application Thread] DEBUG LoopRunner           - Pausing loop
19:12:00.045 [JavaFX Application Thread] DEBUG PrimaryStageWindow   - Push state: DialogSubScene
19:12:00.045 [JavaFX Application Thread] DEBUG Input                - Clearing active input actions
19:12:00.046 [JavaFX Application Thread] DEBUG GameApplicationServi - Removing overlay from GameScene and adding to DialogSubScene
19:12:00.047 [JavaFX Application Thread] DEBUG PrimaryStageWindow   - GameScene -> DialogSubScene
19:12:00.668 [JavaFX Application Thread] DEBUG PrimaryStageWindow   - Pop state: DialogSubScene
19:12:00.668 [JavaFX Application Thread] DEBUG Input                - Clearing active input actions
19:12:00.669 [JavaFX Application Thread] DEBUG GameApplicationServi - Removing overlay from DialogSubScene and adding to GameScene
19:12:00.669 [JavaFX Application Thread] DEBUG PrimaryStageWindow   - GameScene <- DialogSubScene
19:12:00.669 [JavaFX Application Thread] DEBUG FXGLApplication      - Exiting FXGL
19:12:00.669 [JavaFX Application Thread] DEBUG LoopRunner           - Stopping loop
19:12:00.669 [JavaFX Application Thread] DEBUG SystemBundleService  - Saving FXGL system data
19:12:00.673 [JavaFX Application Thread] DEBUG FileSystemAccess     - Writing to: C:\Users\zyla\demoGame4OOP\system\fxgl.bundle
19:12:00.675 [JavaFX Application Thread] DEBUG Async                - Shutting down background threads
19:12:00.675 [JavaFX Application Thread] DEBUG PrimaryStageWindow   - Closing main window
19:12:00.704 [JavaFX Application Thread] DEBUG Logger               - Closing Logger
