18:01:41.168 [main                     ] DEBUG Logger               - Configured Logger
18:01:41.171 [main                     ] DEBUG GameApplication      - Logging settings
Title: Stictactics
Version: 0.0
Width: 1920
Height: 1080
Fullscreen: false
Intro: false
Profiling: false
Single step:false
App Mode: DEVELOPER
Menu Key: ESCAPE
Stage Style: DECORATED
Scene Factory: class com.example.demo.Factory.MySceneFactory

18:01:41.583 [JavaFX Application Thread] DEBUG FXGLApplication      - Initializing FXGL
18:01:41.584 [JavaFX Application Thread] INFO  Engine               - FXGL-11.17 (16.07.2021 15.46) on WINDOWS (J:23.0.2 FX:17.0.6)
18:01:41.584 [JavaFX Application Thread] DEBUG Engine               - JRE Vendor Name: Amazon.com Inc.
18:01:41.586 [JavaFX Application Thread] DEBUG Engine               - Running on OS: Windows 11 version 10.0
18:01:41.586 [JavaFX Application Thread] DEBUG Engine               - Architecture: amd64
18:01:41.586 [JavaFX Application Thread] INFO  Engine               - Source code and latest versions at: https://github.com/AlmasB/FXGL
18:01:41.586 [JavaFX Application Thread] INFO  Engine               -              Join the FXGL chat at: https://gitter.im/AlmasB/FXGL
18:01:41.698 [JavaFX Application Thread] DEBUG PrimaryStageWindow   - Creating a JavaFX scene
18:01:41.698 [JavaFX Application Thread] DEBUG PrimaryStageWindow   - Target size > screen size
18:01:41.755 [JavaFX Application Thread] DEBUG PrimaryStageWindow   - Target settings size: 1920.0 x 1080.0
18:01:41.755 [JavaFX Application Thread] DEBUG PrimaryStageWindow   - Scaled scene size:    1255.0 x 720.0
18:01:41.755 [JavaFX Application Thread] DEBUG PrimaryStageWindow   - Scaled ratio: (0.6536458333333334, 0.6666666666666666)
18:01:41.757 [JavaFX Application Thread] DEBUG PrimaryStageWindow   - Set initial scene to FXGLStartupScene
18:01:41.766 [JavaFX Application Thread] DEBUG PrimaryStageWindow   - Opening main window
18:01:41.872 [JavaFX Application Thread] DEBUG PrimaryStageWindow   - Window border size: (16.0, 39.0)
18:01:41.872 [JavaFX Application Thread] DEBUG PrimaryStageWindow   - Scaled size: 1255.0 x 720.0
18:01:41.872 [JavaFX Application Thread] DEBUG PrimaryStageWindow   - Scaled ratio: (0.6536458333333334, 0.6666666666666666)
18:01:41.872 [JavaFX Application Thread] DEBUG PrimaryStageWindow   - Scene size: 1255.0 x 720.0
18:01:41.873 [JavaFX Application Thread] DEBUG PrimaryStageWindow   - Stage size: 1271.0 x 759.0
18:01:41.883 [FXGL Background Thread 1 ] DEBUG Engine               - Initializing environment variables
18:01:42.028 [FXGL Background Thread 1 ] DEBUG FXGLAssetLoaderServi - User app class for loading assets: class com.example.demo.HelloController
18:01:42.028 [FXGL Background Thread 1 ] DEBUG GameApplicationServi - Applying CSS: fxgl_dark.css
18:01:42.029 [FXGL Background Thread 1 ] DEBUG FXGLAssetLoaderServi - Loading from file system: jar:file:///C:/Users/zyla/.m2/repository/com/github/almasb/fxgl/11.17/fxgl-11.17.jar!/fxglassets/ui/css/fxgl_dark.css
18:01:42.105 [FXGL Background Thread 1 ] DEBUG GameApplicationServi - Initializing application scenes
18:01:42.234 [FXGL Background Thread 1 ] DEBUG GameWorld            - Game world initialized
18:01:42.324 [FXGL Background Thread 1 ] DEBUG PhysicsWorld         - Physics world initialized: appHeight=1080, physics.ppm=50.0
18:01:42.324 [FXGL Background Thread 1 ] DEBUG PhysicsWorld         - Using strategy: BRUTE_FORCE
18:01:42.328 [FXGL Background Thread 1 ] DEBUG GameScene            - Game scene initialized: 1920x1080
18:01:42.523 [FXGL Background Thread 1 ] DEBUG GameApplicationServi - Application scenes initialized
18:01:42.545 [FXGL Background Thread 1 ] DEBUG SystemBundleService  - Loading FXGL system data
18:01:42.557 [FXGL Background Thread 1 ] DEBUG FileSystemAccess     - Reading from: C:\Users\zyla\demoGame4OOP\system\fxgl.bundle
18:01:42.569 [FXGL Background Thread 1 ] DEBUG SystemBundleService  - Bundle FXGL: {}
18:01:42.569 [FXGL Background Thread 1 ] DEBUG UpdaterService       - Checking for updates
18:01:42.577 [FXGL Background Thread 1 ] DEBUG FXGLApplication      - Loading default localization
18:01:42.578 [FXGL Background Thread 1 ] DEBUG FXGLAssetLoaderServi - Loading from file system: jar:file:///C:/Users/zyla/.m2/repository/com/github/almasb/fxgl/11.17/fxgl-11.17.jar!/fxglassets/languages/english.lang
18:01:42.579 [FXGL Background Thread 4 ] DEBUG FXGLApplication      - Loading fonts
18:01:42.579 [FXGL Background Thread 4 ] DEBUG FXGLAssetLoaderServi - Loading from file system: jar:file:///C:/Users/zyla/.m2/repository/com/github/almasb/fxgl/11.17/fxgl-11.17.jar!/fxglassets/ui/fonts/VarelaRound-Regular.ttf
18:01:42.617 [FXGL Background Thread 1 ] INFO  FXGLApplication      - FXGL initialization took: 0.735 sec
18:01:42.632 [JavaFX Application Thread] DEBUG Input                - Registered new binding: Pause Game - Esc
18:01:42.632 [JavaFX Application Thread] DEBUG Input                - Registered new binding: P1Left - A
18:01:42.632 [JavaFX Application Thread] DEBUG Input                - Registered new binding: P1Right - D
18:01:42.632 [JavaFX Application Thread] DEBUG Input                - Registered new binding: P1Jump - W
18:01:42.632 [JavaFX Application Thread] DEBUG Input                - Registered new binding: P1Punch - F
18:01:42.632 [JavaFX Application Thread] DEBUG Input                - Registered new binding: P1EnhancedPunch - E
18:01:42.633 [JavaFX Application Thread] DEBUG Input                - Registered new binding: P1Ult - Q
18:01:42.633 [JavaFX Application Thread] DEBUG Input                - Registered new binding: P2Left - Left
18:01:42.633 [JavaFX Application Thread] DEBUG Input                - Registered new binding: P2Right - Right
18:01:42.633 [JavaFX Application Thread] DEBUG Input                - Registered new binding: P2Jump - Up
18:01:42.634 [JavaFX Application Thread] DEBUG Input                - Registered new binding: P2Punch - H
18:01:42.634 [JavaFX Application Thread] DEBUG Input                - Registered new binding: P2EnhancedPunch - U
18:01:42.634 [JavaFX Application Thread] DEBUG Input                - Registered new binding: P2Ult - O
18:01:42.638 [JavaFX Application Thread] WARN  FXGLAssetLoaderServi - Asset "/assets/textures//assets/textures/background-intro.mp4" was not found!
18:01:42.638 [JavaFX Application Thread] WARN  FXGLAssetLoaderServi - Failed to load IMAGE
18:01:42.688 [JavaFX Application Thread] DEBUG FXGLAssetLoaderServi - Loading from file system: jar:file:///C:/Users/zyla/.m2/repository/com/github/almasb/fxgl/11.17/fxgl-11.17.jar!/fxglassets/textures/fxgl_icon.png
18:01:42.791 [JavaFX Application Thread] DEBUG FXGLAssetLoaderServi - Loading from file system: jar:file:///C:/Users/zyla/.m2/repository/com/github/almasb/fxgl/11.17/fxgl-11.17.jar!/fxglassets/textures/fxgl_default_cursor.png
18:01:42.807 [JavaFX Application Thread] DEBUG Input                - Registered new binding: Screenshot - CTRL+8
18:01:42.807 [JavaFX Application Thread] DEBUG Input                - Registered new binding: System info dump - CTRL+9
18:01:42.807 [JavaFX Application Thread] DEBUG Input                - Registered new binding: Restart - CTRL+R
18:01:42.808 [JavaFX Application Thread] DEBUG Input                - Registered new binding: Toggle Debug Camera - CTRL+C
18:01:42.835 [JavaFX Application Thread] DEBUG LoopRunner           - Starting loop
18:01:42.835 [JavaFX Application Thread] DEBUG LoopRunner           - Initializing JavaFX AnimationTimerLoop
18:01:42.869 [JavaFX Application Thread] DEBUG Input                - Clearing active input actions
18:01:42.905 [JavaFX Application Thread] DEBUG GameApplicationServi - Removing overlay from FXGLStartupScene and adding to FXGLMainMenuDummyScene
18:01:42.906 [JavaFX Application Thread] DEBUG PrimaryStageWindow   - FXGLStartupScene -> FXGLMainMenuDummyScene
18:01:42.907 [JavaFX Application Thread] DEBUG PrimaryStageWindow   - Push state: CustomMainMenu
18:01:42.907 [JavaFX Application Thread] DEBUG Input                - Clearing active input actions
18:01:42.918 [JavaFX Application Thread] DEBUG GameApplicationServi - Removing overlay from FXGLMainMenuDummyScene and adding to CustomMainMenu
18:01:42.919 [JavaFX Application Thread] DEBUG PrimaryStageWindow   - FXGLMainMenuDummyScene -> CustomMainMenu
18:01:43.039 [FXGL Background Thread 4 ] DEBUG FXGLAssetLoaderServi - Loading from file system: jar:file:///C:/Users/zyla/.m2/repository/com/github/almasb/fxgl/11.17/fxgl-11.17.jar!/fxglassets/ui/fonts/Abel-Regular.ttf
18:01:43.112 [FXGL Background Thread 4 ] DEBUG FXGLAssetLoaderServi - Loading from file system: jar:file:///C:/Users/zyla/.m2/repository/com/github/almasb/fxgl/11.17/fxgl-11.17.jar!/fxglassets/ui/fonts/lucida_console.ttf
18:01:43.135 [FXGL Background Thread 4 ] DEBUG FXGLAssetLoaderServi - Loading from file system: jar:file:///C:/Users/zyla/.m2/repository/com/github/almasb/fxgl/11.17/fxgl-11.17.jar!/fxglassets/ui/fonts/Courier-Prime.ttf
18:01:43.181 [JavaFX Application Thread] DEBUG FXGLApplication      - Registering font factories with UI factory
18:01:43.886 [FXGL Background Thread 2 ] INFO  UpdaterService       - Your current version:  11.17
18:01:43.886 [FXGL Background Thread 2 ] INFO  UpdaterService       - Latest stable version: 21.1
18:01:44.906 [JavaFX Application Thread] DEBUG Menu                 - fireNewGame()
18:01:44.906 [JavaFX Application Thread] DEBUG GameApplicationServi - Starting new game
18:01:44.906 [JavaFX Application Thread] DEBUG PrimaryStageWindow   - Pop state: CustomMainMenu
18:01:44.906 [JavaFX Application Thread] DEBUG Input                - Clearing active input actions
18:01:44.907 [JavaFX Application Thread] DEBUG GameApplicationServi - Removing overlay from CustomMainMenu and adding to FXGLMainMenuDummyScene
18:01:44.907 [JavaFX Application Thread] DEBUG PrimaryStageWindow   - FXGLMainMenuDummyScene <- CustomMainMenu
18:01:44.907 [JavaFX Application Thread] DEBUG Input                - Clearing active input actions
18:01:44.916 [JavaFX Application Thread] DEBUG GameApplicationServi - Removing overlay from FXGLMainMenuDummyScene and adding to FXGLLoadingScene
18:01:44.916 [JavaFX Application Thread] DEBUG PrimaryStageWindow   - FXGLMainMenuDummyScene -> FXGLLoadingScene
18:01:44.916 [JavaFX Application Thread] DEBUG GameApplicationServi - Clearing previous game
18:01:44.916 [JavaFX Application Thread] DEBUG GameScene            - Clearing game scene
18:01:44.916 [JavaFX Application Thread] DEBUG GameWorld            - Clearing game world
18:01:44.917 [JavaFX Application Thread] DEBUG PhysicsWorld         - Clearing physics world
18:01:44.919 [FXGL Background Thread 2 ] DEBUG FXGLApplication      - Initializing game
18:01:45.028 [FXGL Background Thread 2 ] WARN  TMXLevelLoader       - TiledMap generated from 1.11.2. Supported version: 1.2.3. Some features may not be parsed fully.
18:01:45.058 [FXGL Background Thread 2 ] DEBUG TMXLevelLoader       - Parsed TiledMap: file:/C:/Users/zyla/demoGame4OOP/target/classes/assets/levels/tmx/map4.tmx
18:01:45.059 [FXGL Background Thread 2 ] DEBUG TMXLevelLoader       - Creating tile layer entities
18:01:45.061 [FXGL Background Thread 2 ] DEBUG TilesetLoader        - Loading view for layer Tile Layer 1
18:01:45.066 [FXGL Background Thread 2 ] DEBUG TilesetLoader        - Created buffer with size 1920.0x1088.0
18:01:45.242 [FXGL Background Thread 2 ] DEBUG TMXLevelLoader       - Creating object layer entities
18:01:45.319 [FXGL Background Thread 2 ] DEBUG GameWorld            - Clearing removable entities
18:01:45.320 [FXGL Background Thread 2 ] DEBUG GameWorld            - Setting level: com.almasb.fxgl.entity.level.Level@2585bf2d
18:01:45.384 [FXGL Background Thread 2 ] DEBUG FXGLAssetLoaderServi - Loading from file system: file:/C:/Users/zyla/demoGame4OOP/target/classes/assets/textures/elite/elite_idle.png
18:01:45.431 [FXGL Background Thread 2 ] DEBUG FXGLAssetLoaderServi - Loading from file system: file:/C:/Users/zyla/demoGame4OOP/target/classes/assets/textures/elite/elite_walk.png
18:01:45.452 [FXGL Background Thread 2 ] DEBUG FXGLAssetLoaderServi - Loading from file system: file:/C:/Users/zyla/demoGame4OOP/target/classes/assets/textures/elite/elite_attack_enhanced.png
18:01:45.476 [FXGL Background Thread 2 ] DEBUG FXGLAssetLoaderServi - Loading from file system: file:/C:/Users/zyla/demoGame4OOP/target/classes/assets/textures/elite/elite_jump.png
18:01:45.484 [FXGL Background Thread 2 ] DEBUG FXGLAssetLoaderServi - Loading from file system: file:/C:/Users/zyla/demoGame4OOP/target/classes/assets/textures/elite/elite_attack.png
18:01:45.517 [FXGL Background Thread 2 ] DEBUG FXGLAssetLoaderServi - Loading from file system: file:/C:/Users/zyla/demoGame4OOP/target/classes/assets/textures/elite/elite_ult.png
18:01:45.541 [FXGL Background Thread 2 ] DEBUG FXGLAssetLoaderServi - Loading from file system: file:/C:/Users/zyla/demoGame4OOP/target/classes/assets/textures/elite/elite_hit.png
18:01:45.555 [FXGL Background Thread 2 ] DEBUG FXGLAssetLoaderServi - Loading from file system: file:/C:/Users/zyla/demoGame4OOP/target/classes/assets/textures/female/female_idle.png
18:01:45.564 [FXGL Background Thread 2 ] DEBUG FXGLAssetLoaderServi - Loading from file system: file:/C:/Users/zyla/demoGame4OOP/target/classes/assets/textures/female/female_walk.png
18:01:45.572 [FXGL Background Thread 2 ] DEBUG FXGLAssetLoaderServi - Loading from file system: file:/C:/Users/zyla/demoGame4OOP/target/classes/assets/textures/female/female_attack_enhanced.png
18:01:45.576 [FXGL Background Thread 3 ] DEBUG Engine               - Logging environment variables
18:01:45.576 [FXGL Background Thread 3 ] DEBUG Engine               - achievements: []
18:01:45.576 [FXGL Background Thread 3 ] DEBUG Engine               - actualHeight: 720.0
18:01:45.577 [FXGL Background Thread 3 ] DEBUG Engine               - actualHeightProperty: ReadOnlyDoubleProperty [value: 720.0]
18:01:45.577 [FXGL Background Thread 3 ] DEBUG Engine               - actualWidth: 1255.0
18:01:45.577 [FXGL Background Thread 3 ] DEBUG Engine               - actualWidthProperty: ReadOnlyDoubleProperty [value: 1255.0]
18:01:45.577 [FXGL Background Thread 3 ] DEBUG Engine               - appIcon: fxgl_icon.png
18:01:45.577 [FXGL Background Thread 3 ] DEBUG Engine               - applicationMode: DEVELOPER
18:01:45.577 [FXGL Background Thread 3 ] DEBUG Engine               - cSSList: [fxgl_dark.css]
18:01:45.577 [FXGL Background Thread 3 ] DEBUG Engine               - collisionDetectionStrategy: BRUTE_FORCE
18:01:45.577 [FXGL Background Thread 3 ] DEBUG Engine               - configClass: Optional.empty
18:01:45.577 [FXGL Background Thread 3 ] DEBUG Engine               - credits: []
18:01:45.577 [FXGL Background Thread 2 ] DEBUG FXGLAssetLoaderServi - Loading from file system: file:/C:/Users/zyla/demoGame4OOP/target/classes/assets/textures/female/female_jump.png
18:01:45.577 [FXGL Background Thread 3 ] DEBUG Engine               - defaultCursor: CursorInfo(imageName=fxgl_default_cursor.png, hotspotX=7.0, hotspotY=6.0)
18:01:45.578 [FXGL Background Thread 3 ] DEBUG Engine               - devBBoxColorProperty: ObjectProperty [value: 0xff0000ff]
18:01:45.578 [FXGL Background Thread 3 ] DEBUG Engine               - devEnableDebugCameraProperty: BooleanProperty [value: false]
18:01:45.579 [FXGL Background Thread 3 ] DEBUG Engine               - devSensorColorProperty: ObjectProperty [value: 0xffff00ff]
18:01:45.579 [FXGL Background Thread 3 ] DEBUG Engine               - devShowBBoxProperty: BooleanProperty [value: false]
18:01:45.579 [FXGL Background Thread 3 ] DEBUG Engine               - devShowPositionProperty: BooleanProperty [value: false]
18:01:45.579 [FXGL Background Thread 3 ] DEBUG Engine               - enabledMenuItems: []
18:01:45.579 [FXGL Background Thread 3 ] DEBUG Engine               - engineServices: [class com.almasb.fxgl.app.services.FXGLAssetLoaderService, class com.almasb.fxgl.app.FXGLApplication$GameApplicationService, class com.almasb.fxgl.app.services.FXGLDialogService, class com.almasb.fxgl.app.services.IOTaskExecutorService, class com.almasb.fxgl.io.FileSystemService, class com.almasb.fxgl.localization.LocalizationService, class com.almasb.fxgl.app.services.SystemBundleService, class com.almasb.fxgl.profile.SaveLoadService, class com.almasb.fxgl.ui.FXGLUIFactoryServiceProvider, class com.almasb.fxgl.ui.FXGLDialogFactoryServiceProvider, class com.almasb.fxgl.audio.AudioPlayer, class com.almasb.fxgl.notification.impl.NotificationServiceProvider, class com.almasb.fxgl.achievement.AchievementService, class com.almasb.fxgl.cutscene.CutsceneService, class com.almasb.fxgl.minigames.MiniGameService, class com.almasb.fxgl.net.NetService, class com.almasb.fxgl.app.services.UpdaterService, class com.almasb.fxgl.dev.DevService]
18:01:45.579 [FXGL Background Thread 3 ] DEBUG Engine               - fontGame: Abel-Regular.ttf
18:01:45.581 [FXGL Background Thread 3 ] DEBUG Engine               - fontMono: lucida_console.ttf
18:01:45.581 [FXGL Background Thread 3 ] DEBUG Engine               - fontText: Courier-Prime.ttf
18:01:45.581 [FXGL Background Thread 3 ] DEBUG Engine               - fontUI: VarelaRound-Regular.ttf
18:01:45.581 [FXGL Background Thread 3 ] DEBUG Engine               - fullScreen: BooleanProperty [value: false]
18:01:45.581 [FXGL Background Thread 3 ] DEBUG Engine               - gameDifficulty: MEDIUM
18:01:45.581 [FXGL Background Thread 3 ] DEBUG Engine               - gameDifficultyProperty: ObjectProperty [value: MEDIUM]
18:01:45.582 [FXGL Background Thread 3 ] DEBUG Engine               - globalMusicVolume: 0.5
18:01:45.582 [FXGL Background Thread 3 ] DEBUG Engine               - globalMusicVolumeProperty: DoubleProperty [value: 0.5]
18:01:45.582 [FXGL Background Thread 3 ] DEBUG Engine               - globalSoundVolume: 0.5
18:01:45.582 [FXGL Background Thread 3 ] DEBUG Engine               - globalSoundVolumeProperty: DoubleProperty [value: 0.5]
18:01:45.582 [FXGL Background Thread 3 ] DEBUG Engine               - height: 1080
18:01:45.582 [FXGL Background Thread 3 ] DEBUG Engine               - is3D: false
18:01:45.582 [FXGL Background Thread 3 ] DEBUG Engine               - isAndroid: false
18:01:45.582 [FXGL Background Thread 3 ] DEBUG Engine               - isBrowser: false
18:01:45.582 [FXGL Background Thread 3 ] DEBUG Engine               - isClickFeedbackEnabled: false
18:01:45.582 [FXGL Background Thread 3 ] DEBUG Engine               - isCloseConfirmation: true
18:01:45.582 [FXGL Background Thread 3 ] DEBUG Engine               - isDesktop: true
18:01:45.582 [FXGL Background Thread 3 ] DEBUG Engine               - isDeveloperMenuEnabled: false
18:01:45.582 [FXGL Background Thread 3 ] DEBUG Engine               - isEntityPreloadEnabled: true
18:01:45.582 [FXGL Background Thread 3 ] DEBUG Engine               - isExperimentalTiledLargeMap: false
18:01:45.583 [FXGL Background Thread 3 ] DEBUG Engine               - isFileSystemWriteAllowed: true
18:01:45.583 [FXGL Background Thread 3 ] DEBUG Engine               - isFullScreenAllowed: false
18:01:45.583 [FXGL Background Thread 3 ] DEBUG Engine               - isFullScreenFromStart: false
18:01:45.583 [FXGL Background Thread 3 ] DEBUG Engine               - isGameMenuEnabled: false
18:01:45.583 [FXGL Background Thread 3 ] DEBUG Engine               - isIOS: false
18:01:45.583 [FXGL Background Thread 3 ] DEBUG Engine               - isIntroEnabled: false
18:01:45.583 [FXGL Background Thread 3 ] DEBUG Engine               - isLinux: false
18:01:45.583 [FXGL Background Thread 3 ] DEBUG Engine               - isMac: false
18:01:45.583 [FXGL Background Thread 3 ] DEBUG Engine               - isMainMenuEnabled: true
18:01:45.583 [FXGL Background Thread 3 ] DEBUG Engine               - isManualResizeEnabled: false
18:01:45.583 [FXGL Background Thread 3 ] DEBUG Engine               - isMobile: false
18:01:45.583 [FXGL Background Thread 3 ] DEBUG Engine               - isNative: false
18:01:45.584 [FXGL Background Thread 3 ] DEBUG Engine               - isPauseMusicWhenMinimized: true
18:01:45.584 [FXGL Background Thread 3 ] DEBUG Engine               - isPreserveResizeRatio: false
18:01:45.584 [FXGL Background Thread 3 ] DEBUG Engine               - isProfilingEnabled: false
18:01:45.584 [FXGL Background Thread 3 ] DEBUG Engine               - isScaleAffectedOnResize: true
18:01:45.584 [FXGL Background Thread 3 ] DEBUG Engine               - isSingleStep: false
18:01:45.584 [FXGL Background Thread 3 ] DEBUG Engine               - isUserProfileEnabled: false
18:01:45.584 [FXGL Background Thread 3 ] DEBUG Engine               - isWindows: true
18:01:45.584 [FXGL Background Thread 3 ] DEBUG Engine               - language: ObjectProperty [value: ENGLISH]
18:01:45.584 [FXGL Background Thread 3 ] DEBUG Engine               - menuKey: ESCAPE
18:01:45.584 [FXGL Background Thread 3 ] DEBUG Engine               - mouseSensitivity: 0.2
18:01:45.584 [FXGL Background Thread 3 ] DEBUG Engine               - notificationViewClass: class com.almasb.fxgl.notification.view.XboxNotificationView
18:01:45.584 [FXGL Background Thread 3 ] DEBUG Engine               - pixelsPerMeter: 50.0
18:01:45.584 [FXGL Background Thread 3 ] DEBUG Engine               - platform: WINDOWS
18:01:45.584 [FXGL Background Thread 2 ] DEBUG FXGLAssetLoaderServi - Loading from file system: file:/C:/Users/zyla/demoGame4OOP/target/classes/assets/textures/female/female_attack.png
18:01:45.584 [FXGL Background Thread 3 ] DEBUG Engine               - prefHeightProperty: ReadOnlyDoubleProperty [value: 1080.0]
18:01:45.584 [FXGL Background Thread 3 ] DEBUG Engine               - prefWidthProperty: ReadOnlyDoubleProperty [value: 1920.0]
18:01:45.585 [FXGL Background Thread 3 ] DEBUG Engine               - profileDir: profiles/
18:01:45.585 [FXGL Background Thread 3 ] DEBUG Engine               - profileName: StringProperty [value: DEFAULT]
18:01:45.585 [FXGL Background Thread 3 ] DEBUG Engine               - randomSeed: -1
18:01:45.585 [FXGL Background Thread 3 ] DEBUG Engine               - runtimeInfo: RuntimeInfo(platform=WINDOWS, version=11.17, build=16.07.2021 15.46)
18:01:45.585 [FXGL Background Thread 3 ] DEBUG Engine               - saveFileExt: sav
18:01:45.585 [FXGL Background Thread 3 ] DEBUG Engine               - scaledHeightProp$fxgl: DoubleProperty [bound, value: 720.0]
18:01:45.585 [FXGL Background Thread 3 ] DEBUG Engine               - scaledWidthProp$fxgl: DoubleProperty [bound, value: 1255.0]
18:01:45.585 [FXGL Background Thread 3 ] DEBUG Engine               - sceneFactory: com.example.demo.Factory.MySceneFactory@10ce64f9
18:01:45.585 [FXGL Background Thread 3 ] DEBUG Engine               - secondsIn24h: 60
18:01:45.585 [FXGL Background Thread 3 ] DEBUG Engine               - soundMenuBack: menu/back.wav
18:01:45.585 [FXGL Background Thread 3 ] DEBUG Engine               - soundMenuPress: menu/press.wav
18:01:45.585 [FXGL Background Thread 3 ] DEBUG Engine               - soundMenuSelect: menu/select.wav
18:01:45.585 [FXGL Background Thread 3 ] DEBUG Engine               - soundNotification: core/notification.wav
18:01:45.586 [FXGL Background Thread 3 ] DEBUG Engine               - stageStyle: DECORATED
18:01:45.586 [FXGL Background Thread 3 ] DEBUG Engine               - supportedLanguages: [ENGLISH, FRENCH, GERMAN, HUNGARIAN, RUSSIAN]
18:01:45.586 [FXGL Background Thread 3 ] DEBUG Engine               - ticksPerSecond: -1
18:01:45.586 [FXGL Background Thread 3 ] DEBUG Engine               - title: Stictactics
18:01:45.586 [FXGL Background Thread 3 ] DEBUG Engine               - urlGithub: https://github.com/AlmasB/FXGL
18:01:45.586 [FXGL Background Thread 3 ] DEBUG Engine               - urlLeaderboard: http://fxgl-top.herokuapp.com/
18:01:45.586 [FXGL Background Thread 3 ] DEBUG Engine               - urlPOM: https://raw.githubusercontent.com/AlmasB/FXGL/release/README.md
18:01:45.586 [FXGL Background Thread 3 ] DEBUG Engine               - userAppClass: class com.example.demo.HelloController
18:01:45.586 [FXGL Background Thread 3 ] DEBUG Engine               - version: 0.0
18:01:45.586 [FXGL Background Thread 3 ] DEBUG Engine               - versionCheckDays: 7
18:01:45.586 [FXGL Background Thread 3 ] DEBUG Engine               - width: 1920
18:01:45.586 [FXGL Background Thread 3 ] DEBUG Engine               - Logging services
18:01:45.586 [FXGL Background Thread 3 ] DEBUG Engine               - class com.almasb.fxgl.app.services.FXGLAssetLoaderService
18:01:45.587 [FXGL Background Thread 3 ] DEBUG Engine               - class com.almasb.fxgl.app.FXGLApplication$GameApplicationService
18:01:45.587 [FXGL Background Thread 3 ] DEBUG Engine               - class com.almasb.fxgl.app.services.FXGLDialogService
18:01:45.587 [FXGL Background Thread 3 ] DEBUG Engine               - class com.almasb.fxgl.app.services.IOTaskExecutorService
18:01:45.587 [FXGL Background Thread 3 ] DEBUG Engine               - class com.almasb.fxgl.io.FileSystemService
18:01:45.587 [FXGL Background Thread 3 ] DEBUG Engine               - class com.almasb.fxgl.localization.LocalizationService
18:01:45.587 [FXGL Background Thread 3 ] DEBUG Engine               - class com.almasb.fxgl.app.services.SystemBundleService
18:01:45.587 [FXGL Background Thread 3 ] DEBUG Engine               - class com.almasb.fxgl.profile.SaveLoadService
18:01:45.587 [FXGL Background Thread 3 ] DEBUG Engine               - class com.almasb.fxgl.ui.FXGLUIFactoryServiceProvider
18:01:45.587 [FXGL Background Thread 3 ] DEBUG Engine               - class com.almasb.fxgl.ui.FXGLDialogFactoryServiceProvider
18:01:45.587 [FXGL Background Thread 3 ] DEBUG Engine               - class com.almasb.fxgl.audio.AudioPlayer
18:01:45.587 [FXGL Background Thread 3 ] DEBUG Engine               - class com.almasb.fxgl.notification.impl.NotificationServiceProvider
18:01:45.587 [FXGL Background Thread 3 ] DEBUG Engine               - class com.almasb.fxgl.achievement.AchievementService
18:01:45.587 [FXGL Background Thread 3 ] DEBUG Engine               - class com.almasb.fxgl.cutscene.CutsceneService
18:01:45.588 [FXGL Background Thread 3 ] DEBUG Engine               - class com.almasb.fxgl.minigames.MiniGameService
18:01:45.588 [FXGL Background Thread 3 ] DEBUG Engine               - class com.almasb.fxgl.net.NetService
18:01:45.588 [FXGL Background Thread 3 ] DEBUG Engine               - class com.almasb.fxgl.app.services.UpdaterService
18:01:45.588 [FXGL Background Thread 3 ] DEBUG Engine               - class com.almasb.fxgl.dev.DevService
18:01:45.591 [FXGL Background Thread 2 ] DEBUG FXGLAssetLoaderServi - Loading from file system: file:/C:/Users/zyla/demoGame4OOP/target/classes/assets/textures/female/female_ult.png
18:01:45.603 [FXGL Background Thread 2 ] DEBUG FXGLAssetLoaderServi - Loading from file system: file:/C:/Users/zyla/demoGame4OOP/target/classes/assets/textures/female/female_hit.png
18:01:45.654 [FXGL Background Thread 2 ] INFO  FXGLApplication      - Game initialization took: 0.735 sec
18:01:45.658 [JavaFX Application Thread] DEBUG Input                - Clearing active input actions
18:01:45.679 [JavaFX Application Thread] DEBUG GameApplicationServi - Removing overlay from FXGLLoadingScene and adding to GameScene
18:01:45.679 [JavaFX Application Thread] DEBUG PrimaryStageWindow   - FXGLLoadingScene -> GameScene
18:01:49.666 [JavaFX Application Thread] DEBUG PrimaryStageWindow   - Push state: CustomPauseMenu
18:01:49.666 [JavaFX Application Thread] DEBUG Input                - Clearing active input actions
18:01:49.667 [JavaFX Application Thread] DEBUG GameApplicationServi - Removing overlay from GameScene and adding to CustomPauseMenu
18:01:49.667 [JavaFX Application Thread] DEBUG PrimaryStageWindow   - GameScene -> CustomPauseMenu
18:01:50.450 [JavaFX Application Thread] DEBUG Menu                 - fireExitToMainMenu()
18:01:50.469 [JavaFX Application Thread] DEBUG PrimaryStageWindow   - Push state: DialogSubScene
18:01:50.469 [JavaFX Application Thread] DEBUG Input                - Clearing active input actions
18:01:50.471 [JavaFX Application Thread] DEBUG GameApplicationServi - Removing overlay from CustomPauseMenu and adding to DialogSubScene
18:01:50.471 [JavaFX Application Thread] DEBUG PrimaryStageWindow   - CustomPauseMenu -> DialogSubScene
18:01:51.285 [JavaFX Application Thread] DEBUG PrimaryStageWindow   - Pop state: DialogSubScene
18:01:51.285 [JavaFX Application Thread] DEBUG Input                - Clearing active input actions
18:01:51.286 [JavaFX Application Thread] DEBUG GameApplicationServi - Removing overlay from DialogSubScene and adding to CustomPauseMenu
18:01:51.286 [JavaFX Application Thread] DEBUG PrimaryStageWindow   - CustomPauseMenu <- DialogSubScene
18:01:51.286 [JavaFX Application Thread] DEBUG PrimaryStageWindow   - Pop state: CustomPauseMenu
18:01:51.286 [JavaFX Application Thread] DEBUG Input                - Clearing active input actions
18:01:51.286 [JavaFX Application Thread] DEBUG GameApplicationServi - Removing overlay from CustomPauseMenu and adding to GameScene
18:01:51.286 [JavaFX Application Thread] DEBUG PrimaryStageWindow   - GameScene <- CustomPauseMenu
18:01:51.286 [JavaFX Application Thread] DEBUG Input                - Clearing active input actions
18:01:51.298 [JavaFX Application Thread] DEBUG GameApplicationServi - Removing overlay from GameScene and adding to FXGLMainMenuDummyScene
18:01:51.298 [JavaFX Application Thread] DEBUG PrimaryStageWindow   - GameScene -> FXGLMainMenuDummyScene
18:01:51.298 [JavaFX Application Thread] DEBUG PrimaryStageWindow   - Push state: CustomMainMenu
18:01:51.298 [JavaFX Application Thread] DEBUG Input                - Clearing active input actions
18:01:51.302 [JavaFX Application Thread] DEBUG GameApplicationServi - Removing overlay from FXGLMainMenuDummyScene and adding to CustomMainMenu
18:01:51.303 [JavaFX Application Thread] DEBUG PrimaryStageWindow   - FXGLMainMenuDummyScene -> CustomMainMenu
18:01:52.626 [JavaFX Application Thread] DEBUG Menu                 - fireNewGame()
18:01:52.626 [JavaFX Application Thread] DEBUG GameApplicationServi - Starting new game
18:01:52.626 [JavaFX Application Thread] DEBUG PrimaryStageWindow   - Pop state: CustomMainMenu
18:01:52.626 [JavaFX Application Thread] DEBUG Input                - Clearing active input actions
18:01:52.627 [JavaFX Application Thread] DEBUG GameApplicationServi - Removing overlay from CustomMainMenu and adding to FXGLMainMenuDummyScene
18:01:52.627 [JavaFX Application Thread] DEBUG PrimaryStageWindow   - FXGLMainMenuDummyScene <- CustomMainMenu
18:01:52.627 [JavaFX Application Thread] DEBUG Input                - Clearing active input actions
18:01:52.634 [JavaFX Application Thread] DEBUG GameApplicationServi - Removing overlay from FXGLMainMenuDummyScene and adding to FXGLLoadingScene
18:01:52.634 [JavaFX Application Thread] DEBUG PrimaryStageWindow   - FXGLMainMenuDummyScene -> FXGLLoadingScene
18:01:52.634 [JavaFX Application Thread] DEBUG GameApplicationServi - Clearing previous game
18:01:52.634 [JavaFX Application Thread] DEBUG GameScene            - Clearing game scene
18:01:52.634 [JavaFX Application Thread] DEBUG GameWorld            - Clearing game world
18:01:52.636 [JavaFX Application Thread] DEBUG PhysicsWorld         - Clearing physics world
18:01:52.637 [FXGL Background Thread 2 ] DEBUG FXGLApplication      - Initializing game
18:01:52.653 [FXGL Background Thread 2 ] WARN  TMXLevelLoader       - TiledMap generated from 1.11.2. Supported version: 1.2.3. Some features may not be parsed fully.
18:01:52.659 [FXGL Background Thread 2 ] DEBUG TMXLevelLoader       - Parsed TiledMap: file:/C:/Users/zyla/demoGame4OOP/target/classes/assets/levels/tmx/map3.tmx
18:01:52.659 [FXGL Background Thread 2 ] DEBUG TMXLevelLoader       - Creating tile layer entities
18:01:52.660 [FXGL Background Thread 2 ] DEBUG TilesetLoader        - Loading view for layer Tile Layer 1
18:01:52.666 [FXGL Background Thread 2 ] DEBUG TilesetLoader        - Created buffer with size 1920.0x1088.0
18:01:52.833 [FXGL Background Thread 2 ] DEBUG TMXLevelLoader       - Creating object layer entities
18:01:52.835 [FXGL Background Thread 2 ] DEBUG GameWorld            - Clearing removable entities
18:01:52.835 [FXGL Background Thread 2 ] DEBUG GameWorld            - Setting level: com.almasb.fxgl.entity.level.Level@29715644
18:01:52.856 [FXGL Background Thread 2 ] INFO  FXGLApplication      - Game initialization took: 0.220 sec
18:01:52.881 [JavaFX Application Thread] DEBUG Input                - Clearing active input actions
18:01:52.886 [JavaFX Application Thread] DEBUG GameApplicationServi - Removing overlay from FXGLLoadingScene and adding to GameScene
18:01:52.887 [JavaFX Application Thread] DEBUG PrimaryStageWindow   - FXGLLoadingScene -> GameScene
18:01:57.137 [JavaFX Application Thread] DEBUG PrimaryStageWindow   - Push state: CustomPauseMenu
18:01:57.137 [JavaFX Application Thread] DEBUG Input                - Clearing active input actions
18:01:57.138 [JavaFX Application Thread] DEBUG GameApplicationServi - Removing overlay from GameScene and adding to CustomPauseMenu
18:01:57.138 [JavaFX Application Thread] DEBUG PrimaryStageWindow   - GameScene -> CustomPauseMenu
18:01:57.581 [JavaFX Application Thread] DEBUG Menu                 - fireExitToMainMenu()
18:01:57.583 [JavaFX Application Thread] DEBUG PrimaryStageWindow   - Push state: DialogSubScene
18:01:57.583 [JavaFX Application Thread] DEBUG Input                - Clearing active input actions
18:01:57.584 [JavaFX Application Thread] DEBUG GameApplicationServi - Removing overlay from CustomPauseMenu and adding to DialogSubScene
18:01:57.584 [JavaFX Application Thread] DEBUG PrimaryStageWindow   - CustomPauseMenu -> DialogSubScene
18:01:58.147 [JavaFX Application Thread] DEBUG PrimaryStageWindow   - Pop state: DialogSubScene
18:01:58.147 [JavaFX Application Thread] DEBUG Input                - Clearing active input actions
18:01:58.148 [JavaFX Application Thread] DEBUG GameApplicationServi - Removing overlay from DialogSubScene and adding to CustomPauseMenu
18:01:58.149 [JavaFX Application Thread] DEBUG PrimaryStageWindow   - CustomPauseMenu <- DialogSubScene
18:01:58.149 [JavaFX Application Thread] DEBUG PrimaryStageWindow   - Pop state: CustomPauseMenu
18:01:58.149 [JavaFX Application Thread] DEBUG Input                - Clearing active input actions
18:01:58.149 [JavaFX Application Thread] DEBUG GameApplicationServi - Removing overlay from CustomPauseMenu and adding to GameScene
18:01:58.149 [JavaFX Application Thread] DEBUG PrimaryStageWindow   - GameScene <- CustomPauseMenu
18:01:58.149 [JavaFX Application Thread] DEBUG Input                - Clearing active input actions
18:01:58.156 [JavaFX Application Thread] DEBUG GameApplicationServi - Removing overlay from GameScene and adding to FXGLMainMenuDummyScene
18:01:58.156 [JavaFX Application Thread] DEBUG PrimaryStageWindow   - GameScene -> FXGLMainMenuDummyScene
18:01:58.156 [JavaFX Application Thread] DEBUG PrimaryStageWindow   - Push state: CustomMainMenu
18:01:58.157 [JavaFX Application Thread] DEBUG Input                - Clearing active input actions
18:01:58.158 [JavaFX Application Thread] DEBUG GameApplicationServi - Removing overlay from FXGLMainMenuDummyScene and adding to CustomMainMenu
18:01:58.158 [JavaFX Application Thread] DEBUG PrimaryStageWindow   - FXGLMainMenuDummyScene -> CustomMainMenu
18:01:58.852 [JavaFX Application Thread] DEBUG Menu                 - fireNewGame()
18:01:58.852 [JavaFX Application Thread] DEBUG GameApplicationServi - Starting new game
18:01:58.852 [JavaFX Application Thread] DEBUG PrimaryStageWindow   - Pop state: CustomMainMenu
18:01:58.852 [JavaFX Application Thread] DEBUG Input                - Clearing active input actions
18:01:58.853 [JavaFX Application Thread] DEBUG GameApplicationServi - Removing overlay from CustomMainMenu and adding to FXGLMainMenuDummyScene
18:01:58.853 [JavaFX Application Thread] DEBUG PrimaryStageWindow   - FXGLMainMenuDummyScene <- CustomMainMenu
18:01:58.853 [JavaFX Application Thread] DEBUG Input                - Clearing active input actions
18:01:58.860 [JavaFX Application Thread] DEBUG GameApplicationServi - Removing overlay from FXGLMainMenuDummyScene and adding to FXGLLoadingScene
18:01:58.861 [JavaFX Application Thread] DEBUG PrimaryStageWindow   - FXGLMainMenuDummyScene -> FXGLLoadingScene
18:01:58.861 [JavaFX Application Thread] DEBUG GameApplicationServi - Clearing previous game
18:01:58.861 [JavaFX Application Thread] DEBUG GameScene            - Clearing game scene
18:01:58.861 [JavaFX Application Thread] DEBUG GameWorld            - Clearing game world
18:01:58.862 [JavaFX Application Thread] DEBUG PhysicsWorld         - Clearing physics world
18:01:58.863 [FXGL Background Thread 2 ] DEBUG FXGLApplication      - Initializing game
18:01:58.874 [FXGL Background Thread 2 ] WARN  TMXLevelLoader       - TiledMap generated from 1.11.2. Supported version: 1.2.3. Some features may not be parsed fully.
18:01:58.884 [FXGL Background Thread 2 ] DEBUG TMXLevelLoader       - Parsed TiledMap: file:/C:/Users/zyla/demoGame4OOP/target/classes/assets/levels/tmx/map3.tmx
18:01:58.884 [FXGL Background Thread 2 ] DEBUG TMXLevelLoader       - Creating tile layer entities
18:01:58.884 [FXGL Background Thread 2 ] DEBUG TilesetLoader        - Loading view for layer Tile Layer 1
18:01:58.887 [FXGL Background Thread 2 ] DEBUG TilesetLoader        - Created buffer with size 1920.0x1088.0
18:01:58.999 [FXGL Background Thread 2 ] DEBUG TMXLevelLoader       - Creating object layer entities
18:01:59.000 [FXGL Background Thread 2 ] DEBUG GameWorld            - Clearing removable entities
18:01:59.000 [FXGL Background Thread 2 ] DEBUG GameWorld            - Setting level: com.almasb.fxgl.entity.level.Level@1ff7814b
18:01:59.006 [FXGL Background Thread 2 ] INFO  FXGLApplication      - Game initialization took: 0.143 sec
18:01:59.006 [JavaFX Application Thread] DEBUG Input                - Clearing active input actions
18:01:59.012 [JavaFX Application Thread] DEBUG GameApplicationServi - Removing overlay from FXGLLoadingScene and adding to GameScene
18:01:59.013 [JavaFX Application Thread] DEBUG PrimaryStageWindow   - FXGLLoadingScene -> GameScene
18:02:00.946 [JavaFX Application Thread] DEBUG PrimaryStageWindow   - Push state: CustomPauseMenu
18:02:00.946 [JavaFX Application Thread] DEBUG Input                - Clearing active input actions
18:02:00.974 [JavaFX Application Thread] DEBUG GameApplicationServi - Removing overlay from GameScene and adding to CustomPauseMenu
18:02:00.975 [JavaFX Application Thread] DEBUG PrimaryStageWindow   - GameScene -> CustomPauseMenu
18:02:01.354 [JavaFX Application Thread] DEBUG Menu                 - fireExitToMainMenu()
18:02:01.355 [JavaFX Application Thread] DEBUG PrimaryStageWindow   - Push state: DialogSubScene
18:02:01.355 [JavaFX Application Thread] DEBUG Input                - Clearing active input actions
18:02:01.355 [JavaFX Application Thread] DEBUG GameApplicationServi - Removing overlay from CustomPauseMenu and adding to DialogSubScene
18:02:01.357 [JavaFX Application Thread] DEBUG PrimaryStageWindow   - CustomPauseMenu -> DialogSubScene
18:02:01.896 [JavaFX Application Thread] DEBUG PrimaryStageWindow   - Pop state: DialogSubScene
18:02:01.896 [JavaFX Application Thread] DEBUG Input                - Clearing active input actions
18:02:01.897 [JavaFX Application Thread] DEBUG GameApplicationServi - Removing overlay from DialogSubScene and adding to CustomPauseMenu
18:02:01.898 [JavaFX Application Thread] DEBUG PrimaryStageWindow   - CustomPauseMenu <- DialogSubScene
18:02:01.898 [JavaFX Application Thread] DEBUG PrimaryStageWindow   - Pop state: CustomPauseMenu
18:02:01.898 [JavaFX Application Thread] DEBUG Input                - Clearing active input actions
18:02:01.898 [JavaFX Application Thread] DEBUG GameApplicationServi - Removing overlay from CustomPauseMenu and adding to GameScene
18:02:01.899 [JavaFX Application Thread] DEBUG PrimaryStageWindow   - GameScene <- CustomPauseMenu
18:02:01.899 [JavaFX Application Thread] DEBUG Input                - Clearing active input actions
18:02:01.904 [JavaFX Application Thread] DEBUG GameApplicationServi - Removing overlay from GameScene and adding to FXGLMainMenuDummyScene
18:02:01.904 [JavaFX Application Thread] DEBUG PrimaryStageWindow   - GameScene -> FXGLMainMenuDummyScene
18:02:01.904 [JavaFX Application Thread] DEBUG PrimaryStageWindow   - Push state: CustomMainMenu
18:02:01.904 [JavaFX Application Thread] DEBUG Input                - Clearing active input actions
18:02:01.906 [JavaFX Application Thread] DEBUG GameApplicationServi - Removing overlay from FXGLMainMenuDummyScene and adding to CustomMainMenu
18:02:01.906 [JavaFX Application Thread] DEBUG PrimaryStageWindow   - FXGLMainMenuDummyScene -> CustomMainMenu
18:02:02.996 [JavaFX Application Thread] DEBUG Menu                 - fireNewGame()
18:02:02.996 [JavaFX Application Thread] DEBUG GameApplicationServi - Starting new game
18:02:02.996 [JavaFX Application Thread] DEBUG PrimaryStageWindow   - Pop state: CustomMainMenu
18:02:02.996 [JavaFX Application Thread] DEBUG Input                - Clearing active input actions
18:02:02.997 [JavaFX Application Thread] DEBUG GameApplicationServi - Removing overlay from CustomMainMenu and adding to FXGLMainMenuDummyScene
18:02:02.997 [JavaFX Application Thread] DEBUG PrimaryStageWindow   - FXGLMainMenuDummyScene <- CustomMainMenu
18:02:02.997 [JavaFX Application Thread] DEBUG Input                - Clearing active input actions
18:02:03.004 [JavaFX Application Thread] DEBUG GameApplicationServi - Removing overlay from FXGLMainMenuDummyScene and adding to FXGLLoadingScene
18:02:03.004 [JavaFX Application Thread] DEBUG PrimaryStageWindow   - FXGLMainMenuDummyScene -> FXGLLoadingScene
18:02:03.004 [JavaFX Application Thread] DEBUG GameApplicationServi - Clearing previous game
18:02:03.004 [JavaFX Application Thread] DEBUG GameScene            - Clearing game scene
18:02:03.004 [JavaFX Application Thread] DEBUG GameWorld            - Clearing game world
18:02:03.005 [JavaFX Application Thread] DEBUG PhysicsWorld         - Clearing physics world
18:02:03.006 [FXGL Background Thread 2 ] DEBUG FXGLApplication      - Initializing game
18:02:03.015 [FXGL Background Thread 2 ] WARN  TMXLevelLoader       - TiledMap generated from 1.11.2. Supported version: 1.2.3. Some features may not be parsed fully.
18:02:03.021 [FXGL Background Thread 2 ] DEBUG TMXLevelLoader       - Parsed TiledMap: file:/C:/Users/zyla/demoGame4OOP/target/classes/assets/levels/tmx/map5.tmx
18:02:03.021 [FXGL Background Thread 2 ] DEBUG TMXLevelLoader       - Creating tile layer entities
18:02:03.021 [FXGL Background Thread 2 ] DEBUG TilesetLoader        - Loading view for layer Tile Layer 1
18:02:03.033 [FXGL Background Thread 2 ] DEBUG TilesetLoader        - Created buffer with size 1920.0x1088.0
18:02:03.151 [FXGL Background Thread 2 ] DEBUG TMXLevelLoader       - Creating object layer entities
18:02:03.153 [FXGL Background Thread 2 ] DEBUG GameWorld            - Clearing removable entities
18:02:03.153 [FXGL Background Thread 2 ] DEBUG GameWorld            - Setting level: com.almasb.fxgl.entity.level.Level@7c4962bd
18:02:03.167 [FXGL Background Thread 2 ] INFO  FXGLApplication      - Game initialization took: 0.161 sec
18:02:03.167 [JavaFX Application Thread] DEBUG Input                - Clearing active input actions
18:02:03.173 [JavaFX Application Thread] DEBUG GameApplicationServi - Removing overlay from FXGLLoadingScene and adding to GameScene
18:02:03.174 [JavaFX Application Thread] DEBUG PrimaryStageWindow   - FXGLLoadingScene -> GameScene
18:02:03.441 [JavaFX Application Thread] DEBUG PrimaryStageWindow   - Push state: CustomPauseMenu
18:02:03.441 [JavaFX Application Thread] DEBUG Input                - Clearing active input actions
18:02:03.442 [JavaFX Application Thread] DEBUG GameApplicationServi - Removing overlay from GameScene and adding to CustomPauseMenu
18:02:03.442 [JavaFX Application Thread] DEBUG PrimaryStageWindow   - GameScene -> CustomPauseMenu
18:02:03.966 [JavaFX Application Thread] DEBUG Menu                 - fireExitToMainMenu()
18:02:03.967 [JavaFX Application Thread] DEBUG PrimaryStageWindow   - Push state: DialogSubScene
18:02:03.967 [JavaFX Application Thread] DEBUG Input                - Clearing active input actions
18:02:03.968 [JavaFX Application Thread] DEBUG GameApplicationServi - Removing overlay from CustomPauseMenu and adding to DialogSubScene
18:02:03.968 [JavaFX Application Thread] DEBUG PrimaryStageWindow   - CustomPauseMenu -> DialogSubScene
18:02:05.548 [JavaFX Application Thread] DEBUG PrimaryStageWindow   - Pop state: DialogSubScene
18:02:05.548 [JavaFX Application Thread] DEBUG Input                - Clearing active input actions
18:02:05.549 [JavaFX Application Thread] DEBUG GameApplicationServi - Removing overlay from DialogSubScene and adding to CustomPauseMenu
18:02:05.551 [JavaFX Application Thread] DEBUG PrimaryStageWindow   - CustomPauseMenu <- DialogSubScene
18:02:05.551 [JavaFX Application Thread] DEBUG PrimaryStageWindow   - Pop state: CustomPauseMenu
18:02:05.551 [JavaFX Application Thread] DEBUG Input                - Clearing active input actions
18:02:05.551 [JavaFX Application Thread] DEBUG GameApplicationServi - Removing overlay from CustomPauseMenu and adding to GameScene
18:02:05.551 [JavaFX Application Thread] DEBUG PrimaryStageWindow   - GameScene <- CustomPauseMenu
18:02:05.551 [JavaFX Application Thread] DEBUG Input                - Clearing active input actions
18:02:05.555 [JavaFX Application Thread] DEBUG GameApplicationServi - Removing overlay from GameScene and adding to FXGLMainMenuDummyScene
18:02:05.555 [JavaFX Application Thread] DEBUG PrimaryStageWindow   - GameScene -> FXGLMainMenuDummyScene
18:02:05.555 [JavaFX Application Thread] DEBUG PrimaryStageWindow   - Push state: CustomMainMenu
18:02:05.555 [JavaFX Application Thread] DEBUG Input                - Clearing active input actions
18:02:05.556 [JavaFX Application Thread] DEBUG GameApplicationServi - Removing overlay from FXGLMainMenuDummyScene and adding to CustomMainMenu
18:02:05.556 [JavaFX Application Thread] DEBUG PrimaryStageWindow   - FXGLMainMenuDummyScene -> CustomMainMenu
18:02:06.404 [JavaFX Application Thread] DEBUG PrimaryStageWindow   - Push state: DialogSubScene
18:02:06.404 [JavaFX Application Thread] DEBUG Input                - Clearing active input actions
18:02:06.406 [JavaFX Application Thread] DEBUG GameApplicationServi - Removing overlay from CustomMainMenu and adding to DialogSubScene
18:02:06.406 [JavaFX Application Thread] DEBUG PrimaryStageWindow   - CustomMainMenu -> DialogSubScene
18:02:07.081 [JavaFX Application Thread] DEBUG PrimaryStageWindow   - Pop state: DialogSubScene
18:02:07.081 [JavaFX Application Thread] DEBUG Input                - Clearing active input actions
18:02:07.082 [JavaFX Application Thread] DEBUG GameApplicationServi - Removing overlay from DialogSubScene and adding to CustomMainMenu
18:02:07.082 [JavaFX Application Thread] DEBUG PrimaryStageWindow   - CustomMainMenu <- DialogSubScene
18:02:07.082 [JavaFX Application Thread] DEBUG FXGLApplication      - Exiting FXGL
18:02:07.082 [JavaFX Application Thread] DEBUG LoopRunner           - Stopping loop
18:02:07.083 [JavaFX Application Thread] DEBUG SystemBundleService  - Saving FXGL system data
18:02:07.086 [JavaFX Application Thread] DEBUG FileSystemAccess     - Writing to: C:\Users\zyla\demoGame4OOP\system\fxgl.bundle
18:02:07.089 [JavaFX Application Thread] DEBUG Async                - Shutting down background threads
18:02:07.089 [JavaFX Application Thread] DEBUG PrimaryStageWindow   - Closing main window
18:02:07.118 [JavaFX Application Thread] DEBUG Logger               - Closing Logger
