19:48:23.335 [main                     ] DEBUG Logger               - Configured Logger
19:48:23.338 [main                     ] DEBUG GameApplication      - Logging settings
Title: OOP GAME
Version: 0.1
Width: 1200
Height: 240
Fullscreen: false
Intro: true
Profiling: true
Single step:false
App Mode: DEVELOPER
Menu Key: ESCAPE
Stage Style: DECORATED
Scene Factory: class com.almasb.fxgl.app.scene.SceneFactory

19:48:23.756 [JavaFX Application Thread] DEBUG FXGLApplication      - Initializing FXGL
19:48:23.758 [JavaFX Application Thread] INFO  Engine               - FXGL-11.17 (16.07.2021 15.46) on WINDOWS (J:23.0.2 FX:17.0.6)
19:48:23.758 [JavaFX Application Thread] DEBUG Engine               - JRE Vendor Name: Oracle Corporation
19:48:23.758 [JavaFX Application Thread] DEBUG Engine               - Running on OS: Windows 11 version 10.0
19:48:23.758 [JavaFX Application Thread] DEBUG Engine               - Architecture: amd64
19:48:23.758 [JavaFX Application Thread] INFO  Engine               - Source code and latest versions at: https://github.com/AlmasB/FXGL
19:48:23.759 [JavaFX Application Thread] INFO  Engine               -              Join the FXGL chat at: https://gitter.im/AlmasB/FXGL
19:48:23.872 [JavaFX Application Thread] DEBUG PrimaryStageWindow   - Creating a JavaFX scene
19:48:23.927 [JavaFX Application Thread] DEBUG PrimaryStageWindow   - Target settings size: 1200.0 x 240.0
19:48:23.927 [JavaFX Application Thread] DEBUG PrimaryStageWindow   - Scaled scene size:    1200.0 x 240.0
19:48:23.927 [JavaFX Application Thread] DEBUG PrimaryStageWindow   - Scaled ratio: (1.0, 1.0)
19:48:23.928 [JavaFX Application Thread] DEBUG PrimaryStageWindow   - Set initial scene to FXGLStartupScene
19:48:23.936 [JavaFX Application Thread] DEBUG PrimaryStageWindow   - Opening main window
19:48:24.039 [JavaFX Application Thread] DEBUG PrimaryStageWindow   - Window border size: (16.0, 39.0)
19:48:24.039 [JavaFX Application Thread] DEBUG PrimaryStageWindow   - Scaled size: 1200.0 x 240.0
19:48:24.039 [JavaFX Application Thread] DEBUG PrimaryStageWindow   - Scaled ratio: (1.0, 1.0)
19:48:24.039 [JavaFX Application Thread] DEBUG PrimaryStageWindow   - Scene size: 1200.0 x 240.0
19:48:24.039 [JavaFX Application Thread] DEBUG PrimaryStageWindow   - Stage size: 1216.0 x 279.0
19:48:24.051 [FXGL Background Thread 1 ] DEBUG Engine               - Initializing environment variables
19:48:24.190 [FXGL Background Thread 1 ] DEBUG FXGLAssetLoaderServi - User app class for loading assets: class com.example.demo.HelloApplication
19:48:24.190 [FXGL Background Thread 1 ] DEBUG GameApplicationServi - Applying CSS: fxgl_dark.css
19:48:24.191 [FXGL Background Thread 1 ] DEBUG FXGLAssetLoaderServi - Loading from file system: jar:file:///C:/Users/zyla/.m2/repository/com/github/almasb/fxgl/11.17/fxgl-11.17.jar!/fxglassets/ui/css/fxgl_dark.css
19:48:24.256 [FXGL Background Thread 1 ] DEBUG GameApplicationServi - Initializing application scenes
19:48:24.374 [FXGL Background Thread 1 ] DEBUG GameWorld            - Game world initialized
19:48:24.454 [FXGL Background Thread 1 ] DEBUG PhysicsWorld         - Physics world initialized: appHeight=240, physics.ppm=50.0
19:48:24.455 [FXGL Background Thread 1 ] DEBUG PhysicsWorld         - Using strategy: BRUTE_FORCE
19:48:24.457 [FXGL Background Thread 1 ] DEBUG GameScene            - Game scene initialized: 1200x240
19:48:24.499 [FXGL Background Thread 1 ] DEBUG FXGLAssetLoaderServi - Loading from file system: jar:file:///C:/Users/zyla/.m2/repository/com/github/almasb/fxgl/11.17/fxgl-11.17.jar!/fxglassets/textures/intro/fxgl_logo.png
19:48:24.535 [FXGL Background Thread 1 ] DEBUG FXGLAssetLoaderServi - Loading from file system: jar:file:///C:/Users/zyla/.m2/repository/com/github/almasb/fxgl/11.17/fxgl-11.17.jar!/fxglassets/textures/intro/javafx_logo.png
19:48:24.739 [FXGL Background Thread 1 ] WARN  FXGL.DefaultMenu     - FXGLDefaultMenu is not designed for resolutions < 800x600
19:48:24.739 [FXGL Background Thread 1 ] DEBUG FXGL.DefaultMenu     - createMenuBodyMainMenu()
19:48:24.768 [FXGL Background Thread 1 ] DEBUG FXGL.DefaultMenu     - createOptionsMenu()
19:48:24.783 [FXGL Background Thread 1 ] DEBUG FXGLAssetLoaderServi - Loading from file system: jar:file:///C:/Users/zyla/.m2/repository/com/github/almasb/fxgl/11.17/fxgl-11.17.jar!/fxglassets/textures/particles/smoke.png
19:48:24.915 [FXGL Background Thread 1 ] DEBUG FXGLAssetLoaderServi - Loading from file system: jar:file:///C:/Users/zyla/.m2/repository/com/github/almasb/fxgl/11.17/fxgl-11.17.jar!/fxglassets/textures/particles/trace_horizontal.png
19:48:24.938 [FXGL Background Thread 1 ] DEBUG GameApplicationServi - Application scenes initialized
19:48:24.952 [FXGL Background Thread 1 ] DEBUG SystemBundleService  - Loading FXGL system data
19:48:24.959 [FXGL Background Thread 1 ] DEBUG FileSystemAccess     - Reading from: C:\Users\zyla\demo\system\fxgl.bundle
19:48:24.968 [FXGL Background Thread 1 ] DEBUG SystemBundleService  - Bundle FXGL: {}
19:48:24.968 [FXGL Background Thread 1 ] DEBUG UpdaterService       - Checking for updates
19:48:24.978 [FXGL Background Thread 1 ] DEBUG FXGLApplication      - Loading default localization
19:48:24.979 [FXGL Background Thread 1 ] DEBUG FXGLAssetLoaderServi - Loading from file system: jar:file:///C:/Users/zyla/.m2/repository/com/github/almasb/fxgl/11.17/fxgl-11.17.jar!/fxglassets/languages/english.lang
19:48:25.000 [FXGL Background Thread 1 ] INFO  FXGLApplication      - FXGL initialization took: 0.950 sec
19:48:25.002 [FXGL Background Thread 4 ] DEBUG FXGLApplication      - Loading fonts
19:48:25.003 [FXGL Background Thread 4 ] DEBUG FXGLAssetLoaderServi - Loading from file system: jar:file:///C:/Users/zyla/.m2/repository/com/github/almasb/fxgl/11.17/fxgl-11.17.jar!/fxglassets/ui/fonts/VarelaRound-Regular.ttf
19:48:25.022 [JavaFX Application Thread] DEBUG Input                - Registered new binding: P1Left - A
19:48:25.022 [JavaFX Application Thread] DEBUG Input                - Registered new binding: P1Right - D
19:48:25.022 [JavaFX Application Thread] DEBUG Input                - Registered new binding: P1Jump - W
19:48:25.022 [JavaFX Application Thread] DEBUG Input                - Registered new binding: P1Punch - F
19:48:25.023 [JavaFX Application Thread] DEBUG Input                - Registered new binding: P2Left - J
19:48:25.024 [JavaFX Application Thread] DEBUG Input                - Registered new binding: P2Right - L
19:48:25.024 [JavaFX Application Thread] DEBUG Input                - Registered new binding: P2Jump - I
19:48:25.024 [JavaFX Application Thread] DEBUG Input                - Registered new binding: P2Punch - H
19:48:25.026 [JavaFX Application Thread] DEBUG FXGLAssetLoaderServi - Loading from file system: jar:file:///C:/Users/zyla/.m2/repository/com/github/almasb/fxgl/11.17/fxgl-11.17.jar!/fxglassets/textures/fxgl_icon.png
19:48:25.041 [JavaFX Application Thread] DEBUG FXGLAssetLoaderServi - Loading from file system: jar:file:///C:/Users/zyla/.m2/repository/com/github/almasb/fxgl/11.17/fxgl-11.17.jar!/fxglassets/textures/fxgl_default_cursor.png
19:48:25.044 [JavaFX Application Thread] DEBUG Input                - Registered new binding: Screenshot - CTRL+8
19:48:25.045 [JavaFX Application Thread] DEBUG Input                - Registered new binding: System info dump - CTRL+9
19:48:25.045 [JavaFX Application Thread] DEBUG Input                - Registered new binding: Restart - CTRL+R
19:48:25.046 [JavaFX Application Thread] DEBUG Input                - Registered new binding: Toggle Debug Camera - CTRL+C
19:48:25.050 [JavaFX Application Thread] DEBUG LoopRunner           - Starting loop
19:48:25.053 [JavaFX Application Thread] DEBUG LoopRunner           - Initializing JavaFX AnimationTimerLoop
19:48:25.128 [FXGL Background Thread 4 ] DEBUG FXGLAssetLoaderServi - Loading from file system: jar:file:///C:/Users/zyla/.m2/repository/com/github/almasb/fxgl/11.17/fxgl-11.17.jar!/fxglassets/ui/fonts/Abel-Regular.ttf
19:48:25.152 [FXGL Background Thread 4 ] DEBUG FXGLAssetLoaderServi - Loading from file system: jar:file:///C:/Users/zyla/.m2/repository/com/github/almasb/fxgl/11.17/fxgl-11.17.jar!/fxglassets/ui/fonts/lucida_console.ttf
19:48:25.195 [FXGL Background Thread 4 ] DEBUG FXGLAssetLoaderServi - Loading from file system: jar:file:///C:/Users/zyla/.m2/repository/com/github/almasb/fxgl/11.17/fxgl-11.17.jar!/fxglassets/ui/fonts/Courier-Prime.ttf
19:48:25.196 [JavaFX Application Thread] DEBUG Input                - Clearing active input actions
19:48:25.227 [JavaFX Application Thread] DEBUG GameApplicationServi - Removing overlay from FXGLStartupScene and adding to FXGLIntroScene
19:48:25.238 [JavaFX Application Thread] DEBUG PrimaryStageWindow   - FXGLStartupScene -> FXGLIntroScene
19:48:25.339 [JavaFX Application Thread] DEBUG FXGLApplication      - Registering font factories with UI factory
19:48:27.315 [FXGL Background Thread 2 ] INFO  UpdaterService       - Your current version:  11.17
19:48:27.316 [FXGL Background Thread 2 ] INFO  UpdaterService       - Latest stable version: 21.1
19:48:27.977 [FXGL Background Thread 3 ] DEBUG Engine               - Logging environment variables
19:48:27.978 [FXGL Background Thread 3 ] DEBUG Engine               - achievements: []
19:48:27.978 [FXGL Background Thread 3 ] DEBUG Engine               - actualHeight: 240.0
19:48:27.978 [FXGL Background Thread 3 ] DEBUG Engine               - actualHeightProperty: ReadOnlyDoubleProperty [value: 240.0]
19:48:27.978 [FXGL Background Thread 3 ] DEBUG Engine               - actualWidth: 1200.0
19:48:27.978 [FXGL Background Thread 3 ] DEBUG Engine               - actualWidthProperty: ReadOnlyDoubleProperty [value: 1200.0]
19:48:27.978 [FXGL Background Thread 3 ] DEBUG Engine               - appIcon: fxgl_icon.png
19:48:27.978 [FXGL Background Thread 3 ] DEBUG Engine               - applicationMode: DEVELOPER
19:48:27.978 [FXGL Background Thread 3 ] DEBUG Engine               - cSSList: [fxgl_dark.css]
19:48:27.978 [FXGL Background Thread 3 ] DEBUG Engine               - collisionDetectionStrategy: BRUTE_FORCE
19:48:27.978 [FXGL Background Thread 3 ] DEBUG Engine               - configClass: Optional.empty
19:48:27.978 [FXGL Background Thread 3 ] DEBUG Engine               - credits: []
19:48:27.979 [FXGL Background Thread 3 ] DEBUG Engine               - defaultCursor: CursorInfo(imageName=fxgl_default_cursor.png, hotspotX=7.0, hotspotY=6.0)
19:48:27.979 [FXGL Background Thread 3 ] DEBUG Engine               - devBBoxColorProperty: ObjectProperty [value: 0xff0000ff]
19:48:27.979 [FXGL Background Thread 3 ] DEBUG Engine               - devEnableDebugCameraProperty: BooleanProperty [value: false]
19:48:27.979 [FXGL Background Thread 3 ] DEBUG Engine               - devSensorColorProperty: ObjectProperty [value: 0xffff00ff]
19:48:27.979 [FXGL Background Thread 3 ] DEBUG Engine               - devShowBBoxProperty: BooleanProperty [value: false]
19:48:27.979 [FXGL Background Thread 3 ] DEBUG Engine               - devShowPositionProperty: BooleanProperty [value: false]
19:48:27.979 [FXGL Background Thread 3 ] DEBUG Engine               - enabledMenuItems: []
19:48:27.979 [FXGL Background Thread 3 ] DEBUG Engine               - engineServices: [class com.almasb.fxgl.app.services.FXGLAssetLoaderService, class com.almasb.fxgl.app.FXGLApplication$GameApplicationService, class com.almasb.fxgl.app.services.FXGLDialogService, class com.almasb.fxgl.app.services.IOTaskExecutorService, class com.almasb.fxgl.io.FileSystemService, class com.almasb.fxgl.localization.LocalizationService, class com.almasb.fxgl.app.services.SystemBundleService, class com.almasb.fxgl.profile.SaveLoadService, class com.almasb.fxgl.ui.FXGLUIFactoryServiceProvider, class com.almasb.fxgl.ui.FXGLDialogFactoryServiceProvider, class com.almasb.fxgl.audio.AudioPlayer, class com.almasb.fxgl.notification.impl.NotificationServiceProvider, class com.almasb.fxgl.achievement.AchievementService, class com.almasb.fxgl.cutscene.CutsceneService, class com.almasb.fxgl.minigames.MiniGameService, class com.almasb.fxgl.net.NetService, class com.almasb.fxgl.app.services.UpdaterService, class com.almasb.fxgl.dev.DevService, class com.almasb.fxgl.dev.profiling.ProfilerService]
19:48:27.979 [FXGL Background Thread 3 ] DEBUG Engine               - fontGame: Abel-Regular.ttf
19:48:27.980 [FXGL Background Thread 3 ] DEBUG Engine               - fontMono: lucida_console.ttf
19:48:27.980 [FXGL Background Thread 3 ] DEBUG Engine               - fontText: Courier-Prime.ttf
19:48:27.980 [FXGL Background Thread 3 ] DEBUG Engine               - fontUI: VarelaRound-Regular.ttf
19:48:27.980 [FXGL Background Thread 3 ] DEBUG Engine               - fullScreen: BooleanProperty [value: false]
19:48:27.980 [FXGL Background Thread 3 ] DEBUG Engine               - gameDifficulty: MEDIUM
19:48:27.980 [FXGL Background Thread 3 ] DEBUG Engine               - gameDifficultyProperty: ObjectProperty [value: MEDIUM]
19:48:27.980 [FXGL Background Thread 3 ] DEBUG Engine               - globalMusicVolume: 0.5
19:48:27.980 [FXGL Background Thread 3 ] DEBUG Engine               - globalMusicVolumeProperty: DoubleProperty [value: 0.5]
19:48:27.980 [FXGL Background Thread 3 ] DEBUG Engine               - globalSoundVolume: 0.5
19:48:27.980 [FXGL Background Thread 3 ] DEBUG Engine               - globalSoundVolumeProperty: DoubleProperty [value: 0.5]
19:48:27.981 [FXGL Background Thread 3 ] DEBUG Engine               - height: 240
19:48:27.981 [FXGL Background Thread 3 ] DEBUG Engine               - is3D: false
19:48:27.981 [FXGL Background Thread 3 ] DEBUG Engine               - isAndroid: false
19:48:27.981 [FXGL Background Thread 3 ] DEBUG Engine               - isBrowser: false
19:48:27.981 [FXGL Background Thread 3 ] DEBUG Engine               - isClickFeedbackEnabled: false
19:48:27.981 [FXGL Background Thread 3 ] DEBUG Engine               - isCloseConfirmation: true
19:48:27.981 [FXGL Background Thread 3 ] DEBUG Engine               - isDesktop: true
19:48:27.981 [FXGL Background Thread 3 ] DEBUG Engine               - isDeveloperMenuEnabled: false
19:48:27.981 [FXGL Background Thread 3 ] DEBUG Engine               - isEntityPreloadEnabled: true
19:48:27.981 [FXGL Background Thread 3 ] DEBUG Engine               - isExperimentalTiledLargeMap: false
19:48:27.982 [FXGL Background Thread 3 ] DEBUG Engine               - isFileSystemWriteAllowed: true
19:48:27.982 [FXGL Background Thread 3 ] DEBUG Engine               - isFullScreenAllowed: false
19:48:27.982 [FXGL Background Thread 3 ] DEBUG Engine               - isFullScreenFromStart: false
19:48:27.982 [FXGL Background Thread 3 ] DEBUG Engine               - isGameMenuEnabled: false
19:48:27.983 [FXGL Background Thread 3 ] DEBUG Engine               - isIOS: false
19:48:27.983 [FXGL Background Thread 3 ] DEBUG Engine               - isIntroEnabled: true
19:48:27.983 [FXGL Background Thread 3 ] DEBUG Engine               - isLinux: false
19:48:27.983 [FXGL Background Thread 3 ] DEBUG Engine               - isMac: false
19:48:27.983 [FXGL Background Thread 3 ] DEBUG Engine               - isMainMenuEnabled: true
19:48:27.983 [FXGL Background Thread 3 ] DEBUG Engine               - isManualResizeEnabled: false
19:48:27.983 [FXGL Background Thread 3 ] DEBUG Engine               - isMobile: false
19:48:27.983 [FXGL Background Thread 3 ] DEBUG Engine               - isNative: false
19:48:27.983 [FXGL Background Thread 3 ] DEBUG Engine               - isPauseMusicWhenMinimized: true
19:48:27.983 [FXGL Background Thread 3 ] DEBUG Engine               - isPreserveResizeRatio: false
19:48:27.983 [FXGL Background Thread 3 ] DEBUG Engine               - isProfilingEnabled: true
19:48:27.983 [FXGL Background Thread 3 ] DEBUG Engine               - isScaleAffectedOnResize: true
19:48:27.983 [FXGL Background Thread 3 ] DEBUG Engine               - isSingleStep: false
19:48:27.983 [FXGL Background Thread 3 ] DEBUG Engine               - isUserProfileEnabled: false
19:48:27.984 [FXGL Background Thread 3 ] DEBUG Engine               - isWindows: true
19:48:27.984 [FXGL Background Thread 3 ] DEBUG Engine               - language: ObjectProperty [value: ENGLISH]
19:48:27.984 [FXGL Background Thread 3 ] DEBUG Engine               - menuKey: ESCAPE
19:48:27.984 [FXGL Background Thread 3 ] DEBUG Engine               - mouseSensitivity: 0.2
19:48:27.984 [FXGL Background Thread 3 ] DEBUG Engine               - notificationViewClass: class com.almasb.fxgl.notification.view.XboxNotificationView
19:48:27.984 [FXGL Background Thread 3 ] DEBUG Engine               - pixelsPerMeter: 50.0
19:48:27.984 [FXGL Background Thread 3 ] DEBUG Engine               - platform: WINDOWS
19:48:27.984 [FXGL Background Thread 3 ] DEBUG Engine               - prefHeightProperty: ReadOnlyDoubleProperty [value: 240.0]
19:48:27.984 [FXGL Background Thread 3 ] DEBUG Engine               - prefWidthProperty: ReadOnlyDoubleProperty [value: 1200.0]
19:48:27.984 [FXGL Background Thread 3 ] DEBUG Engine               - profileDir: profiles/
19:48:27.984 [FXGL Background Thread 3 ] DEBUG Engine               - profileName: StringProperty [value: DEFAULT]
19:48:27.984 [FXGL Background Thread 3 ] DEBUG Engine               - randomSeed: -1
19:48:27.984 [FXGL Background Thread 3 ] DEBUG Engine               - runtimeInfo: RuntimeInfo(platform=WINDOWS, version=11.17, build=16.07.2021 15.46)
19:48:27.984 [FXGL Background Thread 3 ] DEBUG Engine               - saveFileExt: sav
19:48:27.984 [FXGL Background Thread 3 ] DEBUG Engine               - scaledHeightProp$fxgl: DoubleProperty [bound, value: 240.0]
19:48:27.984 [FXGL Background Thread 3 ] DEBUG Engine               - scaledWidthProp$fxgl: DoubleProperty [bound, value: 1200.0]
19:48:27.984 [FXGL Background Thread 3 ] DEBUG Engine               - sceneFactory: com.almasb.fxgl.app.scene.SceneFactory@6c993465
19:48:27.985 [FXGL Background Thread 3 ] DEBUG Engine               - secondsIn24h: 60
19:48:27.985 [FXGL Background Thread 3 ] DEBUG Engine               - soundMenuBack: menu/back.wav
19:48:27.985 [FXGL Background Thread 3 ] DEBUG Engine               - soundMenuPress: menu/press.wav
19:48:27.985 [FXGL Background Thread 3 ] DEBUG Engine               - soundMenuSelect: menu/select.wav
19:48:27.985 [FXGL Background Thread 3 ] DEBUG Engine               - soundNotification: core/notification.wav
19:48:27.985 [FXGL Background Thread 3 ] DEBUG Engine               - stageStyle: DECORATED
19:48:27.985 [FXGL Background Thread 3 ] DEBUG Engine               - supportedLanguages: [ENGLISH, FRENCH, GERMAN, HUNGARIAN, RUSSIAN]
19:48:27.985 [FXGL Background Thread 3 ] DEBUG Engine               - ticksPerSecond: -1
19:48:27.985 [FXGL Background Thread 3 ] DEBUG Engine               - title: OOP GAME
19:48:27.985 [FXGL Background Thread 3 ] DEBUG Engine               - urlGithub: https://github.com/AlmasB/FXGL
19:48:27.985 [FXGL Background Thread 3 ] DEBUG Engine               - urlLeaderboard: http://fxgl-top.herokuapp.com/
19:48:27.985 [FXGL Background Thread 3 ] DEBUG Engine               - urlPOM: https://raw.githubusercontent.com/AlmasB/FXGL/release/README.md
19:48:27.985 [FXGL Background Thread 3 ] DEBUG Engine               - userAppClass: class com.example.demo.HelloApplication
19:48:27.985 [FXGL Background Thread 3 ] DEBUG Engine               - version: 0.1
19:48:27.985 [FXGL Background Thread 3 ] DEBUG Engine               - versionCheckDays: 7
19:48:27.986 [FXGL Background Thread 3 ] DEBUG Engine               - width: 1200
19:48:27.986 [FXGL Background Thread 3 ] DEBUG Engine               - Logging services
19:48:27.986 [FXGL Background Thread 3 ] DEBUG Engine               - class com.almasb.fxgl.app.services.FXGLAssetLoaderService
19:48:27.986 [FXGL Background Thread 3 ] DEBUG Engine               - class com.almasb.fxgl.app.FXGLApplication$GameApplicationService
19:48:27.986 [FXGL Background Thread 3 ] DEBUG Engine               - class com.almasb.fxgl.app.services.FXGLDialogService
19:48:27.986 [FXGL Background Thread 3 ] DEBUG Engine               - class com.almasb.fxgl.app.services.IOTaskExecutorService
19:48:27.986 [FXGL Background Thread 3 ] DEBUG Engine               - class com.almasb.fxgl.io.FileSystemService
19:48:27.986 [FXGL Background Thread 3 ] DEBUG Engine               - class com.almasb.fxgl.localization.LocalizationService
19:48:27.986 [FXGL Background Thread 3 ] DEBUG Engine               - class com.almasb.fxgl.app.services.SystemBundleService
19:48:27.986 [FXGL Background Thread 3 ] DEBUG Engine               - class com.almasb.fxgl.profile.SaveLoadService
19:48:27.986 [FXGL Background Thread 3 ] DEBUG Engine               - class com.almasb.fxgl.ui.FXGLUIFactoryServiceProvider
19:48:27.986 [FXGL Background Thread 3 ] DEBUG Engine               - class com.almasb.fxgl.ui.FXGLDialogFactoryServiceProvider
19:48:27.986 [FXGL Background Thread 3 ] DEBUG Engine               - class com.almasb.fxgl.audio.AudioPlayer
19:48:27.986 [FXGL Background Thread 3 ] DEBUG Engine               - class com.almasb.fxgl.notification.impl.NotificationServiceProvider
19:48:27.986 [FXGL Background Thread 3 ] DEBUG Engine               - class com.almasb.fxgl.achievement.AchievementService
19:48:27.986 [FXGL Background Thread 3 ] DEBUG Engine               - class com.almasb.fxgl.cutscene.CutsceneService
19:48:27.987 [FXGL Background Thread 3 ] DEBUG Engine               - class com.almasb.fxgl.minigames.MiniGameService
19:48:27.987 [FXGL Background Thread 3 ] DEBUG Engine               - class com.almasb.fxgl.net.NetService
19:48:27.987 [FXGL Background Thread 3 ] DEBUG Engine               - class com.almasb.fxgl.app.services.UpdaterService
19:48:27.987 [FXGL Background Thread 3 ] DEBUG Engine               - class com.almasb.fxgl.dev.DevService
19:48:27.987 [FXGL Background Thread 3 ] DEBUG Engine               - class com.almasb.fxgl.dev.profiling.ProfilerService
19:48:33.102 [JavaFX Application Thread] DEBUG Input                - Clearing active input actions
19:48:33.113 [JavaFX Application Thread] DEBUG GameApplicationServi - Removing overlay from FXGLIntroScene and adding to FXGLMainMenuDummyScene
19:48:33.115 [JavaFX Application Thread] DEBUG PrimaryStageWindow   - FXGLIntroScene -> FXGLMainMenuDummyScene
19:48:33.115 [JavaFX Application Thread] DEBUG PrimaryStageWindow   - Push state: FXGLDefaultMenu
19:48:33.120 [JavaFX Application Thread] DEBUG Input                - Clearing active input actions
19:48:33.125 [JavaFX Application Thread] DEBUG GameApplicationServi - Removing overlay from FXGLMainMenuDummyScene and adding to FXGLDefaultMenu
19:48:33.128 [JavaFX Application Thread] DEBUG PrimaryStageWindow   - FXGLMainMenuDummyScene -> FXGLDefaultMenu
19:48:37.972 [JavaFX Application Thread] DEBUG PrimaryStageWindow   - Push state: DialogSubScene
19:48:37.973 [JavaFX Application Thread] DEBUG Input                - Clearing active input actions
19:48:37.973 [JavaFX Application Thread] DEBUG GameApplicationServi - Removing overlay from FXGLDefaultMenu and adding to DialogSubScene
19:48:37.973 [JavaFX Application Thread] DEBUG PrimaryStageWindow   - FXGLDefaultMenu -> DialogSubScene
19:48:38.650 [JavaFX Application Thread] DEBUG PrimaryStageWindow   - Pop state: DialogSubScene
19:48:38.650 [JavaFX Application Thread] DEBUG Input                - Clearing active input actions
19:48:38.652 [JavaFX Application Thread] DEBUG GameApplicationServi - Removing overlay from DialogSubScene and adding to FXGLDefaultMenu
19:48:38.653 [JavaFX Application Thread] DEBUG PrimaryStageWindow   - FXGLDefaultMenu <- DialogSubScene
19:48:38.653 [JavaFX Application Thread] DEBUG FXGLApplication      - Exiting FXGL
19:48:38.653 [JavaFX Application Thread] DEBUG LoopRunner           - Stopping loop
19:48:38.653 [JavaFX Application Thread] DEBUG SystemBundleService  - Saving FXGL system data
19:48:38.659 [JavaFX Application Thread] DEBUG FileSystemAccess     - Writing to: C:\Users\zyla\demo\system\fxgl.bundle
19:48:38.665 [JavaFX Application Thread] INFO  ProfilerWindow       - Profiler (FPS) - 777 frames
19:48:38.665 [JavaFX Application Thread] INFO  ProfilerWindow       - Average: 58.51608751608752
19:48:38.666 [JavaFX Application Thread] INFO  ProfilerWindow       - Minimum: 53.0
19:48:38.666 [JavaFX Application Thread] INFO  ProfilerWindow       - Maximum: 61.0
19:48:38.666 [JavaFX Application Thread] INFO  ProfilerWindow       - Profiler (CPU (ms)) - 777 frames
19:48:38.666 [JavaFX Application Thread] INFO  ProfilerWindow       - Average: 2.090202445302446
19:48:38.666 [JavaFX Application Thread] INFO  ProfilerWindow       - Minimum: 0.0
19:48:38.666 [JavaFX Application Thread] INFO  ProfilerWindow       - Maximum: 66.2081
19:48:38.667 [JavaFX Application Thread] INFO  ProfilerWindow       - Profiler (RAM (MB)) - 777 frames
19:48:38.667 [JavaFX Application Thread] INFO  ProfilerWindow       - Average: 46.35793328009057
19:48:38.667 [JavaFX Application Thread] INFO  ProfilerWindow       - Minimum: 21.434158325195312
19:48:38.667 [JavaFX Application Thread] INFO  ProfilerWindow       - Maximum: 66.6587142944336
19:48:38.667 [JavaFX Application Thread] INFO  ProfilerService      - Estimated GC runs: 6
19:48:38.667 [JavaFX Application Thread] DEBUG Async                - Shutting down background threads
19:48:38.667 [JavaFX Application Thread] DEBUG PrimaryStageWindow   - Closing main window
19:48:38.694 [JavaFX Application Thread] DEBUG Logger               - Closing Logger
