14:47:00.437 [main                     ] DEBUG Logger               - Configured Logger
14:47:00.441 [main                     ] DEBUG GameApplication      - Logging settings
Title: Stictactics
Version: 0.0
Width: 1920
Height: 1080
Fullscreen: false
Intro: false
Profiling: false
Single step:false
App Mode: DEVELOPER
Menu Key: ESCAPE
Stage Style: DECORATED
Scene Factory: class com.example.demo.Factory.MySceneFactory

14:47:00.887 [JavaFX Application Thread] DEBUG FXGLApplication      - Initializing FXGL
14:47:00.891 [JavaFX Application Thread] INFO  Engine               - FXGL-11.17 (16.07.2021 15.46) on WINDOWS (J:23.0.2 FX:17.0.6)
14:47:00.891 [JavaFX Application Thread] DEBUG Engine               - JRE Vendor Name: Amazon.com Inc.
14:47:00.891 [JavaFX Application Thread] DEBUG Engine               - Running on OS: Windows 11 version 10.0
14:47:00.891 [JavaFX Application Thread] DEBUG Engine               - Architecture: amd64
14:47:00.891 [JavaFX Application Thread] INFO  Engine               - Source code and latest versions at: https://github.com/AlmasB/FXGL
14:47:00.892 [JavaFX Application Thread] INFO  Engine               -              Join the FXGL chat at: https://gitter.im/AlmasB/FXGL
14:47:01.005 [JavaFX Application Thread] DEBUG PrimaryStageWindow   - Creating a JavaFX scene
14:47:01.005 [JavaFX Application Thread] DEBUG PrimaryStageWindow   - Target size > screen size
14:47:01.062 [JavaFX Application Thread] DEBUG PrimaryStageWindow   - Target settings size: 1920.0 x 1080.0
14:47:01.062 [JavaFX Application Thread] DEBUG PrimaryStageWindow   - Scaled scene size:    1255.0 x 720.0
14:47:01.062 [JavaFX Application Thread] DEBUG PrimaryStageWindow   - Scaled ratio: (0.6536458333333334, 0.6666666666666666)
14:47:01.063 [JavaFX Application Thread] DEBUG PrimaryStageWindow   - Set initial scene to FXGLStartupScene
14:47:01.071 [JavaFX Application Thread] DEBUG PrimaryStageWindow   - Opening main window
14:47:01.177 [JavaFX Application Thread] DEBUG PrimaryStageWindow   - Window border size: (16.0, 39.0)
14:47:01.177 [JavaFX Application Thread] DEBUG PrimaryStageWindow   - Scaled size: 1255.0 x 720.0
14:47:01.177 [JavaFX Application Thread] DEBUG PrimaryStageWindow   - Scaled ratio: (0.6536458333333334, 0.6666666666666666)
14:47:01.177 [JavaFX Application Thread] DEBUG PrimaryStageWindow   - Scene size: 1255.0 x 720.0
14:47:01.177 [JavaFX Application Thread] DEBUG PrimaryStageWindow   - Stage size: 1271.0 x 759.0
14:47:01.186 [FXGL Background Thread 1 ] DEBUG Engine               - Initializing environment variables
14:47:01.329 [FXGL Background Thread 1 ] DEBUG FXGLAssetLoaderServi - User app class for loading assets: class com.example.demo.HelloController
14:47:01.329 [FXGL Background Thread 1 ] DEBUG GameApplicationServi - Applying CSS: fxgl_dark.css
14:47:01.330 [FXGL Background Thread 1 ] DEBUG FXGLAssetLoaderServi - Loading from file system: jar:file:///C:/Users/zyla/.m2/repository/com/github/almasb/fxgl/11.17/fxgl-11.17.jar!/fxglassets/ui/css/fxgl_dark.css
14:47:01.397 [FXGL Background Thread 1 ] DEBUG GameApplicationServi - Initializing application scenes
14:47:01.528 [FXGL Background Thread 1 ] DEBUG GameWorld            - Game world initialized
14:47:01.613 [FXGL Background Thread 1 ] DEBUG PhysicsWorld         - Physics world initialized: appHeight=1080, physics.ppm=50.0
14:47:01.614 [FXGL Background Thread 1 ] DEBUG PhysicsWorld         - Using strategy: BRUTE_FORCE
14:47:01.617 [FXGL Background Thread 1 ] DEBUG GameScene            - Game scene initialized: 1920x1080
14:47:01.806 [FXGL Background Thread 1 ] DEBUG GameApplicationServi - Application scenes initialized
14:47:01.823 [FXGL Background Thread 1 ] DEBUG SystemBundleService  - Loading FXGL system data
14:47:01.831 [FXGL Background Thread 1 ] DEBUG FileSystemAccess     - Reading from: C:\Users\zyla\demoGame4OOP\system\fxgl.bundle
14:47:01.841 [FXGL Background Thread 1 ] DEBUG SystemBundleService  - Bundle FXGL: {}
14:47:01.841 [FXGL Background Thread 1 ] DEBUG UpdaterService       - Checking for updates
14:47:01.849 [FXGL Background Thread 1 ] DEBUG FXGLApplication      - Loading default localization
14:47:01.850 [FXGL Background Thread 1 ] DEBUG FXGLAssetLoaderServi - Loading from file system: jar:file:///C:/Users/zyla/.m2/repository/com/github/almasb/fxgl/11.17/fxgl-11.17.jar!/fxglassets/languages/english.lang
14:47:01.865 [FXGL Background Thread 1 ] INFO  FXGLApplication      - FXGL initialization took: 0.679 sec
14:47:01.873 [FXGL Background Thread 4 ] DEBUG FXGLApplication      - Loading fonts
14:47:01.873 [FXGL Background Thread 4 ] DEBUG FXGLAssetLoaderServi - Loading from file system: jar:file:///C:/Users/zyla/.m2/repository/com/github/almasb/fxgl/11.17/fxgl-11.17.jar!/fxglassets/ui/fonts/VarelaRound-Regular.ttf
14:47:01.877 [JavaFX Application Thread] DEBUG Input                - Registered new binding: Pause Game - Esc
14:47:01.877 [JavaFX Application Thread] DEBUG Input                - Registered new binding: P1Left - A
14:47:01.877 [JavaFX Application Thread] DEBUG Input                - Registered new binding: P1Right - D
14:47:01.877 [JavaFX Application Thread] DEBUG Input                - Registered new binding: P1Jump - W
14:47:01.877 [JavaFX Application Thread] DEBUG Input                - Registered new binding: P1Punch - F
14:47:01.879 [JavaFX Application Thread] DEBUG Input                - Registered new binding: P1EnhancedPunch - E
14:47:01.879 [JavaFX Application Thread] DEBUG Input                - Registered new binding: P1Ult - Q
14:47:01.879 [JavaFX Application Thread] DEBUG Input                - Registered new binding: P2Left - Left
14:47:01.879 [JavaFX Application Thread] DEBUG Input                - Registered new binding: P2Right - Right
14:47:01.879 [JavaFX Application Thread] DEBUG Input                - Registered new binding: P2Jump - Up
14:47:01.879 [JavaFX Application Thread] DEBUG Input                - Registered new binding: P2Punch - H
14:47:01.881 [JavaFX Application Thread] DEBUG Input                - Registered new binding: P2EnhancedPunch - U
14:47:01.881 [JavaFX Application Thread] DEBUG Input                - Registered new binding: P2Ult - O
14:47:01.887 [JavaFX Application Thread] WARN  FXGLAssetLoaderServi - Asset "/assets/textures//assets/textures/background-intro.mp4" was not found!
14:47:01.887 [JavaFX Application Thread] WARN  FXGLAssetLoaderServi - Failed to load IMAGE
14:47:01.919 [JavaFX Application Thread] DEBUG FXGLAssetLoaderServi - Loading from file system: jar:file:///C:/Users/zyla/.m2/repository/com/github/almasb/fxgl/11.17/fxgl-11.17.jar!/fxglassets/textures/fxgl_icon.png
14:47:01.979 [JavaFX Application Thread] DEBUG FXGLAssetLoaderServi - Loading from file system: jar:file:///C:/Users/zyla/.m2/repository/com/github/almasb/fxgl/11.17/fxgl-11.17.jar!/fxglassets/textures/fxgl_default_cursor.png
14:47:01.997 [JavaFX Application Thread] DEBUG Input                - Registered new binding: Screenshot - CTRL+8
14:47:01.997 [JavaFX Application Thread] DEBUG Input                - Registered new binding: System info dump - CTRL+9
14:47:01.997 [JavaFX Application Thread] DEBUG Input                - Registered new binding: Restart - CTRL+R
14:47:02.000 [JavaFX Application Thread] DEBUG Input                - Registered new binding: Toggle Debug Camera - CTRL+C
14:47:02.003 [JavaFX Application Thread] DEBUG LoopRunner           - Starting loop
14:47:02.003 [JavaFX Application Thread] DEBUG LoopRunner           - Initializing JavaFX AnimationTimerLoop
14:47:02.010 [JavaFX Application Thread] DEBUG Input                - Clearing active input actions
14:47:02.056 [JavaFX Application Thread] DEBUG GameApplicationServi - Removing overlay from FXGLStartupScene and adding to FXGLMainMenuDummyScene
14:47:02.056 [JavaFX Application Thread] DEBUG PrimaryStageWindow   - FXGLStartupScene -> FXGLMainMenuDummyScene
14:47:02.057 [JavaFX Application Thread] DEBUG PrimaryStageWindow   - Push state: CustomMainMenu
14:47:02.057 [JavaFX Application Thread] DEBUG Input                - Clearing active input actions
14:47:02.067 [JavaFX Application Thread] DEBUG GameApplicationServi - Removing overlay from FXGLMainMenuDummyScene and adding to CustomMainMenu
14:47:02.069 [JavaFX Application Thread] DEBUG PrimaryStageWindow   - FXGLMainMenuDummyScene -> CustomMainMenu
14:47:02.502 [FXGL Background Thread 4 ] DEBUG FXGLAssetLoaderServi - Loading from file system: jar:file:///C:/Users/zyla/.m2/repository/com/github/almasb/fxgl/11.17/fxgl-11.17.jar!/fxglassets/ui/fonts/Abel-Regular.ttf
14:47:02.523 [FXGL Background Thread 4 ] DEBUG FXGLAssetLoaderServi - Loading from file system: jar:file:///C:/Users/zyla/.m2/repository/com/github/almasb/fxgl/11.17/fxgl-11.17.jar!/fxglassets/ui/fonts/lucida_console.ttf
14:47:02.547 [FXGL Background Thread 4 ] DEBUG FXGLAssetLoaderServi - Loading from file system: jar:file:///C:/Users/zyla/.m2/repository/com/github/almasb/fxgl/11.17/fxgl-11.17.jar!/fxglassets/ui/fonts/Courier-Prime.ttf
14:47:02.580 [JavaFX Application Thread] DEBUG FXGLApplication      - Registering font factories with UI factory
14:47:02.785 [JavaFX Application Thread] DEBUG Menu                 - fireNewGame()
14:47:02.785 [JavaFX Application Thread] DEBUG GameApplicationServi - Starting new game
14:47:02.785 [JavaFX Application Thread] DEBUG PrimaryStageWindow   - Pop state: CustomMainMenu
14:47:02.785 [JavaFX Application Thread] DEBUG Input                - Clearing active input actions
14:47:02.790 [JavaFX Application Thread] DEBUG GameApplicationServi - Removing overlay from CustomMainMenu and adding to FXGLMainMenuDummyScene
14:47:02.791 [JavaFX Application Thread] DEBUG PrimaryStageWindow   - FXGLMainMenuDummyScene <- CustomMainMenu
14:47:02.791 [JavaFX Application Thread] DEBUG Input                - Clearing active input actions
14:47:02.811 [JavaFX Application Thread] DEBUG GameApplicationServi - Removing overlay from FXGLMainMenuDummyScene and adding to FXGLLoadingScene
14:47:02.812 [JavaFX Application Thread] DEBUG PrimaryStageWindow   - FXGLMainMenuDummyScene -> FXGLLoadingScene
14:47:02.812 [JavaFX Application Thread] DEBUG GameApplicationServi - Clearing previous game
14:47:02.812 [JavaFX Application Thread] DEBUG GameScene            - Clearing game scene
14:47:02.812 [JavaFX Application Thread] DEBUG GameWorld            - Clearing game world
14:47:02.812 [JavaFX Application Thread] DEBUG PhysicsWorld         - Clearing physics world
14:47:02.816 [FXGL Background Thread 4 ] DEBUG FXGLApplication      - Initializing game
14:47:03.223 [FXGL Background Thread 4 ] WARN  TMXLevelLoader       - TiledMap generated from 1.11.2. Supported version: 1.2.3. Some features may not be parsed fully.
14:47:03.329 [FXGL Background Thread 4 ] DEBUG TMXLevelLoader       - Parsed TiledMap: file:/C:/Users/zyla/demoGame4OOP/target/classes/assets/levels/tmx/map3.tmx
14:47:03.330 [FXGL Background Thread 4 ] DEBUG TMXLevelLoader       - Creating tile layer entities
14:47:03.333 [FXGL Background Thread 4 ] DEBUG TilesetLoader        - Loading view for layer Tile Layer 1
14:47:03.342 [FXGL Background Thread 4 ] DEBUG TilesetLoader        - Created buffer with size 1920.0x1088.0
14:47:03.664 [FXGL Background Thread 4 ] DEBUG TMXLevelLoader       - Creating object layer entities
14:47:03.761 [FXGL Background Thread 4 ] DEBUG GameWorld            - Clearing removable entities
14:47:03.761 [FXGL Background Thread 4 ] DEBUG GameWorld            - Setting level: com.almasb.fxgl.entity.level.Level@411534a1
14:47:03.849 [JavaFX Application Thread] DEBUG LoopRunner           - Stopping loop
14:47:03.852 [FXGL Background Thread 2 ] INFO  UpdaterService       - Your current version:  11.17
14:47:03.852 [FXGL Background Thread 2 ] INFO  UpdaterService       - Latest stable version: 21.1
14:47:03.852 [JavaFX Application Thread] FATAL FXGLApplication      - Uncaught Exception:
java.lang.RuntimeException: Initialization failed
	at com.almasb.fxgl.all/com.almasb.fxgl.app.FXGLApplication$InitAppTask.failed(FXGLApplication.kt:343)
	at javafx.graphics/javafx.concurrent.Task.setState(Task.java:710)
	at javafx.graphics/javafx.concurrent.Task$TaskCallable.lambda$call$2(Task.java:1456)
	at javafx.graphics/com.sun.javafx.application.PlatformImpl.lambda$runLater$10(PlatformImpl.java:457)
	at java.base/java.security.AccessController.doPrivileged(AccessController.java:400)
	at javafx.graphics/com.sun.javafx.application.PlatformImpl.lambda$runLater$11(PlatformImpl.java:456)
	at javafx.graphics/com.sun.glass.ui.InvokeLaterDispatcher$Future.run(InvokeLaterDispatcher.java:96)
	at javafx.graphics/com.sun.glass.ui.win.WinApplication._runLoop(Native Method)
	at javafx.graphics/com.sun.glass.ui.win.WinApplication.lambda$runLoop$3(WinApplication.java:184)
	at java.base/java.lang.Thread.run(Thread.java:1575)
Caused by: java.lang.IllegalArgumentException: Unknown character: elite
	at com.example.demo/com.example.demo.Factory.CharacterFactory.<init>(CharacterFactory.java:30)
	at com.example.demo/com.example.demo.PlayerControl.<init>(PlayerControl.java:57)
	at com.example.demo/com.example.demo.Factory.SimpleFactory.newPlayer(SimpleFactory.java:55)
	at java.base/jdk.internal.reflect.DirectMethodHandleAccessor.invoke(DirectMethodHandleAccessor.java:103)
	at java.base/java.lang.reflect.Method.invoke(Method.java:580)
	at com.almasb.fxgl.core/com.almasb.fxgl.core.reflect.ReflectionUtils.call(ReflectionUtils.java:104)
	at com.almasb.fxgl.core/com.almasb.fxgl.core.reflect.ReflectionUtils.lambda$mapToFunction$3(ReflectionUtils.java:111)
	at com.almasb.fxgl.entity/com.almasb.fxgl.entity.GameWorld$create$2.invoke(GameWorld.kt:430)
	at com.almasb.fxgl.entity/com.almasb.fxgl.entity.GameWorld$create$2.invoke(GameWorld.kt:430)
	at com.almasb.fxgl.core/com.almasb.fxgl.core.util.DSLKt.tryCatchRoot(DSL.kt:34)
	at com.almasb.fxgl.entity/com.almasb.fxgl.entity.GameWorld.create(GameWorld.kt:430)
	at com.almasb.fxgl.entity/com.almasb.fxgl.entity.GameWorld.spawn(GameWorld.kt:396)
	at com.almasb.fxgl.entity/com.almasb.fxgl.entity.GameWorld.spawn(GameWorld.kt:384)
	at com.example.demo/com.example.demo.HelloController.initGame(HelloController.java:323)
	at com.almasb.fxgl.all/com.almasb.fxgl.app.FXGLApplication$InitAppTask.initGame(FXGLApplication.kt:339)
	at com.almasb.fxgl.all/com.almasb.fxgl.app.FXGLApplication$InitAppTask.call(FXGLApplication.kt:319)
	at com.almasb.fxgl.all/com.almasb.fxgl.app.FXGLApplication$InitAppTask.call(FXGLApplication.kt:311)
	at javafx.graphics/javafx.concurrent.Task$TaskCallable.call(Task.java:1426)
	at java.base/java.util.concurrent.FutureTask.run(FutureTask.java:317)
	at java.base/java.util.concurrent.Executors$RunnableAdapter.call(Executors.java:572)
	at java.base/java.util.concurrent.FutureTask.run(FutureTask.java:317)
	at java.base/java.util.concurrent.ThreadPoolExecutor.runWorker(ThreadPoolExecutor.java:1144)
	at java.base/java.util.concurrent.ThreadPoolExecutor$Worker.run(ThreadPoolExecutor.java:642)
	... 1 more

14:47:03.852 [JavaFX Application Thread] FATAL FXGLApplication      - Application will now exit
14:47:03.881 [JavaFX Application Thread] DEBUG PrimaryStageWindow   - Push state: ErrorSubScene
14:47:03.881 [JavaFX Application Thread] DEBUG Input                - Clearing active input actions
14:47:03.884 [JavaFX Application Thread] DEBUG GameApplicationServi - Removing overlay from FXGLLoadingScene and adding to ErrorSubScene
14:47:03.884 [JavaFX Application Thread] DEBUG PrimaryStageWindow   - FXGLLoadingScene -> ErrorSubScene
14:47:04.849 [FXGL Background Thread 3 ] DEBUG Engine               - Logging environment variables
14:47:04.849 [FXGL Background Thread 3 ] DEBUG Engine               - achievements: []
14:47:04.849 [FXGL Background Thread 3 ] DEBUG Engine               - actualHeight: 720.0
14:47:04.849 [FXGL Background Thread 3 ] DEBUG Engine               - actualHeightProperty: ReadOnlyDoubleProperty [value: 720.0]
14:47:04.849 [FXGL Background Thread 3 ] DEBUG Engine               - actualWidth: 1255.0
14:47:04.849 [FXGL Background Thread 3 ] DEBUG Engine               - actualWidthProperty: ReadOnlyDoubleProperty [value: 1255.0]
14:47:04.850 [FXGL Background Thread 3 ] DEBUG Engine               - appIcon: fxgl_icon.png
14:47:04.850 [FXGL Background Thread 3 ] DEBUG Engine               - applicationMode: DEVELOPER
14:47:04.850 [FXGL Background Thread 3 ] DEBUG Engine               - cSSList: [fxgl_dark.css]
14:47:04.850 [FXGL Background Thread 3 ] DEBUG Engine               - collisionDetectionStrategy: BRUTE_FORCE
14:47:04.850 [FXGL Background Thread 3 ] DEBUG Engine               - configClass: Optional.empty
14:47:04.850 [FXGL Background Thread 3 ] DEBUG Engine               - credits: []
14:47:04.850 [FXGL Background Thread 3 ] DEBUG Engine               - defaultCursor: CursorInfo(imageName=fxgl_default_cursor.png, hotspotX=7.0, hotspotY=6.0)
14:47:04.850 [FXGL Background Thread 3 ] DEBUG Engine               - devBBoxColorProperty: ObjectProperty [value: 0xff0000ff]
14:47:04.850 [FXGL Background Thread 3 ] DEBUG Engine               - devEnableDebugCameraProperty: BooleanProperty [value: false]
14:47:04.850 [FXGL Background Thread 3 ] DEBUG Engine               - devSensorColorProperty: ObjectProperty [value: 0xffff00ff]
14:47:04.850 [FXGL Background Thread 3 ] DEBUG Engine               - devShowBBoxProperty: BooleanProperty [value: false]
14:47:04.850 [FXGL Background Thread 3 ] DEBUG Engine               - devShowPositionProperty: BooleanProperty [value: false]
14:47:04.850 [FXGL Background Thread 3 ] DEBUG Engine               - enabledMenuItems: []
14:47:04.850 [FXGL Background Thread 3 ] DEBUG Engine               - engineServices: [class com.almasb.fxgl.app.services.FXGLAssetLoaderService, class com.almasb.fxgl.app.FXGLApplication$GameApplicationService, class com.almasb.fxgl.app.services.FXGLDialogService, class com.almasb.fxgl.app.services.IOTaskExecutorService, class com.almasb.fxgl.io.FileSystemService, class com.almasb.fxgl.localization.LocalizationService, class com.almasb.fxgl.app.services.SystemBundleService, class com.almasb.fxgl.profile.SaveLoadService, class com.almasb.fxgl.ui.FXGLUIFactoryServiceProvider, class com.almasb.fxgl.ui.FXGLDialogFactoryServiceProvider, class com.almasb.fxgl.audio.AudioPlayer, class com.almasb.fxgl.notification.impl.NotificationServiceProvider, class com.almasb.fxgl.achievement.AchievementService, class com.almasb.fxgl.cutscene.CutsceneService, class com.almasb.fxgl.minigames.MiniGameService, class com.almasb.fxgl.net.NetService, class com.almasb.fxgl.app.services.UpdaterService, class com.almasb.fxgl.dev.DevService]
14:47:04.850 [FXGL Background Thread 3 ] DEBUG Engine               - fontGame: Abel-Regular.ttf
14:47:04.850 [FXGL Background Thread 3 ] DEBUG Engine               - fontMono: lucida_console.ttf
14:47:04.850 [FXGL Background Thread 3 ] DEBUG Engine               - fontText: Courier-Prime.ttf
14:47:04.851 [FXGL Background Thread 3 ] DEBUG Engine               - fontUI: VarelaRound-Regular.ttf
14:47:04.851 [FXGL Background Thread 3 ] DEBUG Engine               - fullScreen: BooleanProperty [value: false]
14:47:04.851 [FXGL Background Thread 3 ] DEBUG Engine               - gameDifficulty: MEDIUM
14:47:04.851 [FXGL Background Thread 3 ] DEBUG Engine               - gameDifficultyProperty: ObjectProperty [value: MEDIUM]
14:47:04.851 [FXGL Background Thread 3 ] DEBUG Engine               - globalMusicVolume: 0.5
14:47:04.851 [FXGL Background Thread 3 ] DEBUG Engine               - globalMusicVolumeProperty: DoubleProperty [value: 0.5]
14:47:04.851 [FXGL Background Thread 3 ] DEBUG Engine               - globalSoundVolume: 0.5
14:47:04.851 [FXGL Background Thread 3 ] DEBUG Engine               - globalSoundVolumeProperty: DoubleProperty [value: 0.5]
14:47:04.851 [FXGL Background Thread 3 ] DEBUG Engine               - height: 1080
14:47:04.851 [FXGL Background Thread 3 ] DEBUG Engine               - is3D: false
14:47:04.851 [FXGL Background Thread 3 ] DEBUG Engine               - isAndroid: false
14:47:04.851 [FXGL Background Thread 3 ] DEBUG Engine               - isBrowser: false
14:47:04.851 [FXGL Background Thread 3 ] DEBUG Engine               - isClickFeedbackEnabled: false
14:47:04.851 [FXGL Background Thread 3 ] DEBUG Engine               - isCloseConfirmation: true
14:47:04.852 [FXGL Background Thread 3 ] DEBUG Engine               - isDesktop: true
14:47:04.852 [FXGL Background Thread 3 ] DEBUG Engine               - isDeveloperMenuEnabled: false
14:47:04.852 [FXGL Background Thread 3 ] DEBUG Engine               - isEntityPreloadEnabled: true
14:47:04.852 [FXGL Background Thread 3 ] DEBUG Engine               - isExperimentalTiledLargeMap: false
14:47:04.852 [FXGL Background Thread 3 ] DEBUG Engine               - isFileSystemWriteAllowed: true
14:47:04.852 [FXGL Background Thread 3 ] DEBUG Engine               - isFullScreenAllowed: false
14:47:04.852 [FXGL Background Thread 3 ] DEBUG Engine               - isFullScreenFromStart: false
14:47:04.852 [FXGL Background Thread 3 ] DEBUG Engine               - isGameMenuEnabled: false
14:47:04.852 [FXGL Background Thread 3 ] DEBUG Engine               - isIOS: false
14:47:04.852 [FXGL Background Thread 3 ] DEBUG Engine               - isIntroEnabled: false
14:47:04.852 [FXGL Background Thread 3 ] DEBUG Engine               - isLinux: false
14:47:04.852 [FXGL Background Thread 3 ] DEBUG Engine               - isMac: false
14:47:04.852 [FXGL Background Thread 3 ] DEBUG Engine               - isMainMenuEnabled: true
14:47:04.852 [FXGL Background Thread 3 ] DEBUG Engine               - isManualResizeEnabled: false
14:47:04.852 [FXGL Background Thread 3 ] DEBUG Engine               - isMobile: false
14:47:04.852 [FXGL Background Thread 3 ] DEBUG Engine               - isNative: false
14:47:04.852 [FXGL Background Thread 3 ] DEBUG Engine               - isPauseMusicWhenMinimized: true
14:47:04.852 [FXGL Background Thread 3 ] DEBUG Engine               - isPreserveResizeRatio: false
14:47:04.853 [FXGL Background Thread 3 ] DEBUG Engine               - isProfilingEnabled: false
14:47:04.853 [FXGL Background Thread 3 ] DEBUG Engine               - isScaleAffectedOnResize: true
14:47:04.853 [FXGL Background Thread 3 ] DEBUG Engine               - isSingleStep: false
14:47:04.853 [FXGL Background Thread 3 ] DEBUG Engine               - isUserProfileEnabled: false
14:47:04.853 [FXGL Background Thread 3 ] DEBUG Engine               - isWindows: true
14:47:04.853 [FXGL Background Thread 3 ] DEBUG Engine               - language: ObjectProperty [value: ENGLISH]
14:47:04.853 [FXGL Background Thread 3 ] DEBUG Engine               - menuKey: ESCAPE
14:47:04.853 [FXGL Background Thread 3 ] DEBUG Engine               - mouseSensitivity: 0.2
14:47:04.853 [FXGL Background Thread 3 ] DEBUG Engine               - notificationViewClass: class com.almasb.fxgl.notification.view.XboxNotificationView
14:47:04.853 [FXGL Background Thread 3 ] DEBUG Engine               - pixelsPerMeter: 50.0
14:47:04.853 [FXGL Background Thread 3 ] DEBUG Engine               - platform: WINDOWS
14:47:04.853 [FXGL Background Thread 3 ] DEBUG Engine               - prefHeightProperty: ReadOnlyDoubleProperty [value: 1080.0]
14:47:04.853 [FXGL Background Thread 3 ] DEBUG Engine               - prefWidthProperty: ReadOnlyDoubleProperty [value: 1920.0]
14:47:04.854 [FXGL Background Thread 3 ] DEBUG Engine               - profileDir: profiles/
14:47:04.854 [FXGL Background Thread 3 ] DEBUG Engine               - profileName: StringProperty [value: DEFAULT]
14:47:04.854 [FXGL Background Thread 3 ] DEBUG Engine               - randomSeed: -1
14:47:04.854 [FXGL Background Thread 3 ] DEBUG Engine               - runtimeInfo: RuntimeInfo(platform=WINDOWS, version=11.17, build=16.07.2021 15.46)
14:47:04.854 [FXGL Background Thread 3 ] DEBUG Engine               - saveFileExt: sav
14:47:04.854 [FXGL Background Thread 3 ] DEBUG Engine               - scaledHeightProp$fxgl: DoubleProperty [bound, value: 720.0]
14:47:04.854 [FXGL Background Thread 3 ] DEBUG Engine               - scaledWidthProp$fxgl: DoubleProperty [bound, value: 1255.0]
14:47:04.854 [FXGL Background Thread 3 ] DEBUG Engine               - sceneFactory: com.example.demo.Factory.MySceneFactory@544970b1
14:47:04.854 [FXGL Background Thread 3 ] DEBUG Engine               - secondsIn24h: 60
14:47:04.854 [FXGL Background Thread 3 ] DEBUG Engine               - soundMenuBack: menu/back.wav
14:47:04.854 [FXGL Background Thread 3 ] DEBUG Engine               - soundMenuPress: menu/press.wav
14:47:04.854 [FXGL Background Thread 3 ] DEBUG Engine               - soundMenuSelect: menu/select.wav
14:47:04.855 [FXGL Background Thread 3 ] DEBUG Engine               - soundNotification: core/notification.wav
14:47:04.855 [FXGL Background Thread 3 ] DEBUG Engine               - stageStyle: DECORATED
14:47:04.855 [FXGL Background Thread 3 ] DEBUG Engine               - supportedLanguages: [ENGLISH, FRENCH, GERMAN, HUNGARIAN, RUSSIAN]
14:47:04.855 [FXGL Background Thread 3 ] DEBUG Engine               - ticksPerSecond: -1
14:47:04.855 [FXGL Background Thread 3 ] DEBUG Engine               - title: Stictactics
14:47:04.855 [FXGL Background Thread 3 ] DEBUG Engine               - urlGithub: https://github.com/AlmasB/FXGL
14:47:04.855 [FXGL Background Thread 3 ] DEBUG Engine               - urlLeaderboard: http://fxgl-top.herokuapp.com/
14:47:04.855 [FXGL Background Thread 3 ] DEBUG Engine               - urlPOM: https://raw.githubusercontent.com/AlmasB/FXGL/release/README.md
14:47:04.855 [FXGL Background Thread 3 ] DEBUG Engine               - userAppClass: class com.example.demo.HelloController
14:47:04.855 [FXGL Background Thread 3 ] DEBUG Engine               - version: 0.0
14:47:04.855 [FXGL Background Thread 3 ] DEBUG Engine               - versionCheckDays: 7
14:47:04.855 [FXGL Background Thread 3 ] DEBUG Engine               - width: 1920
14:47:04.856 [FXGL Background Thread 3 ] DEBUG Engine               - Logging services
14:47:04.856 [FXGL Background Thread 3 ] DEBUG Engine               - class com.almasb.fxgl.app.services.FXGLAssetLoaderService
14:47:04.856 [FXGL Background Thread 3 ] DEBUG Engine               - class com.almasb.fxgl.app.FXGLApplication$GameApplicationService
14:47:04.856 [FXGL Background Thread 3 ] DEBUG Engine               - class com.almasb.fxgl.app.services.FXGLDialogService
14:47:04.856 [FXGL Background Thread 3 ] DEBUG Engine               - class com.almasb.fxgl.app.services.IOTaskExecutorService
14:47:04.856 [FXGL Background Thread 3 ] DEBUG Engine               - class com.almasb.fxgl.io.FileSystemService
14:47:04.856 [FXGL Background Thread 3 ] DEBUG Engine               - class com.almasb.fxgl.localization.LocalizationService
14:47:04.857 [FXGL Background Thread 3 ] DEBUG Engine               - class com.almasb.fxgl.app.services.SystemBundleService
14:47:04.857 [FXGL Background Thread 3 ] DEBUG Engine               - class com.almasb.fxgl.profile.SaveLoadService
14:47:04.857 [FXGL Background Thread 3 ] DEBUG Engine               - class com.almasb.fxgl.ui.FXGLUIFactoryServiceProvider
14:47:04.857 [FXGL Background Thread 3 ] DEBUG Engine               - class com.almasb.fxgl.ui.FXGLDialogFactoryServiceProvider
14:47:04.857 [FXGL Background Thread 3 ] DEBUG Engine               - class com.almasb.fxgl.audio.AudioPlayer
14:47:04.857 [FXGL Background Thread 3 ] DEBUG Engine               - class com.almasb.fxgl.notification.impl.NotificationServiceProvider
14:47:04.857 [FXGL Background Thread 3 ] DEBUG Engine               - class com.almasb.fxgl.achievement.AchievementService
14:47:04.859 [FXGL Background Thread 3 ] DEBUG Engine               - class com.almasb.fxgl.cutscene.CutsceneService
14:47:04.859 [FXGL Background Thread 3 ] DEBUG Engine               - class com.almasb.fxgl.minigames.MiniGameService
14:47:04.859 [FXGL Background Thread 3 ] DEBUG Engine               - class com.almasb.fxgl.net.NetService
14:47:04.859 [FXGL Background Thread 3 ] DEBUG Engine               - class com.almasb.fxgl.app.services.UpdaterService
14:47:04.859 [FXGL Background Thread 3 ] DEBUG Engine               - class com.almasb.fxgl.dev.DevService
14:47:07.295 [JavaFX Application Thread] DEBUG PrimaryStageWindow   - Push state: DialogSubScene
14:47:07.295 [JavaFX Application Thread] DEBUG Input                - Clearing active input actions
14:47:07.297 [JavaFX Application Thread] DEBUG GameApplicationServi - Removing overlay from ErrorSubScene and adding to DialogSubScene
14:47:07.297 [JavaFX Application Thread] DEBUG PrimaryStageWindow   - ErrorSubScene -> DialogSubScene
14:47:07.896 [JavaFX Application Thread] DEBUG PrimaryStageWindow   - Pop state: DialogSubScene
14:47:07.896 [JavaFX Application Thread] DEBUG Input                - Clearing active input actions
14:47:07.897 [JavaFX Application Thread] DEBUG GameApplicationServi - Removing overlay from DialogSubScene and adding to ErrorSubScene
14:47:07.897 [JavaFX Application Thread] DEBUG PrimaryStageWindow   - ErrorSubScene <- DialogSubScene
14:47:07.897 [JavaFX Application Thread] DEBUG FXGLApplication      - Exiting FXGL
14:47:07.897 [JavaFX Application Thread] DEBUG Async                - Shutting down background threads
14:47:07.897 [JavaFX Application Thread] DEBUG PrimaryStageWindow   - Closing main window
14:47:07.929 [JavaFX Application Thread] DEBUG Logger               - Closing Logger
