13:55:48.757 [main                     ] DEBUG Logger               - Configured Logger
13:55:48.760 [main                     ] DEBUG GameApplication      - Logging settings
Title: Stictactics
Version: 0.0
Width: 1920
Height: 1080
Fullscreen: false
Intro: false
Profiling: false
Single step:false
App Mode: DEVELOPER
Menu Key: ESCAPE
Stage Style: DECORATED
Scene Factory: class com.example.demo.MySceneFactory

13:55:49.282 [JavaFX Application Thread] DEBUG FXGLApplication      - Initializing FXGL
13:55:49.284 [JavaFX Application Thread] INFO  Engine               - FXGL-11.17 (16.07.2021 15.46) on WINDOWS (J:23.0.2 FX:17.0.6)
13:55:49.285 [JavaFX Application Thread] DEBUG Engine               - JRE Vendor Name: Amazon.com Inc.
13:55:49.285 [JavaFX Application Thread] DEBUG Engine               - Running on OS: Windows 11 version 10.0
13:55:49.285 [JavaFX Application Thread] DEBUG Engine               - Architecture: amd64
13:55:49.285 [JavaFX Application Thread] INFO  Engine               - Source code and latest versions at: https://github.com/AlmasB/FXGL
13:55:49.285 [JavaFX Application Thread] INFO  Engine               -              Join the FXGL chat at: https://gitter.im/AlmasB/FXGL
13:55:49.436 [JavaFX Application Thread] DEBUG PrimaryStageWindow   - Creating a JavaFX scene
13:55:49.437 [JavaFX Application Thread] DEBUG PrimaryStageWindow   - Target size > screen size
13:55:49.505 [JavaFX Application Thread] DEBUG PrimaryStageWindow   - Target settings size: 1920.0 x 1080.0
13:55:49.506 [JavaFX Application Thread] DEBUG PrimaryStageWindow   - Scaled scene size:    1255.0 x 720.0
13:55:49.506 [JavaFX Application Thread] DEBUG PrimaryStageWindow   - Scaled ratio: (0.6536458333333334, 0.6666666666666666)
13:55:49.507 [JavaFX Application Thread] DEBUG PrimaryStageWindow   - Set initial scene to FXGLStartupScene
13:55:49.514 [JavaFX Application Thread] DEBUG PrimaryStageWindow   - Opening main window
13:55:49.643 [JavaFX Application Thread] DEBUG PrimaryStageWindow   - Window border size: (16.0, 39.0)
13:55:49.644 [JavaFX Application Thread] DEBUG PrimaryStageWindow   - Scaled size: 1255.0 x 720.0
13:55:49.644 [JavaFX Application Thread] DEBUG PrimaryStageWindow   - Scaled ratio: (0.6536458333333334, 0.6666666666666666)
13:55:49.644 [JavaFX Application Thread] DEBUG PrimaryStageWindow   - Scene size: 1255.0 x 720.0
13:55:49.644 [JavaFX Application Thread] DEBUG PrimaryStageWindow   - Stage size: 1271.0 x 759.0
13:55:49.660 [FXGL Background Thread 1 ] DEBUG Engine               - Initializing environment variables
13:55:49.809 [FXGL Background Thread 1 ] DEBUG FXGLAssetLoaderServi - User app class for loading assets: class com.example.demo.HelloApplication
13:55:49.809 [FXGL Background Thread 1 ] DEBUG GameApplicationServi - Applying CSS: fxgl_dark.css
13:55:49.810 [FXGL Background Thread 1 ] DEBUG FXGLAssetLoaderServi - Loading from file system: jar:file:///C:/Users/zyla/.m2/repository/com/github/almasb/fxgl/11.17/fxgl-11.17.jar!/fxglassets/ui/css/fxgl_dark.css
13:55:49.893 [FXGL Background Thread 1 ] DEBUG GameApplicationServi - Initializing application scenes
13:55:50.035 [FXGL Background Thread 1 ] DEBUG GameWorld            - Game world initialized
13:55:50.110 [FXGL Background Thread 1 ] DEBUG PhysicsWorld         - Physics world initialized: appHeight=1080, physics.ppm=50.0
13:55:50.111 [FXGL Background Thread 1 ] DEBUG PhysicsWorld         - Using strategy: BRUTE_FORCE
13:55:50.113 [FXGL Background Thread 1 ] DEBUG GameScene            - Game scene initialized: 1920x1080
13:55:50.312 [FXGL Background Thread 1 ] DEBUG GameApplicationServi - Application scenes initialized
13:55:50.326 [FXGL Background Thread 1 ] DEBUG SystemBundleService  - Loading FXGL system data
13:55:50.334 [FXGL Background Thread 1 ] DEBUG FileSystemAccess     - Reading from: C:\Users\zyla\demoGame4OOP\system\fxgl.bundle
13:55:50.347 [FXGL Background Thread 1 ] DEBUG SystemBundleService  - Bundle FXGL: {}
13:55:50.347 [FXGL Background Thread 1 ] DEBUG UpdaterService       - Checking for updates
13:55:50.355 [FXGL Background Thread 1 ] DEBUG FXGLApplication      - Loading default localization
13:55:50.356 [FXGL Background Thread 1 ] DEBUG FXGLAssetLoaderServi - Loading from file system: jar:file:///C:/Users/zyla/.m2/repository/com/github/almasb/fxgl/11.17/fxgl-11.17.jar!/fxglassets/languages/english.lang
13:55:50.361 [FXGL Background Thread 4 ] DEBUG FXGLApplication      - Loading fonts
13:55:50.362 [FXGL Background Thread 4 ] DEBUG FXGLAssetLoaderServi - Loading from file system: jar:file:///C:/Users/zyla/.m2/repository/com/github/almasb/fxgl/11.17/fxgl-11.17.jar!/fxglassets/ui/fonts/VarelaRound-Regular.ttf
13:55:50.386 [FXGL Background Thread 1 ] INFO  FXGLApplication      - FXGL initialization took: 0.725 sec
13:55:50.402 [JavaFX Application Thread] DEBUG Input                - Registered new binding: P1Left - A
13:55:50.403 [JavaFX Application Thread] DEBUG Input                - Registered new binding: P1Right - D
13:55:50.403 [JavaFX Application Thread] DEBUG Input                - Registered new binding: P1Jump - W
13:55:50.404 [JavaFX Application Thread] DEBUG Input                - Registered new binding: P1Punch - F
13:55:50.405 [JavaFX Application Thread] DEBUG Input                - Registered new binding: P1EnhancedPunch - E
13:55:50.406 [JavaFX Application Thread] DEBUG Input                - Registered new binding: P1Ult - Q
13:55:50.406 [JavaFX Application Thread] DEBUG Input                - Registered new binding: P2Left - J
13:55:50.406 [JavaFX Application Thread] DEBUG Input                - Registered new binding: P2Right - L
13:55:50.406 [JavaFX Application Thread] DEBUG Input                - Registered new binding: P2Jump - I
13:55:50.407 [JavaFX Application Thread] DEBUG Input                - Registered new binding: P2Punch - H
13:55:50.407 [JavaFX Application Thread] DEBUG Input                - Registered new binding: P2EnhancedPunch - U
13:55:50.407 [JavaFX Application Thread] DEBUG Input                - Registered new binding: P2Ult - O
13:55:50.412 [JavaFX Application Thread] WARN  FXGLAssetLoaderServi - Asset "/assets/textures//assets/textures/background-intro.mp4" was not found!
13:55:50.412 [JavaFX Application Thread] WARN  FXGLAssetLoaderServi - Failed to load IMAGE
13:55:50.440 [JavaFX Application Thread] DEBUG FXGLAssetLoaderServi - Loading from file system: jar:file:///C:/Users/zyla/.m2/repository/com/github/almasb/fxgl/11.17/fxgl-11.17.jar!/fxglassets/textures/fxgl_icon.png
13:55:50.492 [JavaFX Application Thread] DEBUG FXGLAssetLoaderServi - Loading from file system: jar:file:///C:/Users/zyla/.m2/repository/com/github/almasb/fxgl/11.17/fxgl-11.17.jar!/fxglassets/textures/fxgl_default_cursor.png
13:55:50.494 [JavaFX Application Thread] DEBUG Input                - Registered new binding: Screenshot - CTRL+8
13:55:50.495 [JavaFX Application Thread] DEBUG Input                - Registered new binding: System info dump - CTRL+9
13:55:50.495 [JavaFX Application Thread] DEBUG Input                - Registered new binding: Restart - CTRL+R
13:55:50.496 [JavaFX Application Thread] DEBUG Input                - Registered new binding: Toggle Debug Camera - CTRL+C
13:55:50.500 [JavaFX Application Thread] DEBUG LoopRunner           - Starting loop
13:55:50.500 [JavaFX Application Thread] DEBUG LoopRunner           - Initializing JavaFX AnimationTimerLoop
13:55:50.509 [JavaFX Application Thread] DEBUG Input                - Clearing active input actions
13:55:50.529 [JavaFX Application Thread] DEBUG GameApplicationServi - Removing overlay from FXGLStartupScene and adding to FXGLMainMenuDummyScene
13:55:50.529 [JavaFX Application Thread] DEBUG PrimaryStageWindow   - FXGLStartupScene -> FXGLMainMenuDummyScene
13:55:50.529 [JavaFX Application Thread] DEBUG PrimaryStageWindow   - Push state: CustomMainMenu
13:55:50.529 [JavaFX Application Thread] DEBUG Input                - Clearing active input actions
13:55:50.538 [JavaFX Application Thread] DEBUG GameApplicationServi - Removing overlay from FXGLMainMenuDummyScene and adding to CustomMainMenu
13:55:50.539 [JavaFX Application Thread] DEBUG PrimaryStageWindow   - FXGLMainMenuDummyScene -> CustomMainMenu
13:55:50.774 [FXGL Background Thread 4 ] DEBUG FXGLAssetLoaderServi - Loading from file system: jar:file:///C:/Users/zyla/.m2/repository/com/github/almasb/fxgl/11.17/fxgl-11.17.jar!/fxglassets/ui/fonts/Abel-Regular.ttf
13:55:50.800 [FXGL Background Thread 4 ] DEBUG FXGLAssetLoaderServi - Loading from file system: jar:file:///C:/Users/zyla/.m2/repository/com/github/almasb/fxgl/11.17/fxgl-11.17.jar!/fxglassets/ui/fonts/lucida_console.ttf
13:55:50.825 [FXGL Background Thread 4 ] DEBUG FXGLAssetLoaderServi - Loading from file system: jar:file:///C:/Users/zyla/.m2/repository/com/github/almasb/fxgl/11.17/fxgl-11.17.jar!/fxglassets/ui/fonts/Courier-Prime.ttf
13:55:50.980 [JavaFX Application Thread] DEBUG FXGLApplication      - Registering font factories with UI factory
13:55:51.795 [FXGL Background Thread 2 ] INFO  UpdaterService       - Your current version:  11.17
13:55:51.796 [FXGL Background Thread 2 ] INFO  UpdaterService       - Latest stable version: 21.1
13:55:52.031 [JavaFX Application Thread] DEBUG Menu                 - fireNewGame()
13:55:52.031 [JavaFX Application Thread] DEBUG GameApplicationServi - Starting new game
13:55:52.031 [JavaFX Application Thread] DEBUG PrimaryStageWindow   - Pop state: CustomMainMenu
13:55:52.031 [JavaFX Application Thread] DEBUG Input                - Clearing active input actions
13:55:52.032 [JavaFX Application Thread] DEBUG GameApplicationServi - Removing overlay from CustomMainMenu and adding to FXGLMainMenuDummyScene
13:55:52.032 [JavaFX Application Thread] DEBUG PrimaryStageWindow   - FXGLMainMenuDummyScene <- CustomMainMenu
13:55:52.033 [JavaFX Application Thread] DEBUG Input                - Clearing active input actions
13:55:52.044 [JavaFX Application Thread] DEBUG GameApplicationServi - Removing overlay from FXGLMainMenuDummyScene and adding to FXGLLoadingScene
13:55:52.044 [JavaFX Application Thread] DEBUG PrimaryStageWindow   - FXGLMainMenuDummyScene -> FXGLLoadingScene
13:55:52.044 [JavaFX Application Thread] DEBUG GameApplicationServi - Clearing previous game
13:55:52.046 [JavaFX Application Thread] DEBUG GameScene            - Clearing game scene
13:55:52.046 [JavaFX Application Thread] DEBUG GameWorld            - Clearing game world
13:55:52.046 [JavaFX Application Thread] DEBUG PhysicsWorld         - Clearing physics world
13:55:52.048 [FXGL Background Thread 2 ] DEBUG FXGLApplication      - Initializing game
13:55:52.208 [FXGL Background Thread 2 ] WARN  TMXLevelLoader       - TiledMap generated from 1.11.2. Supported version: 1.2.3. Some features may not be parsed fully.
13:55:52.220 [FXGL Background Thread 2 ] DEBUG TMXLevelLoader       - Parsed TiledMap: file:/C:/Users/zyla/demoGame4OOP/target/classes/assets/levels/tmx/map.tmx
13:55:52.221 [FXGL Background Thread 2 ] DEBUG TMXLevelLoader       - Creating tile layer entities
13:55:52.223 [FXGL Background Thread 2 ] DEBUG TilesetLoader        - Loading view for layer Tile Layer 1
13:55:52.231 [FXGL Background Thread 2 ] DEBUG TilesetLoader        - Created buffer with size 1920.0x1088.0
13:55:52.347 [FXGL Background Thread 2 ] DEBUG TMXLevelLoader       - Creating object layer entities
13:55:52.389 [FXGL Background Thread 2 ] DEBUG GameWorld            - Clearing removable entities
13:55:52.392 [FXGL Background Thread 2 ] DEBUG GameWorld            - Setting level: com.almasb.fxgl.entity.level.Level@22d90bb4
13:55:52.516 [FXGL Background Thread 2 ] DEBUG FXGLAssetLoaderServi - Loading from file system: file:/C:/Users/zyla/demoGame4OOP/target/classes/assets/textures/fighter_idle.png
13:55:52.540 [FXGL Background Thread 2 ] DEBUG FXGLAssetLoaderServi - Loading from file system: file:/C:/Users/zyla/demoGame4OOP/target/classes/assets/textures/fighter_walk.png
13:55:52.551 [FXGL Background Thread 2 ] DEBUG FXGLAssetLoaderServi - Loading from file system: file:/C:/Users/zyla/demoGame4OOP/target/classes/assets/textures/fighter_jump.png
13:55:52.561 [FXGL Background Thread 2 ] DEBUG FXGLAssetLoaderServi - Loading from file system: file:/C:/Users/zyla/demoGame4OOP/target/classes/assets/textures/fighter_attack_enhanced.png
13:55:52.572 [FXGL Background Thread 2 ] DEBUG FXGLAssetLoaderServi - Loading from file system: file:/C:/Users/zyla/demoGame4OOP/target/classes/assets/textures/fighter_attack.png
13:55:52.586 [FXGL Background Thread 2 ] DEBUG FXGLAssetLoaderServi - Loading from file system: file:/C:/Users/zyla/demoGame4OOP/target/classes/assets/textures/fighter_ult.png
13:55:52.667 [FXGL Background Thread 2 ] DEBUG FXGLAssetLoaderServi - Loading from file system: file:/C:/Users/zyla/demoGame4OOP/target/classes/assets/textures/fighter_idle_P2.png
13:55:52.676 [FXGL Background Thread 2 ] DEBUG FXGLAssetLoaderServi - Loading from file system: file:/C:/Users/zyla/demoGame4OOP/target/classes/assets/textures/fighter_walk_P2.png
13:55:52.682 [FXGL Background Thread 2 ] DEBUG FXGLAssetLoaderServi - Loading from file system: file:/C:/Users/zyla/demoGame4OOP/target/classes/assets/textures/fighter_attack_enhanced_p2.png
13:55:52.690 [FXGL Background Thread 2 ] DEBUG FXGLAssetLoaderServi - Loading from file system: file:/C:/Users/zyla/demoGame4OOP/target/classes/assets/textures/fighter_jump_P2.png
13:55:52.699 [FXGL Background Thread 2 ] DEBUG FXGLAssetLoaderServi - Loading from file system: file:/C:/Users/zyla/demoGame4OOP/target/classes/assets/textures/fighter_attack_P2.png
13:55:52.706 [FXGL Background Thread 2 ] DEBUG FXGLAssetLoaderServi - Loading from file system: file:/C:/Users/zyla/demoGame4OOP/target/classes/assets/textures/fighter_ult_P2.png
13:55:52.729 [FXGL Background Thread 2 ] INFO  FXGLApplication      - Game initialization took: 0.681 sec
13:55:52.730 [JavaFX Application Thread] DEBUG Input                - Clearing active input actions
13:55:52.742 [JavaFX Application Thread] DEBUG GameApplicationServi - Removing overlay from FXGLLoadingScene and adding to GameScene
13:55:52.742 [JavaFX Application Thread] DEBUG PrimaryStageWindow   - FXGLLoadingScene -> GameScene
13:55:53.353 [FXGL Background Thread 3 ] DEBUG Engine               - Logging environment variables
13:55:53.353 [FXGL Background Thread 3 ] DEBUG Engine               - achievements: []
13:55:53.354 [FXGL Background Thread 3 ] DEBUG Engine               - actualHeight: 720.0
13:55:53.354 [FXGL Background Thread 3 ] DEBUG Engine               - actualHeightProperty: ReadOnlyDoubleProperty [value: 720.0]
13:55:53.354 [FXGL Background Thread 3 ] DEBUG Engine               - actualWidth: 1255.0
13:55:53.354 [FXGL Background Thread 3 ] DEBUG Engine               - actualWidthProperty: ReadOnlyDoubleProperty [value: 1255.0]
13:55:53.356 [FXGL Background Thread 3 ] DEBUG Engine               - appIcon: fxgl_icon.png
13:55:53.356 [FXGL Background Thread 3 ] DEBUG Engine               - applicationMode: DEVELOPER
13:55:53.356 [FXGL Background Thread 3 ] DEBUG Engine               - cSSList: [fxgl_dark.css]
13:55:53.356 [FXGL Background Thread 3 ] DEBUG Engine               - collisionDetectionStrategy: BRUTE_FORCE
13:55:53.356 [FXGL Background Thread 3 ] DEBUG Engine               - configClass: Optional.empty
13:55:53.356 [FXGL Background Thread 3 ] DEBUG Engine               - credits: []
13:55:53.356 [FXGL Background Thread 3 ] DEBUG Engine               - defaultCursor: CursorInfo(imageName=fxgl_default_cursor.png, hotspotX=7.0, hotspotY=6.0)
13:55:53.357 [FXGL Background Thread 3 ] DEBUG Engine               - devBBoxColorProperty: ObjectProperty [value: 0xff0000ff]
13:55:53.357 [FXGL Background Thread 3 ] DEBUG Engine               - devEnableDebugCameraProperty: BooleanProperty [value: false]
13:55:53.358 [FXGL Background Thread 3 ] DEBUG Engine               - devSensorColorProperty: ObjectProperty [value: 0xffff00ff]
13:55:53.358 [FXGL Background Thread 3 ] DEBUG Engine               - devShowBBoxProperty: BooleanProperty [value: false]
13:55:53.358 [FXGL Background Thread 3 ] DEBUG Engine               - devShowPositionProperty: BooleanProperty [value: false]
13:55:53.358 [FXGL Background Thread 3 ] DEBUG Engine               - enabledMenuItems: []
13:55:53.358 [FXGL Background Thread 3 ] DEBUG Engine               - engineServices: [class com.almasb.fxgl.app.services.FXGLAssetLoaderService, class com.almasb.fxgl.app.FXGLApplication$GameApplicationService, class com.almasb.fxgl.app.services.FXGLDialogService, class com.almasb.fxgl.app.services.IOTaskExecutorService, class com.almasb.fxgl.io.FileSystemService, class com.almasb.fxgl.localization.LocalizationService, class com.almasb.fxgl.app.services.SystemBundleService, class com.almasb.fxgl.profile.SaveLoadService, class com.almasb.fxgl.ui.FXGLUIFactoryServiceProvider, class com.almasb.fxgl.ui.FXGLDialogFactoryServiceProvider, class com.almasb.fxgl.audio.AudioPlayer, class com.almasb.fxgl.notification.impl.NotificationServiceProvider, class com.almasb.fxgl.achievement.AchievementService, class com.almasb.fxgl.cutscene.CutsceneService, class com.almasb.fxgl.minigames.MiniGameService, class com.almasb.fxgl.net.NetService, class com.almasb.fxgl.app.services.UpdaterService, class com.almasb.fxgl.dev.DevService]
13:55:53.358 [FXGL Background Thread 3 ] DEBUG Engine               - fontGame: Abel-Regular.ttf
13:55:53.358 [FXGL Background Thread 3 ] DEBUG Engine               - fontMono: lucida_console.ttf
13:55:53.358 [FXGL Background Thread 3 ] DEBUG Engine               - fontText: Courier-Prime.ttf
13:55:53.358 [FXGL Background Thread 3 ] DEBUG Engine               - fontUI: VarelaRound-Regular.ttf
13:55:53.358 [FXGL Background Thread 3 ] DEBUG Engine               - fullScreen: BooleanProperty [value: false]
13:55:53.358 [FXGL Background Thread 3 ] DEBUG Engine               - gameDifficulty: MEDIUM
13:55:53.358 [FXGL Background Thread 3 ] DEBUG Engine               - gameDifficultyProperty: ObjectProperty [value: MEDIUM]
13:55:53.358 [FXGL Background Thread 3 ] DEBUG Engine               - globalMusicVolume: 0.5
13:55:53.359 [FXGL Background Thread 3 ] DEBUG Engine               - globalMusicVolumeProperty: DoubleProperty [value: 0.5]
13:55:53.359 [FXGL Background Thread 3 ] DEBUG Engine               - globalSoundVolume: 0.5
13:55:53.359 [FXGL Background Thread 3 ] DEBUG Engine               - globalSoundVolumeProperty: DoubleProperty [value: 0.5]
13:55:53.359 [FXGL Background Thread 3 ] DEBUG Engine               - height: 1080
13:55:53.359 [FXGL Background Thread 3 ] DEBUG Engine               - is3D: false
13:55:53.359 [FXGL Background Thread 3 ] DEBUG Engine               - isAndroid: false
13:55:53.359 [FXGL Background Thread 3 ] DEBUG Engine               - isBrowser: false
13:55:53.359 [FXGL Background Thread 3 ] DEBUG Engine               - isClickFeedbackEnabled: false
13:55:53.359 [FXGL Background Thread 3 ] DEBUG Engine               - isCloseConfirmation: true
13:55:53.359 [FXGL Background Thread 3 ] DEBUG Engine               - isDesktop: true
13:55:53.359 [FXGL Background Thread 3 ] DEBUG Engine               - isDeveloperMenuEnabled: false
13:55:53.359 [FXGL Background Thread 3 ] DEBUG Engine               - isEntityPreloadEnabled: true
13:55:53.359 [FXGL Background Thread 3 ] DEBUG Engine               - isExperimentalTiledLargeMap: false
13:55:53.359 [FXGL Background Thread 3 ] DEBUG Engine               - isFileSystemWriteAllowed: true
13:55:53.360 [FXGL Background Thread 3 ] DEBUG Engine               - isFullScreenAllowed: false
13:55:53.360 [FXGL Background Thread 3 ] DEBUG Engine               - isFullScreenFromStart: false
13:55:53.360 [FXGL Background Thread 3 ] DEBUG Engine               - isGameMenuEnabled: false
13:55:53.360 [FXGL Background Thread 3 ] DEBUG Engine               - isIOS: false
13:55:53.360 [FXGL Background Thread 3 ] DEBUG Engine               - isIntroEnabled: false
13:55:53.360 [FXGL Background Thread 3 ] DEBUG Engine               - isLinux: false
13:55:53.360 [FXGL Background Thread 3 ] DEBUG Engine               - isMac: false
13:55:53.360 [FXGL Background Thread 3 ] DEBUG Engine               - isMainMenuEnabled: true
13:55:53.360 [FXGL Background Thread 3 ] DEBUG Engine               - isManualResizeEnabled: false
13:55:53.360 [FXGL Background Thread 3 ] DEBUG Engine               - isMobile: false
13:55:53.360 [FXGL Background Thread 3 ] DEBUG Engine               - isNative: false
13:55:53.360 [FXGL Background Thread 3 ] DEBUG Engine               - isPauseMusicWhenMinimized: true
13:55:53.360 [FXGL Background Thread 3 ] DEBUG Engine               - isPreserveResizeRatio: false
13:55:53.360 [FXGL Background Thread 3 ] DEBUG Engine               - isProfilingEnabled: false
13:55:53.361 [FXGL Background Thread 3 ] DEBUG Engine               - isScaleAffectedOnResize: true
13:55:53.361 [FXGL Background Thread 3 ] DEBUG Engine               - isSingleStep: false
13:55:53.361 [FXGL Background Thread 3 ] DEBUG Engine               - isUserProfileEnabled: false
13:55:53.361 [FXGL Background Thread 3 ] DEBUG Engine               - isWindows: true
13:55:53.361 [FXGL Background Thread 3 ] DEBUG Engine               - language: ObjectProperty [value: ENGLISH]
13:55:53.361 [FXGL Background Thread 3 ] DEBUG Engine               - menuKey: ESCAPE
13:55:53.361 [FXGL Background Thread 3 ] DEBUG Engine               - mouseSensitivity: 0.2
13:55:53.361 [FXGL Background Thread 3 ] DEBUG Engine               - notificationViewClass: class com.almasb.fxgl.notification.view.XboxNotificationView
13:55:53.361 [FXGL Background Thread 3 ] DEBUG Engine               - pixelsPerMeter: 50.0
13:55:53.361 [FXGL Background Thread 3 ] DEBUG Engine               - platform: WINDOWS
13:55:53.361 [FXGL Background Thread 3 ] DEBUG Engine               - prefHeightProperty: ReadOnlyDoubleProperty [value: 1080.0]
13:55:53.361 [FXGL Background Thread 3 ] DEBUG Engine               - prefWidthProperty: ReadOnlyDoubleProperty [value: 1920.0]
13:55:53.361 [FXGL Background Thread 3 ] DEBUG Engine               - profileDir: profiles/
13:55:53.361 [FXGL Background Thread 3 ] DEBUG Engine               - profileName: StringProperty [value: DEFAULT]
13:55:53.361 [FXGL Background Thread 3 ] DEBUG Engine               - randomSeed: -1
13:55:53.362 [FXGL Background Thread 3 ] DEBUG Engine               - runtimeInfo: RuntimeInfo(platform=WINDOWS, version=11.17, build=16.07.2021 15.46)
13:55:53.362 [FXGL Background Thread 3 ] DEBUG Engine               - saveFileExt: sav
13:55:53.362 [FXGL Background Thread 3 ] DEBUG Engine               - scaledHeightProp$fxgl: DoubleProperty [bound, value: 720.0]
13:55:53.362 [FXGL Background Thread 3 ] DEBUG Engine               - scaledWidthProp$fxgl: DoubleProperty [bound, value: 1255.0]
13:55:53.362 [FXGL Background Thread 3 ] DEBUG Engine               - sceneFactory: com.example.demo.MySceneFactory@7767deb3
13:55:53.362 [FXGL Background Thread 3 ] DEBUG Engine               - secondsIn24h: 60
13:55:53.362 [FXGL Background Thread 3 ] DEBUG Engine               - soundMenuBack: menu/back.wav
13:55:53.362 [FXGL Background Thread 3 ] DEBUG Engine               - soundMenuPress: menu/press.wav
13:55:53.362 [FXGL Background Thread 3 ] DEBUG Engine               - soundMenuSelect: menu/select.wav
13:55:53.362 [FXGL Background Thread 3 ] DEBUG Engine               - soundNotification: core/notification.wav
13:55:53.362 [FXGL Background Thread 3 ] DEBUG Engine               - stageStyle: DECORATED
13:55:53.362 [FXGL Background Thread 3 ] DEBUG Engine               - supportedLanguages: [ENGLISH, FRENCH, GERMAN, HUNGARIAN, RUSSIAN]
13:55:53.362 [FXGL Background Thread 3 ] DEBUG Engine               - ticksPerSecond: -1
13:55:53.362 [FXGL Background Thread 3 ] DEBUG Engine               - title: Stictactics
13:55:53.363 [FXGL Background Thread 3 ] DEBUG Engine               - urlGithub: https://github.com/AlmasB/FXGL
13:55:53.363 [FXGL Background Thread 3 ] DEBUG Engine               - urlLeaderboard: http://fxgl-top.herokuapp.com/
13:55:53.363 [FXGL Background Thread 3 ] DEBUG Engine               - urlPOM: https://raw.githubusercontent.com/AlmasB/FXGL/release/README.md
13:55:53.363 [FXGL Background Thread 3 ] DEBUG Engine               - userAppClass: class com.example.demo.HelloApplication
13:55:53.363 [FXGL Background Thread 3 ] DEBUG Engine               - version: 0.0
13:55:53.363 [FXGL Background Thread 3 ] DEBUG Engine               - versionCheckDays: 7
13:55:53.363 [FXGL Background Thread 3 ] DEBUG Engine               - width: 1920
13:55:53.363 [FXGL Background Thread 3 ] DEBUG Engine               - Logging services
13:55:53.363 [FXGL Background Thread 3 ] DEBUG Engine               - class com.almasb.fxgl.app.services.FXGLAssetLoaderService
13:55:53.363 [FXGL Background Thread 3 ] DEBUG Engine               - class com.almasb.fxgl.app.FXGLApplication$GameApplicationService
13:55:53.363 [FXGL Background Thread 3 ] DEBUG Engine               - class com.almasb.fxgl.app.services.FXGLDialogService
13:55:53.363 [FXGL Background Thread 3 ] DEBUG Engine               - class com.almasb.fxgl.app.services.IOTaskExecutorService
13:55:53.363 [FXGL Background Thread 3 ] DEBUG Engine               - class com.almasb.fxgl.io.FileSystemService
13:55:53.363 [FXGL Background Thread 3 ] DEBUG Engine               - class com.almasb.fxgl.localization.LocalizationService
13:55:53.363 [FXGL Background Thread 3 ] DEBUG Engine               - class com.almasb.fxgl.app.services.SystemBundleService
13:55:53.363 [FXGL Background Thread 3 ] DEBUG Engine               - class com.almasb.fxgl.profile.SaveLoadService
13:55:53.363 [FXGL Background Thread 3 ] DEBUG Engine               - class com.almasb.fxgl.ui.FXGLUIFactoryServiceProvider
13:55:53.363 [FXGL Background Thread 3 ] DEBUG Engine               - class com.almasb.fxgl.ui.FXGLDialogFactoryServiceProvider
13:55:53.363 [FXGL Background Thread 3 ] DEBUG Engine               - class com.almasb.fxgl.audio.AudioPlayer
13:55:53.363 [FXGL Background Thread 3 ] DEBUG Engine               - class com.almasb.fxgl.notification.impl.NotificationServiceProvider
13:55:53.364 [FXGL Background Thread 3 ] DEBUG Engine               - class com.almasb.fxgl.achievement.AchievementService
13:55:53.364 [FXGL Background Thread 3 ] DEBUG Engine               - class com.almasb.fxgl.cutscene.CutsceneService
13:55:53.364 [FXGL Background Thread 3 ] DEBUG Engine               - class com.almasb.fxgl.minigames.MiniGameService
13:55:53.364 [FXGL Background Thread 3 ] DEBUG Engine               - class com.almasb.fxgl.net.NetService
13:55:53.364 [FXGL Background Thread 3 ] DEBUG Engine               - class com.almasb.fxgl.app.services.UpdaterService
13:55:53.364 [FXGL Background Thread 3 ] DEBUG Engine               - class com.almasb.fxgl.dev.DevService
13:56:06.340 [JavaFX Application Thread] DEBUG LoopRunner           - Pausing loop
13:56:06.348 [JavaFX Application Thread] DEBUG LoopRunner           - Pausing loop
13:56:07.923 [JavaFX Application Thread] DEBUG LoopRunner           - Resuming loop
13:56:07.923 [JavaFX Application Thread] DEBUG GameApplicationServi - Starting new game
13:56:07.923 [JavaFX Application Thread] DEBUG Input                - Clearing active input actions
13:56:07.929 [JavaFX Application Thread] DEBUG GameApplicationServi - Removing overlay from GameScene and adding to FXGLLoadingScene
13:56:07.929 [JavaFX Application Thread] DEBUG PrimaryStageWindow   - GameScene -> FXGLLoadingScene
13:56:07.930 [JavaFX Application Thread] DEBUG GameApplicationServi - Clearing previous game
13:56:07.930 [JavaFX Application Thread] DEBUG GameScene            - Clearing game scene
13:56:07.930 [JavaFX Application Thread] DEBUG GameWorld            - Clearing game world
13:56:07.931 [JavaFX Application Thread] DEBUG PhysicsWorld         - Clearing physics world
13:56:07.931 [FXGL Background Thread 2 ] DEBUG FXGLApplication      - Initializing game
13:56:07.936 [FXGL Background Thread 2 ] WARN  TMXLevelLoader       - TiledMap generated from 1.11.2. Supported version: 1.2.3. Some features may not be parsed fully.
13:56:07.944 [FXGL Background Thread 2 ] DEBUG TMXLevelLoader       - Parsed TiledMap: file:/C:/Users/zyla/demoGame4OOP/target/classes/assets/levels/tmx/map.tmx
13:56:07.944 [FXGL Background Thread 2 ] DEBUG TMXLevelLoader       - Creating tile layer entities
13:56:07.944 [FXGL Background Thread 2 ] DEBUG TilesetLoader        - Loading view for layer Tile Layer 1
13:56:07.951 [FXGL Background Thread 2 ] DEBUG TilesetLoader        - Created buffer with size 1920.0x1088.0
13:56:08.014 [FXGL Background Thread 2 ] DEBUG TMXLevelLoader       - Creating object layer entities
13:56:08.017 [FXGL Background Thread 2 ] DEBUG GameWorld            - Clearing removable entities
13:56:08.017 [FXGL Background Thread 2 ] DEBUG GameWorld            - Setting level: com.almasb.fxgl.entity.level.Level@4abd6b8a
13:56:08.030 [FXGL Background Thread 2 ] INFO  FXGLApplication      - Game initialization took: 0.098 sec
13:56:08.030 [JavaFX Application Thread] DEBUG Input                - Clearing active input actions
13:56:08.039 [JavaFX Application Thread] DEBUG GameApplicationServi - Removing overlay from FXGLLoadingScene and adding to GameScene
13:56:08.039 [JavaFX Application Thread] DEBUG PrimaryStageWindow   - FXGLLoadingScene -> GameScene
13:56:28.227 [JavaFX Application Thread] DEBUG LoopRunner           - Pausing loop
13:56:28.230 [JavaFX Application Thread] DEBUG LoopRunner           - Pausing loop
13:56:29.322 [JavaFX Application Thread] DEBUG LoopRunner           - Resuming loop
13:56:29.322 [JavaFX Application Thread] DEBUG GameApplicationServi - Starting new game
13:56:29.322 [JavaFX Application Thread] DEBUG Input                - Clearing active input actions
13:56:29.327 [JavaFX Application Thread] DEBUG GameApplicationServi - Removing overlay from GameScene and adding to FXGLLoadingScene
13:56:29.327 [JavaFX Application Thread] DEBUG PrimaryStageWindow   - GameScene -> FXGLLoadingScene
13:56:29.327 [JavaFX Application Thread] DEBUG GameApplicationServi - Clearing previous game
13:56:29.327 [JavaFX Application Thread] DEBUG GameScene            - Clearing game scene
13:56:29.327 [JavaFX Application Thread] DEBUG GameWorld            - Clearing game world
13:56:29.328 [JavaFX Application Thread] DEBUG PhysicsWorld         - Clearing physics world
13:56:29.329 [FXGL Background Thread 2 ] DEBUG FXGLApplication      - Initializing game
13:56:29.331 [FXGL Background Thread 2 ] WARN  TMXLevelLoader       - TiledMap generated from 1.11.2. Supported version: 1.2.3. Some features may not be parsed fully.
13:56:29.337 [FXGL Background Thread 2 ] DEBUG TMXLevelLoader       - Parsed TiledMap: file:/C:/Users/zyla/demoGame4OOP/target/classes/assets/levels/tmx/map.tmx
13:56:29.337 [FXGL Background Thread 2 ] DEBUG TMXLevelLoader       - Creating tile layer entities
13:56:29.338 [FXGL Background Thread 2 ] DEBUG TilesetLoader        - Loading view for layer Tile Layer 1
13:56:29.339 [FXGL Background Thread 2 ] DEBUG TilesetLoader        - Created buffer with size 1920.0x1088.0
13:56:29.377 [FXGL Background Thread 2 ] DEBUG TMXLevelLoader       - Creating object layer entities
13:56:29.380 [FXGL Background Thread 2 ] DEBUG GameWorld            - Clearing removable entities
13:56:29.380 [FXGL Background Thread 2 ] DEBUG GameWorld            - Setting level: com.almasb.fxgl.entity.level.Level@1941b048
13:56:29.390 [FXGL Background Thread 2 ] INFO  FXGLApplication      - Game initialization took: 0.062 sec
13:56:29.395 [JavaFX Application Thread] DEBUG Input                - Clearing active input actions
13:56:29.401 [JavaFX Application Thread] DEBUG GameApplicationServi - Removing overlay from FXGLLoadingScene and adding to GameScene
13:56:29.404 [JavaFX Application Thread] DEBUG PrimaryStageWindow   - FXGLLoadingScene -> GameScene
13:56:36.099 [JavaFX Application Thread] DEBUG LoopRunner           - Pausing loop
13:56:36.103 [JavaFX Application Thread] DEBUG LoopRunner           - Pausing loop
13:56:37.664 [JavaFX Application Thread] DEBUG LoopRunner           - Resuming loop
13:56:37.665 [JavaFX Application Thread] DEBUG Input                - Clearing active input actions
13:56:37.671 [JavaFX Application Thread] DEBUG GameApplicationServi - Removing overlay from GameScene and adding to FXGLMainMenuDummyScene
13:56:37.671 [JavaFX Application Thread] DEBUG PrimaryStageWindow   - GameScene -> FXGLMainMenuDummyScene
13:56:37.671 [JavaFX Application Thread] DEBUG PrimaryStageWindow   - Push state: CustomMainMenu
13:56:37.671 [JavaFX Application Thread] DEBUG Input                - Clearing active input actions
13:56:37.675 [JavaFX Application Thread] DEBUG GameApplicationServi - Removing overlay from FXGLMainMenuDummyScene and adding to CustomMainMenu
13:56:37.675 [JavaFX Application Thread] DEBUG PrimaryStageWindow   - FXGLMainMenuDummyScene -> CustomMainMenu
13:56:38.220 [JavaFX Application Thread] DEBUG Menu                 - fireNewGame()
13:56:38.220 [JavaFX Application Thread] DEBUG GameApplicationServi - Starting new game
13:56:38.220 [JavaFX Application Thread] DEBUG PrimaryStageWindow   - Pop state: CustomMainMenu
13:56:38.220 [JavaFX Application Thread] DEBUG Input                - Clearing active input actions
13:56:38.220 [JavaFX Application Thread] DEBUG GameApplicationServi - Removing overlay from CustomMainMenu and adding to FXGLMainMenuDummyScene
13:56:38.220 [JavaFX Application Thread] DEBUG PrimaryStageWindow   - FXGLMainMenuDummyScene <- CustomMainMenu
13:56:38.220 [JavaFX Application Thread] DEBUG Input                - Clearing active input actions
13:56:38.226 [JavaFX Application Thread] DEBUG GameApplicationServi - Removing overlay from FXGLMainMenuDummyScene and adding to FXGLLoadingScene
13:56:38.226 [JavaFX Application Thread] DEBUG PrimaryStageWindow   - FXGLMainMenuDummyScene -> FXGLLoadingScene
13:56:38.226 [JavaFX Application Thread] DEBUG GameApplicationServi - Clearing previous game
13:56:38.226 [JavaFX Application Thread] DEBUG GameScene            - Clearing game scene
13:56:38.226 [JavaFX Application Thread] DEBUG GameWorld            - Clearing game world
13:56:38.227 [JavaFX Application Thread] DEBUG PhysicsWorld         - Clearing physics world
13:56:38.228 [FXGL Background Thread 2 ] DEBUG FXGLApplication      - Initializing game
13:56:38.231 [FXGL Background Thread 2 ] WARN  TMXLevelLoader       - TiledMap generated from 1.11.2. Supported version: 1.2.3. Some features may not be parsed fully.
13:56:38.241 [FXGL Background Thread 2 ] DEBUG TMXLevelLoader       - Parsed TiledMap: file:/C:/Users/zyla/demoGame4OOP/target/classes/assets/levels/tmx/map.tmx
13:56:38.241 [FXGL Background Thread 2 ] DEBUG TMXLevelLoader       - Creating tile layer entities
13:56:38.241 [FXGL Background Thread 2 ] DEBUG TilesetLoader        - Loading view for layer Tile Layer 1
13:56:38.246 [FXGL Background Thread 2 ] DEBUG TilesetLoader        - Created buffer with size 1920.0x1088.0
13:56:38.294 [FXGL Background Thread 2 ] DEBUG TMXLevelLoader       - Creating object layer entities
13:56:38.296 [FXGL Background Thread 2 ] DEBUG GameWorld            - Clearing removable entities
13:56:38.296 [FXGL Background Thread 2 ] DEBUG GameWorld            - Setting level: com.almasb.fxgl.entity.level.Level@36049d50
13:56:38.304 [FXGL Background Thread 2 ] INFO  FXGLApplication      - Game initialization took: 0.076 sec
13:56:38.308 [JavaFX Application Thread] DEBUG Input                - Clearing active input actions
13:56:38.315 [JavaFX Application Thread] DEBUG GameApplicationServi - Removing overlay from FXGLLoadingScene and adding to GameScene
13:56:38.315 [JavaFX Application Thread] DEBUG PrimaryStageWindow   - FXGLLoadingScene -> GameScene
13:56:41.408 [JavaFX Application Thread] DEBUG PrimaryStageWindow   - Push state: DialogSubScene
13:56:41.408 [JavaFX Application Thread] DEBUG Input                - Clearing active input actions
13:56:41.409 [JavaFX Application Thread] DEBUG GameApplicationServi - Removing overlay from GameScene and adding to DialogSubScene
13:56:41.409 [JavaFX Application Thread] DEBUG PrimaryStageWindow   - GameScene -> DialogSubScene
13:56:41.977 [JavaFX Application Thread] DEBUG PrimaryStageWindow   - Pop state: DialogSubScene
13:56:41.977 [JavaFX Application Thread] DEBUG Input                - Clearing active input actions
13:56:41.978 [JavaFX Application Thread] DEBUG GameApplicationServi - Removing overlay from DialogSubScene and adding to GameScene
13:56:41.978 [JavaFX Application Thread] DEBUG PrimaryStageWindow   - GameScene <- DialogSubScene
13:56:41.978 [JavaFX Application Thread] DEBUG FXGLApplication      - Exiting FXGL
13:56:41.978 [JavaFX Application Thread] DEBUG LoopRunner           - Stopping loop
13:56:41.978 [JavaFX Application Thread] DEBUG SystemBundleService  - Saving FXGL system data
13:56:41.983 [JavaFX Application Thread] DEBUG FileSystemAccess     - Writing to: C:\Users\zyla\demoGame4OOP\system\fxgl.bundle
13:56:41.987 [JavaFX Application Thread] DEBUG Async                - Shutting down background threads
13:56:41.987 [JavaFX Application Thread] DEBUG PrimaryStageWindow   - Closing main window
13:56:42.010 [JavaFX Application Thread] DEBUG Logger               - Closing Logger
