07:28:34.266 [main                     ] DEBUG Logger               - Configured Logger
07:28:34.268 [main                     ] DEBUG GameApplication      - Logging settings
Title: Stictactics
Version: 0.0
Width: 1920
Height: 1080
Fullscreen: false
Intro: false
Profiling: false
Single step:false
App Mode: DEVELOPER
Menu Key: ESCAPE
Stage Style: DECORATED
Scene Factory: class com.example.demo.Factory.MySceneFactory

07:28:34.642 [JavaFX Application Thread] DEBUG FXGLApplication      - Initializing FXGL
07:28:34.643 [JavaFX Application Thread] INFO  Engine               - FXGL-11.17 (16.07.2021 15.46) on WINDOWS (J:23.0.2 FX:17.0.6)
07:28:34.644 [JavaFX Application Thread] DEBUG Engine               - JRE Vendor Name: Amazon.com Inc.
07:28:34.644 [JavaFX Application Thread] DEBUG Engine               - Running on OS: Windows 11 version 10.0
07:28:34.644 [JavaFX Application Thread] DEBUG Engine               - Architecture: amd64
07:28:34.644 [JavaFX Application Thread] INFO  Engine               - Source code and latest versions at: https://github.com/AlmasB/FXGL
07:28:34.644 [JavaFX Application Thread] INFO  Engine               -              Join the FXGL chat at: https://gitter.im/AlmasB/FXGL
07:28:34.739 [JavaFX Application Thread] DEBUG PrimaryStageWindow   - Creating a JavaFX scene
07:28:34.739 [JavaFX Application Thread] DEBUG PrimaryStageWindow   - Target size > screen size
07:28:34.790 [JavaFX Application Thread] DEBUG PrimaryStageWindow   - Target settings size: 1920.0 x 1080.0
07:28:34.790 [JavaFX Application Thread] DEBUG PrimaryStageWindow   - Scaled scene size:    1255.0 x 720.0
07:28:34.791 [JavaFX Application Thread] DEBUG PrimaryStageWindow   - Scaled ratio: (0.6536458333333334, 0.6666666666666666)
07:28:34.791 [JavaFX Application Thread] DEBUG PrimaryStageWindow   - Set initial scene to FXGLStartupScene
07:28:34.797 [JavaFX Application Thread] DEBUG PrimaryStageWindow   - Opening main window
07:28:34.900 [JavaFX Application Thread] DEBUG PrimaryStageWindow   - Window border size: (16.0, 39.0)
07:28:34.900 [JavaFX Application Thread] DEBUG PrimaryStageWindow   - Scaled size: 1255.0 x 720.0
07:28:34.900 [JavaFX Application Thread] DEBUG PrimaryStageWindow   - Scaled ratio: (0.6536458333333334, 0.6666666666666666)
07:28:34.900 [JavaFX Application Thread] DEBUG PrimaryStageWindow   - Scene size: 1255.0 x 720.0
07:28:34.900 [JavaFX Application Thread] DEBUG PrimaryStageWindow   - Stage size: 1271.0 x 759.0
07:28:34.909 [FXGL Background Thread 1 ] DEBUG Engine               - Initializing environment variables
07:28:35.048 [FXGL Background Thread 1 ] DEBUG FXGLAssetLoaderServi - User app class for loading assets: class com.example.demo.HelloController
07:28:35.049 [FXGL Background Thread 1 ] DEBUG GameApplicationServi - Applying CSS: fxgl_dark.css
07:28:35.049 [FXGL Background Thread 1 ] DEBUG FXGLAssetLoaderServi - Loading from file system: jar:file:///C:/Users/zyla/.m2/repository/com/github/almasb/fxgl/11.17/fxgl-11.17.jar!/fxglassets/ui/css/fxgl_dark.css
07:28:35.117 [FXGL Background Thread 1 ] DEBUG GameApplicationServi - Initializing application scenes
07:28:35.254 [FXGL Background Thread 1 ] DEBUG GameWorld            - Game world initialized
07:28:35.332 [FXGL Background Thread 1 ] DEBUG PhysicsWorld         - Physics world initialized: appHeight=1080, physics.ppm=50.0
07:28:35.333 [FXGL Background Thread 1 ] DEBUG PhysicsWorld         - Using strategy: BRUTE_FORCE
07:28:35.335 [FXGL Background Thread 1 ] DEBUG GameScene            - Game scene initialized: 1920x1080
07:28:35.493 [FXGL Background Thread 1 ] DEBUG GameApplicationServi - Application scenes initialized
07:28:35.508 [FXGL Background Thread 1 ] DEBUG SystemBundleService  - Loading FXGL system data
07:28:35.514 [FXGL Background Thread 1 ] DEBUG FileSystemAccess     - Reading from: C:\Users\zyla\demoGame4OOP\system\fxgl.bundle
07:28:35.526 [FXGL Background Thread 1 ] DEBUG SystemBundleService  - Bundle FXGL: {}
07:28:35.526 [FXGL Background Thread 1 ] DEBUG UpdaterService       - Checking for updates
07:28:35.533 [FXGL Background Thread 4 ] DEBUG FXGLApplication      - Loading fonts
07:28:35.533 [FXGL Background Thread 1 ] DEBUG FXGLApplication      - Loading default localization
07:28:35.533 [FXGL Background Thread 4 ] DEBUG FXGLAssetLoaderServi - Loading from file system: jar:file:///C:/Users/zyla/.m2/repository/com/github/almasb/fxgl/11.17/fxgl-11.17.jar!/fxglassets/ui/fonts/VarelaRound-Regular.ttf
07:28:35.534 [FXGL Background Thread 1 ] DEBUG FXGLAssetLoaderServi - Loading from file system: jar:file:///C:/Users/zyla/.m2/repository/com/github/almasb/fxgl/11.17/fxgl-11.17.jar!/fxglassets/languages/english.lang
07:28:35.562 [FXGL Background Thread 1 ] INFO  FXGLApplication      - FXGL initialization took: 0.653 sec
07:28:35.588 [JavaFX Application Thread] DEBUG Input                - Registered new binding: Pause Game - Esc
07:28:35.588 [JavaFX Application Thread] DEBUG Input                - Registered new binding: P1Left - A
07:28:35.588 [JavaFX Application Thread] DEBUG Input                - Registered new binding: P1Right - D
07:28:35.588 [JavaFX Application Thread] DEBUG Input                - Registered new binding: P1Jump - W
07:28:35.588 [JavaFX Application Thread] DEBUG Input                - Registered new binding: P1Punch - F
07:28:35.588 [JavaFX Application Thread] DEBUG Input                - Registered new binding: P1EnhancedPunch - E
07:28:35.589 [JavaFX Application Thread] DEBUG Input                - Registered new binding: P1Ult - Q
07:28:35.589 [JavaFX Application Thread] DEBUG Input                - Registered new binding: P2Left - Left
07:28:35.589 [JavaFX Application Thread] DEBUG Input                - Registered new binding: P2Right - Right
07:28:35.589 [JavaFX Application Thread] DEBUG Input                - Registered new binding: P2Jump - Up
07:28:35.589 [JavaFX Application Thread] DEBUG Input                - Registered new binding: P2Punch - H
07:28:35.589 [JavaFX Application Thread] DEBUG Input                - Registered new binding: P2EnhancedPunch - U
07:28:35.589 [JavaFX Application Thread] DEBUG Input                - Registered new binding: P2Ult - O
07:28:35.595 [JavaFX Application Thread] WARN  FXGLAssetLoaderServi - Asset "/assets/textures//assets/textures/background-intro.mp4" was not found!
07:28:35.595 [JavaFX Application Thread] WARN  FXGLAssetLoaderServi - Failed to load IMAGE
07:28:35.629 [JavaFX Application Thread] DEBUG FXGLAssetLoaderServi - Loading from file system: jar:file:///C:/Users/zyla/.m2/repository/com/github/almasb/fxgl/11.17/fxgl-11.17.jar!/fxglassets/textures/fxgl_icon.png
07:28:35.710 [JavaFX Application Thread] DEBUG FXGLAssetLoaderServi - Loading from file system: jar:file:///C:/Users/zyla/.m2/repository/com/github/almasb/fxgl/11.17/fxgl-11.17.jar!/fxglassets/textures/fxgl_default_cursor.png
07:28:35.716 [JavaFX Application Thread] DEBUG Input                - Registered new binding: Screenshot - CTRL+8
07:28:35.716 [JavaFX Application Thread] DEBUG Input                - Registered new binding: System info dump - CTRL+9
07:28:35.719 [JavaFX Application Thread] DEBUG Input                - Registered new binding: Restart - CTRL+R
07:28:35.720 [JavaFX Application Thread] DEBUG Input                - Registered new binding: Toggle Debug Camera - CTRL+C
07:28:35.722 [JavaFX Application Thread] DEBUG LoopRunner           - Starting loop
07:28:35.722 [JavaFX Application Thread] DEBUG LoopRunner           - Initializing JavaFX AnimationTimerLoop
07:28:35.731 [JavaFX Application Thread] DEBUG Input                - Clearing active input actions
07:28:35.758 [JavaFX Application Thread] DEBUG GameApplicationServi - Removing overlay from FXGLStartupScene and adding to FXGLMainMenuDummyScene
07:28:35.758 [JavaFX Application Thread] DEBUG PrimaryStageWindow   - FXGLStartupScene -> FXGLMainMenuDummyScene
07:28:35.759 [JavaFX Application Thread] DEBUG PrimaryStageWindow   - Push state: CustomMainMenu
07:28:35.759 [JavaFX Application Thread] DEBUG Input                - Clearing active input actions
07:28:35.781 [JavaFX Application Thread] DEBUG GameApplicationServi - Removing overlay from FXGLMainMenuDummyScene and adding to CustomMainMenu
07:28:35.782 [JavaFX Application Thread] DEBUG PrimaryStageWindow   - FXGLMainMenuDummyScene -> CustomMainMenu
07:28:35.934 [FXGL Background Thread 4 ] DEBUG FXGLAssetLoaderServi - Loading from file system: jar:file:///C:/Users/zyla/.m2/repository/com/github/almasb/fxgl/11.17/fxgl-11.17.jar!/fxglassets/ui/fonts/Abel-Regular.ttf
07:28:35.968 [FXGL Background Thread 4 ] DEBUG FXGLAssetLoaderServi - Loading from file system: jar:file:///C:/Users/zyla/.m2/repository/com/github/almasb/fxgl/11.17/fxgl-11.17.jar!/fxglassets/ui/fonts/lucida_console.ttf
07:28:36.000 [FXGL Background Thread 4 ] DEBUG FXGLAssetLoaderServi - Loading from file system: jar:file:///C:/Users/zyla/.m2/repository/com/github/almasb/fxgl/11.17/fxgl-11.17.jar!/fxglassets/ui/fonts/Courier-Prime.ttf
07:28:36.085 [JavaFX Application Thread] DEBUG FXGLApplication      - Registering font factories with UI factory
07:28:36.648 [FXGL Background Thread 2 ] INFO  UpdaterService       - Your current version:  11.17
07:28:36.648 [FXGL Background Thread 2 ] INFO  UpdaterService       - Latest stable version: 21.1
07:28:36.663 [JavaFX Application Thread] DEBUG Menu                 - fireNewGame()
07:28:36.663 [JavaFX Application Thread] DEBUG GameApplicationServi - Starting new game
07:28:36.663 [JavaFX Application Thread] DEBUG PrimaryStageWindow   - Pop state: CustomMainMenu
07:28:36.663 [JavaFX Application Thread] DEBUG Input                - Clearing active input actions
07:28:36.665 [JavaFX Application Thread] DEBUG GameApplicationServi - Removing overlay from CustomMainMenu and adding to FXGLMainMenuDummyScene
07:28:36.665 [JavaFX Application Thread] DEBUG PrimaryStageWindow   - FXGLMainMenuDummyScene <- CustomMainMenu
07:28:36.665 [JavaFX Application Thread] DEBUG Input                - Clearing active input actions
07:28:36.684 [JavaFX Application Thread] DEBUG GameApplicationServi - Removing overlay from FXGLMainMenuDummyScene and adding to FXGLLoadingScene
07:28:36.684 [JavaFX Application Thread] DEBUG PrimaryStageWindow   - FXGLMainMenuDummyScene -> FXGLLoadingScene
07:28:36.684 [JavaFX Application Thread] DEBUG GameApplicationServi - Clearing previous game
07:28:36.684 [JavaFX Application Thread] DEBUG GameScene            - Clearing game scene
07:28:36.684 [JavaFX Application Thread] DEBUG GameWorld            - Clearing game world
07:28:36.685 [JavaFX Application Thread] DEBUG PhysicsWorld         - Clearing physics world
07:28:36.687 [FXGL Background Thread 2 ] DEBUG FXGLApplication      - Initializing game
07:28:36.817 [FXGL Background Thread 2 ] WARN  TMXLevelLoader       - TiledMap generated from 1.11.2. Supported version: 1.2.3. Some features may not be parsed fully.
07:28:36.839 [FXGL Background Thread 2 ] DEBUG TMXLevelLoader       - Parsed TiledMap: file:/C:/Users/zyla/demoGame4OOP/target/classes/assets/levels/tmx/map4.tmx
07:28:36.840 [FXGL Background Thread 2 ] DEBUG TMXLevelLoader       - Creating tile layer entities
07:28:36.845 [FXGL Background Thread 2 ] DEBUG TilesetLoader        - Loading view for layer Tile Layer 1
07:28:36.847 [FXGL Background Thread 2 ] DEBUG TilesetLoader        - Created buffer with size 1920.0x1088.0
07:28:37.025 [FXGL Background Thread 2 ] DEBUG TMXLevelLoader       - Creating object layer entities
07:28:37.098 [FXGL Background Thread 2 ] DEBUG GameWorld            - Clearing removable entities
07:28:37.100 [FXGL Background Thread 2 ] DEBUG GameWorld            - Setting level: com.almasb.fxgl.entity.level.Level@1f63379a
07:28:37.129 [FXGL Background Thread 2 ] DEBUG FXGLAssetLoaderServi - Loading from file system: file:/C:/Users/zyla/demoGame4OOP/target/classes/assets/textures/character_2/knight_idle.png
07:28:37.239 [FXGL Background Thread 2 ] DEBUG FXGLAssetLoaderServi - Loading from file system: file:/C:/Users/zyla/demoGame4OOP/target/classes/assets/textures/character_2/knight_walk.png
07:28:37.271 [FXGL Background Thread 2 ] DEBUG FXGLAssetLoaderServi - Loading from file system: file:/C:/Users/zyla/demoGame4OOP/target/classes/assets/textures/fighter_attack_enhanced_p2.png
07:28:37.282 [FXGL Background Thread 2 ] DEBUG FXGLAssetLoaderServi - Loading from file system: file:/C:/Users/zyla/demoGame4OOP/target/classes/assets/textures/character_2/knight_jump.png
07:28:37.288 [FXGL Background Thread 2 ] DEBUG FXGLAssetLoaderServi - Loading from file system: file:/C:/Users/zyla/demoGame4OOP/target/classes/assets/textures/character_2/knight_combo.png
07:28:37.325 [FXGL Background Thread 2 ] DEBUG FXGLAssetLoaderServi - Loading from file system: file:/C:/Users/zyla/demoGame4OOP/target/classes/assets/textures/fighter_ult_P2.png
07:28:37.379 [FXGL Background Thread 2 ] DEBUG FXGLAssetLoaderServi - Loading from file system: file:/C:/Users/zyla/demoGame4OOP/target/classes/assets/textures/fighter_hit.png
07:28:37.395 [FXGL Background Thread 2 ] DEBUG FXGLAssetLoaderServi - Loading from file system: file:/C:/Users/zyla/demoGame4OOP/target/classes/assets/textures/fighter_idle_P2.png
07:28:37.401 [FXGL Background Thread 2 ] DEBUG FXGLAssetLoaderServi - Loading from file system: file:/C:/Users/zyla/demoGame4OOP/target/classes/assets/textures/fighter_walk_P2.png
07:28:37.407 [FXGL Background Thread 2 ] DEBUG FXGLAssetLoaderServi - Loading from file system: file:/C:/Users/zyla/demoGame4OOP/target/classes/assets/textures/fighter_jump_P2.png
07:28:37.412 [FXGL Background Thread 2 ] DEBUG FXGLAssetLoaderServi - Loading from file system: file:/C:/Users/zyla/demoGame4OOP/target/classes/assets/textures/fighter_attack_P2.png
07:28:37.437 [FXGL Background Thread 2 ] INFO  FXGLApplication      - Game initialization took: 0.750 sec
07:28:37.438 [JavaFX Application Thread] DEBUG Input                - Clearing active input actions
07:28:37.449 [JavaFX Application Thread] DEBUG GameApplicationServi - Removing overlay from FXGLLoadingScene and adding to GameScene
07:28:37.449 [JavaFX Application Thread] DEBUG PrimaryStageWindow   - FXGLLoadingScene -> GameScene
07:28:38.532 [FXGL Background Thread 3 ] DEBUG Engine               - Logging environment variables
07:28:38.533 [FXGL Background Thread 3 ] DEBUG Engine               - achievements: []
07:28:38.533 [FXGL Background Thread 3 ] DEBUG Engine               - actualHeight: 720.0
07:28:38.533 [FXGL Background Thread 3 ] DEBUG Engine               - actualHeightProperty: ReadOnlyDoubleProperty [value: 720.0]
07:28:38.533 [FXGL Background Thread 3 ] DEBUG Engine               - actualWidth: 1255.0
07:28:38.533 [FXGL Background Thread 3 ] DEBUG Engine               - actualWidthProperty: ReadOnlyDoubleProperty [value: 1255.0]
07:28:38.533 [FXGL Background Thread 3 ] DEBUG Engine               - appIcon: fxgl_icon.png
07:28:38.533 [FXGL Background Thread 3 ] DEBUG Engine               - applicationMode: DEVELOPER
07:28:38.533 [FXGL Background Thread 3 ] DEBUG Engine               - cSSList: [fxgl_dark.css]
07:28:38.533 [FXGL Background Thread 3 ] DEBUG Engine               - collisionDetectionStrategy: BRUTE_FORCE
07:28:38.534 [FXGL Background Thread 3 ] DEBUG Engine               - configClass: Optional.empty
07:28:38.534 [FXGL Background Thread 3 ] DEBUG Engine               - credits: []
07:28:38.534 [FXGL Background Thread 3 ] DEBUG Engine               - defaultCursor: CursorInfo(imageName=fxgl_default_cursor.png, hotspotX=7.0, hotspotY=6.0)
07:28:38.534 [FXGL Background Thread 3 ] DEBUG Engine               - devBBoxColorProperty: ObjectProperty [value: 0xff0000ff]
07:28:38.535 [FXGL Background Thread 3 ] DEBUG Engine               - devEnableDebugCameraProperty: BooleanProperty [value: false]
07:28:38.536 [FXGL Background Thread 3 ] DEBUG Engine               - devSensorColorProperty: ObjectProperty [value: 0xffff00ff]
07:28:38.536 [FXGL Background Thread 3 ] DEBUG Engine               - devShowBBoxProperty: BooleanProperty [value: false]
07:28:38.536 [FXGL Background Thread 3 ] DEBUG Engine               - devShowPositionProperty: BooleanProperty [value: false]
07:28:38.536 [FXGL Background Thread 3 ] DEBUG Engine               - enabledMenuItems: []
07:28:38.536 [FXGL Background Thread 3 ] DEBUG Engine               - engineServices: [class com.almasb.fxgl.app.services.FXGLAssetLoaderService, class com.almasb.fxgl.app.FXGLApplication$GameApplicationService, class com.almasb.fxgl.app.services.FXGLDialogService, class com.almasb.fxgl.app.services.IOTaskExecutorService, class com.almasb.fxgl.io.FileSystemService, class com.almasb.fxgl.localization.LocalizationService, class com.almasb.fxgl.app.services.SystemBundleService, class com.almasb.fxgl.profile.SaveLoadService, class com.almasb.fxgl.ui.FXGLUIFactoryServiceProvider, class com.almasb.fxgl.ui.FXGLDialogFactoryServiceProvider, class com.almasb.fxgl.audio.AudioPlayer, class com.almasb.fxgl.notification.impl.NotificationServiceProvider, class com.almasb.fxgl.achievement.AchievementService, class com.almasb.fxgl.cutscene.CutsceneService, class com.almasb.fxgl.minigames.MiniGameService, class com.almasb.fxgl.net.NetService, class com.almasb.fxgl.app.services.UpdaterService, class com.almasb.fxgl.dev.DevService]
07:28:38.536 [FXGL Background Thread 3 ] DEBUG Engine               - fontGame: Abel-Regular.ttf
07:28:38.536 [FXGL Background Thread 3 ] DEBUG Engine               - fontMono: lucida_console.ttf
07:28:38.536 [FXGL Background Thread 3 ] DEBUG Engine               - fontText: Courier-Prime.ttf
07:28:38.536 [FXGL Background Thread 3 ] DEBUG Engine               - fontUI: VarelaRound-Regular.ttf
07:28:38.536 [FXGL Background Thread 3 ] DEBUG Engine               - fullScreen: BooleanProperty [value: false]
07:28:38.536 [FXGL Background Thread 3 ] DEBUG Engine               - gameDifficulty: MEDIUM
07:28:38.536 [FXGL Background Thread 3 ] DEBUG Engine               - gameDifficultyProperty: ObjectProperty [value: MEDIUM]
07:28:38.536 [FXGL Background Thread 3 ] DEBUG Engine               - globalMusicVolume: 0.5
07:28:38.536 [FXGL Background Thread 3 ] DEBUG Engine               - globalMusicVolumeProperty: DoubleProperty [value: 0.5]
07:28:38.536 [FXGL Background Thread 3 ] DEBUG Engine               - globalSoundVolume: 0.5
07:28:38.537 [FXGL Background Thread 3 ] DEBUG Engine               - globalSoundVolumeProperty: DoubleProperty [value: 0.5]
07:28:38.537 [FXGL Background Thread 3 ] DEBUG Engine               - height: 1080
07:28:38.537 [FXGL Background Thread 3 ] DEBUG Engine               - is3D: false
07:28:38.537 [FXGL Background Thread 3 ] DEBUG Engine               - isAndroid: false
07:28:38.537 [FXGL Background Thread 3 ] DEBUG Engine               - isBrowser: false
07:28:38.537 [FXGL Background Thread 3 ] DEBUG Engine               - isClickFeedbackEnabled: false
07:28:38.537 [FXGL Background Thread 3 ] DEBUG Engine               - isCloseConfirmation: true
07:28:38.537 [FXGL Background Thread 3 ] DEBUG Engine               - isDesktop: true
07:28:38.537 [FXGL Background Thread 3 ] DEBUG Engine               - isDeveloperMenuEnabled: false
07:28:38.537 [FXGL Background Thread 3 ] DEBUG Engine               - isEntityPreloadEnabled: true
07:28:38.537 [FXGL Background Thread 3 ] DEBUG Engine               - isExperimentalTiledLargeMap: false
07:28:38.537 [FXGL Background Thread 3 ] DEBUG Engine               - isFileSystemWriteAllowed: true
07:28:38.537 [FXGL Background Thread 3 ] DEBUG Engine               - isFullScreenAllowed: false
07:28:38.537 [FXGL Background Thread 3 ] DEBUG Engine               - isFullScreenFromStart: false
07:28:38.537 [FXGL Background Thread 3 ] DEBUG Engine               - isGameMenuEnabled: false
07:28:38.537 [FXGL Background Thread 3 ] DEBUG Engine               - isIOS: false
07:28:38.537 [FXGL Background Thread 3 ] DEBUG Engine               - isIntroEnabled: false
07:28:38.537 [FXGL Background Thread 3 ] DEBUG Engine               - isLinux: false
07:28:38.537 [FXGL Background Thread 3 ] DEBUG Engine               - isMac: false
07:28:38.537 [FXGL Background Thread 3 ] DEBUG Engine               - isMainMenuEnabled: true
07:28:38.537 [FXGL Background Thread 3 ] DEBUG Engine               - isManualResizeEnabled: false
07:28:38.538 [FXGL Background Thread 3 ] DEBUG Engine               - isMobile: false
07:28:38.538 [FXGL Background Thread 3 ] DEBUG Engine               - isNative: false
07:28:38.538 [FXGL Background Thread 3 ] DEBUG Engine               - isPauseMusicWhenMinimized: true
07:28:38.538 [FXGL Background Thread 3 ] DEBUG Engine               - isPreserveResizeRatio: false
07:28:38.538 [FXGL Background Thread 3 ] DEBUG Engine               - isProfilingEnabled: false
07:28:38.538 [FXGL Background Thread 3 ] DEBUG Engine               - isScaleAffectedOnResize: true
07:28:38.538 [FXGL Background Thread 3 ] DEBUG Engine               - isSingleStep: false
07:28:38.538 [FXGL Background Thread 3 ] DEBUG Engine               - isUserProfileEnabled: false
07:28:38.538 [FXGL Background Thread 3 ] DEBUG Engine               - isWindows: true
07:28:38.538 [FXGL Background Thread 3 ] DEBUG Engine               - language: ObjectProperty [value: ENGLISH]
07:28:38.538 [FXGL Background Thread 3 ] DEBUG Engine               - menuKey: ESCAPE
07:28:38.538 [FXGL Background Thread 3 ] DEBUG Engine               - mouseSensitivity: 0.2
07:28:38.538 [FXGL Background Thread 3 ] DEBUG Engine               - notificationViewClass: class com.almasb.fxgl.notification.view.XboxNotificationView
07:28:38.538 [FXGL Background Thread 3 ] DEBUG Engine               - pixelsPerMeter: 50.0
07:28:38.538 [FXGL Background Thread 3 ] DEBUG Engine               - platform: WINDOWS
07:28:38.538 [FXGL Background Thread 3 ] DEBUG Engine               - prefHeightProperty: ReadOnlyDoubleProperty [value: 1080.0]
07:28:38.539 [FXGL Background Thread 3 ] DEBUG Engine               - prefWidthProperty: ReadOnlyDoubleProperty [value: 1920.0]
07:28:38.539 [FXGL Background Thread 3 ] DEBUG Engine               - profileDir: profiles/
07:28:38.539 [FXGL Background Thread 3 ] DEBUG Engine               - profileName: StringProperty [value: DEFAULT]
07:28:38.539 [FXGL Background Thread 3 ] DEBUG Engine               - randomSeed: -1
07:28:38.539 [FXGL Background Thread 3 ] DEBUG Engine               - runtimeInfo: RuntimeInfo(platform=WINDOWS, version=11.17, build=16.07.2021 15.46)
07:28:38.539 [FXGL Background Thread 3 ] DEBUG Engine               - saveFileExt: sav
07:28:38.539 [FXGL Background Thread 3 ] DEBUG Engine               - scaledHeightProp$fxgl: DoubleProperty [bound, value: 720.0]
07:28:38.539 [FXGL Background Thread 3 ] DEBUG Engine               - scaledWidthProp$fxgl: DoubleProperty [bound, value: 1255.0]
07:28:38.539 [FXGL Background Thread 3 ] DEBUG Engine               - sceneFactory: com.example.demo.Factory.MySceneFactory@3417596c
07:28:38.539 [FXGL Background Thread 3 ] DEBUG Engine               - secondsIn24h: 60
07:28:38.539 [FXGL Background Thread 3 ] DEBUG Engine               - soundMenuBack: menu/back.wav
07:28:38.539 [FXGL Background Thread 3 ] DEBUG Engine               - soundMenuPress: menu/press.wav
07:28:38.539 [FXGL Background Thread 3 ] DEBUG Engine               - soundMenuSelect: menu/select.wav
07:28:38.539 [FXGL Background Thread 3 ] DEBUG Engine               - soundNotification: core/notification.wav
07:28:38.539 [FXGL Background Thread 3 ] DEBUG Engine               - stageStyle: DECORATED
07:28:38.539 [FXGL Background Thread 3 ] DEBUG Engine               - supportedLanguages: [ENGLISH, FRENCH, GERMAN, HUNGARIAN, RUSSIAN]
07:28:38.539 [FXGL Background Thread 3 ] DEBUG Engine               - ticksPerSecond: -1
07:28:38.539 [FXGL Background Thread 3 ] DEBUG Engine               - title: Stictactics
07:28:38.539 [FXGL Background Thread 3 ] DEBUG Engine               - urlGithub: https://github.com/AlmasB/FXGL
07:28:38.540 [FXGL Background Thread 3 ] DEBUG Engine               - urlLeaderboard: http://fxgl-top.herokuapp.com/
07:28:38.540 [FXGL Background Thread 3 ] DEBUG Engine               - urlPOM: https://raw.githubusercontent.com/AlmasB/FXGL/release/README.md
07:28:38.540 [FXGL Background Thread 3 ] DEBUG Engine               - userAppClass: class com.example.demo.HelloController
07:28:38.540 [FXGL Background Thread 3 ] DEBUG Engine               - version: 0.0
07:28:38.540 [FXGL Background Thread 3 ] DEBUG Engine               - versionCheckDays: 7
07:28:38.540 [FXGL Background Thread 3 ] DEBUG Engine               - width: 1920
07:28:38.540 [FXGL Background Thread 3 ] DEBUG Engine               - Logging services
07:28:38.540 [FXGL Background Thread 3 ] DEBUG Engine               - class com.almasb.fxgl.app.services.FXGLAssetLoaderService
07:28:38.540 [FXGL Background Thread 3 ] DEBUG Engine               - class com.almasb.fxgl.app.FXGLApplication$GameApplicationService
07:28:38.540 [FXGL Background Thread 3 ] DEBUG Engine               - class com.almasb.fxgl.app.services.FXGLDialogService
07:28:38.540 [FXGL Background Thread 3 ] DEBUG Engine               - class com.almasb.fxgl.app.services.IOTaskExecutorService
07:28:38.541 [FXGL Background Thread 3 ] DEBUG Engine               - class com.almasb.fxgl.io.FileSystemService
07:28:38.541 [FXGL Background Thread 3 ] DEBUG Engine               - class com.almasb.fxgl.localization.LocalizationService
07:28:38.541 [FXGL Background Thread 3 ] DEBUG Engine               - class com.almasb.fxgl.app.services.SystemBundleService
07:28:38.541 [FXGL Background Thread 3 ] DEBUG Engine               - class com.almasb.fxgl.profile.SaveLoadService
07:28:38.541 [FXGL Background Thread 3 ] DEBUG Engine               - class com.almasb.fxgl.ui.FXGLUIFactoryServiceProvider
07:28:38.541 [FXGL Background Thread 3 ] DEBUG Engine               - class com.almasb.fxgl.ui.FXGLDialogFactoryServiceProvider
07:28:38.541 [FXGL Background Thread 3 ] DEBUG Engine               - class com.almasb.fxgl.audio.AudioPlayer
07:28:38.541 [FXGL Background Thread 3 ] DEBUG Engine               - class com.almasb.fxgl.notification.impl.NotificationServiceProvider
07:28:38.541 [FXGL Background Thread 3 ] DEBUG Engine               - class com.almasb.fxgl.achievement.AchievementService
07:28:38.541 [FXGL Background Thread 3 ] DEBUG Engine               - class com.almasb.fxgl.cutscene.CutsceneService
07:28:38.541 [FXGL Background Thread 3 ] DEBUG Engine               - class com.almasb.fxgl.minigames.MiniGameService
07:28:38.541 [FXGL Background Thread 3 ] DEBUG Engine               - class com.almasb.fxgl.net.NetService
07:28:38.541 [FXGL Background Thread 3 ] DEBUG Engine               - class com.almasb.fxgl.app.services.UpdaterService
07:28:38.541 [FXGL Background Thread 3 ] DEBUG Engine               - class com.almasb.fxgl.dev.DevService
07:28:47.828 [JavaFX Application Thread] DEBUG PrimaryStageWindow   - Push state: CustomPauseMenu
07:28:47.828 [JavaFX Application Thread] DEBUG Input                - Clearing active input actions
07:28:47.831 [JavaFX Application Thread] DEBUG GameApplicationServi - Removing overlay from GameScene and adding to CustomPauseMenu
07:28:47.831 [JavaFX Application Thread] DEBUG PrimaryStageWindow   - GameScene -> CustomPauseMenu
07:28:50.549 [JavaFX Application Thread] DEBUG Menu                 - fireExitToMainMenu()
07:28:50.559 [JavaFX Application Thread] DEBUG PrimaryStageWindow   - Push state: DialogSubScene
07:28:50.559 [JavaFX Application Thread] DEBUG Input                - Clearing active input actions
07:28:50.561 [JavaFX Application Thread] DEBUG GameApplicationServi - Removing overlay from CustomPauseMenu and adding to DialogSubScene
07:28:50.562 [JavaFX Application Thread] DEBUG PrimaryStageWindow   - CustomPauseMenu -> DialogSubScene
07:28:51.116 [JavaFX Application Thread] DEBUG PrimaryStageWindow   - Pop state: DialogSubScene
07:28:51.116 [JavaFX Application Thread] DEBUG Input                - Clearing active input actions
07:28:51.117 [JavaFX Application Thread] DEBUG GameApplicationServi - Removing overlay from DialogSubScene and adding to CustomPauseMenu
07:28:51.117 [JavaFX Application Thread] DEBUG PrimaryStageWindow   - CustomPauseMenu <- DialogSubScene
07:28:51.117 [JavaFX Application Thread] DEBUG PrimaryStageWindow   - Pop state: CustomPauseMenu
07:28:51.117 [JavaFX Application Thread] DEBUG Input                - Clearing active input actions
07:28:51.118 [JavaFX Application Thread] DEBUG GameApplicationServi - Removing overlay from CustomPauseMenu and adding to GameScene
07:28:51.118 [JavaFX Application Thread] DEBUG PrimaryStageWindow   - GameScene <- CustomPauseMenu
07:28:51.118 [JavaFX Application Thread] DEBUG Input                - Clearing active input actions
07:28:51.124 [JavaFX Application Thread] DEBUG GameApplicationServi - Removing overlay from GameScene and adding to FXGLMainMenuDummyScene
07:28:51.124 [JavaFX Application Thread] DEBUG PrimaryStageWindow   - GameScene -> FXGLMainMenuDummyScene
07:28:51.124 [JavaFX Application Thread] DEBUG PrimaryStageWindow   - Push state: CustomMainMenu
07:28:51.124 [JavaFX Application Thread] DEBUG Input                - Clearing active input actions
07:28:51.130 [JavaFX Application Thread] DEBUG GameApplicationServi - Removing overlay from FXGLMainMenuDummyScene and adding to CustomMainMenu
07:28:51.130 [JavaFX Application Thread] DEBUG PrimaryStageWindow   - FXGLMainMenuDummyScene -> CustomMainMenu
07:28:51.547 [JavaFX Application Thread] DEBUG Menu                 - fireNewGame()
07:28:51.547 [JavaFX Application Thread] DEBUG GameApplicationServi - Starting new game
07:28:51.547 [JavaFX Application Thread] DEBUG PrimaryStageWindow   - Pop state: CustomMainMenu
07:28:51.548 [JavaFX Application Thread] DEBUG Input                - Clearing active input actions
07:28:51.548 [JavaFX Application Thread] DEBUG GameApplicationServi - Removing overlay from CustomMainMenu and adding to FXGLMainMenuDummyScene
07:28:51.548 [JavaFX Application Thread] DEBUG PrimaryStageWindow   - FXGLMainMenuDummyScene <- CustomMainMenu
07:28:51.548 [JavaFX Application Thread] DEBUG Input                - Clearing active input actions
07:28:51.554 [JavaFX Application Thread] DEBUG GameApplicationServi - Removing overlay from FXGLMainMenuDummyScene and adding to FXGLLoadingScene
07:28:51.554 [JavaFX Application Thread] DEBUG PrimaryStageWindow   - FXGLMainMenuDummyScene -> FXGLLoadingScene
07:28:51.554 [JavaFX Application Thread] DEBUG GameApplicationServi - Clearing previous game
07:28:51.554 [JavaFX Application Thread] DEBUG GameScene            - Clearing game scene
07:28:51.554 [JavaFX Application Thread] DEBUG GameWorld            - Clearing game world
07:28:51.555 [JavaFX Application Thread] DEBUG PhysicsWorld         - Clearing physics world
07:28:51.556 [FXGL Background Thread 2 ] DEBUG FXGLApplication      - Initializing game
07:28:51.558 [FXGL Background Thread 2 ] WARN  TMXLevelLoader       - TiledMap generated from 1.11.2. Supported version: 1.2.3. Some features may not be parsed fully.
07:28:51.563 [FXGL Background Thread 2 ] DEBUG TMXLevelLoader       - Parsed TiledMap: file:/C:/Users/zyla/demoGame4OOP/target/classes/assets/levels/tmx/map4.tmx
07:28:51.563 [FXGL Background Thread 2 ] DEBUG TMXLevelLoader       - Creating tile layer entities
07:28:51.563 [FXGL Background Thread 2 ] DEBUG TilesetLoader        - Loading view for layer Tile Layer 1
07:28:51.564 [FXGL Background Thread 2 ] DEBUG TilesetLoader        - Created buffer with size 1920.0x1088.0
07:28:51.654 [FXGL Background Thread 2 ] DEBUG TMXLevelLoader       - Creating object layer entities
07:28:51.656 [FXGL Background Thread 2 ] DEBUG GameWorld            - Clearing removable entities
07:28:51.656 [FXGL Background Thread 2 ] DEBUG GameWorld            - Setting level: com.almasb.fxgl.entity.level.Level@765f73de
07:28:51.682 [FXGL Background Thread 2 ] INFO  FXGLApplication      - Game initialization took: 0.127 sec
07:28:51.682 [JavaFX Application Thread] DEBUG Input                - Clearing active input actions
07:28:51.688 [JavaFX Application Thread] DEBUG GameApplicationServi - Removing overlay from FXGLLoadingScene and adding to GameScene
07:28:51.688 [JavaFX Application Thread] DEBUG PrimaryStageWindow   - FXGLLoadingScene -> GameScene
07:29:19.189 [JavaFX Application Thread] DEBUG LoopRunner           - Pausing loop
07:29:19.197 [JavaFX Application Thread] DEBUG LoopRunner           - Pausing loop
07:29:20.188 [JavaFX Application Thread] DEBUG LoopRunner           - Resuming loop
07:29:20.188 [JavaFX Application Thread] DEBUG GameApplicationServi - Starting new game
07:29:20.188 [JavaFX Application Thread] DEBUG Input                - Clearing active input actions
07:29:20.193 [JavaFX Application Thread] DEBUG GameApplicationServi - Removing overlay from GameScene and adding to FXGLLoadingScene
07:29:20.193 [JavaFX Application Thread] DEBUG PrimaryStageWindow   - GameScene -> FXGLLoadingScene
07:29:20.194 [JavaFX Application Thread] DEBUG GameApplicationServi - Clearing previous game
07:29:20.194 [JavaFX Application Thread] DEBUG GameScene            - Clearing game scene
07:29:20.194 [JavaFX Application Thread] DEBUG GameWorld            - Clearing game world
07:29:20.194 [JavaFX Application Thread] DEBUG PhysicsWorld         - Clearing physics world
07:29:20.195 [FXGL Background Thread 2 ] DEBUG FXGLApplication      - Initializing game
07:29:20.200 [FXGL Background Thread 2 ] WARN  TMXLevelLoader       - TiledMap generated from 1.11.2. Supported version: 1.2.3. Some features may not be parsed fully.
07:29:20.207 [FXGL Background Thread 2 ] DEBUG TMXLevelLoader       - Parsed TiledMap: file:/C:/Users/zyla/demoGame4OOP/target/classes/assets/levels/tmx/map6.tmx
07:29:20.207 [FXGL Background Thread 2 ] DEBUG TMXLevelLoader       - Creating tile layer entities
07:29:20.207 [FXGL Background Thread 2 ] DEBUG TilesetLoader        - Loading view for layer Tile Layer 1
07:29:20.212 [FXGL Background Thread 2 ] DEBUG TilesetLoader        - Created buffer with size 1920.0x1088.0
07:29:20.345 [FXGL Background Thread 2 ] DEBUG TMXLevelLoader       - Creating object layer entities
07:29:20.349 [FXGL Background Thread 2 ] DEBUG GameWorld            - Clearing removable entities
07:29:20.349 [FXGL Background Thread 2 ] DEBUG GameWorld            - Setting level: com.almasb.fxgl.entity.level.Level@64b59ff3
07:29:20.359 [FXGL Background Thread 2 ] INFO  FXGLApplication      - Game initialization took: 0.165 sec
07:29:20.386 [JavaFX Application Thread] DEBUG Input                - Clearing active input actions
07:29:20.391 [JavaFX Application Thread] DEBUG GameApplicationServi - Removing overlay from FXGLLoadingScene and adding to GameScene
07:29:20.392 [JavaFX Application Thread] DEBUG PrimaryStageWindow   - FXGLLoadingScene -> GameScene
07:29:27.300 [JavaFX Application Thread] DEBUG PrimaryStageWindow   - Push state: CustomPauseMenu
07:29:27.300 [JavaFX Application Thread] DEBUG Input                - Clearing active input actions
07:29:27.301 [JavaFX Application Thread] DEBUG GameApplicationServi - Removing overlay from GameScene and adding to CustomPauseMenu
07:29:27.301 [JavaFX Application Thread] DEBUG PrimaryStageWindow   - GameScene -> CustomPauseMenu
07:29:32.658 [JavaFX Application Thread] DEBUG Menu                 - fireExitToMainMenu()
07:29:32.662 [JavaFX Application Thread] DEBUG PrimaryStageWindow   - Push state: DialogSubScene
07:29:32.662 [JavaFX Application Thread] DEBUG Input                - Clearing active input actions
07:29:32.663 [JavaFX Application Thread] DEBUG GameApplicationServi - Removing overlay from CustomPauseMenu and adding to DialogSubScene
07:29:32.663 [JavaFX Application Thread] DEBUG PrimaryStageWindow   - CustomPauseMenu -> DialogSubScene
07:29:33.194 [JavaFX Application Thread] DEBUG PrimaryStageWindow   - Pop state: DialogSubScene
07:29:33.194 [JavaFX Application Thread] DEBUG Input                - Clearing active input actions
07:29:33.195 [JavaFX Application Thread] DEBUG GameApplicationServi - Removing overlay from DialogSubScene and adding to CustomPauseMenu
07:29:33.195 [JavaFX Application Thread] DEBUG PrimaryStageWindow   - CustomPauseMenu <- DialogSubScene
07:29:33.195 [JavaFX Application Thread] DEBUG PrimaryStageWindow   - Pop state: CustomPauseMenu
07:29:33.195 [JavaFX Application Thread] DEBUG Input                - Clearing active input actions
07:29:33.195 [JavaFX Application Thread] DEBUG GameApplicationServi - Removing overlay from CustomPauseMenu and adding to GameScene
07:29:33.195 [JavaFX Application Thread] DEBUG PrimaryStageWindow   - GameScene <- CustomPauseMenu
07:29:33.195 [JavaFX Application Thread] DEBUG Input                - Clearing active input actions
07:29:33.202 [JavaFX Application Thread] DEBUG GameApplicationServi - Removing overlay from GameScene and adding to FXGLMainMenuDummyScene
07:29:33.203 [JavaFX Application Thread] DEBUG PrimaryStageWindow   - GameScene -> FXGLMainMenuDummyScene
07:29:33.203 [JavaFX Application Thread] DEBUG PrimaryStageWindow   - Push state: CustomMainMenu
07:29:33.203 [JavaFX Application Thread] DEBUG Input                - Clearing active input actions
07:29:33.205 [JavaFX Application Thread] DEBUG GameApplicationServi - Removing overlay from FXGLMainMenuDummyScene and adding to CustomMainMenu
07:29:33.205 [JavaFX Application Thread] DEBUG PrimaryStageWindow   - FXGLMainMenuDummyScene -> CustomMainMenu
07:29:33.969 [JavaFX Application Thread] DEBUG Menu                 - fireNewGame()
07:29:33.969 [JavaFX Application Thread] DEBUG GameApplicationServi - Starting new game
07:29:33.969 [JavaFX Application Thread] DEBUG PrimaryStageWindow   - Pop state: CustomMainMenu
07:29:33.969 [JavaFX Application Thread] DEBUG Input                - Clearing active input actions
07:29:33.970 [JavaFX Application Thread] DEBUG GameApplicationServi - Removing overlay from CustomMainMenu and adding to FXGLMainMenuDummyScene
07:29:33.970 [JavaFX Application Thread] DEBUG PrimaryStageWindow   - FXGLMainMenuDummyScene <- CustomMainMenu
07:29:33.970 [JavaFX Application Thread] DEBUG Input                - Clearing active input actions
07:29:33.974 [JavaFX Application Thread] DEBUG GameApplicationServi - Removing overlay from FXGLMainMenuDummyScene and adding to FXGLLoadingScene
07:29:33.974 [JavaFX Application Thread] DEBUG PrimaryStageWindow   - FXGLMainMenuDummyScene -> FXGLLoadingScene
07:29:33.975 [JavaFX Application Thread] DEBUG GameApplicationServi - Clearing previous game
07:29:33.975 [JavaFX Application Thread] DEBUG GameScene            - Clearing game scene
07:29:33.975 [JavaFX Application Thread] DEBUG GameWorld            - Clearing game world
07:29:33.976 [JavaFX Application Thread] DEBUG PhysicsWorld         - Clearing physics world
07:29:33.976 [FXGL Background Thread 2 ] DEBUG FXGLApplication      - Initializing game
07:29:33.981 [FXGL Background Thread 2 ] WARN  TMXLevelLoader       - TiledMap generated from 1.11.2. Supported version: 1.2.3. Some features may not be parsed fully.
07:29:33.988 [FXGL Background Thread 2 ] DEBUG TMXLevelLoader       - Parsed TiledMap: file:/C:/Users/zyla/demoGame4OOP/target/classes/assets/levels/tmx/map6.tmx
07:29:33.988 [FXGL Background Thread 2 ] DEBUG TMXLevelLoader       - Creating tile layer entities
07:29:33.989 [FXGL Background Thread 2 ] DEBUG TilesetLoader        - Loading view for layer Tile Layer 1
07:29:33.997 [FXGL Background Thread 2 ] DEBUG TilesetLoader        - Created buffer with size 1920.0x1088.0
07:29:34.100 [FXGL Background Thread 2 ] DEBUG TMXLevelLoader       - Creating object layer entities
07:29:34.102 [FXGL Background Thread 2 ] DEBUG GameWorld            - Clearing removable entities
07:29:34.102 [FXGL Background Thread 2 ] DEBUG GameWorld            - Setting level: com.almasb.fxgl.entity.level.Level@4d6075a7
07:29:34.119 [FXGL Background Thread 2 ] INFO  FXGLApplication      - Game initialization took: 0.143 sec
07:29:34.125 [JavaFX Application Thread] DEBUG Input                - Clearing active input actions
07:29:34.128 [JavaFX Application Thread] DEBUG GameApplicationServi - Removing overlay from FXGLLoadingScene and adding to GameScene
07:29:34.128 [JavaFX Application Thread] DEBUG PrimaryStageWindow   - FXGLLoadingScene -> GameScene
07:29:37.659 [JavaFX Application Thread] DEBUG PrimaryStageWindow   - Push state: DialogSubScene
07:29:37.659 [JavaFX Application Thread] DEBUG Input                - Clearing active input actions
07:29:37.659 [JavaFX Application Thread] DEBUG GameApplicationServi - Removing overlay from GameScene and adding to DialogSubScene
07:29:37.659 [JavaFX Application Thread] DEBUG PrimaryStageWindow   - GameScene -> DialogSubScene
07:29:38.336 [JavaFX Application Thread] DEBUG PrimaryStageWindow   - Pop state: DialogSubScene
07:29:38.336 [JavaFX Application Thread] DEBUG Input                - Clearing active input actions
07:29:38.337 [JavaFX Application Thread] DEBUG GameApplicationServi - Removing overlay from DialogSubScene and adding to GameScene
07:29:38.337 [JavaFX Application Thread] DEBUG PrimaryStageWindow   - GameScene <- DialogSubScene
07:29:38.337 [JavaFX Application Thread] DEBUG FXGLApplication      - Exiting FXGL
07:29:38.337 [JavaFX Application Thread] DEBUG LoopRunner           - Stopping loop
07:29:38.337 [JavaFX Application Thread] DEBUG SystemBundleService  - Saving FXGL system data
07:29:38.339 [JavaFX Application Thread] DEBUG FileSystemAccess     - Writing to: C:\Users\zyla\demoGame4OOP\system\fxgl.bundle
07:29:38.341 [JavaFX Application Thread] DEBUG Async                - Shutting down background threads
07:29:38.341 [JavaFX Application Thread] DEBUG PrimaryStageWindow   - Closing main window
07:29:38.357 [JavaFX Application Thread] DEBUG Logger               - Closing Logger
