13:29:45.132 [main                     ] DEBUG Logger               - Configured Logger
13:29:45.138 [main                     ] DEBUG GameApplication      - Logging settings
Title: Stictactics
Version: 0.0
Width: 1984
Height: 1088
Fullscreen: false
Intro: false
Profiling: false
Single step:false
App Mode: DEVELOPER
Menu Key: ESCAPE
Stage Style: DECORATED
Scene Factory: class com.almasb.fxgl.app.scene.SceneFactory

13:29:45.639 [JavaFX Application Thread] DEBUG FXGLApplication      - Initializing FXGL
13:29:45.641 [JavaFX Application Thread] INFO  Engine               - FXGL-11.17 (16.07.2021 15.46) on WINDOWS (J:23.0.2 FX:17.0.6)
13:29:45.642 [JavaFX Application Thread] DEBUG Engine               - JRE Vendor Name: Oracle Corporation
13:29:45.642 [JavaFX Application Thread] DEBUG Engine               - Running on OS: Windows 11 version 10.0
13:29:45.642 [JavaFX Application Thread] DEBUG Engine               - Architecture: amd64
13:29:45.642 [JavaFX Application Thread] INFO  Engine               - Source code and latest versions at: https://github.com/AlmasB/FXGL
13:29:45.642 [JavaFX Application Thread] INFO  Engine               -              Join the FXGL chat at: https://gitter.im/AlmasB/FXGL
13:29:45.789 [JavaFX Application Thread] DEBUG PrimaryStageWindow   - Creating a JavaFX scene
13:29:45.789 [JavaFX Application Thread] DEBUG PrimaryStageWindow   - Target size > screen size
13:29:45.876 [JavaFX Application Thread] DEBUG PrimaryStageWindow   - Target settings size: 1984.0 x 1088.0
13:29:45.876 [JavaFX Application Thread] DEBUG PrimaryStageWindow   - Scaled scene size:    1287.0 x 719.0
13:29:45.876 [JavaFX Application Thread] DEBUG PrimaryStageWindow   - Scaled ratio: (0.6486895161290323, 0.6608455882352942)
13:29:45.877 [JavaFX Application Thread] DEBUG PrimaryStageWindow   - Set initial scene to FXGLStartupScene
13:29:45.887 [JavaFX Application Thread] DEBUG PrimaryStageWindow   - Opening main window
13:29:45.996 [JavaFX Application Thread] DEBUG PrimaryStageWindow   - Window border size: (16.0, 39.0)
13:29:45.997 [JavaFX Application Thread] DEBUG PrimaryStageWindow   - Scaled size: 1287.0 x 719.0
13:29:45.997 [JavaFX Application Thread] DEBUG PrimaryStageWindow   - Scaled ratio: (0.6486895161290323, 0.6608455882352942)
13:29:45.997 [JavaFX Application Thread] DEBUG PrimaryStageWindow   - Scene size: 1287.0 x 719.0
13:29:45.997 [JavaFX Application Thread] DEBUG PrimaryStageWindow   - Stage size: 1303.0 x 758.0
13:29:46.016 [FXGL Background Thread 1 ] DEBUG Engine               - Initializing environment variables
13:29:46.237 [FXGL Background Thread 1 ] DEBUG FXGLAssetLoaderServi - User app class for loading assets: class com.example.demo.HelloApplication
13:29:46.238 [FXGL Background Thread 1 ] DEBUG GameApplicationServi - Applying CSS: fxgl_dark.css
13:29:46.239 [FXGL Background Thread 1 ] DEBUG FXGLAssetLoaderServi - Loading from file system: jar:file:///C:/Users/zyla/.m2/repository/com/github/almasb/fxgl/11.17/fxgl-11.17.jar!/fxglassets/ui/css/fxgl_dark.css
13:29:46.321 [FXGL Background Thread 1 ] DEBUG GameApplicationServi - Initializing application scenes
13:29:46.455 [FXGL Background Thread 1 ] DEBUG GameWorld            - Game world initialized
13:29:46.596 [FXGL Background Thread 1 ] DEBUG PhysicsWorld         - Physics world initialized: appHeight=1088, physics.ppm=50.0
13:29:46.598 [FXGL Background Thread 1 ] DEBUG PhysicsWorld         - Using strategy: BRUTE_FORCE
13:29:46.601 [FXGL Background Thread 1 ] DEBUG GameScene            - Game scene initialized: 1984x1088
13:29:46.618 [FXGL Background Thread 1 ] DEBUG FXGL.DefaultMenu     - createMenuBodyMainMenu()
13:29:46.637 [FXGL Background Thread 1 ] DEBUG FXGL.DefaultMenu     - createOptionsMenu()
13:29:46.652 [FXGL Background Thread 1 ] DEBUG FXGLAssetLoaderServi - Loading from file system: jar:file:///C:/Users/zyla/.m2/repository/com/github/almasb/fxgl/11.17/fxgl-11.17.jar!/fxglassets/textures/particles/smoke.png
13:29:46.830 [FXGL Background Thread 1 ] DEBUG FXGLAssetLoaderServi - Loading from file system: jar:file:///C:/Users/zyla/.m2/repository/com/github/almasb/fxgl/11.17/fxgl-11.17.jar!/fxglassets/textures/particles/trace_horizontal.png
13:29:46.876 [FXGL Background Thread 1 ] DEBUG GameApplicationServi - Application scenes initialized
13:29:46.894 [FXGL Background Thread 1 ] DEBUG SystemBundleService  - Loading FXGL system data
13:29:46.904 [FXGL Background Thread 1 ] DEBUG FileSystemAccess     - Reading from: C:\Users\zyla\demo\system\fxgl.bundle
13:29:46.917 [FXGL Background Thread 1 ] DEBUG SystemBundleService  - Bundle FXGL: {}
13:29:46.917 [FXGL Background Thread 1 ] DEBUG UpdaterService       - Checking for updates
13:29:46.923 [FXGL Background Thread 4 ] DEBUG FXGLApplication      - Loading fonts
13:29:46.923 [FXGL Background Thread 1 ] DEBUG FXGLApplication      - Loading default localization
13:29:46.923 [FXGL Background Thread 4 ] DEBUG FXGLAssetLoaderServi - Loading from file system: jar:file:///C:/Users/zyla/.m2/repository/com/github/almasb/fxgl/11.17/fxgl-11.17.jar!/fxglassets/ui/fonts/VarelaRound-Regular.ttf
13:29:46.924 [FXGL Background Thread 1 ] DEBUG FXGLAssetLoaderServi - Loading from file system: jar:file:///C:/Users/zyla/.m2/repository/com/github/almasb/fxgl/11.17/fxgl-11.17.jar!/fxglassets/languages/english.lang
13:29:46.942 [FXGL Background Thread 1 ] INFO  FXGLApplication      - FXGL initialization took: 0.926 sec
13:29:46.957 [JavaFX Application Thread] DEBUG Input                - Registered new binding: P1Left - A
13:29:46.958 [JavaFX Application Thread] DEBUG Input                - Registered new binding: P1Right - D
13:29:46.958 [JavaFX Application Thread] DEBUG Input                - Registered new binding: P1Jump - W
13:29:46.958 [JavaFX Application Thread] DEBUG Input                - Registered new binding: P1Punch - F
13:29:46.958 [JavaFX Application Thread] DEBUG Input                - Registered new binding: P2Left - J
13:29:46.961 [JavaFX Application Thread] DEBUG Input                - Registered new binding: P2Right - L
13:29:46.961 [JavaFX Application Thread] DEBUG Input                - Registered new binding: P2Jump - I
13:29:46.962 [JavaFX Application Thread] DEBUG Input                - Registered new binding: P2Punch - H
13:29:46.964 [JavaFX Application Thread] DEBUG FXGLAssetLoaderServi - Loading from file system: jar:file:///C:/Users/zyla/.m2/repository/com/github/almasb/fxgl/11.17/fxgl-11.17.jar!/fxglassets/textures/fxgl_icon.png
13:29:47.009 [JavaFX Application Thread] DEBUG FXGLAssetLoaderServi - Loading from file system: jar:file:///C:/Users/zyla/.m2/repository/com/github/almasb/fxgl/11.17/fxgl-11.17.jar!/fxglassets/textures/fxgl_default_cursor.png
13:29:47.017 [JavaFX Application Thread] DEBUG Input                - Registered new binding: Screenshot - CTRL+8
13:29:47.018 [JavaFX Application Thread] DEBUG Input                - Registered new binding: System info dump - CTRL+9
13:29:47.019 [JavaFX Application Thread] DEBUG Input                - Registered new binding: Restart - CTRL+R
13:29:47.021 [JavaFX Application Thread] DEBUG Input                - Registered new binding: Toggle Debug Camera - CTRL+C
13:29:47.026 [JavaFX Application Thread] DEBUG LoopRunner           - Starting loop
13:29:47.026 [JavaFX Application Thread] DEBUG LoopRunner           - Initializing JavaFX AnimationTimerLoop
13:29:47.040 [JavaFX Application Thread] DEBUG Input                - Clearing active input actions
13:29:47.068 [JavaFX Application Thread] DEBUG GameApplicationServi - Removing overlay from FXGLStartupScene and adding to FXGLMainMenuDummyScene
13:29:47.069 [JavaFX Application Thread] DEBUG PrimaryStageWindow   - FXGLStartupScene -> FXGLMainMenuDummyScene
13:29:47.069 [JavaFX Application Thread] DEBUG PrimaryStageWindow   - Push state: FXGLDefaultMenu
13:29:47.076 [JavaFX Application Thread] DEBUG Input                - Clearing active input actions
13:29:47.087 [JavaFX Application Thread] DEBUG GameApplicationServi - Removing overlay from FXGLMainMenuDummyScene and adding to FXGLDefaultMenu
13:29:47.087 [JavaFX Application Thread] DEBUG PrimaryStageWindow   - FXGLMainMenuDummyScene -> FXGLDefaultMenu
13:29:47.167 [FXGL Background Thread 4 ] DEBUG FXGLAssetLoaderServi - Loading from file system: jar:file:///C:/Users/zyla/.m2/repository/com/github/almasb/fxgl/11.17/fxgl-11.17.jar!/fxglassets/ui/fonts/Abel-Regular.ttf
13:29:47.194 [FXGL Background Thread 4 ] DEBUG FXGLAssetLoaderServi - Loading from file system: jar:file:///C:/Users/zyla/.m2/repository/com/github/almasb/fxgl/11.17/fxgl-11.17.jar!/fxglassets/ui/fonts/lucida_console.ttf
13:29:47.234 [FXGL Background Thread 4 ] DEBUG FXGLAssetLoaderServi - Loading from file system: jar:file:///C:/Users/zyla/.m2/repository/com/github/almasb/fxgl/11.17/fxgl-11.17.jar!/fxglassets/ui/fonts/Courier-Prime.ttf
13:29:47.311 [JavaFX Application Thread] DEBUG FXGLApplication      - Registering font factories with UI factory
13:29:49.560 [FXGL Background Thread 2 ] INFO  UpdaterService       - Your current version:  11.17
13:29:49.561 [FXGL Background Thread 2 ] INFO  UpdaterService       - Latest stable version: 21.1
13:29:49.928 [FXGL Background Thread 3 ] DEBUG Engine               - Logging environment variables
13:29:49.929 [FXGL Background Thread 3 ] DEBUG Engine               - achievements: []
13:29:49.929 [FXGL Background Thread 3 ] DEBUG Engine               - actualHeight: 719.0
13:29:49.929 [FXGL Background Thread 3 ] DEBUG Engine               - actualHeightProperty: ReadOnlyDoubleProperty [value: 719.0]
13:29:49.929 [FXGL Background Thread 3 ] DEBUG Engine               - actualWidth: 1287.0
13:29:49.930 [FXGL Background Thread 3 ] DEBUG Engine               - actualWidthProperty: ReadOnlyDoubleProperty [value: 1287.0]
13:29:49.930 [FXGL Background Thread 3 ] DEBUG Engine               - appIcon: fxgl_icon.png
13:29:49.930 [FXGL Background Thread 3 ] DEBUG Engine               - applicationMode: DEVELOPER
13:29:49.930 [FXGL Background Thread 3 ] DEBUG Engine               - cSSList: [fxgl_dark.css]
13:29:49.930 [FXGL Background Thread 3 ] DEBUG Engine               - collisionDetectionStrategy: BRUTE_FORCE
13:29:49.930 [FXGL Background Thread 3 ] DEBUG Engine               - configClass: Optional.empty
13:29:49.930 [FXGL Background Thread 3 ] DEBUG Engine               - credits: [Short Name - Lead Programmer, LongLongLongLongLongLongLong Name - Programmer, V Short - Artist, Medium-Hyphen Name - Designer, More Credits - 111, More Credits - 222, More Credits - 333, More Credits - 444, More Credits - 444, Example of a credit name that will definitely not fit on the screen using default font, More Credits - 444, More Credits - 444, More Credits - 555, More Credits - 666, More Credits - 777]
13:29:49.930 [FXGL Background Thread 3 ] DEBUG Engine               - defaultCursor: CursorInfo(imageName=fxgl_default_cursor.png, hotspotX=7.0, hotspotY=6.0)
13:29:49.931 [FXGL Background Thread 3 ] DEBUG Engine               - devBBoxColorProperty: ObjectProperty [value: 0xff0000ff]
13:29:49.931 [FXGL Background Thread 3 ] DEBUG Engine               - devEnableDebugCameraProperty: BooleanProperty [value: false]
13:29:49.931 [FXGL Background Thread 3 ] DEBUG Engine               - devSensorColorProperty: ObjectProperty [value: 0xffff00ff]
13:29:49.931 [FXGL Background Thread 3 ] DEBUG Engine               - devShowBBoxProperty: BooleanProperty [value: false]
13:29:49.931 [FXGL Background Thread 3 ] DEBUG Engine               - devShowPositionProperty: BooleanProperty [value: false]
13:29:49.931 [FXGL Background Thread 3 ] DEBUG Engine               - enabledMenuItems: []
13:29:49.932 [FXGL Background Thread 3 ] DEBUG Engine               - engineServices: [class com.almasb.fxgl.app.services.FXGLAssetLoaderService, class com.almasb.fxgl.app.FXGLApplication$GameApplicationService, class com.almasb.fxgl.app.services.FXGLDialogService, class com.almasb.fxgl.app.services.IOTaskExecutorService, class com.almasb.fxgl.io.FileSystemService, class com.almasb.fxgl.localization.LocalizationService, class com.almasb.fxgl.app.services.SystemBundleService, class com.almasb.fxgl.profile.SaveLoadService, class com.almasb.fxgl.ui.FXGLUIFactoryServiceProvider, class com.almasb.fxgl.ui.FXGLDialogFactoryServiceProvider, class com.almasb.fxgl.audio.AudioPlayer, class com.almasb.fxgl.notification.impl.NotificationServiceProvider, class com.almasb.fxgl.achievement.AchievementService, class com.almasb.fxgl.cutscene.CutsceneService, class com.almasb.fxgl.minigames.MiniGameService, class com.almasb.fxgl.net.NetService, class com.almasb.fxgl.app.services.UpdaterService, class com.almasb.fxgl.dev.DevService]
13:29:49.932 [FXGL Background Thread 3 ] DEBUG Engine               - fontGame: Abel-Regular.ttf
13:29:49.932 [FXGL Background Thread 3 ] DEBUG Engine               - fontMono: lucida_console.ttf
13:29:49.932 [FXGL Background Thread 3 ] DEBUG Engine               - fontText: Courier-Prime.ttf
13:29:49.932 [FXGL Background Thread 3 ] DEBUG Engine               - fontUI: VarelaRound-Regular.ttf
13:29:49.932 [FXGL Background Thread 3 ] DEBUG Engine               - fullScreen: BooleanProperty [value: false]
13:29:49.932 [FXGL Background Thread 3 ] DEBUG Engine               - gameDifficulty: MEDIUM
13:29:49.932 [FXGL Background Thread 3 ] DEBUG Engine               - gameDifficultyProperty: ObjectProperty [value: MEDIUM]
13:29:49.933 [FXGL Background Thread 3 ] DEBUG Engine               - globalMusicVolume: 0.5
13:29:49.934 [FXGL Background Thread 3 ] DEBUG Engine               - globalMusicVolumeProperty: DoubleProperty [value: 0.5]
13:29:49.934 [FXGL Background Thread 3 ] DEBUG Engine               - globalSoundVolume: 0.5
13:29:49.934 [FXGL Background Thread 3 ] DEBUG Engine               - globalSoundVolumeProperty: DoubleProperty [value: 0.5]
13:29:49.934 [FXGL Background Thread 3 ] DEBUG Engine               - height: 1088
13:29:49.934 [FXGL Background Thread 3 ] DEBUG Engine               - is3D: false
13:29:49.934 [FXGL Background Thread 3 ] DEBUG Engine               - isAndroid: false
13:29:49.935 [FXGL Background Thread 3 ] DEBUG Engine               - isBrowser: false
13:29:49.935 [FXGL Background Thread 3 ] DEBUG Engine               - isClickFeedbackEnabled: false
13:29:49.935 [FXGL Background Thread 3 ] DEBUG Engine               - isCloseConfirmation: true
13:29:49.935 [FXGL Background Thread 3 ] DEBUG Engine               - isDesktop: true
13:29:49.935 [FXGL Background Thread 3 ] DEBUG Engine               - isDeveloperMenuEnabled: false
13:29:49.935 [FXGL Background Thread 3 ] DEBUG Engine               - isEntityPreloadEnabled: true
13:29:49.935 [FXGL Background Thread 3 ] DEBUG Engine               - isExperimentalTiledLargeMap: false
13:29:49.936 [FXGL Background Thread 3 ] DEBUG Engine               - isFileSystemWriteAllowed: true
13:29:49.936 [FXGL Background Thread 3 ] DEBUG Engine               - isFullScreenAllowed: false
13:29:49.936 [FXGL Background Thread 3 ] DEBUG Engine               - isFullScreenFromStart: false
13:29:49.937 [FXGL Background Thread 3 ] DEBUG Engine               - isGameMenuEnabled: false
13:29:49.937 [FXGL Background Thread 3 ] DEBUG Engine               - isIOS: false
13:29:49.937 [FXGL Background Thread 3 ] DEBUG Engine               - isIntroEnabled: false
13:29:49.937 [FXGL Background Thread 3 ] DEBUG Engine               - isLinux: false
13:29:49.937 [FXGL Background Thread 3 ] DEBUG Engine               - isMac: false
13:29:49.938 [FXGL Background Thread 3 ] DEBUG Engine               - isMainMenuEnabled: true
13:29:49.938 [FXGL Background Thread 3 ] DEBUG Engine               - isManualResizeEnabled: false
13:29:49.938 [FXGL Background Thread 3 ] DEBUG Engine               - isMobile: false
13:29:49.938 [FXGL Background Thread 3 ] DEBUG Engine               - isNative: false
13:29:49.938 [FXGL Background Thread 3 ] DEBUG Engine               - isPauseMusicWhenMinimized: true
13:29:49.938 [FXGL Background Thread 3 ] DEBUG Engine               - isPreserveResizeRatio: false
13:29:49.938 [FXGL Background Thread 3 ] DEBUG Engine               - isProfilingEnabled: false
13:29:49.938 [FXGL Background Thread 3 ] DEBUG Engine               - isScaleAffectedOnResize: true
13:29:49.938 [FXGL Background Thread 3 ] DEBUG Engine               - isSingleStep: false
13:29:49.938 [FXGL Background Thread 3 ] DEBUG Engine               - isUserProfileEnabled: false
13:29:49.939 [FXGL Background Thread 3 ] DEBUG Engine               - isWindows: true
13:29:49.939 [FXGL Background Thread 3 ] DEBUG Engine               - language: ObjectProperty [value: ENGLISH]
13:29:49.939 [FXGL Background Thread 3 ] DEBUG Engine               - menuKey: ESCAPE
13:29:49.939 [FXGL Background Thread 3 ] DEBUG Engine               - mouseSensitivity: 0.2
13:29:49.939 [FXGL Background Thread 3 ] DEBUG Engine               - notificationViewClass: class com.almasb.fxgl.notification.view.XboxNotificationView
13:29:49.939 [FXGL Background Thread 3 ] DEBUG Engine               - pixelsPerMeter: 50.0
13:29:49.939 [FXGL Background Thread 3 ] DEBUG Engine               - platform: WINDOWS
13:29:49.939 [FXGL Background Thread 3 ] DEBUG Engine               - prefHeightProperty: ReadOnlyDoubleProperty [value: 1088.0]
13:29:49.939 [FXGL Background Thread 3 ] DEBUG Engine               - prefWidthProperty: ReadOnlyDoubleProperty [value: 1984.0]
13:29:49.939 [FXGL Background Thread 3 ] DEBUG Engine               - profileDir: profiles/
13:29:49.940 [FXGL Background Thread 3 ] DEBUG Engine               - profileName: StringProperty [value: DEFAULT]
13:29:49.940 [FXGL Background Thread 3 ] DEBUG Engine               - randomSeed: -1
13:29:49.940 [FXGL Background Thread 3 ] DEBUG Engine               - runtimeInfo: RuntimeInfo(platform=WINDOWS, version=11.17, build=16.07.2021 15.46)
13:29:49.940 [FXGL Background Thread 3 ] DEBUG Engine               - saveFileExt: sav
13:29:49.942 [FXGL Background Thread 3 ] DEBUG Engine               - scaledHeightProp$fxgl: DoubleProperty [bound, value: 719.0]
13:29:49.942 [FXGL Background Thread 3 ] DEBUG Engine               - scaledWidthProp$fxgl: DoubleProperty [bound, value: 1287.0]
13:29:49.942 [FXGL Background Thread 3 ] DEBUG Engine               - sceneFactory: com.almasb.fxgl.app.scene.SceneFactory@6689c89c
13:29:49.942 [FXGL Background Thread 3 ] DEBUG Engine               - secondsIn24h: 60
13:29:49.942 [FXGL Background Thread 3 ] DEBUG Engine               - soundMenuBack: menu/back.wav
13:29:49.943 [FXGL Background Thread 3 ] DEBUG Engine               - soundMenuPress: menu/press.wav
13:29:49.943 [FXGL Background Thread 3 ] DEBUG Engine               - soundMenuSelect: menu/select.wav
13:29:49.943 [FXGL Background Thread 3 ] DEBUG Engine               - soundNotification: core/notification.wav
13:29:49.943 [FXGL Background Thread 3 ] DEBUG Engine               - stageStyle: DECORATED
13:29:49.943 [FXGL Background Thread 3 ] DEBUG Engine               - supportedLanguages: [ENGLISH, FRENCH, GERMAN, HUNGARIAN, RUSSIAN]
13:29:49.943 [FXGL Background Thread 3 ] DEBUG Engine               - ticksPerSecond: -1
13:29:49.943 [FXGL Background Thread 3 ] DEBUG Engine               - title: Stictactics
13:29:49.943 [FXGL Background Thread 3 ] DEBUG Engine               - urlGithub: https://github.com/AlmasB/FXGL
13:29:49.943 [FXGL Background Thread 3 ] DEBUG Engine               - urlLeaderboard: http://fxgl-top.herokuapp.com/
13:29:49.948 [FXGL Background Thread 3 ] DEBUG Engine               - urlPOM: https://raw.githubusercontent.com/AlmasB/FXGL/release/README.md
13:29:49.949 [FXGL Background Thread 3 ] DEBUG Engine               - userAppClass: class com.example.demo.HelloApplication
13:29:49.949 [FXGL Background Thread 3 ] DEBUG Engine               - version: 0.0
13:29:49.949 [FXGL Background Thread 3 ] DEBUG Engine               - versionCheckDays: 7
13:29:49.949 [FXGL Background Thread 3 ] DEBUG Engine               - width: 1984
13:29:49.949 [FXGL Background Thread 3 ] DEBUG Engine               - Logging services
13:29:49.949 [FXGL Background Thread 3 ] DEBUG Engine               - class com.almasb.fxgl.app.services.FXGLAssetLoaderService
13:29:49.949 [FXGL Background Thread 3 ] DEBUG Engine               - class com.almasb.fxgl.app.FXGLApplication$GameApplicationService
13:29:49.952 [FXGL Background Thread 3 ] DEBUG Engine               - class com.almasb.fxgl.app.services.FXGLDialogService
13:29:49.952 [FXGL Background Thread 3 ] DEBUG Engine               - class com.almasb.fxgl.app.services.IOTaskExecutorService
13:29:49.952 [FXGL Background Thread 3 ] DEBUG Engine               - class com.almasb.fxgl.io.FileSystemService
13:29:49.957 [FXGL Background Thread 3 ] DEBUG Engine               - class com.almasb.fxgl.localization.LocalizationService
13:29:49.957 [FXGL Background Thread 3 ] DEBUG Engine               - class com.almasb.fxgl.app.services.SystemBundleService
13:29:49.957 [FXGL Background Thread 3 ] DEBUG Engine               - class com.almasb.fxgl.profile.SaveLoadService
13:29:49.957 [FXGL Background Thread 3 ] DEBUG Engine               - class com.almasb.fxgl.ui.FXGLUIFactoryServiceProvider
13:29:49.957 [FXGL Background Thread 3 ] DEBUG Engine               - class com.almasb.fxgl.ui.FXGLDialogFactoryServiceProvider
13:29:49.957 [FXGL Background Thread 3 ] DEBUG Engine               - class com.almasb.fxgl.audio.AudioPlayer
13:29:49.957 [FXGL Background Thread 3 ] DEBUG Engine               - class com.almasb.fxgl.notification.impl.NotificationServiceProvider
13:29:49.957 [FXGL Background Thread 3 ] DEBUG Engine               - class com.almasb.fxgl.achievement.AchievementService
13:29:49.957 [FXGL Background Thread 3 ] DEBUG Engine               - class com.almasb.fxgl.cutscene.CutsceneService
13:29:49.957 [FXGL Background Thread 3 ] DEBUG Engine               - class com.almasb.fxgl.minigames.MiniGameService
13:29:49.957 [FXGL Background Thread 3 ] DEBUG Engine               - class com.almasb.fxgl.net.NetService
13:29:49.958 [FXGL Background Thread 3 ] DEBUG Engine               - class com.almasb.fxgl.app.services.UpdaterService
13:29:49.958 [FXGL Background Thread 3 ] DEBUG Engine               - class com.almasb.fxgl.dev.DevService
13:29:51.253 [JavaFX Application Thread] DEBUG PrimaryStageWindow   - Push state: DialogSubScene
13:29:51.253 [JavaFX Application Thread] DEBUG Input                - Clearing active input actions
13:29:51.253 [JavaFX Application Thread] DEBUG GameApplicationServi - Removing overlay from FXGLDefaultMenu and adding to DialogSubScene
13:29:51.254 [JavaFX Application Thread] DEBUG PrimaryStageWindow   - FXGLDefaultMenu -> DialogSubScene
13:29:52.117 [JavaFX Application Thread] DEBUG PrimaryStageWindow   - Pop state: DialogSubScene
13:29:52.117 [JavaFX Application Thread] DEBUG Input                - Clearing active input actions
13:29:52.118 [JavaFX Application Thread] DEBUG GameApplicationServi - Removing overlay from DialogSubScene and adding to FXGLDefaultMenu
13:29:52.118 [JavaFX Application Thread] DEBUG PrimaryStageWindow   - FXGLDefaultMenu <- DialogSubScene
13:29:52.118 [JavaFX Application Thread] DEBUG FXGLApplication      - Exiting FXGL
13:29:52.118 [JavaFX Application Thread] DEBUG LoopRunner           - Stopping loop
13:29:52.119 [JavaFX Application Thread] DEBUG SystemBundleService  - Saving FXGL system data
13:29:52.123 [JavaFX Application Thread] DEBUG FileSystemAccess     - Writing to: C:\Users\zyla\demo\system\fxgl.bundle
13:29:52.127 [JavaFX Application Thread] DEBUG Async                - Shutting down background threads
13:29:52.127 [JavaFX Application Thread] DEBUG PrimaryStageWindow   - Closing main window
13:29:52.151 [JavaFX Application Thread] DEBUG Logger               - Closing Logger
