14:49:04.117 [main                     ] DEBUG Logger               - Configured Logger
14:49:04.120 [main                     ] DEBUG GameApplication      - Logging settings
Title: Stictactics
Version: 0.0
Width: 1920
Height: 1080
Fullscreen: false
Intro: false
Profiling: false
Single step:false
App Mode: DEVELOPER
Menu Key: ESCAPE
Stage Style: DECORATED
Scene Factory: class com.example.demo.Factory.MySceneFactory

14:49:04.543 [JavaFX Application Thread] DEBUG FXGLApplication      - Initializing FXGL
14:49:04.544 [JavaFX Application Thread] INFO  Engine               - FXGL-11.17 (16.07.2021 15.46) on WINDOWS (J:23.0.2 FX:17.0.6)
14:49:04.545 [JavaFX Application Thread] DEBUG Engine               - JRE Vendor Name: Amazon.com Inc.
14:49:04.545 [JavaFX Application Thread] DEBUG Engine               - Running on OS: Windows 11 version 10.0
14:49:04.545 [JavaFX Application Thread] DEBUG Engine               - Architecture: amd64
14:49:04.545 [JavaFX Application Thread] INFO  Engine               - Source code and latest versions at: https://github.com/AlmasB/FXGL
14:49:04.545 [JavaFX Application Thread] INFO  Engine               -              Join the FXGL chat at: https://gitter.im/AlmasB/FXGL
14:49:04.659 [JavaFX Application Thread] DEBUG PrimaryStageWindow   - Creating a JavaFX scene
14:49:04.659 [JavaFX Application Thread] DEBUG PrimaryStageWindow   - Target size > screen size
14:49:04.716 [JavaFX Application Thread] DEBUG PrimaryStageWindow   - Target settings size: 1920.0 x 1080.0
14:49:04.716 [JavaFX Application Thread] DEBUG PrimaryStageWindow   - Scaled scene size:    1255.0 x 720.0
14:49:04.716 [JavaFX Application Thread] DEBUG PrimaryStageWindow   - Scaled ratio: (0.6536458333333334, 0.6666666666666666)
14:49:04.717 [JavaFX Application Thread] DEBUG PrimaryStageWindow   - Set initial scene to FXGLStartupScene
14:49:04.726 [JavaFX Application Thread] DEBUG PrimaryStageWindow   - Opening main window
14:49:04.827 [JavaFX Application Thread] DEBUG PrimaryStageWindow   - Window border size: (16.0, 39.0)
14:49:04.827 [JavaFX Application Thread] DEBUG PrimaryStageWindow   - Scaled size: 1255.0 x 720.0
14:49:04.827 [JavaFX Application Thread] DEBUG PrimaryStageWindow   - Scaled ratio: (0.6536458333333334, 0.6666666666666666)
14:49:04.827 [JavaFX Application Thread] DEBUG PrimaryStageWindow   - Scene size: 1255.0 x 720.0
14:49:04.827 [JavaFX Application Thread] DEBUG PrimaryStageWindow   - Stage size: 1271.0 x 759.0
14:49:04.841 [FXGL Background Thread 1 ] DEBUG Engine               - Initializing environment variables
14:49:04.991 [FXGL Background Thread 1 ] DEBUG FXGLAssetLoaderServi - User app class for loading assets: class com.example.demo.HelloController
14:49:04.991 [FXGL Background Thread 1 ] DEBUG GameApplicationServi - Applying CSS: fxgl_dark.css
14:49:04.992 [FXGL Background Thread 1 ] DEBUG FXGLAssetLoaderServi - Loading from file system: jar:file:///C:/Users/zyla/.m2/repository/com/github/almasb/fxgl/11.17/fxgl-11.17.jar!/fxglassets/ui/css/fxgl_dark.css
14:49:05.065 [FXGL Background Thread 1 ] DEBUG GameApplicationServi - Initializing application scenes
14:49:05.186 [FXGL Background Thread 1 ] DEBUG GameWorld            - Game world initialized
14:49:05.272 [FXGL Background Thread 1 ] DEBUG PhysicsWorld         - Physics world initialized: appHeight=1080, physics.ppm=50.0
14:49:05.272 [FXGL Background Thread 1 ] DEBUG PhysicsWorld         - Using strategy: BRUTE_FORCE
14:49:05.275 [FXGL Background Thread 1 ] DEBUG GameScene            - Game scene initialized: 1920x1080
14:49:05.444 [FXGL Background Thread 1 ] DEBUG GameApplicationServi - Application scenes initialized
14:49:05.460 [FXGL Background Thread 1 ] DEBUG SystemBundleService  - Loading FXGL system data
14:49:05.467 [FXGL Background Thread 1 ] DEBUG FileSystemAccess     - Reading from: C:\Users\zyla\demoGame4OOP\system\fxgl.bundle
14:49:05.477 [FXGL Background Thread 1 ] DEBUG SystemBundleService  - Bundle FXGL: {}
14:49:05.477 [FXGL Background Thread 1 ] DEBUG UpdaterService       - Checking for updates
14:49:05.486 [FXGL Background Thread 4 ] DEBUG FXGLApplication      - Loading fonts
14:49:05.486 [FXGL Background Thread 4 ] DEBUG FXGLAssetLoaderServi - Loading from file system: jar:file:///C:/Users/zyla/.m2/repository/com/github/almasb/fxgl/11.17/fxgl-11.17.jar!/fxglassets/ui/fonts/VarelaRound-Regular.ttf
14:49:05.487 [FXGL Background Thread 1 ] DEBUG FXGLApplication      - Loading default localization
14:49:05.487 [FXGL Background Thread 1 ] DEBUG FXGLAssetLoaderServi - Loading from file system: jar:file:///C:/Users/zyla/.m2/repository/com/github/almasb/fxgl/11.17/fxgl-11.17.jar!/fxglassets/languages/english.lang
14:49:05.524 [FXGL Background Thread 1 ] INFO  FXGLApplication      - FXGL initialization took: 0.684 sec
14:49:05.547 [JavaFX Application Thread] DEBUG Input                - Registered new binding: Pause Game - Esc
14:49:05.549 [JavaFX Application Thread] DEBUG Input                - Registered new binding: P1Left - A
14:49:05.549 [JavaFX Application Thread] DEBUG Input                - Registered new binding: P1Right - D
14:49:05.549 [JavaFX Application Thread] DEBUG Input                - Registered new binding: P1Jump - W
14:49:05.550 [JavaFX Application Thread] DEBUG Input                - Registered new binding: P1Punch - F
14:49:05.550 [JavaFX Application Thread] DEBUG Input                - Registered new binding: P1EnhancedPunch - E
14:49:05.550 [JavaFX Application Thread] DEBUG Input                - Registered new binding: P1Ult - Q
14:49:05.550 [JavaFX Application Thread] DEBUG Input                - Registered new binding: P2Left - Left
14:49:05.550 [JavaFX Application Thread] DEBUG Input                - Registered new binding: P2Right - Right
14:49:05.550 [JavaFX Application Thread] DEBUG Input                - Registered new binding: P2Jump - Up
14:49:05.550 [JavaFX Application Thread] DEBUG Input                - Registered new binding: P2Punch - H
14:49:05.550 [JavaFX Application Thread] DEBUG Input                - Registered new binding: P2EnhancedPunch - U
14:49:05.550 [JavaFX Application Thread] DEBUG Input                - Registered new binding: P2Ult - O
14:49:05.556 [JavaFX Application Thread] WARN  FXGLAssetLoaderServi - Asset "/assets/textures//assets/textures/background-intro.mp4" was not found!
14:49:05.556 [JavaFX Application Thread] WARN  FXGLAssetLoaderServi - Failed to load IMAGE
14:49:05.607 [JavaFX Application Thread] DEBUG FXGLAssetLoaderServi - Loading from file system: jar:file:///C:/Users/zyla/.m2/repository/com/github/almasb/fxgl/11.17/fxgl-11.17.jar!/fxglassets/textures/fxgl_icon.png
14:49:05.689 [JavaFX Application Thread] DEBUG FXGLAssetLoaderServi - Loading from file system: jar:file:///C:/Users/zyla/.m2/repository/com/github/almasb/fxgl/11.17/fxgl-11.17.jar!/fxglassets/textures/fxgl_default_cursor.png
14:49:05.701 [JavaFX Application Thread] DEBUG Input                - Registered new binding: Screenshot - CTRL+8
14:49:05.704 [JavaFX Application Thread] DEBUG Input                - Registered new binding: System info dump - CTRL+9
14:49:05.704 [JavaFX Application Thread] DEBUG Input                - Registered new binding: Restart - CTRL+R
14:49:05.707 [JavaFX Application Thread] DEBUG Input                - Registered new binding: Toggle Debug Camera - CTRL+C
14:49:05.710 [JavaFX Application Thread] DEBUG LoopRunner           - Starting loop
14:49:05.710 [JavaFX Application Thread] DEBUG LoopRunner           - Initializing JavaFX AnimationTimerLoop
14:49:05.713 [JavaFX Application Thread] DEBUG Input                - Clearing active input actions
14:49:05.760 [JavaFX Application Thread] DEBUG GameApplicationServi - Removing overlay from FXGLStartupScene and adding to FXGLMainMenuDummyScene
14:49:05.761 [JavaFX Application Thread] DEBUG PrimaryStageWindow   - FXGLStartupScene -> FXGLMainMenuDummyScene
14:49:05.761 [JavaFX Application Thread] DEBUG PrimaryStageWindow   - Push state: CustomMainMenu
14:49:05.761 [JavaFX Application Thread] DEBUG Input                - Clearing active input actions
14:49:05.771 [JavaFX Application Thread] DEBUG GameApplicationServi - Removing overlay from FXGLMainMenuDummyScene and adding to CustomMainMenu
14:49:05.771 [JavaFX Application Thread] DEBUG PrimaryStageWindow   - FXGLMainMenuDummyScene -> CustomMainMenu
14:49:05.940 [FXGL Background Thread 4 ] DEBUG FXGLAssetLoaderServi - Loading from file system: jar:file:///C:/Users/zyla/.m2/repository/com/github/almasb/fxgl/11.17/fxgl-11.17.jar!/fxglassets/ui/fonts/Abel-Regular.ttf
14:49:05.977 [FXGL Background Thread 4 ] DEBUG FXGLAssetLoaderServi - Loading from file system: jar:file:///C:/Users/zyla/.m2/repository/com/github/almasb/fxgl/11.17/fxgl-11.17.jar!/fxglassets/ui/fonts/lucida_console.ttf
14:49:06.042 [FXGL Background Thread 4 ] DEBUG FXGLAssetLoaderServi - Loading from file system: jar:file:///C:/Users/zyla/.m2/repository/com/github/almasb/fxgl/11.17/fxgl-11.17.jar!/fxglassets/ui/fonts/Courier-Prime.ttf
14:49:06.117 [JavaFX Application Thread] DEBUG FXGLApplication      - Registering font factories with UI factory
14:49:07.051 [FXGL Background Thread 2 ] INFO  UpdaterService       - Your current version:  11.17
14:49:07.051 [FXGL Background Thread 2 ] INFO  UpdaterService       - Latest stable version: 21.1
14:49:08.087 [JavaFX Application Thread] DEBUG Menu                 - fireNewGame()
14:49:08.087 [JavaFX Application Thread] DEBUG GameApplicationServi - Starting new game
14:49:08.087 [JavaFX Application Thread] DEBUG PrimaryStageWindow   - Pop state: CustomMainMenu
14:49:08.087 [JavaFX Application Thread] DEBUG Input                - Clearing active input actions
14:49:08.091 [JavaFX Application Thread] DEBUG GameApplicationServi - Removing overlay from CustomMainMenu and adding to FXGLMainMenuDummyScene
14:49:08.091 [JavaFX Application Thread] DEBUG PrimaryStageWindow   - FXGLMainMenuDummyScene <- CustomMainMenu
14:49:08.091 [JavaFX Application Thread] DEBUG Input                - Clearing active input actions
14:49:08.105 [JavaFX Application Thread] DEBUG GameApplicationServi - Removing overlay from FXGLMainMenuDummyScene and adding to FXGLLoadingScene
14:49:08.105 [JavaFX Application Thread] DEBUG PrimaryStageWindow   - FXGLMainMenuDummyScene -> FXGLLoadingScene
14:49:08.105 [JavaFX Application Thread] DEBUG GameApplicationServi - Clearing previous game
14:49:08.105 [JavaFX Application Thread] DEBUG GameScene            - Clearing game scene
14:49:08.105 [JavaFX Application Thread] DEBUG GameWorld            - Clearing game world
14:49:08.106 [JavaFX Application Thread] DEBUG PhysicsWorld         - Clearing physics world
14:49:08.109 [FXGL Background Thread 2 ] DEBUG FXGLApplication      - Initializing game
14:49:08.243 [FXGL Background Thread 2 ] WARN  TMXLevelLoader       - TiledMap generated from 1.11.2. Supported version: 1.2.3. Some features may not be parsed fully.
14:49:08.275 [FXGL Background Thread 2 ] DEBUG TMXLevelLoader       - Parsed TiledMap: file:/C:/Users/zyla/demoGame4OOP/target/classes/assets/levels/tmx/map2.tmx
14:49:08.277 [FXGL Background Thread 2 ] DEBUG TMXLevelLoader       - Creating tile layer entities
14:49:08.277 [FXGL Background Thread 2 ] DEBUG TilesetLoader        - Loading view for layer Tile Layer 1
14:49:08.287 [FXGL Background Thread 2 ] DEBUG TilesetLoader        - Created buffer with size 1984.0x1088.0
14:49:08.486 [FXGL Background Thread 3 ] DEBUG Engine               - Logging environment variables
14:49:08.489 [FXGL Background Thread 3 ] DEBUG Engine               - achievements: []
14:49:08.489 [FXGL Background Thread 3 ] DEBUG Engine               - actualHeight: 720.0
14:49:08.489 [FXGL Background Thread 3 ] DEBUG Engine               - actualHeightProperty: ReadOnlyDoubleProperty [value: 720.0]
14:49:08.489 [FXGL Background Thread 3 ] DEBUG Engine               - actualWidth: 1255.0
14:49:08.489 [FXGL Background Thread 3 ] DEBUG Engine               - actualWidthProperty: ReadOnlyDoubleProperty [value: 1255.0]
14:49:08.490 [FXGL Background Thread 3 ] DEBUG Engine               - appIcon: fxgl_icon.png
14:49:08.490 [FXGL Background Thread 3 ] DEBUG Engine               - applicationMode: DEVELOPER
14:49:08.490 [FXGL Background Thread 3 ] DEBUG Engine               - cSSList: [fxgl_dark.css]
14:49:08.490 [FXGL Background Thread 3 ] DEBUG Engine               - collisionDetectionStrategy: BRUTE_FORCE
14:49:08.490 [FXGL Background Thread 3 ] DEBUG Engine               - configClass: Optional.empty
14:49:08.490 [FXGL Background Thread 3 ] DEBUG Engine               - credits: []
14:49:08.490 [FXGL Background Thread 3 ] DEBUG Engine               - defaultCursor: CursorInfo(imageName=fxgl_default_cursor.png, hotspotX=7.0, hotspotY=6.0)
14:49:08.490 [FXGL Background Thread 3 ] DEBUG Engine               - devBBoxColorProperty: ObjectProperty [value: 0xff0000ff]
14:49:08.490 [FXGL Background Thread 3 ] DEBUG Engine               - devEnableDebugCameraProperty: BooleanProperty [value: false]
14:49:08.490 [FXGL Background Thread 3 ] DEBUG Engine               - devSensorColorProperty: ObjectProperty [value: 0xffff00ff]
14:49:08.490 [FXGL Background Thread 3 ] DEBUG Engine               - devShowBBoxProperty: BooleanProperty [value: false]
14:49:08.490 [FXGL Background Thread 3 ] DEBUG Engine               - devShowPositionProperty: BooleanProperty [value: false]
14:49:08.490 [FXGL Background Thread 3 ] DEBUG Engine               - enabledMenuItems: []
14:49:08.490 [FXGL Background Thread 3 ] DEBUG Engine               - engineServices: [class com.almasb.fxgl.app.services.FXGLAssetLoaderService, class com.almasb.fxgl.app.FXGLApplication$GameApplicationService, class com.almasb.fxgl.app.services.FXGLDialogService, class com.almasb.fxgl.app.services.IOTaskExecutorService, class com.almasb.fxgl.io.FileSystemService, class com.almasb.fxgl.localization.LocalizationService, class com.almasb.fxgl.app.services.SystemBundleService, class com.almasb.fxgl.profile.SaveLoadService, class com.almasb.fxgl.ui.FXGLUIFactoryServiceProvider, class com.almasb.fxgl.ui.FXGLDialogFactoryServiceProvider, class com.almasb.fxgl.audio.AudioPlayer, class com.almasb.fxgl.notification.impl.NotificationServiceProvider, class com.almasb.fxgl.achievement.AchievementService, class com.almasb.fxgl.cutscene.CutsceneService, class com.almasb.fxgl.minigames.MiniGameService, class com.almasb.fxgl.net.NetService, class com.almasb.fxgl.app.services.UpdaterService, class com.almasb.fxgl.dev.DevService]
14:49:08.490 [FXGL Background Thread 3 ] DEBUG Engine               - fontGame: Abel-Regular.ttf
14:49:08.490 [FXGL Background Thread 3 ] DEBUG Engine               - fontMono: lucida_console.ttf
14:49:08.490 [FXGL Background Thread 3 ] DEBUG Engine               - fontText: Courier-Prime.ttf
14:49:08.490 [FXGL Background Thread 3 ] DEBUG Engine               - fontUI: VarelaRound-Regular.ttf
14:49:08.491 [FXGL Background Thread 3 ] DEBUG Engine               - fullScreen: BooleanProperty [value: false]
14:49:08.491 [FXGL Background Thread 3 ] DEBUG Engine               - gameDifficulty: MEDIUM
14:49:08.491 [FXGL Background Thread 3 ] DEBUG Engine               - gameDifficultyProperty: ObjectProperty [value: MEDIUM]
14:49:08.491 [FXGL Background Thread 3 ] DEBUG Engine               - globalMusicVolume: 0.5
14:49:08.491 [FXGL Background Thread 3 ] DEBUG Engine               - globalMusicVolumeProperty: DoubleProperty [value: 0.5]
14:49:08.491 [FXGL Background Thread 3 ] DEBUG Engine               - globalSoundVolume: 0.5
14:49:08.491 [FXGL Background Thread 3 ] DEBUG Engine               - globalSoundVolumeProperty: DoubleProperty [value: 0.5]
14:49:08.491 [FXGL Background Thread 3 ] DEBUG Engine               - height: 1080
14:49:08.491 [FXGL Background Thread 3 ] DEBUG Engine               - is3D: false
14:49:08.491 [FXGL Background Thread 3 ] DEBUG Engine               - isAndroid: false
14:49:08.491 [FXGL Background Thread 3 ] DEBUG Engine               - isBrowser: false
14:49:08.492 [FXGL Background Thread 3 ] DEBUG Engine               - isClickFeedbackEnabled: false
14:49:08.492 [FXGL Background Thread 3 ] DEBUG Engine               - isCloseConfirmation: true
14:49:08.492 [FXGL Background Thread 3 ] DEBUG Engine               - isDesktop: true
14:49:08.492 [FXGL Background Thread 3 ] DEBUG Engine               - isDeveloperMenuEnabled: false
14:49:08.493 [FXGL Background Thread 3 ] DEBUG Engine               - isEntityPreloadEnabled: true
14:49:08.493 [FXGL Background Thread 3 ] DEBUG Engine               - isExperimentalTiledLargeMap: false
14:49:08.493 [FXGL Background Thread 3 ] DEBUG Engine               - isFileSystemWriteAllowed: true
14:49:08.493 [FXGL Background Thread 3 ] DEBUG Engine               - isFullScreenAllowed: false
14:49:08.493 [FXGL Background Thread 3 ] DEBUG Engine               - isFullScreenFromStart: false
14:49:08.493 [FXGL Background Thread 3 ] DEBUG Engine               - isGameMenuEnabled: false
14:49:08.493 [FXGL Background Thread 3 ] DEBUG Engine               - isIOS: false
14:49:08.493 [FXGL Background Thread 3 ] DEBUG Engine               - isIntroEnabled: false
14:49:08.493 [FXGL Background Thread 3 ] DEBUG Engine               - isLinux: false
14:49:08.493 [FXGL Background Thread 3 ] DEBUG Engine               - isMac: false
14:49:08.493 [FXGL Background Thread 3 ] DEBUG Engine               - isMainMenuEnabled: true
14:49:08.493 [FXGL Background Thread 3 ] DEBUG Engine               - isManualResizeEnabled: false
14:49:08.493 [FXGL Background Thread 3 ] DEBUG Engine               - isMobile: false
14:49:08.493 [FXGL Background Thread 3 ] DEBUG Engine               - isNative: false
14:49:08.494 [FXGL Background Thread 3 ] DEBUG Engine               - isPauseMusicWhenMinimized: true
14:49:08.494 [FXGL Background Thread 3 ] DEBUG Engine               - isPreserveResizeRatio: false
14:49:08.494 [FXGL Background Thread 3 ] DEBUG Engine               - isProfilingEnabled: false
14:49:08.494 [FXGL Background Thread 3 ] DEBUG Engine               - isScaleAffectedOnResize: true
14:49:08.494 [FXGL Background Thread 3 ] DEBUG Engine               - isSingleStep: false
14:49:08.494 [FXGL Background Thread 3 ] DEBUG Engine               - isUserProfileEnabled: false
14:49:08.494 [FXGL Background Thread 3 ] DEBUG Engine               - isWindows: true
14:49:08.494 [FXGL Background Thread 3 ] DEBUG Engine               - language: ObjectProperty [value: ENGLISH]
14:49:08.494 [FXGL Background Thread 3 ] DEBUG Engine               - menuKey: ESCAPE
14:49:08.494 [FXGL Background Thread 3 ] DEBUG Engine               - mouseSensitivity: 0.2
14:49:08.494 [FXGL Background Thread 3 ] DEBUG Engine               - notificationViewClass: class com.almasb.fxgl.notification.view.XboxNotificationView
14:49:08.494 [FXGL Background Thread 3 ] DEBUG Engine               - pixelsPerMeter: 50.0
14:49:08.495 [FXGL Background Thread 3 ] DEBUG Engine               - platform: WINDOWS
14:49:08.495 [FXGL Background Thread 3 ] DEBUG Engine               - prefHeightProperty: ReadOnlyDoubleProperty [value: 1080.0]
14:49:08.495 [FXGL Background Thread 3 ] DEBUG Engine               - prefWidthProperty: ReadOnlyDoubleProperty [value: 1920.0]
14:49:08.495 [FXGL Background Thread 3 ] DEBUG Engine               - profileDir: profiles/
14:49:08.495 [FXGL Background Thread 3 ] DEBUG Engine               - profileName: StringProperty [value: DEFAULT]
14:49:08.495 [FXGL Background Thread 3 ] DEBUG Engine               - randomSeed: -1
14:49:08.495 [FXGL Background Thread 3 ] DEBUG Engine               - runtimeInfo: RuntimeInfo(platform=WINDOWS, version=11.17, build=16.07.2021 15.46)
14:49:08.495 [FXGL Background Thread 3 ] DEBUG Engine               - saveFileExt: sav
14:49:08.495 [FXGL Background Thread 3 ] DEBUG Engine               - scaledHeightProp$fxgl: DoubleProperty [bound, value: 720.0]
14:49:08.495 [FXGL Background Thread 3 ] DEBUG Engine               - scaledWidthProp$fxgl: DoubleProperty [bound, value: 1255.0]
14:49:08.495 [FXGL Background Thread 3 ] DEBUG Engine               - sceneFactory: com.example.demo.Factory.MySceneFactory@7cb5972c
14:49:08.496 [FXGL Background Thread 3 ] DEBUG Engine               - secondsIn24h: 60
14:49:08.496 [FXGL Background Thread 3 ] DEBUG Engine               - soundMenuBack: menu/back.wav
14:49:08.496 [FXGL Background Thread 3 ] DEBUG Engine               - soundMenuPress: menu/press.wav
14:49:08.496 [FXGL Background Thread 3 ] DEBUG Engine               - soundMenuSelect: menu/select.wav
14:49:08.496 [FXGL Background Thread 3 ] DEBUG Engine               - soundNotification: core/notification.wav
14:49:08.496 [FXGL Background Thread 3 ] DEBUG Engine               - stageStyle: DECORATED
14:49:08.496 [FXGL Background Thread 3 ] DEBUG Engine               - supportedLanguages: [ENGLISH, FRENCH, GERMAN, HUNGARIAN, RUSSIAN]
14:49:08.496 [FXGL Background Thread 3 ] DEBUG Engine               - ticksPerSecond: -1
14:49:08.496 [FXGL Background Thread 3 ] DEBUG Engine               - title: Stictactics
14:49:08.496 [FXGL Background Thread 3 ] DEBUG Engine               - urlGithub: https://github.com/AlmasB/FXGL
14:49:08.496 [FXGL Background Thread 3 ] DEBUG Engine               - urlLeaderboard: http://fxgl-top.herokuapp.com/
14:49:08.496 [FXGL Background Thread 3 ] DEBUG Engine               - urlPOM: https://raw.githubusercontent.com/AlmasB/FXGL/release/README.md
14:49:08.496 [FXGL Background Thread 3 ] DEBUG Engine               - userAppClass: class com.example.demo.HelloController
14:49:08.496 [FXGL Background Thread 3 ] DEBUG Engine               - version: 0.0
14:49:08.496 [FXGL Background Thread 3 ] DEBUG Engine               - versionCheckDays: 7
14:49:08.497 [FXGL Background Thread 3 ] DEBUG Engine               - width: 1920
14:49:08.497 [FXGL Background Thread 3 ] DEBUG Engine               - Logging services
14:49:08.497 [FXGL Background Thread 3 ] DEBUG Engine               - class com.almasb.fxgl.app.services.FXGLAssetLoaderService
14:49:08.497 [FXGL Background Thread 3 ] DEBUG Engine               - class com.almasb.fxgl.app.FXGLApplication$GameApplicationService
14:49:08.497 [FXGL Background Thread 3 ] DEBUG Engine               - class com.almasb.fxgl.app.services.FXGLDialogService
14:49:08.497 [FXGL Background Thread 3 ] DEBUG Engine               - class com.almasb.fxgl.app.services.IOTaskExecutorService
14:49:08.497 [FXGL Background Thread 3 ] DEBUG Engine               - class com.almasb.fxgl.io.FileSystemService
14:49:08.497 [FXGL Background Thread 3 ] DEBUG Engine               - class com.almasb.fxgl.localization.LocalizationService
14:49:08.497 [FXGL Background Thread 3 ] DEBUG Engine               - class com.almasb.fxgl.app.services.SystemBundleService
14:49:08.497 [FXGL Background Thread 3 ] DEBUG Engine               - class com.almasb.fxgl.profile.SaveLoadService
14:49:08.497 [FXGL Background Thread 3 ] DEBUG Engine               - class com.almasb.fxgl.ui.FXGLUIFactoryServiceProvider
14:49:08.497 [FXGL Background Thread 3 ] DEBUG Engine               - class com.almasb.fxgl.ui.FXGLDialogFactoryServiceProvider
14:49:08.497 [FXGL Background Thread 3 ] DEBUG Engine               - class com.almasb.fxgl.audio.AudioPlayer
14:49:08.497 [FXGL Background Thread 3 ] DEBUG Engine               - class com.almasb.fxgl.notification.impl.NotificationServiceProvider
14:49:08.497 [FXGL Background Thread 3 ] DEBUG Engine               - class com.almasb.fxgl.achievement.AchievementService
14:49:08.497 [FXGL Background Thread 3 ] DEBUG Engine               - class com.almasb.fxgl.cutscene.CutsceneService
14:49:08.497 [FXGL Background Thread 3 ] DEBUG Engine               - class com.almasb.fxgl.minigames.MiniGameService
14:49:08.497 [FXGL Background Thread 3 ] DEBUG Engine               - class com.almasb.fxgl.net.NetService
14:49:08.497 [FXGL Background Thread 3 ] DEBUG Engine               - class com.almasb.fxgl.app.services.UpdaterService
14:49:08.497 [FXGL Background Thread 3 ] DEBUG Engine               - class com.almasb.fxgl.dev.DevService
14:49:08.533 [FXGL Background Thread 2 ] DEBUG TMXLevelLoader       - Creating object layer entities
14:49:08.627 [FXGL Background Thread 2 ] DEBUG GameWorld            - Clearing removable entities
14:49:08.629 [FXGL Background Thread 2 ] DEBUG GameWorld            - Setting level: com.almasb.fxgl.entity.level.Level@33f1be7d
14:49:08.757 [FXGL Background Thread 2 ] DEBUG FXGLAssetLoaderServi - Loading from file system: file:/C:/Users/zyla/demoGame4OOP/target/classes/assets/textures/elite/elite_idle.png
14:49:08.782 [FXGL Background Thread 2 ] DEBUG FXGLAssetLoaderServi - Loading from file system: file:/C:/Users/zyla/demoGame4OOP/target/classes/assets/textures/elite/elite_walk.png
14:49:08.795 [FXGL Background Thread 2 ] DEBUG FXGLAssetLoaderServi - Loading from file system: file:/C:/Users/zyla/demoGame4OOP/target/classes/assets/textures/elite/elite_attack_enhanced.png
14:49:08.815 [FXGL Background Thread 2 ] DEBUG FXGLAssetLoaderServi - Loading from file system: file:/C:/Users/zyla/demoGame4OOP/target/classes/assets/textures/elite/elite_jump.png
14:49:08.827 [FXGL Background Thread 2 ] DEBUG FXGLAssetLoaderServi - Loading from file system: file:/C:/Users/zyla/demoGame4OOP/target/classes/assets/textures/elite/elite_attack.png
14:49:08.841 [FXGL Background Thread 2 ] DEBUG FXGLAssetLoaderServi - Loading from file system: file:/C:/Users/zyla/demoGame4OOP/target/classes/assets/textures/elite/elite_ult.png
14:49:08.912 [FXGL Background Thread 2 ] DEBUG FXGLAssetLoaderServi - Loading from file system: file:/C:/Users/zyla/demoGame4OOP/target/classes/assets/textures/elite/elite_hit.png
14:49:08.959 [FXGL Background Thread 2 ] DEBUG FXGLAssetLoaderServi - Loading from file system: file:/C:/Users/zyla/demoGame4OOP/target/classes/assets/textures/female/female_idle.png
14:49:08.969 [FXGL Background Thread 2 ] DEBUG FXGLAssetLoaderServi - Loading from file system: file:/C:/Users/zyla/demoGame4OOP/target/classes/assets/textures/female/female_walk.png
14:49:08.981 [FXGL Background Thread 2 ] WARN  FXGLAssetLoaderServi - Asset "/assets/textures/female/attack_enhanced.png" was not found!
14:49:08.982 [FXGL Background Thread 2 ] WARN  FXGLAssetLoaderServi - Failed to load IMAGE
14:49:08.982 [FXGL Background Thread 2 ] DEBUG FXGLAssetLoaderServi - Loading from file system: file:/C:/Users/zyla/demoGame4OOP/target/classes/assets/textures/female/female_jump.png
14:49:08.990 [FXGL Background Thread 2 ] DEBUG FXGLAssetLoaderServi - Loading from file system: file:/C:/Users/zyla/demoGame4OOP/target/classes/assets/textures/female/female_attack.png
14:49:09.027 [FXGL Background Thread 2 ] DEBUG FXGLAssetLoaderServi - Loading from file system: file:/C:/Users/zyla/demoGame4OOP/target/classes/assets/textures/female/female_ult.png
14:49:09.067 [FXGL Background Thread 2 ] DEBUG FXGLAssetLoaderServi - Loading from file system: file:/C:/Users/zyla/demoGame4OOP/target/classes/assets/textures/female/female_hit.png
14:49:09.096 [FXGL Background Thread 2 ] INFO  FXGLApplication      - Game initialization took: 0.988 sec
14:49:09.097 [JavaFX Application Thread] DEBUG Input                - Clearing active input actions
14:49:09.113 [JavaFX Application Thread] DEBUG GameApplicationServi - Removing overlay from FXGLLoadingScene and adding to GameScene
14:49:09.113 [JavaFX Application Thread] DEBUG PrimaryStageWindow   - FXGLLoadingScene -> GameScene
14:49:16.508 [JavaFX Application Thread] DEBUG PrimaryStageWindow   - Push state: DialogSubScene
14:49:16.509 [JavaFX Application Thread] DEBUG Input                - Clearing active input actions
14:49:16.510 [JavaFX Application Thread] DEBUG GameApplicationServi - Removing overlay from GameScene and adding to DialogSubScene
14:49:16.510 [JavaFX Application Thread] DEBUG PrimaryStageWindow   - GameScene -> DialogSubScene
14:49:17.319 [JavaFX Application Thread] DEBUG PrimaryStageWindow   - Pop state: DialogSubScene
14:49:17.319 [JavaFX Application Thread] DEBUG Input                - Clearing active input actions
14:49:17.321 [JavaFX Application Thread] DEBUG GameApplicationServi - Removing overlay from DialogSubScene and adding to GameScene
14:49:17.321 [JavaFX Application Thread] DEBUG PrimaryStageWindow   - GameScene <- DialogSubScene
14:49:17.322 [JavaFX Application Thread] DEBUG FXGLApplication      - Exiting FXGL
14:49:17.322 [JavaFX Application Thread] DEBUG LoopRunner           - Stopping loop
14:49:17.322 [JavaFX Application Thread] DEBUG SystemBundleService  - Saving FXGL system data
14:49:17.324 [JavaFX Application Thread] DEBUG FileSystemAccess     - Writing to: C:\Users\zyla\demoGame4OOP\system\fxgl.bundle
14:49:17.333 [JavaFX Application Thread] DEBUG Async                - Shutting down background threads
14:49:17.334 [JavaFX Application Thread] DEBUG PrimaryStageWindow   - Closing main window
14:49:17.379 [JavaFX Application Thread] DEBUG Logger               - Closing Logger
