12:20:12.938 [main                     ] DEBUG Logger               - Configured Logger
12:20:12.940 [main                     ] DEBUG GameApplication      - Logging settings
Title: Stictactics
Version: 0.0
Width: 1920
Height: 1080
Fullscreen: false
Intro: true
Profiling: false
Single step:false
App Mode: DEVELOPER
Menu Key: ESCAPE
Stage Style: DECORATED
Scene Factory: class com.example.demo.MySceneFactory

12:20:13.554 [JavaFX Application Thread] DEBUG FXGLApplication      - Initializing FXGL
12:20:13.556 [JavaFX Application Thread] INFO  Engine               - FXGL-11.17 (16.07.2021 15.46) on WINDOWS (J:23 FX:17.0.6)
12:20:13.556 [JavaFX Application Thread] DEBUG Engine               - JRE Vendor Name: Oracle Corporation
12:20:13.556 [JavaFX Application Thread] DEBUG Engine               - Running on OS: Windows 11 version 10.0
12:20:13.556 [JavaFX Application Thread] DEBUG Engine               - Architecture: amd64
12:20:13.556 [JavaFX Application Thread] INFO  Engine               - Source code and latest versions at: https://github.com/AlmasB/FXGL
12:20:13.557 [JavaFX Application Thread] INFO  Engine               -              Join the FXGL chat at: https://gitter.im/AlmasB/FXGL
12:20:13.640 [JavaFX Application Thread] DEBUG PrimaryStageWindow   - Creating a JavaFX scene
12:20:13.689 [JavaFX Application Thread] DEBUG PrimaryStageWindow   - Target settings size: 1920.0 x 1080.0
12:20:13.689 [JavaFX Application Thread] DEBUG PrimaryStageWindow   - Scaled scene size:    1920.0 x 1080.0
12:20:13.689 [JavaFX Application Thread] DEBUG PrimaryStageWindow   - Scaled ratio: (1.0, 1.0)
12:20:13.690 [JavaFX Application Thread] DEBUG PrimaryStageWindow   - Set initial scene to FXGLStartupScene
12:20:13.696 [JavaFX Application Thread] DEBUG PrimaryStageWindow   - Opening main window
12:20:13.781 [JavaFX Application Thread] DEBUG PrimaryStageWindow   - Window border size: (16.0, 39.0)
12:20:13.782 [JavaFX Application Thread] DEBUG PrimaryStageWindow   - Scaled size: 1920.0 x 1080.0
12:20:13.782 [JavaFX Application Thread] DEBUG PrimaryStageWindow   - Scaled ratio: (1.0, 1.0)
12:20:13.782 [JavaFX Application Thread] DEBUG PrimaryStageWindow   - Scene size: 1920.0 x 1080.0
12:20:13.782 [JavaFX Application Thread] DEBUG PrimaryStageWindow   - Stage size: 1936.0 x 1119.0
12:20:13.790 [FXGL Background Thread 1 ] DEBUG Engine               - Initializing environment variables
12:20:13.886 [FXGL Background Thread 1 ] DEBUG FXGLAssetLoaderServi - User app class for loading assets: class com.example.demo.HelloApplication
12:20:13.886 [FXGL Background Thread 1 ] DEBUG GameApplicationServi - Applying CSS: fxgl_dark.css
12:20:13.887 [FXGL Background Thread 1 ] DEBUG FXGLAssetLoaderServi - Loading from file system: jar:file:///C:/Users/jazph/.m2/repository/com/github/almasb/fxgl/11.17/fxgl-11.17.jar!/fxglassets/ui/css/fxgl_dark.css
12:20:13.938 [FXGL Background Thread 1 ] DEBUG GameApplicationServi - Initializing application scenes
12:20:13.985 [FXGL Background Thread 1 ] DEBUG GameWorld            - Game world initialized
12:20:14.056 [FXGL Background Thread 1 ] DEBUG PhysicsWorld         - Physics world initialized: appHeight=1080, physics.ppm=50.0
12:20:14.056 [FXGL Background Thread 1 ] DEBUG PhysicsWorld         - Using strategy: BRUTE_FORCE
12:20:14.058 [FXGL Background Thread 1 ] DEBUG GameScene            - Game scene initialized: 1920x1080
12:20:14.191 [FXGL Background Thread 1 ] DEBUG GameApplicationServi - Application scenes initialized
12:20:14.204 [FXGL Background Thread 1 ] DEBUG SystemBundleService  - Loading FXGL system data
12:20:14.211 [FXGL Background Thread 1 ] DEBUG FileSystemAccess     - Reading from: C:\Users\jazph\OneDrive\Desktop\demoGame4OOP\system\fxgl.bundle
12:20:14.219 [FXGL Background Thread 1 ] DEBUG SystemBundleService  - Bundle FXGL: {}
12:20:14.219 [FXGL Background Thread 1 ] DEBUG UpdaterService       - Checking for updates
12:20:14.225 [FXGL Background Thread 4 ] DEBUG FXGLApplication      - Loading fonts
12:20:14.225 [FXGL Background Thread 4 ] DEBUG FXGLAssetLoaderServi - Loading from file system: jar:file:///C:/Users/jazph/.m2/repository/com/github/almasb/fxgl/11.17/fxgl-11.17.jar!/fxglassets/ui/fonts/VarelaRound-Regular.ttf
12:20:14.225 [FXGL Background Thread 1 ] DEBUG FXGLApplication      - Loading default localization
12:20:14.226 [FXGL Background Thread 1 ] DEBUG FXGLAssetLoaderServi - Loading from file system: jar:file:///C:/Users/jazph/.m2/repository/com/github/almasb/fxgl/11.17/fxgl-11.17.jar!/fxglassets/languages/english.lang
12:20:14.267 [FXGL Background Thread 1 ] INFO  FXGLApplication      - FXGL initialization took: 0.478 sec
12:20:14.292 [FXGL Background Thread 4 ] DEBUG FXGLAssetLoaderServi - Loading from file system: jar:file:///C:/Users/jazph/.m2/repository/com/github/almasb/fxgl/11.17/fxgl-11.17.jar!/fxglassets/ui/fonts/Abel-Regular.ttf
12:20:14.294 [JavaFX Application Thread] DEBUG Input                - Registered new binding: P1Left - A
12:20:14.295 [JavaFX Application Thread] DEBUG Input                - Registered new binding: P1Right - D
12:20:14.295 [JavaFX Application Thread] DEBUG Input                - Registered new binding: P1Jump - W
12:20:14.295 [JavaFX Application Thread] DEBUG Input                - Registered new binding: P1Punch - F
12:20:14.295 [JavaFX Application Thread] DEBUG Input                - Registered new binding: P1EnhancedPunch - E
12:20:14.296 [JavaFX Application Thread] DEBUG Input                - Registered new binding: P2Left - J
12:20:14.296 [JavaFX Application Thread] DEBUG Input                - Registered new binding: P2Right - L
12:20:14.296 [JavaFX Application Thread] DEBUG Input                - Registered new binding: P2Jump - I
12:20:14.297 [JavaFX Application Thread] DEBUG Input                - Registered new binding: P2Punch - H
12:20:14.303 [JavaFX Application Thread] WARN  FXGLAssetLoaderServi - Asset "/assets/textures//assets/textures/background-intro.mp4" was not found!
12:20:14.303 [JavaFX Application Thread] WARN  FXGLAssetLoaderServi - Failed to load IMAGE
12:20:14.305 [FXGL Background Thread 4 ] DEBUG FXGLAssetLoaderServi - Loading from file system: jar:file:///C:/Users/jazph/.m2/repository/com/github/almasb/fxgl/11.17/fxgl-11.17.jar!/fxglassets/ui/fonts/lucida_console.ttf
12:20:14.321 [FXGL Background Thread 4 ] DEBUG FXGLAssetLoaderServi - Loading from file system: jar:file:///C:/Users/jazph/.m2/repository/com/github/almasb/fxgl/11.17/fxgl-11.17.jar!/fxglassets/ui/fonts/Courier-Prime.ttf
12:20:14.333 [JavaFX Application Thread] DEBUG FXGLAssetLoaderServi - Loading from file system: jar:file:///C:/Users/jazph/.m2/repository/com/github/almasb/fxgl/11.17/fxgl-11.17.jar!/fxglassets/textures/fxgl_icon.png
12:20:14.385 [JavaFX Application Thread] DEBUG FXGLAssetLoaderServi - Loading from file system: jar:file:///C:/Users/jazph/.m2/repository/com/github/almasb/fxgl/11.17/fxgl-11.17.jar!/fxglassets/textures/fxgl_default_cursor.png
12:20:14.389 [JavaFX Application Thread] DEBUG Input                - Registered new binding: Screenshot - CTRL+8
12:20:14.389 [JavaFX Application Thread] DEBUG Input                - Registered new binding: System info dump - CTRL+9
12:20:14.390 [JavaFX Application Thread] DEBUG Input                - Registered new binding: Restart - CTRL+R
12:20:14.391 [JavaFX Application Thread] DEBUG Input                - Registered new binding: Toggle Debug Camera - CTRL+C
12:20:14.395 [JavaFX Application Thread] DEBUG LoopRunner           - Starting loop
12:20:14.395 [JavaFX Application Thread] DEBUG LoopRunner           - Initializing JavaFX AnimationTimerLoop
12:20:14.412 [JavaFX Application Thread] DEBUG Input                - Clearing active input actions
12:20:14.426 [JavaFX Application Thread] DEBUG GameApplicationServi - Removing overlay from FXGLStartupScene and adding to CustomIntro
12:20:14.427 [JavaFX Application Thread] DEBUG PrimaryStageWindow   - FXGLStartupScene -> CustomIntro
12:20:14.444 [JavaFX Application Thread] DEBUG FXGLApplication      - Registering font factories with UI factory
12:20:14.485 [FXGL Background Thread 2 ] WARN  UpdaterService       - Failed to find updates: java.net.UnknownHostException: raw.githubusercontent.com
12:20:17.225 [FXGL Background Thread 3 ] DEBUG Engine               - Logging environment variables
12:20:17.226 [FXGL Background Thread 3 ] DEBUG Engine               - achievements: []
12:20:17.226 [FXGL Background Thread 3 ] DEBUG Engine               - actualHeight: 1080.0
12:20:17.226 [FXGL Background Thread 3 ] DEBUG Engine               - actualHeightProperty: ReadOnlyDoubleProperty [value: 1080.0]
12:20:17.226 [FXGL Background Thread 3 ] DEBUG Engine               - actualWidth: 1920.0
12:20:17.226 [FXGL Background Thread 3 ] DEBUG Engine               - actualWidthProperty: ReadOnlyDoubleProperty [value: 1920.0]
12:20:17.226 [FXGL Background Thread 3 ] DEBUG Engine               - appIcon: fxgl_icon.png
12:20:17.226 [FXGL Background Thread 3 ] DEBUG Engine               - applicationMode: DEVELOPER
12:20:17.226 [FXGL Background Thread 3 ] DEBUG Engine               - cSSList: [fxgl_dark.css]
12:20:17.226 [FXGL Background Thread 3 ] DEBUG Engine               - collisionDetectionStrategy: BRUTE_FORCE
12:20:17.226 [FXGL Background Thread 3 ] DEBUG Engine               - configClass: Optional.empty
12:20:17.226 [FXGL Background Thread 3 ] DEBUG Engine               - credits: []
12:20:17.227 [FXGL Background Thread 3 ] DEBUG Engine               - defaultCursor: CursorInfo(imageName=fxgl_default_cursor.png, hotspotX=7.0, hotspotY=6.0)
12:20:17.227 [FXGL Background Thread 3 ] DEBUG Engine               - devBBoxColorProperty: ObjectProperty [value: 0xff0000ff]
12:20:17.227 [FXGL Background Thread 3 ] DEBUG Engine               - devEnableDebugCameraProperty: BooleanProperty [value: false]
12:20:17.227 [FXGL Background Thread 3 ] DEBUG Engine               - devSensorColorProperty: ObjectProperty [value: 0xffff00ff]
12:20:17.227 [FXGL Background Thread 3 ] DEBUG Engine               - devShowBBoxProperty: BooleanProperty [value: false]
12:20:17.227 [FXGL Background Thread 3 ] DEBUG Engine               - devShowPositionProperty: BooleanProperty [value: false]
12:20:17.227 [FXGL Background Thread 3 ] DEBUG Engine               - enabledMenuItems: []
12:20:17.227 [FXGL Background Thread 3 ] DEBUG Engine               - engineServices: [class com.almasb.fxgl.app.services.FXGLAssetLoaderService, class com.almasb.fxgl.app.FXGLApplication$GameApplicationService, class com.almasb.fxgl.app.services.FXGLDialogService, class com.almasb.fxgl.app.services.IOTaskExecutorService, class com.almasb.fxgl.io.FileSystemService, class com.almasb.fxgl.localization.LocalizationService, class com.almasb.fxgl.app.services.SystemBundleService, class com.almasb.fxgl.profile.SaveLoadService, class com.almasb.fxgl.ui.FXGLUIFactoryServiceProvider, class com.almasb.fxgl.ui.FXGLDialogFactoryServiceProvider, class com.almasb.fxgl.audio.AudioPlayer, class com.almasb.fxgl.notification.impl.NotificationServiceProvider, class com.almasb.fxgl.achievement.AchievementService, class com.almasb.fxgl.cutscene.CutsceneService, class com.almasb.fxgl.minigames.MiniGameService, class com.almasb.fxgl.net.NetService, class com.almasb.fxgl.app.services.UpdaterService, class com.almasb.fxgl.dev.DevService]
12:20:17.227 [FXGL Background Thread 3 ] DEBUG Engine               - fontGame: Abel-Regular.ttf
12:20:17.227 [FXGL Background Thread 3 ] DEBUG Engine               - fontMono: lucida_console.ttf
12:20:17.227 [FXGL Background Thread 3 ] DEBUG Engine               - fontText: Courier-Prime.ttf
12:20:17.227 [FXGL Background Thread 3 ] DEBUG Engine               - fontUI: VarelaRound-Regular.ttf
12:20:17.227 [FXGL Background Thread 3 ] DEBUG Engine               - fullScreen: BooleanProperty [value: false]
12:20:17.228 [FXGL Background Thread 3 ] DEBUG Engine               - gameDifficulty: MEDIUM
12:20:17.228 [FXGL Background Thread 3 ] DEBUG Engine               - gameDifficultyProperty: ObjectProperty [value: MEDIUM]
12:20:17.228 [FXGL Background Thread 3 ] DEBUG Engine               - globalMusicVolume: 0.5
12:20:17.228 [FXGL Background Thread 3 ] DEBUG Engine               - globalMusicVolumeProperty: DoubleProperty [value: 0.5]
12:20:17.228 [FXGL Background Thread 3 ] DEBUG Engine               - globalSoundVolume: 0.5
12:20:17.228 [FXGL Background Thread 3 ] DEBUG Engine               - globalSoundVolumeProperty: DoubleProperty [value: 0.5]
12:20:17.228 [FXGL Background Thread 3 ] DEBUG Engine               - height: 1080
12:20:17.228 [FXGL Background Thread 3 ] DEBUG Engine               - is3D: false
12:20:17.228 [FXGL Background Thread 3 ] DEBUG Engine               - isAndroid: false
12:20:17.228 [FXGL Background Thread 3 ] DEBUG Engine               - isBrowser: false
12:20:17.228 [FXGL Background Thread 3 ] DEBUG Engine               - isClickFeedbackEnabled: false
12:20:17.228 [FXGL Background Thread 3 ] DEBUG Engine               - isCloseConfirmation: true
12:20:17.228 [FXGL Background Thread 3 ] DEBUG Engine               - isDesktop: true
12:20:17.228 [FXGL Background Thread 3 ] DEBUG Engine               - isDeveloperMenuEnabled: false
12:20:17.228 [FXGL Background Thread 3 ] DEBUG Engine               - isEntityPreloadEnabled: true
12:20:17.228 [FXGL Background Thread 3 ] DEBUG Engine               - isExperimentalTiledLargeMap: false
12:20:17.229 [FXGL Background Thread 3 ] DEBUG Engine               - isFileSystemWriteAllowed: true
12:20:17.229 [FXGL Background Thread 3 ] DEBUG Engine               - isFullScreenAllowed: false
12:20:17.229 [FXGL Background Thread 3 ] DEBUG Engine               - isFullScreenFromStart: false
12:20:17.229 [FXGL Background Thread 3 ] DEBUG Engine               - isGameMenuEnabled: false
12:20:17.229 [FXGL Background Thread 3 ] DEBUG Engine               - isIOS: false
12:20:17.229 [FXGL Background Thread 3 ] DEBUG Engine               - isIntroEnabled: true
12:20:17.229 [FXGL Background Thread 3 ] DEBUG Engine               - isLinux: false
12:20:17.229 [FXGL Background Thread 3 ] DEBUG Engine               - isMac: false
12:20:17.229 [FXGL Background Thread 3 ] DEBUG Engine               - isMainMenuEnabled: true
12:20:17.229 [FXGL Background Thread 3 ] DEBUG Engine               - isManualResizeEnabled: false
12:20:17.229 [FXGL Background Thread 3 ] DEBUG Engine               - isMobile: false
12:20:17.229 [FXGL Background Thread 3 ] DEBUG Engine               - isNative: false
12:20:17.229 [FXGL Background Thread 3 ] DEBUG Engine               - isPauseMusicWhenMinimized: true
12:20:17.229 [FXGL Background Thread 3 ] DEBUG Engine               - isPreserveResizeRatio: false
12:20:17.229 [FXGL Background Thread 3 ] DEBUG Engine               - isProfilingEnabled: false
12:20:17.229 [FXGL Background Thread 3 ] DEBUG Engine               - isScaleAffectedOnResize: true
12:20:17.229 [FXGL Background Thread 3 ] DEBUG Engine               - isSingleStep: false
12:20:17.229 [FXGL Background Thread 3 ] DEBUG Engine               - isUserProfileEnabled: false
12:20:17.229 [FXGL Background Thread 3 ] DEBUG Engine               - isWindows: true
12:20:17.229 [FXGL Background Thread 3 ] DEBUG Engine               - language: ObjectProperty [value: ENGLISH]
12:20:17.229 [FXGL Background Thread 3 ] DEBUG Engine               - menuKey: ESCAPE
12:20:17.229 [FXGL Background Thread 3 ] DEBUG Engine               - mouseSensitivity: 0.2
12:20:17.230 [FXGL Background Thread 3 ] DEBUG Engine               - notificationViewClass: class com.almasb.fxgl.notification.view.XboxNotificationView
12:20:17.230 [FXGL Background Thread 3 ] DEBUG Engine               - pixelsPerMeter: 50.0
12:20:17.230 [FXGL Background Thread 3 ] DEBUG Engine               - platform: WINDOWS
12:20:17.230 [FXGL Background Thread 3 ] DEBUG Engine               - prefHeightProperty: ReadOnlyDoubleProperty [value: 1080.0]
12:20:17.230 [FXGL Background Thread 3 ] DEBUG Engine               - prefWidthProperty: ReadOnlyDoubleProperty [value: 1920.0]
12:20:17.230 [FXGL Background Thread 3 ] DEBUG Engine               - profileDir: profiles/
12:20:17.230 [FXGL Background Thread 3 ] DEBUG Engine               - profileName: StringProperty [value: DEFAULT]
12:20:17.230 [FXGL Background Thread 3 ] DEBUG Engine               - randomSeed: -1
12:20:17.230 [FXGL Background Thread 3 ] DEBUG Engine               - runtimeInfo: RuntimeInfo(platform=WINDOWS, version=11.17, build=16.07.2021 15.46)
12:20:17.230 [FXGL Background Thread 3 ] DEBUG Engine               - saveFileExt: sav
12:20:17.230 [FXGL Background Thread 3 ] DEBUG Engine               - scaledHeightProp$fxgl: DoubleProperty [bound, value: 1080.0]
12:20:17.230 [FXGL Background Thread 3 ] DEBUG Engine               - scaledWidthProp$fxgl: DoubleProperty [bound, value: 1920.0]
12:20:17.231 [FXGL Background Thread 3 ] DEBUG Engine               - sceneFactory: com.example.demo.MySceneFactory@3d19824
12:20:17.231 [FXGL Background Thread 3 ] DEBUG Engine               - secondsIn24h: 60
12:20:17.231 [FXGL Background Thread 3 ] DEBUG Engine               - soundMenuBack: menu/back.wav
12:20:17.231 [FXGL Background Thread 3 ] DEBUG Engine               - soundMenuPress: menu/press.wav
12:20:17.231 [FXGL Background Thread 3 ] DEBUG Engine               - soundMenuSelect: menu/select.wav
12:20:17.231 [FXGL Background Thread 3 ] DEBUG Engine               - soundNotification: core/notification.wav
12:20:17.231 [FXGL Background Thread 3 ] DEBUG Engine               - stageStyle: DECORATED
12:20:17.231 [FXGL Background Thread 3 ] DEBUG Engine               - supportedLanguages: [ENGLISH, FRENCH, GERMAN, HUNGARIAN, RUSSIAN]
12:20:17.231 [FXGL Background Thread 3 ] DEBUG Engine               - ticksPerSecond: -1
12:20:17.231 [FXGL Background Thread 3 ] DEBUG Engine               - title: Stictactics
12:20:17.231 [FXGL Background Thread 3 ] DEBUG Engine               - urlGithub: https://github.com/AlmasB/FXGL
12:20:17.231 [FXGL Background Thread 3 ] DEBUG Engine               - urlLeaderboard: http://fxgl-top.herokuapp.com/
12:20:17.231 [FXGL Background Thread 3 ] DEBUG Engine               - urlPOM: https://raw.githubusercontent.com/AlmasB/FXGL/release/README.md
12:20:17.231 [FXGL Background Thread 3 ] DEBUG Engine               - userAppClass: class com.example.demo.HelloApplication
12:20:17.231 [FXGL Background Thread 3 ] DEBUG Engine               - version: 0.0
12:20:17.231 [FXGL Background Thread 3 ] DEBUG Engine               - versionCheckDays: 7
12:20:17.231 [FXGL Background Thread 3 ] DEBUG Engine               - width: 1920
12:20:17.231 [FXGL Background Thread 3 ] DEBUG Engine               - Logging services
12:20:17.231 [FXGL Background Thread 3 ] DEBUG Engine               - class com.almasb.fxgl.app.services.FXGLAssetLoaderService
12:20:17.231 [FXGL Background Thread 3 ] DEBUG Engine               - class com.almasb.fxgl.app.FXGLApplication$GameApplicationService
12:20:17.231 [FXGL Background Thread 3 ] DEBUG Engine               - class com.almasb.fxgl.app.services.FXGLDialogService
12:20:17.231 [FXGL Background Thread 3 ] DEBUG Engine               - class com.almasb.fxgl.app.services.IOTaskExecutorService
12:20:17.231 [FXGL Background Thread 3 ] DEBUG Engine               - class com.almasb.fxgl.io.FileSystemService
12:20:17.231 [FXGL Background Thread 3 ] DEBUG Engine               - class com.almasb.fxgl.localization.LocalizationService
12:20:17.231 [FXGL Background Thread 3 ] DEBUG Engine               - class com.almasb.fxgl.app.services.SystemBundleService
12:20:17.231 [FXGL Background Thread 3 ] DEBUG Engine               - class com.almasb.fxgl.profile.SaveLoadService
12:20:17.231 [FXGL Background Thread 3 ] DEBUG Engine               - class com.almasb.fxgl.ui.FXGLUIFactoryServiceProvider
12:20:17.231 [FXGL Background Thread 3 ] DEBUG Engine               - class com.almasb.fxgl.ui.FXGLDialogFactoryServiceProvider
12:20:17.231 [FXGL Background Thread 3 ] DEBUG Engine               - class com.almasb.fxgl.audio.AudioPlayer
12:20:17.232 [FXGL Background Thread 3 ] DEBUG Engine               - class com.almasb.fxgl.notification.impl.NotificationServiceProvider
12:20:17.232 [FXGL Background Thread 3 ] DEBUG Engine               - class com.almasb.fxgl.achievement.AchievementService
12:20:17.232 [FXGL Background Thread 3 ] DEBUG Engine               - class com.almasb.fxgl.cutscene.CutsceneService
12:20:17.232 [FXGL Background Thread 3 ] DEBUG Engine               - class com.almasb.fxgl.minigames.MiniGameService
12:20:17.232 [FXGL Background Thread 3 ] DEBUG Engine               - class com.almasb.fxgl.net.NetService
12:20:17.232 [FXGL Background Thread 3 ] DEBUG Engine               - class com.almasb.fxgl.app.services.UpdaterService
12:20:17.232 [FXGL Background Thread 3 ] DEBUG Engine               - class com.almasb.fxgl.dev.DevService
12:20:21.472 [JavaFX Application Thread] DEBUG Input                - Clearing active input actions
12:20:21.479 [JavaFX Application Thread] DEBUG GameApplicationServi - Removing overlay from CustomIntro and adding to FXGLMainMenuDummyScene
12:20:21.479 [JavaFX Application Thread] DEBUG PrimaryStageWindow   - CustomIntro -> FXGLMainMenuDummyScene
12:20:21.479 [JavaFX Application Thread] DEBUG PrimaryStageWindow   - Push state: CustomMainMenu
12:20:21.479 [JavaFX Application Thread] DEBUG Input                - Clearing active input actions
12:20:21.487 [JavaFX Application Thread] DEBUG GameApplicationServi - Removing overlay from FXGLMainMenuDummyScene and adding to CustomMainMenu
12:20:21.487 [JavaFX Application Thread] DEBUG PrimaryStageWindow   - FXGLMainMenuDummyScene -> CustomMainMenu
12:20:29.456 [JavaFX Application Thread] DEBUG Menu                 - fireNewGame()
12:20:29.456 [JavaFX Application Thread] DEBUG GameApplicationServi - Starting new game
12:20:29.456 [JavaFX Application Thread] DEBUG PrimaryStageWindow   - Pop state: CustomMainMenu
12:20:29.456 [JavaFX Application Thread] DEBUG Input                - Clearing active input actions
12:20:29.458 [JavaFX Application Thread] DEBUG GameApplicationServi - Removing overlay from CustomMainMenu and adding to FXGLMainMenuDummyScene
12:20:29.458 [JavaFX Application Thread] DEBUG PrimaryStageWindow   - FXGLMainMenuDummyScene <- CustomMainMenu
12:20:29.458 [JavaFX Application Thread] DEBUG Input                - Clearing active input actions
12:20:29.462 [JavaFX Application Thread] DEBUG GameApplicationServi - Removing overlay from FXGLMainMenuDummyScene and adding to FXGLLoadingScene
12:20:29.463 [JavaFX Application Thread] DEBUG PrimaryStageWindow   - FXGLMainMenuDummyScene -> FXGLLoadingScene
12:20:29.463 [JavaFX Application Thread] DEBUG GameApplicationServi - Clearing previous game
12:20:29.463 [JavaFX Application Thread] DEBUG GameScene            - Clearing game scene
12:20:29.463 [JavaFX Application Thread] DEBUG GameWorld            - Clearing game world
12:20:29.463 [JavaFX Application Thread] DEBUG PhysicsWorld         - Clearing physics world
12:20:29.467 [FXGL Background Thread 2 ] DEBUG FXGLApplication      - Initializing game
12:20:29.529 [FXGL Background Thread 2 ] WARN  TMXLevelLoader       - TiledMap generated from 1.11.2. Supported version: 1.2.3. Some features may not be parsed fully.
12:20:29.541 [FXGL Background Thread 2 ] DEBUG TMXLevelLoader       - Parsed TiledMap: file:/C:/Users/jazph/OneDrive/Desktop/demoGame4OOP/target/classes/assets/levels/tmx/idkbackground.tmx
12:20:29.543 [FXGL Background Thread 2 ] DEBUG TMXLevelLoader       - Creating tile layer entities
12:20:29.544 [FXGL Background Thread 2 ] DEBUG TilesetLoader        - Loading view for layer Tile Layer 1
12:20:29.546 [FXGL Background Thread 2 ] DEBUG TilesetLoader        - Created buffer with size 1984.0x1088.0
12:20:29.632 [FXGL Background Thread 2 ] DEBUG TMXLevelLoader       - Creating object layer entities
12:20:29.660 [FXGL Background Thread 2 ] DEBUG GameWorld            - Clearing removable entities
12:20:29.661 [FXGL Background Thread 2 ] DEBUG GameWorld            - Setting level: com.almasb.fxgl.entity.level.Level@7ed89462
12:20:29.678 [FXGL Background Thread 2 ] DEBUG FXGLAssetLoaderServi - Loading from file system: file:/C:/Users/jazph/OneDrive/Desktop/demoGame4OOP/target/classes/assets/textures/idk.png
12:20:29.682 [FXGL Background Thread 2 ] DEBUG FXGLAssetLoaderServi - Loading from file system: file:/C:/Users/jazph/OneDrive/Desktop/demoGame4OOP/target/classes/assets/textures/walking.png
12:20:29.685 [FXGL Background Thread 2 ] DEBUG FXGLAssetLoaderServi - Loading from file system: file:/C:/Users/jazph/OneDrive/Desktop/demoGame4OOP/target/classes/assets/textures/jump.png
12:20:29.687 [FXGL Background Thread 2 ] DEBUG FXGLAssetLoaderServi - Loading from file system: file:/C:/Users/jazph/OneDrive/Desktop/demoGame4OOP/target/classes/assets/textures/punch.png
12:20:29.692 [FXGL Background Thread 2 ] DEBUG FXGLAssetLoaderServi - Loading from file system: file:/C:/Users/jazph/OneDrive/Desktop/demoGame4OOP/target/classes/assets/textures/idle_punk.png
12:20:29.694 [FXGL Background Thread 2 ] DEBUG FXGLAssetLoaderServi - Loading from file system: file:/C:/Users/jazph/OneDrive/Desktop/demoGame4OOP/target/classes/assets/textures/walk_punk.png
12:20:29.696 [FXGL Background Thread 2 ] DEBUG FXGLAssetLoaderServi - Loading from file system: file:/C:/Users/jazph/OneDrive/Desktop/demoGame4OOP/target/classes/assets/textures/punch_punk.png
12:20:29.704 [FXGL Background Thread 2 ] INFO  FXGLApplication      - Game initialization took: 0.237 sec
12:20:29.705 [JavaFX Application Thread] DEBUG Input                - Clearing active input actions
12:20:29.712 [JavaFX Application Thread] DEBUG GameApplicationServi - Removing overlay from FXGLLoadingScene and adding to GameScene
12:20:29.713 [JavaFX Application Thread] DEBUG PrimaryStageWindow   - FXGLLoadingScene -> GameScene
12:21:02.518 [JavaFX Application Thread] DEBUG LoopRunner           - Pausing loop
12:21:02.525 [JavaFX Application Thread] DEBUG LoopRunner           - Pausing loop
12:21:06.212 [JavaFX Application Thread] DEBUG LoopRunner           - Resuming loop
12:21:06.212 [JavaFX Application Thread] DEBUG GameApplicationServi - Starting new game
12:21:06.212 [JavaFX Application Thread] DEBUG Input                - Clearing active input actions
12:21:06.216 [JavaFX Application Thread] DEBUG GameApplicationServi - Removing overlay from GameScene and adding to FXGLLoadingScene
12:21:06.216 [JavaFX Application Thread] DEBUG PrimaryStageWindow   - GameScene -> FXGLLoadingScene
12:21:06.216 [JavaFX Application Thread] DEBUG GameApplicationServi - Clearing previous game
12:21:06.216 [JavaFX Application Thread] DEBUG GameScene            - Clearing game scene
12:21:06.216 [JavaFX Application Thread] DEBUG GameWorld            - Clearing game world
12:21:06.218 [JavaFX Application Thread] DEBUG PhysicsWorld         - Clearing physics world
12:21:06.219 [FXGL Background Thread 2 ] DEBUG FXGLApplication      - Initializing game
12:21:06.221 [FXGL Background Thread 2 ] WARN  TMXLevelLoader       - TiledMap generated from 1.11.2. Supported version: 1.2.3. Some features may not be parsed fully.
12:21:06.225 [FXGL Background Thread 2 ] DEBUG TMXLevelLoader       - Parsed TiledMap: file:/C:/Users/jazph/OneDrive/Desktop/demoGame4OOP/target/classes/assets/levels/tmx/idkbackground.tmx
12:21:06.226 [FXGL Background Thread 2 ] DEBUG TMXLevelLoader       - Creating tile layer entities
12:21:06.226 [FXGL Background Thread 2 ] DEBUG TilesetLoader        - Loading view for layer Tile Layer 1
12:21:06.231 [FXGL Background Thread 2 ] DEBUG TilesetLoader        - Created buffer with size 1984.0x1088.0
12:21:06.271 [FXGL Background Thread 2 ] DEBUG TMXLevelLoader       - Creating object layer entities
12:21:06.274 [FXGL Background Thread 2 ] DEBUG GameWorld            - Clearing removable entities
12:21:06.274 [FXGL Background Thread 2 ] DEBUG GameWorld            - Setting level: com.almasb.fxgl.entity.level.Level@16777b06
12:21:06.280 [FXGL Background Thread 2 ] INFO  FXGLApplication      - Game initialization took: 0.062 sec
12:21:06.284 [JavaFX Application Thread] DEBUG Input                - Clearing active input actions
12:21:06.289 [JavaFX Application Thread] DEBUG GameApplicationServi - Removing overlay from FXGLLoadingScene and adding to GameScene
12:21:06.289 [JavaFX Application Thread] DEBUG PrimaryStageWindow   - FXGLLoadingScene -> GameScene
12:21:34.894 [JavaFX Application Thread] DEBUG PrimaryStageWindow   - Push state: DialogSubScene
12:21:34.894 [JavaFX Application Thread] DEBUG Input                - Clearing active input actions
12:21:34.894 [JavaFX Application Thread] DEBUG GameApplicationServi - Removing overlay from GameScene and adding to DialogSubScene
12:21:34.895 [JavaFX Application Thread] DEBUG PrimaryStageWindow   - GameScene -> DialogSubScene
12:21:36.369 [JavaFX Application Thread] DEBUG PrimaryStageWindow   - Pop state: DialogSubScene
12:21:36.369 [JavaFX Application Thread] DEBUG Input                - Clearing active input actions
12:21:36.370 [JavaFX Application Thread] DEBUG GameApplicationServi - Removing overlay from DialogSubScene and adding to GameScene
12:21:36.370 [JavaFX Application Thread] DEBUG PrimaryStageWindow   - GameScene <- DialogSubScene
12:21:36.370 [JavaFX Application Thread] DEBUG FXGLApplication      - Exiting FXGL
12:21:36.370 [JavaFX Application Thread] DEBUG LoopRunner           - Stopping loop
12:21:36.370 [JavaFX Application Thread] DEBUG SystemBundleService  - Saving FXGL system data
12:21:36.372 [JavaFX Application Thread] DEBUG FileSystemAccess     - Writing to: C:\Users\jazph\OneDrive\Desktop\demoGame4OOP\system\fxgl.bundle
12:21:36.374 [JavaFX Application Thread] DEBUG Async                - Shutting down background threads
12:21:36.374 [JavaFX Application Thread] DEBUG PrimaryStageWindow   - Closing main window
12:21:36.393 [JavaFX Application Thread] DEBUG Logger               - Closing Logger
