16:02:15.792 [main                     ] DEBUG Logger               - Configured Logger
16:02:15.794 [main                     ] DEBUG GameApplication      - Logging settings
Title: Stictactics
Version: 0.0
Width: 1920
Height: 1080
Fullscreen: false
Intro: false
Profiling: false
Single step:false
App Mode: DEVELOPER
Menu Key: ESCAPE
Stage Style: DECORATED
Scene Factory: class com.example.demo.MySceneFactory

16:02:16.240 [JavaFX Application Thread] DEBUG FXGLApplication      - Initializing FXGL
16:02:16.242 [JavaFX Application Thread] INFO  Engine               - FXGL-11.17 (16.07.2021 15.46) on WINDOWS (J:23.0.2 FX:17.0.6)
16:02:16.243 [JavaFX Application Thread] DEBUG Engine               - JRE Vendor Name: Amazon.com Inc.
16:02:16.243 [JavaFX Application Thread] DEBUG Engine               - Running on OS: Windows 11 version 10.0
16:02:16.243 [JavaFX Application Thread] DEBUG Engine               - Architecture: amd64
16:02:16.243 [JavaFX Application Thread] INFO  Engine               - Source code and latest versions at: https://github.com/AlmasB/FXGL
16:02:16.243 [JavaFX Application Thread] INFO  Engine               -              Join the FXGL chat at: https://gitter.im/AlmasB/FXGL
16:02:16.371 [JavaFX Application Thread] DEBUG PrimaryStageWindow   - Creating a JavaFX scene
16:02:16.371 [JavaFX Application Thread] DEBUG PrimaryStageWindow   - Target size > screen size
16:02:16.425 [JavaFX Application Thread] DEBUG PrimaryStageWindow   - Target settings size: 1920.0 x 1080.0
16:02:16.425 [JavaFX Application Thread] DEBUG PrimaryStageWindow   - Scaled scene size:    1255.0 x 720.0
16:02:16.425 [JavaFX Application Thread] DEBUG PrimaryStageWindow   - Scaled ratio: (0.6536458333333334, 0.6666666666666666)
16:02:16.427 [JavaFX Application Thread] DEBUG PrimaryStageWindow   - Set initial scene to FXGLStartupScene
16:02:16.434 [JavaFX Application Thread] DEBUG PrimaryStageWindow   - Opening main window
16:02:16.547 [JavaFX Application Thread] DEBUG PrimaryStageWindow   - Window border size: (16.0, 39.0)
16:02:16.547 [JavaFX Application Thread] DEBUG PrimaryStageWindow   - Scaled size: 1255.0 x 720.0
16:02:16.547 [JavaFX Application Thread] DEBUG PrimaryStageWindow   - Scaled ratio: (0.6536458333333334, 0.6666666666666666)
16:02:16.547 [JavaFX Application Thread] DEBUG PrimaryStageWindow   - Scene size: 1255.0 x 720.0
16:02:16.547 [JavaFX Application Thread] DEBUG PrimaryStageWindow   - Stage size: 1271.0 x 759.0
16:02:16.605 [FXGL Background Thread 1 ] DEBUG Engine               - Initializing environment variables
16:02:16.733 [FXGL Background Thread 1 ] DEBUG FXGLAssetLoaderServi - User app class for loading assets: class com.example.demo.HelloController
16:02:16.734 [FXGL Background Thread 1 ] DEBUG GameApplicationServi - Applying CSS: fxgl_dark.css
16:02:16.736 [FXGL Background Thread 1 ] DEBUG FXGLAssetLoaderServi - Loading from file system: jar:file:///C:/Users/zyla/.m2/repository/com/github/almasb/fxgl/11.17/fxgl-11.17.jar!/fxglassets/ui/css/fxgl_dark.css
16:02:16.819 [FXGL Background Thread 1 ] DEBUG GameApplicationServi - Initializing application scenes
16:02:16.961 [FXGL Background Thread 1 ] DEBUG GameWorld            - Game world initialized
16:02:17.048 [FXGL Background Thread 1 ] DEBUG PhysicsWorld         - Physics world initialized: appHeight=1080, physics.ppm=50.0
16:02:17.048 [FXGL Background Thread 1 ] DEBUG PhysicsWorld         - Using strategy: BRUTE_FORCE
16:02:17.054 [FXGL Background Thread 1 ] DEBUG GameScene            - Game scene initialized: 1920x1080
16:02:17.239 [FXGL Background Thread 1 ] DEBUG GameApplicationServi - Application scenes initialized
16:02:17.256 [FXGL Background Thread 1 ] DEBUG SystemBundleService  - Loading FXGL system data
16:02:17.265 [FXGL Background Thread 1 ] DEBUG FileSystemAccess     - Reading from: C:\Users\zyla\demoGame4OOP\system\fxgl.bundle
16:02:17.276 [FXGL Background Thread 1 ] DEBUG SystemBundleService  - Bundle FXGL: {}
16:02:17.276 [FXGL Background Thread 1 ] DEBUG UpdaterService       - Checking for updates
16:02:17.283 [FXGL Background Thread 4 ] DEBUG FXGLApplication      - Loading fonts
16:02:17.284 [FXGL Background Thread 4 ] DEBUG FXGLAssetLoaderServi - Loading from file system: jar:file:///C:/Users/zyla/.m2/repository/com/github/almasb/fxgl/11.17/fxgl-11.17.jar!/fxglassets/ui/fonts/VarelaRound-Regular.ttf
16:02:17.284 [FXGL Background Thread 1 ] DEBUG FXGLAssetLoaderServi - Loading from file system: jar:file:///C:/Users/zyla/.m2/repository/com/github/almasb/fxgl/11.17/fxgl-11.17.jar!/fxglassets/languages/english.lang
16:02:17.321 [FXGL Background Thread 1 ] INFO  FXGLApplication      - FXGL initialization took: 0.716 sec
16:02:17.341 [JavaFX Application Thread] DEBUG Input                - Registered new binding: Pause Game - Esc
16:02:17.341 [JavaFX Application Thread] DEBUG Input                - Registered new binding: P1Left - A
16:02:17.341 [JavaFX Application Thread] DEBUG Input                - Registered new binding: P1Right - D
16:02:17.342 [JavaFX Application Thread] DEBUG Input                - Registered new binding: P1Jump - W
16:02:17.342 [JavaFX Application Thread] DEBUG Input                - Registered new binding: P1Punch - F
16:02:17.342 [JavaFX Application Thread] DEBUG Input                - Registered new binding: P1EnhancedPunch - E
16:02:17.342 [JavaFX Application Thread] DEBUG Input                - Registered new binding: P1Ult - Q
16:02:17.343 [JavaFX Application Thread] DEBUG Input                - Registered new binding: P2Left - Left
16:02:17.344 [JavaFX Application Thread] DEBUG Input                - Registered new binding: P2Right - Right
16:02:17.344 [JavaFX Application Thread] DEBUG Input                - Registered new binding: P2Jump - Up
16:02:17.344 [JavaFX Application Thread] DEBUG Input                - Registered new binding: P2Punch - H
16:02:17.345 [JavaFX Application Thread] DEBUG Input                - Registered new binding: P2EnhancedPunch - U
16:02:17.346 [JavaFX Application Thread] DEBUG Input                - Registered new binding: P2Ult - O
16:02:17.355 [JavaFX Application Thread] WARN  FXGLAssetLoaderServi - Asset "/assets/textures//assets/textures/background-intro.mp4" was not found!
16:02:17.355 [JavaFX Application Thread] WARN  FXGLAssetLoaderServi - Failed to load IMAGE
16:02:17.401 [JavaFX Application Thread] DEBUG FXGLAssetLoaderServi - Loading from file system: jar:file:///C:/Users/zyla/.m2/repository/com/github/almasb/fxgl/11.17/fxgl-11.17.jar!/fxglassets/textures/fxgl_icon.png
16:02:17.485 [JavaFX Application Thread] DEBUG FXGLAssetLoaderServi - Loading from file system: jar:file:///C:/Users/zyla/.m2/repository/com/github/almasb/fxgl/11.17/fxgl-11.17.jar!/fxglassets/textures/fxgl_default_cursor.png
16:02:17.494 [JavaFX Application Thread] DEBUG Input                - Registered new binding: Screenshot - CTRL+8
16:02:17.495 [JavaFX Application Thread] DEBUG Input                - Registered new binding: System info dump - CTRL+9
16:02:17.503 [JavaFX Application Thread] DEBUG Input                - Registered new binding: Restart - CTRL+R
16:02:17.508 [JavaFX Application Thread] DEBUG Input                - Registered new binding: Toggle Debug Camera - CTRL+C
16:02:17.520 [JavaFX Application Thread] DEBUG LoopRunner           - Starting loop
16:02:17.521 [JavaFX Application Thread] DEBUG LoopRunner           - Initializing JavaFX AnimationTimerLoop
16:02:17.547 [JavaFX Application Thread] DEBUG Input                - Clearing active input actions
16:02:17.567 [JavaFX Application Thread] DEBUG GameApplicationServi - Removing overlay from FXGLStartupScene and adding to FXGLMainMenuDummyScene
16:02:17.569 [JavaFX Application Thread] DEBUG PrimaryStageWindow   - FXGLStartupScene -> FXGLMainMenuDummyScene
16:02:17.569 [JavaFX Application Thread] DEBUG PrimaryStageWindow   - Push state: CustomMainMenu
16:02:17.570 [JavaFX Application Thread] DEBUG Input                - Clearing active input actions
16:02:17.579 [JavaFX Application Thread] DEBUG GameApplicationServi - Removing overlay from FXGLMainMenuDummyScene and adding to CustomMainMenu
16:02:17.579 [JavaFX Application Thread] DEBUG PrimaryStageWindow   - FXGLMainMenuDummyScene -> CustomMainMenu
16:02:17.877 [FXGL Background Thread 4 ] DEBUG FXGLAssetLoaderServi - Loading from file system: jar:file:///C:/Users/zyla/.m2/repository/com/github/almasb/fxgl/11.17/fxgl-11.17.jar!/fxglassets/ui/fonts/Abel-Regular.ttf
16:02:17.906 [FXGL Background Thread 4 ] DEBUG FXGLAssetLoaderServi - Loading from file system: jar:file:///C:/Users/zyla/.m2/repository/com/github/almasb/fxgl/11.17/fxgl-11.17.jar!/fxglassets/ui/fonts/lucida_console.ttf
16:02:17.929 [FXGL Background Thread 4 ] DEBUG FXGLAssetLoaderServi - Loading from file system: jar:file:///C:/Users/zyla/.m2/repository/com/github/almasb/fxgl/11.17/fxgl-11.17.jar!/fxglassets/ui/fonts/Courier-Prime.ttf
16:02:17.949 [JavaFX Application Thread] DEBUG FXGLApplication      - Registering font factories with UI factory
16:02:18.479 [FXGL Background Thread 2 ] INFO  UpdaterService       - Your current version:  11.17
16:02:18.479 [FXGL Background Thread 2 ] INFO  UpdaterService       - Latest stable version: 21.1
16:02:18.650 [JavaFX Application Thread] DEBUG PrimaryStageWindow   - Push state: DialogSubScene
16:02:18.651 [JavaFX Application Thread] DEBUG Input                - Clearing active input actions
16:02:18.652 [JavaFX Application Thread] DEBUG GameApplicationServi - Removing overlay from CustomMainMenu and adding to DialogSubScene
16:02:18.652 [JavaFX Application Thread] DEBUG PrimaryStageWindow   - CustomMainMenu -> DialogSubScene
16:02:19.784 [JavaFX Application Thread] DEBUG PrimaryStageWindow   - Pop state: DialogSubScene
16:02:19.784 [JavaFX Application Thread] DEBUG Input                - Clearing active input actions
16:02:19.785 [JavaFX Application Thread] DEBUG GameApplicationServi - Removing overlay from DialogSubScene and adding to CustomMainMenu
16:02:19.786 [JavaFX Application Thread] DEBUG PrimaryStageWindow   - CustomMainMenu <- DialogSubScene
16:02:19.786 [JavaFX Application Thread] DEBUG FXGLApplication      - Exiting FXGL
16:02:19.786 [JavaFX Application Thread] DEBUG LoopRunner           - Stopping loop
16:02:19.786 [JavaFX Application Thread] DEBUG SystemBundleService  - Saving FXGL system data
16:02:19.788 [JavaFX Application Thread] DEBUG FileSystemAccess     - Writing to: C:\Users\zyla\demoGame4OOP\system\fxgl.bundle
16:02:19.791 [JavaFX Application Thread] DEBUG Async                - Shutting down background threads
16:02:19.791 [JavaFX Application Thread] DEBUG PrimaryStageWindow   - Closing main window
16:02:19.845 [JavaFX Application Thread] DEBUG Logger               - Closing Logger
