08:44:15.200 [main                     ] DEBUG Logger               - Configured Logger
08:44:15.203 [main                     ] DEBUG GameApplication      - Logging settings
Title: Stictactics
Version: 0.0
Width: 1920
Height: 1080
Fullscreen: false
Intro: false
Profiling: false
Single step:false
App Mode: DEVELOPER
Menu Key: ESCAPE
Stage Style: DECORATED
Scene Factory: class com.example.demo.Factory.MySceneFactory

08:44:15.614 [JavaFX Application Thread] DEBUG FXGLApplication      - Initializing FXGL
08:44:15.615 [JavaFX Application Thread] INFO  Engine               - FXGL-11.17 (16.07.2021 15.46) on WINDOWS (J:23.0.2 FX:17.0.6)
08:44:15.617 [JavaFX Application Thread] DEBUG Engine               - JRE Vendor Name: Amazon.com Inc.
08:44:15.617 [JavaFX Application Thread] DEBUG Engine               - Running on OS: Windows 11 version 10.0
08:44:15.617 [JavaFX Application Thread] DEBUG Engine               - Architecture: amd64
08:44:15.617 [JavaFX Application Thread] INFO  Engine               - Source code and latest versions at: https://github.com/AlmasB/FXGL
08:44:15.617 [JavaFX Application Thread] INFO  Engine               -              Join the FXGL chat at: https://gitter.im/AlmasB/FXGL
08:44:15.727 [JavaFX Application Thread] DEBUG PrimaryStageWindow   - Creating a JavaFX scene
08:44:15.727 [JavaFX Application Thread] DEBUG PrimaryStageWindow   - Target size > screen size
08:44:15.786 [JavaFX Application Thread] DEBUG PrimaryStageWindow   - Target settings size: 1920.0 x 1080.0
08:44:15.786 [JavaFX Application Thread] DEBUG PrimaryStageWindow   - Scaled scene size:    1255.0 x 720.0
08:44:15.786 [JavaFX Application Thread] DEBUG PrimaryStageWindow   - Scaled ratio: (0.6536458333333334, 0.6666666666666666)
08:44:15.787 [JavaFX Application Thread] DEBUG PrimaryStageWindow   - Set initial scene to FXGLStartupScene
08:44:15.797 [JavaFX Application Thread] DEBUG PrimaryStageWindow   - Opening main window
08:44:15.900 [JavaFX Application Thread] DEBUG PrimaryStageWindow   - Window border size: (16.0, 39.0)
08:44:15.901 [JavaFX Application Thread] DEBUG PrimaryStageWindow   - Scaled size: 1255.0 x 720.0
08:44:15.901 [JavaFX Application Thread] DEBUG PrimaryStageWindow   - Scaled ratio: (0.6536458333333334, 0.6666666666666666)
08:44:15.901 [JavaFX Application Thread] DEBUG PrimaryStageWindow   - Scene size: 1255.0 x 720.0
08:44:15.901 [JavaFX Application Thread] DEBUG PrimaryStageWindow   - Stage size: 1271.0 x 759.0
08:44:15.909 [FXGL Background Thread 1 ] DEBUG Engine               - Initializing environment variables
08:44:16.054 [FXGL Background Thread 1 ] DEBUG FXGLAssetLoaderServi - User app class for loading assets: class com.example.demo.HelloController
08:44:16.054 [FXGL Background Thread 1 ] DEBUG GameApplicationServi - Applying CSS: fxgl_dark.css
08:44:16.055 [FXGL Background Thread 1 ] DEBUG FXGLAssetLoaderServi - Loading from file system: jar:file:///C:/Users/zyla/.m2/repository/com/github/almasb/fxgl/11.17/fxgl-11.17.jar!/fxglassets/ui/css/fxgl_dark.css
08:44:16.125 [FXGL Background Thread 1 ] DEBUG GameApplicationServi - Initializing application scenes
08:44:16.238 [FXGL Background Thread 1 ] DEBUG GameWorld            - Game world initialized
08:44:16.324 [FXGL Background Thread 1 ] DEBUG PhysicsWorld         - Physics world initialized: appHeight=1080, physics.ppm=50.0
08:44:16.325 [FXGL Background Thread 1 ] DEBUG PhysicsWorld         - Using strategy: BRUTE_FORCE
08:44:16.328 [FXGL Background Thread 1 ] DEBUG GameScene            - Game scene initialized: 1920x1080
08:44:16.492 [FXGL Background Thread 1 ] DEBUG GameApplicationServi - Application scenes initialized
08:44:16.507 [FXGL Background Thread 1 ] DEBUG SystemBundleService  - Loading FXGL system data
08:44:16.514 [FXGL Background Thread 1 ] DEBUG FileSystemAccess     - Reading from: C:\Users\zyla\demoGame4OOP\system\fxgl.bundle
08:44:16.523 [FXGL Background Thread 1 ] DEBUG SystemBundleService  - Bundle FXGL: {}
08:44:16.524 [FXGL Background Thread 1 ] DEBUG UpdaterService       - Checking for updates
08:44:16.533 [FXGL Background Thread 1 ] DEBUG FXGLApplication      - Loading default localization
08:44:16.534 [FXGL Background Thread 1 ] DEBUG FXGLAssetLoaderServi - Loading from file system: jar:file:///C:/Users/zyla/.m2/repository/com/github/almasb/fxgl/11.17/fxgl-11.17.jar!/fxglassets/languages/english.lang
08:44:16.534 [FXGL Background Thread 4 ] DEBUG FXGLApplication      - Loading fonts
08:44:16.536 [FXGL Background Thread 4 ] DEBUG FXGLAssetLoaderServi - Loading from file system: jar:file:///C:/Users/zyla/.m2/repository/com/github/almasb/fxgl/11.17/fxgl-11.17.jar!/fxglassets/ui/fonts/VarelaRound-Regular.ttf
08:44:16.634 [FXGL Background Thread 1 ] INFO  FXGLApplication      - FXGL initialization took: 0.724 sec
08:44:16.665 [JavaFX Application Thread] DEBUG Input                - Registered new binding: Pause Game - Esc
08:44:16.665 [JavaFX Application Thread] DEBUG Input                - Registered new binding: P1Left - A
08:44:16.665 [JavaFX Application Thread] DEBUG Input                - Registered new binding: P1Right - D
08:44:16.665 [JavaFX Application Thread] DEBUG Input                - Registered new binding: P1Jump - W
08:44:16.665 [JavaFX Application Thread] DEBUG Input                - Registered new binding: P1Punch - F
08:44:16.665 [JavaFX Application Thread] DEBUG Input                - Registered new binding: P1EnhancedPunch - E
08:44:16.666 [JavaFX Application Thread] DEBUG Input                - Registered new binding: P1Ult - Q
08:44:16.666 [JavaFX Application Thread] DEBUG Input                - Registered new binding: P2Left - Left
08:44:16.666 [JavaFX Application Thread] DEBUG Input                - Registered new binding: P2Right - Right
08:44:16.666 [JavaFX Application Thread] DEBUG Input                - Registered new binding: P2Jump - Up
08:44:16.666 [JavaFX Application Thread] DEBUG Input                - Registered new binding: P2Punch - H
08:44:16.670 [JavaFX Application Thread] DEBUG Input                - Registered new binding: P2EnhancedPunch - U
08:44:16.673 [JavaFX Application Thread] DEBUG Input                - Registered new binding: P2Ult - O
08:44:16.710 [JavaFX Application Thread] WARN  FXGLAssetLoaderServi - Asset "/assets/textures//assets/textures/background-intro.mp4" was not found!
08:44:16.711 [JavaFX Application Thread] WARN  FXGLAssetLoaderServi - Failed to load IMAGE
08:44:16.718 [FXGL Background Thread 4 ] DEBUG FXGLAssetLoaderServi - Loading from file system: jar:file:///C:/Users/zyla/.m2/repository/com/github/almasb/fxgl/11.17/fxgl-11.17.jar!/fxglassets/ui/fonts/Abel-Regular.ttf
08:44:16.735 [FXGL Background Thread 4 ] DEBUG FXGLAssetLoaderServi - Loading from file system: jar:file:///C:/Users/zyla/.m2/repository/com/github/almasb/fxgl/11.17/fxgl-11.17.jar!/fxglassets/ui/fonts/lucida_console.ttf
08:44:16.740 [JavaFX Application Thread] DEBUG FXGLAssetLoaderServi - Loading from file system: jar:file:///C:/Users/zyla/.m2/repository/com/github/almasb/fxgl/11.17/fxgl-11.17.jar!/fxglassets/textures/fxgl_icon.png
08:44:16.774 [FXGL Background Thread 4 ] DEBUG FXGLAssetLoaderServi - Loading from file system: jar:file:///C:/Users/zyla/.m2/repository/com/github/almasb/fxgl/11.17/fxgl-11.17.jar!/fxglassets/ui/fonts/Courier-Prime.ttf
08:44:16.824 [JavaFX Application Thread] DEBUG FXGLAssetLoaderServi - Loading from file system: jar:file:///C:/Users/zyla/.m2/repository/com/github/almasb/fxgl/11.17/fxgl-11.17.jar!/fxglassets/textures/fxgl_default_cursor.png
08:44:16.827 [JavaFX Application Thread] DEBUG Input                - Registered new binding: Screenshot - CTRL+8
08:44:16.828 [JavaFX Application Thread] DEBUG Input                - Registered new binding: System info dump - CTRL+9
08:44:16.828 [JavaFX Application Thread] DEBUG Input                - Registered new binding: Restart - CTRL+R
08:44:16.828 [JavaFX Application Thread] DEBUG Input                - Registered new binding: Toggle Debug Camera - CTRL+C
08:44:16.832 [JavaFX Application Thread] DEBUG LoopRunner           - Starting loop
08:44:16.832 [JavaFX Application Thread] DEBUG LoopRunner           - Initializing JavaFX AnimationTimerLoop
08:44:16.835 [JavaFX Application Thread] DEBUG Input                - Clearing active input actions
08:44:16.854 [JavaFX Application Thread] DEBUG GameApplicationServi - Removing overlay from FXGLStartupScene and adding to FXGLMainMenuDummyScene
08:44:16.854 [JavaFX Application Thread] DEBUG PrimaryStageWindow   - FXGLStartupScene -> FXGLMainMenuDummyScene
08:44:16.854 [JavaFX Application Thread] DEBUG PrimaryStageWindow   - Push state: CustomMainMenu
08:44:16.854 [JavaFX Application Thread] DEBUG Input                - Clearing active input actions
08:44:16.864 [JavaFX Application Thread] DEBUG GameApplicationServi - Removing overlay from FXGLMainMenuDummyScene and adding to CustomMainMenu
08:44:16.865 [JavaFX Application Thread] DEBUG PrimaryStageWindow   - FXGLMainMenuDummyScene -> CustomMainMenu
08:44:17.027 [JavaFX Application Thread] DEBUG FXGLApplication      - Registering font factories with UI factory
08:44:17.519 [JavaFX Application Thread] DEBUG Menu                 - fireNewGame()
08:44:17.519 [JavaFX Application Thread] DEBUG GameApplicationServi - Starting new game
08:44:17.519 [JavaFX Application Thread] DEBUG PrimaryStageWindow   - Pop state: CustomMainMenu
08:44:17.519 [JavaFX Application Thread] DEBUG Input                - Clearing active input actions
08:44:17.521 [JavaFX Application Thread] DEBUG GameApplicationServi - Removing overlay from CustomMainMenu and adding to FXGLMainMenuDummyScene
08:44:17.521 [JavaFX Application Thread] DEBUG PrimaryStageWindow   - FXGLMainMenuDummyScene <- CustomMainMenu
08:44:17.521 [JavaFX Application Thread] DEBUG Input                - Clearing active input actions
08:44:17.530 [JavaFX Application Thread] DEBUG GameApplicationServi - Removing overlay from FXGLMainMenuDummyScene and adding to FXGLLoadingScene
08:44:17.530 [JavaFX Application Thread] DEBUG PrimaryStageWindow   - FXGLMainMenuDummyScene -> FXGLLoadingScene
08:44:17.530 [JavaFX Application Thread] DEBUG GameApplicationServi - Clearing previous game
08:44:17.530 [JavaFX Application Thread] DEBUG GameScene            - Clearing game scene
08:44:17.530 [JavaFX Application Thread] DEBUG GameWorld            - Clearing game world
08:44:17.530 [JavaFX Application Thread] DEBUG PhysicsWorld         - Clearing physics world
08:44:17.533 [FXGL Background Thread 4 ] DEBUG FXGLApplication      - Initializing game
08:44:17.740 [FXGL Background Thread 4 ] WARN  TMXLevelLoader       - TiledMap generated from 1.11.2. Supported version: 1.2.3. Some features may not be parsed fully.
08:44:17.766 [FXGL Background Thread 4 ] DEBUG TMXLevelLoader       - Parsed TiledMap: file:/C:/Users/zyla/demoGame4OOP/target/classes/assets/levels/tmx/map.tmx
08:44:17.769 [FXGL Background Thread 4 ] DEBUG TMXLevelLoader       - Creating tile layer entities
08:44:17.790 [FXGL Background Thread 4 ] DEBUG TilesetLoader        - Loading view for layer Tile Layer 1
08:44:17.793 [FXGL Background Thread 4 ] DEBUG TilesetLoader        - Created buffer with size 1920.0x1088.0
08:44:17.957 [FXGL Background Thread 4 ] DEBUG TMXLevelLoader       - Creating object layer entities
08:44:18.040 [FXGL Background Thread 4 ] DEBUG GameWorld            - Clearing removable entities
08:44:18.044 [FXGL Background Thread 4 ] DEBUG GameWorld            - Setting level: com.almasb.fxgl.entity.level.Level@61a8ba98
08:44:18.098 [FXGL Background Thread 4 ] DEBUG FXGLAssetLoaderServi - Loading from file system: file:/C:/Users/zyla/demoGame4OOP/target/classes/assets/textures/character_2/knight_idle.png
08:44:18.142 [FXGL Background Thread 4 ] DEBUG FXGLAssetLoaderServi - Loading from file system: file:/C:/Users/zyla/demoGame4OOP/target/classes/assets/textures/character_2/knight_walk.png
08:44:18.166 [FXGL Background Thread 4 ] DEBUG FXGLAssetLoaderServi - Loading from file system: file:/C:/Users/zyla/demoGame4OOP/target/classes/assets/textures/fighter_attack_enhanced_p2.png
08:44:18.182 [FXGL Background Thread 4 ] DEBUG FXGLAssetLoaderServi - Loading from file system: file:/C:/Users/zyla/demoGame4OOP/target/classes/assets/textures/character_2/knight_jump.png
08:44:18.212 [FXGL Background Thread 4 ] DEBUG FXGLAssetLoaderServi - Loading from file system: file:/C:/Users/zyla/demoGame4OOP/target/classes/assets/textures/character_2/knight_combo.png
08:44:18.231 [FXGL Background Thread 4 ] DEBUG FXGLAssetLoaderServi - Loading from file system: file:/C:/Users/zyla/demoGame4OOP/target/classes/assets/textures/fighter_ult_P2.png
08:44:18.253 [FXGL Background Thread 4 ] DEBUG FXGLAssetLoaderServi - Loading from file system: file:/C:/Users/zyla/demoGame4OOP/target/classes/assets/textures/fighter_hit.png
08:44:18.278 [FXGL Background Thread 4 ] DEBUG FXGLAssetLoaderServi - Loading from file system: file:/C:/Users/zyla/demoGame4OOP/target/classes/assets/textures/fighter_idle_P2.png
08:44:18.289 [FXGL Background Thread 4 ] DEBUG FXGLAssetLoaderServi - Loading from file system: file:/C:/Users/zyla/demoGame4OOP/target/classes/assets/textures/fighter_walk_P2.png
08:44:18.298 [FXGL Background Thread 4 ] DEBUG FXGLAssetLoaderServi - Loading from file system: file:/C:/Users/zyla/demoGame4OOP/target/classes/assets/textures/fighter_jump_P2.png
08:44:18.307 [FXGL Background Thread 4 ] DEBUG FXGLAssetLoaderServi - Loading from file system: file:/C:/Users/zyla/demoGame4OOP/target/classes/assets/textures/fighter_attack_P2.png
08:44:18.330 [FXGL Background Thread 4 ] INFO  FXGLApplication      - Game initialization took: 0.798 sec
08:44:18.333 [JavaFX Application Thread] DEBUG Input                - Clearing active input actions
08:44:18.352 [JavaFX Application Thread] DEBUG GameApplicationServi - Removing overlay from FXGLLoadingScene and adding to GameScene
08:44:18.352 [JavaFX Application Thread] DEBUG PrimaryStageWindow   - FXGLLoadingScene -> GameScene
08:44:18.954 [FXGL Background Thread 2 ] INFO  UpdaterService       - Your current version:  11.17
08:44:18.954 [FXGL Background Thread 2 ] INFO  UpdaterService       - Latest stable version: 21.1
08:44:19.532 [FXGL Background Thread 3 ] DEBUG Engine               - Logging environment variables
08:44:19.533 [FXGL Background Thread 3 ] DEBUG Engine               - achievements: []
08:44:19.533 [FXGL Background Thread 3 ] DEBUG Engine               - actualHeight: 720.0
08:44:19.534 [FXGL Background Thread 3 ] DEBUG Engine               - actualHeightProperty: ReadOnlyDoubleProperty [value: 720.0]
08:44:19.534 [FXGL Background Thread 3 ] DEBUG Engine               - actualWidth: 1255.0
08:44:19.534 [FXGL Background Thread 3 ] DEBUG Engine               - actualWidthProperty: ReadOnlyDoubleProperty [value: 1255.0]
08:44:19.534 [FXGL Background Thread 3 ] DEBUG Engine               - appIcon: fxgl_icon.png
08:44:19.534 [FXGL Background Thread 3 ] DEBUG Engine               - applicationMode: DEVELOPER
08:44:19.534 [FXGL Background Thread 3 ] DEBUG Engine               - cSSList: [fxgl_dark.css]
08:44:19.534 [FXGL Background Thread 3 ] DEBUG Engine               - collisionDetectionStrategy: BRUTE_FORCE
08:44:19.534 [FXGL Background Thread 3 ] DEBUG Engine               - configClass: Optional.empty
08:44:19.534 [FXGL Background Thread 3 ] DEBUG Engine               - credits: []
08:44:19.534 [FXGL Background Thread 3 ] DEBUG Engine               - defaultCursor: CursorInfo(imageName=fxgl_default_cursor.png, hotspotX=7.0, hotspotY=6.0)
08:44:19.535 [FXGL Background Thread 3 ] DEBUG Engine               - devBBoxColorProperty: ObjectProperty [value: 0xff0000ff]
08:44:19.535 [FXGL Background Thread 3 ] DEBUG Engine               - devEnableDebugCameraProperty: BooleanProperty [value: false]
08:44:19.536 [FXGL Background Thread 3 ] DEBUG Engine               - devSensorColorProperty: ObjectProperty [value: 0xffff00ff]
08:44:19.536 [FXGL Background Thread 3 ] DEBUG Engine               - devShowBBoxProperty: BooleanProperty [value: false]
08:44:19.536 [FXGL Background Thread 3 ] DEBUG Engine               - devShowPositionProperty: BooleanProperty [value: false]
08:44:19.536 [FXGL Background Thread 3 ] DEBUG Engine               - enabledMenuItems: []
08:44:19.536 [FXGL Background Thread 3 ] DEBUG Engine               - engineServices: [class com.almasb.fxgl.app.services.FXGLAssetLoaderService, class com.almasb.fxgl.app.FXGLApplication$GameApplicationService, class com.almasb.fxgl.app.services.FXGLDialogService, class com.almasb.fxgl.app.services.IOTaskExecutorService, class com.almasb.fxgl.io.FileSystemService, class com.almasb.fxgl.localization.LocalizationService, class com.almasb.fxgl.app.services.SystemBundleService, class com.almasb.fxgl.profile.SaveLoadService, class com.almasb.fxgl.ui.FXGLUIFactoryServiceProvider, class com.almasb.fxgl.ui.FXGLDialogFactoryServiceProvider, class com.almasb.fxgl.audio.AudioPlayer, class com.almasb.fxgl.notification.impl.NotificationServiceProvider, class com.almasb.fxgl.achievement.AchievementService, class com.almasb.fxgl.cutscene.CutsceneService, class com.almasb.fxgl.minigames.MiniGameService, class com.almasb.fxgl.net.NetService, class com.almasb.fxgl.app.services.UpdaterService, class com.almasb.fxgl.dev.DevService]
08:44:19.536 [FXGL Background Thread 3 ] DEBUG Engine               - fontGame: Abel-Regular.ttf
08:44:19.536 [FXGL Background Thread 3 ] DEBUG Engine               - fontMono: lucida_console.ttf
08:44:19.536 [FXGL Background Thread 3 ] DEBUG Engine               - fontText: Courier-Prime.ttf
08:44:19.536 [FXGL Background Thread 3 ] DEBUG Engine               - fontUI: VarelaRound-Regular.ttf
08:44:19.536 [FXGL Background Thread 3 ] DEBUG Engine               - fullScreen: BooleanProperty [value: false]
08:44:19.536 [FXGL Background Thread 3 ] DEBUG Engine               - gameDifficulty: MEDIUM
08:44:19.536 [FXGL Background Thread 3 ] DEBUG Engine               - gameDifficultyProperty: ObjectProperty [value: MEDIUM]
08:44:19.536 [FXGL Background Thread 3 ] DEBUG Engine               - globalMusicVolume: 0.5
08:44:19.536 [FXGL Background Thread 3 ] DEBUG Engine               - globalMusicVolumeProperty: DoubleProperty [value: 0.5]
08:44:19.536 [FXGL Background Thread 3 ] DEBUG Engine               - globalSoundVolume: 0.5
08:44:19.537 [FXGL Background Thread 3 ] DEBUG Engine               - globalSoundVolumeProperty: DoubleProperty [value: 0.5]
08:44:19.537 [FXGL Background Thread 3 ] DEBUG Engine               - height: 1080
08:44:19.537 [FXGL Background Thread 3 ] DEBUG Engine               - is3D: false
08:44:19.537 [FXGL Background Thread 3 ] DEBUG Engine               - isAndroid: false
08:44:19.537 [FXGL Background Thread 3 ] DEBUG Engine               - isBrowser: false
08:44:19.537 [FXGL Background Thread 3 ] DEBUG Engine               - isClickFeedbackEnabled: false
08:44:19.537 [FXGL Background Thread 3 ] DEBUG Engine               - isCloseConfirmation: true
08:44:19.537 [FXGL Background Thread 3 ] DEBUG Engine               - isDesktop: true
08:44:19.537 [FXGL Background Thread 3 ] DEBUG Engine               - isDeveloperMenuEnabled: false
08:44:19.537 [FXGL Background Thread 3 ] DEBUG Engine               - isEntityPreloadEnabled: true
08:44:19.537 [FXGL Background Thread 3 ] DEBUG Engine               - isExperimentalTiledLargeMap: false
08:44:19.537 [FXGL Background Thread 3 ] DEBUG Engine               - isFileSystemWriteAllowed: true
08:44:19.537 [FXGL Background Thread 3 ] DEBUG Engine               - isFullScreenAllowed: false
08:44:19.537 [FXGL Background Thread 3 ] DEBUG Engine               - isFullScreenFromStart: false
08:44:19.537 [FXGL Background Thread 3 ] DEBUG Engine               - isGameMenuEnabled: false
08:44:19.537 [FXGL Background Thread 3 ] DEBUG Engine               - isIOS: false
08:44:19.537 [FXGL Background Thread 3 ] DEBUG Engine               - isIntroEnabled: false
08:44:19.537 [FXGL Background Thread 3 ] DEBUG Engine               - isLinux: false
08:44:19.538 [FXGL Background Thread 3 ] DEBUG Engine               - isMac: false
08:44:19.538 [FXGL Background Thread 3 ] DEBUG Engine               - isMainMenuEnabled: true
08:44:19.538 [FXGL Background Thread 3 ] DEBUG Engine               - isManualResizeEnabled: false
08:44:19.538 [FXGL Background Thread 3 ] DEBUG Engine               - isMobile: false
08:44:19.538 [FXGL Background Thread 3 ] DEBUG Engine               - isNative: false
08:44:19.538 [FXGL Background Thread 3 ] DEBUG Engine               - isPauseMusicWhenMinimized: true
08:44:19.538 [FXGL Background Thread 3 ] DEBUG Engine               - isPreserveResizeRatio: false
08:44:19.538 [FXGL Background Thread 3 ] DEBUG Engine               - isProfilingEnabled: false
08:44:19.538 [FXGL Background Thread 3 ] DEBUG Engine               - isScaleAffectedOnResize: true
08:44:19.538 [FXGL Background Thread 3 ] DEBUG Engine               - isSingleStep: false
08:44:19.538 [FXGL Background Thread 3 ] DEBUG Engine               - isUserProfileEnabled: false
08:44:19.538 [FXGL Background Thread 3 ] DEBUG Engine               - isWindows: true
08:44:19.538 [FXGL Background Thread 3 ] DEBUG Engine               - language: ObjectProperty [value: ENGLISH]
08:44:19.538 [FXGL Background Thread 3 ] DEBUG Engine               - menuKey: ESCAPE
08:44:19.538 [FXGL Background Thread 3 ] DEBUG Engine               - mouseSensitivity: 0.2
08:44:19.538 [FXGL Background Thread 3 ] DEBUG Engine               - notificationViewClass: class com.almasb.fxgl.notification.view.XboxNotificationView
08:44:19.539 [FXGL Background Thread 3 ] DEBUG Engine               - pixelsPerMeter: 50.0
08:44:19.539 [FXGL Background Thread 3 ] DEBUG Engine               - platform: WINDOWS
08:44:19.539 [FXGL Background Thread 3 ] DEBUG Engine               - prefHeightProperty: ReadOnlyDoubleProperty [value: 1080.0]
08:44:19.539 [FXGL Background Thread 3 ] DEBUG Engine               - prefWidthProperty: ReadOnlyDoubleProperty [value: 1920.0]
08:44:19.539 [FXGL Background Thread 3 ] DEBUG Engine               - profileDir: profiles/
08:44:19.539 [FXGL Background Thread 3 ] DEBUG Engine               - profileName: StringProperty [value: DEFAULT]
08:44:19.539 [FXGL Background Thread 3 ] DEBUG Engine               - randomSeed: -1
08:44:19.539 [FXGL Background Thread 3 ] DEBUG Engine               - runtimeInfo: RuntimeInfo(platform=WINDOWS, version=11.17, build=16.07.2021 15.46)
08:44:19.539 [FXGL Background Thread 3 ] DEBUG Engine               - saveFileExt: sav
08:44:19.539 [FXGL Background Thread 3 ] DEBUG Engine               - scaledHeightProp$fxgl: DoubleProperty [bound, value: 720.0]
08:44:19.539 [FXGL Background Thread 3 ] DEBUG Engine               - scaledWidthProp$fxgl: DoubleProperty [bound, value: 1255.0]
08:44:19.539 [FXGL Background Thread 3 ] DEBUG Engine               - sceneFactory: com.example.demo.Factory.MySceneFactory@4d04dd61
08:44:19.539 [FXGL Background Thread 3 ] DEBUG Engine               - secondsIn24h: 60
08:44:19.540 [FXGL Background Thread 3 ] DEBUG Engine               - soundMenuBack: menu/back.wav
08:44:19.540 [FXGL Background Thread 3 ] DEBUG Engine               - soundMenuPress: menu/press.wav
08:44:19.540 [FXGL Background Thread 3 ] DEBUG Engine               - soundMenuSelect: menu/select.wav
08:44:19.540 [FXGL Background Thread 3 ] DEBUG Engine               - soundNotification: core/notification.wav
08:44:19.540 [FXGL Background Thread 3 ] DEBUG Engine               - stageStyle: DECORATED
08:44:19.540 [FXGL Background Thread 3 ] DEBUG Engine               - supportedLanguages: [ENGLISH, FRENCH, GERMAN, HUNGARIAN, RUSSIAN]
08:44:19.540 [FXGL Background Thread 3 ] DEBUG Engine               - ticksPerSecond: -1
08:44:19.540 [FXGL Background Thread 3 ] DEBUG Engine               - title: Stictactics
08:44:19.540 [FXGL Background Thread 3 ] DEBUG Engine               - urlGithub: https://github.com/AlmasB/FXGL
08:44:19.540 [FXGL Background Thread 3 ] DEBUG Engine               - urlLeaderboard: http://fxgl-top.herokuapp.com/
08:44:19.540 [FXGL Background Thread 3 ] DEBUG Engine               - urlPOM: https://raw.githubusercontent.com/AlmasB/FXGL/release/README.md
08:44:19.541 [FXGL Background Thread 3 ] DEBUG Engine               - userAppClass: class com.example.demo.HelloController
08:44:19.541 [FXGL Background Thread 3 ] DEBUG Engine               - version: 0.0
08:44:19.541 [FXGL Background Thread 3 ] DEBUG Engine               - versionCheckDays: 7
08:44:19.541 [FXGL Background Thread 3 ] DEBUG Engine               - width: 1920
08:44:19.541 [FXGL Background Thread 3 ] DEBUG Engine               - Logging services
08:44:19.541 [FXGL Background Thread 3 ] DEBUG Engine               - class com.almasb.fxgl.app.services.FXGLAssetLoaderService
08:44:19.541 [FXGL Background Thread 3 ] DEBUG Engine               - class com.almasb.fxgl.app.FXGLApplication$GameApplicationService
08:44:19.541 [FXGL Background Thread 3 ] DEBUG Engine               - class com.almasb.fxgl.app.services.FXGLDialogService
08:44:19.541 [FXGL Background Thread 3 ] DEBUG Engine               - class com.almasb.fxgl.app.services.IOTaskExecutorService
08:44:19.541 [FXGL Background Thread 3 ] DEBUG Engine               - class com.almasb.fxgl.io.FileSystemService
08:44:19.541 [FXGL Background Thread 3 ] DEBUG Engine               - class com.almasb.fxgl.localization.LocalizationService
08:44:19.541 [FXGL Background Thread 3 ] DEBUG Engine               - class com.almasb.fxgl.app.services.SystemBundleService
08:44:19.541 [FXGL Background Thread 3 ] DEBUG Engine               - class com.almasb.fxgl.profile.SaveLoadService
08:44:19.541 [FXGL Background Thread 3 ] DEBUG Engine               - class com.almasb.fxgl.ui.FXGLUIFactoryServiceProvider
08:44:19.541 [FXGL Background Thread 3 ] DEBUG Engine               - class com.almasb.fxgl.ui.FXGLDialogFactoryServiceProvider
08:44:19.542 [FXGL Background Thread 3 ] DEBUG Engine               - class com.almasb.fxgl.audio.AudioPlayer
08:44:19.542 [FXGL Background Thread 3 ] DEBUG Engine               - class com.almasb.fxgl.notification.impl.NotificationServiceProvider
08:44:19.542 [FXGL Background Thread 3 ] DEBUG Engine               - class com.almasb.fxgl.achievement.AchievementService
08:44:19.542 [FXGL Background Thread 3 ] DEBUG Engine               - class com.almasb.fxgl.cutscene.CutsceneService
08:44:19.542 [FXGL Background Thread 3 ] DEBUG Engine               - class com.almasb.fxgl.minigames.MiniGameService
08:44:19.542 [FXGL Background Thread 3 ] DEBUG Engine               - class com.almasb.fxgl.net.NetService
08:44:19.542 [FXGL Background Thread 3 ] DEBUG Engine               - class com.almasb.fxgl.app.services.UpdaterService
08:44:19.542 [FXGL Background Thread 3 ] DEBUG Engine               - class com.almasb.fxgl.dev.DevService
08:44:28.803 [JavaFX Application Thread] DEBUG LoopRunner           - Pausing loop
08:44:28.818 [JavaFX Application Thread] DEBUG LoopRunner           - Pausing loop
08:44:29.893 [JavaFX Application Thread] DEBUG LoopRunner           - Resuming loop
08:44:29.893 [JavaFX Application Thread] DEBUG GameApplicationServi - Starting new game
08:44:29.893 [JavaFX Application Thread] DEBUG Input                - Clearing active input actions
08:44:29.902 [JavaFX Application Thread] DEBUG GameApplicationServi - Removing overlay from GameScene and adding to FXGLLoadingScene
08:44:29.903 [JavaFX Application Thread] DEBUG PrimaryStageWindow   - GameScene -> FXGLLoadingScene
08:44:29.903 [JavaFX Application Thread] DEBUG GameApplicationServi - Clearing previous game
08:44:29.903 [JavaFX Application Thread] DEBUG GameScene            - Clearing game scene
08:44:29.903 [JavaFX Application Thread] DEBUG GameWorld            - Clearing game world
08:44:29.904 [JavaFX Application Thread] DEBUG PhysicsWorld         - Clearing physics world
08:44:29.908 [FXGL Background Thread 2 ] DEBUG FXGLApplication      - Initializing game
08:44:29.919 [FXGL Background Thread 2 ] WARN  TMXLevelLoader       - TiledMap generated from 1.11.2. Supported version: 1.2.3. Some features may not be parsed fully.
08:44:29.932 [FXGL Background Thread 2 ] DEBUG TMXLevelLoader       - Parsed TiledMap: file:/C:/Users/zyla/demoGame4OOP/target/classes/assets/levels/tmx/map2.tmx
08:44:29.932 [FXGL Background Thread 2 ] DEBUG TMXLevelLoader       - Creating tile layer entities
08:44:29.933 [FXGL Background Thread 2 ] DEBUG TilesetLoader        - Loading view for layer Tile Layer 1
08:44:29.934 [FXGL Background Thread 2 ] DEBUG TilesetLoader        - Created buffer with size 1984.0x1088.0
08:44:30.125 [FXGL Background Thread 2 ] DEBUG TMXLevelLoader       - Creating object layer entities
08:44:30.135 [FXGL Background Thread 2 ] DEBUG GameWorld            - Clearing removable entities
08:44:30.135 [FXGL Background Thread 2 ] DEBUG GameWorld            - Setting level: com.almasb.fxgl.entity.level.Level@62bb0d5
08:44:30.172 [FXGL Background Thread 2 ] INFO  FXGLApplication      - Game initialization took: 0.264 sec
08:44:30.194 [JavaFX Application Thread] DEBUG Input                - Clearing active input actions
08:44:30.207 [JavaFX Application Thread] DEBUG GameApplicationServi - Removing overlay from FXGLLoadingScene and adding to GameScene
08:44:30.208 [JavaFX Application Thread] DEBUG PrimaryStageWindow   - FXGLLoadingScene -> GameScene
08:44:38.658 [JavaFX Application Thread] DEBUG PrimaryStageWindow   - Push state: CustomPauseMenu
08:44:38.658 [JavaFX Application Thread] DEBUG Input                - Clearing active input actions
08:44:38.660 [JavaFX Application Thread] DEBUG GameApplicationServi - Removing overlay from GameScene and adding to CustomPauseMenu
08:44:38.660 [JavaFX Application Thread] DEBUG PrimaryStageWindow   - GameScene -> CustomPauseMenu
08:44:40.202 [JavaFX Application Thread] DEBUG Menu                 - fireExitToMainMenu()
08:44:40.209 [JavaFX Application Thread] DEBUG PrimaryStageWindow   - Push state: DialogSubScene
08:44:40.209 [JavaFX Application Thread] DEBUG Input                - Clearing active input actions
08:44:40.210 [JavaFX Application Thread] DEBUG GameApplicationServi - Removing overlay from CustomPauseMenu and adding to DialogSubScene
08:44:40.210 [JavaFX Application Thread] DEBUG PrimaryStageWindow   - CustomPauseMenu -> DialogSubScene
08:44:40.901 [JavaFX Application Thread] DEBUG PrimaryStageWindow   - Pop state: DialogSubScene
08:44:40.901 [JavaFX Application Thread] DEBUG Input                - Clearing active input actions
08:44:40.902 [JavaFX Application Thread] DEBUG GameApplicationServi - Removing overlay from DialogSubScene and adding to CustomPauseMenu
08:44:40.903 [JavaFX Application Thread] DEBUG PrimaryStageWindow   - CustomPauseMenu <- DialogSubScene
08:44:40.903 [JavaFX Application Thread] DEBUG PrimaryStageWindow   - Pop state: CustomPauseMenu
08:44:40.903 [JavaFX Application Thread] DEBUG Input                - Clearing active input actions
08:44:40.903 [JavaFX Application Thread] DEBUG GameApplicationServi - Removing overlay from CustomPauseMenu and adding to GameScene
08:44:40.903 [JavaFX Application Thread] DEBUG PrimaryStageWindow   - GameScene <- CustomPauseMenu
08:44:40.903 [JavaFX Application Thread] DEBUG Input                - Clearing active input actions
08:44:40.918 [JavaFX Application Thread] DEBUG GameApplicationServi - Removing overlay from GameScene and adding to FXGLMainMenuDummyScene
08:44:40.918 [JavaFX Application Thread] DEBUG PrimaryStageWindow   - GameScene -> FXGLMainMenuDummyScene
08:44:40.918 [JavaFX Application Thread] DEBUG PrimaryStageWindow   - Push state: CustomMainMenu
08:44:40.918 [JavaFX Application Thread] DEBUG Input                - Clearing active input actions
08:44:40.925 [JavaFX Application Thread] DEBUG GameApplicationServi - Removing overlay from FXGLMainMenuDummyScene and adding to CustomMainMenu
08:44:40.925 [JavaFX Application Thread] DEBUG PrimaryStageWindow   - FXGLMainMenuDummyScene -> CustomMainMenu
08:44:41.443 [JavaFX Application Thread] DEBUG Menu                 - fireNewGame()
08:44:41.443 [JavaFX Application Thread] DEBUG GameApplicationServi - Starting new game
08:44:41.443 [JavaFX Application Thread] DEBUG PrimaryStageWindow   - Pop state: CustomMainMenu
08:44:41.443 [JavaFX Application Thread] DEBUG Input                - Clearing active input actions
08:44:41.444 [JavaFX Application Thread] DEBUG GameApplicationServi - Removing overlay from CustomMainMenu and adding to FXGLMainMenuDummyScene
08:44:41.444 [JavaFX Application Thread] DEBUG PrimaryStageWindow   - FXGLMainMenuDummyScene <- CustomMainMenu
08:44:41.444 [JavaFX Application Thread] DEBUG Input                - Clearing active input actions
08:44:41.450 [JavaFX Application Thread] DEBUG GameApplicationServi - Removing overlay from FXGLMainMenuDummyScene and adding to FXGLLoadingScene
08:44:41.451 [JavaFX Application Thread] DEBUG PrimaryStageWindow   - FXGLMainMenuDummyScene -> FXGLLoadingScene
08:44:41.451 [JavaFX Application Thread] DEBUG GameApplicationServi - Clearing previous game
08:44:41.451 [JavaFX Application Thread] DEBUG GameScene            - Clearing game scene
08:44:41.451 [JavaFX Application Thread] DEBUG GameWorld            - Clearing game world
08:44:41.453 [JavaFX Application Thread] DEBUG PhysicsWorld         - Clearing physics world
08:44:41.455 [FXGL Background Thread 2 ] DEBUG FXGLApplication      - Initializing game
08:44:41.459 [FXGL Background Thread 2 ] WARN  TMXLevelLoader       - TiledMap generated from 1.11.2. Supported version: 1.2.3. Some features may not be parsed fully.
08:44:41.468 [FXGL Background Thread 2 ] DEBUG TMXLevelLoader       - Parsed TiledMap: file:/C:/Users/zyla/demoGame4OOP/target/classes/assets/levels/tmx/map2.tmx
08:44:41.468 [FXGL Background Thread 2 ] DEBUG TMXLevelLoader       - Creating tile layer entities
08:44:41.468 [FXGL Background Thread 2 ] DEBUG TilesetLoader        - Loading view for layer Tile Layer 1
08:44:41.472 [FXGL Background Thread 2 ] DEBUG TilesetLoader        - Created buffer with size 1984.0x1088.0
08:44:41.602 [FXGL Background Thread 2 ] DEBUG TMXLevelLoader       - Creating object layer entities
08:44:41.604 [FXGL Background Thread 2 ] DEBUG GameWorld            - Clearing removable entities
08:44:41.604 [FXGL Background Thread 2 ] DEBUG GameWorld            - Setting level: com.almasb.fxgl.entity.level.Level@42f769db
08:44:41.627 [FXGL Background Thread 2 ] INFO  FXGLApplication      - Game initialization took: 0.172 sec
08:44:41.629 [JavaFX Application Thread] DEBUG Input                - Clearing active input actions
08:44:41.634 [JavaFX Application Thread] DEBUG GameApplicationServi - Removing overlay from FXGLLoadingScene and adding to GameScene
08:44:41.634 [JavaFX Application Thread] DEBUG PrimaryStageWindow   - FXGLLoadingScene -> GameScene
08:44:48.017 [JavaFX Application Thread] DEBUG PrimaryStageWindow   - Push state: CustomPauseMenu
08:44:48.017 [JavaFX Application Thread] DEBUG Input                - Clearing active input actions
08:44:48.018 [JavaFX Application Thread] DEBUG GameApplicationServi - Removing overlay from GameScene and adding to CustomPauseMenu
08:44:48.019 [JavaFX Application Thread] DEBUG PrimaryStageWindow   - GameScene -> CustomPauseMenu
08:44:49.631 [JavaFX Application Thread] DEBUG Menu                 - fireExitToMainMenu()
08:44:49.634 [JavaFX Application Thread] DEBUG PrimaryStageWindow   - Push state: DialogSubScene
08:44:49.634 [JavaFX Application Thread] DEBUG Input                - Clearing active input actions
08:44:49.635 [JavaFX Application Thread] DEBUG GameApplicationServi - Removing overlay from CustomPauseMenu and adding to DialogSubScene
08:44:49.635 [JavaFX Application Thread] DEBUG PrimaryStageWindow   - CustomPauseMenu -> DialogSubScene
08:44:50.681 [JavaFX Application Thread] DEBUG PrimaryStageWindow   - Pop state: DialogSubScene
08:44:50.681 [JavaFX Application Thread] DEBUG Input                - Clearing active input actions
08:44:50.682 [JavaFX Application Thread] DEBUG GameApplicationServi - Removing overlay from DialogSubScene and adding to CustomPauseMenu
08:44:50.682 [JavaFX Application Thread] DEBUG PrimaryStageWindow   - CustomPauseMenu <- DialogSubScene
08:44:50.682 [JavaFX Application Thread] DEBUG PrimaryStageWindow   - Pop state: CustomPauseMenu
08:44:50.682 [JavaFX Application Thread] DEBUG Input                - Clearing active input actions
08:44:50.682 [JavaFX Application Thread] DEBUG GameApplicationServi - Removing overlay from CustomPauseMenu and adding to GameScene
08:44:50.683 [JavaFX Application Thread] DEBUG PrimaryStageWindow   - GameScene <- CustomPauseMenu
08:44:50.683 [JavaFX Application Thread] DEBUG Input                - Clearing active input actions
08:44:50.689 [JavaFX Application Thread] DEBUG GameApplicationServi - Removing overlay from GameScene and adding to FXGLMainMenuDummyScene
08:44:50.690 [JavaFX Application Thread] DEBUG PrimaryStageWindow   - GameScene -> FXGLMainMenuDummyScene
08:44:50.690 [JavaFX Application Thread] DEBUG PrimaryStageWindow   - Push state: CustomMainMenu
08:44:50.690 [JavaFX Application Thread] DEBUG Input                - Clearing active input actions
08:44:50.691 [JavaFX Application Thread] DEBUG GameApplicationServi - Removing overlay from FXGLMainMenuDummyScene and adding to CustomMainMenu
08:44:50.692 [JavaFX Application Thread] DEBUG PrimaryStageWindow   - FXGLMainMenuDummyScene -> CustomMainMenu
08:44:51.303 [JavaFX Application Thread] DEBUG Menu                 - fireNewGame()
08:44:51.303 [JavaFX Application Thread] DEBUG GameApplicationServi - Starting new game
08:44:51.303 [JavaFX Application Thread] DEBUG PrimaryStageWindow   - Pop state: CustomMainMenu
08:44:51.303 [JavaFX Application Thread] DEBUG Input                - Clearing active input actions
08:44:51.303 [JavaFX Application Thread] DEBUG GameApplicationServi - Removing overlay from CustomMainMenu and adding to FXGLMainMenuDummyScene
08:44:51.303 [JavaFX Application Thread] DEBUG PrimaryStageWindow   - FXGLMainMenuDummyScene <- CustomMainMenu
08:44:51.303 [JavaFX Application Thread] DEBUG Input                - Clearing active input actions
08:44:51.308 [JavaFX Application Thread] DEBUG GameApplicationServi - Removing overlay from FXGLMainMenuDummyScene and adding to FXGLLoadingScene
08:44:51.308 [JavaFX Application Thread] DEBUG PrimaryStageWindow   - FXGLMainMenuDummyScene -> FXGLLoadingScene
08:44:51.308 [JavaFX Application Thread] DEBUG GameApplicationServi - Clearing previous game
08:44:51.308 [JavaFX Application Thread] DEBUG GameScene            - Clearing game scene
08:44:51.308 [JavaFX Application Thread] DEBUG GameWorld            - Clearing game world
08:44:51.310 [JavaFX Application Thread] DEBUG PhysicsWorld         - Clearing physics world
08:44:51.310 [FXGL Background Thread 2 ] DEBUG FXGLApplication      - Initializing game
08:44:51.314 [FXGL Background Thread 2 ] WARN  TMXLevelLoader       - TiledMap generated from 1.11.2. Supported version: 1.2.3. Some features may not be parsed fully.
08:44:51.320 [FXGL Background Thread 2 ] DEBUG TMXLevelLoader       - Parsed TiledMap: file:/C:/Users/zyla/demoGame4OOP/target/classes/assets/levels/tmx/map2.tmx
08:44:51.321 [FXGL Background Thread 2 ] DEBUG TMXLevelLoader       - Creating tile layer entities
08:44:51.321 [FXGL Background Thread 2 ] DEBUG TilesetLoader        - Loading view for layer Tile Layer 1
08:44:51.331 [FXGL Background Thread 2 ] DEBUG TilesetLoader        - Created buffer with size 1984.0x1088.0
08:44:51.468 [FXGL Background Thread 2 ] DEBUG TMXLevelLoader       - Creating object layer entities
08:44:51.469 [FXGL Background Thread 2 ] DEBUG GameWorld            - Clearing removable entities
08:44:51.469 [FXGL Background Thread 2 ] DEBUG GameWorld            - Setting level: com.almasb.fxgl.entity.level.Level@28572f56
08:44:51.491 [FXGL Background Thread 2 ] INFO  FXGLApplication      - Game initialization took: 0.181 sec
08:44:51.496 [JavaFX Application Thread] DEBUG Input                - Clearing active input actions
08:44:51.502 [JavaFX Application Thread] DEBUG GameApplicationServi - Removing overlay from FXGLLoadingScene and adding to GameScene
08:44:51.502 [JavaFX Application Thread] DEBUG PrimaryStageWindow   - FXGLLoadingScene -> GameScene
08:45:04.516 [JavaFX Application Thread] DEBUG LoopRunner           - Pausing loop
08:45:04.519 [JavaFX Application Thread] DEBUG LoopRunner           - Pausing loop
08:45:06.237 [JavaFX Application Thread] DEBUG LoopRunner           - Resuming loop
08:45:06.237 [JavaFX Application Thread] DEBUG GameApplicationServi - Starting new game
08:45:06.237 [JavaFX Application Thread] DEBUG Input                - Clearing active input actions
08:45:06.241 [JavaFX Application Thread] DEBUG GameApplicationServi - Removing overlay from GameScene and adding to FXGLLoadingScene
08:45:06.241 [JavaFX Application Thread] DEBUG PrimaryStageWindow   - GameScene -> FXGLLoadingScene
08:45:06.241 [JavaFX Application Thread] DEBUG GameApplicationServi - Clearing previous game
08:45:06.241 [JavaFX Application Thread] DEBUG GameScene            - Clearing game scene
08:45:06.241 [JavaFX Application Thread] DEBUG GameWorld            - Clearing game world
08:45:06.242 [JavaFX Application Thread] DEBUG PhysicsWorld         - Clearing physics world
08:45:06.242 [FXGL Background Thread 2 ] DEBUG FXGLApplication      - Initializing game
08:45:06.253 [FXGL Background Thread 2 ] WARN  TMXLevelLoader       - TiledMap generated from 1.11.2. Supported version: 1.2.3. Some features may not be parsed fully.
08:45:06.258 [FXGL Background Thread 2 ] DEBUG TMXLevelLoader       - Parsed TiledMap: file:/C:/Users/zyla/demoGame4OOP/target/classes/assets/levels/tmx/map3.tmx
08:45:06.258 [FXGL Background Thread 2 ] DEBUG TMXLevelLoader       - Creating tile layer entities
08:45:06.259 [FXGL Background Thread 2 ] DEBUG TilesetLoader        - Loading view for layer Tile Layer 1
08:45:06.267 [FXGL Background Thread 2 ] DEBUG TilesetLoader        - Created buffer with size 1920.0x1088.0
08:45:06.403 [FXGL Background Thread 2 ] DEBUG TMXLevelLoader       - Creating object layer entities
08:45:06.404 [FXGL Background Thread 2 ] DEBUG GameWorld            - Clearing removable entities
08:45:06.404 [FXGL Background Thread 2 ] DEBUG GameWorld            - Setting level: com.almasb.fxgl.entity.level.Level@51c51943
08:45:06.417 [FXGL Background Thread 2 ] INFO  FXGLApplication      - Game initialization took: 0.174 sec
08:45:06.458 [JavaFX Application Thread] DEBUG Input                - Clearing active input actions
08:45:06.468 [JavaFX Application Thread] DEBUG GameApplicationServi - Removing overlay from FXGLLoadingScene and adding to GameScene
08:45:06.468 [JavaFX Application Thread] DEBUG PrimaryStageWindow   - FXGLLoadingScene -> GameScene
08:45:10.914 [JavaFX Application Thread] DEBUG PrimaryStageWindow   - Push state: CustomPauseMenu
08:45:10.914 [JavaFX Application Thread] DEBUG Input                - Clearing active input actions
08:45:10.916 [JavaFX Application Thread] DEBUG GameApplicationServi - Removing overlay from GameScene and adding to CustomPauseMenu
08:45:10.916 [JavaFX Application Thread] DEBUG PrimaryStageWindow   - GameScene -> CustomPauseMenu
08:45:12.130 [JavaFX Application Thread] DEBUG Menu                 - fireExitToMainMenu()
08:45:12.132 [JavaFX Application Thread] DEBUG PrimaryStageWindow   - Push state: DialogSubScene
08:45:12.132 [JavaFX Application Thread] DEBUG Input                - Clearing active input actions
08:45:12.133 [JavaFX Application Thread] DEBUG GameApplicationServi - Removing overlay from CustomPauseMenu and adding to DialogSubScene
08:45:12.133 [JavaFX Application Thread] DEBUG PrimaryStageWindow   - CustomPauseMenu -> DialogSubScene
08:45:13.837 [JavaFX Application Thread] DEBUG PrimaryStageWindow   - Pop state: DialogSubScene
08:45:13.837 [JavaFX Application Thread] DEBUG Input                - Clearing active input actions
08:45:13.837 [JavaFX Application Thread] DEBUG GameApplicationServi - Removing overlay from DialogSubScene and adding to CustomPauseMenu
08:45:13.838 [JavaFX Application Thread] DEBUG PrimaryStageWindow   - CustomPauseMenu <- DialogSubScene
08:45:13.838 [JavaFX Application Thread] DEBUG PrimaryStageWindow   - Pop state: CustomPauseMenu
08:45:13.838 [JavaFX Application Thread] DEBUG Input                - Clearing active input actions
08:45:13.838 [JavaFX Application Thread] DEBUG GameApplicationServi - Removing overlay from CustomPauseMenu and adding to GameScene
08:45:13.838 [JavaFX Application Thread] DEBUG PrimaryStageWindow   - GameScene <- CustomPauseMenu
08:45:13.838 [JavaFX Application Thread] DEBUG Input                - Clearing active input actions
08:45:13.842 [JavaFX Application Thread] DEBUG GameApplicationServi - Removing overlay from GameScene and adding to FXGLMainMenuDummyScene
08:45:13.842 [JavaFX Application Thread] DEBUG PrimaryStageWindow   - GameScene -> FXGLMainMenuDummyScene
08:45:13.842 [JavaFX Application Thread] DEBUG PrimaryStageWindow   - Push state: CustomMainMenu
08:45:13.842 [JavaFX Application Thread] DEBUG Input                - Clearing active input actions
08:45:13.843 [JavaFX Application Thread] DEBUG GameApplicationServi - Removing overlay from FXGLMainMenuDummyScene and adding to CustomMainMenu
08:45:13.843 [JavaFX Application Thread] DEBUG PrimaryStageWindow   - FXGLMainMenuDummyScene -> CustomMainMenu
08:45:14.230 [JavaFX Application Thread] DEBUG Menu                 - fireNewGame()
08:45:14.230 [JavaFX Application Thread] DEBUG GameApplicationServi - Starting new game
08:45:14.230 [JavaFX Application Thread] DEBUG PrimaryStageWindow   - Pop state: CustomMainMenu
08:45:14.230 [JavaFX Application Thread] DEBUG Input                - Clearing active input actions
08:45:14.230 [JavaFX Application Thread] DEBUG GameApplicationServi - Removing overlay from CustomMainMenu and adding to FXGLMainMenuDummyScene
08:45:14.230 [JavaFX Application Thread] DEBUG PrimaryStageWindow   - FXGLMainMenuDummyScene <- CustomMainMenu
08:45:14.230 [JavaFX Application Thread] DEBUG Input                - Clearing active input actions
08:45:14.233 [JavaFX Application Thread] DEBUG GameApplicationServi - Removing overlay from FXGLMainMenuDummyScene and adding to FXGLLoadingScene
08:45:14.233 [JavaFX Application Thread] DEBUG PrimaryStageWindow   - FXGLMainMenuDummyScene -> FXGLLoadingScene
08:45:14.233 [JavaFX Application Thread] DEBUG GameApplicationServi - Clearing previous game
08:45:14.233 [JavaFX Application Thread] DEBUG GameScene            - Clearing game scene
08:45:14.233 [JavaFX Application Thread] DEBUG GameWorld            - Clearing game world
08:45:14.235 [JavaFX Application Thread] DEBUG PhysicsWorld         - Clearing physics world
08:45:14.235 [FXGL Background Thread 2 ] DEBUG FXGLApplication      - Initializing game
08:45:14.243 [FXGL Background Thread 2 ] WARN  TMXLevelLoader       - TiledMap generated from 1.11.2. Supported version: 1.2.3. Some features may not be parsed fully.
08:45:14.248 [FXGL Background Thread 2 ] DEBUG TMXLevelLoader       - Parsed TiledMap: file:/C:/Users/zyla/demoGame4OOP/target/classes/assets/levels/tmx/map6.tmx
08:45:14.248 [FXGL Background Thread 2 ] DEBUG TMXLevelLoader       - Creating tile layer entities
08:45:14.249 [FXGL Background Thread 2 ] DEBUG TilesetLoader        - Loading view for layer Tile Layer 1
08:45:14.250 [FXGL Background Thread 2 ] DEBUG TilesetLoader        - Created buffer with size 1920.0x1088.0
08:45:14.423 [FXGL Background Thread 2 ] DEBUG TMXLevelLoader       - Creating object layer entities
08:45:14.426 [FXGL Background Thread 2 ] DEBUG GameWorld            - Clearing removable entities
08:45:14.426 [FXGL Background Thread 2 ] DEBUG GameWorld            - Setting level: com.almasb.fxgl.entity.level.Level@51acae3c
08:45:14.435 [FXGL Background Thread 2 ] INFO  FXGLApplication      - Game initialization took: 0.200 sec
08:45:14.441 [JavaFX Application Thread] DEBUG Input                - Clearing active input actions
08:45:14.448 [JavaFX Application Thread] DEBUG GameApplicationServi - Removing overlay from FXGLLoadingScene and adding to GameScene
08:45:14.448 [JavaFX Application Thread] DEBUG PrimaryStageWindow   - FXGLLoadingScene -> GameScene
08:45:19.750 [JavaFX Application Thread] DEBUG PrimaryStageWindow   - Push state: DialogSubScene
08:45:19.750 [JavaFX Application Thread] DEBUG Input                - Clearing active input actions
08:45:19.752 [JavaFX Application Thread] DEBUG GameApplicationServi - Removing overlay from GameScene and adding to DialogSubScene
08:45:19.752 [JavaFX Application Thread] DEBUG PrimaryStageWindow   - GameScene -> DialogSubScene
08:45:20.446 [JavaFX Application Thread] DEBUG PrimaryStageWindow   - Pop state: DialogSubScene
08:45:20.446 [JavaFX Application Thread] DEBUG Input                - Clearing active input actions
08:45:20.447 [JavaFX Application Thread] DEBUG GameApplicationServi - Removing overlay from DialogSubScene and adding to GameScene
08:45:20.447 [JavaFX Application Thread] DEBUG PrimaryStageWindow   - GameScene <- DialogSubScene
08:45:20.447 [JavaFX Application Thread] DEBUG FXGLApplication      - Exiting FXGL
08:45:20.447 [JavaFX Application Thread] DEBUG LoopRunner           - Stopping loop
08:45:20.447 [JavaFX Application Thread] DEBUG SystemBundleService  - Saving FXGL system data
08:45:20.449 [JavaFX Application Thread] DEBUG FileSystemAccess     - Writing to: C:\Users\zyla\demoGame4OOP\system\fxgl.bundle
08:45:20.451 [JavaFX Application Thread] DEBUG Async                - Shutting down background threads
08:45:20.451 [JavaFX Application Thread] DEBUG PrimaryStageWindow   - Closing main window
08:45:20.488 [JavaFX Application Thread] DEBUG Logger               - Closing Logger
