14:17:53.083 [main                     ] DEBUG Logger               - Configured Logger
14:17:53.084 [main                     ] DEBUG GameApplication      - Logging settings
Title: Stictactics
Version: 0.0
Width: 1984
Height: 1088
Fullscreen: false
Intro: false
Profiling: false
Single step:false
App Mode: DEVELOPER
Menu Key: ESCAPE
Stage Style: DECORATED
Scene Factory: class com.example.demo.MySceneFactory

14:17:53.312 [JavaFX Application Thread] DEBUG FXGLApplication      - Initializing FXGL
14:17:53.313 [JavaFX Application Thread] INFO  Engine               - FXGL-11.17 (16.07.2021 15.46) on WINDOWS (J:19.0.2 FX:17.0.6)
14:17:53.313 [JavaFX Application Thread] DEBUG Engine               - JRE Vendor Name: Oracle Corporation
14:17:53.313 [JavaFX Application Thread] DEBUG Engine               - Running on OS: Windows 11 version 10.0
14:17:53.313 [JavaFX Application Thread] DEBUG Engine               - Architecture: amd64
14:17:53.313 [JavaFX Application Thread] INFO  Engine               - Source code and latest versions at: https://github.com/AlmasB/FXGL
14:17:53.313 [JavaFX Application Thread] INFO  Engine               -              Join the FXGL chat at: https://gitter.im/AlmasB/FXGL
14:17:53.353 [JavaFX Application Thread] DEBUG PrimaryStageWindow   - Creating a JavaFX scene
14:17:53.353 [JavaFX Application Thread] DEBUG PrimaryStageWindow   - Target size > screen size
14:17:53.375 [JavaFX Application Thread] DEBUG PrimaryStageWindow   - Target settings size: 1984.0 x 1088.0
14:17:53.375 [JavaFX Application Thread] DEBUG PrimaryStageWindow   - Scaled scene size:    1856.0 x 1031.0
14:17:53.375 [JavaFX Application Thread] DEBUG PrimaryStageWindow   - Scaled ratio: (0.9354838709677419, 0.9476102941176471)
14:17:53.376 [JavaFX Application Thread] DEBUG PrimaryStageWindow   - Set initial scene to FXGLStartupScene
14:17:53.378 [JavaFX Application Thread] DEBUG PrimaryStageWindow   - Opening main window
14:17:53.414 [JavaFX Application Thread] DEBUG PrimaryStageWindow   - Window border size: (16.0, 39.0)
14:17:53.416 [JavaFX Application Thread] DEBUG PrimaryStageWindow   - Scaled size: 1856.0 x 1031.0
14:17:53.416 [JavaFX Application Thread] DEBUG PrimaryStageWindow   - Scaled ratio: (0.9354838709677419, 0.9476102941176471)
14:17:53.416 [JavaFX Application Thread] DEBUG PrimaryStageWindow   - Scene size: 1856.0 x 1031.0
14:17:53.416 [JavaFX Application Thread] DEBUG PrimaryStageWindow   - Stage size: 1872.0 x 1070.0
14:17:53.420 [FXGL Background Thread 1 ] DEBUG Engine               - Initializing environment variables
14:17:53.451 [FXGL Background Thread 1 ] DEBUG FXGLAssetLoaderServi - User app class for loading assets: class com.example.demo.HelloApplication
14:17:53.451 [FXGL Background Thread 1 ] DEBUG GameApplicationServi - Applying CSS: fxgl_dark.css
14:17:53.452 [FXGL Background Thread 1 ] DEBUG FXGLAssetLoaderServi - Loading from file system: jar:file:///C:/Users/L13Y12W34/.m2/repository/com/github/almasb/fxgl/11.17/fxgl-11.17.jar!/fxglassets/ui/css/fxgl_dark.css
14:17:53.472 [FXGL Background Thread 1 ] DEBUG GameApplicationServi - Initializing application scenes
14:17:53.490 [FXGL Background Thread 1 ] DEBUG GameWorld            - Game world initialized
14:17:53.524 [FXGL Background Thread 1 ] DEBUG PhysicsWorld         - Physics world initialized: appHeight=1088, physics.ppm=50.0
14:17:53.524 [FXGL Background Thread 1 ] DEBUG PhysicsWorld         - Using strategy: BRUTE_FORCE
14:17:53.526 [FXGL Background Thread 1 ] DEBUG GameScene            - Game scene initialized: 1984x1088
14:17:53.529 [FXGL Background Thread 1 ] DEBUG FXGLAssetLoaderServi - Loading from file system: file:/C:/Users/L13Y12W34/.m2/repository/org/openjfx/demoGame4OOP/target/classes/assets/textures/mainmenu.png
14:17:53.557 [FXGL Background Thread 1 ] DEBUG GameApplicationServi - Application scenes initialized
14:17:53.562 [FXGL Background Thread 1 ] DEBUG SystemBundleService  - Loading FXGL system data
14:17:53.564 [FXGL Background Thread 1 ] DEBUG FileSystemAccess     - Reading from: C:\Users\L13Y12W34\.m2\repository\org\openjfx\demoGame4OOP\system\fxgl.bundle
14:17:53.569 [FXGL Background Thread 1 ] DEBUG SystemBundleService  - Bundle FXGL: {}
14:17:53.569 [FXGL Background Thread 1 ] DEBUG UpdaterService       - Checking for updates
14:17:53.571 [FXGL Background Thread 4 ] DEBUG FXGLApplication      - Loading fonts
14:17:53.571 [FXGL Background Thread 1 ] DEBUG FXGLApplication      - Loading default localization
14:17:53.571 [FXGL Background Thread 4 ] DEBUG FXGLAssetLoaderServi - Loading from file system: jar:file:///C:/Users/L13Y12W34/.m2/repository/com/github/almasb/fxgl/11.17/fxgl-11.17.jar!/fxglassets/ui/fonts/VarelaRound-Regular.ttf
14:17:53.572 [FXGL Background Thread 1 ] DEBUG FXGLAssetLoaderServi - Loading from file system: jar:file:///C:/Users/L13Y12W34/.m2/repository/com/github/almasb/fxgl/11.17/fxgl-11.17.jar!/fxglassets/languages/english.lang
14:17:53.582 [FXGL Background Thread 1 ] INFO  FXGLApplication      - FXGL initialization took: 0.162 sec
14:17:53.588 [JavaFX Application Thread] DEBUG Input                - Registered new binding: P1Left - A
14:17:53.588 [JavaFX Application Thread] DEBUG Input                - Registered new binding: P1Right - D
14:17:53.588 [JavaFX Application Thread] DEBUG Input                - Registered new binding: P1Jump - W
14:17:53.588 [JavaFX Application Thread] DEBUG Input                - Registered new binding: P1Punch - F
14:17:53.588 [JavaFX Application Thread] DEBUG Input                - Registered new binding: P2Left - J
14:17:53.588 [JavaFX Application Thread] DEBUG Input                - Registered new binding: P2Right - L
14:17:53.588 [JavaFX Application Thread] DEBUG Input                - Registered new binding: P2Jump - I
14:17:53.588 [JavaFX Application Thread] DEBUG Input                - Registered new binding: P2Punch - H
14:17:53.589 [JavaFX Application Thread] DEBUG FXGLAssetLoaderServi - Loading from file system: jar:file:///C:/Users/L13Y12W34/.m2/repository/com/github/almasb/fxgl/11.17/fxgl-11.17.jar!/fxglassets/textures/fxgl_icon.png
14:17:53.601 [FXGL Background Thread 4 ] DEBUG FXGLAssetLoaderServi - Loading from file system: jar:file:///C:/Users/L13Y12W34/.m2/repository/com/github/almasb/fxgl/11.17/fxgl-11.17.jar!/fxglassets/ui/fonts/Abel-Regular.ttf
14:17:53.601 [JavaFX Application Thread] DEBUG FXGLAssetLoaderServi - Loading from file system: jar:file:///C:/Users/L13Y12W34/.m2/repository/com/github/almasb/fxgl/11.17/fxgl-11.17.jar!/fxglassets/textures/fxgl_default_cursor.png
14:17:53.602 [JavaFX Application Thread] DEBUG Input                - Registered new binding: Screenshot - CTRL+8
14:17:53.604 [JavaFX Application Thread] DEBUG Input                - Registered new binding: System info dump - CTRL+9
14:17:53.604 [JavaFX Application Thread] DEBUG Input                - Registered new binding: Restart - CTRL+R
14:17:53.604 [FXGL Background Thread 4 ] DEBUG FXGLAssetLoaderServi - Loading from file system: jar:file:///C:/Users/L13Y12W34/.m2/repository/com/github/almasb/fxgl/11.17/fxgl-11.17.jar!/fxglassets/ui/fonts/lucida_console.ttf
14:17:53.604 [JavaFX Application Thread] DEBUG Input                - Registered new binding: Toggle Debug Camera - CTRL+C
14:17:53.605 [JavaFX Application Thread] DEBUG LoopRunner           - Starting loop
14:17:53.605 [JavaFX Application Thread] DEBUG LoopRunner           - Initializing JavaFX AnimationTimerLoop
14:17:53.606 [JavaFX Application Thread] DEBUG Input                - Clearing active input actions
14:17:53.609 [FXGL Background Thread 4 ] DEBUG FXGLAssetLoaderServi - Loading from file system: jar:file:///C:/Users/L13Y12W34/.m2/repository/com/github/almasb/fxgl/11.17/fxgl-11.17.jar!/fxglassets/ui/fonts/Courier-Prime.ttf
14:17:53.612 [JavaFX Application Thread] DEBUG GameApplicationServi - Removing overlay from FXGLStartupScene and adding to FXGLMainMenuDummyScene
14:17:53.613 [JavaFX Application Thread] DEBUG PrimaryStageWindow   - FXGLStartupScene -> FXGLMainMenuDummyScene
14:17:53.613 [JavaFX Application Thread] DEBUG PrimaryStageWindow   - Push state: CustomMainMenu
14:17:53.613 [JavaFX Application Thread] DEBUG Input                - Clearing active input actions
14:17:53.616 [JavaFX Application Thread] DEBUG GameApplicationServi - Removing overlay from FXGLMainMenuDummyScene and adding to CustomMainMenu
14:17:53.616 [JavaFX Application Thread] DEBUG PrimaryStageWindow   - FXGLMainMenuDummyScene -> CustomMainMenu
14:17:53.653 [JavaFX Application Thread] DEBUG FXGLApplication      - Registering font factories with UI factory
14:17:53.794 [FXGL Background Thread 2 ] INFO  UpdaterService       - Your current version:  11.17
14:17:53.794 [FXGL Background Thread 2 ] INFO  UpdaterService       - Latest stable version: 21.1
14:17:54.995 [JavaFX Application Thread] DEBUG PrimaryStageWindow   - Push state: DialogSubScene
14:17:54.996 [JavaFX Application Thread] DEBUG Input                - Clearing active input actions
14:17:54.996 [JavaFX Application Thread] DEBUG GameApplicationServi - Removing overlay from CustomMainMenu and adding to DialogSubScene
14:17:54.997 [JavaFX Application Thread] DEBUG PrimaryStageWindow   - CustomMainMenu -> DialogSubScene
14:17:55.982 [JavaFX Application Thread] DEBUG PrimaryStageWindow   - Pop state: DialogSubScene
14:17:55.982 [JavaFX Application Thread] DEBUG Input                - Clearing active input actions
14:17:55.983 [JavaFX Application Thread] DEBUG GameApplicationServi - Removing overlay from DialogSubScene and adding to CustomMainMenu
14:17:55.983 [JavaFX Application Thread] DEBUG PrimaryStageWindow   - CustomMainMenu <- DialogSubScene
14:17:55.983 [JavaFX Application Thread] DEBUG FXGLApplication      - Exiting FXGL
14:17:55.983 [JavaFX Application Thread] DEBUG LoopRunner           - Stopping loop
14:17:55.983 [JavaFX Application Thread] DEBUG SystemBundleService  - Saving FXGL system data
14:17:55.985 [JavaFX Application Thread] DEBUG FileSystemAccess     - Writing to: C:\Users\L13Y12W34\.m2\repository\org\openjfx\demoGame4OOP\system\fxgl.bundle
14:17:55.987 [JavaFX Application Thread] DEBUG Async                - Shutting down background threads
14:17:55.987 [JavaFX Application Thread] DEBUG PrimaryStageWindow   - Closing main window
14:17:55.995 [JavaFX Application Thread] DEBUG Logger               - Closing Logger
