01:36:24.302 [main                     ] DEBUG Logger               - Configured Logger
01:36:24.304 [main                     ] DEBUG GameApplication      - Logging settings
Title: Stictactics
Version: 0.0
Width: 1920
Height: 1080
Fullscreen: false
Intro: false
Profiling: false
Single step:false
App Mode: DEVELOPER
Menu Key: ESCAPE
Stage Style: DECORATED
Scene Factory: class com.example.demo.MySceneFactory

01:36:24.689 [JavaFX Application Thread] DEBUG FXGLApplication      - Initializing FXGL
01:36:24.692 [JavaFX Application Thread] INFO  Engine               - FXGL-11.17 (16.07.2021 15.46) on WINDOWS (J:23.0.2 FX:17.0.6)
01:36:24.692 [JavaFX Application Thread] DEBUG Engine               - JRE Vendor Name: Amazon.com Inc.
01:36:24.693 [JavaFX Application Thread] DEBUG Engine               - Running on OS: Windows 11 version 10.0
01:36:24.693 [JavaFX Application Thread] DEBUG Engine               - Architecture: amd64
01:36:24.693 [JavaFX Application Thread] INFO  Engine               - Source code and latest versions at: https://github.com/AlmasB/FXGL
01:36:24.693 [JavaFX Application Thread] INFO  Engine               -              Join the FXGL chat at: https://gitter.im/AlmasB/FXGL
01:36:24.793 [JavaFX Application Thread] DEBUG PrimaryStageWindow   - Creating a JavaFX scene
01:36:24.793 [JavaFX Application Thread] DEBUG PrimaryStageWindow   - Target size > screen size
01:36:24.841 [JavaFX Application Thread] DEBUG PrimaryStageWindow   - Target settings size: 1920.0 x 1080.0
01:36:24.842 [JavaFX Application Thread] DEBUG PrimaryStageWindow   - Scaled scene size:    1255.0 x 720.0
01:36:24.842 [JavaFX Application Thread] DEBUG PrimaryStageWindow   - Scaled ratio: (0.6536458333333334, 0.6666666666666666)
01:36:24.842 [JavaFX Application Thread] DEBUG PrimaryStageWindow   - Set initial scene to FXGLStartupScene
01:36:24.850 [JavaFX Application Thread] DEBUG PrimaryStageWindow   - Opening main window
01:36:24.951 [JavaFX Application Thread] DEBUG PrimaryStageWindow   - Window border size: (16.0, 39.0)
01:36:24.951 [JavaFX Application Thread] DEBUG PrimaryStageWindow   - Scaled size: 1255.0 x 720.0
01:36:24.951 [JavaFX Application Thread] DEBUG PrimaryStageWindow   - Scaled ratio: (0.6536458333333334, 0.6666666666666666)
01:36:24.951 [JavaFX Application Thread] DEBUG PrimaryStageWindow   - Scene size: 1255.0 x 720.0
01:36:24.951 [JavaFX Application Thread] DEBUG PrimaryStageWindow   - Stage size: 1271.0 x 759.0
01:36:24.964 [FXGL Background Thread 1 ] DEBUG Engine               - Initializing environment variables
01:36:25.103 [FXGL Background Thread 1 ] DEBUG FXGLAssetLoaderServi - User app class for loading assets: class com.example.demo.HelloController
01:36:25.103 [FXGL Background Thread 1 ] DEBUG GameApplicationServi - Applying CSS: fxgl_dark.css
01:36:25.104 [FXGL Background Thread 1 ] DEBUG FXGLAssetLoaderServi - Loading from file system: jar:file:///C:/Users/zyla/.m2/repository/com/github/almasb/fxgl/11.17/fxgl-11.17.jar!/fxglassets/ui/css/fxgl_dark.css
01:36:25.172 [FXGL Background Thread 1 ] DEBUG GameApplicationServi - Initializing application scenes
01:36:25.378 [FXGL Background Thread 1 ] DEBUG GameWorld            - Game world initialized
01:36:25.458 [FXGL Background Thread 1 ] DEBUG PhysicsWorld         - Physics world initialized: appHeight=1080, physics.ppm=50.0
01:36:25.458 [FXGL Background Thread 1 ] DEBUG PhysicsWorld         - Using strategy: BRUTE_FORCE
01:36:25.462 [FXGL Background Thread 1 ] DEBUG GameScene            - Game scene initialized: 1920x1080
01:36:25.627 [FXGL Background Thread 1 ] DEBUG GameApplicationServi - Application scenes initialized
01:36:25.641 [FXGL Background Thread 1 ] DEBUG SystemBundleService  - Loading FXGL system data
01:36:25.648 [FXGL Background Thread 1 ] DEBUG FileSystemAccess     - Reading from: C:\Users\zyla\demoGame4OOP\system\fxgl.bundle
01:36:25.658 [FXGL Background Thread 1 ] DEBUG SystemBundleService  - Bundle FXGL: {}
01:36:25.659 [FXGL Background Thread 1 ] DEBUG UpdaterService       - Checking for updates
01:36:25.666 [FXGL Background Thread 1 ] DEBUG FXGLApplication      - Loading default localization
01:36:25.667 [FXGL Background Thread 4 ] DEBUG FXGLApplication      - Loading fonts
01:36:25.667 [FXGL Background Thread 4 ] DEBUG FXGLAssetLoaderServi - Loading from file system: jar:file:///C:/Users/zyla/.m2/repository/com/github/almasb/fxgl/11.17/fxgl-11.17.jar!/fxglassets/ui/fonts/VarelaRound-Regular.ttf
01:36:25.667 [FXGL Background Thread 1 ] DEBUG FXGLAssetLoaderServi - Loading from file system: jar:file:///C:/Users/zyla/.m2/repository/com/github/almasb/fxgl/11.17/fxgl-11.17.jar!/fxglassets/languages/english.lang
01:36:25.721 [FXGL Background Thread 1 ] INFO  FXGLApplication      - FXGL initialization took: 0.757 sec
01:36:25.754 [JavaFX Application Thread] DEBUG Input                - Registered new binding: Pause Game - Esc
01:36:25.754 [JavaFX Application Thread] DEBUG Input                - Registered new binding: P1Left - A
01:36:25.755 [JavaFX Application Thread] DEBUG Input                - Registered new binding: P1Right - D
01:36:25.755 [JavaFX Application Thread] DEBUG Input                - Registered new binding: P1Jump - W
01:36:25.755 [JavaFX Application Thread] DEBUG Input                - Registered new binding: P1Punch - F
01:36:25.755 [JavaFX Application Thread] DEBUG Input                - Registered new binding: P1EnhancedPunch - E
01:36:25.757 [JavaFX Application Thread] DEBUG Input                - Registered new binding: P1Ult - Q
01:36:25.758 [JavaFX Application Thread] DEBUG Input                - Registered new binding: P2Left - Left
01:36:25.759 [JavaFX Application Thread] DEBUG Input                - Registered new binding: P2Right - Right
01:36:25.759 [JavaFX Application Thread] DEBUG Input                - Registered new binding: P2Jump - Up
01:36:25.759 [JavaFX Application Thread] DEBUG Input                - Registered new binding: P2Punch - H
01:36:25.759 [JavaFX Application Thread] DEBUG Input                - Registered new binding: P2EnhancedPunch - U
01:36:25.763 [JavaFX Application Thread] DEBUG Input                - Registered new binding: P2Ult - O
01:36:25.769 [JavaFX Application Thread] WARN  FXGLAssetLoaderServi - Asset "/assets/textures//assets/textures/background-intro.mp4" was not found!
01:36:25.769 [JavaFX Application Thread] WARN  FXGLAssetLoaderServi - Failed to load IMAGE
01:36:25.809 [JavaFX Application Thread] DEBUG FXGLAssetLoaderServi - Loading from file system: jar:file:///C:/Users/zyla/.m2/repository/com/github/almasb/fxgl/11.17/fxgl-11.17.jar!/fxglassets/textures/fxgl_icon.png
01:36:25.863 [JavaFX Application Thread] DEBUG FXGLAssetLoaderServi - Loading from file system: jar:file:///C:/Users/zyla/.m2/repository/com/github/almasb/fxgl/11.17/fxgl-11.17.jar!/fxglassets/textures/fxgl_default_cursor.png
01:36:25.866 [JavaFX Application Thread] DEBUG Input                - Registered new binding: Screenshot - CTRL+8
01:36:25.867 [JavaFX Application Thread] DEBUG Input                - Registered new binding: System info dump - CTRL+9
01:36:25.867 [JavaFX Application Thread] DEBUG Input                - Registered new binding: Restart - CTRL+R
01:36:25.869 [JavaFX Application Thread] DEBUG Input                - Registered new binding: Toggle Debug Camera - CTRL+C
01:36:25.879 [JavaFX Application Thread] DEBUG LoopRunner           - Starting loop
01:36:25.879 [JavaFX Application Thread] DEBUG LoopRunner           - Initializing JavaFX AnimationTimerLoop
01:36:25.885 [JavaFX Application Thread] DEBUG Input                - Clearing active input actions
01:36:25.929 [JavaFX Application Thread] DEBUG GameApplicationServi - Removing overlay from FXGLStartupScene and adding to FXGLMainMenuDummyScene
01:36:25.930 [JavaFX Application Thread] DEBUG PrimaryStageWindow   - FXGLStartupScene -> FXGLMainMenuDummyScene
01:36:25.930 [JavaFX Application Thread] DEBUG PrimaryStageWindow   - Push state: CustomMainMenu
01:36:25.930 [JavaFX Application Thread] DEBUG Input                - Clearing active input actions
01:36:25.954 [JavaFX Application Thread] DEBUG GameApplicationServi - Removing overlay from FXGLMainMenuDummyScene and adding to CustomMainMenu
01:36:25.954 [JavaFX Application Thread] DEBUG PrimaryStageWindow   - FXGLMainMenuDummyScene -> CustomMainMenu
01:36:26.266 [FXGL Background Thread 4 ] DEBUG FXGLAssetLoaderServi - Loading from file system: jar:file:///C:/Users/zyla/.m2/repository/com/github/almasb/fxgl/11.17/fxgl-11.17.jar!/fxglassets/ui/fonts/Abel-Regular.ttf
01:36:26.289 [FXGL Background Thread 4 ] DEBUG FXGLAssetLoaderServi - Loading from file system: jar:file:///C:/Users/zyla/.m2/repository/com/github/almasb/fxgl/11.17/fxgl-11.17.jar!/fxglassets/ui/fonts/lucida_console.ttf
01:36:26.312 [FXGL Background Thread 4 ] DEBUG FXGLAssetLoaderServi - Loading from file system: jar:file:///C:/Users/zyla/.m2/repository/com/github/almasb/fxgl/11.17/fxgl-11.17.jar!/fxglassets/ui/fonts/Courier-Prime.ttf
01:36:26.332 [JavaFX Application Thread] DEBUG FXGLApplication      - Registering font factories with UI factory
01:36:26.836 [FXGL Background Thread 2 ] INFO  UpdaterService       - Your current version:  11.17
01:36:26.837 [FXGL Background Thread 2 ] INFO  UpdaterService       - Latest stable version: 21.1
01:36:27.959 [JavaFX Application Thread] DEBUG Menu                 - fireNewGame()
01:36:27.959 [JavaFX Application Thread] DEBUG GameApplicationServi - Starting new game
01:36:27.959 [JavaFX Application Thread] DEBUG PrimaryStageWindow   - Pop state: CustomMainMenu
01:36:27.959 [JavaFX Application Thread] DEBUG Input                - Clearing active input actions
01:36:27.960 [JavaFX Application Thread] DEBUG GameApplicationServi - Removing overlay from CustomMainMenu and adding to FXGLMainMenuDummyScene
01:36:27.960 [JavaFX Application Thread] DEBUG PrimaryStageWindow   - FXGLMainMenuDummyScene <- CustomMainMenu
01:36:27.961 [JavaFX Application Thread] DEBUG Input                - Clearing active input actions
01:36:27.972 [JavaFX Application Thread] DEBUG GameApplicationServi - Removing overlay from FXGLMainMenuDummyScene and adding to FXGLLoadingScene
01:36:27.973 [JavaFX Application Thread] DEBUG PrimaryStageWindow   - FXGLMainMenuDummyScene -> FXGLLoadingScene
01:36:27.973 [JavaFX Application Thread] DEBUG GameApplicationServi - Clearing previous game
01:36:27.973 [JavaFX Application Thread] DEBUG GameScene            - Clearing game scene
01:36:27.973 [JavaFX Application Thread] DEBUG GameWorld            - Clearing game world
01:36:27.973 [JavaFX Application Thread] DEBUG PhysicsWorld         - Clearing physics world
01:36:27.984 [FXGL Background Thread 2 ] DEBUG FXGLApplication      - Initializing game
01:36:28.082 [FXGL Background Thread 2 ] WARN  TMXLevelLoader       - TiledMap generated from 1.11.2. Supported version: 1.2.3. Some features may not be parsed fully.
01:36:28.119 [FXGL Background Thread 2 ] DEBUG TMXLevelLoader       - Parsed TiledMap: file:/C:/Users/zyla/demoGame4OOP/target/classes/assets/levels/tmx/map.tmx
01:36:28.120 [FXGL Background Thread 2 ] DEBUG TMXLevelLoader       - Creating tile layer entities
01:36:28.126 [FXGL Background Thread 2 ] DEBUG TilesetLoader        - Loading view for layer Tile Layer 1
01:36:28.130 [FXGL Background Thread 2 ] DEBUG TilesetLoader        - Created buffer with size 1920.0x1088.0
01:36:28.256 [FXGL Background Thread 2 ] DEBUG TMXLevelLoader       - Creating object layer entities
01:36:28.305 [FXGL Background Thread 2 ] DEBUG GameWorld            - Clearing removable entities
01:36:28.305 [FXGL Background Thread 2 ] DEBUG GameWorld            - Setting level: com.almasb.fxgl.entity.level.Level@4a2aa66f
01:36:28.344 [FXGL Background Thread 2 ] DEBUG FXGLAssetLoaderServi - Loading from file system: file:/C:/Users/zyla/demoGame4OOP/target/classes/assets/textures/character_2/knight_idle.png
01:36:28.369 [FXGL Background Thread 2 ] DEBUG FXGLAssetLoaderServi - Loading from file system: file:/C:/Users/zyla/demoGame4OOP/target/classes/assets/textures/character_2/knight_walk.png
01:36:28.382 [FXGL Background Thread 2 ] DEBUG FXGLAssetLoaderServi - Loading from file system: file:/C:/Users/zyla/demoGame4OOP/target/classes/assets/textures/fighter_attack_enhanced_p2.png
01:36:28.394 [FXGL Background Thread 2 ] DEBUG FXGLAssetLoaderServi - Loading from file system: file:/C:/Users/zyla/demoGame4OOP/target/classes/assets/textures/character_2/knight_jump.png
01:36:28.403 [FXGL Background Thread 2 ] DEBUG FXGLAssetLoaderServi - Loading from file system: file:/C:/Users/zyla/demoGame4OOP/target/classes/assets/textures/character_2/knight_combo.png
01:36:28.416 [FXGL Background Thread 2 ] DEBUG FXGLAssetLoaderServi - Loading from file system: file:/C:/Users/zyla/demoGame4OOP/target/classes/assets/textures/fighter_ult_P2.png
01:36:28.440 [FXGL Background Thread 2 ] DEBUG FXGLAssetLoaderServi - Loading from file system: file:/C:/Users/zyla/demoGame4OOP/target/classes/assets/textures/fighter_hit.png
01:36:28.453 [FXGL Background Thread 2 ] DEBUG FXGLAssetLoaderServi - Loading from file system: file:/C:/Users/zyla/demoGame4OOP/target/classes/assets/textures/fighter_idle_P2.png
01:36:28.467 [FXGL Background Thread 2 ] DEBUG FXGLAssetLoaderServi - Loading from file system: file:/C:/Users/zyla/demoGame4OOP/target/classes/assets/textures/fighter_walk_P2.png
01:36:28.478 [FXGL Background Thread 2 ] DEBUG FXGLAssetLoaderServi - Loading from file system: file:/C:/Users/zyla/demoGame4OOP/target/classes/assets/textures/fighter_jump_P2.png
01:36:28.489 [FXGL Background Thread 2 ] DEBUG FXGLAssetLoaderServi - Loading from file system: file:/C:/Users/zyla/demoGame4OOP/target/classes/assets/textures/fighter_attack_P2.png
01:36:28.541 [FXGL Background Thread 2 ] INFO  FXGLApplication      - Game initialization took: 0.557 sec
01:36:28.547 [JavaFX Application Thread] DEBUG Input                - Clearing active input actions
01:36:28.571 [JavaFX Application Thread] DEBUG GameApplicationServi - Removing overlay from FXGLLoadingScene and adding to GameScene
01:36:28.571 [JavaFX Application Thread] DEBUG PrimaryStageWindow   - FXGLLoadingScene -> GameScene
01:36:28.665 [FXGL Background Thread 3 ] DEBUG Engine               - Logging environment variables
01:36:28.667 [FXGL Background Thread 3 ] DEBUG Engine               - achievements: []
01:36:28.667 [FXGL Background Thread 3 ] DEBUG Engine               - actualHeight: 720.0
01:36:28.667 [FXGL Background Thread 3 ] DEBUG Engine               - actualHeightProperty: ReadOnlyDoubleProperty [value: 720.0]
01:36:28.667 [FXGL Background Thread 3 ] DEBUG Engine               - actualWidth: 1255.0
01:36:28.667 [FXGL Background Thread 3 ] DEBUG Engine               - actualWidthProperty: ReadOnlyDoubleProperty [value: 1255.0]
01:36:28.667 [FXGL Background Thread 3 ] DEBUG Engine               - appIcon: fxgl_icon.png
01:36:28.667 [FXGL Background Thread 3 ] DEBUG Engine               - applicationMode: DEVELOPER
01:36:28.667 [FXGL Background Thread 3 ] DEBUG Engine               - cSSList: [fxgl_dark.css]
01:36:28.668 [FXGL Background Thread 3 ] DEBUG Engine               - collisionDetectionStrategy: BRUTE_FORCE
01:36:28.668 [FXGL Background Thread 3 ] DEBUG Engine               - configClass: Optional.empty
01:36:28.668 [FXGL Background Thread 3 ] DEBUG Engine               - credits: []
01:36:28.668 [FXGL Background Thread 3 ] DEBUG Engine               - defaultCursor: CursorInfo(imageName=fxgl_default_cursor.png, hotspotX=7.0, hotspotY=6.0)
01:36:28.670 [FXGL Background Thread 3 ] DEBUG Engine               - devBBoxColorProperty: ObjectProperty [value: 0xff0000ff]
01:36:28.671 [FXGL Background Thread 3 ] DEBUG Engine               - devEnableDebugCameraProperty: BooleanProperty [value: false]
01:36:28.671 [FXGL Background Thread 3 ] DEBUG Engine               - devSensorColorProperty: ObjectProperty [value: 0xffff00ff]
01:36:28.671 [FXGL Background Thread 3 ] DEBUG Engine               - devShowBBoxProperty: BooleanProperty [value: false]
01:36:28.671 [FXGL Background Thread 3 ] DEBUG Engine               - devShowPositionProperty: BooleanProperty [value: false]
01:36:28.671 [FXGL Background Thread 3 ] DEBUG Engine               - enabledMenuItems: []
01:36:28.671 [FXGL Background Thread 3 ] DEBUG Engine               - engineServices: [class com.almasb.fxgl.app.services.FXGLAssetLoaderService, class com.almasb.fxgl.app.FXGLApplication$GameApplicationService, class com.almasb.fxgl.app.services.FXGLDialogService, class com.almasb.fxgl.app.services.IOTaskExecutorService, class com.almasb.fxgl.io.FileSystemService, class com.almasb.fxgl.localization.LocalizationService, class com.almasb.fxgl.app.services.SystemBundleService, class com.almasb.fxgl.profile.SaveLoadService, class com.almasb.fxgl.ui.FXGLUIFactoryServiceProvider, class com.almasb.fxgl.ui.FXGLDialogFactoryServiceProvider, class com.almasb.fxgl.audio.AudioPlayer, class com.almasb.fxgl.notification.impl.NotificationServiceProvider, class com.almasb.fxgl.achievement.AchievementService, class com.almasb.fxgl.cutscene.CutsceneService, class com.almasb.fxgl.minigames.MiniGameService, class com.almasb.fxgl.net.NetService, class com.almasb.fxgl.app.services.UpdaterService, class com.almasb.fxgl.dev.DevService]
01:36:28.671 [FXGL Background Thread 3 ] DEBUG Engine               - fontGame: Abel-Regular.ttf
01:36:28.672 [FXGL Background Thread 3 ] DEBUG Engine               - fontMono: lucida_console.ttf
01:36:28.672 [FXGL Background Thread 3 ] DEBUG Engine               - fontText: Courier-Prime.ttf
01:36:28.672 [FXGL Background Thread 3 ] DEBUG Engine               - fontUI: VarelaRound-Regular.ttf
01:36:28.672 [FXGL Background Thread 3 ] DEBUG Engine               - fullScreen: BooleanProperty [value: false]
01:36:28.672 [FXGL Background Thread 3 ] DEBUG Engine               - gameDifficulty: MEDIUM
01:36:28.672 [FXGL Background Thread 3 ] DEBUG Engine               - gameDifficultyProperty: ObjectProperty [value: MEDIUM]
01:36:28.672 [FXGL Background Thread 3 ] DEBUG Engine               - globalMusicVolume: 0.5
01:36:28.672 [FXGL Background Thread 3 ] DEBUG Engine               - globalMusicVolumeProperty: DoubleProperty [value: 0.5]
01:36:28.672 [FXGL Background Thread 3 ] DEBUG Engine               - globalSoundVolume: 0.5
01:36:28.672 [FXGL Background Thread 3 ] DEBUG Engine               - globalSoundVolumeProperty: DoubleProperty [value: 0.5]
01:36:28.672 [FXGL Background Thread 3 ] DEBUG Engine               - height: 1080
01:36:28.672 [FXGL Background Thread 3 ] DEBUG Engine               - is3D: false
01:36:28.672 [FXGL Background Thread 3 ] DEBUG Engine               - isAndroid: false
01:36:28.672 [FXGL Background Thread 3 ] DEBUG Engine               - isBrowser: false
01:36:28.672 [FXGL Background Thread 3 ] DEBUG Engine               - isClickFeedbackEnabled: false
01:36:28.672 [FXGL Background Thread 3 ] DEBUG Engine               - isCloseConfirmation: true
01:36:28.672 [FXGL Background Thread 3 ] DEBUG Engine               - isDesktop: true
01:36:28.673 [FXGL Background Thread 3 ] DEBUG Engine               - isDeveloperMenuEnabled: false
01:36:28.673 [FXGL Background Thread 3 ] DEBUG Engine               - isEntityPreloadEnabled: true
01:36:28.673 [FXGL Background Thread 3 ] DEBUG Engine               - isExperimentalTiledLargeMap: false
01:36:28.673 [FXGL Background Thread 3 ] DEBUG Engine               - isFileSystemWriteAllowed: true
01:36:28.673 [FXGL Background Thread 3 ] DEBUG Engine               - isFullScreenAllowed: false
01:36:28.673 [FXGL Background Thread 3 ] DEBUG Engine               - isFullScreenFromStart: false
01:36:28.673 [FXGL Background Thread 3 ] DEBUG Engine               - isGameMenuEnabled: false
01:36:28.673 [FXGL Background Thread 3 ] DEBUG Engine               - isIOS: false
01:36:28.673 [FXGL Background Thread 3 ] DEBUG Engine               - isIntroEnabled: false
01:36:28.673 [FXGL Background Thread 3 ] DEBUG Engine               - isLinux: false
01:36:28.674 [FXGL Background Thread 3 ] DEBUG Engine               - isMac: false
01:36:28.674 [FXGL Background Thread 3 ] DEBUG Engine               - isMainMenuEnabled: true
01:36:28.674 [FXGL Background Thread 3 ] DEBUG Engine               - isManualResizeEnabled: false
01:36:28.674 [FXGL Background Thread 3 ] DEBUG Engine               - isMobile: false
01:36:28.674 [FXGL Background Thread 3 ] DEBUG Engine               - isNative: false
01:36:28.674 [FXGL Background Thread 3 ] DEBUG Engine               - isPauseMusicWhenMinimized: true
01:36:28.676 [FXGL Background Thread 3 ] DEBUG Engine               - isPreserveResizeRatio: false
01:36:28.677 [FXGL Background Thread 3 ] DEBUG Engine               - isProfilingEnabled: false
01:36:28.677 [FXGL Background Thread 3 ] DEBUG Engine               - isScaleAffectedOnResize: true
01:36:28.677 [FXGL Background Thread 3 ] DEBUG Engine               - isSingleStep: false
01:36:28.677 [FXGL Background Thread 3 ] DEBUG Engine               - isUserProfileEnabled: false
01:36:28.677 [FXGL Background Thread 3 ] DEBUG Engine               - isWindows: true
01:36:28.677 [FXGL Background Thread 3 ] DEBUG Engine               - language: ObjectProperty [value: ENGLISH]
01:36:28.677 [FXGL Background Thread 3 ] DEBUG Engine               - menuKey: ESCAPE
01:36:28.677 [FXGL Background Thread 3 ] DEBUG Engine               - mouseSensitivity: 0.2
01:36:28.677 [FXGL Background Thread 3 ] DEBUG Engine               - notificationViewClass: class com.almasb.fxgl.notification.view.XboxNotificationView
01:36:28.677 [FXGL Background Thread 3 ] DEBUG Engine               - pixelsPerMeter: 50.0
01:36:28.677 [FXGL Background Thread 3 ] DEBUG Engine               - platform: WINDOWS
01:36:28.677 [FXGL Background Thread 3 ] DEBUG Engine               - prefHeightProperty: ReadOnlyDoubleProperty [value: 1080.0]
01:36:28.677 [FXGL Background Thread 3 ] DEBUG Engine               - prefWidthProperty: ReadOnlyDoubleProperty [value: 1920.0]
01:36:28.677 [FXGL Background Thread 3 ] DEBUG Engine               - profileDir: profiles/
01:36:28.677 [FXGL Background Thread 3 ] DEBUG Engine               - profileName: StringProperty [value: DEFAULT]
01:36:28.677 [FXGL Background Thread 3 ] DEBUG Engine               - randomSeed: -1
01:36:28.677 [FXGL Background Thread 3 ] DEBUG Engine               - runtimeInfo: RuntimeInfo(platform=WINDOWS, version=11.17, build=16.07.2021 15.46)
01:36:28.677 [FXGL Background Thread 3 ] DEBUG Engine               - saveFileExt: sav
01:36:28.677 [FXGL Background Thread 3 ] DEBUG Engine               - scaledHeightProp$fxgl: DoubleProperty [bound, value: 720.0]
01:36:28.677 [FXGL Background Thread 3 ] DEBUG Engine               - scaledWidthProp$fxgl: DoubleProperty [bound, value: 1255.0]
01:36:28.677 [FXGL Background Thread 3 ] DEBUG Engine               - sceneFactory: com.example.demo.MySceneFactory@2f62b3f5
01:36:28.677 [FXGL Background Thread 3 ] DEBUG Engine               - secondsIn24h: 60
01:36:28.678 [FXGL Background Thread 3 ] DEBUG Engine               - soundMenuBack: menu/back.wav
01:36:28.678 [FXGL Background Thread 3 ] DEBUG Engine               - soundMenuPress: menu/press.wav
01:36:28.678 [FXGL Background Thread 3 ] DEBUG Engine               - soundMenuSelect: menu/select.wav
01:36:28.678 [FXGL Background Thread 3 ] DEBUG Engine               - soundNotification: core/notification.wav
01:36:28.678 [FXGL Background Thread 3 ] DEBUG Engine               - stageStyle: DECORATED
01:36:28.678 [FXGL Background Thread 3 ] DEBUG Engine               - supportedLanguages: [ENGLISH, FRENCH, GERMAN, HUNGARIAN, RUSSIAN]
01:36:28.678 [FXGL Background Thread 3 ] DEBUG Engine               - ticksPerSecond: -1
01:36:28.678 [FXGL Background Thread 3 ] DEBUG Engine               - title: Stictactics
01:36:28.678 [FXGL Background Thread 3 ] DEBUG Engine               - urlGithub: https://github.com/AlmasB/FXGL
01:36:28.678 [FXGL Background Thread 3 ] DEBUG Engine               - urlLeaderboard: http://fxgl-top.herokuapp.com/
01:36:28.678 [FXGL Background Thread 3 ] DEBUG Engine               - urlPOM: https://raw.githubusercontent.com/AlmasB/FXGL/release/README.md
01:36:28.678 [FXGL Background Thread 3 ] DEBUG Engine               - userAppClass: class com.example.demo.HelloController
01:36:28.678 [FXGL Background Thread 3 ] DEBUG Engine               - version: 0.0
01:36:28.678 [FXGL Background Thread 3 ] DEBUG Engine               - versionCheckDays: 7
01:36:28.678 [FXGL Background Thread 3 ] DEBUG Engine               - width: 1920
01:36:28.678 [FXGL Background Thread 3 ] DEBUG Engine               - Logging services
01:36:28.678 [FXGL Background Thread 3 ] DEBUG Engine               - class com.almasb.fxgl.app.services.FXGLAssetLoaderService
01:36:28.678 [FXGL Background Thread 3 ] DEBUG Engine               - class com.almasb.fxgl.app.FXGLApplication$GameApplicationService
01:36:28.679 [FXGL Background Thread 3 ] DEBUG Engine               - class com.almasb.fxgl.app.services.FXGLDialogService
01:36:28.679 [FXGL Background Thread 3 ] DEBUG Engine               - class com.almasb.fxgl.app.services.IOTaskExecutorService
01:36:28.679 [FXGL Background Thread 3 ] DEBUG Engine               - class com.almasb.fxgl.io.FileSystemService
01:36:28.679 [FXGL Background Thread 3 ] DEBUG Engine               - class com.almasb.fxgl.localization.LocalizationService
01:36:28.679 [FXGL Background Thread 3 ] DEBUG Engine               - class com.almasb.fxgl.app.services.SystemBundleService
01:36:28.679 [FXGL Background Thread 3 ] DEBUG Engine               - class com.almasb.fxgl.profile.SaveLoadService
01:36:28.679 [FXGL Background Thread 3 ] DEBUG Engine               - class com.almasb.fxgl.ui.FXGLUIFactoryServiceProvider
01:36:28.679 [FXGL Background Thread 3 ] DEBUG Engine               - class com.almasb.fxgl.ui.FXGLDialogFactoryServiceProvider
01:36:28.679 [FXGL Background Thread 3 ] DEBUG Engine               - class com.almasb.fxgl.audio.AudioPlayer
01:36:28.679 [FXGL Background Thread 3 ] DEBUG Engine               - class com.almasb.fxgl.notification.impl.NotificationServiceProvider
01:36:28.679 [FXGL Background Thread 3 ] DEBUG Engine               - class com.almasb.fxgl.achievement.AchievementService
01:36:28.679 [FXGL Background Thread 3 ] DEBUG Engine               - class com.almasb.fxgl.cutscene.CutsceneService
01:36:28.679 [FXGL Background Thread 3 ] DEBUG Engine               - class com.almasb.fxgl.minigames.MiniGameService
01:36:28.679 [FXGL Background Thread 3 ] DEBUG Engine               - class com.almasb.fxgl.net.NetService
01:36:28.679 [FXGL Background Thread 3 ] DEBUG Engine               - class com.almasb.fxgl.app.services.UpdaterService
01:36:28.679 [FXGL Background Thread 3 ] DEBUG Engine               - class com.almasb.fxgl.dev.DevService
01:36:34.232 [JavaFX Application Thread] DEBUG PrimaryStageWindow   - Push state: DialogSubScene
01:36:34.232 [JavaFX Application Thread] DEBUG Input                - Clearing active input actions
01:36:34.234 [JavaFX Application Thread] DEBUG GameApplicationServi - Removing overlay from GameScene and adding to DialogSubScene
01:36:34.234 [JavaFX Application Thread] DEBUG PrimaryStageWindow   - GameScene -> DialogSubScene
01:36:34.860 [JavaFX Application Thread] DEBUG PrimaryStageWindow   - Pop state: DialogSubScene
01:36:34.860 [JavaFX Application Thread] DEBUG Input                - Clearing active input actions
01:36:34.861 [JavaFX Application Thread] DEBUG GameApplicationServi - Removing overlay from DialogSubScene and adding to GameScene
01:36:34.861 [JavaFX Application Thread] DEBUG PrimaryStageWindow   - GameScene <- DialogSubScene
01:36:34.861 [JavaFX Application Thread] DEBUG FXGLApplication      - Exiting FXGL
01:36:34.861 [JavaFX Application Thread] DEBUG LoopRunner           - Stopping loop
01:36:34.861 [JavaFX Application Thread] DEBUG SystemBundleService  - Saving FXGL system data
01:36:34.864 [JavaFX Application Thread] DEBUG FileSystemAccess     - Writing to: C:\Users\zyla\demoGame4OOP\system\fxgl.bundle
01:36:34.865 [JavaFX Application Thread] DEBUG Async                - Shutting down background threads
01:36:34.867 [JavaFX Application Thread] DEBUG PrimaryStageWindow   - Closing main window
01:36:34.894 [JavaFX Application Thread] DEBUG Logger               - Closing Logger
