14:21:16.840 [main                     ] DEBUG Logger               - Configured Logger
14:21:16.842 [main                     ] DEBUG GameApplication      - Logging settings
Title: Stictactics
Version: 0.0
Width: 1920
Height: 1080
Fullscreen: false
Intro: false
Profiling: false
Single step:false
App Mode: DEVELOPER
Menu Key: ESCAPE
Stage Style: DECORATED
Scene Factory: class com.example.demo.Factory.MySceneFactory

14:21:17.291 [JavaFX Application Thread] DEBUG FXGLApplication      - Initializing FXGL
14:21:17.293 [JavaFX Application Thread] INFO  Engine               - FXGL-11.17 (16.07.2021 15.46) on WINDOWS (J:23.0.2 FX:17.0.6)
14:21:17.294 [JavaFX Application Thread] DEBUG Engine               - JRE Vendor Name: Amazon.com Inc.
14:21:17.294 [JavaFX Application Thread] DEBUG Engine               - Running on OS: Windows 11 version 10.0
14:21:17.294 [JavaFX Application Thread] DEBUG Engine               - Architecture: amd64
14:21:17.294 [JavaFX Application Thread] INFO  Engine               - Source code and latest versions at: https://github.com/AlmasB/FXGL
14:21:17.294 [JavaFX Application Thread] INFO  Engine               -              Join the FXGL chat at: https://gitter.im/AlmasB/FXGL
14:21:17.403 [JavaFX Application Thread] DEBUG PrimaryStageWindow   - Creating a JavaFX scene
14:21:17.403 [JavaFX Application Thread] DEBUG PrimaryStageWindow   - Target size > screen size
14:21:17.458 [JavaFX Application Thread] DEBUG PrimaryStageWindow   - Target settings size: 1920.0 x 1080.0
14:21:17.458 [JavaFX Application Thread] DEBUG PrimaryStageWindow   - Scaled scene size:    1255.0 x 720.0
14:21:17.458 [JavaFX Application Thread] DEBUG PrimaryStageWindow   - Scaled ratio: (0.6536458333333334, 0.6666666666666666)
14:21:17.459 [JavaFX Application Thread] DEBUG PrimaryStageWindow   - Set initial scene to FXGLStartupScene
14:21:17.469 [JavaFX Application Thread] DEBUG PrimaryStageWindow   - Opening main window
14:21:17.587 [JavaFX Application Thread] DEBUG PrimaryStageWindow   - Window border size: (16.0, 39.0)
14:21:17.587 [JavaFX Application Thread] DEBUG PrimaryStageWindow   - Scaled size: 1255.0 x 720.0
14:21:17.587 [JavaFX Application Thread] DEBUG PrimaryStageWindow   - Scaled ratio: (0.6536458333333334, 0.6666666666666666)
14:21:17.588 [JavaFX Application Thread] DEBUG PrimaryStageWindow   - Scene size: 1255.0 x 720.0
14:21:17.588 [JavaFX Application Thread] DEBUG PrimaryStageWindow   - Stage size: 1271.0 x 759.0
14:21:17.599 [FXGL Background Thread 1 ] DEBUG Engine               - Initializing environment variables
14:21:17.752 [FXGL Background Thread 1 ] DEBUG FXGLAssetLoaderServi - User app class for loading assets: class com.example.demo.HelloController
14:21:17.752 [FXGL Background Thread 1 ] DEBUG GameApplicationServi - Applying CSS: fxgl_dark.css
14:21:17.752 [FXGL Background Thread 1 ] DEBUG FXGLAssetLoaderServi - Loading from file system: jar:file:///C:/Users/zyla/.m2/repository/com/github/almasb/fxgl/11.17/fxgl-11.17.jar!/fxglassets/ui/css/fxgl_dark.css
14:21:17.823 [FXGL Background Thread 1 ] DEBUG GameApplicationServi - Initializing application scenes
14:21:17.943 [FXGL Background Thread 1 ] DEBUG GameWorld            - Game world initialized
14:21:18.031 [FXGL Background Thread 1 ] DEBUG PhysicsWorld         - Physics world initialized: appHeight=1080, physics.ppm=50.0
14:21:18.031 [FXGL Background Thread 1 ] DEBUG PhysicsWorld         - Using strategy: BRUTE_FORCE
14:21:18.034 [FXGL Background Thread 1 ] DEBUG GameScene            - Game scene initialized: 1920x1080
14:21:18.209 [FXGL Background Thread 1 ] DEBUG GameApplicationServi - Application scenes initialized
14:21:18.228 [FXGL Background Thread 1 ] DEBUG SystemBundleService  - Loading FXGL system data
14:21:18.233 [FXGL Background Thread 1 ] DEBUG FileSystemAccess     - Reading from: C:\Users\zyla\demoGame4OOP\system\fxgl.bundle
14:21:18.244 [FXGL Background Thread 1 ] DEBUG SystemBundleService  - Bundle FXGL: {}
14:21:18.244 [FXGL Background Thread 1 ] DEBUG UpdaterService       - Checking for updates
14:21:18.253 [FXGL Background Thread 1 ] DEBUG FXGLApplication      - Loading default localization
14:21:18.253 [FXGL Background Thread 1 ] DEBUG FXGLAssetLoaderServi - Loading from file system: jar:file:///C:/Users/zyla/.m2/repository/com/github/almasb/fxgl/11.17/fxgl-11.17.jar!/fxglassets/languages/english.lang
14:21:18.254 [FXGL Background Thread 4 ] DEBUG FXGLApplication      - Loading fonts
14:21:18.254 [FXGL Background Thread 4 ] DEBUG FXGLAssetLoaderServi - Loading from file system: jar:file:///C:/Users/zyla/.m2/repository/com/github/almasb/fxgl/11.17/fxgl-11.17.jar!/fxglassets/ui/fonts/VarelaRound-Regular.ttf
14:21:18.289 [FXGL Background Thread 1 ] INFO  FXGLApplication      - FXGL initialization took: 0.690 sec
14:21:18.338 [JavaFX Application Thread] DEBUG Input                - Registered new binding: Pause Game - Esc
14:21:18.339 [JavaFX Application Thread] DEBUG Input                - Registered new binding: P1Left - A
14:21:18.340 [JavaFX Application Thread] DEBUG Input                - Registered new binding: P1Right - D
14:21:18.340 [JavaFX Application Thread] DEBUG Input                - Registered new binding: P1Jump - W
14:21:18.341 [JavaFX Application Thread] DEBUG Input                - Registered new binding: P1Punch - F
14:21:18.343 [JavaFX Application Thread] DEBUG Input                - Registered new binding: P1EnhancedPunch - E
14:21:18.343 [JavaFX Application Thread] DEBUG Input                - Registered new binding: P1Ult - Q
14:21:18.344 [JavaFX Application Thread] DEBUG Input                - Registered new binding: P2Left - Left
14:21:18.344 [JavaFX Application Thread] DEBUG Input                - Registered new binding: P2Right - Right
14:21:18.344 [JavaFX Application Thread] DEBUG Input                - Registered new binding: P2Jump - Up
14:21:18.344 [JavaFX Application Thread] DEBUG Input                - Registered new binding: P2Punch - H
14:21:18.345 [JavaFX Application Thread] DEBUG Input                - Registered new binding: P2EnhancedPunch - U
14:21:18.345 [JavaFX Application Thread] DEBUG Input                - Registered new binding: P2Ult - O
14:21:18.359 [JavaFX Application Thread] WARN  FXGLAssetLoaderServi - Asset "/assets/textures//assets/textures/background-intro.mp4" was not found!
14:21:18.359 [JavaFX Application Thread] WARN  FXGLAssetLoaderServi - Failed to load IMAGE
14:21:18.421 [JavaFX Application Thread] DEBUG FXGLAssetLoaderServi - Loading from file system: jar:file:///C:/Users/zyla/.m2/repository/com/github/almasb/fxgl/11.17/fxgl-11.17.jar!/fxglassets/textures/fxgl_icon.png
14:21:18.523 [JavaFX Application Thread] DEBUG FXGLAssetLoaderServi - Loading from file system: jar:file:///C:/Users/zyla/.m2/repository/com/github/almasb/fxgl/11.17/fxgl-11.17.jar!/fxglassets/textures/fxgl_default_cursor.png
14:21:18.527 [JavaFX Application Thread] DEBUG Input                - Registered new binding: Screenshot - CTRL+8
14:21:18.528 [JavaFX Application Thread] DEBUG Input                - Registered new binding: System info dump - CTRL+9
14:21:18.528 [JavaFX Application Thread] DEBUG Input                - Registered new binding: Restart - CTRL+R
14:21:18.530 [JavaFX Application Thread] DEBUG Input                - Registered new binding: Toggle Debug Camera - CTRL+C
14:21:18.532 [JavaFX Application Thread] DEBUG LoopRunner           - Starting loop
14:21:18.532 [JavaFX Application Thread] DEBUG LoopRunner           - Initializing JavaFX AnimationTimerLoop
14:21:18.535 [JavaFX Application Thread] DEBUG Input                - Clearing active input actions
14:21:18.555 [JavaFX Application Thread] DEBUG GameApplicationServi - Removing overlay from FXGLStartupScene and adding to FXGLMainMenuDummyScene
14:21:18.557 [JavaFX Application Thread] DEBUG PrimaryStageWindow   - FXGLStartupScene -> FXGLMainMenuDummyScene
14:21:18.557 [JavaFX Application Thread] DEBUG PrimaryStageWindow   - Push state: CustomMainMenu
14:21:18.557 [JavaFX Application Thread] DEBUG Input                - Clearing active input actions
14:21:18.563 [JavaFX Application Thread] DEBUG GameApplicationServi - Removing overlay from FXGLMainMenuDummyScene and adding to CustomMainMenu
14:21:18.564 [JavaFX Application Thread] DEBUG PrimaryStageWindow   - FXGLMainMenuDummyScene -> CustomMainMenu
14:21:18.631 [FXGL Background Thread 4 ] DEBUG FXGLAssetLoaderServi - Loading from file system: jar:file:///C:/Users/zyla/.m2/repository/com/github/almasb/fxgl/11.17/fxgl-11.17.jar!/fxglassets/ui/fonts/Abel-Regular.ttf
14:21:18.700 [FXGL Background Thread 4 ] DEBUG FXGLAssetLoaderServi - Loading from file system: jar:file:///C:/Users/zyla/.m2/repository/com/github/almasb/fxgl/11.17/fxgl-11.17.jar!/fxglassets/ui/fonts/lucida_console.ttf
14:21:18.752 [FXGL Background Thread 4 ] DEBUG FXGLAssetLoaderServi - Loading from file system: jar:file:///C:/Users/zyla/.m2/repository/com/github/almasb/fxgl/11.17/fxgl-11.17.jar!/fxglassets/ui/fonts/Courier-Prime.ttf
14:21:18.861 [JavaFX Application Thread] DEBUG FXGLApplication      - Registering font factories with UI factory
14:21:19.323 [JavaFX Application Thread] DEBUG Menu                 - fireNewGame()
14:21:19.323 [JavaFX Application Thread] DEBUG GameApplicationServi - Starting new game
14:21:19.323 [JavaFX Application Thread] DEBUG PrimaryStageWindow   - Pop state: CustomMainMenu
14:21:19.323 [JavaFX Application Thread] DEBUG Input                - Clearing active input actions
14:21:19.324 [JavaFX Application Thread] DEBUG GameApplicationServi - Removing overlay from CustomMainMenu and adding to FXGLMainMenuDummyScene
14:21:19.324 [JavaFX Application Thread] DEBUG PrimaryStageWindow   - FXGLMainMenuDummyScene <- CustomMainMenu
14:21:19.325 [JavaFX Application Thread] DEBUG Input                - Clearing active input actions
14:21:19.337 [JavaFX Application Thread] DEBUG GameApplicationServi - Removing overlay from FXGLMainMenuDummyScene and adding to FXGLLoadingScene
14:21:19.337 [JavaFX Application Thread] DEBUG PrimaryStageWindow   - FXGLMainMenuDummyScene -> FXGLLoadingScene
14:21:19.338 [JavaFX Application Thread] DEBUG GameApplicationServi - Clearing previous game
14:21:19.338 [JavaFX Application Thread] DEBUG GameScene            - Clearing game scene
14:21:19.339 [JavaFX Application Thread] DEBUG GameWorld            - Clearing game world
14:21:19.339 [JavaFX Application Thread] DEBUG PhysicsWorld         - Clearing physics world
14:21:19.344 [FXGL Background Thread 4 ] DEBUG FXGLApplication      - Initializing game
14:21:19.572 [FXGL Background Thread 4 ] WARN  TMXLevelLoader       - TiledMap generated from 1.11.2. Supported version: 1.2.3. Some features may not be parsed fully.
14:21:19.590 [FXGL Background Thread 4 ] DEBUG TMXLevelLoader       - Parsed TiledMap: file:/C:/Users/zyla/demoGame4OOP/target/classes/assets/levels/tmx/map4.tmx
14:21:19.591 [FXGL Background Thread 4 ] DEBUG TMXLevelLoader       - Creating tile layer entities
14:21:19.592 [FXGL Background Thread 4 ] DEBUG TilesetLoader        - Loading view for layer Tile Layer 1
14:21:19.595 [FXGL Background Thread 4 ] DEBUG TilesetLoader        - Created buffer with size 1920.0x1088.0
14:21:19.674 [FXGL Background Thread 2 ] INFO  UpdaterService       - Your current version:  11.17
14:21:19.674 [FXGL Background Thread 2 ] INFO  UpdaterService       - Latest stable version: 21.1
14:21:19.780 [FXGL Background Thread 4 ] DEBUG TMXLevelLoader       - Creating object layer entities
14:21:19.869 [FXGL Background Thread 4 ] DEBUG GameWorld            - Clearing removable entities
14:21:19.869 [FXGL Background Thread 4 ] DEBUG GameWorld            - Setting level: com.almasb.fxgl.entity.level.Level@7223353f
14:21:19.967 [FXGL Background Thread 4 ] DEBUG FXGLAssetLoaderServi - Loading from file system: file:/C:/Users/zyla/demoGame4OOP/target/classes/assets/textures/knight/knight_idle.png
14:21:20.023 [FXGL Background Thread 4 ] DEBUG FXGLAssetLoaderServi - Loading from file system: file:/C:/Users/zyla/demoGame4OOP/target/classes/assets/textures/knight/knight_walk.png
14:21:20.055 [FXGL Background Thread 4 ] DEBUG FXGLAssetLoaderServi - Loading from file system: file:/C:/Users/zyla/demoGame4OOP/target/classes/assets/textures/knight/knight_attack_enhanced.png
14:21:20.102 [FXGL Background Thread 4 ] DEBUG FXGLAssetLoaderServi - Loading from file system: file:/C:/Users/zyla/demoGame4OOP/target/classes/assets/textures/knight/knight_jump.png
14:21:20.122 [FXGL Background Thread 4 ] DEBUG FXGLAssetLoaderServi - Loading from file system: file:/C:/Users/zyla/demoGame4OOP/target/classes/assets/textures/knight/knight_combo.png
14:21:20.132 [FXGL Background Thread 4 ] DEBUG FXGLAssetLoaderServi - Loading from file system: file:/C:/Users/zyla/demoGame4OOP/target/classes/assets/textures/knight/knight_ult.png
14:21:20.152 [FXGL Background Thread 4 ] DEBUG FXGLAssetLoaderServi - Loading from file system: file:/C:/Users/zyla/demoGame4OOP/target/classes/assets/textures/knight/knight_hit.png
14:21:20.189 [FXGL Background Thread 4 ] DEBUG FXGLAssetLoaderServi - Loading from file system: file:/C:/Users/zyla/demoGame4OOP/target/classes/assets/textures/male/male_idle.png
14:21:20.215 [FXGL Background Thread 4 ] DEBUG FXGLAssetLoaderServi - Loading from file system: file:/C:/Users/zyla/demoGame4OOP/target/classes/assets/textures/male/male_walk.png
14:21:20.227 [FXGL Background Thread 4 ] DEBUG FXGLAssetLoaderServi - Loading from file system: file:/C:/Users/zyla/demoGame4OOP/target/classes/assets/textures/male/male_jump.png
14:21:20.238 [FXGL Background Thread 4 ] DEBUG FXGLAssetLoaderServi - Loading from file system: file:/C:/Users/zyla/demoGame4OOP/target/classes/assets/textures/male/male_attack.png
14:21:20.245 [FXGL Background Thread 4 ] DEBUG FXGLAssetLoaderServi - Loading from file system: file:/C:/Users/zyla/demoGame4OOP/target/classes/assets/textures/male/male_hit.png
14:21:20.250 [FXGL Background Thread 4 ] DEBUG FXGLAssetLoaderServi - Loading from file system: file:/C:/Users/zyla/demoGame4OOP/target/classes/assets/textures/male/male_ult.png
14:21:20.288 [FXGL Background Thread 4 ] INFO  FXGLApplication      - Game initialization took: 0.943 sec
14:21:20.292 [JavaFX Application Thread] DEBUG Input                - Clearing active input actions
14:21:20.317 [JavaFX Application Thread] DEBUG GameApplicationServi - Removing overlay from FXGLLoadingScene and adding to GameScene
14:21:20.318 [JavaFX Application Thread] DEBUG PrimaryStageWindow   - FXGLLoadingScene -> GameScene
14:21:21.252 [FXGL Background Thread 3 ] DEBUG Engine               - Logging environment variables
14:21:21.252 [FXGL Background Thread 3 ] DEBUG Engine               - achievements: []
14:21:21.252 [FXGL Background Thread 3 ] DEBUG Engine               - actualHeight: 720.0
14:21:21.252 [FXGL Background Thread 3 ] DEBUG Engine               - actualHeightProperty: ReadOnlyDoubleProperty [value: 720.0]
14:21:21.252 [FXGL Background Thread 3 ] DEBUG Engine               - actualWidth: 1255.0
14:21:21.252 [FXGL Background Thread 3 ] DEBUG Engine               - actualWidthProperty: ReadOnlyDoubleProperty [value: 1255.0]
14:21:21.252 [FXGL Background Thread 3 ] DEBUG Engine               - appIcon: fxgl_icon.png
14:21:21.252 [FXGL Background Thread 3 ] DEBUG Engine               - applicationMode: DEVELOPER
14:21:21.252 [FXGL Background Thread 3 ] DEBUG Engine               - cSSList: [fxgl_dark.css]
14:21:21.252 [FXGL Background Thread 3 ] DEBUG Engine               - collisionDetectionStrategy: BRUTE_FORCE
14:21:21.253 [FXGL Background Thread 3 ] DEBUG Engine               - configClass: Optional.empty
14:21:21.253 [FXGL Background Thread 3 ] DEBUG Engine               - credits: []
14:21:21.253 [FXGL Background Thread 3 ] DEBUG Engine               - defaultCursor: CursorInfo(imageName=fxgl_default_cursor.png, hotspotX=7.0, hotspotY=6.0)
14:21:21.253 [FXGL Background Thread 3 ] DEBUG Engine               - devBBoxColorProperty: ObjectProperty [value: 0xff0000ff]
14:21:21.253 [FXGL Background Thread 3 ] DEBUG Engine               - devEnableDebugCameraProperty: BooleanProperty [value: false]
14:21:21.253 [FXGL Background Thread 3 ] DEBUG Engine               - devSensorColorProperty: ObjectProperty [value: 0xffff00ff]
14:21:21.253 [FXGL Background Thread 3 ] DEBUG Engine               - devShowBBoxProperty: BooleanProperty [value: false]
14:21:21.253 [FXGL Background Thread 3 ] DEBUG Engine               - devShowPositionProperty: BooleanProperty [value: false]
14:21:21.253 [FXGL Background Thread 3 ] DEBUG Engine               - enabledMenuItems: []
14:21:21.253 [FXGL Background Thread 3 ] DEBUG Engine               - engineServices: [class com.almasb.fxgl.app.services.FXGLAssetLoaderService, class com.almasb.fxgl.app.FXGLApplication$GameApplicationService, class com.almasb.fxgl.app.services.FXGLDialogService, class com.almasb.fxgl.app.services.IOTaskExecutorService, class com.almasb.fxgl.io.FileSystemService, class com.almasb.fxgl.localization.LocalizationService, class com.almasb.fxgl.app.services.SystemBundleService, class com.almasb.fxgl.profile.SaveLoadService, class com.almasb.fxgl.ui.FXGLUIFactoryServiceProvider, class com.almasb.fxgl.ui.FXGLDialogFactoryServiceProvider, class com.almasb.fxgl.audio.AudioPlayer, class com.almasb.fxgl.notification.impl.NotificationServiceProvider, class com.almasb.fxgl.achievement.AchievementService, class com.almasb.fxgl.cutscene.CutsceneService, class com.almasb.fxgl.minigames.MiniGameService, class com.almasb.fxgl.net.NetService, class com.almasb.fxgl.app.services.UpdaterService, class com.almasb.fxgl.dev.DevService]
14:21:21.253 [FXGL Background Thread 3 ] DEBUG Engine               - fontGame: Abel-Regular.ttf
14:21:21.253 [FXGL Background Thread 3 ] DEBUG Engine               - fontMono: lucida_console.ttf
14:21:21.253 [FXGL Background Thread 3 ] DEBUG Engine               - fontText: Courier-Prime.ttf
14:21:21.253 [FXGL Background Thread 3 ] DEBUG Engine               - fontUI: VarelaRound-Regular.ttf
14:21:21.253 [FXGL Background Thread 3 ] DEBUG Engine               - fullScreen: BooleanProperty [value: false]
14:21:21.253 [FXGL Background Thread 3 ] DEBUG Engine               - gameDifficulty: MEDIUM
14:21:21.253 [FXGL Background Thread 3 ] DEBUG Engine               - gameDifficultyProperty: ObjectProperty [value: MEDIUM]
14:21:21.255 [FXGL Background Thread 3 ] DEBUG Engine               - globalMusicVolume: 0.5
14:21:21.255 [FXGL Background Thread 3 ] DEBUG Engine               - globalMusicVolumeProperty: DoubleProperty [value: 0.5]
14:21:21.255 [FXGL Background Thread 3 ] DEBUG Engine               - globalSoundVolume: 0.5
14:21:21.255 [FXGL Background Thread 3 ] DEBUG Engine               - globalSoundVolumeProperty: DoubleProperty [value: 0.5]
14:21:21.255 [FXGL Background Thread 3 ] DEBUG Engine               - height: 1080
14:21:21.255 [FXGL Background Thread 3 ] DEBUG Engine               - is3D: false
14:21:21.255 [FXGL Background Thread 3 ] DEBUG Engine               - isAndroid: false
14:21:21.255 [FXGL Background Thread 3 ] DEBUG Engine               - isBrowser: false
14:21:21.255 [FXGL Background Thread 3 ] DEBUG Engine               - isClickFeedbackEnabled: false
14:21:21.255 [FXGL Background Thread 3 ] DEBUG Engine               - isCloseConfirmation: true
14:21:21.255 [FXGL Background Thread 3 ] DEBUG Engine               - isDesktop: true
14:21:21.255 [FXGL Background Thread 3 ] DEBUG Engine               - isDeveloperMenuEnabled: false
14:21:21.255 [FXGL Background Thread 3 ] DEBUG Engine               - isEntityPreloadEnabled: true
14:21:21.255 [FXGL Background Thread 3 ] DEBUG Engine               - isExperimentalTiledLargeMap: false
14:21:21.255 [FXGL Background Thread 3 ] DEBUG Engine               - isFileSystemWriteAllowed: true
14:21:21.255 [FXGL Background Thread 3 ] DEBUG Engine               - isFullScreenAllowed: false
14:21:21.255 [FXGL Background Thread 3 ] DEBUG Engine               - isFullScreenFromStart: false
14:21:21.255 [FXGL Background Thread 3 ] DEBUG Engine               - isGameMenuEnabled: false
14:21:21.256 [FXGL Background Thread 3 ] DEBUG Engine               - isIOS: false
14:21:21.256 [FXGL Background Thread 3 ] DEBUG Engine               - isIntroEnabled: false
14:21:21.256 [FXGL Background Thread 3 ] DEBUG Engine               - isLinux: false
14:21:21.256 [FXGL Background Thread 3 ] DEBUG Engine               - isMac: false
14:21:21.256 [FXGL Background Thread 3 ] DEBUG Engine               - isMainMenuEnabled: true
14:21:21.256 [FXGL Background Thread 3 ] DEBUG Engine               - isManualResizeEnabled: false
14:21:21.256 [FXGL Background Thread 3 ] DEBUG Engine               - isMobile: false
14:21:21.256 [FXGL Background Thread 3 ] DEBUG Engine               - isNative: false
14:21:21.256 [FXGL Background Thread 3 ] DEBUG Engine               - isPauseMusicWhenMinimized: true
14:21:21.256 [FXGL Background Thread 3 ] DEBUG Engine               - isPreserveResizeRatio: false
14:21:21.256 [FXGL Background Thread 3 ] DEBUG Engine               - isProfilingEnabled: false
14:21:21.256 [FXGL Background Thread 3 ] DEBUG Engine               - isScaleAffectedOnResize: true
14:21:21.256 [FXGL Background Thread 3 ] DEBUG Engine               - isSingleStep: false
14:21:21.256 [FXGL Background Thread 3 ] DEBUG Engine               - isUserProfileEnabled: false
14:21:21.256 [FXGL Background Thread 3 ] DEBUG Engine               - isWindows: true
14:21:21.256 [FXGL Background Thread 3 ] DEBUG Engine               - language: ObjectProperty [value: ENGLISH]
14:21:21.257 [FXGL Background Thread 3 ] DEBUG Engine               - menuKey: ESCAPE
14:21:21.257 [FXGL Background Thread 3 ] DEBUG Engine               - mouseSensitivity: 0.2
14:21:21.257 [FXGL Background Thread 3 ] DEBUG Engine               - notificationViewClass: class com.almasb.fxgl.notification.view.XboxNotificationView
14:21:21.257 [FXGL Background Thread 3 ] DEBUG Engine               - pixelsPerMeter: 50.0
14:21:21.257 [FXGL Background Thread 3 ] DEBUG Engine               - platform: WINDOWS
14:21:21.257 [FXGL Background Thread 3 ] DEBUG Engine               - prefHeightProperty: ReadOnlyDoubleProperty [value: 1080.0]
14:21:21.257 [FXGL Background Thread 3 ] DEBUG Engine               - prefWidthProperty: ReadOnlyDoubleProperty [value: 1920.0]
14:21:21.257 [FXGL Background Thread 3 ] DEBUG Engine               - profileDir: profiles/
14:21:21.257 [FXGL Background Thread 3 ] DEBUG Engine               - profileName: StringProperty [value: DEFAULT]
14:21:21.257 [FXGL Background Thread 3 ] DEBUG Engine               - randomSeed: -1
14:21:21.257 [FXGL Background Thread 3 ] DEBUG Engine               - runtimeInfo: RuntimeInfo(platform=WINDOWS, version=11.17, build=16.07.2021 15.46)
14:21:21.257 [FXGL Background Thread 3 ] DEBUG Engine               - saveFileExt: sav
14:21:21.258 [FXGL Background Thread 3 ] DEBUG Engine               - scaledHeightProp$fxgl: DoubleProperty [bound, value: 720.0]
14:21:21.258 [FXGL Background Thread 3 ] DEBUG Engine               - scaledWidthProp$fxgl: DoubleProperty [bound, value: 1255.0]
14:21:21.258 [FXGL Background Thread 3 ] DEBUG Engine               - sceneFactory: com.example.demo.Factory.MySceneFactory@19aa6400
14:21:21.258 [FXGL Background Thread 3 ] DEBUG Engine               - secondsIn24h: 60
14:21:21.258 [FXGL Background Thread 3 ] DEBUG Engine               - soundMenuBack: menu/back.wav
14:21:21.258 [FXGL Background Thread 3 ] DEBUG Engine               - soundMenuPress: menu/press.wav
14:21:21.258 [FXGL Background Thread 3 ] DEBUG Engine               - soundMenuSelect: menu/select.wav
14:21:21.258 [FXGL Background Thread 3 ] DEBUG Engine               - soundNotification: core/notification.wav
14:21:21.258 [FXGL Background Thread 3 ] DEBUG Engine               - stageStyle: DECORATED
14:21:21.258 [FXGL Background Thread 3 ] DEBUG Engine               - supportedLanguages: [ENGLISH, FRENCH, GERMAN, HUNGARIAN, RUSSIAN]
14:21:21.258 [FXGL Background Thread 3 ] DEBUG Engine               - ticksPerSecond: -1
14:21:21.258 [FXGL Background Thread 3 ] DEBUG Engine               - title: Stictactics
14:21:21.258 [FXGL Background Thread 3 ] DEBUG Engine               - urlGithub: https://github.com/AlmasB/FXGL
14:21:21.258 [FXGL Background Thread 3 ] DEBUG Engine               - urlLeaderboard: http://fxgl-top.herokuapp.com/
14:21:21.258 [FXGL Background Thread 3 ] DEBUG Engine               - urlPOM: https://raw.githubusercontent.com/AlmasB/FXGL/release/README.md
14:21:21.258 [FXGL Background Thread 3 ] DEBUG Engine               - userAppClass: class com.example.demo.HelloController
14:21:21.258 [FXGL Background Thread 3 ] DEBUG Engine               - version: 0.0
14:21:21.258 [FXGL Background Thread 3 ] DEBUG Engine               - versionCheckDays: 7
14:21:21.258 [FXGL Background Thread 3 ] DEBUG Engine               - width: 1920
14:21:21.258 [FXGL Background Thread 3 ] DEBUG Engine               - Logging services
14:21:21.259 [FXGL Background Thread 3 ] DEBUG Engine               - class com.almasb.fxgl.app.services.FXGLAssetLoaderService
14:21:21.259 [FXGL Background Thread 3 ] DEBUG Engine               - class com.almasb.fxgl.app.FXGLApplication$GameApplicationService
14:21:21.259 [FXGL Background Thread 3 ] DEBUG Engine               - class com.almasb.fxgl.app.services.FXGLDialogService
14:21:21.259 [FXGL Background Thread 3 ] DEBUG Engine               - class com.almasb.fxgl.app.services.IOTaskExecutorService
14:21:21.259 [FXGL Background Thread 3 ] DEBUG Engine               - class com.almasb.fxgl.io.FileSystemService
14:21:21.259 [FXGL Background Thread 3 ] DEBUG Engine               - class com.almasb.fxgl.localization.LocalizationService
14:21:21.259 [FXGL Background Thread 3 ] DEBUG Engine               - class com.almasb.fxgl.app.services.SystemBundleService
14:21:21.259 [FXGL Background Thread 3 ] DEBUG Engine               - class com.almasb.fxgl.profile.SaveLoadService
14:21:21.259 [FXGL Background Thread 3 ] DEBUG Engine               - class com.almasb.fxgl.ui.FXGLUIFactoryServiceProvider
14:21:21.259 [FXGL Background Thread 3 ] DEBUG Engine               - class com.almasb.fxgl.ui.FXGLDialogFactoryServiceProvider
14:21:21.259 [FXGL Background Thread 3 ] DEBUG Engine               - class com.almasb.fxgl.audio.AudioPlayer
14:21:21.259 [FXGL Background Thread 3 ] DEBUG Engine               - class com.almasb.fxgl.notification.impl.NotificationServiceProvider
14:21:21.259 [FXGL Background Thread 3 ] DEBUG Engine               - class com.almasb.fxgl.achievement.AchievementService
14:21:21.259 [FXGL Background Thread 3 ] DEBUG Engine               - class com.almasb.fxgl.cutscene.CutsceneService
14:21:21.259 [FXGL Background Thread 3 ] DEBUG Engine               - class com.almasb.fxgl.minigames.MiniGameService
14:21:21.259 [FXGL Background Thread 3 ] DEBUG Engine               - class com.almasb.fxgl.net.NetService
14:21:21.259 [FXGL Background Thread 3 ] DEBUG Engine               - class com.almasb.fxgl.app.services.UpdaterService
14:21:21.260 [FXGL Background Thread 3 ] DEBUG Engine               - class com.almasb.fxgl.dev.DevService
14:21:37.010 [JavaFX Application Thread] DEBUG PrimaryStageWindow   - Push state: DialogSubScene
14:21:37.011 [JavaFX Application Thread] DEBUG Input                - Clearing active input actions
14:21:37.012 [JavaFX Application Thread] DEBUG GameApplicationServi - Removing overlay from GameScene and adding to DialogSubScene
14:21:37.012 [JavaFX Application Thread] DEBUG PrimaryStageWindow   - GameScene -> DialogSubScene
14:21:37.690 [JavaFX Application Thread] DEBUG PrimaryStageWindow   - Pop state: DialogSubScene
14:21:37.690 [JavaFX Application Thread] DEBUG Input                - Clearing active input actions
14:21:37.695 [JavaFX Application Thread] DEBUG GameApplicationServi - Removing overlay from DialogSubScene and adding to GameScene
14:21:37.695 [JavaFX Application Thread] DEBUG PrimaryStageWindow   - GameScene <- DialogSubScene
14:21:37.695 [JavaFX Application Thread] DEBUG FXGLApplication      - Exiting FXGL
14:21:37.695 [JavaFX Application Thread] DEBUG LoopRunner           - Stopping loop
14:21:37.695 [JavaFX Application Thread] DEBUG SystemBundleService  - Saving FXGL system data
14:21:37.700 [JavaFX Application Thread] DEBUG FileSystemAccess     - Writing to: C:\Users\zyla\demoGame4OOP\system\fxgl.bundle
14:21:37.704 [JavaFX Application Thread] DEBUG Async                - Shutting down background threads
14:21:37.704 [JavaFX Application Thread] DEBUG PrimaryStageWindow   - Closing main window
14:21:37.740 [JavaFX Application Thread] DEBUG Logger               - Closing Logger
