13:24:38.726 [main                     ] DEBUG Logger               - Configured Logger
13:24:38.728 [main                     ] DEBUG GameApplication      - Logging settings
Title: Stictactics
Version: 0.0
Width: 1984
Height: 1088
Fullscreen: true
Intro: false
Profiling: false
Single step:false
App Mode: DEVELOPER
Menu Key: ESCAPE
Stage Style: DECORATED
Scene Factory: class com.almasb.fxgl.app.scene.SceneFactory

13:24:39.170 [JavaFX Application Thread] DEBUG FXGLApplication      - Initializing FXGL
13:24:39.172 [JavaFX Application Thread] INFO  Engine               - FXGL-11.17 (16.07.2021 15.46) on WINDOWS (J:23.0.2 FX:17.0.6)
13:24:39.173 [JavaFX Application Thread] DEBUG Engine               - JRE Vendor Name: Oracle Corporation
13:24:39.173 [JavaFX Application Thread] DEBUG Engine               - Running on OS: Windows 11 version 10.0
13:24:39.173 [JavaFX Application Thread] DEBUG Engine               - Architecture: amd64
13:24:39.173 [JavaFX Application Thread] INFO  Engine               - Source code and latest versions at: https://github.com/AlmasB/FXGL
13:24:39.173 [JavaFX Application Thread] INFO  Engine               -              Join the FXGL chat at: https://gitter.im/AlmasB/FXGL
13:24:39.282 [JavaFX Application Thread] DEBUG PrimaryStageWindow   - Creating a JavaFX scene
13:24:39.284 [JavaFX Application Thread] DEBUG PrimaryStageWindow   - Target size > screen size
13:24:39.336 [JavaFX Application Thread] DEBUG PrimaryStageWindow   - Target settings size: 1984.0 x 1088.0
13:24:39.336 [JavaFX Application Thread] DEBUG PrimaryStageWindow   - Scaled scene size:    1341.0 x 749.0
13:24:39.336 [JavaFX Application Thread] DEBUG PrimaryStageWindow   - Scaled ratio: (0.6759072580645161, 0.6884191176470589)
13:24:39.337 [JavaFX Application Thread] DEBUG PrimaryStageWindow   - Set initial scene to FXGLStartupScene
13:24:39.347 [JavaFX Application Thread] DEBUG PrimaryStageWindow   - Opening main window
13:24:39.459 [JavaFX Application Thread] DEBUG PrimaryStageWindow   - Window border size: (16.0, 39.0)
13:24:39.459 [JavaFX Application Thread] DEBUG PrimaryStageWindow   - Scaled size: 1341.0 x 749.0
13:24:39.459 [JavaFX Application Thread] DEBUG PrimaryStageWindow   - Scaled ratio: (0.6759072580645161, 0.6884191176470589)
13:24:39.460 [JavaFX Application Thread] DEBUG PrimaryStageWindow   - Scene size: 1341.0 x 749.0
13:24:39.460 [JavaFX Application Thread] DEBUG PrimaryStageWindow   - Stage size: 1357.0 x 788.0
13:24:39.479 [FXGL Background Thread 1 ] DEBUG Engine               - Initializing environment variables
13:24:39.651 [FXGL Background Thread 1 ] DEBUG FXGLAssetLoaderServi - User app class for loading assets: class com.example.demo.HelloApplication
13:24:39.651 [FXGL Background Thread 1 ] DEBUG GameApplicationServi - Applying CSS: fxgl_dark.css
13:24:39.652 [FXGL Background Thread 1 ] DEBUG FXGLAssetLoaderServi - Loading from file system: jar:file:///C:/Users/zyla/.m2/repository/com/github/almasb/fxgl/11.17/fxgl-11.17.jar!/fxglassets/ui/css/fxgl_dark.css
13:24:39.717 [FXGL Background Thread 1 ] DEBUG GameApplicationServi - Initializing application scenes
13:24:39.837 [FXGL Background Thread 1 ] DEBUG GameWorld            - Game world initialized
13:24:39.917 [FXGL Background Thread 1 ] DEBUG PhysicsWorld         - Physics world initialized: appHeight=1088, physics.ppm=50.0
13:24:39.917 [FXGL Background Thread 1 ] DEBUG PhysicsWorld         - Using strategy: BRUTE_FORCE
13:24:39.920 [FXGL Background Thread 1 ] DEBUG GameScene            - Game scene initialized: 1984x1088
13:24:39.934 [FXGL Background Thread 1 ] DEBUG FXGL.DefaultMenu     - createMenuBodyMainMenu()
13:24:39.950 [FXGL Background Thread 1 ] DEBUG FXGL.DefaultMenu     - createOptionsMenu()
13:24:39.962 [FXGL Background Thread 1 ] DEBUG FXGLAssetLoaderServi - Loading from file system: jar:file:///C:/Users/zyla/.m2/repository/com/github/almasb/fxgl/11.17/fxgl-11.17.jar!/fxglassets/textures/particles/smoke.png
13:24:40.103 [FXGL Background Thread 1 ] DEBUG FXGLAssetLoaderServi - Loading from file system: jar:file:///C:/Users/zyla/.m2/repository/com/github/almasb/fxgl/11.17/fxgl-11.17.jar!/fxglassets/textures/particles/trace_horizontal.png
13:24:40.146 [FXGL Background Thread 1 ] DEBUG GameApplicationServi - Application scenes initialized
13:24:40.158 [FXGL Background Thread 1 ] DEBUG SystemBundleService  - Loading FXGL system data
13:24:40.165 [FXGL Background Thread 1 ] DEBUG FileSystemAccess     - Reading from: C:\Users\zyla\demo\system\fxgl.bundle
13:24:40.176 [FXGL Background Thread 1 ] DEBUG SystemBundleService  - Bundle FXGL: {}
13:24:40.176 [FXGL Background Thread 1 ] DEBUG UpdaterService       - Checking for updates
13:24:40.186 [FXGL Background Thread 1 ] DEBUG FXGLApplication      - Loading default localization
13:24:40.186 [FXGL Background Thread 1 ] DEBUG FXGLAssetLoaderServi - Loading from file system: jar:file:///C:/Users/zyla/.m2/repository/com/github/almasb/fxgl/11.17/fxgl-11.17.jar!/fxglassets/languages/english.lang
13:24:40.187 [FXGL Background Thread 4 ] DEBUG FXGLApplication      - Loading fonts
13:24:40.188 [FXGL Background Thread 4 ] DEBUG FXGLAssetLoaderServi - Loading from file system: jar:file:///C:/Users/zyla/.m2/repository/com/github/almasb/fxgl/11.17/fxgl-11.17.jar!/fxglassets/ui/fonts/VarelaRound-Regular.ttf
13:24:40.210 [FXGL Background Thread 1 ] INFO  FXGLApplication      - FXGL initialization took: 0.731 sec
13:24:40.224 [JavaFX Application Thread] DEBUG Input                - Registered new binding: P1Left - A
13:24:40.224 [JavaFX Application Thread] DEBUG Input                - Registered new binding: P1Right - D
13:24:40.224 [JavaFX Application Thread] DEBUG Input                - Registered new binding: P1Jump - W
13:24:40.225 [JavaFX Application Thread] DEBUG Input                - Registered new binding: P1Punch - F
13:24:40.225 [JavaFX Application Thread] DEBUG Input                - Registered new binding: P2Left - J
13:24:40.225 [JavaFX Application Thread] DEBUG Input                - Registered new binding: P2Right - L
13:24:40.225 [JavaFX Application Thread] DEBUG Input                - Registered new binding: P2Jump - I
13:24:40.225 [JavaFX Application Thread] DEBUG Input                - Registered new binding: P2Punch - H
13:24:40.226 [JavaFX Application Thread] DEBUG FXGLAssetLoaderServi - Loading from file system: jar:file:///C:/Users/zyla/.m2/repository/com/github/almasb/fxgl/11.17/fxgl-11.17.jar!/fxglassets/textures/fxgl_icon.png
13:24:40.257 [JavaFX Application Thread] DEBUG FXGLAssetLoaderServi - Loading from file system: jar:file:///C:/Users/zyla/.m2/repository/com/github/almasb/fxgl/11.17/fxgl-11.17.jar!/fxglassets/textures/fxgl_default_cursor.png
13:24:40.271 [JavaFX Application Thread] DEBUG Input                - Registered new binding: Screenshot - CTRL+8
13:24:40.271 [JavaFX Application Thread] DEBUG Input                - Registered new binding: System info dump - CTRL+9
13:24:40.271 [JavaFX Application Thread] DEBUG Input                - Registered new binding: Restart - CTRL+R
13:24:40.272 [JavaFX Application Thread] DEBUG Input                - Registered new binding: Toggle Debug Camera - CTRL+C
13:24:40.279 [FXGL Background Thread 4 ] DEBUG FXGLAssetLoaderServi - Loading from file system: jar:file:///C:/Users/zyla/.m2/repository/com/github/almasb/fxgl/11.17/fxgl-11.17.jar!/fxglassets/ui/fonts/Abel-Regular.ttf
13:24:40.300 [JavaFX Application Thread] DEBUG LoopRunner           - Starting loop
13:24:40.300 [JavaFX Application Thread] DEBUG LoopRunner           - Initializing JavaFX AnimationTimerLoop
13:24:40.305 [JavaFX Application Thread] DEBUG Input                - Clearing active input actions
13:24:40.317 [JavaFX Application Thread] DEBUG GameApplicationServi - Removing overlay from FXGLStartupScene and adding to FXGLMainMenuDummyScene
13:24:40.317 [JavaFX Application Thread] DEBUG PrimaryStageWindow   - FXGLStartupScene -> FXGLMainMenuDummyScene
13:24:40.317 [JavaFX Application Thread] DEBUG PrimaryStageWindow   - Push state: FXGLDefaultMenu
13:24:40.323 [JavaFX Application Thread] DEBUG Input                - Clearing active input actions
13:24:40.337 [JavaFX Application Thread] DEBUG GameApplicationServi - Removing overlay from FXGLMainMenuDummyScene and adding to FXGLDefaultMenu
13:24:40.338 [JavaFX Application Thread] DEBUG PrimaryStageWindow   - FXGLMainMenuDummyScene -> FXGLDefaultMenu
13:24:40.343 [FXGL Background Thread 4 ] DEBUG FXGLAssetLoaderServi - Loading from file system: jar:file:///C:/Users/zyla/.m2/repository/com/github/almasb/fxgl/11.17/fxgl-11.17.jar!/fxglassets/ui/fonts/lucida_console.ttf
13:24:40.372 [FXGL Background Thread 4 ] DEBUG FXGLAssetLoaderServi - Loading from file system: jar:file:///C:/Users/zyla/.m2/repository/com/github/almasb/fxgl/11.17/fxgl-11.17.jar!/fxglassets/ui/fonts/Courier-Prime.ttf
13:24:40.496 [JavaFX Application Thread] DEBUG FXGLApplication      - Registering font factories with UI factory
13:24:42.585 [FXGL Background Thread 2 ] INFO  UpdaterService       - Your current version:  11.17
13:24:42.585 [FXGL Background Thread 2 ] INFO  UpdaterService       - Latest stable version: 21.1
13:24:43.185 [FXGL Background Thread 3 ] DEBUG Engine               - Logging environment variables
13:24:43.185 [FXGL Background Thread 3 ] DEBUG Engine               - achievements: []
13:24:43.186 [FXGL Background Thread 3 ] DEBUG Engine               - actualHeight: 749.0
13:24:43.186 [FXGL Background Thread 3 ] DEBUG Engine               - actualHeightProperty: ReadOnlyDoubleProperty [value: 749.0]
13:24:43.186 [FXGL Background Thread 3 ] DEBUG Engine               - actualWidth: 1341.0
13:24:43.186 [FXGL Background Thread 3 ] DEBUG Engine               - actualWidthProperty: ReadOnlyDoubleProperty [value: 1341.0]
13:24:43.186 [FXGL Background Thread 3 ] DEBUG Engine               - appIcon: fxgl_icon.png
13:24:43.186 [FXGL Background Thread 3 ] DEBUG Engine               - applicationMode: DEVELOPER
13:24:43.186 [FXGL Background Thread 3 ] DEBUG Engine               - cSSList: [fxgl_dark.css]
13:24:43.186 [FXGL Background Thread 3 ] DEBUG Engine               - collisionDetectionStrategy: BRUTE_FORCE
13:24:43.187 [FXGL Background Thread 3 ] DEBUG Engine               - configClass: Optional.empty
13:24:43.187 [FXGL Background Thread 3 ] DEBUG Engine               - credits: [Short Name - Lead Programmer, LongLongLongLongLongLongLong Name - Programmer, V Short - Artist, Medium-Hyphen Name - Designer, More Credits - 111, More Credits - 222, More Credits - 333, More Credits - 444, More Credits - 444, Example of a credit name that will definitely not fit on the screen using default font, More Credits - 444, More Credits - 444, More Credits - 555, More Credits - 666, More Credits - 777]
13:24:43.187 [FXGL Background Thread 3 ] DEBUG Engine               - defaultCursor: CursorInfo(imageName=fxgl_default_cursor.png, hotspotX=7.0, hotspotY=6.0)
13:24:43.187 [FXGL Background Thread 3 ] DEBUG Engine               - devBBoxColorProperty: ObjectProperty [value: 0xff0000ff]
13:24:43.187 [FXGL Background Thread 3 ] DEBUG Engine               - devEnableDebugCameraProperty: BooleanProperty [value: false]
13:24:43.188 [FXGL Background Thread 3 ] DEBUG Engine               - devSensorColorProperty: ObjectProperty [value: 0xffff00ff]
13:24:43.188 [FXGL Background Thread 3 ] DEBUG Engine               - devShowBBoxProperty: BooleanProperty [value: false]
13:24:43.188 [FXGL Background Thread 3 ] DEBUG Engine               - devShowPositionProperty: BooleanProperty [value: false]
13:24:43.188 [FXGL Background Thread 3 ] DEBUG Engine               - enabledMenuItems: []
13:24:43.188 [FXGL Background Thread 3 ] DEBUG Engine               - engineServices: [class com.almasb.fxgl.app.services.FXGLAssetLoaderService, class com.almasb.fxgl.app.FXGLApplication$GameApplicationService, class com.almasb.fxgl.app.services.FXGLDialogService, class com.almasb.fxgl.app.services.IOTaskExecutorService, class com.almasb.fxgl.io.FileSystemService, class com.almasb.fxgl.localization.LocalizationService, class com.almasb.fxgl.app.services.SystemBundleService, class com.almasb.fxgl.profile.SaveLoadService, class com.almasb.fxgl.ui.FXGLUIFactoryServiceProvider, class com.almasb.fxgl.ui.FXGLDialogFactoryServiceProvider, class com.almasb.fxgl.audio.AudioPlayer, class com.almasb.fxgl.notification.impl.NotificationServiceProvider, class com.almasb.fxgl.achievement.AchievementService, class com.almasb.fxgl.cutscene.CutsceneService, class com.almasb.fxgl.minigames.MiniGameService, class com.almasb.fxgl.net.NetService, class com.almasb.fxgl.app.services.UpdaterService, class com.almasb.fxgl.dev.DevService]
13:24:43.188 [FXGL Background Thread 3 ] DEBUG Engine               - fontGame: Abel-Regular.ttf
13:24:43.188 [FXGL Background Thread 3 ] DEBUG Engine               - fontMono: lucida_console.ttf
13:24:43.188 [FXGL Background Thread 3 ] DEBUG Engine               - fontText: Courier-Prime.ttf
13:24:43.189 [FXGL Background Thread 3 ] DEBUG Engine               - fontUI: VarelaRound-Regular.ttf
13:24:43.189 [FXGL Background Thread 3 ] DEBUG Engine               - fullScreen: BooleanProperty [value: false]
13:24:43.189 [FXGL Background Thread 3 ] DEBUG Engine               - gameDifficulty: MEDIUM
13:24:43.189 [FXGL Background Thread 3 ] DEBUG Engine               - gameDifficultyProperty: ObjectProperty [value: MEDIUM]
13:24:43.189 [FXGL Background Thread 3 ] DEBUG Engine               - globalMusicVolume: 0.5
13:24:43.189 [FXGL Background Thread 3 ] DEBUG Engine               - globalMusicVolumeProperty: DoubleProperty [value: 0.5]
13:24:43.189 [FXGL Background Thread 3 ] DEBUG Engine               - globalSoundVolume: 0.5
13:24:43.189 [FXGL Background Thread 3 ] DEBUG Engine               - globalSoundVolumeProperty: DoubleProperty [value: 0.5]
13:24:43.189 [FXGL Background Thread 3 ] DEBUG Engine               - height: 1088
13:24:43.190 [FXGL Background Thread 3 ] DEBUG Engine               - is3D: false
13:24:43.190 [FXGL Background Thread 3 ] DEBUG Engine               - isAndroid: false
13:24:43.190 [FXGL Background Thread 3 ] DEBUG Engine               - isBrowser: false
13:24:43.190 [FXGL Background Thread 3 ] DEBUG Engine               - isClickFeedbackEnabled: false
13:24:43.190 [FXGL Background Thread 3 ] DEBUG Engine               - isCloseConfirmation: true
13:24:43.190 [FXGL Background Thread 3 ] DEBUG Engine               - isDesktop: true
13:24:43.190 [FXGL Background Thread 3 ] DEBUG Engine               - isDeveloperMenuEnabled: false
13:24:43.190 [FXGL Background Thread 3 ] DEBUG Engine               - isEntityPreloadEnabled: true
13:24:43.190 [FXGL Background Thread 3 ] DEBUG Engine               - isExperimentalTiledLargeMap: false
13:24:43.190 [FXGL Background Thread 3 ] DEBUG Engine               - isFileSystemWriteAllowed: true
13:24:43.190 [FXGL Background Thread 3 ] DEBUG Engine               - isFullScreenAllowed: true
13:24:43.190 [FXGL Background Thread 3 ] DEBUG Engine               - isFullScreenFromStart: false
13:24:43.190 [FXGL Background Thread 3 ] DEBUG Engine               - isGameMenuEnabled: false
13:24:43.191 [FXGL Background Thread 3 ] DEBUG Engine               - isIOS: false
13:24:43.191 [FXGL Background Thread 3 ] DEBUG Engine               - isIntroEnabled: false
13:24:43.191 [FXGL Background Thread 3 ] DEBUG Engine               - isLinux: false
13:24:43.191 [FXGL Background Thread 3 ] DEBUG Engine               - isMac: false
13:24:43.191 [FXGL Background Thread 3 ] DEBUG Engine               - isMainMenuEnabled: true
13:24:43.191 [FXGL Background Thread 3 ] DEBUG Engine               - isManualResizeEnabled: false
13:24:43.191 [FXGL Background Thread 3 ] DEBUG Engine               - isMobile: false
13:24:43.191 [FXGL Background Thread 3 ] DEBUG Engine               - isNative: false
13:24:43.191 [FXGL Background Thread 3 ] DEBUG Engine               - isPauseMusicWhenMinimized: true
13:24:43.191 [FXGL Background Thread 3 ] DEBUG Engine               - isPreserveResizeRatio: false
13:24:43.192 [FXGL Background Thread 3 ] DEBUG Engine               - isProfilingEnabled: false
13:24:43.192 [FXGL Background Thread 3 ] DEBUG Engine               - isScaleAffectedOnResize: true
13:24:43.192 [FXGL Background Thread 3 ] DEBUG Engine               - isSingleStep: false
13:24:43.192 [FXGL Background Thread 3 ] DEBUG Engine               - isUserProfileEnabled: false
13:24:43.192 [FXGL Background Thread 3 ] DEBUG Engine               - isWindows: true
13:24:43.192 [FXGL Background Thread 3 ] DEBUG Engine               - language: ObjectProperty [value: ENGLISH]
13:24:43.192 [FXGL Background Thread 3 ] DEBUG Engine               - menuKey: ESCAPE
13:24:43.192 [FXGL Background Thread 3 ] DEBUG Engine               - mouseSensitivity: 0.2
13:24:43.192 [FXGL Background Thread 3 ] DEBUG Engine               - notificationViewClass: class com.almasb.fxgl.notification.view.XboxNotificationView
13:24:43.192 [FXGL Background Thread 3 ] DEBUG Engine               - pixelsPerMeter: 50.0
13:24:43.192 [FXGL Background Thread 3 ] DEBUG Engine               - platform: WINDOWS
13:24:43.192 [FXGL Background Thread 3 ] DEBUG Engine               - prefHeightProperty: ReadOnlyDoubleProperty [value: 1088.0]
13:24:43.193 [FXGL Background Thread 3 ] DEBUG Engine               - prefWidthProperty: ReadOnlyDoubleProperty [value: 1984.0]
13:24:43.193 [FXGL Background Thread 3 ] DEBUG Engine               - profileDir: profiles/
13:24:43.193 [FXGL Background Thread 3 ] DEBUG Engine               - profileName: StringProperty [value: DEFAULT]
13:24:43.193 [FXGL Background Thread 3 ] DEBUG Engine               - randomSeed: -1
13:24:43.193 [FXGL Background Thread 3 ] DEBUG Engine               - runtimeInfo: RuntimeInfo(platform=WINDOWS, version=11.17, build=16.07.2021 15.46)
13:24:43.193 [FXGL Background Thread 3 ] DEBUG Engine               - saveFileExt: sav
13:24:43.193 [FXGL Background Thread 3 ] DEBUG Engine               - scaledHeightProp$fxgl: DoubleProperty [bound, value: 749.0]
13:24:43.193 [FXGL Background Thread 3 ] DEBUG Engine               - scaledWidthProp$fxgl: DoubleProperty [bound, value: 1341.0]
13:24:43.193 [FXGL Background Thread 3 ] DEBUG Engine               - sceneFactory: com.almasb.fxgl.app.scene.SceneFactory@4e6a95e5
13:24:43.193 [FXGL Background Thread 3 ] DEBUG Engine               - secondsIn24h: 60
13:24:43.193 [FXGL Background Thread 3 ] DEBUG Engine               - soundMenuBack: menu/back.wav
13:24:43.194 [FXGL Background Thread 3 ] DEBUG Engine               - soundMenuPress: menu/press.wav
13:24:43.194 [FXGL Background Thread 3 ] DEBUG Engine               - soundMenuSelect: menu/select.wav
13:24:43.194 [FXGL Background Thread 3 ] DEBUG Engine               - soundNotification: core/notification.wav
13:24:43.194 [FXGL Background Thread 3 ] DEBUG Engine               - stageStyle: DECORATED
13:24:43.194 [FXGL Background Thread 3 ] DEBUG Engine               - supportedLanguages: [ENGLISH, FRENCH, GERMAN, HUNGARIAN, RUSSIAN]
13:24:43.194 [FXGL Background Thread 3 ] DEBUG Engine               - ticksPerSecond: -1
13:24:43.195 [FXGL Background Thread 3 ] DEBUG Engine               - title: Stictactics
13:24:43.195 [FXGL Background Thread 3 ] DEBUG Engine               - urlGithub: https://github.com/AlmasB/FXGL
13:24:43.195 [FXGL Background Thread 3 ] DEBUG Engine               - urlLeaderboard: http://fxgl-top.herokuapp.com/
13:24:43.195 [FXGL Background Thread 3 ] DEBUG Engine               - urlPOM: https://raw.githubusercontent.com/AlmasB/FXGL/release/README.md
13:24:43.195 [FXGL Background Thread 3 ] DEBUG Engine               - userAppClass: class com.example.demo.HelloApplication
13:24:43.195 [FXGL Background Thread 3 ] DEBUG Engine               - version: 0.0
13:24:43.196 [FXGL Background Thread 3 ] DEBUG Engine               - versionCheckDays: 7
13:24:43.196 [FXGL Background Thread 3 ] DEBUG Engine               - width: 1984
13:24:43.196 [FXGL Background Thread 3 ] DEBUG Engine               - Logging services
13:24:43.196 [FXGL Background Thread 3 ] DEBUG Engine               - class com.almasb.fxgl.app.services.FXGLAssetLoaderService
13:24:43.196 [FXGL Background Thread 3 ] DEBUG Engine               - class com.almasb.fxgl.app.FXGLApplication$GameApplicationService
13:24:43.196 [FXGL Background Thread 3 ] DEBUG Engine               - class com.almasb.fxgl.app.services.FXGLDialogService
13:24:43.196 [FXGL Background Thread 3 ] DEBUG Engine               - class com.almasb.fxgl.app.services.IOTaskExecutorService
13:24:43.196 [FXGL Background Thread 3 ] DEBUG Engine               - class com.almasb.fxgl.io.FileSystemService
13:24:43.197 [FXGL Background Thread 3 ] DEBUG Engine               - class com.almasb.fxgl.localization.LocalizationService
13:24:43.197 [FXGL Background Thread 3 ] DEBUG Engine               - class com.almasb.fxgl.app.services.SystemBundleService
13:24:43.197 [FXGL Background Thread 3 ] DEBUG Engine               - class com.almasb.fxgl.profile.SaveLoadService
13:24:43.197 [FXGL Background Thread 3 ] DEBUG Engine               - class com.almasb.fxgl.ui.FXGLUIFactoryServiceProvider
13:24:43.197 [FXGL Background Thread 3 ] DEBUG Engine               - class com.almasb.fxgl.ui.FXGLDialogFactoryServiceProvider
13:24:43.197 [FXGL Background Thread 3 ] DEBUG Engine               - class com.almasb.fxgl.audio.AudioPlayer
13:24:43.197 [FXGL Background Thread 3 ] DEBUG Engine               - class com.almasb.fxgl.notification.impl.NotificationServiceProvider
13:24:43.197 [FXGL Background Thread 3 ] DEBUG Engine               - class com.almasb.fxgl.achievement.AchievementService
13:24:43.197 [FXGL Background Thread 3 ] DEBUG Engine               - class com.almasb.fxgl.cutscene.CutsceneService
13:24:43.197 [FXGL Background Thread 3 ] DEBUG Engine               - class com.almasb.fxgl.minigames.MiniGameService
13:24:43.198 [FXGL Background Thread 3 ] DEBUG Engine               - class com.almasb.fxgl.net.NetService
13:24:43.198 [FXGL Background Thread 3 ] DEBUG Engine               - class com.almasb.fxgl.app.services.UpdaterService
13:24:43.198 [FXGL Background Thread 3 ] DEBUG Engine               - class com.almasb.fxgl.dev.DevService
13:24:44.855 [JavaFX Application Thread] DEBUG Menu                 - fireNewGame()
13:24:44.855 [JavaFX Application Thread] DEBUG GameApplicationServi - Starting new game
13:24:44.857 [JavaFX Application Thread] DEBUG PrimaryStageWindow   - Pop state: FXGLDefaultMenu
13:24:44.858 [JavaFX Application Thread] DEBUG Input                - Clearing active input actions
13:24:44.859 [JavaFX Application Thread] DEBUG GameApplicationServi - Removing overlay from FXGLDefaultMenu and adding to FXGLMainMenuDummyScene
13:24:44.859 [JavaFX Application Thread] DEBUG PrimaryStageWindow   - FXGLMainMenuDummyScene <- FXGLDefaultMenu
13:24:44.860 [JavaFX Application Thread] DEBUG Input                - Clearing active input actions
13:24:44.881 [JavaFX Application Thread] DEBUG GameApplicationServi - Removing overlay from FXGLMainMenuDummyScene and adding to FXGLLoadingScene
13:24:44.882 [JavaFX Application Thread] DEBUG PrimaryStageWindow   - FXGLMainMenuDummyScene -> FXGLLoadingScene
13:24:44.882 [JavaFX Application Thread] DEBUG GameApplicationServi - Clearing previous game
13:24:44.882 [JavaFX Application Thread] DEBUG GameScene            - Clearing game scene
13:24:44.882 [JavaFX Application Thread] DEBUG GameWorld            - Clearing game world
13:24:44.882 [JavaFX Application Thread] DEBUG PhysicsWorld         - Clearing physics world
13:24:44.889 [FXGL Background Thread 2 ] DEBUG FXGLApplication      - Initializing game
13:24:45.030 [FXGL Background Thread 2 ] WARN  TMXLevelLoader       - TiledMap generated from 1.11.2. Supported version: 1.2.3. Some features may not be parsed fully.
13:24:45.044 [FXGL Background Thread 2 ] DEBUG TMXLevelLoader       - Parsed TiledMap: file:/C:/Users/zyla/demo/target/classes/assets/levels/tmx/idkbackground.tmx
13:24:45.045 [FXGL Background Thread 2 ] DEBUG TMXLevelLoader       - Creating tile layer entities
13:24:45.046 [FXGL Background Thread 2 ] DEBUG TilesetLoader        - Loading view for layer Tile Layer 1
13:24:45.047 [FXGL Background Thread 2 ] DEBUG TilesetLoader        - Created buffer with size 1984.0x1088.0
13:24:45.168 [FXGL Background Thread 2 ] DEBUG TMXLevelLoader       - Creating object layer entities
13:24:45.216 [FXGL Background Thread 2 ] DEBUG GameWorld            - Clearing removable entities
13:24:45.216 [FXGL Background Thread 2 ] DEBUG GameWorld            - Setting level: com.almasb.fxgl.entity.level.Level@547d9a21
13:24:45.237 [FXGL Background Thread 2 ] DEBUG FXGLAssetLoaderServi - Loading from file system: file:/C:/Users/zyla/demo/target/classes/assets/textures/idk.png
13:24:45.240 [FXGL Background Thread 2 ] DEBUG FXGLAssetLoaderServi - Loading from file system: file:/C:/Users/zyla/demo/target/classes/assets/textures/walking.png
13:24:45.243 [FXGL Background Thread 2 ] DEBUG FXGLAssetLoaderServi - Loading from file system: file:/C:/Users/zyla/demo/target/classes/assets/textures/jump.png
13:24:45.248 [FXGL Background Thread 2 ] DEBUG FXGLAssetLoaderServi - Loading from file system: file:/C:/Users/zyla/demo/target/classes/assets/textures/punch.png
13:24:45.258 [FXGL Background Thread 2 ] DEBUG FXGLAssetLoaderServi - Loading from file system: file:/C:/Users/zyla/demo/target/classes/assets/textures/idle_punk.png
13:24:45.260 [FXGL Background Thread 2 ] DEBUG FXGLAssetLoaderServi - Loading from file system: file:/C:/Users/zyla/demo/target/classes/assets/textures/walk_punk.png
13:24:45.264 [FXGL Background Thread 2 ] DEBUG FXGLAssetLoaderServi - Loading from file system: file:/C:/Users/zyla/demo/target/classes/assets/textures/punch_punk.png
13:24:45.270 [FXGL Background Thread 2 ] INFO  FXGLApplication      - Game initialization took: 0.380 sec
13:24:45.283 [JavaFX Application Thread] DEBUG Input                - Clearing active input actions
13:24:45.297 [JavaFX Application Thread] DEBUG GameApplicationServi - Removing overlay from FXGLLoadingScene and adding to GameScene
13:24:45.298 [JavaFX Application Thread] DEBUG PrimaryStageWindow   - FXGLLoadingScene -> GameScene
13:24:49.885 [JavaFX Application Thread] DEBUG PrimaryStageWindow   - Push state: DialogSubScene
13:24:49.885 [JavaFX Application Thread] DEBUG Input                - Clearing active input actions
13:24:49.887 [JavaFX Application Thread] DEBUG GameApplicationServi - Removing overlay from GameScene and adding to DialogSubScene
13:24:49.887 [JavaFX Application Thread] DEBUG PrimaryStageWindow   - GameScene -> DialogSubScene
13:24:50.912 [JavaFX Application Thread] DEBUG PrimaryStageWindow   - Pop state: DialogSubScene
13:24:50.913 [JavaFX Application Thread] DEBUG Input                - Clearing active input actions
13:24:50.913 [JavaFX Application Thread] DEBUG GameApplicationServi - Removing overlay from DialogSubScene and adding to GameScene
13:24:50.913 [JavaFX Application Thread] DEBUG PrimaryStageWindow   - GameScene <- DialogSubScene
13:24:50.913 [JavaFX Application Thread] DEBUG FXGLApplication      - Exiting FXGL
13:24:50.913 [JavaFX Application Thread] DEBUG LoopRunner           - Stopping loop
13:24:50.913 [JavaFX Application Thread] DEBUG SystemBundleService  - Saving FXGL system data
13:24:50.915 [JavaFX Application Thread] DEBUG FileSystemAccess     - Writing to: C:\Users\zyla\demo\system\fxgl.bundle
13:24:50.919 [JavaFX Application Thread] DEBUG Async                - Shutting down background threads
13:24:50.920 [JavaFX Application Thread] DEBUG PrimaryStageWindow   - Closing main window
13:24:50.952 [JavaFX Application Thread] DEBUG Logger               - Closing Logger
