01:42:18.553 [main                     ] DEBUG Logger               - Configured Logger
01:42:18.554 [main                     ] DEBUG GameApplication      - Logging settings
Title: Stictactics
Version: 0.0
Width: 1920
Height: 1080
Fullscreen: false
Intro: false
Profiling: false
Single step:false
App Mode: DEVELOPER
Menu Key: ESCAPE
Stage Style: DECORATED
Scene Factory: class com.example.demo.MySceneFactory

01:42:18.968 [JavaFX Application Thread] DEBUG FXGLApplication      - Initializing FXGL
01:42:18.970 [JavaFX Application Thread] INFO  Engine               - FXGL-11.17 (16.07.2021 15.46) on WINDOWS (J:23.0.2 FX:17.0.6)
01:42:18.970 [JavaFX Application Thread] DEBUG Engine               - JRE Vendor Name: Amazon.com Inc.
01:42:18.970 [JavaFX Application Thread] DEBUG Engine               - Running on OS: Windows 11 version 10.0
01:42:18.970 [JavaFX Application Thread] DEBUG Engine               - Architecture: amd64
01:42:18.970 [JavaFX Application Thread] INFO  Engine               - Source code and latest versions at: https://github.com/AlmasB/FXGL
01:42:18.972 [JavaFX Application Thread] INFO  Engine               -              Join the FXGL chat at: https://gitter.im/AlmasB/FXGL
01:42:19.073 [JavaFX Application Thread] DEBUG PrimaryStageWindow   - Creating a JavaFX scene
01:42:19.073 [JavaFX Application Thread] DEBUG PrimaryStageWindow   - Target size > screen size
01:42:19.121 [JavaFX Application Thread] DEBUG PrimaryStageWindow   - Target settings size: 1920.0 x 1080.0
01:42:19.121 [JavaFX Application Thread] DEBUG PrimaryStageWindow   - Scaled scene size:    1255.0 x 720.0
01:42:19.121 [JavaFX Application Thread] DEBUG PrimaryStageWindow   - Scaled ratio: (0.6536458333333334, 0.6666666666666666)
01:42:19.123 [JavaFX Application Thread] DEBUG PrimaryStageWindow   - Set initial scene to FXGLStartupScene
01:42:19.130 [JavaFX Application Thread] DEBUG PrimaryStageWindow   - Opening main window
01:42:19.250 [JavaFX Application Thread] DEBUG PrimaryStageWindow   - Window border size: (16.0, 39.0)
01:42:19.250 [JavaFX Application Thread] DEBUG PrimaryStageWindow   - Scaled size: 1255.0 x 720.0
01:42:19.250 [JavaFX Application Thread] DEBUG PrimaryStageWindow   - Scaled ratio: (0.6536458333333334, 0.6666666666666666)
01:42:19.250 [JavaFX Application Thread] DEBUG PrimaryStageWindow   - Scene size: 1255.0 x 720.0
01:42:19.250 [JavaFX Application Thread] DEBUG PrimaryStageWindow   - Stage size: 1271.0 x 759.0
01:42:19.261 [FXGL Background Thread 1 ] DEBUG Engine               - Initializing environment variables
01:42:19.395 [FXGL Background Thread 1 ] DEBUG FXGLAssetLoaderServi - User app class for loading assets: class com.example.demo.HelloController
01:42:19.395 [FXGL Background Thread 1 ] DEBUG GameApplicationServi - Applying CSS: fxgl_dark.css
01:42:19.397 [FXGL Background Thread 1 ] DEBUG FXGLAssetLoaderServi - Loading from file system: jar:file:///C:/Users/zyla/.m2/repository/com/github/almasb/fxgl/11.17/fxgl-11.17.jar!/fxglassets/ui/css/fxgl_dark.css
01:42:19.465 [FXGL Background Thread 1 ] DEBUG GameApplicationServi - Initializing application scenes
01:42:19.580 [FXGL Background Thread 1 ] DEBUG GameWorld            - Game world initialized
01:42:19.659 [FXGL Background Thread 1 ] DEBUG PhysicsWorld         - Physics world initialized: appHeight=1080, physics.ppm=50.0
01:42:19.659 [FXGL Background Thread 1 ] DEBUG PhysicsWorld         - Using strategy: BRUTE_FORCE
01:42:19.662 [FXGL Background Thread 1 ] DEBUG GameScene            - Game scene initialized: 1920x1080
01:42:19.832 [FXGL Background Thread 1 ] DEBUG GameApplicationServi - Application scenes initialized
01:42:19.847 [FXGL Background Thread 1 ] DEBUG SystemBundleService  - Loading FXGL system data
01:42:19.857 [FXGL Background Thread 1 ] DEBUG FileSystemAccess     - Reading from: C:\Users\zyla\demoGame4OOP\system\fxgl.bundle
01:42:19.868 [FXGL Background Thread 1 ] DEBUG SystemBundleService  - Bundle FXGL: {}
01:42:19.868 [FXGL Background Thread 1 ] DEBUG UpdaterService       - Checking for updates
01:42:19.876 [FXGL Background Thread 1 ] DEBUG FXGLApplication      - Loading default localization
01:42:19.876 [FXGL Background Thread 1 ] DEBUG FXGLAssetLoaderServi - Loading from file system: jar:file:///C:/Users/zyla/.m2/repository/com/github/almasb/fxgl/11.17/fxgl-11.17.jar!/fxglassets/languages/english.lang
01:42:19.884 [FXGL Background Thread 4 ] DEBUG FXGLApplication      - Loading fonts
01:42:19.885 [FXGL Background Thread 4 ] DEBUG FXGLAssetLoaderServi - Loading from file system: jar:file:///C:/Users/zyla/.m2/repository/com/github/almasb/fxgl/11.17/fxgl-11.17.jar!/fxglassets/ui/fonts/VarelaRound-Regular.ttf
01:42:19.894 [FXGL Background Thread 1 ] INFO  FXGLApplication      - FXGL initialization took: 0.633 sec
01:42:19.919 [JavaFX Application Thread] DEBUG Input                - Registered new binding: Pause Game - Esc
01:42:19.920 [JavaFX Application Thread] DEBUG Input                - Registered new binding: P1Left - A
01:42:19.920 [JavaFX Application Thread] DEBUG Input                - Registered new binding: P1Right - D
01:42:19.920 [JavaFX Application Thread] DEBUG Input                - Registered new binding: P1Jump - W
01:42:19.920 [JavaFX Application Thread] DEBUG Input                - Registered new binding: P1Punch - F
01:42:19.920 [JavaFX Application Thread] DEBUG Input                - Registered new binding: P1EnhancedPunch - E
01:42:19.920 [JavaFX Application Thread] DEBUG Input                - Registered new binding: P1Ult - Q
01:42:19.920 [JavaFX Application Thread] DEBUG Input                - Registered new binding: P2Left - Left
01:42:19.921 [JavaFX Application Thread] DEBUG Input                - Registered new binding: P2Right - Right
01:42:19.924 [JavaFX Application Thread] DEBUG Input                - Registered new binding: P2Jump - Up
01:42:19.924 [JavaFX Application Thread] DEBUG Input                - Registered new binding: P2Punch - H
01:42:19.927 [JavaFX Application Thread] DEBUG Input                - Registered new binding: P2EnhancedPunch - U
01:42:19.927 [JavaFX Application Thread] DEBUG Input                - Registered new binding: P2Ult - O
01:42:19.930 [JavaFX Application Thread] WARN  FXGLAssetLoaderServi - Asset "/assets/textures//assets/textures/background-intro.mp4" was not found!
01:42:19.930 [JavaFX Application Thread] WARN  FXGLAssetLoaderServi - Failed to load IMAGE
01:42:19.996 [JavaFX Application Thread] DEBUG FXGLAssetLoaderServi - Loading from file system: jar:file:///C:/Users/zyla/.m2/repository/com/github/almasb/fxgl/11.17/fxgl-11.17.jar!/fxglassets/textures/fxgl_icon.png
01:42:20.088 [JavaFX Application Thread] DEBUG FXGLAssetLoaderServi - Loading from file system: jar:file:///C:/Users/zyla/.m2/repository/com/github/almasb/fxgl/11.17/fxgl-11.17.jar!/fxglassets/textures/fxgl_default_cursor.png
01:42:20.099 [JavaFX Application Thread] DEBUG Input                - Registered new binding: Screenshot - CTRL+8
01:42:20.100 [JavaFX Application Thread] DEBUG Input                - Registered new binding: System info dump - CTRL+9
01:42:20.101 [JavaFX Application Thread] DEBUG Input                - Registered new binding: Restart - CTRL+R
01:42:20.102 [JavaFX Application Thread] DEBUG Input                - Registered new binding: Toggle Debug Camera - CTRL+C
01:42:20.107 [JavaFX Application Thread] DEBUG LoopRunner           - Starting loop
01:42:20.107 [JavaFX Application Thread] DEBUG LoopRunner           - Initializing JavaFX AnimationTimerLoop
01:42:20.110 [JavaFX Application Thread] DEBUG Input                - Clearing active input actions
01:42:20.159 [JavaFX Application Thread] DEBUG GameApplicationServi - Removing overlay from FXGLStartupScene and adding to FXGLMainMenuDummyScene
01:42:20.159 [JavaFX Application Thread] DEBUG PrimaryStageWindow   - FXGLStartupScene -> FXGLMainMenuDummyScene
01:42:20.159 [JavaFX Application Thread] DEBUG PrimaryStageWindow   - Push state: CustomMainMenu
01:42:20.159 [JavaFX Application Thread] DEBUG Input                - Clearing active input actions
01:42:20.176 [JavaFX Application Thread] DEBUG GameApplicationServi - Removing overlay from FXGLMainMenuDummyScene and adding to CustomMainMenu
01:42:20.176 [JavaFX Application Thread] DEBUG PrimaryStageWindow   - FXGLMainMenuDummyScene -> CustomMainMenu
01:42:20.455 [FXGL Background Thread 4 ] DEBUG FXGLAssetLoaderServi - Loading from file system: jar:file:///C:/Users/zyla/.m2/repository/com/github/almasb/fxgl/11.17/fxgl-11.17.jar!/fxglassets/ui/fonts/Abel-Regular.ttf
01:42:20.489 [FXGL Background Thread 4 ] DEBUG FXGLAssetLoaderServi - Loading from file system: jar:file:///C:/Users/zyla/.m2/repository/com/github/almasb/fxgl/11.17/fxgl-11.17.jar!/fxglassets/ui/fonts/lucida_console.ttf
01:42:20.515 [FXGL Background Thread 4 ] DEBUG FXGLAssetLoaderServi - Loading from file system: jar:file:///C:/Users/zyla/.m2/repository/com/github/almasb/fxgl/11.17/fxgl-11.17.jar!/fxglassets/ui/fonts/Courier-Prime.ttf
01:42:20.540 [JavaFX Application Thread] DEBUG FXGLApplication      - Registering font factories with UI factory
01:42:21.109 [FXGL Background Thread 2 ] INFO  UpdaterService       - Your current version:  11.17
01:42:21.109 [FXGL Background Thread 2 ] INFO  UpdaterService       - Latest stable version: 21.1
01:42:21.458 [JavaFX Application Thread] DEBUG Menu                 - fireNewGame()
01:42:21.459 [JavaFX Application Thread] DEBUG GameApplicationServi - Starting new game
01:42:21.459 [JavaFX Application Thread] DEBUG PrimaryStageWindow   - Pop state: CustomMainMenu
01:42:21.459 [JavaFX Application Thread] DEBUG Input                - Clearing active input actions
01:42:21.460 [JavaFX Application Thread] DEBUG GameApplicationServi - Removing overlay from CustomMainMenu and adding to FXGLMainMenuDummyScene
01:42:21.460 [JavaFX Application Thread] DEBUG PrimaryStageWindow   - FXGLMainMenuDummyScene <- CustomMainMenu
01:42:21.460 [JavaFX Application Thread] DEBUG Input                - Clearing active input actions
01:42:21.469 [JavaFX Application Thread] DEBUG GameApplicationServi - Removing overlay from FXGLMainMenuDummyScene and adding to FXGLLoadingScene
01:42:21.469 [JavaFX Application Thread] DEBUG PrimaryStageWindow   - FXGLMainMenuDummyScene -> FXGLLoadingScene
01:42:21.469 [JavaFX Application Thread] DEBUG GameApplicationServi - Clearing previous game
01:42:21.469 [JavaFX Application Thread] DEBUG GameScene            - Clearing game scene
01:42:21.469 [JavaFX Application Thread] DEBUG GameWorld            - Clearing game world
01:42:21.469 [JavaFX Application Thread] DEBUG PhysicsWorld         - Clearing physics world
01:42:21.472 [FXGL Background Thread 2 ] DEBUG FXGLApplication      - Initializing game
01:42:21.611 [FXGL Background Thread 2 ] WARN  TMXLevelLoader       - TiledMap generated from 1.11.2. Supported version: 1.2.3. Some features may not be parsed fully.
01:42:21.632 [FXGL Background Thread 2 ] DEBUG TMXLevelLoader       - Parsed TiledMap: file:/C:/Users/zyla/demoGame4OOP/target/classes/assets/levels/tmx/map6.tmx
01:42:21.633 [FXGL Background Thread 2 ] DEBUG TMXLevelLoader       - Creating tile layer entities
01:42:21.635 [FXGL Background Thread 2 ] DEBUG TilesetLoader        - Loading view for layer Tile Layer 1
01:42:21.641 [FXGL Background Thread 2 ] DEBUG TilesetLoader        - Created buffer with size 1920.0x1088.0
01:42:21.881 [FXGL Background Thread 2 ] DEBUG TMXLevelLoader       - Creating object layer entities
01:42:21.923 [FXGL Background Thread 2 ] DEBUG GameWorld            - Clearing removable entities
01:42:21.923 [FXGL Background Thread 2 ] DEBUG GameWorld            - Setting level: com.almasb.fxgl.entity.level.Level@6b5a7be6
01:42:21.977 [FXGL Background Thread 2 ] DEBUG FXGLAssetLoaderServi - Loading from file system: file:/C:/Users/zyla/demoGame4OOP/target/classes/assets/textures/character_2/knight_idle.png
01:42:21.989 [FXGL Background Thread 2 ] DEBUG FXGLAssetLoaderServi - Loading from file system: file:/C:/Users/zyla/demoGame4OOP/target/classes/assets/textures/character_2/knight_walk.png
01:42:22.004 [FXGL Background Thread 2 ] DEBUG FXGLAssetLoaderServi - Loading from file system: file:/C:/Users/zyla/demoGame4OOP/target/classes/assets/textures/fighter_attack_enhanced_p2.png
01:42:22.023 [FXGL Background Thread 2 ] DEBUG FXGLAssetLoaderServi - Loading from file system: file:/C:/Users/zyla/demoGame4OOP/target/classes/assets/textures/character_2/knight_jump.png
01:42:22.028 [FXGL Background Thread 2 ] DEBUG FXGLAssetLoaderServi - Loading from file system: file:/C:/Users/zyla/demoGame4OOP/target/classes/assets/textures/character_2/knight_combo.png
01:42:22.041 [FXGL Background Thread 2 ] DEBUG FXGLAssetLoaderServi - Loading from file system: file:/C:/Users/zyla/demoGame4OOP/target/classes/assets/textures/fighter_ult_P2.png
01:42:22.103 [FXGL Background Thread 2 ] DEBUG FXGLAssetLoaderServi - Loading from file system: file:/C:/Users/zyla/demoGame4OOP/target/classes/assets/textures/fighter_hit.png
01:42:22.155 [FXGL Background Thread 2 ] DEBUG FXGLAssetLoaderServi - Loading from file system: file:/C:/Users/zyla/demoGame4OOP/target/classes/assets/textures/fighter_idle_P2.png
01:42:22.175 [FXGL Background Thread 2 ] DEBUG FXGLAssetLoaderServi - Loading from file system: file:/C:/Users/zyla/demoGame4OOP/target/classes/assets/textures/fighter_walk_P2.png
01:42:22.185 [FXGL Background Thread 2 ] DEBUG FXGLAssetLoaderServi - Loading from file system: file:/C:/Users/zyla/demoGame4OOP/target/classes/assets/textures/fighter_jump_P2.png
01:42:22.195 [FXGL Background Thread 2 ] DEBUG FXGLAssetLoaderServi - Loading from file system: file:/C:/Users/zyla/demoGame4OOP/target/classes/assets/textures/fighter_attack_P2.png
01:42:22.291 [FXGL Background Thread 2 ] INFO  FXGLApplication      - Game initialization took: 0.820 sec
01:42:22.294 [JavaFX Application Thread] DEBUG Input                - Clearing active input actions
01:42:22.306 [JavaFX Application Thread] DEBUG GameApplicationServi - Removing overlay from FXGLLoadingScene and adding to GameScene
01:42:22.306 [JavaFX Application Thread] DEBUG PrimaryStageWindow   - FXGLLoadingScene -> GameScene
01:42:22.880 [FXGL Background Thread 3 ] DEBUG Engine               - Logging environment variables
01:42:22.880 [FXGL Background Thread 3 ] DEBUG Engine               - achievements: []
01:42:22.881 [FXGL Background Thread 3 ] DEBUG Engine               - actualHeight: 720.0
01:42:22.881 [FXGL Background Thread 3 ] DEBUG Engine               - actualHeightProperty: ReadOnlyDoubleProperty [value: 720.0]
01:42:22.881 [FXGL Background Thread 3 ] DEBUG Engine               - actualWidth: 1255.0
01:42:22.881 [FXGL Background Thread 3 ] DEBUG Engine               - actualWidthProperty: ReadOnlyDoubleProperty [value: 1255.0]
01:42:22.881 [FXGL Background Thread 3 ] DEBUG Engine               - appIcon: fxgl_icon.png
01:42:22.881 [FXGL Background Thread 3 ] DEBUG Engine               - applicationMode: DEVELOPER
01:42:22.881 [FXGL Background Thread 3 ] DEBUG Engine               - cSSList: [fxgl_dark.css]
01:42:22.881 [FXGL Background Thread 3 ] DEBUG Engine               - collisionDetectionStrategy: BRUTE_FORCE
01:42:22.881 [FXGL Background Thread 3 ] DEBUG Engine               - configClass: Optional.empty
01:42:22.881 [FXGL Background Thread 3 ] DEBUG Engine               - credits: []
01:42:22.881 [FXGL Background Thread 3 ] DEBUG Engine               - defaultCursor: CursorInfo(imageName=fxgl_default_cursor.png, hotspotX=7.0, hotspotY=6.0)
01:42:22.882 [FXGL Background Thread 3 ] DEBUG Engine               - devBBoxColorProperty: ObjectProperty [value: 0xff0000ff]
01:42:22.882 [FXGL Background Thread 3 ] DEBUG Engine               - devEnableDebugCameraProperty: BooleanProperty [value: false]
01:42:22.883 [FXGL Background Thread 3 ] DEBUG Engine               - devSensorColorProperty: ObjectProperty [value: 0xffff00ff]
01:42:22.884 [FXGL Background Thread 3 ] DEBUG Engine               - devShowBBoxProperty: BooleanProperty [value: false]
01:42:22.884 [FXGL Background Thread 3 ] DEBUG Engine               - devShowPositionProperty: BooleanProperty [value: false]
01:42:22.884 [FXGL Background Thread 3 ] DEBUG Engine               - enabledMenuItems: []
01:42:22.884 [FXGL Background Thread 3 ] DEBUG Engine               - engineServices: [class com.almasb.fxgl.app.services.FXGLAssetLoaderService, class com.almasb.fxgl.app.FXGLApplication$GameApplicationService, class com.almasb.fxgl.app.services.FXGLDialogService, class com.almasb.fxgl.app.services.IOTaskExecutorService, class com.almasb.fxgl.io.FileSystemService, class com.almasb.fxgl.localization.LocalizationService, class com.almasb.fxgl.app.services.SystemBundleService, class com.almasb.fxgl.profile.SaveLoadService, class com.almasb.fxgl.ui.FXGLUIFactoryServiceProvider, class com.almasb.fxgl.ui.FXGLDialogFactoryServiceProvider, class com.almasb.fxgl.audio.AudioPlayer, class com.almasb.fxgl.notification.impl.NotificationServiceProvider, class com.almasb.fxgl.achievement.AchievementService, class com.almasb.fxgl.cutscene.CutsceneService, class com.almasb.fxgl.minigames.MiniGameService, class com.almasb.fxgl.net.NetService, class com.almasb.fxgl.app.services.UpdaterService, class com.almasb.fxgl.dev.DevService]
01:42:22.884 [FXGL Background Thread 3 ] DEBUG Engine               - fontGame: Abel-Regular.ttf
01:42:22.884 [FXGL Background Thread 3 ] DEBUG Engine               - fontMono: lucida_console.ttf
01:42:22.884 [FXGL Background Thread 3 ] DEBUG Engine               - fontText: Courier-Prime.ttf
01:42:22.884 [FXGL Background Thread 3 ] DEBUG Engine               - fontUI: VarelaRound-Regular.ttf
01:42:22.884 [FXGL Background Thread 3 ] DEBUG Engine               - fullScreen: BooleanProperty [value: false]
01:42:22.884 [FXGL Background Thread 3 ] DEBUG Engine               - gameDifficulty: MEDIUM
01:42:22.884 [FXGL Background Thread 3 ] DEBUG Engine               - gameDifficultyProperty: ObjectProperty [value: MEDIUM]
01:42:22.884 [FXGL Background Thread 3 ] DEBUG Engine               - globalMusicVolume: 0.5
01:42:22.884 [FXGL Background Thread 3 ] DEBUG Engine               - globalMusicVolumeProperty: DoubleProperty [value: 0.5]
01:42:22.884 [FXGL Background Thread 3 ] DEBUG Engine               - globalSoundVolume: 0.5
01:42:22.885 [FXGL Background Thread 3 ] DEBUG Engine               - globalSoundVolumeProperty: DoubleProperty [value: 0.5]
01:42:22.885 [FXGL Background Thread 3 ] DEBUG Engine               - height: 1080
01:42:22.885 [FXGL Background Thread 3 ] DEBUG Engine               - is3D: false
01:42:22.885 [FXGL Background Thread 3 ] DEBUG Engine               - isAndroid: false
01:42:22.885 [FXGL Background Thread 3 ] DEBUG Engine               - isBrowser: false
01:42:22.885 [FXGL Background Thread 3 ] DEBUG Engine               - isClickFeedbackEnabled: false
01:42:22.885 [FXGL Background Thread 3 ] DEBUG Engine               - isCloseConfirmation: true
01:42:22.885 [FXGL Background Thread 3 ] DEBUG Engine               - isDesktop: true
01:42:22.885 [FXGL Background Thread 3 ] DEBUG Engine               - isDeveloperMenuEnabled: false
01:42:22.885 [FXGL Background Thread 3 ] DEBUG Engine               - isEntityPreloadEnabled: true
01:42:22.885 [FXGL Background Thread 3 ] DEBUG Engine               - isExperimentalTiledLargeMap: false
01:42:22.885 [FXGL Background Thread 3 ] DEBUG Engine               - isFileSystemWriteAllowed: true
01:42:22.885 [FXGL Background Thread 3 ] DEBUG Engine               - isFullScreenAllowed: false
01:42:22.885 [FXGL Background Thread 3 ] DEBUG Engine               - isFullScreenFromStart: false
01:42:22.885 [FXGL Background Thread 3 ] DEBUG Engine               - isGameMenuEnabled: false
01:42:22.885 [FXGL Background Thread 3 ] DEBUG Engine               - isIOS: false
01:42:22.885 [FXGL Background Thread 3 ] DEBUG Engine               - isIntroEnabled: false
01:42:22.885 [FXGL Background Thread 3 ] DEBUG Engine               - isLinux: false
01:42:22.885 [FXGL Background Thread 3 ] DEBUG Engine               - isMac: false
01:42:22.885 [FXGL Background Thread 3 ] DEBUG Engine               - isMainMenuEnabled: true
01:42:22.885 [FXGL Background Thread 3 ] DEBUG Engine               - isManualResizeEnabled: false
01:42:22.885 [FXGL Background Thread 3 ] DEBUG Engine               - isMobile: false
01:42:22.885 [FXGL Background Thread 3 ] DEBUG Engine               - isNative: false
01:42:22.885 [FXGL Background Thread 3 ] DEBUG Engine               - isPauseMusicWhenMinimized: true
01:42:22.897 [FXGL Background Thread 3 ] DEBUG Engine               - isPreserveResizeRatio: false
01:42:22.897 [FXGL Background Thread 3 ] DEBUG Engine               - isProfilingEnabled: false
01:42:22.897 [FXGL Background Thread 3 ] DEBUG Engine               - isScaleAffectedOnResize: true
01:42:22.898 [FXGL Background Thread 3 ] DEBUG Engine               - isSingleStep: false
01:42:22.901 [FXGL Background Thread 3 ] DEBUG Engine               - isUserProfileEnabled: false
01:42:22.901 [FXGL Background Thread 3 ] DEBUG Engine               - isWindows: true
01:42:22.901 [FXGL Background Thread 3 ] DEBUG Engine               - language: ObjectProperty [value: ENGLISH]
01:42:22.901 [FXGL Background Thread 3 ] DEBUG Engine               - menuKey: ESCAPE
01:42:22.901 [FXGL Background Thread 3 ] DEBUG Engine               - mouseSensitivity: 0.2
01:42:22.901 [FXGL Background Thread 3 ] DEBUG Engine               - notificationViewClass: class com.almasb.fxgl.notification.view.XboxNotificationView
01:42:22.901 [FXGL Background Thread 3 ] DEBUG Engine               - pixelsPerMeter: 50.0
01:42:22.901 [FXGL Background Thread 3 ] DEBUG Engine               - platform: WINDOWS
01:42:22.901 [FXGL Background Thread 3 ] DEBUG Engine               - prefHeightProperty: ReadOnlyDoubleProperty [value: 1080.0]
01:42:22.901 [FXGL Background Thread 3 ] DEBUG Engine               - prefWidthProperty: ReadOnlyDoubleProperty [value: 1920.0]
01:42:22.901 [FXGL Background Thread 3 ] DEBUG Engine               - profileDir: profiles/
01:42:22.902 [FXGL Background Thread 3 ] DEBUG Engine               - profileName: StringProperty [value: DEFAULT]
01:42:22.902 [FXGL Background Thread 3 ] DEBUG Engine               - randomSeed: -1
01:42:22.902 [FXGL Background Thread 3 ] DEBUG Engine               - runtimeInfo: RuntimeInfo(platform=WINDOWS, version=11.17, build=16.07.2021 15.46)
01:42:22.902 [FXGL Background Thread 3 ] DEBUG Engine               - saveFileExt: sav
01:42:22.902 [FXGL Background Thread 3 ] DEBUG Engine               - scaledHeightProp$fxgl: DoubleProperty [bound, value: 720.0]
01:42:22.902 [FXGL Background Thread 3 ] DEBUG Engine               - scaledWidthProp$fxgl: DoubleProperty [bound, value: 1255.0]
01:42:22.902 [FXGL Background Thread 3 ] DEBUG Engine               - sceneFactory: com.example.demo.MySceneFactory@bdee19f
01:42:22.902 [FXGL Background Thread 3 ] DEBUG Engine               - secondsIn24h: 60
01:42:22.902 [FXGL Background Thread 3 ] DEBUG Engine               - soundMenuBack: menu/back.wav
01:42:22.902 [FXGL Background Thread 3 ] DEBUG Engine               - soundMenuPress: menu/press.wav
01:42:22.919 [FXGL Background Thread 3 ] DEBUG Engine               - soundMenuSelect: menu/select.wav
01:42:22.919 [FXGL Background Thread 3 ] DEBUG Engine               - soundNotification: core/notification.wav
01:42:22.919 [FXGL Background Thread 3 ] DEBUG Engine               - stageStyle: DECORATED
01:42:22.920 [FXGL Background Thread 3 ] DEBUG Engine               - supportedLanguages: [ENGLISH, FRENCH, GERMAN, HUNGARIAN, RUSSIAN]
01:42:22.920 [FXGL Background Thread 3 ] DEBUG Engine               - ticksPerSecond: -1
01:42:22.920 [FXGL Background Thread 3 ] DEBUG Engine               - title: Stictactics
01:42:22.920 [FXGL Background Thread 3 ] DEBUG Engine               - urlGithub: https://github.com/AlmasB/FXGL
01:42:22.920 [FXGL Background Thread 3 ] DEBUG Engine               - urlLeaderboard: http://fxgl-top.herokuapp.com/
01:42:22.920 [FXGL Background Thread 3 ] DEBUG Engine               - urlPOM: https://raw.githubusercontent.com/AlmasB/FXGL/release/README.md
01:42:22.920 [FXGL Background Thread 3 ] DEBUG Engine               - userAppClass: class com.example.demo.HelloController
01:42:22.920 [FXGL Background Thread 3 ] DEBUG Engine               - version: 0.0
01:42:22.920 [FXGL Background Thread 3 ] DEBUG Engine               - versionCheckDays: 7
01:42:22.920 [FXGL Background Thread 3 ] DEBUG Engine               - width: 1920
01:42:22.920 [FXGL Background Thread 3 ] DEBUG Engine               - Logging services
01:42:22.920 [FXGL Background Thread 3 ] DEBUG Engine               - class com.almasb.fxgl.app.services.FXGLAssetLoaderService
01:42:22.920 [FXGL Background Thread 3 ] DEBUG Engine               - class com.almasb.fxgl.app.FXGLApplication$GameApplicationService
01:42:22.920 [FXGL Background Thread 3 ] DEBUG Engine               - class com.almasb.fxgl.app.services.FXGLDialogService
01:42:22.920 [FXGL Background Thread 3 ] DEBUG Engine               - class com.almasb.fxgl.app.services.IOTaskExecutorService
01:42:22.920 [FXGL Background Thread 3 ] DEBUG Engine               - class com.almasb.fxgl.io.FileSystemService
01:42:22.920 [FXGL Background Thread 3 ] DEBUG Engine               - class com.almasb.fxgl.localization.LocalizationService
01:42:22.920 [FXGL Background Thread 3 ] DEBUG Engine               - class com.almasb.fxgl.app.services.SystemBundleService
01:42:22.920 [FXGL Background Thread 3 ] DEBUG Engine               - class com.almasb.fxgl.profile.SaveLoadService
01:42:22.920 [FXGL Background Thread 3 ] DEBUG Engine               - class com.almasb.fxgl.ui.FXGLUIFactoryServiceProvider
01:42:22.920 [FXGL Background Thread 3 ] DEBUG Engine               - class com.almasb.fxgl.ui.FXGLDialogFactoryServiceProvider
01:42:22.921 [FXGL Background Thread 3 ] DEBUG Engine               - class com.almasb.fxgl.audio.AudioPlayer
01:42:22.921 [FXGL Background Thread 3 ] DEBUG Engine               - class com.almasb.fxgl.notification.impl.NotificationServiceProvider
01:42:22.921 [FXGL Background Thread 3 ] DEBUG Engine               - class com.almasb.fxgl.achievement.AchievementService
01:42:22.921 [FXGL Background Thread 3 ] DEBUG Engine               - class com.almasb.fxgl.cutscene.CutsceneService
01:42:22.921 [FXGL Background Thread 3 ] DEBUG Engine               - class com.almasb.fxgl.minigames.MiniGameService
01:42:22.921 [FXGL Background Thread 3 ] DEBUG Engine               - class com.almasb.fxgl.net.NetService
01:42:22.921 [FXGL Background Thread 3 ] DEBUG Engine               - class com.almasb.fxgl.app.services.UpdaterService
01:42:22.921 [FXGL Background Thread 3 ] DEBUG Engine               - class com.almasb.fxgl.dev.DevService
01:42:28.581 [JavaFX Application Thread] DEBUG PrimaryStageWindow   - Push state: DialogSubScene
01:42:28.581 [JavaFX Application Thread] DEBUG Input                - Clearing active input actions
01:42:28.582 [JavaFX Application Thread] DEBUG GameApplicationServi - Removing overlay from GameScene and adding to DialogSubScene
01:42:28.583 [JavaFX Application Thread] DEBUG PrimaryStageWindow   - GameScene -> DialogSubScene
01:42:29.627 [JavaFX Application Thread] DEBUG PrimaryStageWindow   - Pop state: DialogSubScene
01:42:29.627 [JavaFX Application Thread] DEBUG Input                - Clearing active input actions
01:42:29.628 [JavaFX Application Thread] DEBUG GameApplicationServi - Removing overlay from DialogSubScene and adding to GameScene
01:42:29.629 [JavaFX Application Thread] DEBUG PrimaryStageWindow   - GameScene <- DialogSubScene
01:42:29.629 [JavaFX Application Thread] DEBUG FXGLApplication      - Exiting FXGL
01:42:29.629 [JavaFX Application Thread] DEBUG LoopRunner           - Stopping loop
01:42:29.629 [JavaFX Application Thread] DEBUG SystemBundleService  - Saving FXGL system data
01:42:29.631 [JavaFX Application Thread] DEBUG FileSystemAccess     - Writing to: C:\Users\zyla\demoGame4OOP\system\fxgl.bundle
01:42:29.632 [JavaFX Application Thread] DEBUG Async                - Shutting down background threads
01:42:29.632 [JavaFX Application Thread] DEBUG PrimaryStageWindow   - Closing main window
01:42:29.667 [JavaFX Application Thread] DEBUG Logger               - Closing Logger
