01:41:25.615 [main                     ] DEBUG Logger               - Configured Logger
01:41:25.618 [main                     ] DEBUG GameApplication      - Logging settings
Title: Stictactics
Version: 0.0
Width: 1920
Height: 1080
Fullscreen: false
Intro: false
Profiling: false
Single step:false
App Mode: DEVELOPER
Menu Key: ESCAPE
Stage Style: DECORATED
Scene Factory: class com.example.demo.MySceneFactory

01:41:26.015 [JavaFX Application Thread] DEBUG FXGLApplication      - Initializing FXGL
01:41:26.017 [JavaFX Application Thread] INFO  Engine               - FXGL-11.17 (16.07.2021 15.46) on WINDOWS (J:23.0.2 FX:17.0.6)
01:41:26.017 [JavaFX Application Thread] DEBUG Engine               - JRE Vendor Name: Amazon.com Inc.
01:41:26.018 [JavaFX Application Thread] DEBUG Engine               - Running on OS: Windows 11 version 10.0
01:41:26.018 [JavaFX Application Thread] DEBUG Engine               - Architecture: amd64
01:41:26.018 [JavaFX Application Thread] INFO  Engine               - Source code and latest versions at: https://github.com/AlmasB/FXGL
01:41:26.018 [JavaFX Application Thread] INFO  Engine               -              Join the FXGL chat at: https://gitter.im/AlmasB/FXGL
01:41:26.125 [JavaFX Application Thread] DEBUG PrimaryStageWindow   - Creating a JavaFX scene
01:41:26.125 [JavaFX Application Thread] DEBUG PrimaryStageWindow   - Target size > screen size
01:41:26.178 [JavaFX Application Thread] DEBUG PrimaryStageWindow   - Target settings size: 1920.0 x 1080.0
01:41:26.178 [JavaFX Application Thread] DEBUG PrimaryStageWindow   - Scaled scene size:    1255.0 x 720.0
01:41:26.178 [JavaFX Application Thread] DEBUG PrimaryStageWindow   - Scaled ratio: (0.6536458333333334, 0.6666666666666666)
01:41:26.179 [JavaFX Application Thread] DEBUG PrimaryStageWindow   - Set initial scene to FXGLStartupScene
01:41:26.187 [JavaFX Application Thread] DEBUG PrimaryStageWindow   - Opening main window
01:41:26.287 [JavaFX Application Thread] DEBUG PrimaryStageWindow   - Window border size: (16.0, 39.0)
01:41:26.287 [JavaFX Application Thread] DEBUG PrimaryStageWindow   - Scaled size: 1255.0 x 720.0
01:41:26.287 [JavaFX Application Thread] DEBUG PrimaryStageWindow   - Scaled ratio: (0.6536458333333334, 0.6666666666666666)
01:41:26.287 [JavaFX Application Thread] DEBUG PrimaryStageWindow   - Scene size: 1255.0 x 720.0
01:41:26.287 [JavaFX Application Thread] DEBUG PrimaryStageWindow   - Stage size: 1271.0 x 759.0
01:41:26.295 [FXGL Background Thread 1 ] DEBUG Engine               - Initializing environment variables
01:41:26.435 [FXGL Background Thread 1 ] DEBUG FXGLAssetLoaderServi - User app class for loading assets: class com.example.demo.HelloController
01:41:26.435 [FXGL Background Thread 1 ] DEBUG GameApplicationServi - Applying CSS: fxgl_dark.css
01:41:26.437 [FXGL Background Thread 1 ] DEBUG FXGLAssetLoaderServi - Loading from file system: jar:file:///C:/Users/zyla/.m2/repository/com/github/almasb/fxgl/11.17/fxgl-11.17.jar!/fxglassets/ui/css/fxgl_dark.css
01:41:26.501 [FXGL Background Thread 1 ] DEBUG GameApplicationServi - Initializing application scenes
01:41:26.634 [FXGL Background Thread 1 ] DEBUG GameWorld            - Game world initialized
01:41:26.722 [FXGL Background Thread 1 ] DEBUG PhysicsWorld         - Physics world initialized: appHeight=1080, physics.ppm=50.0
01:41:26.723 [FXGL Background Thread 1 ] DEBUG PhysicsWorld         - Using strategy: BRUTE_FORCE
01:41:26.725 [FXGL Background Thread 1 ] DEBUG GameScene            - Game scene initialized: 1920x1080
01:41:26.909 [FXGL Background Thread 1 ] DEBUG GameApplicationServi - Application scenes initialized
01:41:26.924 [FXGL Background Thread 1 ] DEBUG SystemBundleService  - Loading FXGL system data
01:41:26.933 [FXGL Background Thread 1 ] DEBUG FileSystemAccess     - Reading from: C:\Users\zyla\demoGame4OOP\system\fxgl.bundle
01:41:26.943 [FXGL Background Thread 1 ] DEBUG SystemBundleService  - Bundle FXGL: {}
01:41:26.943 [FXGL Background Thread 1 ] DEBUG UpdaterService       - Checking for updates
01:41:26.951 [FXGL Background Thread 4 ] DEBUG FXGLApplication      - Loading fonts
01:41:26.951 [FXGL Background Thread 1 ] DEBUG FXGLApplication      - Loading default localization
01:41:26.951 [FXGL Background Thread 1 ] DEBUG FXGLAssetLoaderServi - Loading from file system: jar:file:///C:/Users/zyla/.m2/repository/com/github/almasb/fxgl/11.17/fxgl-11.17.jar!/fxglassets/languages/english.lang
01:41:26.951 [FXGL Background Thread 4 ] DEBUG FXGLAssetLoaderServi - Loading from file system: jar:file:///C:/Users/zyla/.m2/repository/com/github/almasb/fxgl/11.17/fxgl-11.17.jar!/fxglassets/ui/fonts/VarelaRound-Regular.ttf
01:41:26.992 [FXGL Background Thread 1 ] INFO  FXGLApplication      - FXGL initialization took: 0.696 sec
01:41:27.017 [JavaFX Application Thread] DEBUG Input                - Registered new binding: Pause Game - Esc
01:41:27.018 [JavaFX Application Thread] DEBUG Input                - Registered new binding: P1Left - A
01:41:27.018 [JavaFX Application Thread] DEBUG Input                - Registered new binding: P1Right - D
01:41:27.018 [JavaFX Application Thread] DEBUG Input                - Registered new binding: P1Jump - W
01:41:27.018 [JavaFX Application Thread] DEBUG Input                - Registered new binding: P1Punch - F
01:41:27.018 [JavaFX Application Thread] DEBUG Input                - Registered new binding: P1EnhancedPunch - E
01:41:27.019 [JavaFX Application Thread] DEBUG Input                - Registered new binding: P1Ult - Q
01:41:27.019 [JavaFX Application Thread] DEBUG Input                - Registered new binding: P2Left - Left
01:41:27.019 [JavaFX Application Thread] DEBUG Input                - Registered new binding: P2Right - Right
01:41:27.019 [JavaFX Application Thread] DEBUG Input                - Registered new binding: P2Jump - Up
01:41:27.019 [JavaFX Application Thread] DEBUG Input                - Registered new binding: P2Punch - H
01:41:27.020 [JavaFX Application Thread] DEBUG Input                - Registered new binding: P2EnhancedPunch - U
01:41:27.020 [JavaFX Application Thread] DEBUG Input                - Registered new binding: P2Ult - O
01:41:27.030 [JavaFX Application Thread] WARN  FXGLAssetLoaderServi - Asset "/assets/textures//assets/textures/background-intro.mp4" was not found!
01:41:27.030 [JavaFX Application Thread] WARN  FXGLAssetLoaderServi - Failed to load IMAGE
01:41:27.049 [FXGL Background Thread 4 ] DEBUG FXGLAssetLoaderServi - Loading from file system: jar:file:///C:/Users/zyla/.m2/repository/com/github/almasb/fxgl/11.17/fxgl-11.17.jar!/fxglassets/ui/fonts/Abel-Regular.ttf
01:41:27.080 [FXGL Background Thread 4 ] DEBUG FXGLAssetLoaderServi - Loading from file system: jar:file:///C:/Users/zyla/.m2/repository/com/github/almasb/fxgl/11.17/fxgl-11.17.jar!/fxglassets/ui/fonts/lucida_console.ttf
01:41:27.099 [FXGL Background Thread 4 ] DEBUG FXGLAssetLoaderServi - Loading from file system: jar:file:///C:/Users/zyla/.m2/repository/com/github/almasb/fxgl/11.17/fxgl-11.17.jar!/fxglassets/ui/fonts/Courier-Prime.ttf
01:41:27.156 [JavaFX Application Thread] DEBUG FXGLAssetLoaderServi - Loading from file system: jar:file:///C:/Users/zyla/.m2/repository/com/github/almasb/fxgl/11.17/fxgl-11.17.jar!/fxglassets/textures/fxgl_icon.png
01:41:27.224 [JavaFX Application Thread] DEBUG FXGLAssetLoaderServi - Loading from file system: jar:file:///C:/Users/zyla/.m2/repository/com/github/almasb/fxgl/11.17/fxgl-11.17.jar!/fxglassets/textures/fxgl_default_cursor.png
01:41:27.231 [JavaFX Application Thread] DEBUG Input                - Registered new binding: Screenshot - CTRL+8
01:41:27.232 [JavaFX Application Thread] DEBUG Input                - Registered new binding: System info dump - CTRL+9
01:41:27.232 [JavaFX Application Thread] DEBUG Input                - Registered new binding: Restart - CTRL+R
01:41:27.232 [JavaFX Application Thread] DEBUG Input                - Registered new binding: Toggle Debug Camera - CTRL+C
01:41:27.236 [JavaFX Application Thread] DEBUG LoopRunner           - Starting loop
01:41:27.237 [JavaFX Application Thread] DEBUG LoopRunner           - Initializing JavaFX AnimationTimerLoop
01:41:27.241 [JavaFX Application Thread] DEBUG Input                - Clearing active input actions
01:41:27.278 [JavaFX Application Thread] DEBUG GameApplicationServi - Removing overlay from FXGLStartupScene and adding to FXGLMainMenuDummyScene
01:41:27.279 [JavaFX Application Thread] DEBUG PrimaryStageWindow   - FXGLStartupScene -> FXGLMainMenuDummyScene
01:41:27.279 [JavaFX Application Thread] DEBUG PrimaryStageWindow   - Push state: CustomMainMenu
01:41:27.279 [JavaFX Application Thread] DEBUG Input                - Clearing active input actions
01:41:27.294 [JavaFX Application Thread] DEBUG GameApplicationServi - Removing overlay from FXGLMainMenuDummyScene and adding to CustomMainMenu
01:41:27.295 [JavaFX Application Thread] DEBUG PrimaryStageWindow   - FXGLMainMenuDummyScene -> CustomMainMenu
01:41:27.298 [JavaFX Application Thread] DEBUG FXGLApplication      - Registering font factories with UI factory
01:41:27.910 [FXGL Background Thread 2 ] INFO  UpdaterService       - Your current version:  11.17
01:41:27.910 [FXGL Background Thread 2 ] INFO  UpdaterService       - Latest stable version: 21.1
01:41:28.069 [JavaFX Application Thread] DEBUG Menu                 - fireNewGame()
01:41:28.069 [JavaFX Application Thread] DEBUG GameApplicationServi - Starting new game
01:41:28.070 [JavaFX Application Thread] DEBUG PrimaryStageWindow   - Pop state: CustomMainMenu
01:41:28.070 [JavaFX Application Thread] DEBUG Input                - Clearing active input actions
01:41:28.070 [JavaFX Application Thread] DEBUG GameApplicationServi - Removing overlay from CustomMainMenu and adding to FXGLMainMenuDummyScene
01:41:28.070 [JavaFX Application Thread] DEBUG PrimaryStageWindow   - FXGLMainMenuDummyScene <- CustomMainMenu
01:41:28.070 [JavaFX Application Thread] DEBUG Input                - Clearing active input actions
01:41:28.081 [JavaFX Application Thread] DEBUG GameApplicationServi - Removing overlay from FXGLMainMenuDummyScene and adding to FXGLLoadingScene
01:41:28.081 [JavaFX Application Thread] DEBUG PrimaryStageWindow   - FXGLMainMenuDummyScene -> FXGLLoadingScene
01:41:28.081 [JavaFX Application Thread] DEBUG GameApplicationServi - Clearing previous game
01:41:28.082 [JavaFX Application Thread] DEBUG GameScene            - Clearing game scene
01:41:28.082 [JavaFX Application Thread] DEBUG GameWorld            - Clearing game world
01:41:28.082 [JavaFX Application Thread] DEBUG PhysicsWorld         - Clearing physics world
01:41:28.087 [FXGL Background Thread 2 ] DEBUG FXGLApplication      - Initializing game
01:41:28.279 [FXGL Background Thread 2 ] WARN  TMXLevelLoader       - TiledMap generated from 1.11.2. Supported version: 1.2.3. Some features may not be parsed fully.
01:41:28.302 [FXGL Background Thread 2 ] DEBUG TMXLevelLoader       - Parsed TiledMap: file:/C:/Users/zyla/demoGame4OOP/target/classes/assets/levels/tmx/map5.tmx
01:41:28.303 [FXGL Background Thread 2 ] DEBUG TMXLevelLoader       - Creating tile layer entities
01:41:28.304 [FXGL Background Thread 2 ] DEBUG TilesetLoader        - Loading view for layer Tile Layer 1
01:41:28.310 [FXGL Background Thread 2 ] DEBUG TilesetLoader        - Created buffer with size 1920.0x1088.0
01:41:28.519 [FXGL Background Thread 2 ] DEBUG TMXLevelLoader       - Creating object layer entities
01:41:28.585 [FXGL Background Thread 2 ] DEBUG GameWorld            - Clearing removable entities
01:41:28.587 [FXGL Background Thread 2 ] DEBUG GameWorld            - Setting level: com.almasb.fxgl.entity.level.Level@3d035f5a
01:41:28.635 [FXGL Background Thread 2 ] DEBUG FXGLAssetLoaderServi - Loading from file system: file:/C:/Users/zyla/demoGame4OOP/target/classes/assets/textures/character_2/knight_idle.png
01:41:28.679 [FXGL Background Thread 2 ] DEBUG FXGLAssetLoaderServi - Loading from file system: file:/C:/Users/zyla/demoGame4OOP/target/classes/assets/textures/character_2/knight_walk.png
01:41:28.690 [FXGL Background Thread 2 ] DEBUG FXGLAssetLoaderServi - Loading from file system: file:/C:/Users/zyla/demoGame4OOP/target/classes/assets/textures/fighter_attack_enhanced_p2.png
01:41:28.698 [FXGL Background Thread 2 ] DEBUG FXGLAssetLoaderServi - Loading from file system: file:/C:/Users/zyla/demoGame4OOP/target/classes/assets/textures/character_2/knight_jump.png
01:41:28.705 [FXGL Background Thread 2 ] DEBUG FXGLAssetLoaderServi - Loading from file system: file:/C:/Users/zyla/demoGame4OOP/target/classes/assets/textures/character_2/knight_combo.png
01:41:28.715 [FXGL Background Thread 2 ] DEBUG FXGLAssetLoaderServi - Loading from file system: file:/C:/Users/zyla/demoGame4OOP/target/classes/assets/textures/fighter_ult_P2.png
01:41:28.762 [FXGL Background Thread 2 ] DEBUG FXGLAssetLoaderServi - Loading from file system: file:/C:/Users/zyla/demoGame4OOP/target/classes/assets/textures/fighter_hit.png
01:41:28.777 [FXGL Background Thread 2 ] DEBUG FXGLAssetLoaderServi - Loading from file system: file:/C:/Users/zyla/demoGame4OOP/target/classes/assets/textures/fighter_idle_P2.png
01:41:28.785 [FXGL Background Thread 2 ] DEBUG FXGLAssetLoaderServi - Loading from file system: file:/C:/Users/zyla/demoGame4OOP/target/classes/assets/textures/fighter_walk_P2.png
01:41:28.800 [FXGL Background Thread 2 ] DEBUG FXGLAssetLoaderServi - Loading from file system: file:/C:/Users/zyla/demoGame4OOP/target/classes/assets/textures/fighter_jump_P2.png
01:41:28.808 [FXGL Background Thread 2 ] DEBUG FXGLAssetLoaderServi - Loading from file system: file:/C:/Users/zyla/demoGame4OOP/target/classes/assets/textures/fighter_attack_P2.png
01:41:28.836 [FXGL Background Thread 2 ] INFO  FXGLApplication      - Game initialization took: 0.748 sec
01:41:28.837 [JavaFX Application Thread] DEBUG Input                - Clearing active input actions
01:41:28.854 [JavaFX Application Thread] DEBUG GameApplicationServi - Removing overlay from FXGLLoadingScene and adding to GameScene
01:41:28.855 [JavaFX Application Thread] DEBUG PrimaryStageWindow   - FXGLLoadingScene -> GameScene
01:41:29.950 [FXGL Background Thread 3 ] DEBUG Engine               - Logging environment variables
01:41:29.950 [FXGL Background Thread 3 ] DEBUG Engine               - achievements: []
01:41:29.950 [FXGL Background Thread 3 ] DEBUG Engine               - actualHeight: 720.0
01:41:29.950 [FXGL Background Thread 3 ] DEBUG Engine               - actualHeightProperty: ReadOnlyDoubleProperty [value: 720.0]
01:41:29.951 [FXGL Background Thread 3 ] DEBUG Engine               - actualWidth: 1255.0
01:41:29.951 [FXGL Background Thread 3 ] DEBUG Engine               - actualWidthProperty: ReadOnlyDoubleProperty [value: 1255.0]
01:41:29.951 [FXGL Background Thread 3 ] DEBUG Engine               - appIcon: fxgl_icon.png
01:41:29.951 [FXGL Background Thread 3 ] DEBUG Engine               - applicationMode: DEVELOPER
01:41:29.951 [FXGL Background Thread 3 ] DEBUG Engine               - cSSList: [fxgl_dark.css]
01:41:29.951 [FXGL Background Thread 3 ] DEBUG Engine               - collisionDetectionStrategy: BRUTE_FORCE
01:41:29.951 [FXGL Background Thread 3 ] DEBUG Engine               - configClass: Optional.empty
01:41:29.951 [FXGL Background Thread 3 ] DEBUG Engine               - credits: []
01:41:29.951 [FXGL Background Thread 3 ] DEBUG Engine               - defaultCursor: CursorInfo(imageName=fxgl_default_cursor.png, hotspotX=7.0, hotspotY=6.0)
01:41:29.951 [FXGL Background Thread 3 ] DEBUG Engine               - devBBoxColorProperty: ObjectProperty [value: 0xff0000ff]
01:41:29.951 [FXGL Background Thread 3 ] DEBUG Engine               - devEnableDebugCameraProperty: BooleanProperty [value: false]
01:41:29.952 [FXGL Background Thread 3 ] DEBUG Engine               - devSensorColorProperty: ObjectProperty [value: 0xffff00ff]
01:41:29.953 [FXGL Background Thread 3 ] DEBUG Engine               - devShowBBoxProperty: BooleanProperty [value: false]
01:41:29.953 [FXGL Background Thread 3 ] DEBUG Engine               - devShowPositionProperty: BooleanProperty [value: false]
01:41:29.953 [FXGL Background Thread 3 ] DEBUG Engine               - enabledMenuItems: []
01:41:29.954 [FXGL Background Thread 3 ] DEBUG Engine               - engineServices: [class com.almasb.fxgl.app.services.FXGLAssetLoaderService, class com.almasb.fxgl.app.FXGLApplication$GameApplicationService, class com.almasb.fxgl.app.services.FXGLDialogService, class com.almasb.fxgl.app.services.IOTaskExecutorService, class com.almasb.fxgl.io.FileSystemService, class com.almasb.fxgl.localization.LocalizationService, class com.almasb.fxgl.app.services.SystemBundleService, class com.almasb.fxgl.profile.SaveLoadService, class com.almasb.fxgl.ui.FXGLUIFactoryServiceProvider, class com.almasb.fxgl.ui.FXGLDialogFactoryServiceProvider, class com.almasb.fxgl.audio.AudioPlayer, class com.almasb.fxgl.notification.impl.NotificationServiceProvider, class com.almasb.fxgl.achievement.AchievementService, class com.almasb.fxgl.cutscene.CutsceneService, class com.almasb.fxgl.minigames.MiniGameService, class com.almasb.fxgl.net.NetService, class com.almasb.fxgl.app.services.UpdaterService, class com.almasb.fxgl.dev.DevService]
01:41:29.954 [FXGL Background Thread 3 ] DEBUG Engine               - fontGame: Abel-Regular.ttf
01:41:29.954 [FXGL Background Thread 3 ] DEBUG Engine               - fontMono: lucida_console.ttf
01:41:29.954 [FXGL Background Thread 3 ] DEBUG Engine               - fontText: Courier-Prime.ttf
01:41:29.955 [FXGL Background Thread 3 ] DEBUG Engine               - fontUI: VarelaRound-Regular.ttf
01:41:29.955 [FXGL Background Thread 3 ] DEBUG Engine               - fullScreen: BooleanProperty [value: false]
01:41:29.955 [FXGL Background Thread 3 ] DEBUG Engine               - gameDifficulty: MEDIUM
01:41:29.955 [FXGL Background Thread 3 ] DEBUG Engine               - gameDifficultyProperty: ObjectProperty [value: MEDIUM]
01:41:29.955 [FXGL Background Thread 3 ] DEBUG Engine               - globalMusicVolume: 0.5
01:41:29.955 [FXGL Background Thread 3 ] DEBUG Engine               - globalMusicVolumeProperty: DoubleProperty [value: 0.5]
01:41:29.955 [FXGL Background Thread 3 ] DEBUG Engine               - globalSoundVolume: 0.5
01:41:29.958 [FXGL Background Thread 3 ] DEBUG Engine               - globalSoundVolumeProperty: DoubleProperty [value: 0.5]
01:41:29.959 [FXGL Background Thread 3 ] DEBUG Engine               - height: 1080
01:41:29.959 [FXGL Background Thread 3 ] DEBUG Engine               - is3D: false
01:41:29.959 [FXGL Background Thread 3 ] DEBUG Engine               - isAndroid: false
01:41:29.959 [FXGL Background Thread 3 ] DEBUG Engine               - isBrowser: false
01:41:29.959 [FXGL Background Thread 3 ] DEBUG Engine               - isClickFeedbackEnabled: false
01:41:29.959 [FXGL Background Thread 3 ] DEBUG Engine               - isCloseConfirmation: true
01:41:29.959 [FXGL Background Thread 3 ] DEBUG Engine               - isDesktop: true
01:41:29.959 [FXGL Background Thread 3 ] DEBUG Engine               - isDeveloperMenuEnabled: false
01:41:29.959 [FXGL Background Thread 3 ] DEBUG Engine               - isEntityPreloadEnabled: true
01:41:29.959 [FXGL Background Thread 3 ] DEBUG Engine               - isExperimentalTiledLargeMap: false
01:41:29.959 [FXGL Background Thread 3 ] DEBUG Engine               - isFileSystemWriteAllowed: true
01:41:29.959 [FXGL Background Thread 3 ] DEBUG Engine               - isFullScreenAllowed: false
01:41:29.959 [FXGL Background Thread 3 ] DEBUG Engine               - isFullScreenFromStart: false
01:41:29.959 [FXGL Background Thread 3 ] DEBUG Engine               - isGameMenuEnabled: false
01:41:29.959 [FXGL Background Thread 3 ] DEBUG Engine               - isIOS: false
01:41:29.959 [FXGL Background Thread 3 ] DEBUG Engine               - isIntroEnabled: false
01:41:29.959 [FXGL Background Thread 3 ] DEBUG Engine               - isLinux: false
01:41:29.959 [FXGL Background Thread 3 ] DEBUG Engine               - isMac: false
01:41:29.959 [FXGL Background Thread 3 ] DEBUG Engine               - isMainMenuEnabled: true
01:41:29.959 [FXGL Background Thread 3 ] DEBUG Engine               - isManualResizeEnabled: false
01:41:29.960 [FXGL Background Thread 3 ] DEBUG Engine               - isMobile: false
01:41:29.960 [FXGL Background Thread 3 ] DEBUG Engine               - isNative: false
01:41:29.960 [FXGL Background Thread 3 ] DEBUG Engine               - isPauseMusicWhenMinimized: true
01:41:29.960 [FXGL Background Thread 3 ] DEBUG Engine               - isPreserveResizeRatio: false
01:41:29.960 [FXGL Background Thread 3 ] DEBUG Engine               - isProfilingEnabled: false
01:41:29.960 [FXGL Background Thread 3 ] DEBUG Engine               - isScaleAffectedOnResize: true
01:41:29.960 [FXGL Background Thread 3 ] DEBUG Engine               - isSingleStep: false
01:41:29.960 [FXGL Background Thread 3 ] DEBUG Engine               - isUserProfileEnabled: false
01:41:29.960 [FXGL Background Thread 3 ] DEBUG Engine               - isWindows: true
01:41:29.960 [FXGL Background Thread 3 ] DEBUG Engine               - language: ObjectProperty [value: ENGLISH]
01:41:29.960 [FXGL Background Thread 3 ] DEBUG Engine               - menuKey: ESCAPE
01:41:29.960 [FXGL Background Thread 3 ] DEBUG Engine               - mouseSensitivity: 0.2
01:41:29.960 [FXGL Background Thread 3 ] DEBUG Engine               - notificationViewClass: class com.almasb.fxgl.notification.view.XboxNotificationView
01:41:29.960 [FXGL Background Thread 3 ] DEBUG Engine               - pixelsPerMeter: 50.0
01:41:29.960 [FXGL Background Thread 3 ] DEBUG Engine               - platform: WINDOWS
01:41:29.962 [FXGL Background Thread 3 ] DEBUG Engine               - prefHeightProperty: ReadOnlyDoubleProperty [value: 1080.0]
01:41:29.963 [FXGL Background Thread 3 ] DEBUG Engine               - prefWidthProperty: ReadOnlyDoubleProperty [value: 1920.0]
01:41:29.963 [FXGL Background Thread 3 ] DEBUG Engine               - profileDir: profiles/
01:41:29.964 [FXGL Background Thread 3 ] DEBUG Engine               - profileName: StringProperty [value: DEFAULT]
01:41:29.964 [FXGL Background Thread 3 ] DEBUG Engine               - randomSeed: -1
01:41:29.964 [FXGL Background Thread 3 ] DEBUG Engine               - runtimeInfo: RuntimeInfo(platform=WINDOWS, version=11.17, build=16.07.2021 15.46)
01:41:29.964 [FXGL Background Thread 3 ] DEBUG Engine               - saveFileExt: sav
01:41:29.965 [FXGL Background Thread 3 ] DEBUG Engine               - scaledHeightProp$fxgl: DoubleProperty [bound, value: 720.0]
01:41:29.965 [FXGL Background Thread 3 ] DEBUG Engine               - scaledWidthProp$fxgl: DoubleProperty [bound, value: 1255.0]
01:41:29.965 [FXGL Background Thread 3 ] DEBUG Engine               - sceneFactory: com.example.demo.MySceneFactory@5fac8571
01:41:29.967 [FXGL Background Thread 3 ] DEBUG Engine               - secondsIn24h: 60
01:41:29.967 [FXGL Background Thread 3 ] DEBUG Engine               - soundMenuBack: menu/back.wav
01:41:29.967 [FXGL Background Thread 3 ] DEBUG Engine               - soundMenuPress: menu/press.wav
01:41:29.968 [FXGL Background Thread 3 ] DEBUG Engine               - soundMenuSelect: menu/select.wav
01:41:29.968 [FXGL Background Thread 3 ] DEBUG Engine               - soundNotification: core/notification.wav
01:41:29.968 [FXGL Background Thread 3 ] DEBUG Engine               - stageStyle: DECORATED
01:41:29.969 [FXGL Background Thread 3 ] DEBUG Engine               - supportedLanguages: [ENGLISH, FRENCH, GERMAN, HUNGARIAN, RUSSIAN]
01:41:29.969 [FXGL Background Thread 3 ] DEBUG Engine               - ticksPerSecond: -1
01:41:29.969 [FXGL Background Thread 3 ] DEBUG Engine               - title: Stictactics
01:41:29.969 [FXGL Background Thread 3 ] DEBUG Engine               - urlGithub: https://github.com/AlmasB/FXGL
01:41:29.969 [FXGL Background Thread 3 ] DEBUG Engine               - urlLeaderboard: http://fxgl-top.herokuapp.com/
01:41:29.969 [FXGL Background Thread 3 ] DEBUG Engine               - urlPOM: https://raw.githubusercontent.com/AlmasB/FXGL/release/README.md
01:41:29.969 [FXGL Background Thread 3 ] DEBUG Engine               - userAppClass: class com.example.demo.HelloController
01:41:29.969 [FXGL Background Thread 3 ] DEBUG Engine               - version: 0.0
01:41:29.969 [FXGL Background Thread 3 ] DEBUG Engine               - versionCheckDays: 7
01:41:29.969 [FXGL Background Thread 3 ] DEBUG Engine               - width: 1920
01:41:29.969 [FXGL Background Thread 3 ] DEBUG Engine               - Logging services
01:41:29.969 [FXGL Background Thread 3 ] DEBUG Engine               - class com.almasb.fxgl.app.services.FXGLAssetLoaderService
01:41:29.969 [FXGL Background Thread 3 ] DEBUG Engine               - class com.almasb.fxgl.app.FXGLApplication$GameApplicationService
01:41:29.969 [FXGL Background Thread 3 ] DEBUG Engine               - class com.almasb.fxgl.app.services.FXGLDialogService
01:41:29.969 [FXGL Background Thread 3 ] DEBUG Engine               - class com.almasb.fxgl.app.services.IOTaskExecutorService
01:41:29.969 [FXGL Background Thread 3 ] DEBUG Engine               - class com.almasb.fxgl.io.FileSystemService
01:41:29.969 [FXGL Background Thread 3 ] DEBUG Engine               - class com.almasb.fxgl.localization.LocalizationService
01:41:29.969 [FXGL Background Thread 3 ] DEBUG Engine               - class com.almasb.fxgl.app.services.SystemBundleService
01:41:29.969 [FXGL Background Thread 3 ] DEBUG Engine               - class com.almasb.fxgl.profile.SaveLoadService
01:41:29.969 [FXGL Background Thread 3 ] DEBUG Engine               - class com.almasb.fxgl.ui.FXGLUIFactoryServiceProvider
01:41:29.969 [FXGL Background Thread 3 ] DEBUG Engine               - class com.almasb.fxgl.ui.FXGLDialogFactoryServiceProvider
01:41:29.969 [FXGL Background Thread 3 ] DEBUG Engine               - class com.almasb.fxgl.audio.AudioPlayer
01:41:29.969 [FXGL Background Thread 3 ] DEBUG Engine               - class com.almasb.fxgl.notification.impl.NotificationServiceProvider
01:41:29.969 [FXGL Background Thread 3 ] DEBUG Engine               - class com.almasb.fxgl.achievement.AchievementService
01:41:29.970 [FXGL Background Thread 3 ] DEBUG Engine               - class com.almasb.fxgl.cutscene.CutsceneService
01:41:29.970 [FXGL Background Thread 3 ] DEBUG Engine               - class com.almasb.fxgl.minigames.MiniGameService
01:41:29.970 [FXGL Background Thread 3 ] DEBUG Engine               - class com.almasb.fxgl.net.NetService
01:41:29.970 [FXGL Background Thread 3 ] DEBUG Engine               - class com.almasb.fxgl.app.services.UpdaterService
01:41:29.970 [FXGL Background Thread 3 ] DEBUG Engine               - class com.almasb.fxgl.dev.DevService
01:41:33.092 [JavaFX Application Thread] DEBUG PrimaryStageWindow   - Push state: CustomPauseMenu
01:41:33.092 [JavaFX Application Thread] DEBUG Input                - Clearing active input actions
01:41:33.093 [JavaFX Application Thread] DEBUG GameApplicationServi - Removing overlay from GameScene and adding to CustomPauseMenu
01:41:33.094 [JavaFX Application Thread] DEBUG PrimaryStageWindow   - GameScene -> CustomPauseMenu
01:41:36.515 [JavaFX Application Thread] DEBUG Menu                 - fireExitToMainMenu()
01:41:36.526 [JavaFX Application Thread] DEBUG PrimaryStageWindow   - Push state: DialogSubScene
01:41:36.526 [JavaFX Application Thread] DEBUG Input                - Clearing active input actions
01:41:36.526 [JavaFX Application Thread] DEBUG GameApplicationServi - Removing overlay from CustomPauseMenu and adding to DialogSubScene
01:41:36.526 [JavaFX Application Thread] DEBUG PrimaryStageWindow   - CustomPauseMenu -> DialogSubScene
01:41:37.113 [JavaFX Application Thread] DEBUG PrimaryStageWindow   - Pop state: DialogSubScene
01:41:37.113 [JavaFX Application Thread] DEBUG Input                - Clearing active input actions
01:41:37.115 [JavaFX Application Thread] DEBUG GameApplicationServi - Removing overlay from DialogSubScene and adding to CustomPauseMenu
01:41:37.115 [JavaFX Application Thread] DEBUG PrimaryStageWindow   - CustomPauseMenu <- DialogSubScene
01:41:37.115 [JavaFX Application Thread] DEBUG PrimaryStageWindow   - Pop state: CustomPauseMenu
01:41:37.115 [JavaFX Application Thread] DEBUG Input                - Clearing active input actions
01:41:37.115 [JavaFX Application Thread] DEBUG GameApplicationServi - Removing overlay from CustomPauseMenu and adding to GameScene
01:41:37.115 [JavaFX Application Thread] DEBUG PrimaryStageWindow   - GameScene <- CustomPauseMenu
01:41:37.115 [JavaFX Application Thread] DEBUG Input                - Clearing active input actions
01:41:37.123 [JavaFX Application Thread] DEBUG GameApplicationServi - Removing overlay from GameScene and adding to FXGLMainMenuDummyScene
01:41:37.123 [JavaFX Application Thread] DEBUG PrimaryStageWindow   - GameScene -> FXGLMainMenuDummyScene
01:41:37.123 [JavaFX Application Thread] DEBUG PrimaryStageWindow   - Push state: CustomMainMenu
01:41:37.123 [JavaFX Application Thread] DEBUG Input                - Clearing active input actions
01:41:37.126 [JavaFX Application Thread] DEBUG GameApplicationServi - Removing overlay from FXGLMainMenuDummyScene and adding to CustomMainMenu
01:41:37.127 [JavaFX Application Thread] DEBUG PrimaryStageWindow   - FXGLMainMenuDummyScene -> CustomMainMenu
01:41:38.969 [JavaFX Application Thread] DEBUG Menu                 - fireNewGame()
01:41:38.969 [JavaFX Application Thread] DEBUG GameApplicationServi - Starting new game
01:41:38.970 [JavaFX Application Thread] DEBUG PrimaryStageWindow   - Pop state: CustomMainMenu
01:41:38.970 [JavaFX Application Thread] DEBUG Input                - Clearing active input actions
01:41:38.970 [JavaFX Application Thread] DEBUG GameApplicationServi - Removing overlay from CustomMainMenu and adding to FXGLMainMenuDummyScene
01:41:38.970 [JavaFX Application Thread] DEBUG PrimaryStageWindow   - FXGLMainMenuDummyScene <- CustomMainMenu
01:41:38.970 [JavaFX Application Thread] DEBUG Input                - Clearing active input actions
01:41:38.976 [JavaFX Application Thread] DEBUG GameApplicationServi - Removing overlay from FXGLMainMenuDummyScene and adding to FXGLLoadingScene
01:41:38.979 [JavaFX Application Thread] DEBUG PrimaryStageWindow   - FXGLMainMenuDummyScene -> FXGLLoadingScene
01:41:38.979 [JavaFX Application Thread] DEBUG GameApplicationServi - Clearing previous game
01:41:38.979 [JavaFX Application Thread] DEBUG GameScene            - Clearing game scene
01:41:38.979 [JavaFX Application Thread] DEBUG GameWorld            - Clearing game world
01:41:38.981 [JavaFX Application Thread] DEBUG PhysicsWorld         - Clearing physics world
01:41:38.982 [FXGL Background Thread 2 ] DEBUG FXGLApplication      - Initializing game
01:41:38.985 [FXGL Background Thread 2 ] WARN  TMXLevelLoader       - TiledMap generated from 1.11.2. Supported version: 1.2.3. Some features may not be parsed fully.
01:41:38.991 [FXGL Background Thread 2 ] DEBUG TMXLevelLoader       - Parsed TiledMap: file:/C:/Users/zyla/demoGame4OOP/target/classes/assets/levels/tmx/map2.tmx
01:41:38.991 [FXGL Background Thread 2 ] DEBUG TMXLevelLoader       - Creating tile layer entities
01:41:38.992 [FXGL Background Thread 2 ] DEBUG TilesetLoader        - Loading view for layer Tile Layer 1
01:41:38.992 [FXGL Background Thread 2 ] DEBUG TilesetLoader        - Created buffer with size 1984.0x1088.0
01:41:39.123 [FXGL Background Thread 2 ] DEBUG TMXLevelLoader       - Creating object layer entities
01:41:39.125 [FXGL Background Thread 2 ] DEBUG GameWorld            - Clearing removable entities
01:41:39.125 [FXGL Background Thread 2 ] DEBUG GameWorld            - Setting level: com.almasb.fxgl.entity.level.Level@735a38bc
01:41:39.183 [FXGL Background Thread 2 ] INFO  FXGLApplication      - Game initialization took: 0.201 sec
01:41:39.189 [JavaFX Application Thread] DEBUG Input                - Clearing active input actions
01:41:39.193 [JavaFX Application Thread] DEBUG GameApplicationServi - Removing overlay from FXGLLoadingScene and adding to GameScene
01:41:39.193 [JavaFX Application Thread] DEBUG PrimaryStageWindow   - FXGLLoadingScene -> GameScene
01:41:46.868 [JavaFX Application Thread] DEBUG PrimaryStageWindow   - Push state: CustomPauseMenu
01:41:46.868 [JavaFX Application Thread] DEBUG Input                - Clearing active input actions
01:41:46.869 [JavaFX Application Thread] DEBUG GameApplicationServi - Removing overlay from GameScene and adding to CustomPauseMenu
01:41:46.869 [JavaFX Application Thread] DEBUG PrimaryStageWindow   - GameScene -> CustomPauseMenu
01:41:47.627 [JavaFX Application Thread] DEBUG Menu                 - fireExitToMainMenu()
01:41:47.630 [JavaFX Application Thread] DEBUG PrimaryStageWindow   - Push state: DialogSubScene
01:41:47.630 [JavaFX Application Thread] DEBUG Input                - Clearing active input actions
01:41:47.631 [JavaFX Application Thread] DEBUG GameApplicationServi - Removing overlay from CustomPauseMenu and adding to DialogSubScene
01:41:47.632 [JavaFX Application Thread] DEBUG PrimaryStageWindow   - CustomPauseMenu -> DialogSubScene
01:41:48.411 [JavaFX Application Thread] DEBUG PrimaryStageWindow   - Pop state: DialogSubScene
01:41:48.411 [JavaFX Application Thread] DEBUG Input                - Clearing active input actions
01:41:48.413 [JavaFX Application Thread] DEBUG GameApplicationServi - Removing overlay from DialogSubScene and adding to CustomPauseMenu
01:41:48.413 [JavaFX Application Thread] DEBUG PrimaryStageWindow   - CustomPauseMenu <- DialogSubScene
01:41:49.679 [JavaFX Application Thread] DEBUG Menu                 - fireExitToMainMenu()
01:41:49.681 [JavaFX Application Thread] DEBUG PrimaryStageWindow   - Push state: DialogSubScene
01:41:49.681 [JavaFX Application Thread] DEBUG Input                - Clearing active input actions
01:41:49.682 [JavaFX Application Thread] DEBUG GameApplicationServi - Removing overlay from CustomPauseMenu and adding to DialogSubScene
01:41:49.682 [JavaFX Application Thread] DEBUG PrimaryStageWindow   - CustomPauseMenu -> DialogSubScene
01:41:50.613 [JavaFX Application Thread] DEBUG PrimaryStageWindow   - Pop state: DialogSubScene
01:41:50.613 [JavaFX Application Thread] DEBUG Input                - Clearing active input actions
01:41:50.614 [JavaFX Application Thread] DEBUG GameApplicationServi - Removing overlay from DialogSubScene and adding to CustomPauseMenu
01:41:50.614 [JavaFX Application Thread] DEBUG PrimaryStageWindow   - CustomPauseMenu <- DialogSubScene
01:41:50.614 [JavaFX Application Thread] DEBUG PrimaryStageWindow   - Pop state: CustomPauseMenu
01:41:50.614 [JavaFX Application Thread] DEBUG Input                - Clearing active input actions
01:41:50.614 [JavaFX Application Thread] DEBUG GameApplicationServi - Removing overlay from CustomPauseMenu and adding to GameScene
01:41:50.614 [JavaFX Application Thread] DEBUG PrimaryStageWindow   - GameScene <- CustomPauseMenu
01:41:50.615 [JavaFX Application Thread] DEBUG Input                - Clearing active input actions
01:41:50.620 [JavaFX Application Thread] DEBUG GameApplicationServi - Removing overlay from GameScene and adding to FXGLMainMenuDummyScene
01:41:50.621 [JavaFX Application Thread] DEBUG PrimaryStageWindow   - GameScene -> FXGLMainMenuDummyScene
01:41:50.621 [JavaFX Application Thread] DEBUG PrimaryStageWindow   - Push state: CustomMainMenu
01:41:50.621 [JavaFX Application Thread] DEBUG Input                - Clearing active input actions
01:41:50.622 [JavaFX Application Thread] DEBUG GameApplicationServi - Removing overlay from FXGLMainMenuDummyScene and adding to CustomMainMenu
01:41:50.623 [JavaFX Application Thread] DEBUG PrimaryStageWindow   - FXGLMainMenuDummyScene -> CustomMainMenu
01:41:51.115 [JavaFX Application Thread] DEBUG Menu                 - fireNewGame()
01:41:51.115 [JavaFX Application Thread] DEBUG GameApplicationServi - Starting new game
01:41:51.115 [JavaFX Application Thread] DEBUG PrimaryStageWindow   - Pop state: CustomMainMenu
01:41:51.115 [JavaFX Application Thread] DEBUG Input                - Clearing active input actions
01:41:51.115 [JavaFX Application Thread] DEBUG GameApplicationServi - Removing overlay from CustomMainMenu and adding to FXGLMainMenuDummyScene
01:41:51.115 [JavaFX Application Thread] DEBUG PrimaryStageWindow   - FXGLMainMenuDummyScene <- CustomMainMenu
01:41:51.115 [JavaFX Application Thread] DEBUG Input                - Clearing active input actions
01:41:51.119 [JavaFX Application Thread] DEBUG GameApplicationServi - Removing overlay from FXGLMainMenuDummyScene and adding to FXGLLoadingScene
01:41:51.120 [JavaFX Application Thread] DEBUG PrimaryStageWindow   - FXGLMainMenuDummyScene -> FXGLLoadingScene
01:41:51.120 [JavaFX Application Thread] DEBUG GameApplicationServi - Clearing previous game
01:41:51.120 [JavaFX Application Thread] DEBUG GameScene            - Clearing game scene
01:41:51.120 [JavaFX Application Thread] DEBUG GameWorld            - Clearing game world
01:41:51.121 [JavaFX Application Thread] DEBUG PhysicsWorld         - Clearing physics world
01:41:51.121 [FXGL Background Thread 2 ] DEBUG FXGLApplication      - Initializing game
01:41:51.126 [FXGL Background Thread 2 ] WARN  TMXLevelLoader       - TiledMap generated from 1.11.2. Supported version: 1.2.3. Some features may not be parsed fully.
01:41:51.140 [FXGL Background Thread 2 ] DEBUG TMXLevelLoader       - Parsed TiledMap: file:/C:/Users/zyla/demoGame4OOP/target/classes/assets/levels/tmx/map3.tmx
01:41:51.140 [FXGL Background Thread 2 ] DEBUG TMXLevelLoader       - Creating tile layer entities
01:41:51.140 [FXGL Background Thread 2 ] DEBUG TilesetLoader        - Loading view for layer Tile Layer 1
01:41:51.157 [FXGL Background Thread 2 ] DEBUG TilesetLoader        - Created buffer with size 1920.0x1088.0
01:41:51.263 [FXGL Background Thread 2 ] DEBUG TMXLevelLoader       - Creating object layer entities
01:41:51.264 [FXGL Background Thread 2 ] DEBUG GameWorld            - Clearing removable entities
01:41:51.264 [FXGL Background Thread 2 ] DEBUG GameWorld            - Setting level: com.almasb.fxgl.entity.level.Level@4c18a884
01:41:51.290 [FXGL Background Thread 2 ] INFO  FXGLApplication      - Game initialization took: 0.169 sec
01:41:51.295 [JavaFX Application Thread] DEBUG Input                - Clearing active input actions
01:41:51.301 [JavaFX Application Thread] DEBUG GameApplicationServi - Removing overlay from FXGLLoadingScene and adding to GameScene
01:41:51.301 [JavaFX Application Thread] DEBUG PrimaryStageWindow   - FXGLLoadingScene -> GameScene
01:42:03.332 [JavaFX Application Thread] DEBUG LoopRunner           - Pausing loop
01:42:03.334 [JavaFX Application Thread] DEBUG LoopRunner           - Pausing loop
01:42:04.337 [JavaFX Application Thread] DEBUG LoopRunner           - Resuming loop
01:42:04.337 [JavaFX Application Thread] DEBUG GameApplicationServi - Starting new game
01:42:04.337 [JavaFX Application Thread] DEBUG Input                - Clearing active input actions
01:42:04.342 [JavaFX Application Thread] DEBUG GameApplicationServi - Removing overlay from GameScene and adding to FXGLLoadingScene
01:42:04.342 [JavaFX Application Thread] DEBUG PrimaryStageWindow   - GameScene -> FXGLLoadingScene
01:42:04.342 [JavaFX Application Thread] DEBUG GameApplicationServi - Clearing previous game
01:42:04.342 [JavaFX Application Thread] DEBUG GameScene            - Clearing game scene
01:42:04.342 [JavaFX Application Thread] DEBUG GameWorld            - Clearing game world
01:42:04.343 [JavaFX Application Thread] DEBUG PhysicsWorld         - Clearing physics world
01:42:04.344 [FXGL Background Thread 2 ] DEBUG FXGLApplication      - Initializing game
01:42:04.347 [FXGL Background Thread 2 ] WARN  TMXLevelLoader       - TiledMap generated from 1.11.2. Supported version: 1.2.3. Some features may not be parsed fully.
01:42:04.354 [FXGL Background Thread 2 ] DEBUG TMXLevelLoader       - Parsed TiledMap: file:/C:/Users/zyla/demoGame4OOP/target/classes/assets/levels/tmx/map6.tmx
01:42:04.354 [FXGL Background Thread 2 ] DEBUG TMXLevelLoader       - Creating tile layer entities
01:42:04.355 [FXGL Background Thread 2 ] DEBUG TilesetLoader        - Loading view for layer Tile Layer 1
01:42:04.392 [FXGL Background Thread 2 ] DEBUG TilesetLoader        - Created buffer with size 1920.0x1088.0
01:42:04.493 [FXGL Background Thread 2 ] DEBUG TMXLevelLoader       - Creating object layer entities
01:42:04.495 [FXGL Background Thread 2 ] DEBUG GameWorld            - Clearing removable entities
01:42:04.495 [FXGL Background Thread 2 ] DEBUG GameWorld            - Setting level: com.almasb.fxgl.entity.level.Level@d0b76cb
01:42:04.503 [FXGL Background Thread 2 ] INFO  FXGLApplication      - Game initialization took: 0.159 sec
01:42:04.510 [JavaFX Application Thread] DEBUG Input                - Clearing active input actions
01:42:04.514 [JavaFX Application Thread] DEBUG GameApplicationServi - Removing overlay from FXGLLoadingScene and adding to GameScene
01:42:04.514 [JavaFX Application Thread] DEBUG PrimaryStageWindow   - FXGLLoadingScene -> GameScene
01:42:06.164 [JavaFX Application Thread] DEBUG PrimaryStageWindow   - Push state: CustomPauseMenu
01:42:06.165 [JavaFX Application Thread] DEBUG Input                - Clearing active input actions
01:42:06.165 [JavaFX Application Thread] DEBUG GameApplicationServi - Removing overlay from GameScene and adding to CustomPauseMenu
01:42:06.165 [JavaFX Application Thread] DEBUG PrimaryStageWindow   - GameScene -> CustomPauseMenu
01:42:07.733 [JavaFX Application Thread] DEBUG PrimaryStageWindow   - Push state: DialogSubScene
01:42:07.734 [JavaFX Application Thread] DEBUG Input                - Clearing active input actions
01:42:07.734 [JavaFX Application Thread] DEBUG GameApplicationServi - Removing overlay from CustomPauseMenu and adding to DialogSubScene
01:42:07.735 [JavaFX Application Thread] DEBUG PrimaryStageWindow   - CustomPauseMenu -> DialogSubScene
01:42:08.417 [JavaFX Application Thread] DEBUG PrimaryStageWindow   - Pop state: DialogSubScene
01:42:08.417 [JavaFX Application Thread] DEBUG Input                - Clearing active input actions
01:42:08.418 [JavaFX Application Thread] DEBUG GameApplicationServi - Removing overlay from DialogSubScene and adding to CustomPauseMenu
01:42:08.418 [JavaFX Application Thread] DEBUG PrimaryStageWindow   - CustomPauseMenu <- DialogSubScene
01:42:08.418 [JavaFX Application Thread] DEBUG FXGLApplication      - Exiting FXGL
01:42:08.418 [JavaFX Application Thread] DEBUG LoopRunner           - Stopping loop
01:42:08.418 [JavaFX Application Thread] DEBUG SystemBundleService  - Saving FXGL system data
01:42:08.420 [JavaFX Application Thread] DEBUG FileSystemAccess     - Writing to: C:\Users\zyla\demoGame4OOP\system\fxgl.bundle
01:42:08.420 [JavaFX Application Thread] DEBUG Async                - Shutting down background threads
01:42:08.420 [JavaFX Application Thread] DEBUG PrimaryStageWindow   - Closing main window
01:42:08.462 [JavaFX Application Thread] DEBUG Logger               - Closing Logger
