08:40:41.225 [main                     ] DEBUG Logger               - Configured Logger
08:40:41.227 [main                     ] DEBUG GameApplication      - Logging settings
Title: Stictactics
Version: 0.0
Width: 1920
Height: 1080
Fullscreen: false
Intro: false
Profiling: false
Single step:false
App Mode: DEVELOPER
Menu Key: ESCAPE
Stage Style: DECORATED
Scene Factory: class com.example.demo.Factory.MySceneFactory

08:40:41.619 [JavaFX Application Thread] DEBUG FXGLApplication      - Initializing FXGL
08:40:41.622 [JavaFX Application Thread] INFO  Engine               - FXGL-11.17 (16.07.2021 15.46) on WINDOWS (J:23.0.2 FX:17.0.6)
08:40:41.623 [JavaFX Application Thread] DEBUG Engine               - JRE Vendor Name: Amazon.com Inc.
08:40:41.623 [JavaFX Application Thread] DEBUG Engine               - Running on OS: Windows 11 version 10.0
08:40:41.623 [JavaFX Application Thread] DEBUG Engine               - Architecture: amd64
08:40:41.623 [JavaFX Application Thread] INFO  Engine               - Source code and latest versions at: https://github.com/AlmasB/FXGL
08:40:41.623 [JavaFX Application Thread] INFO  Engine               -              Join the FXGL chat at: https://gitter.im/AlmasB/FXGL
08:40:41.727 [JavaFX Application Thread] DEBUG PrimaryStageWindow   - Creating a JavaFX scene
08:40:41.727 [JavaFX Application Thread] DEBUG PrimaryStageWindow   - Target size > screen size
08:40:41.780 [JavaFX Application Thread] DEBUG PrimaryStageWindow   - Target settings size: 1920.0 x 1080.0
08:40:41.780 [JavaFX Application Thread] DEBUG PrimaryStageWindow   - Scaled scene size:    1255.0 x 720.0
08:40:41.780 [JavaFX Application Thread] DEBUG PrimaryStageWindow   - Scaled ratio: (0.6536458333333334, 0.6666666666666666)
08:40:41.782 [JavaFX Application Thread] DEBUG PrimaryStageWindow   - Set initial scene to FXGLStartupScene
08:40:41.789 [JavaFX Application Thread] DEBUG PrimaryStageWindow   - Opening main window
08:40:41.899 [JavaFX Application Thread] DEBUG PrimaryStageWindow   - Window border size: (16.0, 39.0)
08:40:41.899 [JavaFX Application Thread] DEBUG PrimaryStageWindow   - Scaled size: 1255.0 x 720.0
08:40:41.899 [JavaFX Application Thread] DEBUG PrimaryStageWindow   - Scaled ratio: (0.6536458333333334, 0.6666666666666666)
08:40:41.899 [JavaFX Application Thread] DEBUG PrimaryStageWindow   - Scene size: 1255.0 x 720.0
08:40:41.899 [JavaFX Application Thread] DEBUG PrimaryStageWindow   - Stage size: 1271.0 x 759.0
08:40:41.915 [FXGL Background Thread 1 ] DEBUG Engine               - Initializing environment variables
08:40:42.064 [FXGL Background Thread 1 ] DEBUG FXGLAssetLoaderServi - User app class for loading assets: class com.example.demo.HelloController
08:40:42.064 [FXGL Background Thread 1 ] DEBUG GameApplicationServi - Applying CSS: fxgl_dark.css
08:40:42.065 [FXGL Background Thread 1 ] DEBUG FXGLAssetLoaderServi - Loading from file system: jar:file:///C:/Users/zyla/.m2/repository/com/github/almasb/fxgl/11.17/fxgl-11.17.jar!/fxglassets/ui/css/fxgl_dark.css
08:40:42.138 [FXGL Background Thread 1 ] DEBUG GameApplicationServi - Initializing application scenes
08:40:42.267 [FXGL Background Thread 1 ] DEBUG GameWorld            - Game world initialized
08:40:42.337 [FXGL Background Thread 1 ] DEBUG PhysicsWorld         - Physics world initialized: appHeight=1080, physics.ppm=50.0
08:40:42.338 [FXGL Background Thread 1 ] DEBUG PhysicsWorld         - Using strategy: BRUTE_FORCE
08:40:42.342 [FXGL Background Thread 1 ] DEBUG GameScene            - Game scene initialized: 1920x1080
08:40:42.509 [FXGL Background Thread 1 ] DEBUG GameApplicationServi - Application scenes initialized
08:40:42.524 [FXGL Background Thread 1 ] DEBUG SystemBundleService  - Loading FXGL system data
08:40:42.530 [FXGL Background Thread 1 ] DEBUG FileSystemAccess     - Reading from: C:\Users\zyla\demoGame4OOP\system\fxgl.bundle
08:40:42.542 [FXGL Background Thread 1 ] DEBUG SystemBundleService  - Bundle FXGL: {}
08:40:42.542 [FXGL Background Thread 1 ] DEBUG UpdaterService       - Checking for updates
08:40:42.550 [FXGL Background Thread 4 ] DEBUG FXGLApplication      - Loading fonts
08:40:42.552 [FXGL Background Thread 4 ] DEBUG FXGLAssetLoaderServi - Loading from file system: jar:file:///C:/Users/zyla/.m2/repository/com/github/almasb/fxgl/11.17/fxgl-11.17.jar!/fxglassets/ui/fonts/VarelaRound-Regular.ttf
08:40:42.552 [FXGL Background Thread 1 ] DEBUG FXGLApplication      - Loading default localization
08:40:42.553 [FXGL Background Thread 1 ] DEBUG FXGLAssetLoaderServi - Loading from file system: jar:file:///C:/Users/zyla/.m2/repository/com/github/almasb/fxgl/11.17/fxgl-11.17.jar!/fxglassets/languages/english.lang
08:40:42.583 [FXGL Background Thread 1 ] INFO  FXGLApplication      - FXGL initialization took: 0.668 sec
08:40:42.603 [JavaFX Application Thread] DEBUG Input                - Registered new binding: Pause Game - Esc
08:40:42.604 [JavaFX Application Thread] DEBUG Input                - Registered new binding: P1Left - A
08:40:42.604 [JavaFX Application Thread] DEBUG Input                - Registered new binding: P1Right - D
08:40:42.604 [JavaFX Application Thread] DEBUG Input                - Registered new binding: P1Jump - W
08:40:42.604 [JavaFX Application Thread] DEBUG Input                - Registered new binding: P1Punch - F
08:40:42.604 [JavaFX Application Thread] DEBUG Input                - Registered new binding: P1EnhancedPunch - E
08:40:42.604 [JavaFX Application Thread] DEBUG Input                - Registered new binding: P1Ult - Q
08:40:42.605 [JavaFX Application Thread] DEBUG Input                - Registered new binding: P2Left - Left
08:40:42.605 [JavaFX Application Thread] DEBUG Input                - Registered new binding: P2Right - Right
08:40:42.605 [JavaFX Application Thread] DEBUG Input                - Registered new binding: P2Jump - Up
08:40:42.605 [JavaFX Application Thread] DEBUG Input                - Registered new binding: P2Punch - H
08:40:42.607 [JavaFX Application Thread] DEBUG Input                - Registered new binding: P2EnhancedPunch - U
08:40:42.607 [JavaFX Application Thread] DEBUG Input                - Registered new binding: P2Ult - O
08:40:42.616 [JavaFX Application Thread] WARN  FXGLAssetLoaderServi - Asset "/assets/textures//assets/textures/background-intro.mp4" was not found!
08:40:42.616 [JavaFX Application Thread] WARN  FXGLAssetLoaderServi - Failed to load IMAGE
08:40:42.698 [FXGL Background Thread 4 ] DEBUG FXGLAssetLoaderServi - Loading from file system: jar:file:///C:/Users/zyla/.m2/repository/com/github/almasb/fxgl/11.17/fxgl-11.17.jar!/fxglassets/ui/fonts/Abel-Regular.ttf
08:40:42.699 [JavaFX Application Thread] DEBUG FXGLAssetLoaderServi - Loading from file system: jar:file:///C:/Users/zyla/.m2/repository/com/github/almasb/fxgl/11.17/fxgl-11.17.jar!/fxglassets/textures/fxgl_icon.png
08:40:42.714 [FXGL Background Thread 4 ] DEBUG FXGLAssetLoaderServi - Loading from file system: jar:file:///C:/Users/zyla/.m2/repository/com/github/almasb/fxgl/11.17/fxgl-11.17.jar!/fxglassets/ui/fonts/lucida_console.ttf
08:40:42.734 [FXGL Background Thread 4 ] DEBUG FXGLAssetLoaderServi - Loading from file system: jar:file:///C:/Users/zyla/.m2/repository/com/github/almasb/fxgl/11.17/fxgl-11.17.jar!/fxglassets/ui/fonts/Courier-Prime.ttf
08:40:42.825 [JavaFX Application Thread] DEBUG FXGLAssetLoaderServi - Loading from file system: jar:file:///C:/Users/zyla/.m2/repository/com/github/almasb/fxgl/11.17/fxgl-11.17.jar!/fxglassets/textures/fxgl_default_cursor.png
08:40:42.828 [JavaFX Application Thread] DEBUG Input                - Registered new binding: Screenshot - CTRL+8
08:40:42.828 [JavaFX Application Thread] DEBUG Input                - Registered new binding: System info dump - CTRL+9
08:40:42.828 [JavaFX Application Thread] DEBUG Input                - Registered new binding: Restart - CTRL+R
08:40:42.829 [JavaFX Application Thread] DEBUG Input                - Registered new binding: Toggle Debug Camera - CTRL+C
08:40:42.832 [JavaFX Application Thread] DEBUG LoopRunner           - Starting loop
08:40:42.832 [JavaFX Application Thread] DEBUG LoopRunner           - Initializing JavaFX AnimationTimerLoop
08:40:42.835 [JavaFX Application Thread] DEBUG Input                - Clearing active input actions
08:40:42.857 [JavaFX Application Thread] DEBUG GameApplicationServi - Removing overlay from FXGLStartupScene and adding to FXGLMainMenuDummyScene
08:40:42.857 [JavaFX Application Thread] DEBUG PrimaryStageWindow   - FXGLStartupScene -> FXGLMainMenuDummyScene
08:40:42.858 [JavaFX Application Thread] DEBUG PrimaryStageWindow   - Push state: CustomMainMenu
08:40:42.858 [JavaFX Application Thread] DEBUG Input                - Clearing active input actions
08:40:42.864 [JavaFX Application Thread] DEBUG GameApplicationServi - Removing overlay from FXGLMainMenuDummyScene and adding to CustomMainMenu
08:40:42.865 [JavaFX Application Thread] DEBUG PrimaryStageWindow   - FXGLMainMenuDummyScene -> CustomMainMenu
08:40:43.048 [JavaFX Application Thread] DEBUG FXGLApplication      - Registering font factories with UI factory
08:40:43.906 [FXGL Background Thread 2 ] INFO  UpdaterService       - Your current version:  11.17
08:40:43.906 [FXGL Background Thread 2 ] INFO  UpdaterService       - Latest stable version: 21.1
08:40:43.925 [JavaFX Application Thread] DEBUG Menu                 - fireNewGame()
08:40:43.925 [JavaFX Application Thread] DEBUG GameApplicationServi - Starting new game
08:40:43.925 [JavaFX Application Thread] DEBUG PrimaryStageWindow   - Pop state: CustomMainMenu
08:40:43.925 [JavaFX Application Thread] DEBUG Input                - Clearing active input actions
08:40:43.925 [JavaFX Application Thread] DEBUG GameApplicationServi - Removing overlay from CustomMainMenu and adding to FXGLMainMenuDummyScene
08:40:43.926 [JavaFX Application Thread] DEBUG PrimaryStageWindow   - FXGLMainMenuDummyScene <- CustomMainMenu
08:40:43.926 [JavaFX Application Thread] DEBUG Input                - Clearing active input actions
08:40:43.933 [JavaFX Application Thread] DEBUG GameApplicationServi - Removing overlay from FXGLMainMenuDummyScene and adding to FXGLLoadingScene
08:40:43.933 [JavaFX Application Thread] DEBUG PrimaryStageWindow   - FXGLMainMenuDummyScene -> FXGLLoadingScene
08:40:43.933 [JavaFX Application Thread] DEBUG GameApplicationServi - Clearing previous game
08:40:43.933 [JavaFX Application Thread] DEBUG GameScene            - Clearing game scene
08:40:43.933 [JavaFX Application Thread] DEBUG GameWorld            - Clearing game world
08:40:43.933 [JavaFX Application Thread] DEBUG PhysicsWorld         - Clearing physics world
08:40:43.936 [FXGL Background Thread 2 ] DEBUG FXGLApplication      - Initializing game
08:40:44.049 [FXGL Background Thread 2 ] WARN  TMXLevelLoader       - TiledMap generated from 1.11.2. Supported version: 1.2.3. Some features may not be parsed fully.
08:40:44.070 [FXGL Background Thread 2 ] DEBUG TMXLevelLoader       - Parsed TiledMap: file:/C:/Users/zyla/demoGame4OOP/target/classes/assets/levels/tmx/map4.tmx
08:40:44.071 [FXGL Background Thread 2 ] DEBUG TMXLevelLoader       - Creating tile layer entities
08:40:44.075 [FXGL Background Thread 2 ] DEBUG TilesetLoader        - Loading view for layer Tile Layer 1
08:40:44.081 [FXGL Background Thread 2 ] DEBUG TilesetLoader        - Created buffer with size 1920.0x1088.0
08:40:44.362 [FXGL Background Thread 2 ] DEBUG TMXLevelLoader       - Creating object layer entities
08:40:44.412 [FXGL Background Thread 2 ] DEBUG GameWorld            - Clearing removable entities
08:40:44.413 [FXGL Background Thread 2 ] DEBUG GameWorld            - Setting level: com.almasb.fxgl.entity.level.Level@4e69535e
08:40:44.446 [FXGL Background Thread 2 ] DEBUG FXGLAssetLoaderServi - Loading from file system: file:/C:/Users/zyla/demoGame4OOP/target/classes/assets/textures/character_2/knight_idle.png
08:40:44.467 [FXGL Background Thread 2 ] DEBUG FXGLAssetLoaderServi - Loading from file system: file:/C:/Users/zyla/demoGame4OOP/target/classes/assets/textures/character_2/knight_walk.png
08:40:44.479 [FXGL Background Thread 2 ] DEBUG FXGLAssetLoaderServi - Loading from file system: file:/C:/Users/zyla/demoGame4OOP/target/classes/assets/textures/fighter_attack_enhanced_p2.png
08:40:44.493 [FXGL Background Thread 2 ] DEBUG FXGLAssetLoaderServi - Loading from file system: file:/C:/Users/zyla/demoGame4OOP/target/classes/assets/textures/character_2/knight_jump.png
08:40:44.504 [FXGL Background Thread 2 ] DEBUG FXGLAssetLoaderServi - Loading from file system: file:/C:/Users/zyla/demoGame4OOP/target/classes/assets/textures/character_2/knight_combo.png
08:40:44.517 [FXGL Background Thread 2 ] DEBUG FXGLAssetLoaderServi - Loading from file system: file:/C:/Users/zyla/demoGame4OOP/target/classes/assets/textures/fighter_ult_P2.png
08:40:44.581 [FXGL Background Thread 2 ] DEBUG FXGLAssetLoaderServi - Loading from file system: file:/C:/Users/zyla/demoGame4OOP/target/classes/assets/textures/fighter_hit.png
08:40:44.601 [FXGL Background Thread 2 ] DEBUG FXGLAssetLoaderServi - Loading from file system: file:/C:/Users/zyla/demoGame4OOP/target/classes/assets/textures/fighter_idle_P2.png
08:40:44.607 [FXGL Background Thread 2 ] DEBUG FXGLAssetLoaderServi - Loading from file system: file:/C:/Users/zyla/demoGame4OOP/target/classes/assets/textures/fighter_walk_P2.png
08:40:44.616 [FXGL Background Thread 2 ] DEBUG FXGLAssetLoaderServi - Loading from file system: file:/C:/Users/zyla/demoGame4OOP/target/classes/assets/textures/fighter_jump_P2.png
08:40:44.619 [FXGL Background Thread 2 ] DEBUG FXGLAssetLoaderServi - Loading from file system: file:/C:/Users/zyla/demoGame4OOP/target/classes/assets/textures/fighter_attack_P2.png
08:40:44.642 [FXGL Background Thread 2 ] INFO  FXGLApplication      - Game initialization took: 0.706 sec
08:40:44.646 [JavaFX Application Thread] DEBUG Input                - Clearing active input actions
08:40:44.667 [JavaFX Application Thread] DEBUG GameApplicationServi - Removing overlay from FXGLLoadingScene and adding to GameScene
08:40:44.667 [JavaFX Application Thread] DEBUG PrimaryStageWindow   - FXGLLoadingScene -> GameScene
08:40:45.548 [FXGL Background Thread 3 ] DEBUG Engine               - Logging environment variables
08:40:45.548 [FXGL Background Thread 3 ] DEBUG Engine               - achievements: []
08:40:45.548 [FXGL Background Thread 3 ] DEBUG Engine               - actualHeight: 720.0
08:40:45.549 [FXGL Background Thread 3 ] DEBUG Engine               - actualHeightProperty: ReadOnlyDoubleProperty [value: 720.0]
08:40:45.549 [FXGL Background Thread 3 ] DEBUG Engine               - actualWidth: 1255.0
08:40:45.549 [FXGL Background Thread 3 ] DEBUG Engine               - actualWidthProperty: ReadOnlyDoubleProperty [value: 1255.0]
08:40:45.549 [FXGL Background Thread 3 ] DEBUG Engine               - appIcon: fxgl_icon.png
08:40:45.549 [FXGL Background Thread 3 ] DEBUG Engine               - applicationMode: DEVELOPER
08:40:45.549 [FXGL Background Thread 3 ] DEBUG Engine               - cSSList: [fxgl_dark.css]
08:40:45.549 [FXGL Background Thread 3 ] DEBUG Engine               - collisionDetectionStrategy: BRUTE_FORCE
08:40:45.549 [FXGL Background Thread 3 ] DEBUG Engine               - configClass: Optional.empty
08:40:45.549 [FXGL Background Thread 3 ] DEBUG Engine               - credits: []
08:40:45.550 [FXGL Background Thread 3 ] DEBUG Engine               - defaultCursor: CursorInfo(imageName=fxgl_default_cursor.png, hotspotX=7.0, hotspotY=6.0)
08:40:45.550 [FXGL Background Thread 3 ] DEBUG Engine               - devBBoxColorProperty: ObjectProperty [value: 0xff0000ff]
08:40:45.550 [FXGL Background Thread 3 ] DEBUG Engine               - devEnableDebugCameraProperty: BooleanProperty [value: false]
08:40:45.550 [FXGL Background Thread 3 ] DEBUG Engine               - devSensorColorProperty: ObjectProperty [value: 0xffff00ff]
08:40:45.550 [FXGL Background Thread 3 ] DEBUG Engine               - devShowBBoxProperty: BooleanProperty [value: false]
08:40:45.550 [FXGL Background Thread 3 ] DEBUG Engine               - devShowPositionProperty: BooleanProperty [value: false]
08:40:45.550 [FXGL Background Thread 3 ] DEBUG Engine               - enabledMenuItems: []
08:40:45.551 [FXGL Background Thread 3 ] DEBUG Engine               - engineServices: [class com.almasb.fxgl.app.services.FXGLAssetLoaderService, class com.almasb.fxgl.app.FXGLApplication$GameApplicationService, class com.almasb.fxgl.app.services.FXGLDialogService, class com.almasb.fxgl.app.services.IOTaskExecutorService, class com.almasb.fxgl.io.FileSystemService, class com.almasb.fxgl.localization.LocalizationService, class com.almasb.fxgl.app.services.SystemBundleService, class com.almasb.fxgl.profile.SaveLoadService, class com.almasb.fxgl.ui.FXGLUIFactoryServiceProvider, class com.almasb.fxgl.ui.FXGLDialogFactoryServiceProvider, class com.almasb.fxgl.audio.AudioPlayer, class com.almasb.fxgl.notification.impl.NotificationServiceProvider, class com.almasb.fxgl.achievement.AchievementService, class com.almasb.fxgl.cutscene.CutsceneService, class com.almasb.fxgl.minigames.MiniGameService, class com.almasb.fxgl.net.NetService, class com.almasb.fxgl.app.services.UpdaterService, class com.almasb.fxgl.dev.DevService]
08:40:45.551 [FXGL Background Thread 3 ] DEBUG Engine               - fontGame: Abel-Regular.ttf
08:40:45.551 [FXGL Background Thread 3 ] DEBUG Engine               - fontMono: lucida_console.ttf
08:40:45.551 [FXGL Background Thread 3 ] DEBUG Engine               - fontText: Courier-Prime.ttf
08:40:45.551 [FXGL Background Thread 3 ] DEBUG Engine               - fontUI: VarelaRound-Regular.ttf
08:40:45.551 [FXGL Background Thread 3 ] DEBUG Engine               - fullScreen: BooleanProperty [value: false]
08:40:45.551 [FXGL Background Thread 3 ] DEBUG Engine               - gameDifficulty: MEDIUM
08:40:45.551 [FXGL Background Thread 3 ] DEBUG Engine               - gameDifficultyProperty: ObjectProperty [value: MEDIUM]
08:40:45.551 [FXGL Background Thread 3 ] DEBUG Engine               - globalMusicVolume: 0.5
08:40:45.551 [FXGL Background Thread 3 ] DEBUG Engine               - globalMusicVolumeProperty: DoubleProperty [value: 0.5]
08:40:45.551 [FXGL Background Thread 3 ] DEBUG Engine               - globalSoundVolume: 0.5
08:40:45.551 [FXGL Background Thread 3 ] DEBUG Engine               - globalSoundVolumeProperty: DoubleProperty [value: 0.5]
08:40:45.551 [FXGL Background Thread 3 ] DEBUG Engine               - height: 1080
08:40:45.551 [FXGL Background Thread 3 ] DEBUG Engine               - is3D: false
08:40:45.552 [FXGL Background Thread 3 ] DEBUG Engine               - isAndroid: false
08:40:45.552 [FXGL Background Thread 3 ] DEBUG Engine               - isBrowser: false
08:40:45.552 [FXGL Background Thread 3 ] DEBUG Engine               - isClickFeedbackEnabled: false
08:40:45.552 [FXGL Background Thread 3 ] DEBUG Engine               - isCloseConfirmation: true
08:40:45.552 [FXGL Background Thread 3 ] DEBUG Engine               - isDesktop: true
08:40:45.552 [FXGL Background Thread 3 ] DEBUG Engine               - isDeveloperMenuEnabled: false
08:40:45.552 [FXGL Background Thread 3 ] DEBUG Engine               - isEntityPreloadEnabled: true
08:40:45.552 [FXGL Background Thread 3 ] DEBUG Engine               - isExperimentalTiledLargeMap: false
08:40:45.552 [FXGL Background Thread 3 ] DEBUG Engine               - isFileSystemWriteAllowed: true
08:40:45.552 [FXGL Background Thread 3 ] DEBUG Engine               - isFullScreenAllowed: false
08:40:45.552 [FXGL Background Thread 3 ] DEBUG Engine               - isFullScreenFromStart: false
08:40:45.552 [FXGL Background Thread 3 ] DEBUG Engine               - isGameMenuEnabled: false
08:40:45.552 [FXGL Background Thread 3 ] DEBUG Engine               - isIOS: false
08:40:45.552 [FXGL Background Thread 3 ] DEBUG Engine               - isIntroEnabled: false
08:40:45.552 [FXGL Background Thread 3 ] DEBUG Engine               - isLinux: false
08:40:45.553 [FXGL Background Thread 3 ] DEBUG Engine               - isMac: false
08:40:45.553 [FXGL Background Thread 3 ] DEBUG Engine               - isMainMenuEnabled: true
08:40:45.553 [FXGL Background Thread 3 ] DEBUG Engine               - isManualResizeEnabled: false
08:40:45.553 [FXGL Background Thread 3 ] DEBUG Engine               - isMobile: false
08:40:45.553 [FXGL Background Thread 3 ] DEBUG Engine               - isNative: false
08:40:45.553 [FXGL Background Thread 3 ] DEBUG Engine               - isPauseMusicWhenMinimized: true
08:40:45.553 [FXGL Background Thread 3 ] DEBUG Engine               - isPreserveResizeRatio: false
08:40:45.553 [FXGL Background Thread 3 ] DEBUG Engine               - isProfilingEnabled: false
08:40:45.553 [FXGL Background Thread 3 ] DEBUG Engine               - isScaleAffectedOnResize: true
08:40:45.553 [FXGL Background Thread 3 ] DEBUG Engine               - isSingleStep: false
08:40:45.553 [FXGL Background Thread 3 ] DEBUG Engine               - isUserProfileEnabled: false
08:40:45.553 [FXGL Background Thread 3 ] DEBUG Engine               - isWindows: true
08:40:45.553 [FXGL Background Thread 3 ] DEBUG Engine               - language: ObjectProperty [value: ENGLISH]
08:40:45.555 [FXGL Background Thread 3 ] DEBUG Engine               - menuKey: ESCAPE
08:40:45.555 [FXGL Background Thread 3 ] DEBUG Engine               - mouseSensitivity: 0.2
08:40:45.556 [FXGL Background Thread 3 ] DEBUG Engine               - notificationViewClass: class com.almasb.fxgl.notification.view.XboxNotificationView
08:40:45.556 [FXGL Background Thread 3 ] DEBUG Engine               - pixelsPerMeter: 50.0
08:40:45.556 [FXGL Background Thread 3 ] DEBUG Engine               - platform: WINDOWS
08:40:45.556 [FXGL Background Thread 3 ] DEBUG Engine               - prefHeightProperty: ReadOnlyDoubleProperty [value: 1080.0]
08:40:45.556 [FXGL Background Thread 3 ] DEBUG Engine               - prefWidthProperty: ReadOnlyDoubleProperty [value: 1920.0]
08:40:45.556 [FXGL Background Thread 3 ] DEBUG Engine               - profileDir: profiles/
08:40:45.557 [FXGL Background Thread 3 ] DEBUG Engine               - profileName: StringProperty [value: DEFAULT]
08:40:45.557 [FXGL Background Thread 3 ] DEBUG Engine               - randomSeed: -1
08:40:45.558 [FXGL Background Thread 3 ] DEBUG Engine               - runtimeInfo: RuntimeInfo(platform=WINDOWS, version=11.17, build=16.07.2021 15.46)
08:40:45.558 [FXGL Background Thread 3 ] DEBUG Engine               - saveFileExt: sav
08:40:45.559 [FXGL Background Thread 3 ] DEBUG Engine               - scaledHeightProp$fxgl: DoubleProperty [bound, value: 720.0]
08:40:45.559 [FXGL Background Thread 3 ] DEBUG Engine               - scaledWidthProp$fxgl: DoubleProperty [bound, value: 1255.0]
08:40:45.559 [FXGL Background Thread 3 ] DEBUG Engine               - sceneFactory: com.example.demo.Factory.MySceneFactory@685c1dcb
08:40:45.559 [FXGL Background Thread 3 ] DEBUG Engine               - secondsIn24h: 60
08:40:45.559 [FXGL Background Thread 3 ] DEBUG Engine               - soundMenuBack: menu/back.wav
08:40:45.559 [FXGL Background Thread 3 ] DEBUG Engine               - soundMenuPress: menu/press.wav
08:40:45.560 [FXGL Background Thread 3 ] DEBUG Engine               - soundMenuSelect: menu/select.wav
08:40:45.560 [FXGL Background Thread 3 ] DEBUG Engine               - soundNotification: core/notification.wav
08:40:45.560 [FXGL Background Thread 3 ] DEBUG Engine               - stageStyle: DECORATED
08:40:45.560 [FXGL Background Thread 3 ] DEBUG Engine               - supportedLanguages: [ENGLISH, FRENCH, GERMAN, HUNGARIAN, RUSSIAN]
08:40:45.560 [FXGL Background Thread 3 ] DEBUG Engine               - ticksPerSecond: -1
08:40:45.560 [FXGL Background Thread 3 ] DEBUG Engine               - title: Stictactics
08:40:45.561 [FXGL Background Thread 3 ] DEBUG Engine               - urlGithub: https://github.com/AlmasB/FXGL
08:40:45.561 [FXGL Background Thread 3 ] DEBUG Engine               - urlLeaderboard: http://fxgl-top.herokuapp.com/
08:40:45.561 [FXGL Background Thread 3 ] DEBUG Engine               - urlPOM: https://raw.githubusercontent.com/AlmasB/FXGL/release/README.md
08:40:45.561 [FXGL Background Thread 3 ] DEBUG Engine               - userAppClass: class com.example.demo.HelloController
08:40:45.561 [FXGL Background Thread 3 ] DEBUG Engine               - version: 0.0
08:40:45.562 [FXGL Background Thread 3 ] DEBUG Engine               - versionCheckDays: 7
08:40:45.562 [FXGL Background Thread 3 ] DEBUG Engine               - width: 1920
08:40:45.562 [FXGL Background Thread 3 ] DEBUG Engine               - Logging services
08:40:45.562 [FXGL Background Thread 3 ] DEBUG Engine               - class com.almasb.fxgl.app.services.FXGLAssetLoaderService
08:40:45.562 [FXGL Background Thread 3 ] DEBUG Engine               - class com.almasb.fxgl.app.FXGLApplication$GameApplicationService
08:40:45.562 [FXGL Background Thread 3 ] DEBUG Engine               - class com.almasb.fxgl.app.services.FXGLDialogService
08:40:45.562 [FXGL Background Thread 3 ] DEBUG Engine               - class com.almasb.fxgl.app.services.IOTaskExecutorService
08:40:45.562 [FXGL Background Thread 3 ] DEBUG Engine               - class com.almasb.fxgl.io.FileSystemService
08:40:45.562 [FXGL Background Thread 3 ] DEBUG Engine               - class com.almasb.fxgl.localization.LocalizationService
08:40:45.562 [FXGL Background Thread 3 ] DEBUG Engine               - class com.almasb.fxgl.app.services.SystemBundleService
08:40:45.562 [FXGL Background Thread 3 ] DEBUG Engine               - class com.almasb.fxgl.profile.SaveLoadService
08:40:45.562 [FXGL Background Thread 3 ] DEBUG Engine               - class com.almasb.fxgl.ui.FXGLUIFactoryServiceProvider
08:40:45.562 [FXGL Background Thread 3 ] DEBUG Engine               - class com.almasb.fxgl.ui.FXGLDialogFactoryServiceProvider
08:40:45.562 [FXGL Background Thread 3 ] DEBUG Engine               - class com.almasb.fxgl.audio.AudioPlayer
08:40:45.562 [FXGL Background Thread 3 ] DEBUG Engine               - class com.almasb.fxgl.notification.impl.NotificationServiceProvider
08:40:45.562 [FXGL Background Thread 3 ] DEBUG Engine               - class com.almasb.fxgl.achievement.AchievementService
08:40:45.563 [FXGL Background Thread 3 ] DEBUG Engine               - class com.almasb.fxgl.cutscene.CutsceneService
08:40:45.563 [FXGL Background Thread 3 ] DEBUG Engine               - class com.almasb.fxgl.minigames.MiniGameService
08:40:45.563 [FXGL Background Thread 3 ] DEBUG Engine               - class com.almasb.fxgl.net.NetService
08:40:45.563 [FXGL Background Thread 3 ] DEBUG Engine               - class com.almasb.fxgl.app.services.UpdaterService
08:40:45.563 [FXGL Background Thread 3 ] DEBUG Engine               - class com.almasb.fxgl.dev.DevService
08:40:57.974 [JavaFX Application Thread] DEBUG LoopRunner           - Pausing loop
08:40:57.986 [JavaFX Application Thread] DEBUG LoopRunner           - Pausing loop
08:40:58.699 [JavaFX Application Thread] DEBUG LoopRunner           - Resuming loop
08:40:58.699 [JavaFX Application Thread] DEBUG GameApplicationServi - Starting new game
08:40:58.699 [JavaFX Application Thread] DEBUG Input                - Clearing active input actions
08:40:58.708 [JavaFX Application Thread] DEBUG GameApplicationServi - Removing overlay from GameScene and adding to FXGLLoadingScene
08:40:58.708 [JavaFX Application Thread] DEBUG PrimaryStageWindow   - GameScene -> FXGLLoadingScene
08:40:58.708 [JavaFX Application Thread] DEBUG GameApplicationServi - Clearing previous game
08:40:58.708 [JavaFX Application Thread] DEBUG GameScene            - Clearing game scene
08:40:58.708 [JavaFX Application Thread] DEBUG GameWorld            - Clearing game world
08:40:58.710 [JavaFX Application Thread] DEBUG PhysicsWorld         - Clearing physics world
08:40:58.711 [FXGL Background Thread 2 ] DEBUG FXGLApplication      - Initializing game
08:40:58.720 [FXGL Background Thread 2 ] WARN  TMXLevelLoader       - TiledMap generated from 1.11.2. Supported version: 1.2.3. Some features may not be parsed fully.
08:40:58.725 [FXGL Background Thread 2 ] DEBUG TMXLevelLoader       - Parsed TiledMap: file:/C:/Users/zyla/demoGame4OOP/target/classes/assets/levels/tmx/map6.tmx
08:40:58.725 [FXGL Background Thread 2 ] DEBUG TMXLevelLoader       - Creating tile layer entities
08:40:58.728 [FXGL Background Thread 2 ] DEBUG TilesetLoader        - Loading view for layer Tile Layer 1
08:40:58.734 [FXGL Background Thread 2 ] DEBUG TilesetLoader        - Created buffer with size 1920.0x1088.0
08:40:58.923 [FXGL Background Thread 2 ] DEBUG TMXLevelLoader       - Creating object layer entities
08:40:58.926 [FXGL Background Thread 2 ] DEBUG GameWorld            - Clearing removable entities
08:40:58.926 [FXGL Background Thread 2 ] DEBUG GameWorld            - Setting level: com.almasb.fxgl.entity.level.Level@712a6fdf
08:40:58.949 [FXGL Background Thread 2 ] INFO  FXGLApplication      - Game initialization took: 0.238 sec
08:40:58.956 [JavaFX Application Thread] DEBUG Input                - Clearing active input actions
08:40:58.961 [JavaFX Application Thread] DEBUG GameApplicationServi - Removing overlay from FXGLLoadingScene and adding to GameScene
08:40:58.962 [JavaFX Application Thread] DEBUG PrimaryStageWindow   - FXGLLoadingScene -> GameScene
08:41:05.396 [JavaFX Application Thread] DEBUG PrimaryStageWindow   - Push state: CustomPauseMenu
08:41:05.396 [JavaFX Application Thread] DEBUG Input                - Clearing active input actions
08:41:05.397 [JavaFX Application Thread] DEBUG GameApplicationServi - Removing overlay from GameScene and adding to CustomPauseMenu
08:41:05.398 [JavaFX Application Thread] DEBUG PrimaryStageWindow   - GameScene -> CustomPauseMenu
08:41:07.426 [JavaFX Application Thread] DEBUG Menu                 - fireExitToMainMenu()
08:41:07.431 [JavaFX Application Thread] DEBUG PrimaryStageWindow   - Push state: DialogSubScene
08:41:07.431 [JavaFX Application Thread] DEBUG Input                - Clearing active input actions
08:41:07.433 [JavaFX Application Thread] DEBUG GameApplicationServi - Removing overlay from CustomPauseMenu and adding to DialogSubScene
08:41:07.433 [JavaFX Application Thread] DEBUG PrimaryStageWindow   - CustomPauseMenu -> DialogSubScene
08:41:08.227 [JavaFX Application Thread] DEBUG PrimaryStageWindow   - Pop state: DialogSubScene
08:41:08.227 [JavaFX Application Thread] DEBUG Input                - Clearing active input actions
08:41:08.227 [JavaFX Application Thread] DEBUG GameApplicationServi - Removing overlay from DialogSubScene and adding to CustomPauseMenu
08:41:08.228 [JavaFX Application Thread] DEBUG PrimaryStageWindow   - CustomPauseMenu <- DialogSubScene
08:41:08.228 [JavaFX Application Thread] DEBUG PrimaryStageWindow   - Pop state: CustomPauseMenu
08:41:08.228 [JavaFX Application Thread] DEBUG Input                - Clearing active input actions
08:41:08.228 [JavaFX Application Thread] DEBUG GameApplicationServi - Removing overlay from CustomPauseMenu and adding to GameScene
08:41:08.228 [JavaFX Application Thread] DEBUG PrimaryStageWindow   - GameScene <- CustomPauseMenu
08:41:08.228 [JavaFX Application Thread] DEBUG Input                - Clearing active input actions
08:41:08.234 [JavaFX Application Thread] DEBUG GameApplicationServi - Removing overlay from GameScene and adding to FXGLMainMenuDummyScene
08:41:08.234 [JavaFX Application Thread] DEBUG PrimaryStageWindow   - GameScene -> FXGLMainMenuDummyScene
08:41:08.234 [JavaFX Application Thread] DEBUG PrimaryStageWindow   - Push state: CustomMainMenu
08:41:08.234 [JavaFX Application Thread] DEBUG Input                - Clearing active input actions
08:41:08.236 [JavaFX Application Thread] DEBUG GameApplicationServi - Removing overlay from FXGLMainMenuDummyScene and adding to CustomMainMenu
08:41:08.236 [JavaFX Application Thread] DEBUG PrimaryStageWindow   - FXGLMainMenuDummyScene -> CustomMainMenu
08:41:08.729 [JavaFX Application Thread] DEBUG Menu                 - fireNewGame()
08:41:08.729 [JavaFX Application Thread] DEBUG GameApplicationServi - Starting new game
08:41:08.729 [JavaFX Application Thread] DEBUG PrimaryStageWindow   - Pop state: CustomMainMenu
08:41:08.729 [JavaFX Application Thread] DEBUG Input                - Clearing active input actions
08:41:08.730 [JavaFX Application Thread] DEBUG GameApplicationServi - Removing overlay from CustomMainMenu and adding to FXGLMainMenuDummyScene
08:41:08.730 [JavaFX Application Thread] DEBUG PrimaryStageWindow   - FXGLMainMenuDummyScene <- CustomMainMenu
08:41:08.731 [JavaFX Application Thread] DEBUG Input                - Clearing active input actions
08:41:08.737 [JavaFX Application Thread] DEBUG GameApplicationServi - Removing overlay from FXGLMainMenuDummyScene and adding to FXGLLoadingScene
08:41:08.737 [JavaFX Application Thread] DEBUG PrimaryStageWindow   - FXGLMainMenuDummyScene -> FXGLLoadingScene
08:41:08.737 [JavaFX Application Thread] DEBUG GameApplicationServi - Clearing previous game
08:41:08.737 [JavaFX Application Thread] DEBUG GameScene            - Clearing game scene
08:41:08.737 [JavaFX Application Thread] DEBUG GameWorld            - Clearing game world
08:41:08.740 [JavaFX Application Thread] DEBUG PhysicsWorld         - Clearing physics world
08:41:08.741 [FXGL Background Thread 2 ] DEBUG FXGLApplication      - Initializing game
08:41:08.749 [FXGL Background Thread 2 ] WARN  TMXLevelLoader       - TiledMap generated from 1.11.2. Supported version: 1.2.3. Some features may not be parsed fully.
08:41:08.754 [FXGL Background Thread 2 ] DEBUG TMXLevelLoader       - Parsed TiledMap: file:/C:/Users/zyla/demoGame4OOP/target/classes/assets/levels/tmx/map6.tmx
08:41:08.754 [FXGL Background Thread 2 ] DEBUG TMXLevelLoader       - Creating tile layer entities
08:41:08.754 [FXGL Background Thread 2 ] DEBUG TilesetLoader        - Loading view for layer Tile Layer 1
08:41:08.756 [FXGL Background Thread 2 ] DEBUG TilesetLoader        - Created buffer with size 1920.0x1088.0
08:41:08.867 [FXGL Background Thread 2 ] DEBUG TMXLevelLoader       - Creating object layer entities
08:41:08.868 [FXGL Background Thread 2 ] DEBUG GameWorld            - Clearing removable entities
08:41:08.868 [FXGL Background Thread 2 ] DEBUG GameWorld            - Setting level: com.almasb.fxgl.entity.level.Level@4976c758
08:41:08.878 [FXGL Background Thread 2 ] INFO  FXGLApplication      - Game initialization took: 0.137 sec
08:41:08.878 [JavaFX Application Thread] DEBUG Input                - Clearing active input actions
08:41:08.884 [JavaFX Application Thread] DEBUG GameApplicationServi - Removing overlay from FXGLLoadingScene and adding to GameScene
08:41:08.884 [JavaFX Application Thread] DEBUG PrimaryStageWindow   - FXGLLoadingScene -> GameScene
08:41:10.196 [JavaFX Application Thread] DEBUG PrimaryStageWindow   - Push state: CustomPauseMenu
08:41:10.196 [JavaFX Application Thread] DEBUG Input                - Clearing active input actions
08:41:10.197 [JavaFX Application Thread] DEBUG GameApplicationServi - Removing overlay from GameScene and adding to CustomPauseMenu
08:41:10.197 [JavaFX Application Thread] DEBUG PrimaryStageWindow   - GameScene -> CustomPauseMenu
08:41:11.567 [JavaFX Application Thread] DEBUG Menu                 - fireExitToMainMenu()
08:41:11.568 [JavaFX Application Thread] DEBUG PrimaryStageWindow   - Push state: DialogSubScene
08:41:11.568 [JavaFX Application Thread] DEBUG Input                - Clearing active input actions
08:41:11.569 [JavaFX Application Thread] DEBUG GameApplicationServi - Removing overlay from CustomPauseMenu and adding to DialogSubScene
08:41:11.569 [JavaFX Application Thread] DEBUG PrimaryStageWindow   - CustomPauseMenu -> DialogSubScene
08:41:12.596 [JavaFX Application Thread] DEBUG PrimaryStageWindow   - Pop state: DialogSubScene
08:41:12.596 [JavaFX Application Thread] DEBUG Input                - Clearing active input actions
08:41:12.596 [JavaFX Application Thread] DEBUG GameApplicationServi - Removing overlay from DialogSubScene and adding to CustomPauseMenu
08:41:12.596 [JavaFX Application Thread] DEBUG PrimaryStageWindow   - CustomPauseMenu <- DialogSubScene
08:41:12.598 [JavaFX Application Thread] DEBUG PrimaryStageWindow   - Pop state: CustomPauseMenu
08:41:12.598 [JavaFX Application Thread] DEBUG Input                - Clearing active input actions
08:41:12.599 [JavaFX Application Thread] DEBUG GameApplicationServi - Removing overlay from CustomPauseMenu and adding to GameScene
08:41:12.600 [JavaFX Application Thread] DEBUG PrimaryStageWindow   - GameScene <- CustomPauseMenu
08:41:12.600 [JavaFX Application Thread] DEBUG Input                - Clearing active input actions
08:41:12.603 [JavaFX Application Thread] DEBUG GameApplicationServi - Removing overlay from GameScene and adding to FXGLMainMenuDummyScene
08:41:12.603 [JavaFX Application Thread] DEBUG PrimaryStageWindow   - GameScene -> FXGLMainMenuDummyScene
08:41:12.603 [JavaFX Application Thread] DEBUG PrimaryStageWindow   - Push state: CustomMainMenu
08:41:12.603 [JavaFX Application Thread] DEBUG Input                - Clearing active input actions
08:41:12.606 [JavaFX Application Thread] DEBUG GameApplicationServi - Removing overlay from FXGLMainMenuDummyScene and adding to CustomMainMenu
08:41:12.606 [JavaFX Application Thread] DEBUG PrimaryStageWindow   - FXGLMainMenuDummyScene -> CustomMainMenu
08:41:13.238 [JavaFX Application Thread] DEBUG Menu                 - fireNewGame()
08:41:13.239 [JavaFX Application Thread] DEBUG GameApplicationServi - Starting new game
08:41:13.239 [JavaFX Application Thread] DEBUG PrimaryStageWindow   - Pop state: CustomMainMenu
08:41:13.239 [JavaFX Application Thread] DEBUG Input                - Clearing active input actions
08:41:13.239 [JavaFX Application Thread] DEBUG GameApplicationServi - Removing overlay from CustomMainMenu and adding to FXGLMainMenuDummyScene
08:41:13.239 [JavaFX Application Thread] DEBUG PrimaryStageWindow   - FXGLMainMenuDummyScene <- CustomMainMenu
08:41:13.239 [JavaFX Application Thread] DEBUG Input                - Clearing active input actions
08:41:13.247 [JavaFX Application Thread] DEBUG GameApplicationServi - Removing overlay from FXGLMainMenuDummyScene and adding to FXGLLoadingScene
08:41:13.247 [JavaFX Application Thread] DEBUG PrimaryStageWindow   - FXGLMainMenuDummyScene -> FXGLLoadingScene
08:41:13.247 [JavaFX Application Thread] DEBUG GameApplicationServi - Clearing previous game
08:41:13.247 [JavaFX Application Thread] DEBUG GameScene            - Clearing game scene
08:41:13.248 [JavaFX Application Thread] DEBUG GameWorld            - Clearing game world
08:41:13.248 [JavaFX Application Thread] DEBUG PhysicsWorld         - Clearing physics world
08:41:13.250 [FXGL Background Thread 2 ] DEBUG FXGLApplication      - Initializing game
08:41:13.253 [FXGL Background Thread 2 ] WARN  TMXLevelLoader       - TiledMap generated from 1.11.2. Supported version: 1.2.3. Some features may not be parsed fully.
08:41:13.257 [FXGL Background Thread 2 ] DEBUG TMXLevelLoader       - Parsed TiledMap: file:/C:/Users/zyla/demoGame4OOP/target/classes/assets/levels/tmx/map6.tmx
08:41:13.257 [FXGL Background Thread 2 ] DEBUG TMXLevelLoader       - Creating tile layer entities
08:41:13.257 [FXGL Background Thread 2 ] DEBUG TilesetLoader        - Loading view for layer Tile Layer 1
08:41:13.258 [FXGL Background Thread 2 ] DEBUG TilesetLoader        - Created buffer with size 1920.0x1088.0
08:41:13.371 [FXGL Background Thread 2 ] DEBUG TMXLevelLoader       - Creating object layer entities
08:41:13.372 [FXGL Background Thread 2 ] DEBUG GameWorld            - Clearing removable entities
08:41:13.372 [FXGL Background Thread 2 ] DEBUG GameWorld            - Setting level: com.almasb.fxgl.entity.level.Level@2c81783e
08:41:13.404 [FXGL Background Thread 2 ] INFO  FXGLApplication      - Game initialization took: 0.155 sec
08:41:13.407 [JavaFX Application Thread] DEBUG Input                - Clearing active input actions
08:41:13.412 [JavaFX Application Thread] DEBUG GameApplicationServi - Removing overlay from FXGLLoadingScene and adding to GameScene
08:41:13.414 [JavaFX Application Thread] DEBUG PrimaryStageWindow   - FXGLLoadingScene -> GameScene
08:41:18.869 [JavaFX Application Thread] DEBUG PrimaryStageWindow   - Push state: CustomPauseMenu
08:41:18.869 [JavaFX Application Thread] DEBUG Input                - Clearing active input actions
08:41:18.870 [JavaFX Application Thread] DEBUG GameApplicationServi - Removing overlay from GameScene and adding to CustomPauseMenu
08:41:18.870 [JavaFX Application Thread] DEBUG PrimaryStageWindow   - GameScene -> CustomPauseMenu
08:41:20.624 [JavaFX Application Thread] DEBUG Menu                 - fireExitToMainMenu()
08:41:20.626 [JavaFX Application Thread] DEBUG PrimaryStageWindow   - Push state: DialogSubScene
08:41:20.626 [JavaFX Application Thread] DEBUG Input                - Clearing active input actions
08:41:20.627 [JavaFX Application Thread] DEBUG GameApplicationServi - Removing overlay from CustomPauseMenu and adding to DialogSubScene
08:41:20.627 [JavaFX Application Thread] DEBUG PrimaryStageWindow   - CustomPauseMenu -> DialogSubScene
08:41:21.182 [JavaFX Application Thread] DEBUG PrimaryStageWindow   - Pop state: DialogSubScene
08:41:21.182 [JavaFX Application Thread] DEBUG Input                - Clearing active input actions
08:41:21.182 [JavaFX Application Thread] DEBUG GameApplicationServi - Removing overlay from DialogSubScene and adding to CustomPauseMenu
08:41:21.182 [JavaFX Application Thread] DEBUG PrimaryStageWindow   - CustomPauseMenu <- DialogSubScene
08:41:21.183 [JavaFX Application Thread] DEBUG PrimaryStageWindow   - Pop state: CustomPauseMenu
08:41:21.183 [JavaFX Application Thread] DEBUG Input                - Clearing active input actions
08:41:21.183 [JavaFX Application Thread] DEBUG GameApplicationServi - Removing overlay from CustomPauseMenu and adding to GameScene
08:41:21.183 [JavaFX Application Thread] DEBUG PrimaryStageWindow   - GameScene <- CustomPauseMenu
08:41:21.183 [JavaFX Application Thread] DEBUG Input                - Clearing active input actions
08:41:21.187 [JavaFX Application Thread] DEBUG GameApplicationServi - Removing overlay from GameScene and adding to FXGLMainMenuDummyScene
08:41:21.188 [JavaFX Application Thread] DEBUG PrimaryStageWindow   - GameScene -> FXGLMainMenuDummyScene
08:41:21.188 [JavaFX Application Thread] DEBUG PrimaryStageWindow   - Push state: CustomMainMenu
08:41:21.188 [JavaFX Application Thread] DEBUG Input                - Clearing active input actions
08:41:21.190 [JavaFX Application Thread] DEBUG GameApplicationServi - Removing overlay from FXGLMainMenuDummyScene and adding to CustomMainMenu
08:41:21.190 [JavaFX Application Thread] DEBUG PrimaryStageWindow   - FXGLMainMenuDummyScene -> CustomMainMenu
08:41:21.654 [JavaFX Application Thread] DEBUG Menu                 - fireNewGame()
08:41:21.654 [JavaFX Application Thread] DEBUG GameApplicationServi - Starting new game
08:41:21.654 [JavaFX Application Thread] DEBUG PrimaryStageWindow   - Pop state: CustomMainMenu
08:41:21.654 [JavaFX Application Thread] DEBUG Input                - Clearing active input actions
08:41:21.655 [JavaFX Application Thread] DEBUG GameApplicationServi - Removing overlay from CustomMainMenu and adding to FXGLMainMenuDummyScene
08:41:21.655 [JavaFX Application Thread] DEBUG PrimaryStageWindow   - FXGLMainMenuDummyScene <- CustomMainMenu
08:41:21.655 [JavaFX Application Thread] DEBUG Input                - Clearing active input actions
08:41:21.661 [JavaFX Application Thread] DEBUG GameApplicationServi - Removing overlay from FXGLMainMenuDummyScene and adding to FXGLLoadingScene
08:41:21.662 [JavaFX Application Thread] DEBUG PrimaryStageWindow   - FXGLMainMenuDummyScene -> FXGLLoadingScene
08:41:21.662 [JavaFX Application Thread] DEBUG GameApplicationServi - Clearing previous game
08:41:21.662 [JavaFX Application Thread] DEBUG GameScene            - Clearing game scene
08:41:21.662 [JavaFX Application Thread] DEBUG GameWorld            - Clearing game world
08:41:21.663 [JavaFX Application Thread] DEBUG PhysicsWorld         - Clearing physics world
08:41:21.663 [FXGL Background Thread 2 ] DEBUG FXGLApplication      - Initializing game
08:41:21.667 [FXGL Background Thread 2 ] WARN  TMXLevelLoader       - TiledMap generated from 1.11.2. Supported version: 1.2.3. Some features may not be parsed fully.
08:41:21.673 [FXGL Background Thread 2 ] DEBUG TMXLevelLoader       - Parsed TiledMap: file:/C:/Users/zyla/demoGame4OOP/target/classes/assets/levels/tmx/map6.tmx
08:41:21.673 [FXGL Background Thread 2 ] DEBUG TMXLevelLoader       - Creating tile layer entities
08:41:21.674 [FXGL Background Thread 2 ] DEBUG TilesetLoader        - Loading view for layer Tile Layer 1
08:41:21.680 [FXGL Background Thread 2 ] DEBUG TilesetLoader        - Created buffer with size 1920.0x1088.0
08:41:21.826 [FXGL Background Thread 2 ] DEBUG TMXLevelLoader       - Creating object layer entities
08:41:21.826 [FXGL Background Thread 2 ] DEBUG GameWorld            - Clearing removable entities
08:41:21.827 [FXGL Background Thread 2 ] DEBUG GameWorld            - Setting level: com.almasb.fxgl.entity.level.Level@2d51f5d8
08:41:21.862 [FXGL Background Thread 2 ] INFO  FXGLApplication      - Game initialization took: 0.199 sec
08:41:21.874 [JavaFX Application Thread] DEBUG Input                - Clearing active input actions
08:41:21.880 [JavaFX Application Thread] DEBUG GameApplicationServi - Removing overlay from FXGLLoadingScene and adding to GameScene
08:41:21.880 [JavaFX Application Thread] DEBUG PrimaryStageWindow   - FXGLLoadingScene -> GameScene
08:41:32.359 [JavaFX Application Thread] DEBUG LoopRunner           - Pausing loop
08:41:32.360 [JavaFX Application Thread] DEBUG LoopRunner           - Pausing loop
08:41:33.291 [JavaFX Application Thread] DEBUG LoopRunner           - Resuming loop
08:41:33.291 [JavaFX Application Thread] DEBUG GameApplicationServi - Starting new game
08:41:33.292 [JavaFX Application Thread] DEBUG Input                - Clearing active input actions
08:41:33.296 [JavaFX Application Thread] DEBUG GameApplicationServi - Removing overlay from GameScene and adding to FXGLLoadingScene
08:41:33.296 [JavaFX Application Thread] DEBUG PrimaryStageWindow   - GameScene -> FXGLLoadingScene
08:41:33.297 [JavaFX Application Thread] DEBUG GameApplicationServi - Clearing previous game
08:41:33.297 [JavaFX Application Thread] DEBUG GameScene            - Clearing game scene
08:41:33.297 [JavaFX Application Thread] DEBUG GameWorld            - Clearing game world
08:41:33.298 [JavaFX Application Thread] DEBUG PhysicsWorld         - Clearing physics world
08:41:33.298 [FXGL Background Thread 2 ] DEBUG FXGLApplication      - Initializing game
08:41:33.308 [FXGL Background Thread 2 ] WARN  TMXLevelLoader       - TiledMap generated from 1.11.2. Supported version: 1.2.3. Some features may not be parsed fully.
08:41:33.312 [FXGL Background Thread 2 ] DEBUG TMXLevelLoader       - Parsed TiledMap: file:/C:/Users/zyla/demoGame4OOP/target/classes/assets/levels/tmx/map4.tmx
08:41:33.312 [FXGL Background Thread 2 ] DEBUG TMXLevelLoader       - Creating tile layer entities
08:41:33.313 [FXGL Background Thread 2 ] DEBUG TilesetLoader        - Loading view for layer Tile Layer 1
08:41:33.317 [FXGL Background Thread 2 ] DEBUG TilesetLoader        - Created buffer with size 1920.0x1088.0
08:41:33.436 [FXGL Background Thread 2 ] DEBUG TMXLevelLoader       - Creating object layer entities
08:41:33.439 [FXGL Background Thread 2 ] DEBUG GameWorld            - Clearing removable entities
08:41:33.439 [FXGL Background Thread 2 ] DEBUG GameWorld            - Setting level: com.almasb.fxgl.entity.level.Level@7deab032
08:41:33.455 [FXGL Background Thread 2 ] INFO  FXGLApplication      - Game initialization took: 0.157 sec
08:41:33.467 [JavaFX Application Thread] DEBUG Input                - Clearing active input actions
08:41:33.473 [JavaFX Application Thread] DEBUG GameApplicationServi - Removing overlay from FXGLLoadingScene and adding to GameScene
08:41:33.473 [JavaFX Application Thread] DEBUG PrimaryStageWindow   - FXGLLoadingScene -> GameScene
08:41:38.245 [JavaFX Application Thread] DEBUG PrimaryStageWindow   - Push state: CustomPauseMenu
08:41:38.245 [JavaFX Application Thread] DEBUG Input                - Clearing active input actions
08:41:38.246 [JavaFX Application Thread] DEBUG GameApplicationServi - Removing overlay from GameScene and adding to CustomPauseMenu
08:41:38.246 [JavaFX Application Thread] DEBUG PrimaryStageWindow   - GameScene -> CustomPauseMenu
08:41:39.856 [JavaFX Application Thread] DEBUG Menu                 - fireExitToMainMenu()
08:41:39.858 [JavaFX Application Thread] DEBUG PrimaryStageWindow   - Push state: DialogSubScene
08:41:39.858 [JavaFX Application Thread] DEBUG Input                - Clearing active input actions
08:41:39.859 [JavaFX Application Thread] DEBUG GameApplicationServi - Removing overlay from CustomPauseMenu and adding to DialogSubScene
08:41:39.859 [JavaFX Application Thread] DEBUG PrimaryStageWindow   - CustomPauseMenu -> DialogSubScene
08:41:40.532 [JavaFX Application Thread] DEBUG PrimaryStageWindow   - Pop state: DialogSubScene
08:41:40.532 [JavaFX Application Thread] DEBUG Input                - Clearing active input actions
08:41:40.532 [JavaFX Application Thread] DEBUG GameApplicationServi - Removing overlay from DialogSubScene and adding to CustomPauseMenu
08:41:40.532 [JavaFX Application Thread] DEBUG PrimaryStageWindow   - CustomPauseMenu <- DialogSubScene
08:41:40.532 [JavaFX Application Thread] DEBUG PrimaryStageWindow   - Pop state: CustomPauseMenu
08:41:40.532 [JavaFX Application Thread] DEBUG Input                - Clearing active input actions
08:41:40.532 [JavaFX Application Thread] DEBUG GameApplicationServi - Removing overlay from CustomPauseMenu and adding to GameScene
08:41:40.532 [JavaFX Application Thread] DEBUG PrimaryStageWindow   - GameScene <- CustomPauseMenu
08:41:40.533 [JavaFX Application Thread] DEBUG Input                - Clearing active input actions
08:41:40.536 [JavaFX Application Thread] DEBUG GameApplicationServi - Removing overlay from GameScene and adding to FXGLMainMenuDummyScene
08:41:40.536 [JavaFX Application Thread] DEBUG PrimaryStageWindow   - GameScene -> FXGLMainMenuDummyScene
08:41:40.536 [JavaFX Application Thread] DEBUG PrimaryStageWindow   - Push state: CustomMainMenu
08:41:40.537 [JavaFX Application Thread] DEBUG Input                - Clearing active input actions
08:41:40.539 [JavaFX Application Thread] DEBUG GameApplicationServi - Removing overlay from FXGLMainMenuDummyScene and adding to CustomMainMenu
08:41:40.539 [JavaFX Application Thread] DEBUG PrimaryStageWindow   - FXGLMainMenuDummyScene -> CustomMainMenu
08:41:44.380 [JavaFX Application Thread] DEBUG Menu                 - fireNewGame()
08:41:44.380 [JavaFX Application Thread] DEBUG GameApplicationServi - Starting new game
08:41:44.380 [JavaFX Application Thread] DEBUG PrimaryStageWindow   - Pop state: CustomMainMenu
08:41:44.380 [JavaFX Application Thread] DEBUG Input                - Clearing active input actions
08:41:44.381 [JavaFX Application Thread] DEBUG GameApplicationServi - Removing overlay from CustomMainMenu and adding to FXGLMainMenuDummyScene
08:41:44.381 [JavaFX Application Thread] DEBUG PrimaryStageWindow   - FXGLMainMenuDummyScene <- CustomMainMenu
08:41:44.381 [JavaFX Application Thread] DEBUG Input                - Clearing active input actions
08:41:44.386 [JavaFX Application Thread] DEBUG GameApplicationServi - Removing overlay from FXGLMainMenuDummyScene and adding to FXGLLoadingScene
08:41:44.386 [JavaFX Application Thread] DEBUG PrimaryStageWindow   - FXGLMainMenuDummyScene -> FXGLLoadingScene
08:41:44.386 [JavaFX Application Thread] DEBUG GameApplicationServi - Clearing previous game
08:41:44.386 [JavaFX Application Thread] DEBUG GameScene            - Clearing game scene
08:41:44.386 [JavaFX Application Thread] DEBUG GameWorld            - Clearing game world
08:41:44.386 [JavaFX Application Thread] DEBUG PhysicsWorld         - Clearing physics world
08:41:44.387 [FXGL Background Thread 2 ] DEBUG FXGLApplication      - Initializing game
08:41:44.396 [FXGL Background Thread 2 ] WARN  TMXLevelLoader       - TiledMap generated from 1.11.2. Supported version: 1.2.3. Some features may not be parsed fully.
08:41:44.399 [FXGL Background Thread 2 ] DEBUG TMXLevelLoader       - Parsed TiledMap: file:/C:/Users/zyla/demoGame4OOP/target/classes/assets/levels/tmx/map2.tmx
08:41:44.399 [FXGL Background Thread 2 ] DEBUG TMXLevelLoader       - Creating tile layer entities
08:41:44.399 [FXGL Background Thread 2 ] DEBUG TilesetLoader        - Loading view for layer Tile Layer 1
08:41:44.415 [FXGL Background Thread 2 ] DEBUG TilesetLoader        - Created buffer with size 1984.0x1088.0
08:41:44.547 [FXGL Background Thread 2 ] DEBUG TMXLevelLoader       - Creating object layer entities
08:41:44.549 [FXGL Background Thread 2 ] DEBUG GameWorld            - Clearing removable entities
08:41:44.549 [FXGL Background Thread 2 ] DEBUG GameWorld            - Setting level: com.almasb.fxgl.entity.level.Level@3c150749
08:41:44.561 [FXGL Background Thread 2 ] INFO  FXGLApplication      - Game initialization took: 0.174 sec
08:41:44.584 [JavaFX Application Thread] DEBUG Input                - Clearing active input actions
08:41:44.590 [JavaFX Application Thread] DEBUG GameApplicationServi - Removing overlay from FXGLLoadingScene and adding to GameScene
08:41:44.590 [JavaFX Application Thread] DEBUG PrimaryStageWindow   - FXGLLoadingScene -> GameScene
08:41:49.819 [JavaFX Application Thread] DEBUG PrimaryStageWindow   - Push state: DialogSubScene
08:41:49.819 [JavaFX Application Thread] DEBUG Input                - Clearing active input actions
08:41:49.820 [JavaFX Application Thread] DEBUG GameApplicationServi - Removing overlay from GameScene and adding to DialogSubScene
08:41:49.820 [JavaFX Application Thread] DEBUG PrimaryStageWindow   - GameScene -> DialogSubScene
08:41:50.690 [JavaFX Application Thread] DEBUG PrimaryStageWindow   - Pop state: DialogSubScene
08:41:50.690 [JavaFX Application Thread] DEBUG Input                - Clearing active input actions
08:41:50.691 [JavaFX Application Thread] DEBUG GameApplicationServi - Removing overlay from DialogSubScene and adding to GameScene
08:41:50.691 [JavaFX Application Thread] DEBUG PrimaryStageWindow   - GameScene <- DialogSubScene
08:41:50.691 [JavaFX Application Thread] DEBUG FXGLApplication      - Exiting FXGL
08:41:50.691 [JavaFX Application Thread] DEBUG LoopRunner           - Stopping loop
08:41:50.691 [JavaFX Application Thread] DEBUG SystemBundleService  - Saving FXGL system data
08:41:50.692 [JavaFX Application Thread] DEBUG FileSystemAccess     - Writing to: C:\Users\zyla\demoGame4OOP\system\fxgl.bundle
08:41:50.694 [JavaFX Application Thread] DEBUG Async                - Shutting down background threads
08:41:50.695 [JavaFX Application Thread] DEBUG PrimaryStageWindow   - Closing main window
08:41:50.730 [JavaFX Application Thread] DEBUG Logger               - Closing Logger
