22:05:21.531 [main                     ] DEBUG Logger               - Configured Logger
22:05:21.533 [main                     ] DEBUG GameApplication      - Logging settings
Title: Stictactics
Version: 0.0
Width: 1920
Height: 1080
Fullscreen: false
Intro: false
Profiling: true
Single step:false
App Mode: DEVELOPER
Menu Key: ESCAPE
Stage Style: DECORATED
Scene Factory: class com.example.demo.MySceneFactory

22:05:21.937 [JavaFX Application Thread] DEBUG FXGLApplication      - Initializing FXGL
22:05:21.939 [JavaFX Application Thread] INFO  Engine               - FXGL-11.17 (16.07.2021 15.46) on WINDOWS (J:23.0.2 FX:17.0.6)
22:05:21.940 [JavaFX Application Thread] DEBUG Engine               - JRE Vendor Name: Oracle Corporation
22:05:21.940 [JavaFX Application Thread] DEBUG Engine               - Running on OS: Windows 11 version 10.0
22:05:21.940 [JavaFX Application Thread] DEBUG Engine               - Architecture: amd64
22:05:21.940 [JavaFX Application Thread] INFO  Engine               - Source code and latest versions at: https://github.com/AlmasB/FXGL
22:05:21.940 [JavaFX Application Thread] INFO  Engine               -              Join the FXGL chat at: https://gitter.im/AlmasB/FXGL
22:05:22.048 [JavaFX Application Thread] DEBUG PrimaryStageWindow   - Creating a JavaFX scene
22:05:22.048 [JavaFX Application Thread] DEBUG PrimaryStageWindow   - Target size > screen size
22:05:22.103 [JavaFX Application Thread] DEBUG PrimaryStageWindow   - Target settings size: 1920.0 x 1080.0
22:05:22.103 [JavaFX Application Thread] DEBUG PrimaryStageWindow   - Scaled scene size:    1255.0 x 720.0
22:05:22.103 [JavaFX Application Thread] DEBUG PrimaryStageWindow   - Scaled ratio: (0.6536458333333334, 0.6666666666666666)
22:05:22.104 [JavaFX Application Thread] DEBUG PrimaryStageWindow   - Set initial scene to FXGLStartupScene
22:05:22.112 [JavaFX Application Thread] DEBUG PrimaryStageWindow   - Opening main window
22:05:22.226 [JavaFX Application Thread] DEBUG PrimaryStageWindow   - Window border size: (16.0, 39.0)
22:05:22.226 [JavaFX Application Thread] DEBUG PrimaryStageWindow   - Scaled size: 1255.0 x 720.0
22:05:22.226 [JavaFX Application Thread] DEBUG PrimaryStageWindow   - Scaled ratio: (0.6536458333333334, 0.6666666666666666)
22:05:22.226 [JavaFX Application Thread] DEBUG PrimaryStageWindow   - Scene size: 1255.0 x 720.0
22:05:22.226 [JavaFX Application Thread] DEBUG PrimaryStageWindow   - Stage size: 1271.0 x 759.0
22:05:22.238 [FXGL Background Thread 1 ] DEBUG Engine               - Initializing environment variables
22:05:22.385 [FXGL Background Thread 1 ] DEBUG FXGLAssetLoaderServi - User app class for loading assets: class com.example.demo.HelloApplication
22:05:22.386 [FXGL Background Thread 1 ] DEBUG GameApplicationServi - Applying CSS: fxgl_dark.css
22:05:22.386 [FXGL Background Thread 1 ] DEBUG FXGLAssetLoaderServi - Loading from file system: jar:file:///C:/Users/zyla/.m2/repository/com/github/almasb/fxgl/11.17/fxgl-11.17.jar!/fxglassets/ui/css/fxgl_dark.css
22:05:22.457 [FXGL Background Thread 1 ] DEBUG GameApplicationServi - Initializing application scenes
22:05:22.579 [FXGL Background Thread 1 ] DEBUG GameWorld            - Game world initialized
22:05:22.662 [FXGL Background Thread 1 ] DEBUG PhysicsWorld         - Physics world initialized: appHeight=1080, physics.ppm=50.0
22:05:22.662 [FXGL Background Thread 1 ] DEBUG PhysicsWorld         - Using strategy: BRUTE_FORCE
22:05:22.665 [FXGL Background Thread 1 ] DEBUG GameScene            - Game scene initialized: 1920x1080
22:05:22.839 [FXGL Background Thread 1 ] DEBUG GameApplicationServi - Application scenes initialized
22:05:22.855 [FXGL Background Thread 1 ] DEBUG SystemBundleService  - Loading FXGL system data
22:05:22.862 [FXGL Background Thread 1 ] DEBUG FileSystemAccess     - Reading from: C:\Users\zyla\demoGame4OOP\system\fxgl.bundle
22:05:22.874 [FXGL Background Thread 1 ] DEBUG SystemBundleService  - Bundle FXGL: {}
22:05:22.874 [FXGL Background Thread 1 ] DEBUG UpdaterService       - Checking for updates
22:05:22.909 [FXGL Background Thread 1 ] DEBUG FXGLApplication      - Loading default localization
22:05:22.911 [FXGL Background Thread 1 ] DEBUG FXGLAssetLoaderServi - Loading from file system: jar:file:///C:/Users/zyla/.m2/repository/com/github/almasb/fxgl/11.17/fxgl-11.17.jar!/fxglassets/languages/english.lang
22:05:22.914 [FXGL Background Thread 4 ] DEBUG FXGLApplication      - Loading fonts
22:05:22.915 [FXGL Background Thread 4 ] DEBUG FXGLAssetLoaderServi - Loading from file system: jar:file:///C:/Users/zyla/.m2/repository/com/github/almasb/fxgl/11.17/fxgl-11.17.jar!/fxglassets/ui/fonts/VarelaRound-Regular.ttf
22:05:22.946 [FXGL Background Thread 1 ] INFO  FXGLApplication      - FXGL initialization took: 0.708 sec
22:05:22.961 [JavaFX Application Thread] DEBUG Input                - Registered new binding: P1Left - A
22:05:22.961 [JavaFX Application Thread] DEBUG Input                - Registered new binding: P1Right - D
22:05:22.961 [JavaFX Application Thread] DEBUG Input                - Registered new binding: P1Jump - W
22:05:22.961 [JavaFX Application Thread] DEBUG Input                - Registered new binding: P1Punch - F
22:05:22.961 [JavaFX Application Thread] DEBUG Input                - Registered new binding: P2Left - J
22:05:22.962 [JavaFX Application Thread] DEBUG Input                - Registered new binding: P2Right - L
22:05:22.962 [JavaFX Application Thread] DEBUG Input                - Registered new binding: P2Jump - I
22:05:22.962 [JavaFX Application Thread] DEBUG Input                - Registered new binding: P2Punch - H
22:05:22.962 [JavaFX Application Thread] DEBUG FXGLAssetLoaderServi - Loading from file system: jar:file:///C:/Users/zyla/.m2/repository/com/github/almasb/fxgl/11.17/fxgl-11.17.jar!/fxglassets/textures/fxgl_icon.png
22:05:23.052 [JavaFX Application Thread] DEBUG FXGLAssetLoaderServi - Loading from file system: jar:file:///C:/Users/zyla/.m2/repository/com/github/almasb/fxgl/11.17/fxgl-11.17.jar!/fxglassets/textures/fxgl_default_cursor.png
22:05:23.068 [JavaFX Application Thread] DEBUG Input                - Registered new binding: Screenshot - CTRL+8
22:05:23.070 [JavaFX Application Thread] DEBUG Input                - Registered new binding: System info dump - CTRL+9
22:05:23.079 [JavaFX Application Thread] DEBUG Input                - Registered new binding: Restart - CTRL+R
22:05:23.085 [JavaFX Application Thread] DEBUG Input                - Registered new binding: Toggle Debug Camera - CTRL+C
22:05:23.105 [JavaFX Application Thread] DEBUG LoopRunner           - Starting loop
22:05:23.105 [JavaFX Application Thread] DEBUG LoopRunner           - Initializing JavaFX AnimationTimerLoop
22:05:23.108 [JavaFX Application Thread] DEBUG Input                - Clearing active input actions
22:05:23.138 [JavaFX Application Thread] DEBUG GameApplicationServi - Removing overlay from FXGLStartupScene and adding to FXGLMainMenuDummyScene
22:05:23.144 [JavaFX Application Thread] DEBUG PrimaryStageWindow   - FXGLStartupScene -> FXGLMainMenuDummyScene
22:05:23.144 [JavaFX Application Thread] DEBUG PrimaryStageWindow   - Push state: CustomMainMenu
22:05:23.145 [JavaFX Application Thread] DEBUG Input                - Clearing active input actions
22:05:23.153 [JavaFX Application Thread] DEBUG GameApplicationServi - Removing overlay from FXGLMainMenuDummyScene and adding to CustomMainMenu
22:05:23.160 [JavaFX Application Thread] DEBUG PrimaryStageWindow   - FXGLMainMenuDummyScene -> CustomMainMenu
22:05:23.245 [FXGL Background Thread 4 ] DEBUG FXGLAssetLoaderServi - Loading from file system: jar:file:///C:/Users/zyla/.m2/repository/com/github/almasb/fxgl/11.17/fxgl-11.17.jar!/fxglassets/ui/fonts/Abel-Regular.ttf
22:05:23.270 [FXGL Background Thread 4 ] DEBUG FXGLAssetLoaderServi - Loading from file system: jar:file:///C:/Users/zyla/.m2/repository/com/github/almasb/fxgl/11.17/fxgl-11.17.jar!/fxglassets/ui/fonts/lucida_console.ttf
22:05:23.315 [FXGL Background Thread 4 ] DEBUG FXGLAssetLoaderServi - Loading from file system: jar:file:///C:/Users/zyla/.m2/repository/com/github/almasb/fxgl/11.17/fxgl-11.17.jar!/fxglassets/ui/fonts/Courier-Prime.ttf
22:05:23.423 [JavaFX Application Thread] DEBUG FXGLApplication      - Registering font factories with UI factory
22:05:23.954 [FXGL Background Thread 2 ] INFO  UpdaterService       - Your current version:  11.17
22:05:23.954 [FXGL Background Thread 2 ] INFO  UpdaterService       - Latest stable version: 21.1
22:05:25.906 [FXGL Background Thread 3 ] DEBUG Engine               - Logging environment variables
22:05:25.907 [FXGL Background Thread 3 ] DEBUG Engine               - achievements: []
22:05:25.907 [FXGL Background Thread 3 ] DEBUG Engine               - actualHeight: 720.0
22:05:25.907 [FXGL Background Thread 3 ] DEBUG Engine               - actualHeightProperty: ReadOnlyDoubleProperty [value: 720.0]
22:05:25.908 [FXGL Background Thread 3 ] DEBUG Engine               - actualWidth: 1255.0
22:05:25.908 [FXGL Background Thread 3 ] DEBUG Engine               - actualWidthProperty: ReadOnlyDoubleProperty [value: 1255.0]
22:05:25.908 [FXGL Background Thread 3 ] DEBUG Engine               - appIcon: fxgl_icon.png
22:05:25.908 [FXGL Background Thread 3 ] DEBUG Engine               - applicationMode: DEVELOPER
22:05:25.908 [FXGL Background Thread 3 ] DEBUG Engine               - cSSList: [fxgl_dark.css]
22:05:25.908 [FXGL Background Thread 3 ] DEBUG Engine               - collisionDetectionStrategy: BRUTE_FORCE
22:05:25.908 [FXGL Background Thread 3 ] DEBUG Engine               - configClass: Optional.empty
22:05:25.908 [FXGL Background Thread 3 ] DEBUG Engine               - credits: []
22:05:25.908 [FXGL Background Thread 3 ] DEBUG Engine               - defaultCursor: CursorInfo(imageName=fxgl_default_cursor.png, hotspotX=7.0, hotspotY=6.0)
22:05:25.908 [FXGL Background Thread 3 ] DEBUG Engine               - devBBoxColorProperty: ObjectProperty [value: 0xff0000ff]
22:05:25.908 [FXGL Background Thread 3 ] DEBUG Engine               - devEnableDebugCameraProperty: BooleanProperty [value: false]
22:05:25.908 [FXGL Background Thread 3 ] DEBUG Engine               - devSensorColorProperty: ObjectProperty [value: 0xffff00ff]
22:05:25.909 [FXGL Background Thread 3 ] DEBUG Engine               - devShowBBoxProperty: BooleanProperty [value: false]
22:05:25.909 [FXGL Background Thread 3 ] DEBUG Engine               - devShowPositionProperty: BooleanProperty [value: false]
22:05:25.909 [FXGL Background Thread 3 ] DEBUG Engine               - enabledMenuItems: []
22:05:25.909 [FXGL Background Thread 3 ] DEBUG Engine               - engineServices: [class com.almasb.fxgl.app.services.FXGLAssetLoaderService, class com.almasb.fxgl.app.FXGLApplication$GameApplicationService, class com.almasb.fxgl.app.services.FXGLDialogService, class com.almasb.fxgl.app.services.IOTaskExecutorService, class com.almasb.fxgl.io.FileSystemService, class com.almasb.fxgl.localization.LocalizationService, class com.almasb.fxgl.app.services.SystemBundleService, class com.almasb.fxgl.profile.SaveLoadService, class com.almasb.fxgl.ui.FXGLUIFactoryServiceProvider, class com.almasb.fxgl.ui.FXGLDialogFactoryServiceProvider, class com.almasb.fxgl.audio.AudioPlayer, class com.almasb.fxgl.notification.impl.NotificationServiceProvider, class com.almasb.fxgl.achievement.AchievementService, class com.almasb.fxgl.cutscene.CutsceneService, class com.almasb.fxgl.minigames.MiniGameService, class com.almasb.fxgl.net.NetService, class com.almasb.fxgl.app.services.UpdaterService, class com.almasb.fxgl.dev.DevService, class com.almasb.fxgl.dev.profiling.ProfilerService]
22:05:25.909 [FXGL Background Thread 3 ] DEBUG Engine               - fontGame: Abel-Regular.ttf
22:05:25.909 [FXGL Background Thread 3 ] DEBUG Engine               - fontMono: lucida_console.ttf
22:05:25.909 [FXGL Background Thread 3 ] DEBUG Engine               - fontText: Courier-Prime.ttf
22:05:25.909 [FXGL Background Thread 3 ] DEBUG Engine               - fontUI: VarelaRound-Regular.ttf
22:05:25.909 [FXGL Background Thread 3 ] DEBUG Engine               - fullScreen: BooleanProperty [value: false]
22:05:25.909 [FXGL Background Thread 3 ] DEBUG Engine               - gameDifficulty: MEDIUM
22:05:25.909 [FXGL Background Thread 3 ] DEBUG Engine               - gameDifficultyProperty: ObjectProperty [value: MEDIUM]
22:05:25.909 [FXGL Background Thread 3 ] DEBUG Engine               - globalMusicVolume: 0.5
22:05:25.909 [FXGL Background Thread 3 ] DEBUG Engine               - globalMusicVolumeProperty: DoubleProperty [value: 0.5]
22:05:25.909 [FXGL Background Thread 3 ] DEBUG Engine               - globalSoundVolume: 0.5
22:05:25.909 [FXGL Background Thread 3 ] DEBUG Engine               - globalSoundVolumeProperty: DoubleProperty [value: 0.5]
22:05:25.909 [FXGL Background Thread 3 ] DEBUG Engine               - height: 1080
22:05:25.909 [FXGL Background Thread 3 ] DEBUG Engine               - is3D: false
22:05:25.909 [FXGL Background Thread 3 ] DEBUG Engine               - isAndroid: false
22:05:25.910 [FXGL Background Thread 3 ] DEBUG Engine               - isBrowser: false
22:05:25.910 [FXGL Background Thread 3 ] DEBUG Engine               - isClickFeedbackEnabled: false
22:05:25.910 [FXGL Background Thread 3 ] DEBUG Engine               - isCloseConfirmation: true
22:05:25.910 [FXGL Background Thread 3 ] DEBUG Engine               - isDesktop: true
22:05:25.910 [FXGL Background Thread 3 ] DEBUG Engine               - isDeveloperMenuEnabled: false
22:05:25.910 [FXGL Background Thread 3 ] DEBUG Engine               - isEntityPreloadEnabled: true
22:05:25.910 [FXGL Background Thread 3 ] DEBUG Engine               - isExperimentalTiledLargeMap: false
22:05:25.910 [FXGL Background Thread 3 ] DEBUG Engine               - isFileSystemWriteAllowed: true
22:05:25.910 [FXGL Background Thread 3 ] DEBUG Engine               - isFullScreenAllowed: false
22:05:25.910 [FXGL Background Thread 3 ] DEBUG Engine               - isFullScreenFromStart: false
22:05:25.910 [FXGL Background Thread 3 ] DEBUG Engine               - isGameMenuEnabled: false
22:05:25.910 [FXGL Background Thread 3 ] DEBUG Engine               - isIOS: false
22:05:25.910 [FXGL Background Thread 3 ] DEBUG Engine               - isIntroEnabled: false
22:05:25.910 [FXGL Background Thread 3 ] DEBUG Engine               - isLinux: false
22:05:25.910 [FXGL Background Thread 3 ] DEBUG Engine               - isMac: false
22:05:25.910 [FXGL Background Thread 3 ] DEBUG Engine               - isMainMenuEnabled: true
22:05:25.910 [FXGL Background Thread 3 ] DEBUG Engine               - isManualResizeEnabled: false
22:05:25.911 [FXGL Background Thread 3 ] DEBUG Engine               - isMobile: false
22:05:25.911 [FXGL Background Thread 3 ] DEBUG Engine               - isNative: false
22:05:25.911 [FXGL Background Thread 3 ] DEBUG Engine               - isPauseMusicWhenMinimized: true
22:05:25.911 [FXGL Background Thread 3 ] DEBUG Engine               - isPreserveResizeRatio: false
22:05:25.911 [FXGL Background Thread 3 ] DEBUG Engine               - isProfilingEnabled: true
22:05:25.911 [FXGL Background Thread 3 ] DEBUG Engine               - isScaleAffectedOnResize: true
22:05:25.911 [FXGL Background Thread 3 ] DEBUG Engine               - isSingleStep: false
22:05:25.911 [FXGL Background Thread 3 ] DEBUG Engine               - isUserProfileEnabled: false
22:05:25.911 [FXGL Background Thread 3 ] DEBUG Engine               - isWindows: true
22:05:25.911 [FXGL Background Thread 3 ] DEBUG Engine               - language: ObjectProperty [value: ENGLISH]
22:05:25.911 [FXGL Background Thread 3 ] DEBUG Engine               - menuKey: ESCAPE
22:05:25.911 [FXGL Background Thread 3 ] DEBUG Engine               - mouseSensitivity: 0.2
22:05:25.911 [FXGL Background Thread 3 ] DEBUG Engine               - notificationViewClass: class com.almasb.fxgl.notification.view.XboxNotificationView
22:05:25.911 [FXGL Background Thread 3 ] DEBUG Engine               - pixelsPerMeter: 50.0
22:05:25.911 [FXGL Background Thread 3 ] DEBUG Engine               - platform: WINDOWS
22:05:25.911 [FXGL Background Thread 3 ] DEBUG Engine               - prefHeightProperty: ReadOnlyDoubleProperty [value: 1080.0]
22:05:25.911 [FXGL Background Thread 3 ] DEBUG Engine               - prefWidthProperty: ReadOnlyDoubleProperty [value: 1920.0]
22:05:25.911 [FXGL Background Thread 3 ] DEBUG Engine               - profileDir: profiles/
22:05:25.912 [FXGL Background Thread 3 ] DEBUG Engine               - profileName: StringProperty [value: DEFAULT]
22:05:25.912 [FXGL Background Thread 3 ] DEBUG Engine               - randomSeed: -1
22:05:25.912 [FXGL Background Thread 3 ] DEBUG Engine               - runtimeInfo: RuntimeInfo(platform=WINDOWS, version=11.17, build=16.07.2021 15.46)
22:05:25.912 [FXGL Background Thread 3 ] DEBUG Engine               - saveFileExt: sav
22:05:25.912 [FXGL Background Thread 3 ] DEBUG Engine               - scaledHeightProp$fxgl: DoubleProperty [bound, value: 720.0]
22:05:25.912 [FXGL Background Thread 3 ] DEBUG Engine               - scaledWidthProp$fxgl: DoubleProperty [bound, value: 1255.0]
22:05:25.912 [FXGL Background Thread 3 ] DEBUG Engine               - sceneFactory: com.example.demo.MySceneFactory@43b7e9f5
22:05:25.912 [FXGL Background Thread 3 ] DEBUG Engine               - secondsIn24h: 60
22:05:25.912 [FXGL Background Thread 3 ] DEBUG Engine               - soundMenuBack: menu/back.wav
22:05:25.912 [FXGL Background Thread 3 ] DEBUG Engine               - soundMenuPress: menu/press.wav
22:05:25.912 [FXGL Background Thread 3 ] DEBUG Engine               - soundMenuSelect: menu/select.wav
22:05:25.912 [FXGL Background Thread 3 ] DEBUG Engine               - soundNotification: core/notification.wav
22:05:25.912 [FXGL Background Thread 3 ] DEBUG Engine               - stageStyle: DECORATED
22:05:25.912 [FXGL Background Thread 3 ] DEBUG Engine               - supportedLanguages: [ENGLISH, FRENCH, GERMAN, HUNGARIAN, RUSSIAN]
22:05:25.912 [FXGL Background Thread 3 ] DEBUG Engine               - ticksPerSecond: -1
22:05:25.912 [FXGL Background Thread 3 ] DEBUG Engine               - title: Stictactics
22:05:25.912 [FXGL Background Thread 3 ] DEBUG Engine               - urlGithub: https://github.com/AlmasB/FXGL
22:05:25.912 [FXGL Background Thread 3 ] DEBUG Engine               - urlLeaderboard: http://fxgl-top.herokuapp.com/
22:05:25.913 [FXGL Background Thread 3 ] DEBUG Engine               - urlPOM: https://raw.githubusercontent.com/AlmasB/FXGL/release/README.md
22:05:25.913 [FXGL Background Thread 3 ] DEBUG Engine               - userAppClass: class com.example.demo.HelloApplication
22:05:25.913 [FXGL Background Thread 3 ] DEBUG Engine               - version: 0.0
22:05:25.913 [FXGL Background Thread 3 ] DEBUG Engine               - versionCheckDays: 7
22:05:25.913 [FXGL Background Thread 3 ] DEBUG Engine               - width: 1920
22:05:25.913 [FXGL Background Thread 3 ] DEBUG Engine               - Logging services
22:05:25.913 [FXGL Background Thread 3 ] DEBUG Engine               - class com.almasb.fxgl.app.services.FXGLAssetLoaderService
22:05:25.913 [FXGL Background Thread 3 ] DEBUG Engine               - class com.almasb.fxgl.app.FXGLApplication$GameApplicationService
22:05:25.913 [FXGL Background Thread 3 ] DEBUG Engine               - class com.almasb.fxgl.app.services.FXGLDialogService
22:05:25.913 [FXGL Background Thread 3 ] DEBUG Engine               - class com.almasb.fxgl.app.services.IOTaskExecutorService
22:05:25.913 [FXGL Background Thread 3 ] DEBUG Engine               - class com.almasb.fxgl.io.FileSystemService
22:05:25.913 [FXGL Background Thread 3 ] DEBUG Engine               - class com.almasb.fxgl.localization.LocalizationService
22:05:25.913 [FXGL Background Thread 3 ] DEBUG Engine               - class com.almasb.fxgl.app.services.SystemBundleService
22:05:25.913 [FXGL Background Thread 3 ] DEBUG Engine               - class com.almasb.fxgl.profile.SaveLoadService
22:05:25.913 [FXGL Background Thread 3 ] DEBUG Engine               - class com.almasb.fxgl.ui.FXGLUIFactoryServiceProvider
22:05:25.913 [FXGL Background Thread 3 ] DEBUG Engine               - class com.almasb.fxgl.ui.FXGLDialogFactoryServiceProvider
22:05:25.913 [FXGL Background Thread 3 ] DEBUG Engine               - class com.almasb.fxgl.audio.AudioPlayer
22:05:25.913 [FXGL Background Thread 3 ] DEBUG Engine               - class com.almasb.fxgl.notification.impl.NotificationServiceProvider
22:05:25.913 [FXGL Background Thread 3 ] DEBUG Engine               - class com.almasb.fxgl.achievement.AchievementService
22:05:25.913 [FXGL Background Thread 3 ] DEBUG Engine               - class com.almasb.fxgl.cutscene.CutsceneService
22:05:25.913 [FXGL Background Thread 3 ] DEBUG Engine               - class com.almasb.fxgl.minigames.MiniGameService
22:05:25.913 [FXGL Background Thread 3 ] DEBUG Engine               - class com.almasb.fxgl.net.NetService
22:05:25.913 [FXGL Background Thread 3 ] DEBUG Engine               - class com.almasb.fxgl.app.services.UpdaterService
22:05:25.913 [FXGL Background Thread 3 ] DEBUG Engine               - class com.almasb.fxgl.dev.DevService
22:05:25.913 [FXGL Background Thread 3 ] DEBUG Engine               - class com.almasb.fxgl.dev.profiling.ProfilerService
22:05:26.189 [JavaFX Application Thread] DEBUG PrimaryStageWindow   - Push state: DialogSubScene
22:05:26.189 [JavaFX Application Thread] DEBUG Input                - Clearing active input actions
22:05:26.190 [JavaFX Application Thread] DEBUG GameApplicationServi - Removing overlay from CustomMainMenu and adding to DialogSubScene
22:05:26.191 [JavaFX Application Thread] DEBUG PrimaryStageWindow   - CustomMainMenu -> DialogSubScene
22:05:27.175 [JavaFX Application Thread] DEBUG PrimaryStageWindow   - Pop state: DialogSubScene
22:05:27.175 [JavaFX Application Thread] DEBUG Input                - Clearing active input actions
22:05:27.176 [JavaFX Application Thread] DEBUG GameApplicationServi - Removing overlay from DialogSubScene and adding to CustomMainMenu
22:05:27.178 [JavaFX Application Thread] DEBUG PrimaryStageWindow   - CustomMainMenu <- DialogSubScene
22:05:27.178 [JavaFX Application Thread] DEBUG FXGLApplication      - Exiting FXGL
22:05:27.178 [JavaFX Application Thread] DEBUG LoopRunner           - Stopping loop
22:05:27.178 [JavaFX Application Thread] DEBUG SystemBundleService  - Saving FXGL system data
22:05:27.190 [JavaFX Application Thread] DEBUG FileSystemAccess     - Writing to: C:\Users\zyla\demoGame4OOP\system\fxgl.bundle
22:05:27.193 [JavaFX Application Thread] INFO  ProfilerWindow       - Profiler (FPS) - 187 frames
22:05:27.193 [JavaFX Application Thread] INFO  ProfilerWindow       - Average: 49.213903743315505
22:05:27.193 [JavaFX Application Thread] INFO  ProfilerWindow       - Minimum: 41.0
22:05:27.193 [JavaFX Application Thread] INFO  ProfilerWindow       - Maximum: 60.0
22:05:27.193 [JavaFX Application Thread] INFO  ProfilerWindow       - Profiler (CPU (ms)) - 187 frames
22:05:27.193 [JavaFX Application Thread] INFO  ProfilerWindow       - Average: 0.7728641711229948
22:05:27.193 [JavaFX Application Thread] INFO  ProfilerWindow       - Minimum: 0.0
22:05:27.193 [JavaFX Application Thread] INFO  ProfilerWindow       - Maximum: 19.6512
22:05:27.194 [JavaFX Application Thread] INFO  ProfilerWindow       - Profiler (RAM (MB)) - 187 frames
22:05:27.194 [JavaFX Application Thread] INFO  ProfilerWindow       - Average: 25.023430400991185
22:05:27.194 [JavaFX Application Thread] INFO  ProfilerWindow       - Minimum: 15.011116027832031
22:05:27.194 [JavaFX Application Thread] INFO  ProfilerWindow       - Maximum: 38.218353271484375
22:05:27.194 [JavaFX Application Thread] INFO  ProfilerService      - Estimated GC runs: 3
22:05:27.194 [JavaFX Application Thread] DEBUG Async                - Shutting down background threads
22:05:27.194 [JavaFX Application Thread] DEBUG PrimaryStageWindow   - Closing main window
22:05:27.308 [JavaFX Application Thread] DEBUG Logger               - Closing Logger
