20:15:01.892 [main                     ] DEBUG Logger               - Configured Logger
20:15:01.893 [main                     ] DEBUG GameApplication      - Logging settings
Title: Stictactics
Version: 0.0
Width: 1920
Height: 1080
Fullscreen: false
Intro: false
Profiling: false
Single step:false
App Mode: DEVELOPER
Menu Key: ESCAPE
Stage Style: DECORATED
Scene Factory: class com.example.demo.MySceneFactory

20:15:02.279 [JavaFX Application Thread] DEBUG FXGLApplication      - Initializing FXGL
20:15:02.280 [JavaFX Application Thread] INFO  Engine               - FXGL-11.17 (16.07.2021 15.46) on WINDOWS (J:23.0.2 FX:17.0.6)
20:15:02.281 [JavaFX Application Thread] DEBUG Engine               - JRE Vendor Name: Amazon.com Inc.
20:15:02.281 [JavaFX Application Thread] DEBUG Engine               - Running on OS: Windows 11 version 10.0
20:15:02.281 [JavaFX Application Thread] DEBUG Engine               - Architecture: amd64
20:15:02.281 [JavaFX Application Thread] INFO  Engine               - Source code and latest versions at: https://github.com/AlmasB/FXGL
20:15:02.281 [JavaFX Application Thread] INFO  Engine               -              Join the FXGL chat at: https://gitter.im/AlmasB/FXGL
20:15:02.379 [JavaFX Application Thread] DEBUG PrimaryStageWindow   - Creating a JavaFX scene
20:15:02.379 [JavaFX Application Thread] DEBUG PrimaryStageWindow   - Target size > screen size
20:15:02.431 [JavaFX Application Thread] DEBUG PrimaryStageWindow   - Target settings size: 1920.0 x 1080.0
20:15:02.431 [JavaFX Application Thread] DEBUG PrimaryStageWindow   - Scaled scene size:    1255.0 x 720.0
20:15:02.431 [JavaFX Application Thread] DEBUG PrimaryStageWindow   - Scaled ratio: (0.6536458333333334, 0.6666666666666666)
20:15:02.431 [JavaFX Application Thread] DEBUG PrimaryStageWindow   - Set initial scene to FXGLStartupScene
20:15:02.437 [JavaFX Application Thread] DEBUG PrimaryStageWindow   - Opening main window
20:15:02.533 [JavaFX Application Thread] DEBUG PrimaryStageWindow   - Window border size: (16.0, 39.0)
20:15:02.533 [JavaFX Application Thread] DEBUG PrimaryStageWindow   - Scaled size: 1255.0 x 720.0
20:15:02.533 [JavaFX Application Thread] DEBUG PrimaryStageWindow   - Scaled ratio: (0.6536458333333334, 0.6666666666666666)
20:15:02.533 [JavaFX Application Thread] DEBUG PrimaryStageWindow   - Scene size: 1255.0 x 720.0
20:15:02.533 [JavaFX Application Thread] DEBUG PrimaryStageWindow   - Stage size: 1271.0 x 759.0
20:15:02.545 [FXGL Background Thread 1 ] DEBUG Engine               - Initializing environment variables
20:15:02.673 [FXGL Background Thread 1 ] DEBUG FXGLAssetLoaderServi - User app class for loading assets: class com.example.demo.HelloApplication
20:15:02.673 [FXGL Background Thread 1 ] DEBUG GameApplicationServi - Applying CSS: fxgl_dark.css
20:15:02.674 [FXGL Background Thread 1 ] DEBUG FXGLAssetLoaderServi - Loading from file system: jar:file:///C:/Users/zyla/.m2/repository/com/github/almasb/fxgl/11.17/fxgl-11.17.jar!/fxglassets/ui/css/fxgl_dark.css
20:15:02.729 [FXGL Background Thread 1 ] DEBUG GameApplicationServi - Initializing application scenes
20:15:02.856 [FXGL Background Thread 1 ] DEBUG GameWorld            - Game world initialized
20:15:02.933 [FXGL Background Thread 1 ] DEBUG PhysicsWorld         - Physics world initialized: appHeight=1080, physics.ppm=50.0
20:15:02.933 [FXGL Background Thread 1 ] DEBUG PhysicsWorld         - Using strategy: BRUTE_FORCE
20:15:02.937 [FXGL Background Thread 1 ] DEBUG GameScene            - Game scene initialized: 1920x1080
20:15:03.102 [FXGL Background Thread 1 ] DEBUG GameApplicationServi - Application scenes initialized
20:15:03.115 [FXGL Background Thread 1 ] DEBUG SystemBundleService  - Loading FXGL system data
20:15:03.121 [FXGL Background Thread 1 ] DEBUG FileSystemAccess     - Reading from: C:\Users\zyla\demoGame4OOP\system\fxgl.bundle
20:15:03.131 [FXGL Background Thread 1 ] DEBUG SystemBundleService  - Bundle FXGL: {}
20:15:03.131 [FXGL Background Thread 1 ] DEBUG UpdaterService       - Checking for updates
20:15:03.138 [FXGL Background Thread 4 ] DEBUG FXGLApplication      - Loading fonts
20:15:03.138 [FXGL Background Thread 1 ] DEBUG FXGLApplication      - Loading default localization
20:15:03.138 [FXGL Background Thread 4 ] DEBUG FXGLAssetLoaderServi - Loading from file system: jar:file:///C:/Users/zyla/.m2/repository/com/github/almasb/fxgl/11.17/fxgl-11.17.jar!/fxglassets/ui/fonts/VarelaRound-Regular.ttf
20:15:03.139 [FXGL Background Thread 1 ] DEBUG FXGLAssetLoaderServi - Loading from file system: jar:file:///C:/Users/zyla/.m2/repository/com/github/almasb/fxgl/11.17/fxgl-11.17.jar!/fxglassets/languages/english.lang
20:15:03.168 [FXGL Background Thread 1 ] INFO  FXGLApplication      - FXGL initialization took: 0.623 sec
20:15:03.181 [JavaFX Application Thread] DEBUG Input                - Registered new binding: P1Left - A
20:15:03.181 [JavaFX Application Thread] DEBUG Input                - Registered new binding: P1Right - D
20:15:03.181 [JavaFX Application Thread] DEBUG Input                - Registered new binding: P1Jump - W
20:15:03.181 [JavaFX Application Thread] DEBUG Input                - Registered new binding: P1Punch - F
20:15:03.182 [JavaFX Application Thread] DEBUG Input                - Registered new binding: P1EnhancedPunch - E
20:15:03.182 [JavaFX Application Thread] DEBUG Input                - Registered new binding: P1Ult - Q
20:15:03.182 [JavaFX Application Thread] DEBUG Input                - Registered new binding: P2Left - J
20:15:03.182 [JavaFX Application Thread] DEBUG Input                - Registered new binding: P2Right - L
20:15:03.182 [JavaFX Application Thread] DEBUG Input                - Registered new binding: P2Jump - I
20:15:03.182 [JavaFX Application Thread] DEBUG Input                - Registered new binding: P2Punch - H
20:15:03.183 [JavaFX Application Thread] DEBUG Input                - Registered new binding: P2EnhancedPunch - U
20:15:03.184 [JavaFX Application Thread] DEBUG Input                - Registered new binding: P2Ult - O
20:15:03.195 [JavaFX Application Thread] WARN  FXGLAssetLoaderServi - Asset "/assets/textures//assets/textures/background-intro.mp4" was not found!
20:15:03.195 [JavaFX Application Thread] WARN  FXGLAssetLoaderServi - Failed to load IMAGE
20:15:03.249 [JavaFX Application Thread] DEBUG FXGLAssetLoaderServi - Loading from file system: jar:file:///C:/Users/zyla/.m2/repository/com/github/almasb/fxgl/11.17/fxgl-11.17.jar!/fxglassets/textures/fxgl_icon.png
20:15:03.319 [JavaFX Application Thread] DEBUG FXGLAssetLoaderServi - Loading from file system: jar:file:///C:/Users/zyla/.m2/repository/com/github/almasb/fxgl/11.17/fxgl-11.17.jar!/fxglassets/textures/fxgl_default_cursor.png
20:15:03.323 [JavaFX Application Thread] DEBUG Input                - Registered new binding: Screenshot - CTRL+8
20:15:03.324 [JavaFX Application Thread] DEBUG Input                - Registered new binding: System info dump - CTRL+9
20:15:03.324 [JavaFX Application Thread] DEBUG Input                - Registered new binding: Restart - CTRL+R
20:15:03.327 [JavaFX Application Thread] DEBUG Input                - Registered new binding: Toggle Debug Camera - CTRL+C
20:15:03.329 [JavaFX Application Thread] DEBUG LoopRunner           - Starting loop
20:15:03.329 [JavaFX Application Thread] DEBUG LoopRunner           - Initializing JavaFX AnimationTimerLoop
20:15:03.337 [JavaFX Application Thread] DEBUG Input                - Clearing active input actions
20:15:03.365 [JavaFX Application Thread] DEBUG GameApplicationServi - Removing overlay from FXGLStartupScene and adding to FXGLMainMenuDummyScene
20:15:03.368 [JavaFX Application Thread] DEBUG PrimaryStageWindow   - FXGLStartupScene -> FXGLMainMenuDummyScene
20:15:03.369 [JavaFX Application Thread] DEBUG PrimaryStageWindow   - Push state: CustomMainMenu
20:15:03.369 [JavaFX Application Thread] DEBUG Input                - Clearing active input actions
20:15:03.380 [JavaFX Application Thread] DEBUG GameApplicationServi - Removing overlay from FXGLMainMenuDummyScene and adding to CustomMainMenu
20:15:03.385 [JavaFX Application Thread] DEBUG PrimaryStageWindow   - FXGLMainMenuDummyScene -> CustomMainMenu
20:15:03.562 [FXGL Background Thread 4 ] DEBUG FXGLAssetLoaderServi - Loading from file system: jar:file:///C:/Users/zyla/.m2/repository/com/github/almasb/fxgl/11.17/fxgl-11.17.jar!/fxglassets/ui/fonts/Abel-Regular.ttf
20:15:03.591 [FXGL Background Thread 4 ] DEBUG FXGLAssetLoaderServi - Loading from file system: jar:file:///C:/Users/zyla/.m2/repository/com/github/almasb/fxgl/11.17/fxgl-11.17.jar!/fxglassets/ui/fonts/lucida_console.ttf
20:15:03.615 [FXGL Background Thread 4 ] DEBUG FXGLAssetLoaderServi - Loading from file system: jar:file:///C:/Users/zyla/.m2/repository/com/github/almasb/fxgl/11.17/fxgl-11.17.jar!/fxglassets/ui/fonts/Courier-Prime.ttf
20:15:03.642 [JavaFX Application Thread] DEBUG FXGLApplication      - Registering font factories with UI factory
20:15:04.124 [FXGL Background Thread 2 ] INFO  UpdaterService       - Your current version:  11.17
20:15:04.124 [FXGL Background Thread 2 ] INFO  UpdaterService       - Latest stable version: 21.1
20:15:04.899 [JavaFX Application Thread] DEBUG Menu                 - fireNewGame()
20:15:04.899 [JavaFX Application Thread] DEBUG GameApplicationServi - Starting new game
20:15:04.899 [JavaFX Application Thread] DEBUG PrimaryStageWindow   - Pop state: CustomMainMenu
20:15:04.899 [JavaFX Application Thread] DEBUG Input                - Clearing active input actions
20:15:04.900 [JavaFX Application Thread] DEBUG GameApplicationServi - Removing overlay from CustomMainMenu and adding to FXGLMainMenuDummyScene
20:15:04.900 [JavaFX Application Thread] DEBUG PrimaryStageWindow   - FXGLMainMenuDummyScene <- CustomMainMenu
20:15:04.900 [JavaFX Application Thread] DEBUG Input                - Clearing active input actions
20:15:04.909 [JavaFX Application Thread] DEBUG GameApplicationServi - Removing overlay from FXGLMainMenuDummyScene and adding to FXGLLoadingScene
20:15:04.909 [JavaFX Application Thread] DEBUG PrimaryStageWindow   - FXGLMainMenuDummyScene -> FXGLLoadingScene
20:15:04.909 [JavaFX Application Thread] DEBUG GameApplicationServi - Clearing previous game
20:15:04.909 [JavaFX Application Thread] DEBUG GameScene            - Clearing game scene
20:15:04.909 [JavaFX Application Thread] DEBUG GameWorld            - Clearing game world
20:15:04.910 [JavaFX Application Thread] DEBUG PhysicsWorld         - Clearing physics world
20:15:04.911 [FXGL Background Thread 2 ] DEBUG FXGLApplication      - Initializing game
20:15:05.043 [FXGL Background Thread 2 ] WARN  TMXLevelLoader       - TiledMap generated from 1.11.2. Supported version: 1.2.3. Some features may not be parsed fully.
20:15:05.057 [FXGL Background Thread 2 ] DEBUG TMXLevelLoader       - Parsed TiledMap: file:/C:/Users/zyla/demoGame4OOP/target/classes/assets/levels/tmx/map4.tmx
20:15:05.058 [FXGL Background Thread 2 ] DEBUG TMXLevelLoader       - Creating tile layer entities
20:15:05.059 [FXGL Background Thread 2 ] DEBUG TilesetLoader        - Loading view for layer Tile Layer 1
20:15:05.063 [FXGL Background Thread 2 ] DEBUG TilesetLoader        - Created buffer with size 1920.0x1088.0
20:15:05.232 [FXGL Background Thread 2 ] DEBUG TMXLevelLoader       - Creating object layer entities
20:15:05.260 [FXGL Background Thread 2 ] DEBUG GameWorld            - Clearing removable entities
20:15:05.261 [FXGL Background Thread 2 ] DEBUG GameWorld            - Setting level: com.almasb.fxgl.entity.level.Level@4249e425
20:15:05.280 [FXGL Background Thread 2 ] DEBUG FXGLAssetLoaderServi - Loading from file system: file:/C:/Users/zyla/demoGame4OOP/target/classes/assets/textures/fighter_idle.png
20:15:05.312 [FXGL Background Thread 2 ] DEBUG FXGLAssetLoaderServi - Loading from file system: file:/C:/Users/zyla/demoGame4OOP/target/classes/assets/textures/fighter_walk.png
20:15:05.323 [FXGL Background Thread 2 ] DEBUG FXGLAssetLoaderServi - Loading from file system: file:/C:/Users/zyla/demoGame4OOP/target/classes/assets/textures/fighter_jump.png
20:15:05.330 [FXGL Background Thread 2 ] DEBUG FXGLAssetLoaderServi - Loading from file system: file:/C:/Users/zyla/demoGame4OOP/target/classes/assets/textures/fighter_attack_enhanced.png
20:15:05.344 [FXGL Background Thread 2 ] DEBUG FXGLAssetLoaderServi - Loading from file system: file:/C:/Users/zyla/demoGame4OOP/target/classes/assets/textures/fighter_attack.png
20:15:05.354 [FXGL Background Thread 2 ] DEBUG FXGLAssetLoaderServi - Loading from file system: file:/C:/Users/zyla/demoGame4OOP/target/classes/assets/textures/fighter_ult.png
20:15:05.384 [FXGL Background Thread 2 ] DEBUG FXGLAssetLoaderServi - Loading from file system: file:/C:/Users/zyla/demoGame4OOP/target/classes/assets/textures/fighter_idle_P2.png
20:15:05.394 [FXGL Background Thread 2 ] DEBUG FXGLAssetLoaderServi - Loading from file system: file:/C:/Users/zyla/demoGame4OOP/target/classes/assets/textures/fighter_walk_P2.png
20:15:05.402 [FXGL Background Thread 2 ] DEBUG FXGLAssetLoaderServi - Loading from file system: file:/C:/Users/zyla/demoGame4OOP/target/classes/assets/textures/fighter_attack_enhanced_p2.png
20:15:05.412 [FXGL Background Thread 2 ] DEBUG FXGLAssetLoaderServi - Loading from file system: file:/C:/Users/zyla/demoGame4OOP/target/classes/assets/textures/fighter_jump_P2.png
20:15:05.418 [FXGL Background Thread 2 ] DEBUG FXGLAssetLoaderServi - Loading from file system: file:/C:/Users/zyla/demoGame4OOP/target/classes/assets/textures/fighter_attack_P2.png
20:15:05.427 [FXGL Background Thread 2 ] DEBUG FXGLAssetLoaderServi - Loading from file system: file:/C:/Users/zyla/demoGame4OOP/target/classes/assets/textures/fighter_ult_P2.png
20:15:05.494 [FXGL Background Thread 2 ] INFO  FXGLApplication      - Game initialization took: 0.582 sec
20:15:05.497 [JavaFX Application Thread] DEBUG Input                - Clearing active input actions
20:15:05.511 [JavaFX Application Thread] DEBUG GameApplicationServi - Removing overlay from FXGLLoadingScene and adding to GameScene
20:15:05.511 [JavaFX Application Thread] DEBUG PrimaryStageWindow   - FXGLLoadingScene -> GameScene
20:15:06.138 [FXGL Background Thread 3 ] DEBUG Engine               - Logging environment variables
20:15:06.138 [FXGL Background Thread 3 ] DEBUG Engine               - achievements: []
20:15:06.138 [FXGL Background Thread 3 ] DEBUG Engine               - actualHeight: 720.0
20:15:06.138 [FXGL Background Thread 3 ] DEBUG Engine               - actualHeightProperty: ReadOnlyDoubleProperty [value: 720.0]
20:15:06.138 [FXGL Background Thread 3 ] DEBUG Engine               - actualWidth: 1255.0
20:15:06.138 [FXGL Background Thread 3 ] DEBUG Engine               - actualWidthProperty: ReadOnlyDoubleProperty [value: 1255.0]
20:15:06.138 [FXGL Background Thread 3 ] DEBUG Engine               - appIcon: fxgl_icon.png
20:15:06.138 [FXGL Background Thread 3 ] DEBUG Engine               - applicationMode: DEVELOPER
20:15:06.139 [FXGL Background Thread 3 ] DEBUG Engine               - cSSList: [fxgl_dark.css]
20:15:06.139 [FXGL Background Thread 3 ] DEBUG Engine               - collisionDetectionStrategy: BRUTE_FORCE
20:15:06.139 [FXGL Background Thread 3 ] DEBUG Engine               - configClass: Optional.empty
20:15:06.139 [FXGL Background Thread 3 ] DEBUG Engine               - credits: []
20:15:06.139 [FXGL Background Thread 3 ] DEBUG Engine               - defaultCursor: CursorInfo(imageName=fxgl_default_cursor.png, hotspotX=7.0, hotspotY=6.0)
20:15:06.139 [FXGL Background Thread 3 ] DEBUG Engine               - devBBoxColorProperty: ObjectProperty [value: 0xff0000ff]
20:15:06.139 [FXGL Background Thread 3 ] DEBUG Engine               - devEnableDebugCameraProperty: BooleanProperty [value: false]
20:15:06.139 [FXGL Background Thread 3 ] DEBUG Engine               - devSensorColorProperty: ObjectProperty [value: 0xffff00ff]
20:15:06.139 [FXGL Background Thread 3 ] DEBUG Engine               - devShowBBoxProperty: BooleanProperty [value: false]
20:15:06.139 [FXGL Background Thread 3 ] DEBUG Engine               - devShowPositionProperty: BooleanProperty [value: false]
20:15:06.139 [FXGL Background Thread 3 ] DEBUG Engine               - enabledMenuItems: []
20:15:06.139 [FXGL Background Thread 3 ] DEBUG Engine               - engineServices: [class com.almasb.fxgl.app.services.FXGLAssetLoaderService, class com.almasb.fxgl.app.FXGLApplication$GameApplicationService, class com.almasb.fxgl.app.services.FXGLDialogService, class com.almasb.fxgl.app.services.IOTaskExecutorService, class com.almasb.fxgl.io.FileSystemService, class com.almasb.fxgl.localization.LocalizationService, class com.almasb.fxgl.app.services.SystemBundleService, class com.almasb.fxgl.profile.SaveLoadService, class com.almasb.fxgl.ui.FXGLUIFactoryServiceProvider, class com.almasb.fxgl.ui.FXGLDialogFactoryServiceProvider, class com.almasb.fxgl.audio.AudioPlayer, class com.almasb.fxgl.notification.impl.NotificationServiceProvider, class com.almasb.fxgl.achievement.AchievementService, class com.almasb.fxgl.cutscene.CutsceneService, class com.almasb.fxgl.minigames.MiniGameService, class com.almasb.fxgl.net.NetService, class com.almasb.fxgl.app.services.UpdaterService, class com.almasb.fxgl.dev.DevService]
20:15:06.139 [FXGL Background Thread 3 ] DEBUG Engine               - fontGame: Abel-Regular.ttf
20:15:06.139 [FXGL Background Thread 3 ] DEBUG Engine               - fontMono: lucida_console.ttf
20:15:06.139 [FXGL Background Thread 3 ] DEBUG Engine               - fontText: Courier-Prime.ttf
20:15:06.139 [FXGL Background Thread 3 ] DEBUG Engine               - fontUI: VarelaRound-Regular.ttf
20:15:06.139 [FXGL Background Thread 3 ] DEBUG Engine               - fullScreen: BooleanProperty [value: false]
20:15:06.139 [FXGL Background Thread 3 ] DEBUG Engine               - gameDifficulty: MEDIUM
20:15:06.139 [FXGL Background Thread 3 ] DEBUG Engine               - gameDifficultyProperty: ObjectProperty [value: MEDIUM]
20:15:06.140 [FXGL Background Thread 3 ] DEBUG Engine               - globalMusicVolume: 0.5
20:15:06.140 [FXGL Background Thread 3 ] DEBUG Engine               - globalMusicVolumeProperty: DoubleProperty [value: 0.5]
20:15:06.140 [FXGL Background Thread 3 ] DEBUG Engine               - globalSoundVolume: 0.5
20:15:06.140 [FXGL Background Thread 3 ] DEBUG Engine               - globalSoundVolumeProperty: DoubleProperty [value: 0.5]
20:15:06.140 [FXGL Background Thread 3 ] DEBUG Engine               - height: 1080
20:15:06.140 [FXGL Background Thread 3 ] DEBUG Engine               - is3D: false
20:15:06.140 [FXGL Background Thread 3 ] DEBUG Engine               - isAndroid: false
20:15:06.140 [FXGL Background Thread 3 ] DEBUG Engine               - isBrowser: false
20:15:06.140 [FXGL Background Thread 3 ] DEBUG Engine               - isClickFeedbackEnabled: false
20:15:06.140 [FXGL Background Thread 3 ] DEBUG Engine               - isCloseConfirmation: true
20:15:06.140 [FXGL Background Thread 3 ] DEBUG Engine               - isDesktop: true
20:15:06.140 [FXGL Background Thread 3 ] DEBUG Engine               - isDeveloperMenuEnabled: false
20:15:06.140 [FXGL Background Thread 3 ] DEBUG Engine               - isEntityPreloadEnabled: true
20:15:06.140 [FXGL Background Thread 3 ] DEBUG Engine               - isExperimentalTiledLargeMap: false
20:15:06.140 [FXGL Background Thread 3 ] DEBUG Engine               - isFileSystemWriteAllowed: true
20:15:06.140 [FXGL Background Thread 3 ] DEBUG Engine               - isFullScreenAllowed: false
20:15:06.140 [FXGL Background Thread 3 ] DEBUG Engine               - isFullScreenFromStart: false
20:15:06.140 [FXGL Background Thread 3 ] DEBUG Engine               - isGameMenuEnabled: false
20:15:06.140 [FXGL Background Thread 3 ] DEBUG Engine               - isIOS: false
20:15:06.140 [FXGL Background Thread 3 ] DEBUG Engine               - isIntroEnabled: false
20:15:06.140 [FXGL Background Thread 3 ] DEBUG Engine               - isLinux: false
20:15:06.140 [FXGL Background Thread 3 ] DEBUG Engine               - isMac: false
20:15:06.140 [FXGL Background Thread 3 ] DEBUG Engine               - isMainMenuEnabled: true
20:15:06.140 [FXGL Background Thread 3 ] DEBUG Engine               - isManualResizeEnabled: false
20:15:06.141 [FXGL Background Thread 3 ] DEBUG Engine               - isMobile: false
20:15:06.141 [FXGL Background Thread 3 ] DEBUG Engine               - isNative: false
20:15:06.141 [FXGL Background Thread 3 ] DEBUG Engine               - isPauseMusicWhenMinimized: true
20:15:06.141 [FXGL Background Thread 3 ] DEBUG Engine               - isPreserveResizeRatio: false
20:15:06.141 [FXGL Background Thread 3 ] DEBUG Engine               - isProfilingEnabled: false
20:15:06.141 [FXGL Background Thread 3 ] DEBUG Engine               - isScaleAffectedOnResize: true
20:15:06.141 [FXGL Background Thread 3 ] DEBUG Engine               - isSingleStep: false
20:15:06.141 [FXGL Background Thread 3 ] DEBUG Engine               - isUserProfileEnabled: false
20:15:06.141 [FXGL Background Thread 3 ] DEBUG Engine               - isWindows: true
20:15:06.141 [FXGL Background Thread 3 ] DEBUG Engine               - language: ObjectProperty [value: ENGLISH]
20:15:06.141 [FXGL Background Thread 3 ] DEBUG Engine               - menuKey: ESCAPE
20:15:06.141 [FXGL Background Thread 3 ] DEBUG Engine               - mouseSensitivity: 0.2
20:15:06.141 [FXGL Background Thread 3 ] DEBUG Engine               - notificationViewClass: class com.almasb.fxgl.notification.view.XboxNotificationView
20:15:06.141 [FXGL Background Thread 3 ] DEBUG Engine               - pixelsPerMeter: 50.0
20:15:06.141 [FXGL Background Thread 3 ] DEBUG Engine               - platform: WINDOWS
20:15:06.142 [FXGL Background Thread 3 ] DEBUG Engine               - prefHeightProperty: ReadOnlyDoubleProperty [value: 1080.0]
20:15:06.142 [FXGL Background Thread 3 ] DEBUG Engine               - prefWidthProperty: ReadOnlyDoubleProperty [value: 1920.0]
20:15:06.142 [FXGL Background Thread 3 ] DEBUG Engine               - profileDir: profiles/
20:15:06.142 [FXGL Background Thread 3 ] DEBUG Engine               - profileName: StringProperty [value: DEFAULT]
20:15:06.142 [FXGL Background Thread 3 ] DEBUG Engine               - randomSeed: -1
20:15:06.142 [FXGL Background Thread 3 ] DEBUG Engine               - runtimeInfo: RuntimeInfo(platform=WINDOWS, version=11.17, build=16.07.2021 15.46)
20:15:06.142 [FXGL Background Thread 3 ] DEBUG Engine               - saveFileExt: sav
20:15:06.142 [FXGL Background Thread 3 ] DEBUG Engine               - scaledHeightProp$fxgl: DoubleProperty [bound, value: 720.0]
20:15:06.142 [FXGL Background Thread 3 ] DEBUG Engine               - scaledWidthProp$fxgl: DoubleProperty [bound, value: 1255.0]
20:15:06.142 [FXGL Background Thread 3 ] DEBUG Engine               - sceneFactory: com.example.demo.MySceneFactory@489ae843
20:15:06.142 [FXGL Background Thread 3 ] DEBUG Engine               - secondsIn24h: 60
20:15:06.142 [FXGL Background Thread 3 ] DEBUG Engine               - soundMenuBack: menu/back.wav
20:15:06.142 [FXGL Background Thread 3 ] DEBUG Engine               - soundMenuPress: menu/press.wav
20:15:06.142 [FXGL Background Thread 3 ] DEBUG Engine               - soundMenuSelect: menu/select.wav
20:15:06.142 [FXGL Background Thread 3 ] DEBUG Engine               - soundNotification: core/notification.wav
20:15:06.142 [FXGL Background Thread 3 ] DEBUG Engine               - stageStyle: DECORATED
20:15:06.143 [FXGL Background Thread 3 ] DEBUG Engine               - supportedLanguages: [ENGLISH, FRENCH, GERMAN, HUNGARIAN, RUSSIAN]
20:15:06.143 [FXGL Background Thread 3 ] DEBUG Engine               - ticksPerSecond: -1
20:15:06.143 [FXGL Background Thread 3 ] DEBUG Engine               - title: Stictactics
20:15:06.143 [FXGL Background Thread 3 ] DEBUG Engine               - urlGithub: https://github.com/AlmasB/FXGL
20:15:06.143 [FXGL Background Thread 3 ] DEBUG Engine               - urlLeaderboard: http://fxgl-top.herokuapp.com/
20:15:06.143 [FXGL Background Thread 3 ] DEBUG Engine               - urlPOM: https://raw.githubusercontent.com/AlmasB/FXGL/release/README.md
20:15:06.143 [FXGL Background Thread 3 ] DEBUG Engine               - userAppClass: class com.example.demo.HelloApplication
20:15:06.143 [FXGL Background Thread 3 ] DEBUG Engine               - version: 0.0
20:15:06.143 [FXGL Background Thread 3 ] DEBUG Engine               - versionCheckDays: 7
20:15:06.143 [FXGL Background Thread 3 ] DEBUG Engine               - width: 1920
20:15:06.143 [FXGL Background Thread 3 ] DEBUG Engine               - Logging services
20:15:06.143 [FXGL Background Thread 3 ] DEBUG Engine               - class com.almasb.fxgl.app.services.FXGLAssetLoaderService
20:15:06.143 [FXGL Background Thread 3 ] DEBUG Engine               - class com.almasb.fxgl.app.FXGLApplication$GameApplicationService
20:15:06.143 [FXGL Background Thread 3 ] DEBUG Engine               - class com.almasb.fxgl.app.services.FXGLDialogService
20:15:06.143 [FXGL Background Thread 3 ] DEBUG Engine               - class com.almasb.fxgl.app.services.IOTaskExecutorService
20:15:06.143 [FXGL Background Thread 3 ] DEBUG Engine               - class com.almasb.fxgl.io.FileSystemService
20:15:06.143 [FXGL Background Thread 3 ] DEBUG Engine               - class com.almasb.fxgl.localization.LocalizationService
20:15:06.143 [FXGL Background Thread 3 ] DEBUG Engine               - class com.almasb.fxgl.app.services.SystemBundleService
20:15:06.143 [FXGL Background Thread 3 ] DEBUG Engine               - class com.almasb.fxgl.profile.SaveLoadService
20:15:06.144 [FXGL Background Thread 3 ] DEBUG Engine               - class com.almasb.fxgl.ui.FXGLUIFactoryServiceProvider
20:15:06.144 [FXGL Background Thread 3 ] DEBUG Engine               - class com.almasb.fxgl.ui.FXGLDialogFactoryServiceProvider
20:15:06.144 [FXGL Background Thread 3 ] DEBUG Engine               - class com.almasb.fxgl.audio.AudioPlayer
20:15:06.144 [FXGL Background Thread 3 ] DEBUG Engine               - class com.almasb.fxgl.notification.impl.NotificationServiceProvider
20:15:06.144 [FXGL Background Thread 3 ] DEBUG Engine               - class com.almasb.fxgl.achievement.AchievementService
20:15:06.144 [FXGL Background Thread 3 ] DEBUG Engine               - class com.almasb.fxgl.cutscene.CutsceneService
20:15:06.144 [FXGL Background Thread 3 ] DEBUG Engine               - class com.almasb.fxgl.minigames.MiniGameService
20:15:06.144 [FXGL Background Thread 3 ] DEBUG Engine               - class com.almasb.fxgl.net.NetService
20:15:06.144 [FXGL Background Thread 3 ] DEBUG Engine               - class com.almasb.fxgl.app.services.UpdaterService
20:15:06.144 [FXGL Background Thread 3 ] DEBUG Engine               - class com.almasb.fxgl.dev.DevService
20:15:29.498 [JavaFX Application Thread] DEBUG LoopRunner           - Pausing loop
20:15:29.510 [JavaFX Application Thread] DEBUG LoopRunner           - Pausing loop
20:15:30.874 [JavaFX Application Thread] DEBUG LoopRunner           - Resuming loop
20:15:30.874 [JavaFX Application Thread] DEBUG GameApplicationServi - Starting new game
20:15:30.874 [JavaFX Application Thread] DEBUG Input                - Clearing active input actions
20:15:30.877 [JavaFX Application Thread] DEBUG GameApplicationServi - Removing overlay from GameScene and adding to FXGLLoadingScene
20:15:30.878 [JavaFX Application Thread] DEBUG PrimaryStageWindow   - GameScene -> FXGLLoadingScene
20:15:30.878 [JavaFX Application Thread] DEBUG GameApplicationServi - Clearing previous game
20:15:30.878 [JavaFX Application Thread] DEBUG GameScene            - Clearing game scene
20:15:30.878 [JavaFX Application Thread] DEBUG GameWorld            - Clearing game world
20:15:30.879 [JavaFX Application Thread] DEBUG PhysicsWorld         - Clearing physics world
20:15:30.879 [FXGL Background Thread 2 ] DEBUG FXGLApplication      - Initializing game
20:15:30.881 [FXGL Background Thread 2 ] WARN  TMXLevelLoader       - TiledMap generated from 1.11.2. Supported version: 1.2.3. Some features may not be parsed fully.
20:15:30.886 [FXGL Background Thread 2 ] DEBUG TMXLevelLoader       - Parsed TiledMap: file:/C:/Users/zyla/demoGame4OOP/target/classes/assets/levels/tmx/map4.tmx
20:15:30.886 [FXGL Background Thread 2 ] DEBUG TMXLevelLoader       - Creating tile layer entities
20:15:30.886 [FXGL Background Thread 2 ] DEBUG TilesetLoader        - Loading view for layer Tile Layer 1
20:15:30.888 [FXGL Background Thread 2 ] DEBUG TilesetLoader        - Created buffer with size 1920.0x1088.0
20:15:30.979 [FXGL Background Thread 2 ] DEBUG TMXLevelLoader       - Creating object layer entities
20:15:30.980 [FXGL Background Thread 2 ] DEBUG GameWorld            - Clearing removable entities
20:15:30.980 [FXGL Background Thread 2 ] DEBUG GameWorld            - Setting level: com.almasb.fxgl.entity.level.Level@7979bd4b
20:15:30.989 [FXGL Background Thread 2 ] INFO  FXGLApplication      - Game initialization took: 0.110 sec
20:15:31.002 [JavaFX Application Thread] DEBUG Input                - Clearing active input actions
20:15:31.006 [JavaFX Application Thread] DEBUG GameApplicationServi - Removing overlay from FXGLLoadingScene and adding to GameScene
20:15:31.006 [JavaFX Application Thread] DEBUG PrimaryStageWindow   - FXGLLoadingScene -> GameScene
20:15:41.051 [JavaFX Application Thread] DEBUG LoopRunner           - Pausing loop
20:15:41.054 [JavaFX Application Thread] DEBUG LoopRunner           - Pausing loop
20:15:42.393 [JavaFX Application Thread] DEBUG LoopRunner           - Resuming loop
20:15:42.393 [JavaFX Application Thread] DEBUG GameApplicationServi - Starting new game
20:15:42.393 [JavaFX Application Thread] DEBUG Input                - Clearing active input actions
20:15:42.396 [JavaFX Application Thread] DEBUG GameApplicationServi - Removing overlay from GameScene and adding to FXGLLoadingScene
20:15:42.396 [JavaFX Application Thread] DEBUG PrimaryStageWindow   - GameScene -> FXGLLoadingScene
20:15:42.396 [JavaFX Application Thread] DEBUG GameApplicationServi - Clearing previous game
20:15:42.396 [JavaFX Application Thread] DEBUG GameScene            - Clearing game scene
20:15:42.396 [JavaFX Application Thread] DEBUG GameWorld            - Clearing game world
20:15:42.396 [JavaFX Application Thread] DEBUG PhysicsWorld         - Clearing physics world
20:15:42.397 [FXGL Background Thread 2 ] DEBUG FXGLApplication      - Initializing game
20:15:42.399 [FXGL Background Thread 2 ] WARN  TMXLevelLoader       - TiledMap generated from 1.11.2. Supported version: 1.2.3. Some features may not be parsed fully.
20:15:42.403 [FXGL Background Thread 2 ] DEBUG TMXLevelLoader       - Parsed TiledMap: file:/C:/Users/zyla/demoGame4OOP/target/classes/assets/levels/tmx/map4.tmx
20:15:42.405 [FXGL Background Thread 2 ] DEBUG TMXLevelLoader       - Creating tile layer entities
20:15:42.405 [FXGL Background Thread 2 ] DEBUG TilesetLoader        - Loading view for layer Tile Layer 1
20:15:42.419 [FXGL Background Thread 2 ] DEBUG TilesetLoader        - Created buffer with size 1920.0x1088.0
20:15:42.495 [FXGL Background Thread 2 ] DEBUG TMXLevelLoader       - Creating object layer entities
20:15:42.496 [FXGL Background Thread 2 ] DEBUG GameWorld            - Clearing removable entities
20:15:42.496 [FXGL Background Thread 2 ] DEBUG GameWorld            - Setting level: com.almasb.fxgl.entity.level.Level@1066fa73
20:15:42.504 [FXGL Background Thread 2 ] INFO  FXGLApplication      - Game initialization took: 0.107 sec
20:15:42.504 [JavaFX Application Thread] DEBUG Input                - Clearing active input actions
20:15:42.508 [JavaFX Application Thread] DEBUG GameApplicationServi - Removing overlay from FXGLLoadingScene and adding to GameScene
20:15:42.508 [JavaFX Application Thread] DEBUG PrimaryStageWindow   - FXGLLoadingScene -> GameScene
20:15:51.786 [JavaFX Application Thread] DEBUG LoopRunner           - Pausing loop
20:15:51.788 [JavaFX Application Thread] DEBUG LoopRunner           - Pausing loop
20:15:54.239 [JavaFX Application Thread] DEBUG LoopRunner           - Resuming loop
20:15:54.239 [JavaFX Application Thread] DEBUG GameApplicationServi - Starting new game
20:15:54.239 [JavaFX Application Thread] DEBUG Input                - Clearing active input actions
20:15:54.245 [JavaFX Application Thread] DEBUG GameApplicationServi - Removing overlay from GameScene and adding to FXGLLoadingScene
20:15:54.245 [JavaFX Application Thread] DEBUG PrimaryStageWindow   - GameScene -> FXGLLoadingScene
20:15:54.245 [JavaFX Application Thread] DEBUG GameApplicationServi - Clearing previous game
20:15:54.245 [JavaFX Application Thread] DEBUG GameScene            - Clearing game scene
20:15:54.245 [JavaFX Application Thread] DEBUG GameWorld            - Clearing game world
20:15:54.246 [JavaFX Application Thread] DEBUG PhysicsWorld         - Clearing physics world
20:15:54.247 [FXGL Background Thread 2 ] DEBUG FXGLApplication      - Initializing game
20:15:54.249 [FXGL Background Thread 2 ] WARN  TMXLevelLoader       - TiledMap generated from 1.11.2. Supported version: 1.2.3. Some features may not be parsed fully.
20:15:54.256 [FXGL Background Thread 2 ] DEBUG TMXLevelLoader       - Parsed TiledMap: file:/C:/Users/zyla/demoGame4OOP/target/classes/assets/levels/tmx/map4.tmx
20:15:54.257 [FXGL Background Thread 2 ] DEBUG TMXLevelLoader       - Creating tile layer entities
20:15:54.257 [FXGL Background Thread 2 ] DEBUG TilesetLoader        - Loading view for layer Tile Layer 1
20:15:54.263 [FXGL Background Thread 2 ] DEBUG TilesetLoader        - Created buffer with size 1920.0x1088.0
20:15:54.352 [FXGL Background Thread 2 ] DEBUG TMXLevelLoader       - Creating object layer entities
20:15:54.354 [FXGL Background Thread 2 ] DEBUG GameWorld            - Clearing removable entities
20:15:54.354 [FXGL Background Thread 2 ] DEBUG GameWorld            - Setting level: com.almasb.fxgl.entity.level.Level@4db2f0d6
20:15:54.361 [FXGL Background Thread 2 ] INFO  FXGLApplication      - Game initialization took: 0.115 sec
20:15:54.362 [JavaFX Application Thread] DEBUG Input                - Clearing active input actions
20:15:54.370 [JavaFX Application Thread] DEBUG GameApplicationServi - Removing overlay from FXGLLoadingScene and adding to GameScene
20:15:54.371 [JavaFX Application Thread] DEBUG PrimaryStageWindow   - FXGLLoadingScene -> GameScene
20:16:04.489 [JavaFX Application Thread] DEBUG LoopRunner           - Pausing loop
20:16:04.490 [JavaFX Application Thread] DEBUG LoopRunner           - Pausing loop
20:16:05.707 [JavaFX Application Thread] DEBUG LoopRunner           - Resuming loop
20:16:05.707 [JavaFX Application Thread] DEBUG GameApplicationServi - Starting new game
20:16:05.708 [JavaFX Application Thread] DEBUG Input                - Clearing active input actions
20:16:05.711 [JavaFX Application Thread] DEBUG GameApplicationServi - Removing overlay from GameScene and adding to FXGLLoadingScene
20:16:05.711 [JavaFX Application Thread] DEBUG PrimaryStageWindow   - GameScene -> FXGLLoadingScene
20:16:05.711 [JavaFX Application Thread] DEBUG GameApplicationServi - Clearing previous game
20:16:05.711 [JavaFX Application Thread] DEBUG GameScene            - Clearing game scene
20:16:05.711 [JavaFX Application Thread] DEBUG GameWorld            - Clearing game world
20:16:05.712 [JavaFX Application Thread] DEBUG PhysicsWorld         - Clearing physics world
20:16:05.712 [FXGL Background Thread 2 ] DEBUG FXGLApplication      - Initializing game
20:16:05.717 [FXGL Background Thread 2 ] WARN  TMXLevelLoader       - TiledMap generated from 1.11.2. Supported version: 1.2.3. Some features may not be parsed fully.
20:16:05.721 [FXGL Background Thread 2 ] DEBUG TMXLevelLoader       - Parsed TiledMap: file:/C:/Users/zyla/demoGame4OOP/target/classes/assets/levels/tmx/map4.tmx
20:16:05.721 [FXGL Background Thread 2 ] DEBUG TMXLevelLoader       - Creating tile layer entities
20:16:05.722 [FXGL Background Thread 2 ] DEBUG TilesetLoader        - Loading view for layer Tile Layer 1
20:16:05.722 [FXGL Background Thread 2 ] DEBUG TilesetLoader        - Created buffer with size 1920.0x1088.0
20:16:05.820 [FXGL Background Thread 2 ] DEBUG TMXLevelLoader       - Creating object layer entities
20:16:05.824 [FXGL Background Thread 2 ] DEBUG GameWorld            - Clearing removable entities
20:16:05.824 [FXGL Background Thread 2 ] DEBUG GameWorld            - Setting level: com.almasb.fxgl.entity.level.Level@65a39ab0
20:16:05.835 [FXGL Background Thread 2 ] INFO  FXGLApplication      - Game initialization took: 0.123 sec
20:16:05.838 [JavaFX Application Thread] DEBUG Input                - Clearing active input actions
20:16:05.843 [JavaFX Application Thread] DEBUG GameApplicationServi - Removing overlay from FXGLLoadingScene and adding to GameScene
20:16:05.843 [JavaFX Application Thread] DEBUG PrimaryStageWindow   - FXGLLoadingScene -> GameScene
20:16:06.412 [JavaFX Application Thread] DEBUG PrimaryStageWindow   - Push state: DialogSubScene
20:16:06.412 [JavaFX Application Thread] DEBUG Input                - Clearing active input actions
20:16:06.413 [JavaFX Application Thread] DEBUG GameApplicationServi - Removing overlay from GameScene and adding to DialogSubScene
20:16:06.413 [JavaFX Application Thread] DEBUG PrimaryStageWindow   - GameScene -> DialogSubScene
20:16:07.082 [JavaFX Application Thread] DEBUG PrimaryStageWindow   - Pop state: DialogSubScene
20:16:07.083 [JavaFX Application Thread] DEBUG Input                - Clearing active input actions
20:16:07.083 [JavaFX Application Thread] DEBUG GameApplicationServi - Removing overlay from DialogSubScene and adding to GameScene
20:16:07.083 [JavaFX Application Thread] DEBUG PrimaryStageWindow   - GameScene <- DialogSubScene
20:16:07.083 [JavaFX Application Thread] DEBUG FXGLApplication      - Exiting FXGL
20:16:07.083 [JavaFX Application Thread] DEBUG LoopRunner           - Stopping loop
20:16:07.083 [JavaFX Application Thread] DEBUG SystemBundleService  - Saving FXGL system data
20:16:07.085 [JavaFX Application Thread] DEBUG FileSystemAccess     - Writing to: C:\Users\zyla\demoGame4OOP\system\fxgl.bundle
20:16:07.088 [JavaFX Application Thread] DEBUG Async                - Shutting down background threads
20:16:07.088 [JavaFX Application Thread] DEBUG PrimaryStageWindow   - Closing main window
20:16:07.107 [JavaFX Application Thread] DEBUG Logger               - Closing Logger
