19:40:34.763 [main                     ] DEBUG Logger               - Configured Logger
19:40:34.764 [main                     ] DEBUG GameApplication      - Logging settings
Title: OOP GAME
Version: 0.1
Width: 1200
Height: 240
Fullscreen: false
Intro: false
Profiling: false
Single step:false
App Mode: DEVELOPER
Menu Key: ESCAPE
Stage Style: DECORATED
Scene Factory: class com.almasb.fxgl.app.scene.SceneFactory

19:40:35.172 [JavaFX Application Thread] DEBUG FXGLApplication      - Initializing FXGL
19:40:35.173 [JavaFX Application Thread] INFO  Engine               - FXGL-11.17 (16.07.2021 15.46) on WINDOWS (J:23.0.2 FX:17.0.6)
19:40:35.174 [JavaFX Application Thread] DEBUG Engine               - JRE Vendor Name: Oracle Corporation
19:40:35.174 [JavaFX Application Thread] DEBUG Engine               - Running on OS: Windows 11 version 10.0
19:40:35.174 [JavaFX Application Thread] DEBUG Engine               - Architecture: amd64
19:40:35.174 [JavaFX Application Thread] INFO  Engine               - Source code and latest versions at: https://github.com/AlmasB/FXGL
19:40:35.174 [JavaFX Application Thread] INFO  Engine               -              Join the FXGL chat at: https://gitter.im/AlmasB/FXGL
19:40:35.355 [JavaFX Application Thread] DEBUG PrimaryStageWindow   - Creating a JavaFX scene
19:40:35.419 [JavaFX Application Thread] DEBUG PrimaryStageWindow   - Target settings size: 1200.0 x 240.0
19:40:35.419 [JavaFX Application Thread] DEBUG PrimaryStageWindow   - Scaled scene size:    1200.0 x 240.0
19:40:35.420 [JavaFX Application Thread] DEBUG PrimaryStageWindow   - Scaled ratio: (1.0, 1.0)
19:40:35.421 [JavaFX Application Thread] DEBUG PrimaryStageWindow   - Set initial scene to FXGLStartupScene
19:40:35.431 [JavaFX Application Thread] DEBUG PrimaryStageWindow   - Opening main window
19:40:35.550 [JavaFX Application Thread] DEBUG PrimaryStageWindow   - Window border size: (16.0, 39.0)
19:40:35.551 [JavaFX Application Thread] DEBUG PrimaryStageWindow   - Scaled size: 1200.0 x 240.0
19:40:35.551 [JavaFX Application Thread] DEBUG PrimaryStageWindow   - Scaled ratio: (1.0, 1.0)
19:40:35.551 [JavaFX Application Thread] DEBUG PrimaryStageWindow   - Scene size: 1200.0 x 240.0
19:40:35.551 [JavaFX Application Thread] DEBUG PrimaryStageWindow   - Stage size: 1216.0 x 279.0
19:40:35.565 [FXGL Background Thread 1 ] DEBUG Engine               - Initializing environment variables
19:40:35.705 [FXGL Background Thread 1 ] DEBUG FXGLAssetLoaderServi - User app class for loading assets: class com.example.demo.HelloApplication
19:40:35.707 [FXGL Background Thread 1 ] DEBUG GameApplicationServi - Applying CSS: fxgl_dark.css
19:40:35.708 [FXGL Background Thread 1 ] DEBUG FXGLAssetLoaderServi - Loading from file system: jar:file:///C:/Users/zyla/.m2/repository/com/github/almasb/fxgl/11.17/fxgl-11.17.jar!/fxglassets/ui/css/fxgl_dark.css
19:40:35.770 [FXGL Background Thread 1 ] DEBUG GameApplicationServi - Initializing application scenes
19:40:35.894 [FXGL Background Thread 1 ] DEBUG GameWorld            - Game world initialized
19:40:35.974 [FXGL Background Thread 1 ] DEBUG PhysicsWorld         - Physics world initialized: appHeight=240, physics.ppm=50.0
19:40:35.975 [FXGL Background Thread 1 ] DEBUG PhysicsWorld         - Using strategy: BRUTE_FORCE
19:40:35.978 [FXGL Background Thread 1 ] DEBUG GameScene            - Game scene initialized: 1200x240
19:40:35.978 [FXGL Background Thread 1 ] DEBUG GameApplicationServi - Application scenes initialized
19:40:35.996 [FXGL Background Thread 1 ] DEBUG SystemBundleService  - Loading FXGL system data
19:40:36.001 [FXGL Background Thread 1 ] DEBUG FileSystemAccess     - Reading from: C:\Users\zyla\demo\system\fxgl.bundle
19:40:36.009 [FXGL Background Thread 1 ] DEBUG SystemBundleService  - Bundle FXGL: {}
19:40:36.009 [FXGL Background Thread 1 ] DEBUG UpdaterService       - Checking for updates
19:40:36.016 [FXGL Background Thread 4 ] DEBUG FXGLApplication      - Loading fonts
19:40:36.016 [FXGL Background Thread 1 ] DEBUG FXGLApplication      - Loading default localization
19:40:36.016 [FXGL Background Thread 4 ] DEBUG FXGLAssetLoaderServi - Loading from file system: jar:file:///C:/Users/zyla/.m2/repository/com/github/almasb/fxgl/11.17/fxgl-11.17.jar!/fxglassets/ui/fonts/VarelaRound-Regular.ttf
19:40:36.017 [FXGL Background Thread 1 ] DEBUG FXGLAssetLoaderServi - Loading from file system: jar:file:///C:/Users/zyla/.m2/repository/com/github/almasb/fxgl/11.17/fxgl-11.17.jar!/fxglassets/languages/english.lang
19:40:36.041 [FXGL Background Thread 1 ] INFO  FXGLApplication      - FXGL initialization took: 0.476 sec
19:40:36.062 [JavaFX Application Thread] DEBUG Input                - Registered new binding: P1Left - A
19:40:36.062 [JavaFX Application Thread] DEBUG Input                - Registered new binding: P1Right - D
19:40:36.062 [JavaFX Application Thread] DEBUG Input                - Registered new binding: P1Jump - W
19:40:36.063 [JavaFX Application Thread] DEBUG Input                - Registered new binding: P1Punch - F
19:40:36.064 [JavaFX Application Thread] DEBUG Input                - Registered new binding: P2Left - J
19:40:36.064 [JavaFX Application Thread] DEBUG Input                - Registered new binding: P2Right - L
19:40:36.064 [JavaFX Application Thread] DEBUG Input                - Registered new binding: P2Jump - I
19:40:36.064 [JavaFX Application Thread] DEBUG Input                - Registered new binding: P2Punch - H
19:40:36.065 [JavaFX Application Thread] DEBUG FXGLAssetLoaderServi - Loading from file system: jar:file:///C:/Users/zyla/.m2/repository/com/github/almasb/fxgl/11.17/fxgl-11.17.jar!/fxglassets/textures/fxgl_icon.png
19:40:36.101 [FXGL Background Thread 4 ] DEBUG FXGLAssetLoaderServi - Loading from file system: jar:file:///C:/Users/zyla/.m2/repository/com/github/almasb/fxgl/11.17/fxgl-11.17.jar!/fxglassets/ui/fonts/Abel-Regular.ttf
19:40:36.119 [FXGL Background Thread 4 ] DEBUG FXGLAssetLoaderServi - Loading from file system: jar:file:///C:/Users/zyla/.m2/repository/com/github/almasb/fxgl/11.17/fxgl-11.17.jar!/fxglassets/ui/fonts/lucida_console.ttf
19:40:36.141 [JavaFX Application Thread] DEBUG FXGLAssetLoaderServi - Loading from file system: jar:file:///C:/Users/zyla/.m2/repository/com/github/almasb/fxgl/11.17/fxgl-11.17.jar!/fxglassets/textures/fxgl_default_cursor.png
19:40:36.144 [JavaFX Application Thread] DEBUG Input                - Registered new binding: Screenshot - CTRL+8
19:40:36.145 [JavaFX Application Thread] DEBUG Input                - Registered new binding: System info dump - CTRL+9
19:40:36.146 [JavaFX Application Thread] DEBUG Input                - Registered new binding: Restart - CTRL+R
19:40:36.148 [JavaFX Application Thread] DEBUG Input                - Registered new binding: Toggle Debug Camera - CTRL+C
19:40:36.152 [JavaFX Application Thread] DEBUG LoopRunner           - Starting loop
19:40:36.153 [JavaFX Application Thread] DEBUG LoopRunner           - Initializing JavaFX AnimationTimerLoop
19:40:36.155 [FXGL Background Thread 4 ] DEBUG FXGLAssetLoaderServi - Loading from file system: jar:file:///C:/Users/zyla/.m2/repository/com/github/almasb/fxgl/11.17/fxgl-11.17.jar!/fxglassets/ui/fonts/Courier-Prime.ttf
19:40:36.159 [JavaFX Application Thread] DEBUG GameApplicationServi - Starting new game
19:40:36.159 [JavaFX Application Thread] DEBUG Input                - Clearing active input actions
19:40:36.183 [JavaFX Application Thread] DEBUG GameApplicationServi - Removing overlay from FXGLStartupScene and adding to FXGLLoadingScene
19:40:36.184 [JavaFX Application Thread] DEBUG PrimaryStageWindow   - FXGLStartupScene -> FXGLLoadingScene
19:40:36.185 [JavaFX Application Thread] DEBUG GameApplicationServi - Clearing previous game
19:40:36.186 [JavaFX Application Thread] DEBUG GameScene            - Clearing game scene
19:40:36.187 [JavaFX Application Thread] DEBUG GameWorld            - Clearing game world
19:40:36.187 [JavaFX Application Thread] DEBUG PhysicsWorld         - Clearing physics world
19:40:36.189 [FXGL Background Thread 1 ] DEBUG FXGLApplication      - Initializing game
19:40:36.251 [JavaFX Application Thread] DEBUG FXGLApplication      - Registering font factories with UI factory
19:40:36.361 [FXGL Background Thread 1 ] WARN  TMXLevelLoader       - TiledMap generated from 1.11.2. Supported version: 1.2.3. Some features may not be parsed fully.
19:40:36.371 [FXGL Background Thread 1 ] DEBUG TMXLevelLoader       - Parsed TiledMap: file:/C:/Users/zyla/demo/target/classes/assets/levels/tmx/bg.tmx
19:40:36.372 [FXGL Background Thread 1 ] DEBUG TMXLevelLoader       - Creating tile layer entities
19:40:36.373 [FXGL Background Thread 1 ] DEBUG TilesetLoader        - Loading view for layer Tile Layer 1
19:40:36.375 [FXGL Background Thread 1 ] DEBUG TilesetLoader        - Created buffer with size 1216.0x256.0
19:40:36.430 [FXGL Background Thread 1 ] DEBUG TMXLevelLoader       - Creating object layer entities
19:40:36.469 [FXGL Background Thread 1 ] DEBUG GameWorld            - Clearing removable entities
19:40:36.470 [FXGL Background Thread 1 ] DEBUG GameWorld            - Setting level: com.almasb.fxgl.entity.level.Level@48b4788
19:40:36.484 [FXGL Background Thread 1 ] DEBUG FXGLAssetLoaderServi - Loading from file system: file:/C:/Users/zyla/demo/target/classes/assets/textures/player.png
19:40:36.532 [FXGL Background Thread 1 ] DEBUG FXGLAssetLoaderServi - Loading from file system: file:/C:/Users/zyla/demo/target/classes/assets/textures/idk.png
19:40:36.537 [FXGL Background Thread 1 ] DEBUG FXGLAssetLoaderServi - Loading from file system: file:/C:/Users/zyla/demo/target/classes/assets/textures/walking.png
19:40:36.541 [FXGL Background Thread 1 ] DEBUG FXGLAssetLoaderServi - Loading from file system: file:/C:/Users/zyla/demo/target/classes/assets/textures/jump.png
19:40:36.543 [FXGL Background Thread 1 ] DEBUG FXGLAssetLoaderServi - Loading from file system: file:/C:/Users/zyla/demo/target/classes/assets/textures/punch.png
19:40:36.553 [FXGL Background Thread 1 ] DEBUG FXGLAssetLoaderServi - Loading from file system: file:/C:/Users/zyla/demo/target/classes/assets/textures/idle_punk.png
19:40:36.555 [FXGL Background Thread 1 ] DEBUG FXGLAssetLoaderServi - Loading from file system: file:/C:/Users/zyla/demo/target/classes/assets/textures/walk_punk.png
19:40:36.563 [FXGL Background Thread 1 ] DEBUG FXGLAssetLoaderServi - Loading from file system: file:/C:/Users/zyla/demo/target/classes/assets/textures/punch_punk.png
19:40:36.567 [FXGL Background Thread 1 ] INFO  FXGLApplication      - Game initialization took: 0.378 sec
19:40:36.576 [JavaFX Application Thread] DEBUG Input                - Clearing active input actions
19:40:36.595 [JavaFX Application Thread] DEBUG GameApplicationServi - Removing overlay from FXGLLoadingScene and adding to GameScene
19:40:36.596 [JavaFX Application Thread] DEBUG PrimaryStageWindow   - FXGLLoadingScene -> GameScene
19:40:38.030 [FXGL Background Thread 2 ] INFO  UpdaterService       - Your current version:  11.17
19:40:38.030 [FXGL Background Thread 2 ] INFO  UpdaterService       - Latest stable version: 21.1
19:40:39.014 [FXGL Background Thread 3 ] DEBUG Engine               - Logging environment variables
19:40:39.014 [FXGL Background Thread 3 ] DEBUG Engine               - achievements: []
19:40:39.014 [FXGL Background Thread 3 ] DEBUG Engine               - actualHeight: 240.0
19:40:39.014 [FXGL Background Thread 3 ] DEBUG Engine               - actualHeightProperty: ReadOnlyDoubleProperty [value: 240.0]
19:40:39.014 [FXGL Background Thread 3 ] DEBUG Engine               - actualWidth: 1200.0
19:40:39.014 [FXGL Background Thread 3 ] DEBUG Engine               - actualWidthProperty: ReadOnlyDoubleProperty [value: 1200.0]
19:40:39.014 [FXGL Background Thread 3 ] DEBUG Engine               - appIcon: fxgl_icon.png
19:40:39.014 [FXGL Background Thread 3 ] DEBUG Engine               - applicationMode: DEVELOPER
19:40:39.014 [FXGL Background Thread 3 ] DEBUG Engine               - cSSList: [fxgl_dark.css]
19:40:39.014 [FXGL Background Thread 3 ] DEBUG Engine               - collisionDetectionStrategy: BRUTE_FORCE
19:40:39.014 [FXGL Background Thread 3 ] DEBUG Engine               - configClass: Optional.empty
19:40:39.014 [FXGL Background Thread 3 ] DEBUG Engine               - credits: []
19:40:39.014 [FXGL Background Thread 3 ] DEBUG Engine               - defaultCursor: CursorInfo(imageName=fxgl_default_cursor.png, hotspotX=7.0, hotspotY=6.0)
19:40:39.015 [FXGL Background Thread 3 ] DEBUG Engine               - devBBoxColorProperty: ObjectProperty [value: 0xff0000ff]
19:40:39.015 [FXGL Background Thread 3 ] DEBUG Engine               - devEnableDebugCameraProperty: BooleanProperty [value: false]
19:40:39.015 [FXGL Background Thread 3 ] DEBUG Engine               - devSensorColorProperty: ObjectProperty [value: 0xffff00ff]
19:40:39.015 [FXGL Background Thread 3 ] DEBUG Engine               - devShowBBoxProperty: BooleanProperty [value: false]
19:40:39.015 [FXGL Background Thread 3 ] DEBUG Engine               - devShowPositionProperty: BooleanProperty [value: false]
19:40:39.015 [FXGL Background Thread 3 ] DEBUG Engine               - enabledMenuItems: []
19:40:39.015 [FXGL Background Thread 3 ] DEBUG Engine               - engineServices: [class com.almasb.fxgl.app.services.FXGLAssetLoaderService, class com.almasb.fxgl.app.FXGLApplication$GameApplicationService, class com.almasb.fxgl.app.services.FXGLDialogService, class com.almasb.fxgl.app.services.IOTaskExecutorService, class com.almasb.fxgl.io.FileSystemService, class com.almasb.fxgl.localization.LocalizationService, class com.almasb.fxgl.app.services.SystemBundleService, class com.almasb.fxgl.profile.SaveLoadService, class com.almasb.fxgl.ui.FXGLUIFactoryServiceProvider, class com.almasb.fxgl.ui.FXGLDialogFactoryServiceProvider, class com.almasb.fxgl.audio.AudioPlayer, class com.almasb.fxgl.notification.impl.NotificationServiceProvider, class com.almasb.fxgl.achievement.AchievementService, class com.almasb.fxgl.cutscene.CutsceneService, class com.almasb.fxgl.minigames.MiniGameService, class com.almasb.fxgl.net.NetService, class com.almasb.fxgl.app.services.UpdaterService, class com.almasb.fxgl.dev.DevService]
19:40:39.015 [FXGL Background Thread 3 ] DEBUG Engine               - fontGame: Abel-Regular.ttf
19:40:39.016 [FXGL Background Thread 3 ] DEBUG Engine               - fontMono: lucida_console.ttf
19:40:39.016 [FXGL Background Thread 3 ] DEBUG Engine               - fontText: Courier-Prime.ttf
19:40:39.016 [FXGL Background Thread 3 ] DEBUG Engine               - fontUI: VarelaRound-Regular.ttf
19:40:39.016 [FXGL Background Thread 3 ] DEBUG Engine               - fullScreen: BooleanProperty [value: false]
19:40:39.016 [FXGL Background Thread 3 ] DEBUG Engine               - gameDifficulty: MEDIUM
19:40:39.016 [FXGL Background Thread 3 ] DEBUG Engine               - gameDifficultyProperty: ObjectProperty [value: MEDIUM]
19:40:39.016 [FXGL Background Thread 3 ] DEBUG Engine               - globalMusicVolume: 0.5
19:40:39.016 [FXGL Background Thread 3 ] DEBUG Engine               - globalMusicVolumeProperty: DoubleProperty [value: 0.5]
19:40:39.016 [FXGL Background Thread 3 ] DEBUG Engine               - globalSoundVolume: 0.5
19:40:39.016 [FXGL Background Thread 3 ] DEBUG Engine               - globalSoundVolumeProperty: DoubleProperty [value: 0.5]
19:40:39.017 [FXGL Background Thread 3 ] DEBUG Engine               - height: 240
19:40:39.017 [FXGL Background Thread 3 ] DEBUG Engine               - is3D: false
19:40:39.017 [FXGL Background Thread 3 ] DEBUG Engine               - isAndroid: false
19:40:39.017 [FXGL Background Thread 3 ] DEBUG Engine               - isBrowser: false
19:40:39.017 [FXGL Background Thread 3 ] DEBUG Engine               - isClickFeedbackEnabled: false
19:40:39.017 [FXGL Background Thread 3 ] DEBUG Engine               - isCloseConfirmation: true
19:40:39.017 [FXGL Background Thread 3 ] DEBUG Engine               - isDesktop: true
19:40:39.017 [FXGL Background Thread 3 ] DEBUG Engine               - isDeveloperMenuEnabled: false
19:40:39.017 [FXGL Background Thread 3 ] DEBUG Engine               - isEntityPreloadEnabled: true
19:40:39.017 [FXGL Background Thread 3 ] DEBUG Engine               - isExperimentalTiledLargeMap: false
19:40:39.017 [FXGL Background Thread 3 ] DEBUG Engine               - isFileSystemWriteAllowed: true
19:40:39.017 [FXGL Background Thread 3 ] DEBUG Engine               - isFullScreenAllowed: false
19:40:39.017 [FXGL Background Thread 3 ] DEBUG Engine               - isFullScreenFromStart: false
19:40:39.017 [FXGL Background Thread 3 ] DEBUG Engine               - isGameMenuEnabled: false
19:40:39.017 [FXGL Background Thread 3 ] DEBUG Engine               - isIOS: false
19:40:39.017 [FXGL Background Thread 3 ] DEBUG Engine               - isIntroEnabled: false
19:40:39.019 [FXGL Background Thread 3 ] DEBUG Engine               - isLinux: false
19:40:39.019 [FXGL Background Thread 3 ] DEBUG Engine               - isMac: false
19:40:39.019 [FXGL Background Thread 3 ] DEBUG Engine               - isMainMenuEnabled: false
19:40:39.019 [FXGL Background Thread 3 ] DEBUG Engine               - isManualResizeEnabled: false
19:40:39.019 [FXGL Background Thread 3 ] DEBUG Engine               - isMobile: false
19:40:39.019 [FXGL Background Thread 3 ] DEBUG Engine               - isNative: false
19:40:39.019 [FXGL Background Thread 3 ] DEBUG Engine               - isPauseMusicWhenMinimized: true
19:40:39.019 [FXGL Background Thread 3 ] DEBUG Engine               - isPreserveResizeRatio: false
19:40:39.020 [FXGL Background Thread 3 ] DEBUG Engine               - isProfilingEnabled: false
19:40:39.020 [FXGL Background Thread 3 ] DEBUG Engine               - isScaleAffectedOnResize: true
19:40:39.020 [FXGL Background Thread 3 ] DEBUG Engine               - isSingleStep: false
19:40:39.020 [FXGL Background Thread 3 ] DEBUG Engine               - isUserProfileEnabled: false
19:40:39.020 [FXGL Background Thread 3 ] DEBUG Engine               - isWindows: true
19:40:39.021 [FXGL Background Thread 3 ] DEBUG Engine               - language: ObjectProperty [value: ENGLISH]
19:40:39.021 [FXGL Background Thread 3 ] DEBUG Engine               - menuKey: ESCAPE
19:40:39.021 [FXGL Background Thread 3 ] DEBUG Engine               - mouseSensitivity: 0.2
19:40:39.021 [FXGL Background Thread 3 ] DEBUG Engine               - notificationViewClass: class com.almasb.fxgl.notification.view.XboxNotificationView
19:40:39.021 [FXGL Background Thread 3 ] DEBUG Engine               - pixelsPerMeter: 50.0
19:40:39.021 [FXGL Background Thread 3 ] DEBUG Engine               - platform: WINDOWS
19:40:39.021 [FXGL Background Thread 3 ] DEBUG Engine               - prefHeightProperty: ReadOnlyDoubleProperty [value: 240.0]
19:40:39.021 [FXGL Background Thread 3 ] DEBUG Engine               - prefWidthProperty: ReadOnlyDoubleProperty [value: 1200.0]
19:40:39.021 [FXGL Background Thread 3 ] DEBUG Engine               - profileDir: profiles/
19:40:39.021 [FXGL Background Thread 3 ] DEBUG Engine               - profileName: StringProperty [value: DEFAULT]
19:40:39.022 [FXGL Background Thread 3 ] DEBUG Engine               - randomSeed: -1
19:40:39.022 [FXGL Background Thread 3 ] DEBUG Engine               - runtimeInfo: RuntimeInfo(platform=WINDOWS, version=11.17, build=16.07.2021 15.46)
19:40:39.022 [FXGL Background Thread 3 ] DEBUG Engine               - saveFileExt: sav
19:40:39.022 [FXGL Background Thread 3 ] DEBUG Engine               - scaledHeightProp$fxgl: DoubleProperty [bound, value: 240.0]
19:40:39.022 [FXGL Background Thread 3 ] DEBUG Engine               - scaledWidthProp$fxgl: DoubleProperty [bound, value: 1200.0]
19:40:39.022 [FXGL Background Thread 3 ] DEBUG Engine               - sceneFactory: com.almasb.fxgl.app.scene.SceneFactory@7dcb9a82
19:40:39.022 [FXGL Background Thread 3 ] DEBUG Engine               - secondsIn24h: 60
19:40:39.022 [FXGL Background Thread 3 ] DEBUG Engine               - soundMenuBack: menu/back.wav
19:40:39.022 [FXGL Background Thread 3 ] DEBUG Engine               - soundMenuPress: menu/press.wav
19:40:39.022 [FXGL Background Thread 3 ] DEBUG Engine               - soundMenuSelect: menu/select.wav
19:40:39.022 [FXGL Background Thread 3 ] DEBUG Engine               - soundNotification: core/notification.wav
19:40:39.022 [FXGL Background Thread 3 ] DEBUG Engine               - stageStyle: DECORATED
19:40:39.022 [FXGL Background Thread 3 ] DEBUG Engine               - supportedLanguages: [ENGLISH, FRENCH, GERMAN, HUNGARIAN, RUSSIAN]
19:40:39.022 [FXGL Background Thread 3 ] DEBUG Engine               - ticksPerSecond: -1
19:40:39.022 [FXGL Background Thread 3 ] DEBUG Engine               - title: OOP GAME
19:40:39.022 [FXGL Background Thread 3 ] DEBUG Engine               - urlGithub: https://github.com/AlmasB/FXGL
19:40:39.023 [FXGL Background Thread 3 ] DEBUG Engine               - urlLeaderboard: http://fxgl-top.herokuapp.com/
19:40:39.023 [FXGL Background Thread 3 ] DEBUG Engine               - urlPOM: https://raw.githubusercontent.com/AlmasB/FXGL/release/README.md
19:40:39.023 [FXGL Background Thread 3 ] DEBUG Engine               - userAppClass: class com.example.demo.HelloApplication
19:40:39.023 [FXGL Background Thread 3 ] DEBUG Engine               - version: 0.1
19:40:39.023 [FXGL Background Thread 3 ] DEBUG Engine               - versionCheckDays: 7
19:40:39.023 [FXGL Background Thread 3 ] DEBUG Engine               - width: 1200
19:40:39.023 [FXGL Background Thread 3 ] DEBUG Engine               - Logging services
19:40:39.023 [FXGL Background Thread 3 ] DEBUG Engine               - class com.almasb.fxgl.app.services.FXGLAssetLoaderService
19:40:39.023 [FXGL Background Thread 3 ] DEBUG Engine               - class com.almasb.fxgl.app.FXGLApplication$GameApplicationService
19:40:39.023 [FXGL Background Thread 3 ] DEBUG Engine               - class com.almasb.fxgl.app.services.FXGLDialogService
19:40:39.023 [FXGL Background Thread 3 ] DEBUG Engine               - class com.almasb.fxgl.app.services.IOTaskExecutorService
19:40:39.023 [FXGL Background Thread 3 ] DEBUG Engine               - class com.almasb.fxgl.io.FileSystemService
19:40:39.023 [FXGL Background Thread 3 ] DEBUG Engine               - class com.almasb.fxgl.localization.LocalizationService
19:40:39.023 [FXGL Background Thread 3 ] DEBUG Engine               - class com.almasb.fxgl.app.services.SystemBundleService
19:40:39.023 [FXGL Background Thread 3 ] DEBUG Engine               - class com.almasb.fxgl.profile.SaveLoadService
19:40:39.023 [FXGL Background Thread 3 ] DEBUG Engine               - class com.almasb.fxgl.ui.FXGLUIFactoryServiceProvider
19:40:39.023 [FXGL Background Thread 3 ] DEBUG Engine               - class com.almasb.fxgl.ui.FXGLDialogFactoryServiceProvider
19:40:39.023 [FXGL Background Thread 3 ] DEBUG Engine               - class com.almasb.fxgl.audio.AudioPlayer
19:40:39.023 [FXGL Background Thread 3 ] DEBUG Engine               - class com.almasb.fxgl.notification.impl.NotificationServiceProvider
19:40:39.024 [FXGL Background Thread 3 ] DEBUG Engine               - class com.almasb.fxgl.achievement.AchievementService
19:40:39.024 [FXGL Background Thread 3 ] DEBUG Engine               - class com.almasb.fxgl.cutscene.CutsceneService
19:40:39.024 [FXGL Background Thread 3 ] DEBUG Engine               - class com.almasb.fxgl.minigames.MiniGameService
19:40:39.024 [FXGL Background Thread 3 ] DEBUG Engine               - class com.almasb.fxgl.net.NetService
19:40:39.024 [FXGL Background Thread 3 ] DEBUG Engine               - class com.almasb.fxgl.app.services.UpdaterService
19:40:39.024 [FXGL Background Thread 3 ] DEBUG Engine               - class com.almasb.fxgl.dev.DevService
19:40:40.359 [JavaFX Application Thread] DEBUG PrimaryStageWindow   - Push state: DialogSubScene
19:40:40.359 [JavaFX Application Thread] DEBUG Input                - Clearing active input actions
19:40:40.366 [JavaFX Application Thread] DEBUG GameApplicationServi - Removing overlay from GameScene and adding to DialogSubScene
19:40:40.366 [JavaFX Application Thread] DEBUG PrimaryStageWindow   - GameScene -> DialogSubScene
19:40:41.036 [JavaFX Application Thread] DEBUG PrimaryStageWindow   - Pop state: DialogSubScene
19:40:41.036 [JavaFX Application Thread] DEBUG Input                - Clearing active input actions
19:40:41.036 [JavaFX Application Thread] DEBUG GameApplicationServi - Removing overlay from DialogSubScene and adding to GameScene
19:40:41.038 [JavaFX Application Thread] DEBUG PrimaryStageWindow   - GameScene <- DialogSubScene
19:40:41.038 [JavaFX Application Thread] DEBUG FXGLApplication      - Exiting FXGL
19:40:41.038 [JavaFX Application Thread] DEBUG LoopRunner           - Stopping loop
19:40:41.038 [JavaFX Application Thread] DEBUG SystemBundleService  - Saving FXGL system data
19:40:41.039 [JavaFX Application Thread] DEBUG FileSystemAccess     - Writing to: C:\Users\zyla\demo\system\fxgl.bundle
19:40:41.042 [JavaFX Application Thread] DEBUG Async                - Shutting down background threads
19:40:41.044 [JavaFX Application Thread] DEBUG PrimaryStageWindow   - Closing main window
19:40:41.081 [JavaFX Application Thread] DEBUG Logger               - Closing Logger
