12:26:20.424 [main                     ] DEBUG Logger               - Configured Logger
12:26:20.426 [main                     ] DEBUG GameApplication      - Logging settings
Title: Stictactics
Version: 0.0
Width: 1920
Height: 1080
Fullscreen: false
Intro: true
Profiling: false
Single step:false
App Mode: DEVELOPER
Menu Key: ESCAPE
Stage Style: DECORATED
Scene Factory: class com.example.demo.MySceneFactory

12:26:21.135 [JavaFX Application Thread] DEBUG FXGLApplication      - Initializing FXGL
12:26:21.136 [JavaFX Application Thread] INFO  Engine               - FXGL-11.17 (16.07.2021 15.46) on WINDOWS (J:23 FX:17.0.6)
12:26:21.137 [JavaFX Application Thread] DEBUG Engine               - JRE Vendor Name: Oracle Corporation
12:26:21.137 [JavaFX Application Thread] DEBUG Engine               - Running on OS: Windows 11 version 10.0
12:26:21.137 [JavaFX Application Thread] DEBUG Engine               - Architecture: amd64
12:26:21.137 [JavaFX Application Thread] INFO  Engine               - Source code and latest versions at: https://github.com/AlmasB/FXGL
12:26:21.137 [JavaFX Application Thread] INFO  Engine               -              Join the FXGL chat at: https://gitter.im/AlmasB/FXGL
12:26:21.216 [JavaFX Application Thread] DEBUG PrimaryStageWindow   - Creating a JavaFX scene
12:26:21.261 [JavaFX Application Thread] DEBUG PrimaryStageWindow   - Target settings size: 1920.0 x 1080.0
12:26:21.261 [JavaFX Application Thread] DEBUG PrimaryStageWindow   - Scaled scene size:    1920.0 x 1080.0
12:26:21.261 [JavaFX Application Thread] DEBUG PrimaryStageWindow   - Scaled ratio: (1.0, 1.0)
12:26:21.261 [JavaFX Application Thread] DEBUG PrimaryStageWindow   - Set initial scene to FXGLStartupScene
12:26:21.267 [JavaFX Application Thread] DEBUG PrimaryStageWindow   - Opening main window
12:26:21.353 [JavaFX Application Thread] DEBUG PrimaryStageWindow   - Window border size: (16.0, 39.0)
12:26:21.353 [JavaFX Application Thread] DEBUG PrimaryStageWindow   - Scaled size: 1920.0 x 1080.0
12:26:21.353 [JavaFX Application Thread] DEBUG PrimaryStageWindow   - Scaled ratio: (1.0, 1.0)
12:26:21.353 [JavaFX Application Thread] DEBUG PrimaryStageWindow   - Scene size: 1920.0 x 1080.0
12:26:21.354 [JavaFX Application Thread] DEBUG PrimaryStageWindow   - Stage size: 1936.0 x 1119.0
12:26:21.362 [FXGL Background Thread 1 ] DEBUG Engine               - Initializing environment variables
12:26:21.467 [FXGL Background Thread 1 ] DEBUG FXGLAssetLoaderServi - User app class for loading assets: class com.example.demo.HelloApplication
12:26:21.468 [FXGL Background Thread 1 ] DEBUG GameApplicationServi - Applying CSS: fxgl_dark.css
12:26:21.469 [FXGL Background Thread 1 ] DEBUG FXGLAssetLoaderServi - Loading from file system: jar:file:///C:/Users/jazph/.m2/repository/com/github/almasb/fxgl/11.17/fxgl-11.17.jar!/fxglassets/ui/css/fxgl_dark.css
12:26:21.523 [FXGL Background Thread 1 ] DEBUG GameApplicationServi - Initializing application scenes
12:26:21.567 [FXGL Background Thread 1 ] DEBUG GameWorld            - Game world initialized
12:26:21.644 [FXGL Background Thread 1 ] DEBUG PhysicsWorld         - Physics world initialized: appHeight=1080, physics.ppm=50.0
12:26:21.644 [FXGL Background Thread 1 ] DEBUG PhysicsWorld         - Using strategy: BRUTE_FORCE
12:26:21.648 [FXGL Background Thread 1 ] DEBUG GameScene            - Game scene initialized: 1920x1080
12:26:21.778 [FXGL Background Thread 1 ] DEBUG GameApplicationServi - Application scenes initialized
12:26:21.794 [FXGL Background Thread 1 ] DEBUG SystemBundleService  - Loading FXGL system data
12:26:21.802 [FXGL Background Thread 1 ] DEBUG FileSystemAccess     - Reading from: C:\Users\jazph\OneDrive\Desktop\demoGame4OOP\system\fxgl.bundle
12:26:21.812 [FXGL Background Thread 1 ] DEBUG SystemBundleService  - Bundle FXGL: {}
12:26:21.812 [FXGL Background Thread 1 ] DEBUG UpdaterService       - Checking for updates
12:26:21.822 [FXGL Background Thread 4 ] DEBUG FXGLApplication      - Loading fonts
12:26:21.823 [FXGL Background Thread 1 ] DEBUG FXGLApplication      - Loading default localization
12:26:21.823 [FXGL Background Thread 4 ] DEBUG FXGLAssetLoaderServi - Loading from file system: jar:file:///C:/Users/jazph/.m2/repository/com/github/almasb/fxgl/11.17/fxgl-11.17.jar!/fxglassets/ui/fonts/VarelaRound-Regular.ttf
12:26:21.823 [FXGL Background Thread 1 ] DEBUG FXGLAssetLoaderServi - Loading from file system: jar:file:///C:/Users/jazph/.m2/repository/com/github/almasb/fxgl/11.17/fxgl-11.17.jar!/fxglassets/languages/english.lang
12:26:21.854 [FXGL Background Thread 1 ] INFO  FXGLApplication      - FXGL initialization took: 0.491 sec
12:26:21.870 [JavaFX Application Thread] DEBUG Input                - Registered new binding: P1Left - A
12:26:21.870 [JavaFX Application Thread] DEBUG Input                - Registered new binding: P1Right - D
12:26:21.871 [JavaFX Application Thread] DEBUG Input                - Registered new binding: P1Jump - W
12:26:21.871 [JavaFX Application Thread] DEBUG Input                - Registered new binding: P1Punch - F
12:26:21.871 [JavaFX Application Thread] DEBUG Input                - Registered new binding: P1EnhancedPunch - E
12:26:21.871 [JavaFX Application Thread] DEBUG Input                - Registered new binding: P2Left - J
12:26:21.871 [JavaFX Application Thread] DEBUG Input                - Registered new binding: P2Right - L
12:26:21.871 [JavaFX Application Thread] DEBUG Input                - Registered new binding: P2Jump - I
12:26:21.871 [JavaFX Application Thread] DEBUG Input                - Registered new binding: P2Punch - H
12:26:21.876 [FXGL Background Thread 4 ] DEBUG FXGLAssetLoaderServi - Loading from file system: jar:file:///C:/Users/jazph/.m2/repository/com/github/almasb/fxgl/11.17/fxgl-11.17.jar!/fxglassets/ui/fonts/Abel-Regular.ttf
12:26:21.876 [JavaFX Application Thread] WARN  FXGLAssetLoaderServi - Asset "/assets/textures//assets/textures/background-intro.mp4" was not found!
12:26:21.876 [JavaFX Application Thread] WARN  FXGLAssetLoaderServi - Failed to load IMAGE
12:26:21.889 [FXGL Background Thread 4 ] DEBUG FXGLAssetLoaderServi - Loading from file system: jar:file:///C:/Users/jazph/.m2/repository/com/github/almasb/fxgl/11.17/fxgl-11.17.jar!/fxglassets/ui/fonts/lucida_console.ttf
12:26:21.899 [JavaFX Application Thread] DEBUG FXGLAssetLoaderServi - Loading from file system: jar:file:///C:/Users/jazph/.m2/repository/com/github/almasb/fxgl/11.17/fxgl-11.17.jar!/fxglassets/textures/fxgl_icon.png
12:26:21.905 [FXGL Background Thread 4 ] DEBUG FXGLAssetLoaderServi - Loading from file system: jar:file:///C:/Users/jazph/.m2/repository/com/github/almasb/fxgl/11.17/fxgl-11.17.jar!/fxglassets/ui/fonts/Courier-Prime.ttf
12:26:21.954 [JavaFX Application Thread] DEBUG FXGLAssetLoaderServi - Loading from file system: jar:file:///C:/Users/jazph/.m2/repository/com/github/almasb/fxgl/11.17/fxgl-11.17.jar!/fxglassets/textures/fxgl_default_cursor.png
12:26:21.957 [JavaFX Application Thread] DEBUG Input                - Registered new binding: Screenshot - CTRL+8
12:26:21.958 [JavaFX Application Thread] DEBUG Input                - Registered new binding: System info dump - CTRL+9
12:26:21.958 [JavaFX Application Thread] DEBUG Input                - Registered new binding: Restart - CTRL+R
12:26:21.959 [JavaFX Application Thread] DEBUG Input                - Registered new binding: Toggle Debug Camera - CTRL+C
12:26:21.962 [JavaFX Application Thread] DEBUG LoopRunner           - Starting loop
12:26:21.962 [JavaFX Application Thread] DEBUG LoopRunner           - Initializing JavaFX AnimationTimerLoop
12:26:21.973 [JavaFX Application Thread] DEBUG Input                - Clearing active input actions
12:26:21.994 [JavaFX Application Thread] DEBUG GameApplicationServi - Removing overlay from FXGLStartupScene and adding to CustomIntro
12:26:21.994 [JavaFX Application Thread] DEBUG PrimaryStageWindow   - FXGLStartupScene -> CustomIntro
12:26:21.994 [JavaFX Application Thread] DEBUG FXGLApplication      - Registering font factories with UI factory
12:26:22.061 [FXGL Background Thread 2 ] WARN  UpdaterService       - Failed to find updates: java.net.UnknownHostException: raw.githubusercontent.com
12:26:24.821 [FXGL Background Thread 3 ] DEBUG Engine               - Logging environment variables
12:26:24.821 [FXGL Background Thread 3 ] DEBUG Engine               - achievements: []
12:26:24.821 [FXGL Background Thread 3 ] DEBUG Engine               - actualHeight: 1080.0
12:26:24.822 [FXGL Background Thread 3 ] DEBUG Engine               - actualHeightProperty: ReadOnlyDoubleProperty [value: 1080.0]
12:26:24.822 [FXGL Background Thread 3 ] DEBUG Engine               - actualWidth: 1920.0
12:26:24.822 [FXGL Background Thread 3 ] DEBUG Engine               - actualWidthProperty: ReadOnlyDoubleProperty [value: 1920.0]
12:26:24.822 [FXGL Background Thread 3 ] DEBUG Engine               - appIcon: fxgl_icon.png
12:26:24.822 [FXGL Background Thread 3 ] DEBUG Engine               - applicationMode: DEVELOPER
12:26:24.822 [FXGL Background Thread 3 ] DEBUG Engine               - cSSList: [fxgl_dark.css]
12:26:24.822 [FXGL Background Thread 3 ] DEBUG Engine               - collisionDetectionStrategy: BRUTE_FORCE
12:26:24.822 [FXGL Background Thread 3 ] DEBUG Engine               - configClass: Optional.empty
12:26:24.822 [FXGL Background Thread 3 ] DEBUG Engine               - credits: []
12:26:24.822 [FXGL Background Thread 3 ] DEBUG Engine               - defaultCursor: CursorInfo(imageName=fxgl_default_cursor.png, hotspotX=7.0, hotspotY=6.0)
12:26:24.822 [FXGL Background Thread 3 ] DEBUG Engine               - devBBoxColorProperty: ObjectProperty [value: 0xff0000ff]
12:26:24.822 [FXGL Background Thread 3 ] DEBUG Engine               - devEnableDebugCameraProperty: BooleanProperty [value: false]
12:26:24.822 [FXGL Background Thread 3 ] DEBUG Engine               - devSensorColorProperty: ObjectProperty [value: 0xffff00ff]
12:26:24.822 [FXGL Background Thread 3 ] DEBUG Engine               - devShowBBoxProperty: BooleanProperty [value: false]
12:26:24.822 [FXGL Background Thread 3 ] DEBUG Engine               - devShowPositionProperty: BooleanProperty [value: false]
12:26:24.822 [FXGL Background Thread 3 ] DEBUG Engine               - enabledMenuItems: []
12:26:24.823 [FXGL Background Thread 3 ] DEBUG Engine               - engineServices: [class com.almasb.fxgl.app.services.FXGLAssetLoaderService, class com.almasb.fxgl.app.FXGLApplication$GameApplicationService, class com.almasb.fxgl.app.services.FXGLDialogService, class com.almasb.fxgl.app.services.IOTaskExecutorService, class com.almasb.fxgl.io.FileSystemService, class com.almasb.fxgl.localization.LocalizationService, class com.almasb.fxgl.app.services.SystemBundleService, class com.almasb.fxgl.profile.SaveLoadService, class com.almasb.fxgl.ui.FXGLUIFactoryServiceProvider, class com.almasb.fxgl.ui.FXGLDialogFactoryServiceProvider, class com.almasb.fxgl.audio.AudioPlayer, class com.almasb.fxgl.notification.impl.NotificationServiceProvider, class com.almasb.fxgl.achievement.AchievementService, class com.almasb.fxgl.cutscene.CutsceneService, class com.almasb.fxgl.minigames.MiniGameService, class com.almasb.fxgl.net.NetService, class com.almasb.fxgl.app.services.UpdaterService, class com.almasb.fxgl.dev.DevService]
12:26:24.823 [FXGL Background Thread 3 ] DEBUG Engine               - fontGame: Abel-Regular.ttf
12:26:24.823 [FXGL Background Thread 3 ] DEBUG Engine               - fontMono: lucida_console.ttf
12:26:24.823 [FXGL Background Thread 3 ] DEBUG Engine               - fontText: Courier-Prime.ttf
12:26:24.823 [FXGL Background Thread 3 ] DEBUG Engine               - fontUI: VarelaRound-Regular.ttf
12:26:24.823 [FXGL Background Thread 3 ] DEBUG Engine               - fullScreen: BooleanProperty [value: false]
12:26:24.823 [FXGL Background Thread 3 ] DEBUG Engine               - gameDifficulty: MEDIUM
12:26:24.823 [FXGL Background Thread 3 ] DEBUG Engine               - gameDifficultyProperty: ObjectProperty [value: MEDIUM]
12:26:24.823 [FXGL Background Thread 3 ] DEBUG Engine               - globalMusicVolume: 0.5
12:26:24.823 [FXGL Background Thread 3 ] DEBUG Engine               - globalMusicVolumeProperty: DoubleProperty [value: 0.5]
12:26:24.823 [FXGL Background Thread 3 ] DEBUG Engine               - globalSoundVolume: 0.5
12:26:24.823 [FXGL Background Thread 3 ] DEBUG Engine               - globalSoundVolumeProperty: DoubleProperty [value: 0.5]
12:26:24.823 [FXGL Background Thread 3 ] DEBUG Engine               - height: 1080
12:26:24.823 [FXGL Background Thread 3 ] DEBUG Engine               - is3D: false
12:26:24.823 [FXGL Background Thread 3 ] DEBUG Engine               - isAndroid: false
12:26:24.823 [FXGL Background Thread 3 ] DEBUG Engine               - isBrowser: false
12:26:24.823 [FXGL Background Thread 3 ] DEBUG Engine               - isClickFeedbackEnabled: false
12:26:24.823 [FXGL Background Thread 3 ] DEBUG Engine               - isCloseConfirmation: true
12:26:24.823 [FXGL Background Thread 3 ] DEBUG Engine               - isDesktop: true
12:26:24.824 [FXGL Background Thread 3 ] DEBUG Engine               - isDeveloperMenuEnabled: false
12:26:24.824 [FXGL Background Thread 3 ] DEBUG Engine               - isEntityPreloadEnabled: true
12:26:24.824 [FXGL Background Thread 3 ] DEBUG Engine               - isExperimentalTiledLargeMap: false
12:26:24.824 [FXGL Background Thread 3 ] DEBUG Engine               - isFileSystemWriteAllowed: true
12:26:24.824 [FXGL Background Thread 3 ] DEBUG Engine               - isFullScreenAllowed: false
12:26:24.824 [FXGL Background Thread 3 ] DEBUG Engine               - isFullScreenFromStart: false
12:26:24.824 [FXGL Background Thread 3 ] DEBUG Engine               - isGameMenuEnabled: false
12:26:24.824 [FXGL Background Thread 3 ] DEBUG Engine               - isIOS: false
12:26:24.824 [FXGL Background Thread 3 ] DEBUG Engine               - isIntroEnabled: true
12:26:24.824 [FXGL Background Thread 3 ] DEBUG Engine               - isLinux: false
12:26:24.824 [FXGL Background Thread 3 ] DEBUG Engine               - isMac: false
12:26:24.824 [FXGL Background Thread 3 ] DEBUG Engine               - isMainMenuEnabled: true
12:26:24.824 [FXGL Background Thread 3 ] DEBUG Engine               - isManualResizeEnabled: false
12:26:24.824 [FXGL Background Thread 3 ] DEBUG Engine               - isMobile: false
12:26:24.824 [FXGL Background Thread 3 ] DEBUG Engine               - isNative: false
12:26:24.824 [FXGL Background Thread 3 ] DEBUG Engine               - isPauseMusicWhenMinimized: true
12:26:24.824 [FXGL Background Thread 3 ] DEBUG Engine               - isPreserveResizeRatio: false
12:26:24.824 [FXGL Background Thread 3 ] DEBUG Engine               - isProfilingEnabled: false
12:26:24.824 [FXGL Background Thread 3 ] DEBUG Engine               - isScaleAffectedOnResize: true
12:26:24.824 [FXGL Background Thread 3 ] DEBUG Engine               - isSingleStep: false
12:26:24.824 [FXGL Background Thread 3 ] DEBUG Engine               - isUserProfileEnabled: false
12:26:24.824 [FXGL Background Thread 3 ] DEBUG Engine               - isWindows: true
12:26:24.825 [FXGL Background Thread 3 ] DEBUG Engine               - language: ObjectProperty [value: ENGLISH]
12:26:24.825 [FXGL Background Thread 3 ] DEBUG Engine               - menuKey: ESCAPE
12:26:24.825 [FXGL Background Thread 3 ] DEBUG Engine               - mouseSensitivity: 0.2
12:26:24.825 [FXGL Background Thread 3 ] DEBUG Engine               - notificationViewClass: class com.almasb.fxgl.notification.view.XboxNotificationView
12:26:24.825 [FXGL Background Thread 3 ] DEBUG Engine               - pixelsPerMeter: 50.0
12:26:24.825 [FXGL Background Thread 3 ] DEBUG Engine               - platform: WINDOWS
12:26:24.825 [FXGL Background Thread 3 ] DEBUG Engine               - prefHeightProperty: ReadOnlyDoubleProperty [value: 1080.0]
12:26:24.825 [FXGL Background Thread 3 ] DEBUG Engine               - prefWidthProperty: ReadOnlyDoubleProperty [value: 1920.0]
12:26:24.825 [FXGL Background Thread 3 ] DEBUG Engine               - profileDir: profiles/
12:26:24.825 [FXGL Background Thread 3 ] DEBUG Engine               - profileName: StringProperty [value: DEFAULT]
12:26:24.825 [FXGL Background Thread 3 ] DEBUG Engine               - randomSeed: -1
12:26:24.825 [FXGL Background Thread 3 ] DEBUG Engine               - runtimeInfo: RuntimeInfo(platform=WINDOWS, version=11.17, build=16.07.2021 15.46)
12:26:24.825 [FXGL Background Thread 3 ] DEBUG Engine               - saveFileExt: sav
12:26:24.825 [FXGL Background Thread 3 ] DEBUG Engine               - scaledHeightProp$fxgl: DoubleProperty [bound, value: 1080.0]
12:26:24.825 [FXGL Background Thread 3 ] DEBUG Engine               - scaledWidthProp$fxgl: DoubleProperty [bound, value: 1920.0]
12:26:24.825 [FXGL Background Thread 3 ] DEBUG Engine               - sceneFactory: com.example.demo.MySceneFactory@347c83e3
12:26:24.825 [FXGL Background Thread 3 ] DEBUG Engine               - secondsIn24h: 60
12:26:24.825 [FXGL Background Thread 3 ] DEBUG Engine               - soundMenuBack: menu/back.wav
12:26:24.825 [FXGL Background Thread 3 ] DEBUG Engine               - soundMenuPress: menu/press.wav
12:26:24.826 [FXGL Background Thread 3 ] DEBUG Engine               - soundMenuSelect: menu/select.wav
12:26:24.826 [FXGL Background Thread 3 ] DEBUG Engine               - soundNotification: core/notification.wav
12:26:24.826 [FXGL Background Thread 3 ] DEBUG Engine               - stageStyle: DECORATED
12:26:24.826 [FXGL Background Thread 3 ] DEBUG Engine               - supportedLanguages: [ENGLISH, FRENCH, GERMAN, HUNGARIAN, RUSSIAN]
12:26:24.826 [FXGL Background Thread 3 ] DEBUG Engine               - ticksPerSecond: -1
12:26:24.826 [FXGL Background Thread 3 ] DEBUG Engine               - title: Stictactics
12:26:24.826 [FXGL Background Thread 3 ] DEBUG Engine               - urlGithub: https://github.com/AlmasB/FXGL
12:26:24.826 [FXGL Background Thread 3 ] DEBUG Engine               - urlLeaderboard: http://fxgl-top.herokuapp.com/
12:26:24.826 [FXGL Background Thread 3 ] DEBUG Engine               - urlPOM: https://raw.githubusercontent.com/AlmasB/FXGL/release/README.md
12:26:24.826 [FXGL Background Thread 3 ] DEBUG Engine               - userAppClass: class com.example.demo.HelloApplication
12:26:24.826 [FXGL Background Thread 3 ] DEBUG Engine               - version: 0.0
12:26:24.826 [FXGL Background Thread 3 ] DEBUG Engine               - versionCheckDays: 7
12:26:24.826 [FXGL Background Thread 3 ] DEBUG Engine               - width: 1920
12:26:24.826 [FXGL Background Thread 3 ] DEBUG Engine               - Logging services
12:26:24.826 [FXGL Background Thread 3 ] DEBUG Engine               - class com.almasb.fxgl.app.services.FXGLAssetLoaderService
12:26:24.826 [FXGL Background Thread 3 ] DEBUG Engine               - class com.almasb.fxgl.app.FXGLApplication$GameApplicationService
12:26:24.826 [FXGL Background Thread 3 ] DEBUG Engine               - class com.almasb.fxgl.app.services.FXGLDialogService
12:26:24.826 [FXGL Background Thread 3 ] DEBUG Engine               - class com.almasb.fxgl.app.services.IOTaskExecutorService
12:26:24.826 [FXGL Background Thread 3 ] DEBUG Engine               - class com.almasb.fxgl.io.FileSystemService
12:26:24.826 [FXGL Background Thread 3 ] DEBUG Engine               - class com.almasb.fxgl.localization.LocalizationService
12:26:24.826 [FXGL Background Thread 3 ] DEBUG Engine               - class com.almasb.fxgl.app.services.SystemBundleService
12:26:24.826 [FXGL Background Thread 3 ] DEBUG Engine               - class com.almasb.fxgl.profile.SaveLoadService
12:26:24.827 [FXGL Background Thread 3 ] DEBUG Engine               - class com.almasb.fxgl.ui.FXGLUIFactoryServiceProvider
12:26:24.827 [FXGL Background Thread 3 ] DEBUG Engine               - class com.almasb.fxgl.ui.FXGLDialogFactoryServiceProvider
12:26:24.827 [FXGL Background Thread 3 ] DEBUG Engine               - class com.almasb.fxgl.audio.AudioPlayer
12:26:24.827 [FXGL Background Thread 3 ] DEBUG Engine               - class com.almasb.fxgl.notification.impl.NotificationServiceProvider
12:26:24.827 [FXGL Background Thread 3 ] DEBUG Engine               - class com.almasb.fxgl.achievement.AchievementService
12:26:24.827 [FXGL Background Thread 3 ] DEBUG Engine               - class com.almasb.fxgl.cutscene.CutsceneService
12:26:24.827 [FXGL Background Thread 3 ] DEBUG Engine               - class com.almasb.fxgl.minigames.MiniGameService
12:26:24.827 [FXGL Background Thread 3 ] DEBUG Engine               - class com.almasb.fxgl.net.NetService
12:26:24.827 [FXGL Background Thread 3 ] DEBUG Engine               - class com.almasb.fxgl.app.services.UpdaterService
12:26:24.827 [FXGL Background Thread 3 ] DEBUG Engine               - class com.almasb.fxgl.dev.DevService
12:26:29.032 [JavaFX Application Thread] DEBUG Input                - Clearing active input actions
12:26:29.038 [JavaFX Application Thread] DEBUG GameApplicationServi - Removing overlay from CustomIntro and adding to FXGLMainMenuDummyScene
12:26:29.038 [JavaFX Application Thread] DEBUG PrimaryStageWindow   - CustomIntro -> FXGLMainMenuDummyScene
12:26:29.038 [JavaFX Application Thread] DEBUG PrimaryStageWindow   - Push state: CustomMainMenu
12:26:29.038 [JavaFX Application Thread] DEBUG Input                - Clearing active input actions
12:26:29.045 [JavaFX Application Thread] DEBUG GameApplicationServi - Removing overlay from FXGLMainMenuDummyScene and adding to CustomMainMenu
12:26:29.046 [JavaFX Application Thread] DEBUG PrimaryStageWindow   - FXGLMainMenuDummyScene -> CustomMainMenu
12:26:30.186 [JavaFX Application Thread] DEBUG Menu                 - fireNewGame()
12:26:30.186 [JavaFX Application Thread] DEBUG GameApplicationServi - Starting new game
12:26:30.186 [JavaFX Application Thread] DEBUG PrimaryStageWindow   - Pop state: CustomMainMenu
12:26:30.186 [JavaFX Application Thread] DEBUG Input                - Clearing active input actions
12:26:30.187 [JavaFX Application Thread] DEBUG GameApplicationServi - Removing overlay from CustomMainMenu and adding to FXGLMainMenuDummyScene
12:26:30.187 [JavaFX Application Thread] DEBUG PrimaryStageWindow   - FXGLMainMenuDummyScene <- CustomMainMenu
12:26:30.187 [JavaFX Application Thread] DEBUG Input                - Clearing active input actions
12:26:30.195 [JavaFX Application Thread] DEBUG GameApplicationServi - Removing overlay from FXGLMainMenuDummyScene and adding to FXGLLoadingScene
12:26:30.195 [JavaFX Application Thread] DEBUG PrimaryStageWindow   - FXGLMainMenuDummyScene -> FXGLLoadingScene
12:26:30.195 [JavaFX Application Thread] DEBUG GameApplicationServi - Clearing previous game
12:26:30.195 [JavaFX Application Thread] DEBUG GameScene            - Clearing game scene
12:26:30.195 [JavaFX Application Thread] DEBUG GameWorld            - Clearing game world
12:26:30.196 [JavaFX Application Thread] DEBUG PhysicsWorld         - Clearing physics world
12:26:30.200 [FXGL Background Thread 2 ] DEBUG FXGLApplication      - Initializing game
12:26:30.263 [FXGL Background Thread 2 ] WARN  TMXLevelLoader       - TiledMap generated from 1.11.2. Supported version: 1.2.3. Some features may not be parsed fully.
12:26:30.273 [FXGL Background Thread 2 ] DEBUG TMXLevelLoader       - Parsed TiledMap: file:/C:/Users/jazph/OneDrive/Desktop/demoGame4OOP/target/classes/assets/levels/tmx/idkbackground.tmx
12:26:30.274 [FXGL Background Thread 2 ] DEBUG TMXLevelLoader       - Creating tile layer entities
12:26:30.275 [FXGL Background Thread 2 ] DEBUG TilesetLoader        - Loading view for layer Tile Layer 1
12:26:30.278 [FXGL Background Thread 2 ] DEBUG TilesetLoader        - Created buffer with size 1984.0x1088.0
12:26:30.376 [FXGL Background Thread 2 ] DEBUG TMXLevelLoader       - Creating object layer entities
12:26:30.398 [FXGL Background Thread 2 ] DEBUG GameWorld            - Clearing removable entities
12:26:30.398 [FXGL Background Thread 2 ] DEBUG GameWorld            - Setting level: com.almasb.fxgl.entity.level.Level@2139b2f8
12:26:30.428 [FXGL Background Thread 2 ] DEBUG FXGLAssetLoaderServi - Loading from file system: file:/C:/Users/jazph/OneDrive/Desktop/demoGame4OOP/target/classes/assets/textures/idk.png
12:26:30.432 [FXGL Background Thread 2 ] DEBUG FXGLAssetLoaderServi - Loading from file system: file:/C:/Users/jazph/OneDrive/Desktop/demoGame4OOP/target/classes/assets/textures/p1_walk.png
12:26:30.464 [FXGL Background Thread 2 ] DEBUG FXGLAssetLoaderServi - Loading from file system: file:/C:/Users/jazph/OneDrive/Desktop/demoGame4OOP/target/classes/assets/textures/jump.png
12:26:30.466 [FXGL Background Thread 2 ] DEBUG FXGLAssetLoaderServi - Loading from file system: file:/C:/Users/jazph/OneDrive/Desktop/demoGame4OOP/target/classes/assets/textures/punch.png
12:26:30.475 [FXGL Background Thread 2 ] DEBUG FXGLAssetLoaderServi - Loading from file system: file:/C:/Users/jazph/OneDrive/Desktop/demoGame4OOP/target/classes/assets/textures/idle_punk.png
12:26:30.478 [FXGL Background Thread 2 ] DEBUG FXGLAssetLoaderServi - Loading from file system: file:/C:/Users/jazph/OneDrive/Desktop/demoGame4OOP/target/classes/assets/textures/walk_punk.png
12:26:30.480 [FXGL Background Thread 2 ] DEBUG FXGLAssetLoaderServi - Loading from file system: file:/C:/Users/jazph/OneDrive/Desktop/demoGame4OOP/target/classes/assets/textures/punch_punk.png
12:26:30.489 [FXGL Background Thread 2 ] INFO  FXGLApplication      - Game initialization took: 0.289 sec
12:26:30.498 [JavaFX Application Thread] DEBUG Input                - Clearing active input actions
12:26:30.506 [JavaFX Application Thread] DEBUG GameApplicationServi - Removing overlay from FXGLLoadingScene and adding to GameScene
12:26:30.506 [JavaFX Application Thread] DEBUG PrimaryStageWindow   - FXGLLoadingScene -> GameScene
12:28:10.709 [JavaFX Application Thread] DEBUG PrimaryStageWindow   - Push state: DialogSubScene
12:28:10.709 [JavaFX Application Thread] DEBUG Input                - Clearing active input actions
12:28:10.710 [JavaFX Application Thread] DEBUG GameApplicationServi - Removing overlay from GameScene and adding to DialogSubScene
12:28:10.710 [JavaFX Application Thread] DEBUG PrimaryStageWindow   - GameScene -> DialogSubScene
12:28:12.053 [JavaFX Application Thread] DEBUG PrimaryStageWindow   - Pop state: DialogSubScene
12:28:12.053 [JavaFX Application Thread] DEBUG Input                - Clearing active input actions
12:28:12.053 [JavaFX Application Thread] DEBUG GameApplicationServi - Removing overlay from DialogSubScene and adding to GameScene
12:28:12.054 [JavaFX Application Thread] DEBUG PrimaryStageWindow   - GameScene <- DialogSubScene
12:28:12.054 [JavaFX Application Thread] DEBUG FXGLApplication      - Exiting FXGL
12:28:12.054 [JavaFX Application Thread] DEBUG LoopRunner           - Stopping loop
12:28:12.054 [JavaFX Application Thread] DEBUG SystemBundleService  - Saving FXGL system data
12:28:12.056 [JavaFX Application Thread] DEBUG FileSystemAccess     - Writing to: C:\Users\jazph\OneDrive\Desktop\demoGame4OOP\system\fxgl.bundle
12:28:12.057 [JavaFX Application Thread] DEBUG Async                - Shutting down background threads
12:28:12.057 [JavaFX Application Thread] DEBUG PrimaryStageWindow   - Closing main window
12:28:12.080 [JavaFX Application Thread] DEBUG Logger               - Closing Logger
