17:04:44.509 [main                     ] DEBUG Logger               - Configured Logger
17:04:44.511 [main                     ] DEBUG GameApplication      - Logging settings
Title: Stictactics
Version: 0.0
Width: 1920
Height: 1080
Fullscreen: false
Intro: false
Profiling: false
Single step:false
App Mode: DEVELOPER
Menu Key: ESCAPE
Stage Style: DECORATED
Scene Factory: class com.example.demo.MySceneFactory

17:04:45.042 [JavaFX Application Thread] DEBUG FXGLApplication      - Initializing FXGL
17:04:45.043 [JavaFX Application Thread] INFO  Engine               - FXGL-11.17 (16.07.2021 15.46) on WINDOWS (J:23.0.2 FX:17.0.6)
17:04:45.043 [JavaFX Application Thread] DEBUG Engine               - JRE Vendor Name: Amazon.com Inc.
17:04:45.044 [JavaFX Application Thread] DEBUG Engine               - Running on OS: Windows 11 version 10.0
17:04:45.044 [JavaFX Application Thread] DEBUG Engine               - Architecture: amd64
17:04:45.044 [JavaFX Application Thread] INFO  Engine               - Source code and latest versions at: https://github.com/AlmasB/FXGL
17:04:45.044 [JavaFX Application Thread] INFO  Engine               -              Join the FXGL chat at: https://gitter.im/AlmasB/FXGL
17:04:45.148 [JavaFX Application Thread] DEBUG PrimaryStageWindow   - Creating a JavaFX scene
17:04:45.148 [JavaFX Application Thread] DEBUG PrimaryStageWindow   - Target size > screen size
17:04:45.263 [JavaFX Application Thread] DEBUG PrimaryStageWindow   - Target settings size: 1920.0 x 1080.0
17:04:45.263 [JavaFX Application Thread] DEBUG PrimaryStageWindow   - Scaled scene size:    1255.0 x 720.0
17:04:45.263 [JavaFX Application Thread] DEBUG PrimaryStageWindow   - Scaled ratio: (0.6536458333333334, 0.6666666666666666)
17:04:45.264 [JavaFX Application Thread] DEBUG PrimaryStageWindow   - Set initial scene to FXGLStartupScene
17:04:45.274 [JavaFX Application Thread] DEBUG PrimaryStageWindow   - Opening main window
17:04:45.444 [JavaFX Application Thread] DEBUG PrimaryStageWindow   - Window border size: (16.0, 39.0)
17:04:45.444 [JavaFX Application Thread] DEBUG PrimaryStageWindow   - Scaled size: 1255.0 x 720.0
17:04:45.445 [JavaFX Application Thread] DEBUG PrimaryStageWindow   - Scaled ratio: (0.6536458333333334, 0.6666666666666666)
17:04:45.445 [JavaFX Application Thread] DEBUG PrimaryStageWindow   - Scene size: 1255.0 x 720.0
17:04:45.445 [JavaFX Application Thread] DEBUG PrimaryStageWindow   - Stage size: 1271.0 x 759.0
17:04:45.457 [FXGL Background Thread 1 ] DEBUG Engine               - Initializing environment variables
17:04:45.617 [FXGL Background Thread 1 ] DEBUG FXGLAssetLoaderServi - User app class for loading assets: class com.example.demo.HelloApplication
17:04:45.617 [FXGL Background Thread 1 ] DEBUG GameApplicationServi - Applying CSS: fxgl_dark.css
17:04:45.618 [FXGL Background Thread 1 ] DEBUG FXGLAssetLoaderServi - Loading from file system: jar:file:///C:/Users/zyla/.m2/repository/com/github/almasb/fxgl/11.17/fxgl-11.17.jar!/fxglassets/ui/css/fxgl_dark.css
17:04:45.683 [FXGL Background Thread 1 ] DEBUG GameApplicationServi - Initializing application scenes
17:04:45.834 [FXGL Background Thread 1 ] DEBUG GameWorld            - Game world initialized
17:04:45.932 [FXGL Background Thread 1 ] DEBUG PhysicsWorld         - Physics world initialized: appHeight=1080, physics.ppm=50.0
17:04:45.933 [FXGL Background Thread 1 ] DEBUG PhysicsWorld         - Using strategy: BRUTE_FORCE
17:04:45.941 [FXGL Background Thread 1 ] DEBUG GameScene            - Game scene initialized: 1920x1080
17:04:46.348 [FXGL Background Thread 1 ] DEBUG GameApplicationServi - Application scenes initialized
17:04:46.364 [FXGL Background Thread 1 ] DEBUG SystemBundleService  - Loading FXGL system data
17:04:46.380 [FXGL Background Thread 1 ] DEBUG FileSystemAccess     - Reading from: C:\Users\zyla\demoGame4OOP\system\fxgl.bundle
17:04:46.395 [FXGL Background Thread 1 ] DEBUG SystemBundleService  - Bundle FXGL: {}
17:04:46.395 [FXGL Background Thread 1 ] DEBUG UpdaterService       - Checking for updates
17:04:46.402 [FXGL Background Thread 4 ] DEBUG FXGLApplication      - Loading fonts
17:04:46.403 [FXGL Background Thread 1 ] DEBUG FXGLApplication      - Loading default localization
17:04:46.403 [FXGL Background Thread 1 ] DEBUG FXGLAssetLoaderServi - Loading from file system: jar:file:///C:/Users/zyla/.m2/repository/com/github/almasb/fxgl/11.17/fxgl-11.17.jar!/fxglassets/languages/english.lang
17:04:46.404 [FXGL Background Thread 4 ] DEBUG FXGLAssetLoaderServi - Loading from file system: jar:file:///C:/Users/zyla/.m2/repository/com/github/almasb/fxgl/11.17/fxgl-11.17.jar!/fxglassets/ui/fonts/VarelaRound-Regular.ttf
17:04:46.442 [FXGL Background Thread 1 ] INFO  FXGLApplication      - FXGL initialization took: 0.984 sec
17:04:46.459 [JavaFX Application Thread] DEBUG Input                - Registered new binding: P1Left - A
17:04:46.459 [JavaFX Application Thread] DEBUG Input                - Registered new binding: P1Right - D
17:04:46.459 [JavaFX Application Thread] DEBUG Input                - Registered new binding: P1Jump - W
17:04:46.460 [JavaFX Application Thread] DEBUG Input                - Registered new binding: P1Punch - F
17:04:46.461 [JavaFX Application Thread] DEBUG Input                - Registered new binding: P1EnhancedPunch - E
17:04:46.461 [JavaFX Application Thread] DEBUG Input                - Registered new binding: P1Ult - Q
17:04:46.461 [JavaFX Application Thread] DEBUG Input                - Registered new binding: P2Left - J
17:04:46.461 [JavaFX Application Thread] DEBUG Input                - Registered new binding: P2Right - L
17:04:46.461 [JavaFX Application Thread] DEBUG Input                - Registered new binding: P2Jump - I
17:04:46.461 [JavaFX Application Thread] DEBUG Input                - Registered new binding: P2Punch - H
17:04:46.461 [JavaFX Application Thread] DEBUG Input                - Registered new binding: P2EnhancedPunch - U
17:04:46.462 [JavaFX Application Thread] DEBUG Input                - Registered new binding: P2Ult - O
17:04:46.468 [JavaFX Application Thread] WARN  FXGLAssetLoaderServi - Asset "/assets/textures//assets/textures/background-intro.mp4" was not found!
17:04:46.468 [JavaFX Application Thread] WARN  FXGLAssetLoaderServi - Failed to load IMAGE
17:04:46.496 [FXGL Background Thread 4 ] DEBUG FXGLAssetLoaderServi - Loading from file system: jar:file:///C:/Users/zyla/.m2/repository/com/github/almasb/fxgl/11.17/fxgl-11.17.jar!/fxglassets/ui/fonts/Abel-Regular.ttf
17:04:46.517 [FXGL Background Thread 4 ] DEBUG FXGLAssetLoaderServi - Loading from file system: jar:file:///C:/Users/zyla/.m2/repository/com/github/almasb/fxgl/11.17/fxgl-11.17.jar!/fxglassets/ui/fonts/lucida_console.ttf
17:04:46.521 [JavaFX Application Thread] DEBUG FXGLAssetLoaderServi - Loading from file system: jar:file:///C:/Users/zyla/.m2/repository/com/github/almasb/fxgl/11.17/fxgl-11.17.jar!/fxglassets/textures/fxgl_icon.png
17:04:46.551 [FXGL Background Thread 4 ] DEBUG FXGLAssetLoaderServi - Loading from file system: jar:file:///C:/Users/zyla/.m2/repository/com/github/almasb/fxgl/11.17/fxgl-11.17.jar!/fxglassets/ui/fonts/Courier-Prime.ttf
17:04:46.616 [JavaFX Application Thread] DEBUG FXGLAssetLoaderServi - Loading from file system: jar:file:///C:/Users/zyla/.m2/repository/com/github/almasb/fxgl/11.17/fxgl-11.17.jar!/fxglassets/textures/fxgl_default_cursor.png
17:04:46.633 [JavaFX Application Thread] DEBUG Input                - Registered new binding: Screenshot - CTRL+8
17:04:46.636 [JavaFX Application Thread] DEBUG Input                - Registered new binding: System info dump - CTRL+9
17:04:46.637 [JavaFX Application Thread] DEBUG Input                - Registered new binding: Restart - CTRL+R
17:04:46.638 [JavaFX Application Thread] DEBUG Input                - Registered new binding: Toggle Debug Camera - CTRL+C
17:04:46.641 [JavaFX Application Thread] DEBUG LoopRunner           - Starting loop
17:04:46.641 [JavaFX Application Thread] DEBUG LoopRunner           - Initializing JavaFX AnimationTimerLoop
17:04:46.646 [JavaFX Application Thread] DEBUG Input                - Clearing active input actions
17:04:46.685 [JavaFX Application Thread] DEBUG GameApplicationServi - Removing overlay from FXGLStartupScene and adding to FXGLMainMenuDummyScene
17:04:46.686 [JavaFX Application Thread] DEBUG PrimaryStageWindow   - FXGLStartupScene -> FXGLMainMenuDummyScene
17:04:46.686 [JavaFX Application Thread] DEBUG PrimaryStageWindow   - Push state: CustomMainMenu
17:04:46.686 [JavaFX Application Thread] DEBUG Input                - Clearing active input actions
17:04:46.696 [JavaFX Application Thread] DEBUG GameApplicationServi - Removing overlay from FXGLMainMenuDummyScene and adding to CustomMainMenu
17:04:46.696 [JavaFX Application Thread] DEBUG PrimaryStageWindow   - FXGLMainMenuDummyScene -> CustomMainMenu
17:04:46.701 [JavaFX Application Thread] DEBUG FXGLApplication      - Registering font factories with UI factory
17:04:47.872 [JavaFX Application Thread] DEBUG Menu                 - fireNewGame()
17:04:47.872 [JavaFX Application Thread] DEBUG GameApplicationServi - Starting new game
17:04:47.872 [JavaFX Application Thread] DEBUG PrimaryStageWindow   - Pop state: CustomMainMenu
17:04:47.872 [JavaFX Application Thread] DEBUG Input                - Clearing active input actions
17:04:47.874 [JavaFX Application Thread] DEBUG GameApplicationServi - Removing overlay from CustomMainMenu and adding to FXGLMainMenuDummyScene
17:04:47.874 [JavaFX Application Thread] DEBUG PrimaryStageWindow   - FXGLMainMenuDummyScene <- CustomMainMenu
17:04:47.874 [JavaFX Application Thread] DEBUG Input                - Clearing active input actions
17:04:47.883 [JavaFX Application Thread] DEBUG GameApplicationServi - Removing overlay from FXGLMainMenuDummyScene and adding to FXGLLoadingScene
17:04:47.885 [JavaFX Application Thread] DEBUG PrimaryStageWindow   - FXGLMainMenuDummyScene -> FXGLLoadingScene
17:04:47.886 [JavaFX Application Thread] DEBUG GameApplicationServi - Clearing previous game
17:04:47.886 [JavaFX Application Thread] DEBUG GameScene            - Clearing game scene
17:04:47.886 [JavaFX Application Thread] DEBUG GameWorld            - Clearing game world
17:04:47.886 [JavaFX Application Thread] DEBUG PhysicsWorld         - Clearing physics world
17:04:47.890 [FXGL Background Thread 4 ] DEBUG FXGLApplication      - Initializing game
17:04:48.259 [FXGL Background Thread 4 ] WARN  TMXLevelLoader       - TiledMap generated from 1.11.2. Supported version: 1.2.3. Some features may not be parsed fully.
17:04:48.275 [FXGL Background Thread 4 ] DEBUG TMXLevelLoader       - Parsed TiledMap: file:/C:/Users/zyla/demoGame4OOP/target/classes/assets/levels/tmx/map5.tmx
17:04:48.278 [FXGL Background Thread 4 ] DEBUG TMXLevelLoader       - Creating tile layer entities
17:04:48.279 [FXGL Background Thread 4 ] DEBUG TilesetLoader        - Loading view for layer Tile Layer 1
17:04:48.282 [FXGL Background Thread 4 ] DEBUG TilesetLoader        - Created buffer with size 1920.0x1088.0
17:04:48.480 [FXGL Background Thread 4 ] DEBUG TMXLevelLoader       - Creating object layer entities
17:04:48.546 [FXGL Background Thread 4 ] DEBUG GameWorld            - Clearing removable entities
17:04:48.546 [FXGL Background Thread 4 ] DEBUG GameWorld            - Setting level: com.almasb.fxgl.entity.level.Level@77549a9c
17:04:48.643 [FXGL Background Thread 4 ] DEBUG FXGLAssetLoaderServi - Loading from file system: file:/C:/Users/zyla/demoGame4OOP/target/classes/assets/textures/fighter_idle.png
17:04:48.682 [FXGL Background Thread 4 ] DEBUG FXGLAssetLoaderServi - Loading from file system: file:/C:/Users/zyla/demoGame4OOP/target/classes/assets/textures/fighter_walk.png
17:04:48.714 [FXGL Background Thread 4 ] DEBUG FXGLAssetLoaderServi - Loading from file system: file:/C:/Users/zyla/demoGame4OOP/target/classes/assets/textures/fighter_jump.png
17:04:48.767 [FXGL Background Thread 4 ] DEBUG FXGLAssetLoaderServi - Loading from file system: file:/C:/Users/zyla/demoGame4OOP/target/classes/assets/textures/fighter_attack_enhanced.png
17:04:48.785 [FXGL Background Thread 4 ] DEBUG FXGLAssetLoaderServi - Loading from file system: file:/C:/Users/zyla/demoGame4OOP/target/classes/assets/textures/fighter_attack.png
17:04:48.810 [FXGL Background Thread 4 ] DEBUG FXGLAssetLoaderServi - Loading from file system: file:/C:/Users/zyla/demoGame4OOP/target/classes/assets/textures/fighter_ult.png
17:04:48.897 [FXGL Background Thread 4 ] DEBUG FXGLAssetLoaderServi - Loading from file system: file:/C:/Users/zyla/demoGame4OOP/target/classes/assets/textures/fighter_idle_P2.png
17:04:48.904 [FXGL Background Thread 4 ] DEBUG FXGLAssetLoaderServi - Loading from file system: file:/C:/Users/zyla/demoGame4OOP/target/classes/assets/textures/fighter_walk_P2.png
17:04:48.915 [FXGL Background Thread 4 ] DEBUG FXGLAssetLoaderServi - Loading from file system: file:/C:/Users/zyla/demoGame4OOP/target/classes/assets/textures/fighter_attack_enhanced_p2.png
17:04:48.926 [FXGL Background Thread 4 ] DEBUG FXGLAssetLoaderServi - Loading from file system: file:/C:/Users/zyla/demoGame4OOP/target/classes/assets/textures/fighter_jump_P2.png
17:04:48.943 [FXGL Background Thread 4 ] DEBUG FXGLAssetLoaderServi - Loading from file system: file:/C:/Users/zyla/demoGame4OOP/target/classes/assets/textures/fighter_attack_P2.png
17:04:48.953 [FXGL Background Thread 4 ] DEBUG FXGLAssetLoaderServi - Loading from file system: file:/C:/Users/zyla/demoGame4OOP/target/classes/assets/textures/fighter_ult_P2.png
17:04:48.985 [FXGL Background Thread 2 ] INFO  UpdaterService       - Your current version:  11.17
17:04:48.986 [FXGL Background Thread 2 ] INFO  UpdaterService       - Latest stable version: 21.1
17:04:48.987 [FXGL Background Thread 4 ] INFO  FXGLApplication      - Game initialization took: 1.096 sec
17:04:48.991 [JavaFX Application Thread] DEBUG Input                - Clearing active input actions
17:04:49.011 [JavaFX Application Thread] DEBUG GameApplicationServi - Removing overlay from FXGLLoadingScene and adding to GameScene
17:04:49.011 [JavaFX Application Thread] DEBUG PrimaryStageWindow   - FXGLLoadingScene -> GameScene
17:04:49.401 [FXGL Background Thread 3 ] DEBUG Engine               - Logging environment variables
17:04:49.401 [FXGL Background Thread 3 ] DEBUG Engine               - achievements: []
17:04:49.401 [FXGL Background Thread 3 ] DEBUG Engine               - actualHeight: 720.0
17:04:49.401 [FXGL Background Thread 3 ] DEBUG Engine               - actualHeightProperty: ReadOnlyDoubleProperty [value: 720.0]
17:04:49.401 [FXGL Background Thread 3 ] DEBUG Engine               - actualWidth: 1255.0
17:04:49.401 [FXGL Background Thread 3 ] DEBUG Engine               - actualWidthProperty: ReadOnlyDoubleProperty [value: 1255.0]
17:04:49.401 [FXGL Background Thread 3 ] DEBUG Engine               - appIcon: fxgl_icon.png
17:04:49.402 [FXGL Background Thread 3 ] DEBUG Engine               - applicationMode: DEVELOPER
17:04:49.402 [FXGL Background Thread 3 ] DEBUG Engine               - cSSList: [fxgl_dark.css]
17:04:49.402 [FXGL Background Thread 3 ] DEBUG Engine               - collisionDetectionStrategy: BRUTE_FORCE
17:04:49.402 [FXGL Background Thread 3 ] DEBUG Engine               - configClass: Optional.empty
17:04:49.402 [FXGL Background Thread 3 ] DEBUG Engine               - credits: []
17:04:49.402 [FXGL Background Thread 3 ] DEBUG Engine               - defaultCursor: CursorInfo(imageName=fxgl_default_cursor.png, hotspotX=7.0, hotspotY=6.0)
17:04:49.402 [FXGL Background Thread 3 ] DEBUG Engine               - devBBoxColorProperty: ObjectProperty [value: 0xff0000ff]
17:04:49.402 [FXGL Background Thread 3 ] DEBUG Engine               - devEnableDebugCameraProperty: BooleanProperty [value: false]
17:04:49.402 [FXGL Background Thread 3 ] DEBUG Engine               - devSensorColorProperty: ObjectProperty [value: 0xffff00ff]
17:04:49.402 [FXGL Background Thread 3 ] DEBUG Engine               - devShowBBoxProperty: BooleanProperty [value: false]
17:04:49.402 [FXGL Background Thread 3 ] DEBUG Engine               - devShowPositionProperty: BooleanProperty [value: false]
17:04:49.402 [FXGL Background Thread 3 ] DEBUG Engine               - enabledMenuItems: []
17:04:49.402 [FXGL Background Thread 3 ] DEBUG Engine               - engineServices: [class com.almasb.fxgl.app.services.FXGLAssetLoaderService, class com.almasb.fxgl.app.FXGLApplication$GameApplicationService, class com.almasb.fxgl.app.services.FXGLDialogService, class com.almasb.fxgl.app.services.IOTaskExecutorService, class com.almasb.fxgl.io.FileSystemService, class com.almasb.fxgl.localization.LocalizationService, class com.almasb.fxgl.app.services.SystemBundleService, class com.almasb.fxgl.profile.SaveLoadService, class com.almasb.fxgl.ui.FXGLUIFactoryServiceProvider, class com.almasb.fxgl.ui.FXGLDialogFactoryServiceProvider, class com.almasb.fxgl.audio.AudioPlayer, class com.almasb.fxgl.notification.impl.NotificationServiceProvider, class com.almasb.fxgl.achievement.AchievementService, class com.almasb.fxgl.cutscene.CutsceneService, class com.almasb.fxgl.minigames.MiniGameService, class com.almasb.fxgl.net.NetService, class com.almasb.fxgl.app.services.UpdaterService, class com.almasb.fxgl.dev.DevService]
17:04:49.404 [FXGL Background Thread 3 ] DEBUG Engine               - fontGame: Abel-Regular.ttf
17:04:49.404 [FXGL Background Thread 3 ] DEBUG Engine               - fontMono: lucida_console.ttf
17:04:49.404 [FXGL Background Thread 3 ] DEBUG Engine               - fontText: Courier-Prime.ttf
17:04:49.404 [FXGL Background Thread 3 ] DEBUG Engine               - fontUI: VarelaRound-Regular.ttf
17:04:49.404 [FXGL Background Thread 3 ] DEBUG Engine               - fullScreen: BooleanProperty [value: false]
17:04:49.404 [FXGL Background Thread 3 ] DEBUG Engine               - gameDifficulty: MEDIUM
17:04:49.404 [FXGL Background Thread 3 ] DEBUG Engine               - gameDifficultyProperty: ObjectProperty [value: MEDIUM]
17:04:49.404 [FXGL Background Thread 3 ] DEBUG Engine               - globalMusicVolume: 0.5
17:04:49.404 [FXGL Background Thread 3 ] DEBUG Engine               - globalMusicVolumeProperty: DoubleProperty [value: 0.5]
17:04:49.404 [FXGL Background Thread 3 ] DEBUG Engine               - globalSoundVolume: 0.5
17:04:49.404 [FXGL Background Thread 3 ] DEBUG Engine               - globalSoundVolumeProperty: DoubleProperty [value: 0.5]
17:04:49.404 [FXGL Background Thread 3 ] DEBUG Engine               - height: 1080
17:04:49.404 [FXGL Background Thread 3 ] DEBUG Engine               - is3D: false
17:04:49.404 [FXGL Background Thread 3 ] DEBUG Engine               - isAndroid: false
17:04:49.404 [FXGL Background Thread 3 ] DEBUG Engine               - isBrowser: false
17:04:49.405 [FXGL Background Thread 3 ] DEBUG Engine               - isClickFeedbackEnabled: false
17:04:49.405 [FXGL Background Thread 3 ] DEBUG Engine               - isCloseConfirmation: true
17:04:49.405 [FXGL Background Thread 3 ] DEBUG Engine               - isDesktop: true
17:04:49.405 [FXGL Background Thread 3 ] DEBUG Engine               - isDeveloperMenuEnabled: false
17:04:49.405 [FXGL Background Thread 3 ] DEBUG Engine               - isEntityPreloadEnabled: true
17:04:49.405 [FXGL Background Thread 3 ] DEBUG Engine               - isExperimentalTiledLargeMap: false
17:04:49.405 [FXGL Background Thread 3 ] DEBUG Engine               - isFileSystemWriteAllowed: true
17:04:49.405 [FXGL Background Thread 3 ] DEBUG Engine               - isFullScreenAllowed: false
17:04:49.405 [FXGL Background Thread 3 ] DEBUG Engine               - isFullScreenFromStart: false
17:04:49.405 [FXGL Background Thread 3 ] DEBUG Engine               - isGameMenuEnabled: false
17:04:49.405 [FXGL Background Thread 3 ] DEBUG Engine               - isIOS: false
17:04:49.406 [FXGL Background Thread 3 ] DEBUG Engine               - isIntroEnabled: false
17:04:49.406 [FXGL Background Thread 3 ] DEBUG Engine               - isLinux: false
17:04:49.406 [FXGL Background Thread 3 ] DEBUG Engine               - isMac: false
17:04:49.406 [FXGL Background Thread 3 ] DEBUG Engine               - isMainMenuEnabled: true
17:04:49.406 [FXGL Background Thread 3 ] DEBUG Engine               - isManualResizeEnabled: false
17:04:49.406 [FXGL Background Thread 3 ] DEBUG Engine               - isMobile: false
17:04:49.406 [FXGL Background Thread 3 ] DEBUG Engine               - isNative: false
17:04:49.406 [FXGL Background Thread 3 ] DEBUG Engine               - isPauseMusicWhenMinimized: true
17:04:49.407 [FXGL Background Thread 3 ] DEBUG Engine               - isPreserveResizeRatio: false
17:04:49.408 [FXGL Background Thread 3 ] DEBUG Engine               - isProfilingEnabled: false
17:04:49.408 [FXGL Background Thread 3 ] DEBUG Engine               - isScaleAffectedOnResize: true
17:04:49.408 [FXGL Background Thread 3 ] DEBUG Engine               - isSingleStep: false
17:04:49.408 [FXGL Background Thread 3 ] DEBUG Engine               - isUserProfileEnabled: false
17:04:49.408 [FXGL Background Thread 3 ] DEBUG Engine               - isWindows: true
17:04:49.408 [FXGL Background Thread 3 ] DEBUG Engine               - language: ObjectProperty [value: ENGLISH]
17:04:49.408 [FXGL Background Thread 3 ] DEBUG Engine               - menuKey: ESCAPE
17:04:49.408 [FXGL Background Thread 3 ] DEBUG Engine               - mouseSensitivity: 0.2
17:04:49.408 [FXGL Background Thread 3 ] DEBUG Engine               - notificationViewClass: class com.almasb.fxgl.notification.view.XboxNotificationView
17:04:49.408 [FXGL Background Thread 3 ] DEBUG Engine               - pixelsPerMeter: 50.0
17:04:49.408 [FXGL Background Thread 3 ] DEBUG Engine               - platform: WINDOWS
17:04:49.409 [FXGL Background Thread 3 ] DEBUG Engine               - prefHeightProperty: ReadOnlyDoubleProperty [value: 1080.0]
17:04:49.409 [FXGL Background Thread 3 ] DEBUG Engine               - prefWidthProperty: ReadOnlyDoubleProperty [value: 1920.0]
17:04:49.409 [FXGL Background Thread 3 ] DEBUG Engine               - profileDir: profiles/
17:04:49.409 [FXGL Background Thread 3 ] DEBUG Engine               - profileName: StringProperty [value: DEFAULT]
17:04:49.409 [FXGL Background Thread 3 ] DEBUG Engine               - randomSeed: -1
17:04:49.409 [FXGL Background Thread 3 ] DEBUG Engine               - runtimeInfo: RuntimeInfo(platform=WINDOWS, version=11.17, build=16.07.2021 15.46)
17:04:49.409 [FXGL Background Thread 3 ] DEBUG Engine               - saveFileExt: sav
17:04:49.409 [FXGL Background Thread 3 ] DEBUG Engine               - scaledHeightProp$fxgl: DoubleProperty [bound, value: 720.0]
17:04:49.409 [FXGL Background Thread 3 ] DEBUG Engine               - scaledWidthProp$fxgl: DoubleProperty [bound, value: 1255.0]
17:04:49.409 [FXGL Background Thread 3 ] DEBUG Engine               - sceneFactory: com.example.demo.MySceneFactory@26c90261
17:04:49.409 [FXGL Background Thread 3 ] DEBUG Engine               - secondsIn24h: 60
17:04:49.409 [FXGL Background Thread 3 ] DEBUG Engine               - soundMenuBack: menu/back.wav
17:04:49.409 [FXGL Background Thread 3 ] DEBUG Engine               - soundMenuPress: menu/press.wav
17:04:49.409 [FXGL Background Thread 3 ] DEBUG Engine               - soundMenuSelect: menu/select.wav
17:04:49.409 [FXGL Background Thread 3 ] DEBUG Engine               - soundNotification: core/notification.wav
17:04:49.409 [FXGL Background Thread 3 ] DEBUG Engine               - stageStyle: DECORATED
17:04:49.410 [FXGL Background Thread 3 ] DEBUG Engine               - supportedLanguages: [ENGLISH, FRENCH, GERMAN, HUNGARIAN, RUSSIAN]
17:04:49.410 [FXGL Background Thread 3 ] DEBUG Engine               - ticksPerSecond: -1
17:04:49.410 [FXGL Background Thread 3 ] DEBUG Engine               - title: Stictactics
17:04:49.410 [FXGL Background Thread 3 ] DEBUG Engine               - urlGithub: https://github.com/AlmasB/FXGL
17:04:49.410 [FXGL Background Thread 3 ] DEBUG Engine               - urlLeaderboard: http://fxgl-top.herokuapp.com/
17:04:49.410 [FXGL Background Thread 3 ] DEBUG Engine               - urlPOM: https://raw.githubusercontent.com/AlmasB/FXGL/release/README.md
17:04:49.410 [FXGL Background Thread 3 ] DEBUG Engine               - userAppClass: class com.example.demo.HelloApplication
17:04:49.410 [FXGL Background Thread 3 ] DEBUG Engine               - version: 0.0
17:04:49.410 [FXGL Background Thread 3 ] DEBUG Engine               - versionCheckDays: 7
17:04:49.410 [FXGL Background Thread 3 ] DEBUG Engine               - width: 1920
17:04:49.410 [FXGL Background Thread 3 ] DEBUG Engine               - Logging services
17:04:49.410 [FXGL Background Thread 3 ] DEBUG Engine               - class com.almasb.fxgl.app.services.FXGLAssetLoaderService
17:04:49.410 [FXGL Background Thread 3 ] DEBUG Engine               - class com.almasb.fxgl.app.FXGLApplication$GameApplicationService
17:04:49.410 [FXGL Background Thread 3 ] DEBUG Engine               - class com.almasb.fxgl.app.services.FXGLDialogService
17:04:49.410 [FXGL Background Thread 3 ] DEBUG Engine               - class com.almasb.fxgl.app.services.IOTaskExecutorService
17:04:49.410 [FXGL Background Thread 3 ] DEBUG Engine               - class com.almasb.fxgl.io.FileSystemService
17:04:49.410 [FXGL Background Thread 3 ] DEBUG Engine               - class com.almasb.fxgl.localization.LocalizationService
17:04:49.410 [FXGL Background Thread 3 ] DEBUG Engine               - class com.almasb.fxgl.app.services.SystemBundleService
17:04:49.410 [FXGL Background Thread 3 ] DEBUG Engine               - class com.almasb.fxgl.profile.SaveLoadService
17:04:49.410 [FXGL Background Thread 3 ] DEBUG Engine               - class com.almasb.fxgl.ui.FXGLUIFactoryServiceProvider
17:04:49.410 [FXGL Background Thread 3 ] DEBUG Engine               - class com.almasb.fxgl.ui.FXGLDialogFactoryServiceProvider
17:04:49.410 [FXGL Background Thread 3 ] DEBUG Engine               - class com.almasb.fxgl.audio.AudioPlayer
17:04:49.410 [FXGL Background Thread 3 ] DEBUG Engine               - class com.almasb.fxgl.notification.impl.NotificationServiceProvider
17:04:49.410 [FXGL Background Thread 3 ] DEBUG Engine               - class com.almasb.fxgl.achievement.AchievementService
17:04:49.410 [FXGL Background Thread 3 ] DEBUG Engine               - class com.almasb.fxgl.cutscene.CutsceneService
17:04:49.410 [FXGL Background Thread 3 ] DEBUG Engine               - class com.almasb.fxgl.minigames.MiniGameService
17:04:49.410 [FXGL Background Thread 3 ] DEBUG Engine               - class com.almasb.fxgl.net.NetService
17:04:49.410 [FXGL Background Thread 3 ] DEBUG Engine               - class com.almasb.fxgl.app.services.UpdaterService
17:04:49.411 [FXGL Background Thread 3 ] DEBUG Engine               - class com.almasb.fxgl.dev.DevService
17:04:55.689 [JavaFX Application Thread] DEBUG PrimaryStageWindow   - Push state: DialogSubScene
17:04:55.691 [JavaFX Application Thread] DEBUG Input                - Clearing active input actions
17:04:55.692 [JavaFX Application Thread] DEBUG GameApplicationServi - Removing overlay from GameScene and adding to DialogSubScene
17:04:55.692 [JavaFX Application Thread] DEBUG PrimaryStageWindow   - GameScene -> DialogSubScene
17:04:56.302 [JavaFX Application Thread] DEBUG PrimaryStageWindow   - Pop state: DialogSubScene
17:04:56.302 [JavaFX Application Thread] DEBUG Input                - Clearing active input actions
17:04:56.302 [JavaFX Application Thread] DEBUG GameApplicationServi - Removing overlay from DialogSubScene and adding to GameScene
17:04:56.304 [JavaFX Application Thread] DEBUG PrimaryStageWindow   - GameScene <- DialogSubScene
17:04:56.304 [JavaFX Application Thread] DEBUG FXGLApplication      - Exiting FXGL
17:04:56.304 [JavaFX Application Thread] DEBUG LoopRunner           - Stopping loop
17:04:56.304 [JavaFX Application Thread] DEBUG SystemBundleService  - Saving FXGL system data
17:04:56.345 [JavaFX Application Thread] DEBUG FileSystemAccess     - Writing to: C:\Users\zyla\demoGame4OOP\system\fxgl.bundle
17:04:56.349 [JavaFX Application Thread] DEBUG Async                - Shutting down background threads
17:04:56.349 [JavaFX Application Thread] DEBUG PrimaryStageWindow   - Closing main window
17:04:56.370 [JavaFX Application Thread] DEBUG Logger               - Closing Logger
