16:01:51.556 [main                     ] DEBUG Logger               - Configured Logger
16:01:51.559 [main                     ] DEBUG GameApplication      - Logging settings
Title: Stictactics
Version: 0.0
Width: 1920
Height: 1080
Fullscreen: false
Intro: false
Profiling: false
Single step:false
App Mode: DEVELOPER
Menu Key: ESCAPE
Stage Style: DECORATED
Scene Factory: class com.example.demo.MySceneFactory

16:01:52.072 [JavaFX Application Thread] DEBUG FXGLApplication      - Initializing FXGL
16:01:52.074 [JavaFX Application Thread] INFO  Engine               - FXGL-11.17 (16.07.2021 15.46) on WINDOWS (J:23.0.2 FX:17.0.6)
16:01:52.075 [JavaFX Application Thread] DEBUG Engine               - JRE Vendor Name: Amazon.com Inc.
16:01:52.075 [JavaFX Application Thread] DEBUG Engine               - Running on OS: Windows 11 version 10.0
16:01:52.075 [JavaFX Application Thread] DEBUG Engine               - Architecture: amd64
16:01:52.075 [JavaFX Application Thread] INFO  Engine               - Source code and latest versions at: https://github.com/AlmasB/FXGL
16:01:52.075 [JavaFX Application Thread] INFO  Engine               -              Join the FXGL chat at: https://gitter.im/AlmasB/FXGL
16:01:52.211 [JavaFX Application Thread] DEBUG PrimaryStageWindow   - Creating a JavaFX scene
16:01:52.211 [JavaFX Application Thread] DEBUG PrimaryStageWindow   - Target size > screen size
16:01:52.279 [JavaFX Application Thread] DEBUG PrimaryStageWindow   - Target settings size: 1920.0 x 1080.0
16:01:52.279 [JavaFX Application Thread] DEBUG PrimaryStageWindow   - Scaled scene size:    1255.0 x 720.0
16:01:52.279 [JavaFX Application Thread] DEBUG PrimaryStageWindow   - Scaled ratio: (0.6536458333333334, 0.6666666666666666)
16:01:52.280 [JavaFX Application Thread] DEBUG PrimaryStageWindow   - Set initial scene to FXGLStartupScene
16:01:52.291 [JavaFX Application Thread] DEBUG PrimaryStageWindow   - Opening main window
16:01:52.423 [JavaFX Application Thread] DEBUG PrimaryStageWindow   - Window border size: (16.0, 39.0)
16:01:52.423 [JavaFX Application Thread] DEBUG PrimaryStageWindow   - Scaled size: 1255.0 x 720.0
16:01:52.423 [JavaFX Application Thread] DEBUG PrimaryStageWindow   - Scaled ratio: (0.6536458333333334, 0.6666666666666666)
16:01:52.423 [JavaFX Application Thread] DEBUG PrimaryStageWindow   - Scene size: 1255.0 x 720.0
16:01:52.423 [JavaFX Application Thread] DEBUG PrimaryStageWindow   - Stage size: 1271.0 x 759.0
16:01:52.462 [FXGL Background Thread 1 ] DEBUG Engine               - Initializing environment variables
16:01:52.617 [FXGL Background Thread 1 ] DEBUG FXGLAssetLoaderServi - User app class for loading assets: class com.example.demo.HelloController
16:01:52.617 [FXGL Background Thread 1 ] DEBUG GameApplicationServi - Applying CSS: fxgl_dark.css
16:01:52.618 [FXGL Background Thread 1 ] DEBUG FXGLAssetLoaderServi - Loading from file system: jar:file:///C:/Users/zyla/.m2/repository/com/github/almasb/fxgl/11.17/fxgl-11.17.jar!/fxglassets/ui/css/fxgl_dark.css
16:01:52.698 [FXGL Background Thread 1 ] DEBUG GameApplicationServi - Initializing application scenes
16:01:52.847 [FXGL Background Thread 1 ] DEBUG GameWorld            - Game world initialized
16:01:52.934 [FXGL Background Thread 1 ] DEBUG PhysicsWorld         - Physics world initialized: appHeight=1080, physics.ppm=50.0
16:01:52.935 [FXGL Background Thread 1 ] DEBUG PhysicsWorld         - Using strategy: BRUTE_FORCE
16:01:52.940 [FXGL Background Thread 1 ] DEBUG GameScene            - Game scene initialized: 1920x1080
16:01:53.186 [FXGL Background Thread 1 ] DEBUG GameApplicationServi - Application scenes initialized
16:01:53.205 [FXGL Background Thread 1 ] DEBUG SystemBundleService  - Loading FXGL system data
16:01:53.213 [FXGL Background Thread 1 ] DEBUG FileSystemAccess     - Reading from: C:\Users\zyla\demoGame4OOP\system\fxgl.bundle
16:01:53.228 [FXGL Background Thread 1 ] DEBUG SystemBundleService  - Bundle FXGL: {}
16:01:53.228 [FXGL Background Thread 1 ] DEBUG UpdaterService       - Checking for updates
16:01:53.236 [FXGL Background Thread 1 ] DEBUG FXGLApplication      - Loading default localization
16:01:53.236 [FXGL Background Thread 1 ] DEBUG FXGLAssetLoaderServi - Loading from file system: jar:file:///C:/Users/zyla/.m2/repository/com/github/almasb/fxgl/11.17/fxgl-11.17.jar!/fxglassets/languages/english.lang
16:01:53.238 [FXGL Background Thread 4 ] DEBUG FXGLApplication      - Loading fonts
16:01:53.238 [FXGL Background Thread 4 ] DEBUG FXGLAssetLoaderServi - Loading from file system: jar:file:///C:/Users/zyla/.m2/repository/com/github/almasb/fxgl/11.17/fxgl-11.17.jar!/fxglassets/ui/fonts/VarelaRound-Regular.ttf
16:01:53.278 [FXGL Background Thread 1 ] INFO  FXGLApplication      - FXGL initialization took: 0.816 sec
16:01:53.291 [JavaFX Application Thread] DEBUG Input                - Registered new binding: Pause Game - Esc
16:01:53.291 [JavaFX Application Thread] DEBUG Input                - Registered new binding: P1Left - A
16:01:53.292 [JavaFX Application Thread] DEBUG Input                - Registered new binding: P1Right - D
16:01:53.294 [JavaFX Application Thread] DEBUG Input                - Registered new binding: P1Jump - W
16:01:53.294 [JavaFX Application Thread] DEBUG Input                - Registered new binding: P1Punch - F
16:01:53.294 [JavaFX Application Thread] DEBUG Input                - Registered new binding: P1EnhancedPunch - E
16:01:53.294 [JavaFX Application Thread] DEBUG Input                - Registered new binding: P1Ult - Q
16:01:53.294 [JavaFX Application Thread] DEBUG Input                - Registered new binding: P2Left - Left
16:01:53.294 [JavaFX Application Thread] DEBUG Input                - Registered new binding: P2Right - Right
16:01:53.295 [JavaFX Application Thread] DEBUG Input                - Registered new binding: P2Jump - Up
16:01:53.295 [JavaFX Application Thread] DEBUG Input                - Registered new binding: P2Punch - H
16:01:53.297 [JavaFX Application Thread] DEBUG Input                - Registered new binding: P2EnhancedPunch - U
16:01:53.297 [JavaFX Application Thread] DEBUG Input                - Registered new binding: P2Ult - O
16:01:53.302 [JavaFX Application Thread] WARN  FXGLAssetLoaderServi - Asset "/assets/textures//assets/textures/background-intro.mp4" was not found!
16:01:53.302 [JavaFX Application Thread] WARN  FXGLAssetLoaderServi - Failed to load IMAGE
16:01:53.352 [JavaFX Application Thread] DEBUG FXGLAssetLoaderServi - Loading from file system: jar:file:///C:/Users/zyla/.m2/repository/com/github/almasb/fxgl/11.17/fxgl-11.17.jar!/fxglassets/textures/fxgl_icon.png
16:01:53.436 [JavaFX Application Thread] DEBUG FXGLAssetLoaderServi - Loading from file system: jar:file:///C:/Users/zyla/.m2/repository/com/github/almasb/fxgl/11.17/fxgl-11.17.jar!/fxglassets/textures/fxgl_default_cursor.png
16:01:53.441 [JavaFX Application Thread] DEBUG Input                - Registered new binding: Screenshot - CTRL+8
16:01:53.441 [JavaFX Application Thread] DEBUG Input                - Registered new binding: System info dump - CTRL+9
16:01:53.442 [JavaFX Application Thread] DEBUG Input                - Registered new binding: Restart - CTRL+R
16:01:53.443 [JavaFX Application Thread] DEBUG Input                - Registered new binding: Toggle Debug Camera - CTRL+C
16:01:53.445 [JavaFX Application Thread] DEBUG LoopRunner           - Starting loop
16:01:53.445 [JavaFX Application Thread] DEBUG LoopRunner           - Initializing JavaFX AnimationTimerLoop
16:01:53.451 [JavaFX Application Thread] DEBUG Input                - Clearing active input actions
16:01:53.479 [JavaFX Application Thread] DEBUG GameApplicationServi - Removing overlay from FXGLStartupScene and adding to FXGLMainMenuDummyScene
16:01:53.479 [JavaFX Application Thread] DEBUG PrimaryStageWindow   - FXGLStartupScene -> FXGLMainMenuDummyScene
16:01:53.479 [JavaFX Application Thread] DEBUG PrimaryStageWindow   - Push state: CustomMainMenu
16:01:53.479 [JavaFX Application Thread] DEBUG Input                - Clearing active input actions
16:01:53.487 [JavaFX Application Thread] DEBUG GameApplicationServi - Removing overlay from FXGLMainMenuDummyScene and adding to CustomMainMenu
16:01:53.488 [JavaFX Application Thread] DEBUG PrimaryStageWindow   - FXGLMainMenuDummyScene -> CustomMainMenu
16:01:53.771 [FXGL Background Thread 4 ] DEBUG FXGLAssetLoaderServi - Loading from file system: jar:file:///C:/Users/zyla/.m2/repository/com/github/almasb/fxgl/11.17/fxgl-11.17.jar!/fxglassets/ui/fonts/Abel-Regular.ttf
16:01:53.803 [FXGL Background Thread 4 ] DEBUG FXGLAssetLoaderServi - Loading from file system: jar:file:///C:/Users/zyla/.m2/repository/com/github/almasb/fxgl/11.17/fxgl-11.17.jar!/fxglassets/ui/fonts/lucida_console.ttf
16:01:53.835 [FXGL Background Thread 4 ] DEBUG FXGLAssetLoaderServi - Loading from file system: jar:file:///C:/Users/zyla/.m2/repository/com/github/almasb/fxgl/11.17/fxgl-11.17.jar!/fxglassets/ui/fonts/Courier-Prime.ttf
16:01:53.859 [JavaFX Application Thread] DEBUG FXGLApplication      - Registering font factories with UI factory
16:01:54.458 [JavaFX Application Thread] DEBUG PrimaryStageWindow   - Push state: DialogSubScene
16:01:54.458 [JavaFX Application Thread] DEBUG Input                - Clearing active input actions
16:01:54.462 [JavaFX Application Thread] DEBUG GameApplicationServi - Removing overlay from CustomMainMenu and adding to DialogSubScene
16:01:54.463 [JavaFX Application Thread] DEBUG PrimaryStageWindow   - CustomMainMenu -> DialogSubScene
16:01:54.767 [FXGL Background Thread 2 ] INFO  UpdaterService       - Your current version:  11.17
16:01:54.767 [FXGL Background Thread 2 ] INFO  UpdaterService       - Latest stable version: 21.1
16:01:55.240 [JavaFX Application Thread] DEBUG PrimaryStageWindow   - Pop state: DialogSubScene
16:01:55.240 [JavaFX Application Thread] DEBUG Input                - Clearing active input actions
16:01:55.241 [JavaFX Application Thread] DEBUG GameApplicationServi - Removing overlay from DialogSubScene and adding to CustomMainMenu
16:01:55.241 [JavaFX Application Thread] DEBUG PrimaryStageWindow   - CustomMainMenu <- DialogSubScene
16:01:55.241 [JavaFX Application Thread] DEBUG FXGLApplication      - Exiting FXGL
16:01:55.241 [JavaFX Application Thread] DEBUG LoopRunner           - Stopping loop
16:01:55.241 [JavaFX Application Thread] DEBUG SystemBundleService  - Saving FXGL system data
16:01:55.244 [JavaFX Application Thread] DEBUG FileSystemAccess     - Writing to: C:\Users\zyla\demoGame4OOP\system\fxgl.bundle
16:01:55.248 [JavaFX Application Thread] DEBUG Async                - Shutting down background threads
16:01:55.248 [JavaFX Application Thread] DEBUG PrimaryStageWindow   - Closing main window
16:01:55.273 [JavaFX Application Thread] DEBUG Logger               - Closing Logger
