20:11:46.971 [main                     ] DEBUG Logger               - Configured Logger
20:11:46.973 [main                     ] DEBUG GameApplication      - Logging settings
Title: Stictactics
Version: 0.0
Width: 1920
Height: 1080
Fullscreen: false
Intro: false
Profiling: false
Single step:false
App Mode: DEVELOPER
Menu Key: ESCAPE
Stage Style: DECORATED
Scene Factory: class com.example.demo.MySceneFactory

20:11:47.360 [JavaFX Application Thread] DEBUG FXGLApplication      - Initializing FXGL
20:11:47.361 [JavaFX Application Thread] INFO  Engine               - FXGL-11.17 (16.07.2021 15.46) on WINDOWS (J:23.0.2 FX:17.0.6)
20:11:47.362 [JavaFX Application Thread] DEBUG Engine               - JRE Vendor Name: Amazon.com Inc.
20:11:47.362 [JavaFX Application Thread] DEBUG Engine               - Running on OS: Windows 11 version 10.0
20:11:47.362 [JavaFX Application Thread] DEBUG Engine               - Architecture: amd64
20:11:47.362 [JavaFX Application Thread] INFO  Engine               - Source code and latest versions at: https://github.com/AlmasB/FXGL
20:11:47.362 [JavaFX Application Thread] INFO  Engine               -              Join the FXGL chat at: https://gitter.im/AlmasB/FXGL
20:11:47.462 [JavaFX Application Thread] DEBUG PrimaryStageWindow   - Creating a JavaFX scene
20:11:47.462 [JavaFX Application Thread] DEBUG PrimaryStageWindow   - Target size > screen size
20:11:47.511 [JavaFX Application Thread] DEBUG PrimaryStageWindow   - Target settings size: 1920.0 x 1080.0
20:11:47.511 [JavaFX Application Thread] DEBUG PrimaryStageWindow   - Scaled scene size:    1255.0 x 720.0
20:11:47.511 [JavaFX Application Thread] DEBUG PrimaryStageWindow   - Scaled ratio: (0.6536458333333334, 0.6666666666666666)
20:11:47.511 [JavaFX Application Thread] DEBUG PrimaryStageWindow   - Set initial scene to FXGLStartupScene
20:11:47.520 [JavaFX Application Thread] DEBUG PrimaryStageWindow   - Opening main window
20:11:47.619 [JavaFX Application Thread] DEBUG PrimaryStageWindow   - Window border size: (16.0, 39.0)
20:11:47.619 [JavaFX Application Thread] DEBUG PrimaryStageWindow   - Scaled size: 1255.0 x 720.0
20:11:47.619 [JavaFX Application Thread] DEBUG PrimaryStageWindow   - Scaled ratio: (0.6536458333333334, 0.6666666666666666)
20:11:47.619 [JavaFX Application Thread] DEBUG PrimaryStageWindow   - Scene size: 1255.0 x 720.0
20:11:47.619 [JavaFX Application Thread] DEBUG PrimaryStageWindow   - Stage size: 1271.0 x 759.0
20:11:47.650 [FXGL Background Thread 1 ] DEBUG Engine               - Initializing environment variables
20:11:47.772 [FXGL Background Thread 1 ] DEBUG FXGLAssetLoaderServi - User app class for loading assets: class com.example.demo.HelloApplication
20:11:47.773 [FXGL Background Thread 1 ] DEBUG GameApplicationServi - Applying CSS: fxgl_dark.css
20:11:47.773 [FXGL Background Thread 1 ] DEBUG FXGLAssetLoaderServi - Loading from file system: jar:file:///C:/Users/zyla/.m2/repository/com/github/almasb/fxgl/11.17/fxgl-11.17.jar!/fxglassets/ui/css/fxgl_dark.css
20:11:47.840 [FXGL Background Thread 1 ] DEBUG GameApplicationServi - Initializing application scenes
20:11:47.944 [FXGL Background Thread 1 ] DEBUG GameWorld            - Game world initialized
20:11:48.023 [FXGL Background Thread 1 ] DEBUG PhysicsWorld         - Physics world initialized: appHeight=1080, physics.ppm=50.0
20:11:48.024 [FXGL Background Thread 1 ] DEBUG PhysicsWorld         - Using strategy: BRUTE_FORCE
20:11:48.027 [FXGL Background Thread 1 ] DEBUG GameScene            - Game scene initialized: 1920x1080
20:11:48.192 [FXGL Background Thread 1 ] DEBUG GameApplicationServi - Application scenes initialized
20:11:48.207 [FXGL Background Thread 1 ] DEBUG SystemBundleService  - Loading FXGL system data
20:11:48.214 [FXGL Background Thread 1 ] DEBUG FileSystemAccess     - Reading from: C:\Users\zyla\demoGame4OOP\system\fxgl.bundle
20:11:48.224 [FXGL Background Thread 1 ] DEBUG SystemBundleService  - Bundle FXGL: {}
20:11:48.224 [FXGL Background Thread 1 ] DEBUG UpdaterService       - Checking for updates
20:11:48.233 [FXGL Background Thread 1 ] DEBUG FXGLApplication      - Loading default localization
20:11:48.233 [FXGL Background Thread 1 ] DEBUG FXGLAssetLoaderServi - Loading from file system: jar:file:///C:/Users/zyla/.m2/repository/com/github/almasb/fxgl/11.17/fxgl-11.17.jar!/fxglassets/languages/english.lang
20:11:48.287 [FXGL Background Thread 1 ] INFO  FXGLApplication      - FXGL initialization took: 0.637 sec
20:11:48.305 [JavaFX Application Thread] DEBUG Input                - Registered new binding: P1Left - A
20:11:48.305 [JavaFX Application Thread] DEBUG Input                - Registered new binding: P1Right - D
20:11:48.306 [JavaFX Application Thread] DEBUG Input                - Registered new binding: P1Jump - W
20:11:48.306 [JavaFX Application Thread] DEBUG Input                - Registered new binding: P1Punch - F
20:11:48.306 [JavaFX Application Thread] DEBUG Input                - Registered new binding: P1EnhancedPunch - E
20:11:48.306 [JavaFX Application Thread] DEBUG Input                - Registered new binding: P1Ult - Q
20:11:48.306 [JavaFX Application Thread] DEBUG Input                - Registered new binding: P2Left - J
20:11:48.306 [JavaFX Application Thread] DEBUG Input                - Registered new binding: P2Right - L
20:11:48.306 [JavaFX Application Thread] DEBUG Input                - Registered new binding: P2Jump - I
20:11:48.307 [JavaFX Application Thread] DEBUG Input                - Registered new binding: P2Punch - H
20:11:48.307 [JavaFX Application Thread] DEBUG Input                - Registered new binding: P2EnhancedPunch - U
20:11:48.307 [JavaFX Application Thread] DEBUG Input                - Registered new binding: P2Ult - O
20:11:48.317 [FXGL Background Thread 4 ] DEBUG FXGLApplication      - Loading fonts
20:11:48.318 [FXGL Background Thread 4 ] DEBUG FXGLAssetLoaderServi - Loading from file system: jar:file:///C:/Users/zyla/.m2/repository/com/github/almasb/fxgl/11.17/fxgl-11.17.jar!/fxglassets/ui/fonts/VarelaRound-Regular.ttf
20:11:48.320 [JavaFX Application Thread] WARN  FXGLAssetLoaderServi - Asset "/assets/textures//assets/textures/background-intro.mp4" was not found!
20:11:48.321 [JavaFX Application Thread] WARN  FXGLAssetLoaderServi - Failed to load IMAGE
20:11:48.407 [JavaFX Application Thread] DEBUG FXGLAssetLoaderServi - Loading from file system: jar:file:///C:/Users/zyla/.m2/repository/com/github/almasb/fxgl/11.17/fxgl-11.17.jar!/fxglassets/textures/fxgl_icon.png
20:11:48.473 [JavaFX Application Thread] DEBUG FXGLAssetLoaderServi - Loading from file system: jar:file:///C:/Users/zyla/.m2/repository/com/github/almasb/fxgl/11.17/fxgl-11.17.jar!/fxglassets/textures/fxgl_default_cursor.png
20:11:48.480 [JavaFX Application Thread] DEBUG Input                - Registered new binding: Screenshot - CTRL+8
20:11:48.480 [JavaFX Application Thread] DEBUG Input                - Registered new binding: System info dump - CTRL+9
20:11:48.480 [JavaFX Application Thread] DEBUG Input                - Registered new binding: Restart - CTRL+R
20:11:48.480 [JavaFX Application Thread] DEBUG Input                - Registered new binding: Toggle Debug Camera - CTRL+C
20:11:48.483 [JavaFX Application Thread] DEBUG LoopRunner           - Starting loop
20:11:48.483 [JavaFX Application Thread] DEBUG LoopRunner           - Initializing JavaFX AnimationTimerLoop
20:11:48.487 [JavaFX Application Thread] DEBUG Input                - Clearing active input actions
20:11:48.506 [JavaFX Application Thread] DEBUG GameApplicationServi - Removing overlay from FXGLStartupScene and adding to FXGLMainMenuDummyScene
20:11:48.506 [JavaFX Application Thread] DEBUG PrimaryStageWindow   - FXGLStartupScene -> FXGLMainMenuDummyScene
20:11:48.506 [JavaFX Application Thread] DEBUG PrimaryStageWindow   - Push state: CustomMainMenu
20:11:48.506 [JavaFX Application Thread] DEBUG Input                - Clearing active input actions
20:11:48.518 [JavaFX Application Thread] DEBUG GameApplicationServi - Removing overlay from FXGLMainMenuDummyScene and adding to CustomMainMenu
20:11:48.519 [JavaFX Application Thread] DEBUG PrimaryStageWindow   - FXGLMainMenuDummyScene -> CustomMainMenu
20:11:48.554 [FXGL Background Thread 4 ] DEBUG FXGLAssetLoaderServi - Loading from file system: jar:file:///C:/Users/zyla/.m2/repository/com/github/almasb/fxgl/11.17/fxgl-11.17.jar!/fxglassets/ui/fonts/Abel-Regular.ttf
20:11:48.573 [FXGL Background Thread 4 ] DEBUG FXGLAssetLoaderServi - Loading from file system: jar:file:///C:/Users/zyla/.m2/repository/com/github/almasb/fxgl/11.17/fxgl-11.17.jar!/fxglassets/ui/fonts/lucida_console.ttf
20:11:48.600 [FXGL Background Thread 4 ] DEBUG FXGLAssetLoaderServi - Loading from file system: jar:file:///C:/Users/zyla/.m2/repository/com/github/almasb/fxgl/11.17/fxgl-11.17.jar!/fxglassets/ui/fonts/Courier-Prime.ttf
20:11:48.802 [JavaFX Application Thread] DEBUG FXGLApplication      - Registering font factories with UI factory
20:11:49.282 [FXGL Background Thread 2 ] INFO  UpdaterService       - Your current version:  11.17
20:11:49.282 [FXGL Background Thread 2 ] INFO  UpdaterService       - Latest stable version: 21.1
20:11:49.409 [JavaFX Application Thread] DEBUG Menu                 - fireNewGame()
20:11:49.410 [JavaFX Application Thread] DEBUG GameApplicationServi - Starting new game
20:11:49.410 [JavaFX Application Thread] DEBUG PrimaryStageWindow   - Pop state: CustomMainMenu
20:11:49.410 [JavaFX Application Thread] DEBUG Input                - Clearing active input actions
20:11:49.411 [JavaFX Application Thread] DEBUG GameApplicationServi - Removing overlay from CustomMainMenu and adding to FXGLMainMenuDummyScene
20:11:49.411 [JavaFX Application Thread] DEBUG PrimaryStageWindow   - FXGLMainMenuDummyScene <- CustomMainMenu
20:11:49.412 [JavaFX Application Thread] DEBUG Input                - Clearing active input actions
20:11:49.421 [JavaFX Application Thread] DEBUG GameApplicationServi - Removing overlay from FXGLMainMenuDummyScene and adding to FXGLLoadingScene
20:11:49.421 [JavaFX Application Thread] DEBUG PrimaryStageWindow   - FXGLMainMenuDummyScene -> FXGLLoadingScene
20:11:49.421 [JavaFX Application Thread] DEBUG GameApplicationServi - Clearing previous game
20:11:49.422 [JavaFX Application Thread] DEBUG GameScene            - Clearing game scene
20:11:49.422 [JavaFX Application Thread] DEBUG GameWorld            - Clearing game world
20:11:49.422 [JavaFX Application Thread] DEBUG PhysicsWorld         - Clearing physics world
20:11:49.424 [FXGL Background Thread 2 ] DEBUG FXGLApplication      - Initializing game
20:11:49.524 [FXGL Background Thread 2 ] WARN  TMXLevelLoader       - TiledMap generated from 1.11.2. Supported version: 1.2.3. Some features may not be parsed fully.
20:11:49.557 [FXGL Background Thread 2 ] DEBUG TMXLevelLoader       - Parsed TiledMap: file:/C:/Users/zyla/demoGame4OOP/target/classes/assets/levels/tmx/map5.tmx
20:11:49.558 [FXGL Background Thread 2 ] DEBUG TMXLevelLoader       - Creating tile layer entities
20:11:49.559 [FXGL Background Thread 2 ] DEBUG TilesetLoader        - Loading view for layer Tile Layer 1
20:11:49.561 [FXGL Background Thread 2 ] DEBUG TilesetLoader        - Created buffer with size 1920.0x1088.0
20:11:49.748 [FXGL Background Thread 2 ] DEBUG TMXLevelLoader       - Creating object layer entities
20:11:49.783 [FXGL Background Thread 2 ] DEBUG GameWorld            - Clearing removable entities
20:11:49.783 [FXGL Background Thread 2 ] DEBUG GameWorld            - Setting level: com.almasb.fxgl.entity.level.Level@1aace21e
20:11:49.839 [FXGL Background Thread 2 ] DEBUG FXGLAssetLoaderServi - Loading from file system: file:/C:/Users/zyla/demoGame4OOP/target/classes/assets/textures/fighter_idle.png
20:11:49.871 [FXGL Background Thread 2 ] DEBUG FXGLAssetLoaderServi - Loading from file system: file:/C:/Users/zyla/demoGame4OOP/target/classes/assets/textures/fighter_walk.png
20:11:49.886 [FXGL Background Thread 2 ] DEBUG FXGLAssetLoaderServi - Loading from file system: file:/C:/Users/zyla/demoGame4OOP/target/classes/assets/textures/fighter_jump.png
20:11:49.897 [FXGL Background Thread 2 ] DEBUG FXGLAssetLoaderServi - Loading from file system: file:/C:/Users/zyla/demoGame4OOP/target/classes/assets/textures/fighter_attack_enhanced.png
20:11:49.907 [FXGL Background Thread 2 ] DEBUG FXGLAssetLoaderServi - Loading from file system: file:/C:/Users/zyla/demoGame4OOP/target/classes/assets/textures/fighter_attack.png
20:11:49.919 [FXGL Background Thread 2 ] DEBUG FXGLAssetLoaderServi - Loading from file system: file:/C:/Users/zyla/demoGame4OOP/target/classes/assets/textures/fighter_ult.png
20:11:49.956 [FXGL Background Thread 2 ] DEBUG FXGLAssetLoaderServi - Loading from file system: file:/C:/Users/zyla/demoGame4OOP/target/classes/assets/textures/fighter_idle_P2.png
20:11:49.967 [FXGL Background Thread 2 ] DEBUG FXGLAssetLoaderServi - Loading from file system: file:/C:/Users/zyla/demoGame4OOP/target/classes/assets/textures/fighter_walk_P2.png
20:11:49.976 [FXGL Background Thread 2 ] DEBUG FXGLAssetLoaderServi - Loading from file system: file:/C:/Users/zyla/demoGame4OOP/target/classes/assets/textures/fighter_attack_enhanced_p2.png
20:11:50.006 [FXGL Background Thread 2 ] DEBUG FXGLAssetLoaderServi - Loading from file system: file:/C:/Users/zyla/demoGame4OOP/target/classes/assets/textures/fighter_jump_P2.png
20:11:50.023 [FXGL Background Thread 2 ] DEBUG FXGLAssetLoaderServi - Loading from file system: file:/C:/Users/zyla/demoGame4OOP/target/classes/assets/textures/fighter_attack_P2.png
20:11:50.049 [FXGL Background Thread 2 ] DEBUG FXGLAssetLoaderServi - Loading from file system: file:/C:/Users/zyla/demoGame4OOP/target/classes/assets/textures/fighter_ult_P2.png
20:11:50.070 [FXGL Background Thread 2 ] INFO  FXGLApplication      - Game initialization took: 0.646 sec
20:11:50.086 [JavaFX Application Thread] DEBUG Input                - Clearing active input actions
20:11:50.114 [JavaFX Application Thread] DEBUG GameApplicationServi - Removing overlay from FXGLLoadingScene and adding to GameScene
20:11:50.115 [JavaFX Application Thread] DEBUG PrimaryStageWindow   - FXGLLoadingScene -> GameScene
20:11:50.565 [JavaFX Application Thread] DEBUG LoopRunner           - Pausing loop
20:11:50.572 [JavaFX Application Thread] DEBUG LoopRunner           - Pausing loop
20:11:51.229 [FXGL Background Thread 3 ] DEBUG Engine               - Logging environment variables
20:11:51.231 [FXGL Background Thread 3 ] DEBUG Engine               - achievements: []
20:11:51.231 [FXGL Background Thread 3 ] DEBUG Engine               - actualHeight: 720.0
20:11:51.232 [FXGL Background Thread 3 ] DEBUG Engine               - actualHeightProperty: ReadOnlyDoubleProperty [value: 720.0]
20:11:51.232 [FXGL Background Thread 3 ] DEBUG Engine               - actualWidth: 1255.0
20:11:51.232 [FXGL Background Thread 3 ] DEBUG Engine               - actualWidthProperty: ReadOnlyDoubleProperty [value: 1255.0]
20:11:51.232 [FXGL Background Thread 3 ] DEBUG Engine               - appIcon: fxgl_icon.png
20:11:51.233 [FXGL Background Thread 3 ] DEBUG Engine               - applicationMode: DEVELOPER
20:11:51.233 [FXGL Background Thread 3 ] DEBUG Engine               - cSSList: [fxgl_dark.css]
20:11:51.233 [FXGL Background Thread 3 ] DEBUG Engine               - collisionDetectionStrategy: BRUTE_FORCE
20:11:51.233 [FXGL Background Thread 3 ] DEBUG Engine               - configClass: Optional.empty
20:11:51.234 [FXGL Background Thread 3 ] DEBUG Engine               - credits: []
20:11:51.234 [FXGL Background Thread 3 ] DEBUG Engine               - defaultCursor: CursorInfo(imageName=fxgl_default_cursor.png, hotspotX=7.0, hotspotY=6.0)
20:11:51.235 [FXGL Background Thread 3 ] DEBUG Engine               - devBBoxColorProperty: ObjectProperty [value: 0xff0000ff]
20:11:51.235 [FXGL Background Thread 3 ] DEBUG Engine               - devEnableDebugCameraProperty: BooleanProperty [value: false]
20:11:51.235 [FXGL Background Thread 3 ] DEBUG Engine               - devSensorColorProperty: ObjectProperty [value: 0xffff00ff]
20:11:51.235 [FXGL Background Thread 3 ] DEBUG Engine               - devShowBBoxProperty: BooleanProperty [value: false]
20:11:51.235 [FXGL Background Thread 3 ] DEBUG Engine               - devShowPositionProperty: BooleanProperty [value: false]
20:11:51.236 [FXGL Background Thread 3 ] DEBUG Engine               - enabledMenuItems: []
20:11:51.236 [FXGL Background Thread 3 ] DEBUG Engine               - engineServices: [class com.almasb.fxgl.app.services.FXGLAssetLoaderService, class com.almasb.fxgl.app.FXGLApplication$GameApplicationService, class com.almasb.fxgl.app.services.FXGLDialogService, class com.almasb.fxgl.app.services.IOTaskExecutorService, class com.almasb.fxgl.io.FileSystemService, class com.almasb.fxgl.localization.LocalizationService, class com.almasb.fxgl.app.services.SystemBundleService, class com.almasb.fxgl.profile.SaveLoadService, class com.almasb.fxgl.ui.FXGLUIFactoryServiceProvider, class com.almasb.fxgl.ui.FXGLDialogFactoryServiceProvider, class com.almasb.fxgl.audio.AudioPlayer, class com.almasb.fxgl.notification.impl.NotificationServiceProvider, class com.almasb.fxgl.achievement.AchievementService, class com.almasb.fxgl.cutscene.CutsceneService, class com.almasb.fxgl.minigames.MiniGameService, class com.almasb.fxgl.net.NetService, class com.almasb.fxgl.app.services.UpdaterService, class com.almasb.fxgl.dev.DevService]
20:11:51.236 [FXGL Background Thread 3 ] DEBUG Engine               - fontGame: Abel-Regular.ttf
20:11:51.236 [FXGL Background Thread 3 ] DEBUG Engine               - fontMono: lucida_console.ttf
20:11:51.236 [FXGL Background Thread 3 ] DEBUG Engine               - fontText: Courier-Prime.ttf
20:11:51.236 [FXGL Background Thread 3 ] DEBUG Engine               - fontUI: VarelaRound-Regular.ttf
20:11:51.236 [FXGL Background Thread 3 ] DEBUG Engine               - fullScreen: BooleanProperty [value: false]
20:11:51.236 [FXGL Background Thread 3 ] DEBUG Engine               - gameDifficulty: MEDIUM
20:11:51.236 [FXGL Background Thread 3 ] DEBUG Engine               - gameDifficultyProperty: ObjectProperty [value: MEDIUM]
20:11:51.236 [FXGL Background Thread 3 ] DEBUG Engine               - globalMusicVolume: 0.5
20:11:51.237 [FXGL Background Thread 3 ] DEBUG Engine               - globalMusicVolumeProperty: DoubleProperty [value: 0.5]
20:11:51.237 [FXGL Background Thread 3 ] DEBUG Engine               - globalSoundVolume: 0.5
20:11:51.238 [FXGL Background Thread 3 ] DEBUG Engine               - globalSoundVolumeProperty: DoubleProperty [value: 0.5]
20:11:51.238 [FXGL Background Thread 3 ] DEBUG Engine               - height: 1080
20:11:51.238 [FXGL Background Thread 3 ] DEBUG Engine               - is3D: false
20:11:51.238 [FXGL Background Thread 3 ] DEBUG Engine               - isAndroid: false
20:11:51.239 [FXGL Background Thread 3 ] DEBUG Engine               - isBrowser: false
20:11:51.239 [FXGL Background Thread 3 ] DEBUG Engine               - isClickFeedbackEnabled: false
20:11:51.239 [FXGL Background Thread 3 ] DEBUG Engine               - isCloseConfirmation: true
20:11:51.239 [FXGL Background Thread 3 ] DEBUG Engine               - isDesktop: true
20:11:51.240 [FXGL Background Thread 3 ] DEBUG Engine               - isDeveloperMenuEnabled: false
20:11:51.240 [FXGL Background Thread 3 ] DEBUG Engine               - isEntityPreloadEnabled: true
20:11:51.241 [FXGL Background Thread 3 ] DEBUG Engine               - isExperimentalTiledLargeMap: false
20:11:51.241 [FXGL Background Thread 3 ] DEBUG Engine               - isFileSystemWriteAllowed: true
20:11:51.241 [FXGL Background Thread 3 ] DEBUG Engine               - isFullScreenAllowed: false
20:11:51.241 [FXGL Background Thread 3 ] DEBUG Engine               - isFullScreenFromStart: false
20:11:51.242 [FXGL Background Thread 3 ] DEBUG Engine               - isGameMenuEnabled: false
20:11:51.242 [FXGL Background Thread 3 ] DEBUG Engine               - isIOS: false
20:11:51.242 [FXGL Background Thread 3 ] DEBUG Engine               - isIntroEnabled: false
20:11:51.242 [FXGL Background Thread 3 ] DEBUG Engine               - isLinux: false
20:11:51.243 [FXGL Background Thread 3 ] DEBUG Engine               - isMac: false
20:11:51.243 [FXGL Background Thread 3 ] DEBUG Engine               - isMainMenuEnabled: true
20:11:51.243 [FXGL Background Thread 3 ] DEBUG Engine               - isManualResizeEnabled: false
20:11:51.243 [FXGL Background Thread 3 ] DEBUG Engine               - isMobile: false
20:11:51.244 [FXGL Background Thread 3 ] DEBUG Engine               - isNative: false
20:11:51.244 [FXGL Background Thread 3 ] DEBUG Engine               - isPauseMusicWhenMinimized: true
20:11:51.245 [FXGL Background Thread 3 ] DEBUG Engine               - isPreserveResizeRatio: false
20:11:51.245 [FXGL Background Thread 3 ] DEBUG Engine               - isProfilingEnabled: false
20:11:51.245 [FXGL Background Thread 3 ] DEBUG Engine               - isScaleAffectedOnResize: true
20:11:51.245 [FXGL Background Thread 3 ] DEBUG Engine               - isSingleStep: false
20:11:51.246 [FXGL Background Thread 3 ] DEBUG Engine               - isUserProfileEnabled: false
20:11:51.246 [FXGL Background Thread 3 ] DEBUG Engine               - isWindows: true
20:11:51.246 [FXGL Background Thread 3 ] DEBUG Engine               - language: ObjectProperty [value: ENGLISH]
20:11:51.246 [FXGL Background Thread 3 ] DEBUG Engine               - menuKey: ESCAPE
20:11:51.247 [FXGL Background Thread 3 ] DEBUG Engine               - mouseSensitivity: 0.2
20:11:51.247 [FXGL Background Thread 3 ] DEBUG Engine               - notificationViewClass: class com.almasb.fxgl.notification.view.XboxNotificationView
20:11:51.247 [FXGL Background Thread 3 ] DEBUG Engine               - pixelsPerMeter: 50.0
20:11:51.247 [FXGL Background Thread 3 ] DEBUG Engine               - platform: WINDOWS
20:11:51.248 [FXGL Background Thread 3 ] DEBUG Engine               - prefHeightProperty: ReadOnlyDoubleProperty [value: 1080.0]
20:11:51.248 [FXGL Background Thread 3 ] DEBUG Engine               - prefWidthProperty: ReadOnlyDoubleProperty [value: 1920.0]
20:11:51.248 [FXGL Background Thread 3 ] DEBUG Engine               - profileDir: profiles/
20:11:51.248 [FXGL Background Thread 3 ] DEBUG Engine               - profileName: StringProperty [value: DEFAULT]
20:11:51.249 [FXGL Background Thread 3 ] DEBUG Engine               - randomSeed: -1
20:11:51.249 [FXGL Background Thread 3 ] DEBUG Engine               - runtimeInfo: RuntimeInfo(platform=WINDOWS, version=11.17, build=16.07.2021 15.46)
20:11:51.249 [FXGL Background Thread 3 ] DEBUG Engine               - saveFileExt: sav
20:11:51.249 [FXGL Background Thread 3 ] DEBUG Engine               - scaledHeightProp$fxgl: DoubleProperty [bound, value: 720.0]
20:11:51.249 [FXGL Background Thread 3 ] DEBUG Engine               - scaledWidthProp$fxgl: DoubleProperty [bound, value: 1255.0]
20:11:51.250 [FXGL Background Thread 3 ] DEBUG Engine               - sceneFactory: com.example.demo.MySceneFactory@411154d2
20:11:51.251 [FXGL Background Thread 3 ] DEBUG Engine               - secondsIn24h: 60
20:11:51.251 [FXGL Background Thread 3 ] DEBUG Engine               - soundMenuBack: menu/back.wav
20:11:51.251 [FXGL Background Thread 3 ] DEBUG Engine               - soundMenuPress: menu/press.wav
20:11:51.252 [FXGL Background Thread 3 ] DEBUG Engine               - soundMenuSelect: menu/select.wav
20:11:51.252 [FXGL Background Thread 3 ] DEBUG Engine               - soundNotification: core/notification.wav
20:11:51.252 [FXGL Background Thread 3 ] DEBUG Engine               - stageStyle: DECORATED
20:11:51.252 [FXGL Background Thread 3 ] DEBUG Engine               - supportedLanguages: [ENGLISH, FRENCH, GERMAN, HUNGARIAN, RUSSIAN]
20:11:51.252 [FXGL Background Thread 3 ] DEBUG Engine               - ticksPerSecond: -1
20:11:51.253 [FXGL Background Thread 3 ] DEBUG Engine               - title: Stictactics
20:11:51.253 [FXGL Background Thread 3 ] DEBUG Engine               - urlGithub: https://github.com/AlmasB/FXGL
20:11:51.253 [FXGL Background Thread 3 ] DEBUG Engine               - urlLeaderboard: http://fxgl-top.herokuapp.com/
20:11:51.254 [FXGL Background Thread 3 ] DEBUG Engine               - urlPOM: https://raw.githubusercontent.com/AlmasB/FXGL/release/README.md
20:11:51.254 [FXGL Background Thread 3 ] DEBUG Engine               - userAppClass: class com.example.demo.HelloApplication
20:11:51.255 [FXGL Background Thread 3 ] DEBUG Engine               - version: 0.0
20:11:51.255 [FXGL Background Thread 3 ] DEBUG Engine               - versionCheckDays: 7
20:11:51.255 [FXGL Background Thread 3 ] DEBUG Engine               - width: 1920
20:11:51.255 [FXGL Background Thread 3 ] DEBUG Engine               - Logging services
20:11:51.255 [FXGL Background Thread 3 ] DEBUG Engine               - class com.almasb.fxgl.app.services.FXGLAssetLoaderService
20:11:51.256 [FXGL Background Thread 3 ] DEBUG Engine               - class com.almasb.fxgl.app.FXGLApplication$GameApplicationService
20:11:51.256 [FXGL Background Thread 3 ] DEBUG Engine               - class com.almasb.fxgl.app.services.FXGLDialogService
20:11:51.256 [FXGL Background Thread 3 ] DEBUG Engine               - class com.almasb.fxgl.app.services.IOTaskExecutorService
20:11:51.256 [FXGL Background Thread 3 ] DEBUG Engine               - class com.almasb.fxgl.io.FileSystemService
20:11:51.256 [FXGL Background Thread 3 ] DEBUG Engine               - class com.almasb.fxgl.localization.LocalizationService
20:11:51.256 [FXGL Background Thread 3 ] DEBUG Engine               - class com.almasb.fxgl.app.services.SystemBundleService
20:11:51.257 [FXGL Background Thread 3 ] DEBUG Engine               - class com.almasb.fxgl.profile.SaveLoadService
20:11:51.257 [FXGL Background Thread 3 ] DEBUG Engine               - class com.almasb.fxgl.ui.FXGLUIFactoryServiceProvider
20:11:51.257 [FXGL Background Thread 3 ] DEBUG Engine               - class com.almasb.fxgl.ui.FXGLDialogFactoryServiceProvider
20:11:51.257 [FXGL Background Thread 3 ] DEBUG Engine               - class com.almasb.fxgl.audio.AudioPlayer
20:11:51.257 [FXGL Background Thread 3 ] DEBUG Engine               - class com.almasb.fxgl.notification.impl.NotificationServiceProvider
20:11:51.257 [FXGL Background Thread 3 ] DEBUG Engine               - class com.almasb.fxgl.achievement.AchievementService
20:11:51.258 [FXGL Background Thread 3 ] DEBUG Engine               - class com.almasb.fxgl.cutscene.CutsceneService
20:11:51.258 [FXGL Background Thread 3 ] DEBUG Engine               - class com.almasb.fxgl.minigames.MiniGameService
20:11:51.258 [FXGL Background Thread 3 ] DEBUG Engine               - class com.almasb.fxgl.net.NetService
20:11:51.258 [FXGL Background Thread 3 ] DEBUG Engine               - class com.almasb.fxgl.app.services.UpdaterService
20:11:51.258 [FXGL Background Thread 3 ] DEBUG Engine               - class com.almasb.fxgl.dev.DevService
20:11:52.268 [JavaFX Application Thread] DEBUG LoopRunner           - Resuming loop
20:11:52.269 [JavaFX Application Thread] DEBUG GameApplicationServi - Starting new game
20:11:52.269 [JavaFX Application Thread] DEBUG Input                - Clearing active input actions
20:11:52.276 [JavaFX Application Thread] DEBUG GameApplicationServi - Removing overlay from GameScene and adding to FXGLLoadingScene
20:11:52.276 [JavaFX Application Thread] DEBUG PrimaryStageWindow   - GameScene -> FXGLLoadingScene
20:11:52.276 [JavaFX Application Thread] DEBUG GameApplicationServi - Clearing previous game
20:11:52.276 [JavaFX Application Thread] DEBUG GameScene            - Clearing game scene
20:11:52.276 [JavaFX Application Thread] DEBUG GameWorld            - Clearing game world
20:11:52.280 [JavaFX Application Thread] DEBUG PhysicsWorld         - Clearing physics world
20:11:52.280 [FXGL Background Thread 2 ] DEBUG FXGLApplication      - Initializing game
20:11:52.283 [FXGL Background Thread 2 ] WARN  TMXLevelLoader       - TiledMap generated from 1.11.2. Supported version: 1.2.3. Some features may not be parsed fully.
20:11:52.291 [FXGL Background Thread 2 ] DEBUG TMXLevelLoader       - Parsed TiledMap: file:/C:/Users/zyla/demoGame4OOP/target/classes/assets/levels/tmx/map5.tmx
20:11:52.291 [FXGL Background Thread 2 ] DEBUG TMXLevelLoader       - Creating tile layer entities
20:11:52.291 [FXGL Background Thread 2 ] DEBUG TilesetLoader        - Loading view for layer Tile Layer 1
20:11:52.302 [FXGL Background Thread 2 ] DEBUG TilesetLoader        - Created buffer with size 1920.0x1088.0
20:11:52.413 [FXGL Background Thread 2 ] DEBUG TMXLevelLoader       - Creating object layer entities
20:11:52.415 [FXGL Background Thread 2 ] DEBUG GameWorld            - Clearing removable entities
20:11:52.415 [FXGL Background Thread 2 ] DEBUG GameWorld            - Setting level: com.almasb.fxgl.entity.level.Level@15cbb3cb
20:11:52.423 [FXGL Background Thread 2 ] INFO  FXGLApplication      - Game initialization took: 0.143 sec
20:11:52.435 [JavaFX Application Thread] DEBUG Input                - Clearing active input actions
20:11:52.440 [JavaFX Application Thread] DEBUG GameApplicationServi - Removing overlay from FXGLLoadingScene and adding to GameScene
20:11:52.440 [JavaFX Application Thread] DEBUG PrimaryStageWindow   - FXGLLoadingScene -> GameScene
20:11:52.951 [JavaFX Application Thread] DEBUG LoopRunner           - Pausing loop
20:11:52.952 [JavaFX Application Thread] DEBUG LoopRunner           - Pausing loop
20:11:53.597 [JavaFX Application Thread] DEBUG LoopRunner           - Resuming loop
20:11:53.597 [JavaFX Application Thread] DEBUG GameApplicationServi - Starting new game
20:11:53.598 [JavaFX Application Thread] DEBUG Input                - Clearing active input actions
20:11:53.604 [JavaFX Application Thread] DEBUG GameApplicationServi - Removing overlay from GameScene and adding to FXGLLoadingScene
20:11:53.605 [JavaFX Application Thread] DEBUG PrimaryStageWindow   - GameScene -> FXGLLoadingScene
20:11:53.605 [JavaFX Application Thread] DEBUG GameApplicationServi - Clearing previous game
20:11:53.605 [JavaFX Application Thread] DEBUG GameScene            - Clearing game scene
20:11:53.605 [JavaFX Application Thread] DEBUG GameWorld            - Clearing game world
20:11:53.607 [JavaFX Application Thread] DEBUG PhysicsWorld         - Clearing physics world
20:11:53.608 [FXGL Background Thread 2 ] DEBUG FXGLApplication      - Initializing game
20:11:53.612 [FXGL Background Thread 2 ] WARN  TMXLevelLoader       - TiledMap generated from 1.11.2. Supported version: 1.2.3. Some features may not be parsed fully.
20:11:53.619 [FXGL Background Thread 2 ] DEBUG TMXLevelLoader       - Parsed TiledMap: file:/C:/Users/zyla/demoGame4OOP/target/classes/assets/levels/tmx/map5.tmx
20:11:53.619 [FXGL Background Thread 2 ] DEBUG TMXLevelLoader       - Creating tile layer entities
20:11:53.621 [FXGL Background Thread 2 ] DEBUG TilesetLoader        - Loading view for layer Tile Layer 1
20:11:53.626 [FXGL Background Thread 2 ] DEBUG TilesetLoader        - Created buffer with size 1920.0x1088.0
20:11:53.710 [FXGL Background Thread 2 ] DEBUG TMXLevelLoader       - Creating object layer entities
20:11:53.712 [FXGL Background Thread 2 ] DEBUG GameWorld            - Clearing removable entities
20:11:53.713 [FXGL Background Thread 2 ] DEBUG GameWorld            - Setting level: com.almasb.fxgl.entity.level.Level@6efb00c7
20:11:53.723 [FXGL Background Thread 2 ] INFO  FXGLApplication      - Game initialization took: 0.115 sec
20:11:53.725 [JavaFX Application Thread] DEBUG Input                - Clearing active input actions
20:11:53.734 [JavaFX Application Thread] DEBUG GameApplicationServi - Removing overlay from FXGLLoadingScene and adding to GameScene
20:11:53.734 [JavaFX Application Thread] DEBUG PrimaryStageWindow   - FXGLLoadingScene -> GameScene
20:11:55.429 [JavaFX Application Thread] DEBUG LoopRunner           - Pausing loop
20:11:55.432 [JavaFX Application Thread] DEBUG LoopRunner           - Pausing loop
20:11:56.822 [JavaFX Application Thread] DEBUG LoopRunner           - Resuming loop
20:11:56.822 [JavaFX Application Thread] DEBUG Input                - Clearing active input actions
20:11:56.825 [JavaFX Application Thread] DEBUG GameApplicationServi - Removing overlay from GameScene and adding to FXGLMainMenuDummyScene
20:11:56.825 [JavaFX Application Thread] DEBUG PrimaryStageWindow   - GameScene -> FXGLMainMenuDummyScene
20:11:56.825 [JavaFX Application Thread] DEBUG PrimaryStageWindow   - Push state: CustomMainMenu
20:11:56.825 [JavaFX Application Thread] DEBUG Input                - Clearing active input actions
20:11:56.827 [JavaFX Application Thread] DEBUG GameApplicationServi - Removing overlay from FXGLMainMenuDummyScene and adding to CustomMainMenu
20:11:56.827 [JavaFX Application Thread] DEBUG PrimaryStageWindow   - FXGLMainMenuDummyScene -> CustomMainMenu
20:11:57.665 [JavaFX Application Thread] DEBUG PrimaryStageWindow   - Push state: DialogSubScene
20:11:57.665 [JavaFX Application Thread] DEBUG Input                - Clearing active input actions
20:11:57.665 [JavaFX Application Thread] DEBUG GameApplicationServi - Removing overlay from CustomMainMenu and adding to DialogSubScene
20:11:57.666 [JavaFX Application Thread] DEBUG PrimaryStageWindow   - CustomMainMenu -> DialogSubScene
20:11:58.601 [JavaFX Application Thread] DEBUG PrimaryStageWindow   - Pop state: DialogSubScene
20:11:58.601 [JavaFX Application Thread] DEBUG Input                - Clearing active input actions
20:11:58.601 [JavaFX Application Thread] DEBUG GameApplicationServi - Removing overlay from DialogSubScene and adding to CustomMainMenu
20:11:58.601 [JavaFX Application Thread] DEBUG PrimaryStageWindow   - CustomMainMenu <- DialogSubScene
20:11:58.601 [JavaFX Application Thread] DEBUG FXGLApplication      - Exiting FXGL
20:11:58.603 [JavaFX Application Thread] DEBUG LoopRunner           - Stopping loop
20:11:58.603 [JavaFX Application Thread] DEBUG SystemBundleService  - Saving FXGL system data
20:11:58.605 [JavaFX Application Thread] DEBUG FileSystemAccess     - Writing to: C:\Users\zyla\demoGame4OOP\system\fxgl.bundle
20:11:58.611 [JavaFX Application Thread] DEBUG Async                - Shutting down background threads
20:11:58.611 [JavaFX Application Thread] DEBUG PrimaryStageWindow   - Closing main window
20:11:58.635 [JavaFX Application Thread] DEBUG Logger               - Closing Logger
