13:30:11.155 [main                     ] DEBUG Logger               - Configured Logger
13:30:11.158 [main                     ] DEBUG GameApplication      - Logging settings
Title: Stictactics
Version: 0.0
Width: 1984
Height: 1088
Fullscreen: false
Intro: false
Profiling: false
Single step:false
App Mode: DEVELOPER
Menu Key: ESCAPE
Stage Style: DECORATED
Scene Factory: class com.example.demo.MySceneFactory

13:30:11.558 [JavaFX Application Thread] DEBUG FXGLApplication      - Initializing FXGL
13:30:11.559 [JavaFX Application Thread] INFO  Engine               - FXGL-11.17 (16.07.2021 15.46) on WINDOWS (J:23.0.2 FX:17.0.6)
13:30:11.560 [JavaFX Application Thread] DEBUG Engine               - JRE Vendor Name: Oracle Corporation
13:30:11.560 [JavaFX Application Thread] DEBUG Engine               - Running on OS: Windows 11 version 10.0
13:30:11.560 [JavaFX Application Thread] DEBUG Engine               - Architecture: amd64
13:30:11.560 [JavaFX Application Thread] INFO  Engine               - Source code and latest versions at: https://github.com/AlmasB/FXGL
13:30:11.560 [JavaFX Application Thread] INFO  Engine               -              Join the FXGL chat at: https://gitter.im/AlmasB/FXGL
13:30:11.668 [JavaFX Application Thread] DEBUG PrimaryStageWindow   - Creating a JavaFX scene
13:30:11.668 [JavaFX Application Thread] DEBUG PrimaryStageWindow   - Target size > screen size
13:30:11.730 [JavaFX Application Thread] DEBUG PrimaryStageWindow   - Target settings size: 1984.0 x 1088.0
13:30:11.730 [JavaFX Application Thread] DEBUG PrimaryStageWindow   - Scaled scene size:    1287.0 x 719.0
13:30:11.731 [JavaFX Application Thread] DEBUG PrimaryStageWindow   - Scaled ratio: (0.6486895161290323, 0.6608455882352942)
13:30:11.732 [JavaFX Application Thread] DEBUG PrimaryStageWindow   - Set initial scene to FXGLStartupScene
13:30:11.742 [JavaFX Application Thread] DEBUG PrimaryStageWindow   - Opening main window
13:30:11.852 [JavaFX Application Thread] DEBUG PrimaryStageWindow   - Window border size: (16.0, 39.0)
13:30:11.852 [JavaFX Application Thread] DEBUG PrimaryStageWindow   - Scaled size: 1287.0 x 719.0
13:30:11.852 [JavaFX Application Thread] DEBUG PrimaryStageWindow   - Scaled ratio: (0.6486895161290323, 0.6608455882352942)
13:30:11.852 [JavaFX Application Thread] DEBUG PrimaryStageWindow   - Scene size: 1287.0 x 719.0
13:30:11.852 [JavaFX Application Thread] DEBUG PrimaryStageWindow   - Stage size: 1303.0 x 758.0
13:30:11.860 [FXGL Background Thread 1 ] DEBUG Engine               - Initializing environment variables
13:30:12.005 [FXGL Background Thread 1 ] DEBUG FXGLAssetLoaderServi - User app class for loading assets: class com.example.demo.HelloApplication
13:30:12.005 [FXGL Background Thread 1 ] DEBUG GameApplicationServi - Applying CSS: fxgl_dark.css
13:30:12.006 [FXGL Background Thread 1 ] DEBUG FXGLAssetLoaderServi - Loading from file system: jar:file:///C:/Users/zyla/.m2/repository/com/github/almasb/fxgl/11.17/fxgl-11.17.jar!/fxglassets/ui/css/fxgl_dark.css
13:30:12.087 [FXGL Background Thread 1 ] DEBUG GameApplicationServi - Initializing application scenes
13:30:12.221 [FXGL Background Thread 1 ] DEBUG GameWorld            - Game world initialized
13:30:12.313 [FXGL Background Thread 1 ] DEBUG PhysicsWorld         - Physics world initialized: appHeight=1088, physics.ppm=50.0
13:30:12.313 [FXGL Background Thread 1 ] DEBUG PhysicsWorld         - Using strategy: BRUTE_FORCE
13:30:12.316 [FXGL Background Thread 1 ] DEBUG GameScene            - Game scene initialized: 1984x1088
13:30:12.323 [FXGL Background Thread 1 ] DEBUG FXGLAssetLoaderServi - Loading from file system: file:/C:/Users/zyla/demo/target/classes/assets/textures/mainmenu.png
13:30:12.403 [FXGL Background Thread 1 ] DEBUG GameApplicationServi - Application scenes initialized
13:30:12.428 [FXGL Background Thread 1 ] DEBUG SystemBundleService  - Loading FXGL system data
13:30:12.438 [FXGL Background Thread 1 ] DEBUG FileSystemAccess     - Reading from: C:\Users\zyla\demo\system\fxgl.bundle
13:30:12.453 [FXGL Background Thread 1 ] DEBUG SystemBundleService  - Bundle FXGL: {}
13:30:12.453 [FXGL Background Thread 1 ] DEBUG UpdaterService       - Checking for updates
13:30:12.466 [FXGL Background Thread 1 ] DEBUG FXGLApplication      - Loading default localization
13:30:12.468 [FXGL Background Thread 1 ] DEBUG FXGLAssetLoaderServi - Loading from file system: jar:file:///C:/Users/zyla/.m2/repository/com/github/almasb/fxgl/11.17/fxgl-11.17.jar!/fxglassets/languages/english.lang
13:30:12.491 [FXGL Background Thread 1 ] INFO  FXGLApplication      - FXGL initialization took: 0.630 sec
13:30:12.501 [FXGL Background Thread 4 ] DEBUG FXGLApplication      - Loading fonts
13:30:12.502 [FXGL Background Thread 4 ] DEBUG FXGLAssetLoaderServi - Loading from file system: jar:file:///C:/Users/zyla/.m2/repository/com/github/almasb/fxgl/11.17/fxgl-11.17.jar!/fxglassets/ui/fonts/VarelaRound-Regular.ttf
13:30:12.504 [JavaFX Application Thread] DEBUG Input                - Registered new binding: P1Left - A
13:30:12.504 [JavaFX Application Thread] DEBUG Input                - Registered new binding: P1Right - D
13:30:12.505 [JavaFX Application Thread] DEBUG Input                - Registered new binding: P1Jump - W
13:30:12.505 [JavaFX Application Thread] DEBUG Input                - Registered new binding: P1Punch - F
13:30:12.505 [JavaFX Application Thread] DEBUG Input                - Registered new binding: P2Left - J
13:30:12.505 [JavaFX Application Thread] DEBUG Input                - Registered new binding: P2Right - L
13:30:12.505 [JavaFX Application Thread] DEBUG Input                - Registered new binding: P2Jump - I
13:30:12.506 [JavaFX Application Thread] DEBUG Input                - Registered new binding: P2Punch - H
13:30:12.506 [JavaFX Application Thread] DEBUG FXGLAssetLoaderServi - Loading from file system: jar:file:///C:/Users/zyla/.m2/repository/com/github/almasb/fxgl/11.17/fxgl-11.17.jar!/fxglassets/textures/fxgl_icon.png
13:30:12.551 [JavaFX Application Thread] DEBUG FXGLAssetLoaderServi - Loading from file system: jar:file:///C:/Users/zyla/.m2/repository/com/github/almasb/fxgl/11.17/fxgl-11.17.jar!/fxglassets/textures/fxgl_default_cursor.png
13:30:12.557 [JavaFX Application Thread] DEBUG Input                - Registered new binding: Screenshot - CTRL+8
13:30:12.558 [JavaFX Application Thread] DEBUG Input                - Registered new binding: System info dump - CTRL+9
13:30:12.558 [JavaFX Application Thread] DEBUG Input                - Registered new binding: Restart - CTRL+R
13:30:12.559 [JavaFX Application Thread] DEBUG Input                - Registered new binding: Toggle Debug Camera - CTRL+C
13:30:12.567 [JavaFX Application Thread] DEBUG LoopRunner           - Starting loop
13:30:12.568 [JavaFX Application Thread] DEBUG LoopRunner           - Initializing JavaFX AnimationTimerLoop
13:30:12.572 [JavaFX Application Thread] DEBUG Input                - Clearing active input actions
13:30:12.594 [JavaFX Application Thread] DEBUG GameApplicationServi - Removing overlay from FXGLStartupScene and adding to FXGLMainMenuDummyScene
13:30:12.594 [JavaFX Application Thread] DEBUG PrimaryStageWindow   - FXGLStartupScene -> FXGLMainMenuDummyScene
13:30:12.594 [JavaFX Application Thread] DEBUG PrimaryStageWindow   - Push state: CustomMainMenu
13:30:12.594 [JavaFX Application Thread] DEBUG Input                - Clearing active input actions
13:30:12.605 [JavaFX Application Thread] DEBUG GameApplicationServi - Removing overlay from FXGLMainMenuDummyScene and adding to CustomMainMenu
13:30:12.605 [JavaFX Application Thread] DEBUG PrimaryStageWindow   - FXGLMainMenuDummyScene -> CustomMainMenu
13:30:12.864 [FXGL Background Thread 4 ] DEBUG FXGLAssetLoaderServi - Loading from file system: jar:file:///C:/Users/zyla/.m2/repository/com/github/almasb/fxgl/11.17/fxgl-11.17.jar!/fxglassets/ui/fonts/Abel-Regular.ttf
13:30:12.882 [FXGL Background Thread 4 ] DEBUG FXGLAssetLoaderServi - Loading from file system: jar:file:///C:/Users/zyla/.m2/repository/com/github/almasb/fxgl/11.17/fxgl-11.17.jar!/fxglassets/ui/fonts/lucida_console.ttf
13:30:12.938 [FXGL Background Thread 4 ] DEBUG FXGLAssetLoaderServi - Loading from file system: jar:file:///C:/Users/zyla/.m2/repository/com/github/almasb/fxgl/11.17/fxgl-11.17.jar!/fxglassets/ui/fonts/Courier-Prime.ttf
13:30:12.957 [JavaFX Application Thread] DEBUG FXGLApplication      - Registering font factories with UI factory
13:30:15.462 [FXGL Background Thread 3 ] DEBUG Engine               - Logging environment variables
13:30:15.462 [FXGL Background Thread 3 ] DEBUG Engine               - achievements: []
13:30:15.462 [FXGL Background Thread 3 ] DEBUG Engine               - actualHeight: 719.0
13:30:15.462 [FXGL Background Thread 3 ] DEBUG Engine               - actualHeightProperty: ReadOnlyDoubleProperty [value: 719.0]
13:30:15.462 [FXGL Background Thread 3 ] DEBUG Engine               - actualWidth: 1287.0
13:30:15.462 [FXGL Background Thread 3 ] DEBUG Engine               - actualWidthProperty: ReadOnlyDoubleProperty [value: 1287.0]
13:30:15.462 [FXGL Background Thread 3 ] DEBUG Engine               - appIcon: fxgl_icon.png
13:30:15.462 [FXGL Background Thread 3 ] DEBUG Engine               - applicationMode: DEVELOPER
13:30:15.462 [FXGL Background Thread 3 ] DEBUG Engine               - cSSList: [fxgl_dark.css]
13:30:15.462 [FXGL Background Thread 3 ] DEBUG Engine               - collisionDetectionStrategy: BRUTE_FORCE
13:30:15.463 [FXGL Background Thread 3 ] DEBUG Engine               - configClass: Optional.empty
13:30:15.463 [FXGL Background Thread 3 ] DEBUG Engine               - credits: [Short Name - Lead Programmer, LongLongLongLongLongLongLong Name - Programmer, V Short - Artist, Medium-Hyphen Name - Designer, More Credits - 111, More Credits - 222, More Credits - 333, More Credits - 444, More Credits - 444, Example of a credit name that will definitely not fit on the screen using default font, More Credits - 444, More Credits - 444, More Credits - 555, More Credits - 666, More Credits - 777]
13:30:15.463 [FXGL Background Thread 3 ] DEBUG Engine               - defaultCursor: CursorInfo(imageName=fxgl_default_cursor.png, hotspotX=7.0, hotspotY=6.0)
13:30:15.463 [FXGL Background Thread 3 ] DEBUG Engine               - devBBoxColorProperty: ObjectProperty [value: 0xff0000ff]
13:30:15.463 [FXGL Background Thread 3 ] DEBUG Engine               - devEnableDebugCameraProperty: BooleanProperty [value: false]
13:30:15.463 [FXGL Background Thread 3 ] DEBUG Engine               - devSensorColorProperty: ObjectProperty [value: 0xffff00ff]
13:30:15.463 [FXGL Background Thread 3 ] DEBUG Engine               - devShowBBoxProperty: BooleanProperty [value: false]
13:30:15.463 [FXGL Background Thread 3 ] DEBUG Engine               - devShowPositionProperty: BooleanProperty [value: false]
13:30:15.463 [FXGL Background Thread 3 ] DEBUG Engine               - enabledMenuItems: []
13:30:15.463 [FXGL Background Thread 3 ] DEBUG Engine               - engineServices: [class com.almasb.fxgl.app.services.FXGLAssetLoaderService, class com.almasb.fxgl.app.FXGLApplication$GameApplicationService, class com.almasb.fxgl.app.services.FXGLDialogService, class com.almasb.fxgl.app.services.IOTaskExecutorService, class com.almasb.fxgl.io.FileSystemService, class com.almasb.fxgl.localization.LocalizationService, class com.almasb.fxgl.app.services.SystemBundleService, class com.almasb.fxgl.profile.SaveLoadService, class com.almasb.fxgl.ui.FXGLUIFactoryServiceProvider, class com.almasb.fxgl.ui.FXGLDialogFactoryServiceProvider, class com.almasb.fxgl.audio.AudioPlayer, class com.almasb.fxgl.notification.impl.NotificationServiceProvider, class com.almasb.fxgl.achievement.AchievementService, class com.almasb.fxgl.cutscene.CutsceneService, class com.almasb.fxgl.minigames.MiniGameService, class com.almasb.fxgl.net.NetService, class com.almasb.fxgl.app.services.UpdaterService, class com.almasb.fxgl.dev.DevService]
13:30:15.463 [FXGL Background Thread 3 ] DEBUG Engine               - fontGame: Abel-Regular.ttf
13:30:15.463 [FXGL Background Thread 3 ] DEBUG Engine               - fontMono: lucida_console.ttf
13:30:15.463 [FXGL Background Thread 3 ] DEBUG Engine               - fontText: Courier-Prime.ttf
13:30:15.463 [FXGL Background Thread 3 ] DEBUG Engine               - fontUI: VarelaRound-Regular.ttf
13:30:15.463 [FXGL Background Thread 3 ] DEBUG Engine               - fullScreen: BooleanProperty [value: false]
13:30:15.465 [FXGL Background Thread 3 ] DEBUG Engine               - gameDifficulty: MEDIUM
13:30:15.465 [FXGL Background Thread 3 ] DEBUG Engine               - gameDifficultyProperty: ObjectProperty [value: MEDIUM]
13:30:15.465 [FXGL Background Thread 3 ] DEBUG Engine               - globalMusicVolume: 0.5
13:30:15.465 [FXGL Background Thread 3 ] DEBUG Engine               - globalMusicVolumeProperty: DoubleProperty [value: 0.5]
13:30:15.465 [FXGL Background Thread 3 ] DEBUG Engine               - globalSoundVolume: 0.5
13:30:15.465 [FXGL Background Thread 3 ] DEBUG Engine               - globalSoundVolumeProperty: DoubleProperty [value: 0.5]
13:30:15.465 [FXGL Background Thread 3 ] DEBUG Engine               - height: 1088
13:30:15.465 [FXGL Background Thread 3 ] DEBUG Engine               - is3D: false
13:30:15.466 [FXGL Background Thread 3 ] DEBUG Engine               - isAndroid: false
13:30:15.466 [FXGL Background Thread 3 ] DEBUG Engine               - isBrowser: false
13:30:15.466 [FXGL Background Thread 3 ] DEBUG Engine               - isClickFeedbackEnabled: false
13:30:15.466 [FXGL Background Thread 3 ] DEBUG Engine               - isCloseConfirmation: true
13:30:15.466 [FXGL Background Thread 3 ] DEBUG Engine               - isDesktop: true
13:30:15.466 [FXGL Background Thread 3 ] DEBUG Engine               - isDeveloperMenuEnabled: false
13:30:15.466 [FXGL Background Thread 3 ] DEBUG Engine               - isEntityPreloadEnabled: true
13:30:15.466 [FXGL Background Thread 3 ] DEBUG Engine               - isExperimentalTiledLargeMap: false
13:30:15.466 [FXGL Background Thread 3 ] DEBUG Engine               - isFileSystemWriteAllowed: true
13:30:15.466 [FXGL Background Thread 3 ] DEBUG Engine               - isFullScreenAllowed: false
13:30:15.466 [FXGL Background Thread 3 ] DEBUG Engine               - isFullScreenFromStart: false
13:30:15.466 [FXGL Background Thread 3 ] DEBUG Engine               - isGameMenuEnabled: false
13:30:15.467 [FXGL Background Thread 3 ] DEBUG Engine               - isIOS: false
13:30:15.467 [FXGL Background Thread 3 ] DEBUG Engine               - isIntroEnabled: false
13:30:15.467 [FXGL Background Thread 3 ] DEBUG Engine               - isLinux: false
13:30:15.467 [FXGL Background Thread 3 ] DEBUG Engine               - isMac: false
13:30:15.467 [FXGL Background Thread 3 ] DEBUG Engine               - isMainMenuEnabled: true
13:30:15.467 [FXGL Background Thread 3 ] DEBUG Engine               - isManualResizeEnabled: false
13:30:15.467 [FXGL Background Thread 3 ] DEBUG Engine               - isMobile: false
13:30:15.467 [FXGL Background Thread 3 ] DEBUG Engine               - isNative: false
13:30:15.467 [FXGL Background Thread 3 ] DEBUG Engine               - isPauseMusicWhenMinimized: true
13:30:15.467 [FXGL Background Thread 3 ] DEBUG Engine               - isPreserveResizeRatio: false
13:30:15.467 [FXGL Background Thread 3 ] DEBUG Engine               - isProfilingEnabled: false
13:30:15.467 [FXGL Background Thread 3 ] DEBUG Engine               - isScaleAffectedOnResize: true
13:30:15.467 [FXGL Background Thread 3 ] DEBUG Engine               - isSingleStep: false
13:30:15.468 [FXGL Background Thread 3 ] DEBUG Engine               - isUserProfileEnabled: false
13:30:15.468 [FXGL Background Thread 3 ] DEBUG Engine               - isWindows: true
13:30:15.468 [FXGL Background Thread 3 ] DEBUG Engine               - language: ObjectProperty [value: ENGLISH]
13:30:15.468 [FXGL Background Thread 3 ] DEBUG Engine               - menuKey: ESCAPE
13:30:15.468 [FXGL Background Thread 3 ] DEBUG Engine               - mouseSensitivity: 0.2
13:30:15.468 [FXGL Background Thread 3 ] DEBUG Engine               - notificationViewClass: class com.almasb.fxgl.notification.view.XboxNotificationView
13:30:15.468 [FXGL Background Thread 3 ] DEBUG Engine               - pixelsPerMeter: 50.0
13:30:15.468 [FXGL Background Thread 3 ] DEBUG Engine               - platform: WINDOWS
13:30:15.468 [FXGL Background Thread 3 ] DEBUG Engine               - prefHeightProperty: ReadOnlyDoubleProperty [value: 1088.0]
13:30:15.468 [FXGL Background Thread 3 ] DEBUG Engine               - prefWidthProperty: ReadOnlyDoubleProperty [value: 1984.0]
13:30:15.468 [FXGL Background Thread 3 ] DEBUG Engine               - profileDir: profiles/
13:30:15.469 [FXGL Background Thread 3 ] DEBUG Engine               - profileName: StringProperty [value: DEFAULT]
13:30:15.469 [FXGL Background Thread 3 ] DEBUG Engine               - randomSeed: -1
13:30:15.469 [FXGL Background Thread 3 ] DEBUG Engine               - runtimeInfo: RuntimeInfo(platform=WINDOWS, version=11.17, build=16.07.2021 15.46)
13:30:15.469 [FXGL Background Thread 3 ] DEBUG Engine               - saveFileExt: sav
13:30:15.469 [FXGL Background Thread 3 ] DEBUG Engine               - scaledHeightProp$fxgl: DoubleProperty [bound, value: 719.0]
13:30:15.469 [FXGL Background Thread 3 ] DEBUG Engine               - scaledWidthProp$fxgl: DoubleProperty [bound, value: 1287.0]
13:30:15.469 [FXGL Background Thread 3 ] DEBUG Engine               - sceneFactory: com.example.demo.MySceneFactory@1fcea732
13:30:15.469 [FXGL Background Thread 3 ] DEBUG Engine               - secondsIn24h: 60
13:30:15.469 [FXGL Background Thread 3 ] DEBUG Engine               - soundMenuBack: menu/back.wav
13:30:15.469 [FXGL Background Thread 3 ] DEBUG Engine               - soundMenuPress: menu/press.wav
13:30:15.469 [FXGL Background Thread 3 ] DEBUG Engine               - soundMenuSelect: menu/select.wav
13:30:15.469 [FXGL Background Thread 3 ] DEBUG Engine               - soundNotification: core/notification.wav
13:30:15.469 [FXGL Background Thread 3 ] DEBUG Engine               - stageStyle: DECORATED
13:30:15.469 [FXGL Background Thread 3 ] DEBUG Engine               - supportedLanguages: [ENGLISH, FRENCH, GERMAN, HUNGARIAN, RUSSIAN]
13:30:15.470 [FXGL Background Thread 3 ] DEBUG Engine               - ticksPerSecond: -1
13:30:15.470 [FXGL Background Thread 3 ] DEBUG Engine               - title: Stictactics
13:30:15.470 [FXGL Background Thread 3 ] DEBUG Engine               - urlGithub: https://github.com/AlmasB/FXGL
13:30:15.470 [FXGL Background Thread 3 ] DEBUG Engine               - urlLeaderboard: http://fxgl-top.herokuapp.com/
13:30:15.470 [FXGL Background Thread 3 ] DEBUG Engine               - urlPOM: https://raw.githubusercontent.com/AlmasB/FXGL/release/README.md
13:30:15.470 [FXGL Background Thread 3 ] DEBUG Engine               - userAppClass: class com.example.demo.HelloApplication
13:30:15.470 [FXGL Background Thread 3 ] DEBUG Engine               - version: 0.0
13:30:15.470 [FXGL Background Thread 3 ] DEBUG Engine               - versionCheckDays: 7
13:30:15.470 [FXGL Background Thread 3 ] DEBUG Engine               - width: 1984
13:30:15.470 [FXGL Background Thread 3 ] DEBUG Engine               - Logging services
13:30:15.470 [FXGL Background Thread 3 ] DEBUG Engine               - class com.almasb.fxgl.app.services.FXGLAssetLoaderService
13:30:15.470 [FXGL Background Thread 3 ] DEBUG Engine               - class com.almasb.fxgl.app.FXGLApplication$GameApplicationService
13:30:15.470 [FXGL Background Thread 3 ] DEBUG Engine               - class com.almasb.fxgl.app.services.FXGLDialogService
13:30:15.471 [FXGL Background Thread 3 ] DEBUG Engine               - class com.almasb.fxgl.app.services.IOTaskExecutorService
13:30:15.471 [FXGL Background Thread 3 ] DEBUG Engine               - class com.almasb.fxgl.io.FileSystemService
13:30:15.471 [FXGL Background Thread 3 ] DEBUG Engine               - class com.almasb.fxgl.localization.LocalizationService
13:30:15.471 [FXGL Background Thread 3 ] DEBUG Engine               - class com.almasb.fxgl.app.services.SystemBundleService
13:30:15.471 [FXGL Background Thread 3 ] DEBUG Engine               - class com.almasb.fxgl.profile.SaveLoadService
13:30:15.471 [FXGL Background Thread 3 ] DEBUG Engine               - class com.almasb.fxgl.ui.FXGLUIFactoryServiceProvider
13:30:15.471 [FXGL Background Thread 3 ] DEBUG Engine               - class com.almasb.fxgl.ui.FXGLDialogFactoryServiceProvider
13:30:15.471 [FXGL Background Thread 3 ] DEBUG Engine               - class com.almasb.fxgl.audio.AudioPlayer
13:30:15.471 [FXGL Background Thread 3 ] DEBUG Engine               - class com.almasb.fxgl.notification.impl.NotificationServiceProvider
13:30:15.471 [FXGL Background Thread 3 ] DEBUG Engine               - class com.almasb.fxgl.achievement.AchievementService
13:30:15.471 [FXGL Background Thread 3 ] DEBUG Engine               - class com.almasb.fxgl.cutscene.CutsceneService
13:30:15.471 [FXGL Background Thread 3 ] DEBUG Engine               - class com.almasb.fxgl.minigames.MiniGameService
13:30:15.471 [FXGL Background Thread 3 ] DEBUG Engine               - class com.almasb.fxgl.net.NetService
13:30:15.472 [FXGL Background Thread 3 ] DEBUG Engine               - class com.almasb.fxgl.app.services.UpdaterService
13:30:15.472 [FXGL Background Thread 3 ] DEBUG Engine               - class com.almasb.fxgl.dev.DevService
13:30:16.271 [FXGL Background Thread 2 ] INFO  UpdaterService       - Your current version:  11.17
13:30:16.272 [FXGL Background Thread 2 ] INFO  UpdaterService       - Latest stable version: 21.1
13:30:16.919 [JavaFX Application Thread] DEBUG PrimaryStageWindow   - Push state: DialogSubScene
13:30:16.919 [JavaFX Application Thread] DEBUG Input                - Clearing active input actions
13:30:16.920 [JavaFX Application Thread] DEBUG GameApplicationServi - Removing overlay from CustomMainMenu and adding to DialogSubScene
13:30:16.920 [JavaFX Application Thread] DEBUG PrimaryStageWindow   - CustomMainMenu -> DialogSubScene
13:30:17.568 [JavaFX Application Thread] DEBUG PrimaryStageWindow   - Pop state: DialogSubScene
13:30:17.569 [JavaFX Application Thread] DEBUG Input                - Clearing active input actions
13:30:17.569 [JavaFX Application Thread] DEBUG GameApplicationServi - Removing overlay from DialogSubScene and adding to CustomMainMenu
13:30:17.569 [JavaFX Application Thread] DEBUG PrimaryStageWindow   - CustomMainMenu <- DialogSubScene
13:30:17.569 [JavaFX Application Thread] DEBUG FXGLApplication      - Exiting FXGL
13:30:17.569 [JavaFX Application Thread] DEBUG LoopRunner           - Stopping loop
13:30:17.569 [JavaFX Application Thread] DEBUG SystemBundleService  - Saving FXGL system data
13:30:17.571 [JavaFX Application Thread] DEBUG FileSystemAccess     - Writing to: C:\Users\zyla\demo\system\fxgl.bundle
13:30:17.574 [JavaFX Application Thread] DEBUG Async                - Shutting down background threads
13:30:17.574 [JavaFX Application Thread] DEBUG PrimaryStageWindow   - Closing main window
13:30:17.601 [JavaFX Application Thread] DEBUG Logger               - Closing Logger
