16:49:15.079 [main                     ] DEBUG Logger               - Configured Logger
16:49:15.081 [main                     ] DEBUG GameApplication      - Logging settings
Title: Stictactics
Version: 0.0
Width: 1920
Height: 1080
Fullscreen: false
Intro: false
Profiling: false
Single step:false
App Mode: DEVELOPER
Menu Key: ESCAPE
Stage Style: DECORATED
Scene Factory: class com.example.demo.Factory.MySceneFactory

16:49:15.539 [JavaFX Application Thread] DEBUG FXGLApplication      - Initializing FXGL
16:49:15.540 [JavaFX Application Thread] INFO  Engine               - FXGL-11.17 (16.07.2021 15.46) on WINDOWS (J:23.0.2 FX:17.0.6)
16:49:15.540 [JavaFX Application Thread] DEBUG Engine               - JRE Vendor Name: Amazon.com Inc.
16:49:15.541 [JavaFX Application Thread] DEBUG Engine               - Running on OS: Windows 11 version 10.0
16:49:15.541 [JavaFX Application Thread] DEBUG Engine               - Architecture: amd64
16:49:15.541 [JavaFX Application Thread] INFO  Engine               - Source code and latest versions at: https://github.com/AlmasB/FXGL
16:49:15.541 [JavaFX Application Thread] INFO  Engine               -              Join the FXGL chat at: https://gitter.im/AlmasB/FXGL
16:49:15.643 [JavaFX Application Thread] DEBUG PrimaryStageWindow   - Creating a JavaFX scene
16:49:15.643 [JavaFX Application Thread] DEBUG PrimaryStageWindow   - Target size > screen size
16:49:15.699 [JavaFX Application Thread] DEBUG PrimaryStageWindow   - Target settings size: 1920.0 x 1080.0
16:49:15.699 [JavaFX Application Thread] DEBUG PrimaryStageWindow   - Scaled scene size:    1255.0 x 720.0
16:49:15.699 [JavaFX Application Thread] DEBUG PrimaryStageWindow   - Scaled ratio: (0.6536458333333334, 0.6666666666666666)
16:49:15.700 [JavaFX Application Thread] DEBUG PrimaryStageWindow   - Set initial scene to FXGLStartupScene
16:49:15.708 [JavaFX Application Thread] DEBUG PrimaryStageWindow   - Opening main window
16:49:15.918 [JavaFX Application Thread] DEBUG PrimaryStageWindow   - Window border size: (16.0, 39.0)
16:49:15.918 [JavaFX Application Thread] DEBUG PrimaryStageWindow   - Scaled size: 1255.0 x 720.0
16:49:15.919 [JavaFX Application Thread] DEBUG PrimaryStageWindow   - Scaled ratio: (0.6536458333333334, 0.6666666666666666)
16:49:15.919 [JavaFX Application Thread] DEBUG PrimaryStageWindow   - Scene size: 1255.0 x 720.0
16:49:15.919 [JavaFX Application Thread] DEBUG PrimaryStageWindow   - Stage size: 1271.0 x 759.0
16:49:15.997 [FXGL Background Thread 1 ] DEBUG Engine               - Initializing environment variables
16:49:16.109 [FXGL Background Thread 1 ] DEBUG FXGLAssetLoaderServi - User app class for loading assets: class com.example.demo.HelloController
16:49:16.109 [FXGL Background Thread 1 ] DEBUG GameApplicationServi - Applying CSS: fxgl_dark.css
16:49:16.110 [FXGL Background Thread 1 ] DEBUG FXGLAssetLoaderServi - Loading from file system: jar:file:///C:/Users/zyla/.m2/repository/com/github/almasb/fxgl/11.17/fxgl-11.17.jar!/fxglassets/ui/css/fxgl_dark.css
16:49:16.170 [FXGL Background Thread 1 ] DEBUG GameApplicationServi - Initializing application scenes
16:49:16.308 [FXGL Background Thread 1 ] DEBUG GameWorld            - Game world initialized
16:49:16.386 [FXGL Background Thread 1 ] DEBUG PhysicsWorld         - Physics world initialized: appHeight=1080, physics.ppm=50.0
16:49:16.386 [FXGL Background Thread 1 ] DEBUG PhysicsWorld         - Using strategy: BRUTE_FORCE
16:49:16.389 [FXGL Background Thread 1 ] DEBUG GameScene            - Game scene initialized: 1920x1080
16:49:16.554 [FXGL Background Thread 1 ] DEBUG GameApplicationServi - Application scenes initialized
16:49:16.568 [FXGL Background Thread 1 ] DEBUG SystemBundleService  - Loading FXGL system data
16:49:16.576 [FXGL Background Thread 1 ] DEBUG FileSystemAccess     - Reading from: C:\Users\zyla\demoGame4OOP\system\fxgl.bundle
16:49:16.585 [FXGL Background Thread 1 ] DEBUG SystemBundleService  - Bundle FXGL: {}
16:49:16.585 [FXGL Background Thread 1 ] DEBUG UpdaterService       - Checking for updates
16:49:16.594 [FXGL Background Thread 1 ] DEBUG FXGLApplication      - Loading default localization
16:49:16.594 [FXGL Background Thread 1 ] DEBUG FXGLAssetLoaderServi - Loading from file system: jar:file:///C:/Users/zyla/.m2/repository/com/github/almasb/fxgl/11.17/fxgl-11.17.jar!/fxglassets/languages/english.lang
16:49:16.598 [FXGL Background Thread 4 ] DEBUG FXGLApplication      - Loading fonts
16:49:16.599 [FXGL Background Thread 4 ] DEBUG FXGLAssetLoaderServi - Loading from file system: jar:file:///C:/Users/zyla/.m2/repository/com/github/almasb/fxgl/11.17/fxgl-11.17.jar!/fxglassets/ui/fonts/VarelaRound-Regular.ttf
16:49:16.614 [FXGL Background Thread 1 ] INFO  FXGLApplication      - FXGL initialization took: 0.618 sec
16:49:16.636 [JavaFX Application Thread] DEBUG Input                - Registered new binding: Pause Game - Esc
16:49:16.637 [JavaFX Application Thread] DEBUG Input                - Registered new binding: P1Left - A
16:49:16.637 [JavaFX Application Thread] DEBUG Input                - Registered new binding: P1Right - D
16:49:16.637 [JavaFX Application Thread] DEBUG Input                - Registered new binding: P1Jump - W
16:49:16.637 [JavaFX Application Thread] DEBUG Input                - Registered new binding: P1Punch - F
16:49:16.637 [JavaFX Application Thread] DEBUG Input                - Registered new binding: P1EnhancedPunch - E
16:49:16.637 [JavaFX Application Thread] DEBUG Input                - Registered new binding: P1Ult - Q
16:49:16.637 [JavaFX Application Thread] DEBUG Input                - Registered new binding: P2Left - Left
16:49:16.637 [JavaFX Application Thread] DEBUG Input                - Registered new binding: P2Right - Right
16:49:16.638 [JavaFX Application Thread] DEBUG Input                - Registered new binding: P2Jump - Up
16:49:16.638 [JavaFX Application Thread] DEBUG Input                - Registered new binding: P2Punch - H
16:49:16.638 [JavaFX Application Thread] DEBUG Input                - Registered new binding: P2EnhancedPunch - U
16:49:16.639 [JavaFX Application Thread] DEBUG Input                - Registered new binding: P2Ult - O
16:49:16.646 [JavaFX Application Thread] WARN  FXGLAssetLoaderServi - Asset "/assets/textures//assets/textures/background-intro.mp4" was not found!
16:49:16.646 [JavaFX Application Thread] WARN  FXGLAssetLoaderServi - Failed to load IMAGE
16:49:16.676 [JavaFX Application Thread] DEBUG FXGLAssetLoaderServi - Loading from file system: jar:file:///C:/Users/zyla/.m2/repository/com/github/almasb/fxgl/11.17/fxgl-11.17.jar!/fxglassets/textures/fxgl_icon.png
16:49:16.763 [JavaFX Application Thread] DEBUG FXGLAssetLoaderServi - Loading from file system: jar:file:///C:/Users/zyla/.m2/repository/com/github/almasb/fxgl/11.17/fxgl-11.17.jar!/fxglassets/textures/fxgl_default_cursor.png
16:49:16.769 [JavaFX Application Thread] DEBUG Input                - Registered new binding: Screenshot - CTRL+8
16:49:16.781 [JavaFX Application Thread] DEBUG Input                - Registered new binding: System info dump - CTRL+9
16:49:16.781 [JavaFX Application Thread] DEBUG Input                - Registered new binding: Restart - CTRL+R
16:49:16.782 [JavaFX Application Thread] DEBUG Input                - Registered new binding: Toggle Debug Camera - CTRL+C
16:49:16.785 [JavaFX Application Thread] DEBUG LoopRunner           - Starting loop
16:49:16.785 [JavaFX Application Thread] DEBUG LoopRunner           - Initializing JavaFX AnimationTimerLoop
16:49:16.791 [JavaFX Application Thread] DEBUG Input                - Clearing active input actions
16:49:16.815 [JavaFX Application Thread] DEBUG GameApplicationServi - Removing overlay from FXGLStartupScene and adding to FXGLMainMenuDummyScene
16:49:16.818 [JavaFX Application Thread] DEBUG PrimaryStageWindow   - FXGLStartupScene -> FXGLMainMenuDummyScene
16:49:16.819 [JavaFX Application Thread] DEBUG PrimaryStageWindow   - Push state: CustomMainMenu
16:49:16.826 [JavaFX Application Thread] DEBUG Input                - Clearing active input actions
16:49:16.843 [JavaFX Application Thread] DEBUG GameApplicationServi - Removing overlay from FXGLMainMenuDummyScene and adding to CustomMainMenu
16:49:16.844 [JavaFX Application Thread] DEBUG PrimaryStageWindow   - FXGLMainMenuDummyScene -> CustomMainMenu
16:49:17.317 [FXGL Background Thread 4 ] DEBUG FXGLAssetLoaderServi - Loading from file system: jar:file:///C:/Users/zyla/.m2/repository/com/github/almasb/fxgl/11.17/fxgl-11.17.jar!/fxglassets/ui/fonts/Abel-Regular.ttf
16:49:17.337 [FXGL Background Thread 4 ] DEBUG FXGLAssetLoaderServi - Loading from file system: jar:file:///C:/Users/zyla/.m2/repository/com/github/almasb/fxgl/11.17/fxgl-11.17.jar!/fxglassets/ui/fonts/lucida_console.ttf
16:49:17.366 [FXGL Background Thread 4 ] DEBUG FXGLAssetLoaderServi - Loading from file system: jar:file:///C:/Users/zyla/.m2/repository/com/github/almasb/fxgl/11.17/fxgl-11.17.jar!/fxglassets/ui/fonts/Courier-Prime.ttf
16:49:17.393 [JavaFX Application Thread] DEBUG FXGLApplication      - Registering font factories with UI factory
16:49:17.904 [JavaFX Application Thread] DEBUG Menu                 - fireNewGame()
16:49:17.904 [JavaFX Application Thread] DEBUG GameApplicationServi - Starting new game
16:49:17.904 [JavaFX Application Thread] DEBUG PrimaryStageWindow   - Pop state: CustomMainMenu
16:49:17.905 [JavaFX Application Thread] DEBUG Input                - Clearing active input actions
16:49:17.906 [JavaFX Application Thread] DEBUG GameApplicationServi - Removing overlay from CustomMainMenu and adding to FXGLMainMenuDummyScene
16:49:17.906 [JavaFX Application Thread] DEBUG PrimaryStageWindow   - FXGLMainMenuDummyScene <- CustomMainMenu
16:49:17.906 [JavaFX Application Thread] DEBUG Input                - Clearing active input actions
16:49:17.923 [JavaFX Application Thread] DEBUG GameApplicationServi - Removing overlay from FXGLMainMenuDummyScene and adding to FXGLLoadingScene
16:49:17.923 [JavaFX Application Thread] DEBUG PrimaryStageWindow   - FXGLMainMenuDummyScene -> FXGLLoadingScene
16:49:17.926 [JavaFX Application Thread] DEBUG GameApplicationServi - Clearing previous game
16:49:17.926 [JavaFX Application Thread] DEBUG GameScene            - Clearing game scene
16:49:17.926 [JavaFX Application Thread] DEBUG GameWorld            - Clearing game world
16:49:17.926 [JavaFX Application Thread] DEBUG PhysicsWorld         - Clearing physics world
16:49:17.932 [FXGL Background Thread 4 ] DEBUG FXGLApplication      - Initializing game
16:49:18.181 [FXGL Background Thread 2 ] INFO  UpdaterService       - Your current version:  11.17
16:49:18.181 [FXGL Background Thread 2 ] INFO  UpdaterService       - Latest stable version: 21.1
16:49:18.200 [FXGL Background Thread 4 ] WARN  TMXLevelLoader       - TiledMap generated from 1.11.2. Supported version: 1.2.3. Some features may not be parsed fully.
16:49:18.221 [FXGL Background Thread 4 ] DEBUG TMXLevelLoader       - Parsed TiledMap: file:/C:/Users/zyla/demoGame4OOP/target/classes/assets/levels/tmx/map.tmx
16:49:18.224 [FXGL Background Thread 4 ] DEBUG TMXLevelLoader       - Creating tile layer entities
16:49:18.226 [FXGL Background Thread 4 ] DEBUG TilesetLoader        - Loading view for layer Tile Layer 1
16:49:18.231 [FXGL Background Thread 4 ] DEBUG TilesetLoader        - Created buffer with size 1920.0x1088.0
16:49:18.327 [FXGL Background Thread 4 ] DEBUG TMXLevelLoader       - Creating object layer entities
16:49:18.361 [FXGL Background Thread 4 ] DEBUG GameWorld            - Clearing removable entities
16:49:18.361 [FXGL Background Thread 4 ] DEBUG GameWorld            - Setting level: com.almasb.fxgl.entity.level.Level@206f7060
16:49:18.382 [FXGL Background Thread 4 ] DEBUG FXGLAssetLoaderServi - Loading from file system: file:/C:/Users/zyla/demoGame4OOP/target/classes/assets/textures/elite/elite_idle.png
16:49:18.409 [FXGL Background Thread 4 ] DEBUG FXGLAssetLoaderServi - Loading from file system: file:/C:/Users/zyla/demoGame4OOP/target/classes/assets/textures/elite/elite_walk.png
16:49:18.420 [FXGL Background Thread 4 ] DEBUG FXGLAssetLoaderServi - Loading from file system: file:/C:/Users/zyla/demoGame4OOP/target/classes/assets/textures/elite/elite_attack_enhanced.png
16:49:18.436 [FXGL Background Thread 4 ] DEBUG FXGLAssetLoaderServi - Loading from file system: file:/C:/Users/zyla/demoGame4OOP/target/classes/assets/textures/elite/elite_jump.png
16:49:18.441 [FXGL Background Thread 4 ] DEBUG FXGLAssetLoaderServi - Loading from file system: file:/C:/Users/zyla/demoGame4OOP/target/classes/assets/textures/elite/elite_attack.png
16:49:18.450 [FXGL Background Thread 4 ] DEBUG FXGLAssetLoaderServi - Loading from file system: file:/C:/Users/zyla/demoGame4OOP/target/classes/assets/textures/elite/elite_ult.png
16:49:18.504 [FXGL Background Thread 4 ] DEBUG FXGLAssetLoaderServi - Loading from file system: file:/C:/Users/zyla/demoGame4OOP/target/classes/assets/textures/elite/elite_hit.png
16:49:18.515 [FXGL Background Thread 4 ] DEBUG FXGLAssetLoaderServi - Loading from file system: file:/C:/Users/zyla/demoGame4OOP/target/classes/assets/textures/female/female_idle.png
16:49:18.523 [FXGL Background Thread 4 ] DEBUG FXGLAssetLoaderServi - Loading from file system: file:/C:/Users/zyla/demoGame4OOP/target/classes/assets/textures/female/female_walk.png
16:49:18.533 [FXGL Background Thread 4 ] DEBUG FXGLAssetLoaderServi - Loading from file system: file:/C:/Users/zyla/demoGame4OOP/target/classes/assets/textures/female/female_attack_enhanced.png
16:49:18.544 [FXGL Background Thread 4 ] DEBUG FXGLAssetLoaderServi - Loading from file system: file:/C:/Users/zyla/demoGame4OOP/target/classes/assets/textures/female/female_jump.png
16:49:18.551 [FXGL Background Thread 4 ] DEBUG FXGLAssetLoaderServi - Loading from file system: file:/C:/Users/zyla/demoGame4OOP/target/classes/assets/textures/female/female_attack.png
16:49:18.559 [FXGL Background Thread 4 ] DEBUG FXGLAssetLoaderServi - Loading from file system: file:/C:/Users/zyla/demoGame4OOP/target/classes/assets/textures/female/female_ult.png
16:49:18.572 [FXGL Background Thread 4 ] DEBUG FXGLAssetLoaderServi - Loading from file system: file:/C:/Users/zyla/demoGame4OOP/target/classes/assets/textures/female/female_hit.png
16:49:18.591 [FXGL Background Thread 4 ] INFO  FXGLApplication      - Game initialization took: 0.659 sec
16:49:18.594 [JavaFX Application Thread] DEBUG Input                - Clearing active input actions
16:49:18.605 [JavaFX Application Thread] DEBUG GameApplicationServi - Removing overlay from FXGLLoadingScene and adding to GameScene
16:49:18.605 [JavaFX Application Thread] DEBUG PrimaryStageWindow   - FXGLLoadingScene -> GameScene
16:49:19.593 [FXGL Background Thread 3 ] DEBUG Engine               - Logging environment variables
16:49:19.594 [FXGL Background Thread 3 ] DEBUG Engine               - achievements: []
16:49:19.594 [FXGL Background Thread 3 ] DEBUG Engine               - actualHeight: 720.0
16:49:19.594 [FXGL Background Thread 3 ] DEBUG Engine               - actualHeightProperty: ReadOnlyDoubleProperty [value: 720.0]
16:49:19.594 [FXGL Background Thread 3 ] DEBUG Engine               - actualWidth: 1255.0
16:49:19.594 [FXGL Background Thread 3 ] DEBUG Engine               - actualWidthProperty: ReadOnlyDoubleProperty [value: 1255.0]
16:49:19.594 [FXGL Background Thread 3 ] DEBUG Engine               - appIcon: fxgl_icon.png
16:49:19.594 [FXGL Background Thread 3 ] DEBUG Engine               - applicationMode: DEVELOPER
16:49:19.594 [FXGL Background Thread 3 ] DEBUG Engine               - cSSList: [fxgl_dark.css]
16:49:19.594 [FXGL Background Thread 3 ] DEBUG Engine               - collisionDetectionStrategy: BRUTE_FORCE
16:49:19.594 [FXGL Background Thread 3 ] DEBUG Engine               - configClass: Optional.empty
16:49:19.594 [FXGL Background Thread 3 ] DEBUG Engine               - credits: []
16:49:19.594 [FXGL Background Thread 3 ] DEBUG Engine               - defaultCursor: CursorInfo(imageName=fxgl_default_cursor.png, hotspotX=7.0, hotspotY=6.0)
16:49:19.595 [FXGL Background Thread 3 ] DEBUG Engine               - devBBoxColorProperty: ObjectProperty [value: 0xff0000ff]
16:49:19.595 [FXGL Background Thread 3 ] DEBUG Engine               - devEnableDebugCameraProperty: BooleanProperty [value: false]
16:49:19.595 [FXGL Background Thread 3 ] DEBUG Engine               - devSensorColorProperty: ObjectProperty [value: 0xffff00ff]
16:49:19.595 [FXGL Background Thread 3 ] DEBUG Engine               - devShowBBoxProperty: BooleanProperty [value: false]
16:49:19.595 [FXGL Background Thread 3 ] DEBUG Engine               - devShowPositionProperty: BooleanProperty [value: false]
16:49:19.595 [FXGL Background Thread 3 ] DEBUG Engine               - enabledMenuItems: []
16:49:19.595 [FXGL Background Thread 3 ] DEBUG Engine               - engineServices: [class com.almasb.fxgl.app.services.FXGLAssetLoaderService, class com.almasb.fxgl.app.FXGLApplication$GameApplicationService, class com.almasb.fxgl.app.services.FXGLDialogService, class com.almasb.fxgl.app.services.IOTaskExecutorService, class com.almasb.fxgl.io.FileSystemService, class com.almasb.fxgl.localization.LocalizationService, class com.almasb.fxgl.app.services.SystemBundleService, class com.almasb.fxgl.profile.SaveLoadService, class com.almasb.fxgl.ui.FXGLUIFactoryServiceProvider, class com.almasb.fxgl.ui.FXGLDialogFactoryServiceProvider, class com.almasb.fxgl.audio.AudioPlayer, class com.almasb.fxgl.notification.impl.NotificationServiceProvider, class com.almasb.fxgl.achievement.AchievementService, class com.almasb.fxgl.cutscene.CutsceneService, class com.almasb.fxgl.minigames.MiniGameService, class com.almasb.fxgl.net.NetService, class com.almasb.fxgl.app.services.UpdaterService, class com.almasb.fxgl.dev.DevService]
16:49:19.595 [FXGL Background Thread 3 ] DEBUG Engine               - fontGame: Abel-Regular.ttf
16:49:19.595 [FXGL Background Thread 3 ] DEBUG Engine               - fontMono: lucida_console.ttf
16:49:19.595 [FXGL Background Thread 3 ] DEBUG Engine               - fontText: Courier-Prime.ttf
16:49:19.595 [FXGL Background Thread 3 ] DEBUG Engine               - fontUI: VarelaRound-Regular.ttf
16:49:19.595 [FXGL Background Thread 3 ] DEBUG Engine               - fullScreen: BooleanProperty [value: false]
16:49:19.595 [FXGL Background Thread 3 ] DEBUG Engine               - gameDifficulty: MEDIUM
16:49:19.595 [FXGL Background Thread 3 ] DEBUG Engine               - gameDifficultyProperty: ObjectProperty [value: MEDIUM]
16:49:19.595 [FXGL Background Thread 3 ] DEBUG Engine               - globalMusicVolume: 0.5
16:49:19.596 [FXGL Background Thread 3 ] DEBUG Engine               - globalMusicVolumeProperty: DoubleProperty [value: 0.5]
16:49:19.596 [FXGL Background Thread 3 ] DEBUG Engine               - globalSoundVolume: 0.5
16:49:19.596 [FXGL Background Thread 3 ] DEBUG Engine               - globalSoundVolumeProperty: DoubleProperty [value: 0.5]
16:49:19.596 [FXGL Background Thread 3 ] DEBUG Engine               - height: 1080
16:49:19.596 [FXGL Background Thread 3 ] DEBUG Engine               - is3D: false
16:49:19.596 [FXGL Background Thread 3 ] DEBUG Engine               - isAndroid: false
16:49:19.596 [FXGL Background Thread 3 ] DEBUG Engine               - isBrowser: false
16:49:19.596 [FXGL Background Thread 3 ] DEBUG Engine               - isClickFeedbackEnabled: false
16:49:19.596 [FXGL Background Thread 3 ] DEBUG Engine               - isCloseConfirmation: true
16:49:19.596 [FXGL Background Thread 3 ] DEBUG Engine               - isDesktop: true
16:49:19.596 [FXGL Background Thread 3 ] DEBUG Engine               - isDeveloperMenuEnabled: false
16:49:19.596 [FXGL Background Thread 3 ] DEBUG Engine               - isEntityPreloadEnabled: true
16:49:19.596 [FXGL Background Thread 3 ] DEBUG Engine               - isExperimentalTiledLargeMap: false
16:49:19.596 [FXGL Background Thread 3 ] DEBUG Engine               - isFileSystemWriteAllowed: true
16:49:19.596 [FXGL Background Thread 3 ] DEBUG Engine               - isFullScreenAllowed: false
16:49:19.596 [FXGL Background Thread 3 ] DEBUG Engine               - isFullScreenFromStart: false
16:49:19.596 [FXGL Background Thread 3 ] DEBUG Engine               - isGameMenuEnabled: false
16:49:19.596 [FXGL Background Thread 3 ] DEBUG Engine               - isIOS: false
16:49:19.597 [FXGL Background Thread 3 ] DEBUG Engine               - isIntroEnabled: false
16:49:19.597 [FXGL Background Thread 3 ] DEBUG Engine               - isLinux: false
16:49:19.597 [FXGL Background Thread 3 ] DEBUG Engine               - isMac: false
16:49:19.597 [FXGL Background Thread 3 ] DEBUG Engine               - isMainMenuEnabled: true
16:49:19.597 [FXGL Background Thread 3 ] DEBUG Engine               - isManualResizeEnabled: false
16:49:19.597 [FXGL Background Thread 3 ] DEBUG Engine               - isMobile: false
16:49:19.597 [FXGL Background Thread 3 ] DEBUG Engine               - isNative: false
16:49:19.597 [FXGL Background Thread 3 ] DEBUG Engine               - isPauseMusicWhenMinimized: true
16:49:19.597 [FXGL Background Thread 3 ] DEBUG Engine               - isPreserveResizeRatio: false
16:49:19.597 [FXGL Background Thread 3 ] DEBUG Engine               - isProfilingEnabled: false
16:49:19.597 [FXGL Background Thread 3 ] DEBUG Engine               - isScaleAffectedOnResize: true
16:49:19.597 [FXGL Background Thread 3 ] DEBUG Engine               - isSingleStep: false
16:49:19.597 [FXGL Background Thread 3 ] DEBUG Engine               - isUserProfileEnabled: false
16:49:19.597 [FXGL Background Thread 3 ] DEBUG Engine               - isWindows: true
16:49:19.597 [FXGL Background Thread 3 ] DEBUG Engine               - language: ObjectProperty [value: ENGLISH]
16:49:19.597 [FXGL Background Thread 3 ] DEBUG Engine               - menuKey: ESCAPE
16:49:19.597 [FXGL Background Thread 3 ] DEBUG Engine               - mouseSensitivity: 0.2
16:49:19.598 [FXGL Background Thread 3 ] DEBUG Engine               - notificationViewClass: class com.almasb.fxgl.notification.view.XboxNotificationView
16:49:19.598 [FXGL Background Thread 3 ] DEBUG Engine               - pixelsPerMeter: 50.0
16:49:19.598 [FXGL Background Thread 3 ] DEBUG Engine               - platform: WINDOWS
16:49:19.598 [FXGL Background Thread 3 ] DEBUG Engine               - prefHeightProperty: ReadOnlyDoubleProperty [value: 1080.0]
16:49:19.598 [FXGL Background Thread 3 ] DEBUG Engine               - prefWidthProperty: ReadOnlyDoubleProperty [value: 1920.0]
16:49:19.598 [FXGL Background Thread 3 ] DEBUG Engine               - profileDir: profiles/
16:49:19.598 [FXGL Background Thread 3 ] DEBUG Engine               - profileName: StringProperty [value: DEFAULT]
16:49:19.598 [FXGL Background Thread 3 ] DEBUG Engine               - randomSeed: -1
16:49:19.598 [FXGL Background Thread 3 ] DEBUG Engine               - runtimeInfo: RuntimeInfo(platform=WINDOWS, version=11.17, build=16.07.2021 15.46)
16:49:19.598 [FXGL Background Thread 3 ] DEBUG Engine               - saveFileExt: sav
16:49:19.598 [FXGL Background Thread 3 ] DEBUG Engine               - scaledHeightProp$fxgl: DoubleProperty [bound, value: 720.0]
16:49:19.598 [FXGL Background Thread 3 ] DEBUG Engine               - scaledWidthProp$fxgl: DoubleProperty [bound, value: 1255.0]
16:49:19.598 [FXGL Background Thread 3 ] DEBUG Engine               - sceneFactory: com.example.demo.Factory.MySceneFactory@2709759d
16:49:19.598 [FXGL Background Thread 3 ] DEBUG Engine               - secondsIn24h: 60
16:49:19.598 [FXGL Background Thread 3 ] DEBUG Engine               - soundMenuBack: menu/back.wav
16:49:19.598 [FXGL Background Thread 3 ] DEBUG Engine               - soundMenuPress: menu/press.wav
16:49:19.598 [FXGL Background Thread 3 ] DEBUG Engine               - soundMenuSelect: menu/select.wav
16:49:19.599 [FXGL Background Thread 3 ] DEBUG Engine               - soundNotification: core/notification.wav
16:49:19.599 [FXGL Background Thread 3 ] DEBUG Engine               - stageStyle: DECORATED
16:49:19.599 [FXGL Background Thread 3 ] DEBUG Engine               - supportedLanguages: [ENGLISH, FRENCH, GERMAN, HUNGARIAN, RUSSIAN]
16:49:19.599 [FXGL Background Thread 3 ] DEBUG Engine               - ticksPerSecond: -1
16:49:19.599 [FXGL Background Thread 3 ] DEBUG Engine               - title: Stictactics
16:49:19.599 [FXGL Background Thread 3 ] DEBUG Engine               - urlGithub: https://github.com/AlmasB/FXGL
16:49:19.599 [FXGL Background Thread 3 ] DEBUG Engine               - urlLeaderboard: http://fxgl-top.herokuapp.com/
16:49:19.599 [FXGL Background Thread 3 ] DEBUG Engine               - urlPOM: https://raw.githubusercontent.com/AlmasB/FXGL/release/README.md
16:49:19.599 [FXGL Background Thread 3 ] DEBUG Engine               - userAppClass: class com.example.demo.HelloController
16:49:19.599 [FXGL Background Thread 3 ] DEBUG Engine               - version: 0.0
16:49:19.599 [FXGL Background Thread 3 ] DEBUG Engine               - versionCheckDays: 7
16:49:19.599 [FXGL Background Thread 3 ] DEBUG Engine               - width: 1920
16:49:19.599 [FXGL Background Thread 3 ] DEBUG Engine               - Logging services
16:49:19.599 [FXGL Background Thread 3 ] DEBUG Engine               - class com.almasb.fxgl.app.services.FXGLAssetLoaderService
16:49:19.599 [FXGL Background Thread 3 ] DEBUG Engine               - class com.almasb.fxgl.app.FXGLApplication$GameApplicationService
16:49:19.599 [FXGL Background Thread 3 ] DEBUG Engine               - class com.almasb.fxgl.app.services.FXGLDialogService
16:49:19.599 [FXGL Background Thread 3 ] DEBUG Engine               - class com.almasb.fxgl.app.services.IOTaskExecutorService
16:49:19.599 [FXGL Background Thread 3 ] DEBUG Engine               - class com.almasb.fxgl.io.FileSystemService
16:49:19.599 [FXGL Background Thread 3 ] DEBUG Engine               - class com.almasb.fxgl.localization.LocalizationService
16:49:19.599 [FXGL Background Thread 3 ] DEBUG Engine               - class com.almasb.fxgl.app.services.SystemBundleService
16:49:19.600 [FXGL Background Thread 3 ] DEBUG Engine               - class com.almasb.fxgl.profile.SaveLoadService
16:49:19.600 [FXGL Background Thread 3 ] DEBUG Engine               - class com.almasb.fxgl.ui.FXGLUIFactoryServiceProvider
16:49:19.600 [FXGL Background Thread 3 ] DEBUG Engine               - class com.almasb.fxgl.ui.FXGLDialogFactoryServiceProvider
16:49:19.600 [FXGL Background Thread 3 ] DEBUG Engine               - class com.almasb.fxgl.audio.AudioPlayer
16:49:19.600 [FXGL Background Thread 3 ] DEBUG Engine               - class com.almasb.fxgl.notification.impl.NotificationServiceProvider
16:49:19.600 [FXGL Background Thread 3 ] DEBUG Engine               - class com.almasb.fxgl.achievement.AchievementService
16:49:19.600 [FXGL Background Thread 3 ] DEBUG Engine               - class com.almasb.fxgl.cutscene.CutsceneService
16:49:19.600 [FXGL Background Thread 3 ] DEBUG Engine               - class com.almasb.fxgl.minigames.MiniGameService
16:49:19.600 [FXGL Background Thread 3 ] DEBUG Engine               - class com.almasb.fxgl.net.NetService
16:49:19.600 [FXGL Background Thread 3 ] DEBUG Engine               - class com.almasb.fxgl.app.services.UpdaterService
16:49:19.600 [FXGL Background Thread 3 ] DEBUG Engine               - class com.almasb.fxgl.dev.DevService
16:49:39.686 [JavaFX Application Thread] DEBUG LoopRunner           - Pausing loop
16:49:39.698 [JavaFX Application Thread] DEBUG LoopRunner           - Pausing loop
16:49:41.379 [JavaFX Application Thread] DEBUG LoopRunner           - Resuming loop
16:49:41.379 [JavaFX Application Thread] DEBUG GameApplicationServi - Starting new game
16:49:41.379 [JavaFX Application Thread] DEBUG Input                - Clearing active input actions
16:49:41.389 [JavaFX Application Thread] DEBUG GameApplicationServi - Removing overlay from GameScene and adding to FXGLLoadingScene
16:49:41.389 [JavaFX Application Thread] DEBUG PrimaryStageWindow   - GameScene -> FXGLLoadingScene
16:49:41.389 [JavaFX Application Thread] DEBUG GameApplicationServi - Clearing previous game
16:49:41.390 [JavaFX Application Thread] DEBUG GameScene            - Clearing game scene
16:49:41.390 [JavaFX Application Thread] DEBUG GameWorld            - Clearing game world
16:49:41.391 [JavaFX Application Thread] DEBUG PhysicsWorld         - Clearing physics world
16:49:41.393 [FXGL Background Thread 4 ] DEBUG FXGLApplication      - Initializing game
16:49:41.405 [FXGL Background Thread 4 ] WARN  TMXLevelLoader       - TiledMap generated from 1.11.2. Supported version: 1.2.3. Some features may not be parsed fully.
16:49:41.414 [FXGL Background Thread 4 ] DEBUG TMXLevelLoader       - Parsed TiledMap: file:/C:/Users/zyla/demoGame4OOP/target/classes/assets/levels/tmx/map.tmx
16:49:41.414 [FXGL Background Thread 4 ] DEBUG TMXLevelLoader       - Creating tile layer entities
16:49:41.414 [FXGL Background Thread 4 ] DEBUG TilesetLoader        - Loading view for layer Tile Layer 1
16:49:41.415 [FXGL Background Thread 4 ] DEBUG TilesetLoader        - Created buffer with size 1920.0x1088.0
16:49:41.473 [FXGL Background Thread 4 ] DEBUG TMXLevelLoader       - Creating object layer entities
16:49:41.475 [FXGL Background Thread 4 ] DEBUG GameWorld            - Clearing removable entities
16:49:41.475 [FXGL Background Thread 4 ] DEBUG GameWorld            - Setting level: com.almasb.fxgl.entity.level.Level@1116d68c
16:49:41.484 [FXGL Background Thread 4 ] INFO  FXGLApplication      - Game initialization took: 0.090 sec
16:49:41.501 [JavaFX Application Thread] DEBUG Input                - Clearing active input actions
16:49:41.509 [JavaFX Application Thread] DEBUG GameApplicationServi - Removing overlay from FXGLLoadingScene and adding to GameScene
16:49:41.509 [JavaFX Application Thread] DEBUG PrimaryStageWindow   - FXGLLoadingScene -> GameScene
16:49:42.087 [JavaFX Application Thread] DEBUG PrimaryStageWindow   - Push state: DialogSubScene
16:49:42.087 [JavaFX Application Thread] DEBUG Input                - Clearing active input actions
16:49:42.089 [JavaFX Application Thread] DEBUG GameApplicationServi - Removing overlay from GameScene and adding to DialogSubScene
16:49:42.089 [JavaFX Application Thread] DEBUG PrimaryStageWindow   - GameScene -> DialogSubScene
16:49:43.810 [JavaFX Application Thread] DEBUG PrimaryStageWindow   - Pop state: DialogSubScene
16:49:43.810 [JavaFX Application Thread] DEBUG Input                - Clearing active input actions
16:49:43.811 [JavaFX Application Thread] DEBUG GameApplicationServi - Removing overlay from DialogSubScene and adding to GameScene
16:49:43.812 [JavaFX Application Thread] DEBUG PrimaryStageWindow   - GameScene <- DialogSubScene
16:49:43.812 [JavaFX Application Thread] DEBUG FXGLApplication      - Exiting FXGL
16:49:43.812 [JavaFX Application Thread] DEBUG LoopRunner           - Stopping loop
16:49:43.813 [JavaFX Application Thread] DEBUG SystemBundleService  - Saving FXGL system data
16:49:43.817 [JavaFX Application Thread] DEBUG FileSystemAccess     - Writing to: C:\Users\zyla\demoGame4OOP\system\fxgl.bundle
16:49:43.819 [JavaFX Application Thread] DEBUG Async                - Shutting down background threads
16:49:43.819 [JavaFX Application Thread] DEBUG PrimaryStageWindow   - Closing main window
16:49:43.875 [JavaFX Application Thread] DEBUG Logger               - Closing Logger
