08:24:08.193 [main                     ] DEBUG Logger               - Configured Logger
08:24:08.195 [main                     ] DEBUG GameApplication      - Logging settings
Title: Stictactics
Version: 0.0
Width: 1920
Height: 1080
Fullscreen: false
Intro: true
Profiling: false
Single step:false
App Mode: DEVELOPER
Menu Key: ESCAPE
Stage Style: DECORATED
Scene Factory: class com.example.demo.MySceneFactory

08:24:08.565 [JavaFX Application Thread] DEBUG FXGLApplication      - Initializing FXGL
08:24:08.566 [JavaFX Application Thread] INFO  Engine               - FXGL-11.17 (16.07.2021 15.46) on WINDOWS (J:23.0.2 FX:17.0.6)
08:24:08.567 [JavaFX Application Thread] DEBUG Engine               - JRE Vendor Name: Oracle Corporation
08:24:08.567 [JavaFX Application Thread] DEBUG Engine               - Running on OS: Windows 11 version 10.0
08:24:08.567 [JavaFX Application Thread] DEBUG Engine               - Architecture: amd64
08:24:08.567 [JavaFX Application Thread] INFO  Engine               - Source code and latest versions at: https://github.com/AlmasB/FXGL
08:24:08.567 [JavaFX Application Thread] INFO  Engine               -              Join the FXGL chat at: https://gitter.im/AlmasB/FXGL
08:24:08.660 [JavaFX Application Thread] DEBUG PrimaryStageWindow   - Creating a JavaFX scene
08:24:08.661 [JavaFX Application Thread] DEBUG PrimaryStageWindow   - Target size > screen size
08:24:08.711 [JavaFX Application Thread] DEBUG PrimaryStageWindow   - Target settings size: 1920.0 x 1080.0
08:24:08.712 [JavaFX Application Thread] DEBUG PrimaryStageWindow   - Scaled scene size:    1255.0 x 720.0
08:24:08.712 [JavaFX Application Thread] DEBUG PrimaryStageWindow   - Scaled ratio: (0.6536458333333334, 0.6666666666666666)
08:24:08.712 [JavaFX Application Thread] DEBUG PrimaryStageWindow   - Set initial scene to FXGLStartupScene
08:24:08.720 [JavaFX Application Thread] DEBUG PrimaryStageWindow   - Opening main window
08:24:08.819 [JavaFX Application Thread] DEBUG PrimaryStageWindow   - Window border size: (16.0, 39.0)
08:24:08.819 [JavaFX Application Thread] DEBUG PrimaryStageWindow   - Scaled size: 1255.0 x 720.0
08:24:08.820 [JavaFX Application Thread] DEBUG PrimaryStageWindow   - Scaled ratio: (0.6536458333333334, 0.6666666666666666)
08:24:08.820 [JavaFX Application Thread] DEBUG PrimaryStageWindow   - Scene size: 1255.0 x 720.0
08:24:08.820 [JavaFX Application Thread] DEBUG PrimaryStageWindow   - Stage size: 1271.0 x 759.0
08:24:08.830 [FXGL Background Thread 1 ] DEBUG Engine               - Initializing environment variables
08:24:08.964 [FXGL Background Thread 1 ] DEBUG FXGLAssetLoaderServi - User app class for loading assets: class com.example.demo.HelloApplication
08:24:08.964 [FXGL Background Thread 1 ] DEBUG GameApplicationServi - Applying CSS: fxgl_dark.css
08:24:08.964 [FXGL Background Thread 1 ] DEBUG FXGLAssetLoaderServi - Loading from file system: jar:file:///C:/Users/zyla/.m2/repository/com/github/almasb/fxgl/11.17/fxgl-11.17.jar!/fxglassets/ui/css/fxgl_dark.css
08:24:09.033 [FXGL Background Thread 1 ] DEBUG GameApplicationServi - Initializing application scenes
08:24:09.153 [FXGL Background Thread 1 ] DEBUG GameWorld            - Game world initialized
08:24:09.227 [FXGL Background Thread 1 ] DEBUG PhysicsWorld         - Physics world initialized: appHeight=1080, physics.ppm=50.0
08:24:09.228 [FXGL Background Thread 1 ] DEBUG PhysicsWorld         - Using strategy: BRUTE_FORCE
08:24:09.231 [FXGL Background Thread 1 ] DEBUG GameScene            - Game scene initialized: 1920x1080
08:24:09.397 [FXGL Background Thread 1 ] DEBUG GameApplicationServi - Application scenes initialized
08:24:09.411 [FXGL Background Thread 1 ] DEBUG SystemBundleService  - Loading FXGL system data
08:24:09.418 [FXGL Background Thread 1 ] DEBUG FileSystemAccess     - Reading from: C:\Users\zyla\demoGame4OOP\system\fxgl.bundle
08:24:09.428 [FXGL Background Thread 1 ] DEBUG SystemBundleService  - Bundle FXGL: {}
08:24:09.428 [FXGL Background Thread 1 ] DEBUG UpdaterService       - Checking for updates
08:24:09.434 [FXGL Background Thread 1 ] DEBUG FXGLApplication      - Loading default localization
08:24:09.434 [FXGL Background Thread 1 ] DEBUG FXGLAssetLoaderServi - Loading from file system: jar:file:///C:/Users/zyla/.m2/repository/com/github/almasb/fxgl/11.17/fxgl-11.17.jar!/fxglassets/languages/english.lang
08:24:09.474 [FXGL Background Thread 1 ] INFO  FXGLApplication      - FXGL initialization took: 0.645 sec
08:24:09.478 [FXGL Background Thread 4 ] DEBUG FXGLApplication      - Loading fonts
08:24:09.479 [FXGL Background Thread 4 ] DEBUG FXGLAssetLoaderServi - Loading from file system: jar:file:///C:/Users/zyla/.m2/repository/com/github/almasb/fxgl/11.17/fxgl-11.17.jar!/fxglassets/ui/fonts/VarelaRound-Regular.ttf
08:24:09.501 [JavaFX Application Thread] DEBUG Input                - Registered new binding: P1Left - A
08:24:09.502 [JavaFX Application Thread] DEBUG Input                - Registered new binding: P1Right - D
08:24:09.503 [JavaFX Application Thread] DEBUG Input                - Registered new binding: P1Jump - W
08:24:09.503 [JavaFX Application Thread] DEBUG Input                - Registered new binding: P1Punch - F
08:24:09.503 [JavaFX Application Thread] DEBUG Input                - Registered new binding: P2Left - J
08:24:09.503 [JavaFX Application Thread] DEBUG Input                - Registered new binding: P2Right - L
08:24:09.506 [JavaFX Application Thread] DEBUG Input                - Registered new binding: P2Jump - I
08:24:09.506 [JavaFX Application Thread] DEBUG Input                - Registered new binding: P2Punch - H
08:24:09.517 [JavaFX Application Thread] WARN  FXGLAssetLoaderServi - Asset "/assets/textures//assets/textures/background-intro.mp4" was not found!
08:24:09.517 [JavaFX Application Thread] WARN  FXGLAssetLoaderServi - Failed to load IMAGE
08:24:09.575 [JavaFX Application Thread] DEBUG FXGLAssetLoaderServi - Loading from file system: jar:file:///C:/Users/zyla/.m2/repository/com/github/almasb/fxgl/11.17/fxgl-11.17.jar!/fxglassets/textures/fxgl_icon.png
08:24:09.641 [JavaFX Application Thread] DEBUG FXGLAssetLoaderServi - Loading from file system: jar:file:///C:/Users/zyla/.m2/repository/com/github/almasb/fxgl/11.17/fxgl-11.17.jar!/fxglassets/textures/fxgl_default_cursor.png
08:24:09.647 [JavaFX Application Thread] DEBUG Input                - Registered new binding: Screenshot - CTRL+8
08:24:09.648 [JavaFX Application Thread] DEBUG Input                - Registered new binding: System info dump - CTRL+9
08:24:09.648 [JavaFX Application Thread] DEBUG Input                - Registered new binding: Restart - CTRL+R
08:24:09.652 [JavaFX Application Thread] DEBUG Input                - Registered new binding: Toggle Debug Camera - CTRL+C
08:24:09.657 [JavaFX Application Thread] DEBUG LoopRunner           - Starting loop
08:24:09.658 [JavaFX Application Thread] DEBUG LoopRunner           - Initializing JavaFX AnimationTimerLoop
08:24:09.677 [JavaFX Application Thread] DEBUG Input                - Clearing active input actions
08:24:09.701 [JavaFX Application Thread] DEBUG GameApplicationServi - Removing overlay from FXGLStartupScene and adding to CustomIntro
08:24:09.702 [JavaFX Application Thread] DEBUG PrimaryStageWindow   - FXGLStartupScene -> CustomIntro
08:24:09.760 [FXGL Background Thread 4 ] DEBUG FXGLAssetLoaderServi - Loading from file system: jar:file:///C:/Users/zyla/.m2/repository/com/github/almasb/fxgl/11.17/fxgl-11.17.jar!/fxglassets/ui/fonts/Abel-Regular.ttf
08:24:09.782 [FXGL Background Thread 4 ] DEBUG FXGLAssetLoaderServi - Loading from file system: jar:file:///C:/Users/zyla/.m2/repository/com/github/almasb/fxgl/11.17/fxgl-11.17.jar!/fxglassets/ui/fonts/lucida_console.ttf
08:24:09.805 [FXGL Background Thread 4 ] DEBUG FXGLAssetLoaderServi - Loading from file system: jar:file:///C:/Users/zyla/.m2/repository/com/github/almasb/fxgl/11.17/fxgl-11.17.jar!/fxglassets/ui/fonts/Courier-Prime.ttf
08:24:09.900 [JavaFX Application Thread] DEBUG FXGLApplication      - Registering font factories with UI factory
08:24:10.418 [FXGL Background Thread 2 ] INFO  UpdaterService       - Your current version:  11.17
08:24:10.418 [FXGL Background Thread 2 ] INFO  UpdaterService       - Latest stable version: 21.1
08:24:12.434 [FXGL Background Thread 3 ] DEBUG Engine               - Logging environment variables
08:24:12.434 [FXGL Background Thread 3 ] DEBUG Engine               - achievements: []
08:24:12.434 [FXGL Background Thread 3 ] DEBUG Engine               - actualHeight: 720.0
08:24:12.434 [FXGL Background Thread 3 ] DEBUG Engine               - actualHeightProperty: ReadOnlyDoubleProperty [value: 720.0]
08:24:12.434 [FXGL Background Thread 3 ] DEBUG Engine               - actualWidth: 1255.0
08:24:12.434 [FXGL Background Thread 3 ] DEBUG Engine               - actualWidthProperty: ReadOnlyDoubleProperty [value: 1255.0]
08:24:12.434 [FXGL Background Thread 3 ] DEBUG Engine               - appIcon: fxgl_icon.png
08:24:12.435 [FXGL Background Thread 3 ] DEBUG Engine               - applicationMode: DEVELOPER
08:24:12.435 [FXGL Background Thread 3 ] DEBUG Engine               - cSSList: [fxgl_dark.css]
08:24:12.435 [FXGL Background Thread 3 ] DEBUG Engine               - collisionDetectionStrategy: BRUTE_FORCE
08:24:12.435 [FXGL Background Thread 3 ] DEBUG Engine               - configClass: Optional.empty
08:24:12.435 [FXGL Background Thread 3 ] DEBUG Engine               - credits: []
08:24:12.435 [FXGL Background Thread 3 ] DEBUG Engine               - defaultCursor: CursorInfo(imageName=fxgl_default_cursor.png, hotspotX=7.0, hotspotY=6.0)
08:24:12.435 [FXGL Background Thread 3 ] DEBUG Engine               - devBBoxColorProperty: ObjectProperty [value: 0xff0000ff]
08:24:12.435 [FXGL Background Thread 3 ] DEBUG Engine               - devEnableDebugCameraProperty: BooleanProperty [value: false]
08:24:12.435 [FXGL Background Thread 3 ] DEBUG Engine               - devSensorColorProperty: ObjectProperty [value: 0xffff00ff]
08:24:12.435 [FXGL Background Thread 3 ] DEBUG Engine               - devShowBBoxProperty: BooleanProperty [value: false]
08:24:12.436 [FXGL Background Thread 3 ] DEBUG Engine               - devShowPositionProperty: BooleanProperty [value: false]
08:24:12.436 [FXGL Background Thread 3 ] DEBUG Engine               - enabledMenuItems: []
08:24:12.436 [FXGL Background Thread 3 ] DEBUG Engine               - engineServices: [class com.almasb.fxgl.app.services.FXGLAssetLoaderService, class com.almasb.fxgl.app.FXGLApplication$GameApplicationService, class com.almasb.fxgl.app.services.FXGLDialogService, class com.almasb.fxgl.app.services.IOTaskExecutorService, class com.almasb.fxgl.io.FileSystemService, class com.almasb.fxgl.localization.LocalizationService, class com.almasb.fxgl.app.services.SystemBundleService, class com.almasb.fxgl.profile.SaveLoadService, class com.almasb.fxgl.ui.FXGLUIFactoryServiceProvider, class com.almasb.fxgl.ui.FXGLDialogFactoryServiceProvider, class com.almasb.fxgl.audio.AudioPlayer, class com.almasb.fxgl.notification.impl.NotificationServiceProvider, class com.almasb.fxgl.achievement.AchievementService, class com.almasb.fxgl.cutscene.CutsceneService, class com.almasb.fxgl.minigames.MiniGameService, class com.almasb.fxgl.net.NetService, class com.almasb.fxgl.app.services.UpdaterService, class com.almasb.fxgl.dev.DevService]
08:24:12.436 [FXGL Background Thread 3 ] DEBUG Engine               - fontGame: Abel-Regular.ttf
08:24:12.436 [FXGL Background Thread 3 ] DEBUG Engine               - fontMono: lucida_console.ttf
08:24:12.436 [FXGL Background Thread 3 ] DEBUG Engine               - fontText: Courier-Prime.ttf
08:24:12.436 [FXGL Background Thread 3 ] DEBUG Engine               - fontUI: VarelaRound-Regular.ttf
08:24:12.436 [FXGL Background Thread 3 ] DEBUG Engine               - fullScreen: BooleanProperty [value: false]
08:24:12.436 [FXGL Background Thread 3 ] DEBUG Engine               - gameDifficulty: MEDIUM
08:24:12.436 [FXGL Background Thread 3 ] DEBUG Engine               - gameDifficultyProperty: ObjectProperty [value: MEDIUM]
08:24:12.436 [FXGL Background Thread 3 ] DEBUG Engine               - globalMusicVolume: 0.5
08:24:12.436 [FXGL Background Thread 3 ] DEBUG Engine               - globalMusicVolumeProperty: DoubleProperty [value: 0.5]
08:24:12.436 [FXGL Background Thread 3 ] DEBUG Engine               - globalSoundVolume: 0.5
08:24:12.436 [FXGL Background Thread 3 ] DEBUG Engine               - globalSoundVolumeProperty: DoubleProperty [value: 0.5]
08:24:12.436 [FXGL Background Thread 3 ] DEBUG Engine               - height: 1080
08:24:12.436 [FXGL Background Thread 3 ] DEBUG Engine               - is3D: false
08:24:12.436 [FXGL Background Thread 3 ] DEBUG Engine               - isAndroid: false
08:24:12.436 [FXGL Background Thread 3 ] DEBUG Engine               - isBrowser: false
08:24:12.436 [FXGL Background Thread 3 ] DEBUG Engine               - isClickFeedbackEnabled: false
08:24:12.436 [FXGL Background Thread 3 ] DEBUG Engine               - isCloseConfirmation: true
08:24:12.437 [FXGL Background Thread 3 ] DEBUG Engine               - isDesktop: true
08:24:12.437 [FXGL Background Thread 3 ] DEBUG Engine               - isDeveloperMenuEnabled: false
08:24:12.437 [FXGL Background Thread 3 ] DEBUG Engine               - isEntityPreloadEnabled: true
08:24:12.437 [FXGL Background Thread 3 ] DEBUG Engine               - isExperimentalTiledLargeMap: false
08:24:12.437 [FXGL Background Thread 3 ] DEBUG Engine               - isFileSystemWriteAllowed: true
08:24:12.437 [FXGL Background Thread 3 ] DEBUG Engine               - isFullScreenAllowed: false
08:24:12.437 [FXGL Background Thread 3 ] DEBUG Engine               - isFullScreenFromStart: false
08:24:12.437 [FXGL Background Thread 3 ] DEBUG Engine               - isGameMenuEnabled: false
08:24:12.437 [FXGL Background Thread 3 ] DEBUG Engine               - isIOS: false
08:24:12.437 [FXGL Background Thread 3 ] DEBUG Engine               - isIntroEnabled: true
08:24:12.437 [FXGL Background Thread 3 ] DEBUG Engine               - isLinux: false
08:24:12.437 [FXGL Background Thread 3 ] DEBUG Engine               - isMac: false
08:24:12.437 [FXGL Background Thread 3 ] DEBUG Engine               - isMainMenuEnabled: true
08:24:12.437 [FXGL Background Thread 3 ] DEBUG Engine               - isManualResizeEnabled: false
08:24:12.437 [FXGL Background Thread 3 ] DEBUG Engine               - isMobile: false
08:24:12.437 [FXGL Background Thread 3 ] DEBUG Engine               - isNative: false
08:24:12.437 [FXGL Background Thread 3 ] DEBUG Engine               - isPauseMusicWhenMinimized: true
08:24:12.437 [FXGL Background Thread 3 ] DEBUG Engine               - isPreserveResizeRatio: false
08:24:12.437 [FXGL Background Thread 3 ] DEBUG Engine               - isProfilingEnabled: false
08:24:12.437 [FXGL Background Thread 3 ] DEBUG Engine               - isScaleAffectedOnResize: true
08:24:12.437 [FXGL Background Thread 3 ] DEBUG Engine               - isSingleStep: false
08:24:12.437 [FXGL Background Thread 3 ] DEBUG Engine               - isUserProfileEnabled: false
08:24:12.438 [FXGL Background Thread 3 ] DEBUG Engine               - isWindows: true
08:24:12.438 [FXGL Background Thread 3 ] DEBUG Engine               - language: ObjectProperty [value: ENGLISH]
08:24:12.438 [FXGL Background Thread 3 ] DEBUG Engine               - menuKey: ESCAPE
08:24:12.438 [FXGL Background Thread 3 ] DEBUG Engine               - mouseSensitivity: 0.2
08:24:12.438 [FXGL Background Thread 3 ] DEBUG Engine               - notificationViewClass: class com.almasb.fxgl.notification.view.XboxNotificationView
08:24:12.438 [FXGL Background Thread 3 ] DEBUG Engine               - pixelsPerMeter: 50.0
08:24:12.438 [FXGL Background Thread 3 ] DEBUG Engine               - platform: WINDOWS
08:24:12.438 [FXGL Background Thread 3 ] DEBUG Engine               - prefHeightProperty: ReadOnlyDoubleProperty [value: 1080.0]
08:24:12.438 [FXGL Background Thread 3 ] DEBUG Engine               - prefWidthProperty: ReadOnlyDoubleProperty [value: 1920.0]
08:24:12.438 [FXGL Background Thread 3 ] DEBUG Engine               - profileDir: profiles/
08:24:12.438 [FXGL Background Thread 3 ] DEBUG Engine               - profileName: StringProperty [value: DEFAULT]
08:24:12.438 [FXGL Background Thread 3 ] DEBUG Engine               - randomSeed: -1
08:24:12.438 [FXGL Background Thread 3 ] DEBUG Engine               - runtimeInfo: RuntimeInfo(platform=WINDOWS, version=11.17, build=16.07.2021 15.46)
08:24:12.438 [FXGL Background Thread 3 ] DEBUG Engine               - saveFileExt: sav
08:24:12.438 [FXGL Background Thread 3 ] DEBUG Engine               - scaledHeightProp$fxgl: DoubleProperty [bound, value: 720.0]
08:24:12.438 [FXGL Background Thread 3 ] DEBUG Engine               - scaledWidthProp$fxgl: DoubleProperty [bound, value: 1255.0]
08:24:12.438 [FXGL Background Thread 3 ] DEBUG Engine               - sceneFactory: com.example.demo.MySceneFactory@2f78fb08
08:24:12.438 [FXGL Background Thread 3 ] DEBUG Engine               - secondsIn24h: 60
08:24:12.438 [FXGL Background Thread 3 ] DEBUG Engine               - soundMenuBack: menu/back.wav
08:24:12.439 [FXGL Background Thread 3 ] DEBUG Engine               - soundMenuPress: menu/press.wav
08:24:12.439 [FXGL Background Thread 3 ] DEBUG Engine               - soundMenuSelect: menu/select.wav
08:24:12.439 [FXGL Background Thread 3 ] DEBUG Engine               - soundNotification: core/notification.wav
08:24:12.439 [FXGL Background Thread 3 ] DEBUG Engine               - stageStyle: DECORATED
08:24:12.439 [FXGL Background Thread 3 ] DEBUG Engine               - supportedLanguages: [ENGLISH, FRENCH, GERMAN, HUNGARIAN, RUSSIAN]
08:24:12.439 [FXGL Background Thread 3 ] DEBUG Engine               - ticksPerSecond: -1
08:24:12.439 [FXGL Background Thread 3 ] DEBUG Engine               - title: Stictactics
08:24:12.439 [FXGL Background Thread 3 ] DEBUG Engine               - urlGithub: https://github.com/AlmasB/FXGL
08:24:12.439 [FXGL Background Thread 3 ] DEBUG Engine               - urlLeaderboard: http://fxgl-top.herokuapp.com/
08:24:12.439 [FXGL Background Thread 3 ] DEBUG Engine               - urlPOM: https://raw.githubusercontent.com/AlmasB/FXGL/release/README.md
08:24:12.439 [FXGL Background Thread 3 ] DEBUG Engine               - userAppClass: class com.example.demo.HelloApplication
08:24:12.439 [FXGL Background Thread 3 ] DEBUG Engine               - version: 0.0
08:24:12.439 [FXGL Background Thread 3 ] DEBUG Engine               - versionCheckDays: 7
08:24:12.439 [FXGL Background Thread 3 ] DEBUG Engine               - width: 1920
08:24:12.439 [FXGL Background Thread 3 ] DEBUG Engine               - Logging services
08:24:12.439 [FXGL Background Thread 3 ] DEBUG Engine               - class com.almasb.fxgl.app.services.FXGLAssetLoaderService
08:24:12.439 [FXGL Background Thread 3 ] DEBUG Engine               - class com.almasb.fxgl.app.FXGLApplication$GameApplicationService
08:24:12.440 [FXGL Background Thread 3 ] DEBUG Engine               - class com.almasb.fxgl.app.services.FXGLDialogService
08:24:12.440 [FXGL Background Thread 3 ] DEBUG Engine               - class com.almasb.fxgl.app.services.IOTaskExecutorService
08:24:12.440 [FXGL Background Thread 3 ] DEBUG Engine               - class com.almasb.fxgl.io.FileSystemService
08:24:12.440 [FXGL Background Thread 3 ] DEBUG Engine               - class com.almasb.fxgl.localization.LocalizationService
08:24:12.440 [FXGL Background Thread 3 ] DEBUG Engine               - class com.almasb.fxgl.app.services.SystemBundleService
08:24:12.440 [FXGL Background Thread 3 ] DEBUG Engine               - class com.almasb.fxgl.profile.SaveLoadService
08:24:12.440 [FXGL Background Thread 3 ] DEBUG Engine               - class com.almasb.fxgl.ui.FXGLUIFactoryServiceProvider
08:24:12.440 [FXGL Background Thread 3 ] DEBUG Engine               - class com.almasb.fxgl.ui.FXGLDialogFactoryServiceProvider
08:24:12.440 [FXGL Background Thread 3 ] DEBUG Engine               - class com.almasb.fxgl.audio.AudioPlayer
08:24:12.440 [FXGL Background Thread 3 ] DEBUG Engine               - class com.almasb.fxgl.notification.impl.NotificationServiceProvider
08:24:12.440 [FXGL Background Thread 3 ] DEBUG Engine               - class com.almasb.fxgl.achievement.AchievementService
08:24:12.440 [FXGL Background Thread 3 ] DEBUG Engine               - class com.almasb.fxgl.cutscene.CutsceneService
08:24:12.440 [FXGL Background Thread 3 ] DEBUG Engine               - class com.almasb.fxgl.minigames.MiniGameService
08:24:12.440 [FXGL Background Thread 3 ] DEBUG Engine               - class com.almasb.fxgl.net.NetService
08:24:12.440 [FXGL Background Thread 3 ] DEBUG Engine               - class com.almasb.fxgl.app.services.UpdaterService
08:24:12.440 [FXGL Background Thread 3 ] DEBUG Engine               - class com.almasb.fxgl.dev.DevService
08:24:12.682 [JavaFX Application Thread] DEBUG Input                - Clearing active input actions
08:24:12.708 [JavaFX Application Thread] DEBUG GameApplicationServi - Removing overlay from CustomIntro and adding to FXGLMainMenuDummyScene
08:24:12.709 [JavaFX Application Thread] DEBUG PrimaryStageWindow   - CustomIntro -> FXGLMainMenuDummyScene
08:24:12.709 [JavaFX Application Thread] DEBUG PrimaryStageWindow   - Push state: CustomMainMenu
08:24:12.709 [JavaFX Application Thread] DEBUG Input                - Clearing active input actions
08:24:12.714 [JavaFX Application Thread] DEBUG GameApplicationServi - Removing overlay from FXGLMainMenuDummyScene and adding to CustomMainMenu
08:24:12.715 [JavaFX Application Thread] DEBUG PrimaryStageWindow   - FXGLMainMenuDummyScene -> CustomMainMenu
08:24:14.920 [JavaFX Application Thread] DEBUG PrimaryStageWindow   - Push state: DialogSubScene
08:24:14.920 [JavaFX Application Thread] DEBUG Input                - Clearing active input actions
08:24:14.922 [JavaFX Application Thread] DEBUG GameApplicationServi - Removing overlay from CustomMainMenu and adding to DialogSubScene
08:24:14.922 [JavaFX Application Thread] DEBUG PrimaryStageWindow   - CustomMainMenu -> DialogSubScene
08:24:15.632 [JavaFX Application Thread] DEBUG PrimaryStageWindow   - Pop state: DialogSubScene
08:24:15.632 [JavaFX Application Thread] DEBUG Input                - Clearing active input actions
08:24:15.634 [JavaFX Application Thread] DEBUG GameApplicationServi - Removing overlay from DialogSubScene and adding to CustomMainMenu
08:24:15.634 [JavaFX Application Thread] DEBUG PrimaryStageWindow   - CustomMainMenu <- DialogSubScene
08:24:15.634 [JavaFX Application Thread] DEBUG FXGLApplication      - Exiting FXGL
08:24:15.634 [JavaFX Application Thread] DEBUG LoopRunner           - Stopping loop
08:24:15.634 [JavaFX Application Thread] DEBUG SystemBundleService  - Saving FXGL system data
08:24:15.636 [JavaFX Application Thread] DEBUG FileSystemAccess     - Writing to: C:\Users\zyla\demoGame4OOP\system\fxgl.bundle
08:24:15.639 [JavaFX Application Thread] DEBUG Async                - Shutting down background threads
08:24:15.639 [JavaFX Application Thread] DEBUG PrimaryStageWindow   - Closing main window
08:24:15.656 [JavaFX Application Thread] DEBUG Logger               - Closing Logger
