19:42:06.093 [main                     ] DEBUG Logger               - Configured Logger
19:42:06.096 [main                     ] DEBUG GameApplication      - Logging settings
Title: OOP GAME
Version: 0.1
Width: 1200
Height: 240
Fullscreen: false
Intro: false
Profiling: false
Single step:false
App Mode: DEVELOPER
Menu Key: ESCAPE
Stage Style: DECORATED
Scene Factory: class com.almasb.fxgl.app.scene.SceneFactory

19:42:06.517 [JavaFX Application Thread] DEBUG FXGLApplication      - Initializing FXGL
19:42:06.519 [JavaFX Application Thread] INFO  Engine               - FXGL-11.17 (16.07.2021 15.46) on WINDOWS (J:23.0.2 FX:17.0.6)
19:42:06.520 [JavaFX Application Thread] DEBUG Engine               - JRE Vendor Name: Oracle Corporation
19:42:06.520 [JavaFX Application Thread] DEBUG Engine               - Running on OS: Windows 11 version 10.0
19:42:06.520 [JavaFX Application Thread] DEBUG Engine               - Architecture: amd64
19:42:06.520 [JavaFX Application Thread] INFO  Engine               - Source code and latest versions at: https://github.com/AlmasB/FXGL
19:42:06.520 [JavaFX Application Thread] INFO  Engine               -              Join the FXGL chat at: https://gitter.im/AlmasB/FXGL
19:42:06.632 [JavaFX Application Thread] DEBUG PrimaryStageWindow   - Creating a JavaFX scene
19:42:06.689 [JavaFX Application Thread] DEBUG PrimaryStageWindow   - Target settings size: 1200.0 x 240.0
19:42:06.689 [JavaFX Application Thread] DEBUG PrimaryStageWindow   - Scaled scene size:    1200.0 x 240.0
19:42:06.689 [JavaFX Application Thread] DEBUG PrimaryStageWindow   - Scaled ratio: (1.0, 1.0)
19:42:06.690 [JavaFX Application Thread] DEBUG PrimaryStageWindow   - Set initial scene to FXGLStartupScene
19:42:06.704 [JavaFX Application Thread] DEBUG PrimaryStageWindow   - Opening main window
19:42:06.802 [JavaFX Application Thread] DEBUG PrimaryStageWindow   - Window border size: (16.0, 39.0)
19:42:06.802 [JavaFX Application Thread] DEBUG PrimaryStageWindow   - Scaled size: 1200.0 x 240.0
19:42:06.802 [JavaFX Application Thread] DEBUG PrimaryStageWindow   - Scaled ratio: (1.0, 1.0)
19:42:06.802 [JavaFX Application Thread] DEBUG PrimaryStageWindow   - Scene size: 1200.0 x 240.0
19:42:06.803 [JavaFX Application Thread] DEBUG PrimaryStageWindow   - Stage size: 1216.0 x 279.0
19:42:06.816 [FXGL Background Thread 1 ] DEBUG Engine               - Initializing environment variables
19:42:06.947 [FXGL Background Thread 1 ] DEBUG FXGLAssetLoaderServi - User app class for loading assets: class com.example.demo.HelloApplication
19:42:06.947 [FXGL Background Thread 1 ] DEBUG GameApplicationServi - Applying CSS: fxgl_dark.css
19:42:06.948 [FXGL Background Thread 1 ] DEBUG FXGLAssetLoaderServi - Loading from file system: jar:file:///C:/Users/zyla/.m2/repository/com/github/almasb/fxgl/11.17/fxgl-11.17.jar!/fxglassets/ui/css/fxgl_dark.css
19:42:07.145 [FXGL Background Thread 1 ] DEBUG GameApplicationServi - Initializing application scenes
19:42:07.407 [FXGL Background Thread 1 ] DEBUG GameWorld            - Game world initialized
19:42:07.672 [FXGL Background Thread 1 ] DEBUG PhysicsWorld         - Physics world initialized: appHeight=240, physics.ppm=50.0
19:42:07.673 [FXGL Background Thread 1 ] DEBUG PhysicsWorld         - Using strategy: BRUTE_FORCE
19:42:07.677 [FXGL Background Thread 1 ] DEBUG GameScene            - Game scene initialized: 1200x240
19:42:07.677 [FXGL Background Thread 1 ] DEBUG GameApplicationServi - Application scenes initialized
19:42:07.709 [FXGL Background Thread 1 ] DEBUG SystemBundleService  - Loading FXGL system data
19:42:07.720 [FXGL Background Thread 1 ] DEBUG FileSystemAccess     - Reading from: C:\Users\zyla\demo\system\fxgl.bundle
19:42:07.730 [FXGL Background Thread 1 ] DEBUG SystemBundleService  - Bundle FXGL: {}
19:42:07.730 [FXGL Background Thread 1 ] DEBUG UpdaterService       - Checking for updates
19:42:07.739 [FXGL Background Thread 4 ] DEBUG FXGLApplication      - Loading fonts
19:42:07.739 [FXGL Background Thread 1 ] DEBUG FXGLApplication      - Loading default localization
19:42:07.739 [FXGL Background Thread 4 ] DEBUG FXGLAssetLoaderServi - Loading from file system: jar:file:///C:/Users/zyla/.m2/repository/com/github/almasb/fxgl/11.17/fxgl-11.17.jar!/fxglassets/ui/fonts/VarelaRound-Regular.ttf
19:42:07.740 [FXGL Background Thread 1 ] DEBUG FXGLAssetLoaderServi - Loading from file system: jar:file:///C:/Users/zyla/.m2/repository/com/github/almasb/fxgl/11.17/fxgl-11.17.jar!/fxglassets/languages/english.lang
19:42:07.773 [FXGL Background Thread 1 ] INFO  FXGLApplication      - FXGL initialization took: 0.957 sec
19:42:07.785 [JavaFX Application Thread] DEBUG Input                - Registered new binding: P1Left - A
19:42:07.785 [JavaFX Application Thread] DEBUG Input                - Registered new binding: P1Right - D
19:42:07.786 [JavaFX Application Thread] DEBUG Input                - Registered new binding: P1Jump - W
19:42:07.786 [JavaFX Application Thread] DEBUG Input                - Registered new binding: P1Punch - F
19:42:07.786 [JavaFX Application Thread] DEBUG Input                - Registered new binding: P2Left - J
19:42:07.786 [JavaFX Application Thread] DEBUG Input                - Registered new binding: P2Right - L
19:42:07.786 [JavaFX Application Thread] DEBUG Input                - Registered new binding: P2Jump - I
19:42:07.787 [JavaFX Application Thread] DEBUG Input                - Registered new binding: P2Punch - H
19:42:07.787 [JavaFX Application Thread] DEBUG FXGLAssetLoaderServi - Loading from file system: jar:file:///C:/Users/zyla/.m2/repository/com/github/almasb/fxgl/11.17/fxgl-11.17.jar!/fxglassets/textures/fxgl_icon.png
19:42:07.871 [JavaFX Application Thread] DEBUG FXGLAssetLoaderServi - Loading from file system: jar:file:///C:/Users/zyla/.m2/repository/com/github/almasb/fxgl/11.17/fxgl-11.17.jar!/fxglassets/textures/fxgl_default_cursor.png
19:42:07.878 [JavaFX Application Thread] DEBUG Input                - Registered new binding: Screenshot - CTRL+8
19:42:07.879 [JavaFX Application Thread] DEBUG Input                - Registered new binding: System info dump - CTRL+9
19:42:07.880 [JavaFX Application Thread] DEBUG Input                - Registered new binding: Restart - CTRL+R
19:42:07.881 [JavaFX Application Thread] DEBUG Input                - Registered new binding: Toggle Debug Camera - CTRL+C
19:42:07.885 [JavaFX Application Thread] DEBUG LoopRunner           - Starting loop
19:42:07.885 [JavaFX Application Thread] DEBUG LoopRunner           - Initializing JavaFX AnimationTimerLoop
19:42:07.885 [FXGL Background Thread 4 ] DEBUG FXGLAssetLoaderServi - Loading from file system: jar:file:///C:/Users/zyla/.m2/repository/com/github/almasb/fxgl/11.17/fxgl-11.17.jar!/fxglassets/ui/fonts/Abel-Regular.ttf
19:42:07.886 [JavaFX Application Thread] DEBUG GameApplicationServi - Starting new game
19:42:07.887 [JavaFX Application Thread] DEBUG Input                - Clearing active input actions
19:42:07.910 [JavaFX Application Thread] DEBUG GameApplicationServi - Removing overlay from FXGLStartupScene and adding to FXGLLoadingScene
19:42:07.912 [JavaFX Application Thread] DEBUG PrimaryStageWindow   - FXGLStartupScene -> FXGLLoadingScene
19:42:07.912 [JavaFX Application Thread] DEBUG GameApplicationServi - Clearing previous game
19:42:07.912 [JavaFX Application Thread] DEBUG GameScene            - Clearing game scene
19:42:07.912 [JavaFX Application Thread] DEBUG GameWorld            - Clearing game world
19:42:07.912 [JavaFX Application Thread] DEBUG PhysicsWorld         - Clearing physics world
19:42:07.915 [FXGL Background Thread 1 ] DEBUG FXGLApplication      - Initializing game
19:42:07.955 [FXGL Background Thread 4 ] DEBUG FXGLAssetLoaderServi - Loading from file system: jar:file:///C:/Users/zyla/.m2/repository/com/github/almasb/fxgl/11.17/fxgl-11.17.jar!/fxglassets/ui/fonts/lucida_console.ttf
19:42:08.039 [FXGL Background Thread 1 ] WARN  TMXLevelLoader       - TiledMap generated from 1.11.2. Supported version: 1.2.3. Some features may not be parsed fully.
19:42:08.046 [FXGL Background Thread 1 ] DEBUG TMXLevelLoader       - Parsed TiledMap: file:/C:/Users/zyla/demo/target/classes/assets/levels/tmx/bg.tmx
19:42:08.048 [FXGL Background Thread 1 ] DEBUG TMXLevelLoader       - Creating tile layer entities
19:42:08.049 [FXGL Background Thread 1 ] DEBUG TilesetLoader        - Loading view for layer Tile Layer 1
19:42:08.051 [FXGL Background Thread 1 ] DEBUG TilesetLoader        - Created buffer with size 1216.0x256.0
19:42:08.058 [FXGL Background Thread 4 ] DEBUG FXGLAssetLoaderServi - Loading from file system: jar:file:///C:/Users/zyla/.m2/repository/com/github/almasb/fxgl/11.17/fxgl-11.17.jar!/fxglassets/ui/fonts/Courier-Prime.ttf
19:42:08.122 [FXGL Background Thread 1 ] DEBUG TMXLevelLoader       - Creating object layer entities
19:42:08.271 [JavaFX Application Thread] DEBUG FXGLApplication      - Registering font factories with UI factory
19:42:08.349 [FXGL Background Thread 1 ] DEBUG GameWorld            - Clearing removable entities
19:42:08.350 [FXGL Background Thread 1 ] DEBUG GameWorld            - Setting level: com.almasb.fxgl.entity.level.Level@593c0b03
19:42:08.381 [FXGL Background Thread 1 ] DEBUG FXGLAssetLoaderServi - Loading from file system: file:/C:/Users/zyla/demo/target/classes/assets/textures/idk.png
19:42:08.396 [FXGL Background Thread 1 ] DEBUG FXGLAssetLoaderServi - Loading from file system: file:/C:/Users/zyla/demo/target/classes/assets/textures/walking.png
19:42:08.428 [FXGL Background Thread 1 ] DEBUG FXGLAssetLoaderServi - Loading from file system: file:/C:/Users/zyla/demo/target/classes/assets/textures/jump.png
19:42:08.431 [FXGL Background Thread 1 ] DEBUG FXGLAssetLoaderServi - Loading from file system: file:/C:/Users/zyla/demo/target/classes/assets/textures/punch.png
19:42:08.441 [FXGL Background Thread 1 ] DEBUG FXGLAssetLoaderServi - Loading from file system: file:/C:/Users/zyla/demo/target/classes/assets/textures/idle_punk.png
19:42:08.444 [FXGL Background Thread 1 ] DEBUG FXGLAssetLoaderServi - Loading from file system: file:/C:/Users/zyla/demo/target/classes/assets/textures/walk_punk.png
19:42:08.447 [FXGL Background Thread 1 ] DEBUG FXGLAssetLoaderServi - Loading from file system: file:/C:/Users/zyla/demo/target/classes/assets/textures/punch_punk.png
19:42:08.449 [FXGL Background Thread 1 ] INFO  FXGLApplication      - Game initialization took: 0.534 sec
19:42:08.454 [JavaFX Application Thread] DEBUG Input                - Clearing active input actions
19:42:08.471 [JavaFX Application Thread] DEBUG GameApplicationServi - Removing overlay from FXGLLoadingScene and adding to GameScene
19:42:08.471 [JavaFX Application Thread] DEBUG PrimaryStageWindow   - FXGLLoadingScene -> GameScene
19:42:09.356 [FXGL Background Thread 2 ] INFO  UpdaterService       - Your current version:  11.17
19:42:09.357 [FXGL Background Thread 2 ] INFO  UpdaterService       - Latest stable version: 21.1
19:42:10.749 [FXGL Background Thread 3 ] DEBUG Engine               - Logging environment variables
19:42:10.754 [FXGL Background Thread 3 ] DEBUG Engine               - achievements: []
19:42:10.754 [FXGL Background Thread 3 ] DEBUG Engine               - actualHeight: 240.0
19:42:10.755 [FXGL Background Thread 3 ] DEBUG Engine               - actualHeightProperty: ReadOnlyDoubleProperty [value: 240.0]
19:42:10.755 [FXGL Background Thread 3 ] DEBUG Engine               - actualWidth: 1200.0
19:42:10.756 [FXGL Background Thread 3 ] DEBUG Engine               - actualWidthProperty: ReadOnlyDoubleProperty [value: 1200.0]
19:42:10.756 [FXGL Background Thread 3 ] DEBUG Engine               - appIcon: fxgl_icon.png
19:42:10.757 [FXGL Background Thread 3 ] DEBUG Engine               - applicationMode: DEVELOPER
19:42:10.757 [FXGL Background Thread 3 ] DEBUG Engine               - cSSList: [fxgl_dark.css]
19:42:10.757 [FXGL Background Thread 3 ] DEBUG Engine               - collisionDetectionStrategy: BRUTE_FORCE
19:42:10.757 [FXGL Background Thread 3 ] DEBUG Engine               - configClass: Optional.empty
19:42:10.758 [FXGL Background Thread 3 ] DEBUG Engine               - credits: []
19:42:10.758 [FXGL Background Thread 3 ] DEBUG Engine               - defaultCursor: CursorInfo(imageName=fxgl_default_cursor.png, hotspotX=7.0, hotspotY=6.0)
19:42:10.761 [FXGL Background Thread 3 ] DEBUG Engine               - devBBoxColorProperty: ObjectProperty [value: 0xff0000ff]
19:42:10.761 [FXGL Background Thread 3 ] DEBUG Engine               - devEnableDebugCameraProperty: BooleanProperty [value: false]
19:42:10.761 [FXGL Background Thread 3 ] DEBUG Engine               - devSensorColorProperty: ObjectProperty [value: 0xffff00ff]
19:42:10.761 [FXGL Background Thread 3 ] DEBUG Engine               - devShowBBoxProperty: BooleanProperty [value: false]
19:42:10.761 [FXGL Background Thread 3 ] DEBUG Engine               - devShowPositionProperty: BooleanProperty [value: false]
19:42:10.761 [FXGL Background Thread 3 ] DEBUG Engine               - enabledMenuItems: []
19:42:10.761 [FXGL Background Thread 3 ] DEBUG Engine               - engineServices: [class com.almasb.fxgl.app.services.FXGLAssetLoaderService, class com.almasb.fxgl.app.FXGLApplication$GameApplicationService, class com.almasb.fxgl.app.services.FXGLDialogService, class com.almasb.fxgl.app.services.IOTaskExecutorService, class com.almasb.fxgl.io.FileSystemService, class com.almasb.fxgl.localization.LocalizationService, class com.almasb.fxgl.app.services.SystemBundleService, class com.almasb.fxgl.profile.SaveLoadService, class com.almasb.fxgl.ui.FXGLUIFactoryServiceProvider, class com.almasb.fxgl.ui.FXGLDialogFactoryServiceProvider, class com.almasb.fxgl.audio.AudioPlayer, class com.almasb.fxgl.notification.impl.NotificationServiceProvider, class com.almasb.fxgl.achievement.AchievementService, class com.almasb.fxgl.cutscene.CutsceneService, class com.almasb.fxgl.minigames.MiniGameService, class com.almasb.fxgl.net.NetService, class com.almasb.fxgl.app.services.UpdaterService, class com.almasb.fxgl.dev.DevService]
19:42:10.762 [FXGL Background Thread 3 ] DEBUG Engine               - fontGame: Abel-Regular.ttf
19:42:10.762 [FXGL Background Thread 3 ] DEBUG Engine               - fontMono: lucida_console.ttf
19:42:10.763 [FXGL Background Thread 3 ] DEBUG Engine               - fontText: Courier-Prime.ttf
19:42:10.763 [FXGL Background Thread 3 ] DEBUG Engine               - fontUI: VarelaRound-Regular.ttf
19:42:10.783 [FXGL Background Thread 3 ] DEBUG Engine               - fullScreen: BooleanProperty [value: false]
19:42:10.783 [FXGL Background Thread 3 ] DEBUG Engine               - gameDifficulty: MEDIUM
19:42:10.783 [FXGL Background Thread 3 ] DEBUG Engine               - gameDifficultyProperty: ObjectProperty [value: MEDIUM]
19:42:10.789 [FXGL Background Thread 3 ] DEBUG Engine               - globalMusicVolume: 0.5
19:42:10.789 [FXGL Background Thread 3 ] DEBUG Engine               - globalMusicVolumeProperty: DoubleProperty [value: 0.5]
19:42:10.789 [FXGL Background Thread 3 ] DEBUG Engine               - globalSoundVolume: 0.5
19:42:10.789 [FXGL Background Thread 3 ] DEBUG Engine               - globalSoundVolumeProperty: DoubleProperty [value: 0.5]
19:42:10.792 [FXGL Background Thread 3 ] DEBUG Engine               - height: 240
19:42:10.792 [FXGL Background Thread 3 ] DEBUG Engine               - is3D: false
19:42:10.792 [FXGL Background Thread 3 ] DEBUG Engine               - isAndroid: false
19:42:10.792 [FXGL Background Thread 3 ] DEBUG Engine               - isBrowser: false
19:42:10.792 [FXGL Background Thread 3 ] DEBUG Engine               - isClickFeedbackEnabled: false
19:42:10.825 [FXGL Background Thread 3 ] DEBUG Engine               - isCloseConfirmation: true
19:42:10.827 [FXGL Background Thread 3 ] DEBUG Engine               - isDesktop: true
19:42:10.828 [FXGL Background Thread 3 ] DEBUG Engine               - isDeveloperMenuEnabled: false
19:42:10.833 [FXGL Background Thread 3 ] DEBUG Engine               - isEntityPreloadEnabled: true
19:42:10.833 [FXGL Background Thread 3 ] DEBUG Engine               - isExperimentalTiledLargeMap: false
19:42:10.833 [FXGL Background Thread 3 ] DEBUG Engine               - isFileSystemWriteAllowed: true
19:42:10.833 [FXGL Background Thread 3 ] DEBUG Engine               - isFullScreenAllowed: false
19:42:10.834 [FXGL Background Thread 3 ] DEBUG Engine               - isFullScreenFromStart: false
19:42:10.834 [FXGL Background Thread 3 ] DEBUG Engine               - isGameMenuEnabled: false
19:42:10.834 [FXGL Background Thread 3 ] DEBUG Engine               - isIOS: false
19:42:10.834 [FXGL Background Thread 3 ] DEBUG Engine               - isIntroEnabled: false
19:42:10.834 [FXGL Background Thread 3 ] DEBUG Engine               - isLinux: false
19:42:10.834 [FXGL Background Thread 3 ] DEBUG Engine               - isMac: false
19:42:10.834 [FXGL Background Thread 3 ] DEBUG Engine               - isMainMenuEnabled: false
19:42:10.834 [FXGL Background Thread 3 ] DEBUG Engine               - isManualResizeEnabled: false
19:42:10.834 [FXGL Background Thread 3 ] DEBUG Engine               - isMobile: false
19:42:10.834 [FXGL Background Thread 3 ] DEBUG Engine               - isNative: false
19:42:10.834 [FXGL Background Thread 3 ] DEBUG Engine               - isPauseMusicWhenMinimized: true
19:42:10.834 [FXGL Background Thread 3 ] DEBUG Engine               - isPreserveResizeRatio: false
19:42:10.834 [FXGL Background Thread 3 ] DEBUG Engine               - isProfilingEnabled: false
19:42:10.834 [FXGL Background Thread 3 ] DEBUG Engine               - isScaleAffectedOnResize: true
19:42:10.834 [FXGL Background Thread 3 ] DEBUG Engine               - isSingleStep: false
19:42:10.834 [FXGL Background Thread 3 ] DEBUG Engine               - isUserProfileEnabled: false
19:42:10.834 [FXGL Background Thread 3 ] DEBUG Engine               - isWindows: true
19:42:10.834 [FXGL Background Thread 3 ] DEBUG Engine               - language: ObjectProperty [value: ENGLISH]
19:42:10.834 [FXGL Background Thread 3 ] DEBUG Engine               - menuKey: ESCAPE
19:42:10.834 [FXGL Background Thread 3 ] DEBUG Engine               - mouseSensitivity: 0.2
19:42:10.834 [FXGL Background Thread 3 ] DEBUG Engine               - notificationViewClass: class com.almasb.fxgl.notification.view.XboxNotificationView
19:42:10.835 [FXGL Background Thread 3 ] DEBUG Engine               - pixelsPerMeter: 50.0
19:42:10.835 [FXGL Background Thread 3 ] DEBUG Engine               - platform: WINDOWS
19:42:10.835 [FXGL Background Thread 3 ] DEBUG Engine               - prefHeightProperty: ReadOnlyDoubleProperty [value: 240.0]
19:42:10.835 [FXGL Background Thread 3 ] DEBUG Engine               - prefWidthProperty: ReadOnlyDoubleProperty [value: 1200.0]
19:42:10.835 [FXGL Background Thread 3 ] DEBUG Engine               - profileDir: profiles/
19:42:10.835 [FXGL Background Thread 3 ] DEBUG Engine               - profileName: StringProperty [value: DEFAULT]
19:42:10.835 [FXGL Background Thread 3 ] DEBUG Engine               - randomSeed: -1
19:42:10.835 [FXGL Background Thread 3 ] DEBUG Engine               - runtimeInfo: RuntimeInfo(platform=WINDOWS, version=11.17, build=16.07.2021 15.46)
19:42:10.835 [FXGL Background Thread 3 ] DEBUG Engine               - saveFileExt: sav
19:42:10.835 [FXGL Background Thread 3 ] DEBUG Engine               - scaledHeightProp$fxgl: DoubleProperty [bound, value: 240.0]
19:42:10.835 [FXGL Background Thread 3 ] DEBUG Engine               - scaledWidthProp$fxgl: DoubleProperty [bound, value: 1200.0]
19:42:10.835 [FXGL Background Thread 3 ] DEBUG Engine               - sceneFactory: com.almasb.fxgl.app.scene.SceneFactory@49771745
19:42:10.835 [FXGL Background Thread 3 ] DEBUG Engine               - secondsIn24h: 60
19:42:10.835 [FXGL Background Thread 3 ] DEBUG Engine               - soundMenuBack: menu/back.wav
19:42:10.835 [FXGL Background Thread 3 ] DEBUG Engine               - soundMenuPress: menu/press.wav
19:42:10.835 [FXGL Background Thread 3 ] DEBUG Engine               - soundMenuSelect: menu/select.wav
19:42:10.838 [FXGL Background Thread 3 ] DEBUG Engine               - soundNotification: core/notification.wav
19:42:10.838 [FXGL Background Thread 3 ] DEBUG Engine               - stageStyle: DECORATED
19:42:10.838 [FXGL Background Thread 3 ] DEBUG Engine               - supportedLanguages: [ENGLISH, FRENCH, GERMAN, HUNGARIAN, RUSSIAN]
19:42:10.838 [FXGL Background Thread 3 ] DEBUG Engine               - ticksPerSecond: -1
19:42:10.838 [FXGL Background Thread 3 ] DEBUG Engine               - title: OOP GAME
19:42:10.838 [FXGL Background Thread 3 ] DEBUG Engine               - urlGithub: https://github.com/AlmasB/FXGL
19:42:10.838 [FXGL Background Thread 3 ] DEBUG Engine               - urlLeaderboard: http://fxgl-top.herokuapp.com/
19:42:10.838 [FXGL Background Thread 3 ] DEBUG Engine               - urlPOM: https://raw.githubusercontent.com/AlmasB/FXGL/release/README.md
19:42:10.838 [FXGL Background Thread 3 ] DEBUG Engine               - userAppClass: class com.example.demo.HelloApplication
19:42:10.838 [FXGL Background Thread 3 ] DEBUG Engine               - version: 0.1
19:42:10.838 [FXGL Background Thread 3 ] DEBUG Engine               - versionCheckDays: 7
19:42:10.838 [FXGL Background Thread 3 ] DEBUG Engine               - width: 1200
19:42:10.838 [FXGL Background Thread 3 ] DEBUG Engine               - Logging services
19:42:10.838 [FXGL Background Thread 3 ] DEBUG Engine               - class com.almasb.fxgl.app.services.FXGLAssetLoaderService
19:42:10.838 [FXGL Background Thread 3 ] DEBUG Engine               - class com.almasb.fxgl.app.FXGLApplication$GameApplicationService
19:42:10.838 [FXGL Background Thread 3 ] DEBUG Engine               - class com.almasb.fxgl.app.services.FXGLDialogService
19:42:10.838 [FXGL Background Thread 3 ] DEBUG Engine               - class com.almasb.fxgl.app.services.IOTaskExecutorService
19:42:10.838 [FXGL Background Thread 3 ] DEBUG Engine               - class com.almasb.fxgl.io.FileSystemService
19:42:10.838 [FXGL Background Thread 3 ] DEBUG Engine               - class com.almasb.fxgl.localization.LocalizationService
19:42:10.838 [FXGL Background Thread 3 ] DEBUG Engine               - class com.almasb.fxgl.app.services.SystemBundleService
19:42:10.838 [FXGL Background Thread 3 ] DEBUG Engine               - class com.almasb.fxgl.profile.SaveLoadService
19:42:10.839 [FXGL Background Thread 3 ] DEBUG Engine               - class com.almasb.fxgl.ui.FXGLUIFactoryServiceProvider
19:42:10.839 [FXGL Background Thread 3 ] DEBUG Engine               - class com.almasb.fxgl.ui.FXGLDialogFactoryServiceProvider
19:42:10.839 [FXGL Background Thread 3 ] DEBUG Engine               - class com.almasb.fxgl.audio.AudioPlayer
19:42:10.839 [FXGL Background Thread 3 ] DEBUG Engine               - class com.almasb.fxgl.notification.impl.NotificationServiceProvider
19:42:10.839 [FXGL Background Thread 3 ] DEBUG Engine               - class com.almasb.fxgl.achievement.AchievementService
19:42:10.839 [FXGL Background Thread 3 ] DEBUG Engine               - class com.almasb.fxgl.cutscene.CutsceneService
19:42:10.839 [FXGL Background Thread 3 ] DEBUG Engine               - class com.almasb.fxgl.minigames.MiniGameService
19:42:10.839 [FXGL Background Thread 3 ] DEBUG Engine               - class com.almasb.fxgl.net.NetService
19:42:10.839 [FXGL Background Thread 3 ] DEBUG Engine               - class com.almasb.fxgl.app.services.UpdaterService
19:42:10.839 [FXGL Background Thread 3 ] DEBUG Engine               - class com.almasb.fxgl.dev.DevService
19:42:13.301 [JavaFX Application Thread] DEBUG LoopRunner           - Pausing loop
19:42:17.484 [JavaFX Application Thread] DEBUG LoopRunner           - Resuming loop
19:42:53.970 [JavaFX Application Thread] DEBUG PrimaryStageWindow   - Push state: DialogSubScene
19:42:53.971 [JavaFX Application Thread] DEBUG Input                - Clearing active input actions
19:42:53.977 [JavaFX Application Thread] DEBUG GameApplicationServi - Removing overlay from GameScene and adding to DialogSubScene
19:42:53.978 [JavaFX Application Thread] DEBUG PrimaryStageWindow   - GameScene -> DialogSubScene
19:42:54.589 [JavaFX Application Thread] DEBUG PrimaryStageWindow   - Pop state: DialogSubScene
19:42:54.589 [JavaFX Application Thread] DEBUG Input                - Clearing active input actions
19:42:54.590 [JavaFX Application Thread] DEBUG GameApplicationServi - Removing overlay from DialogSubScene and adding to GameScene
19:42:54.590 [JavaFX Application Thread] DEBUG PrimaryStageWindow   - GameScene <- DialogSubScene
19:42:54.590 [JavaFX Application Thread] DEBUG FXGLApplication      - Exiting FXGL
19:42:54.590 [JavaFX Application Thread] DEBUG LoopRunner           - Stopping loop
19:42:54.590 [JavaFX Application Thread] DEBUG SystemBundleService  - Saving FXGL system data
19:42:54.592 [JavaFX Application Thread] DEBUG FileSystemAccess     - Writing to: C:\Users\zyla\demo\system\fxgl.bundle
19:42:54.596 [JavaFX Application Thread] DEBUG Async                - Shutting down background threads
19:42:54.596 [JavaFX Application Thread] DEBUG PrimaryStageWindow   - Closing main window
19:42:54.624 [JavaFX Application Thread] DEBUG Logger               - Closing Logger
