19:24:55.487 [main                     ] DEBUG Logger               - Configured Logger
19:24:55.487 [main                     ] DEBUG GameApplication      - Logging settings
Title: Stictactics
Version: 0.0
Width: 1920
Height: 1080
Fullscreen: false
Intro: true
Profiling: false
Single step:false
App Mode: DEVELOPER
Menu Key: ESCAPE
Stage Style: DECORATED
Scene Factory: class com.example.demo.MySceneFactory

19:24:56.388 [JavaFX Application Thread] DEBUG FXGLApplication      - Initializing FXGL
19:24:56.392 [JavaFX Application Thread] INFO  Engine               - FXGL-11.17 (16.07.2021 15.46) on WINDOWS (J:23 FX:17.0.6)
19:24:56.392 [JavaFX Application Thread] DEBUG Engine               - JRE Vendor Name: Oracle Corporation
19:24:56.392 [JavaFX Application Thread] DEBUG Engine               - Running on OS: Windows 11 version 10.0
19:24:56.392 [JavaFX Application Thread] DEBUG Engine               - Architecture: amd64
19:24:56.392 [JavaFX Application Thread] INFO  Engine               - Source code and latest versions at: https://github.com/AlmasB/FXGL
19:24:56.392 [JavaFX Application Thread] INFO  Engine               -              Join the FXGL chat at: https://gitter.im/AlmasB/FXGL
19:24:56.505 [JavaFX Application Thread] DEBUG PrimaryStageWindow   - Creating a JavaFX scene
19:24:56.599 [JavaFX Application Thread] DEBUG PrimaryStageWindow   - Target settings size: 1920.0 x 1080.0
19:24:56.599 [JavaFX Application Thread] DEBUG PrimaryStageWindow   - Scaled scene size:    1920.0 x 1080.0
19:24:56.599 [JavaFX Application Thread] DEBUG PrimaryStageWindow   - Scaled ratio: (1.0, 1.0)
19:24:56.600 [JavaFX Application Thread] DEBUG PrimaryStageWindow   - Set initial scene to FXGLStartupScene
19:24:56.610 [JavaFX Application Thread] DEBUG PrimaryStageWindow   - Opening main window
19:24:56.795 [JavaFX Application Thread] DEBUG PrimaryStageWindow   - Window border size: (16.0, 39.0)
19:24:56.795 [JavaFX Application Thread] DEBUG PrimaryStageWindow   - Scaled size: 1920.0 x 1080.0
19:24:56.795 [JavaFX Application Thread] DEBUG PrimaryStageWindow   - Scaled ratio: (1.0, 1.0)
19:24:56.795 [JavaFX Application Thread] DEBUG PrimaryStageWindow   - Scene size: 1920.0 x 1080.0
19:24:56.796 [JavaFX Application Thread] DEBUG PrimaryStageWindow   - Stage size: 1936.0 x 1119.0
19:24:56.812 [FXGL Background Thread 1 ] DEBUG Engine               - Initializing environment variables
19:24:56.938 [FXGL Background Thread 1 ] DEBUG FXGLAssetLoaderServi - User app class for loading assets: class com.example.demo.HelloApplication
19:24:56.938 [FXGL Background Thread 1 ] DEBUG GameApplicationServi - Applying CSS: fxgl_dark.css
19:24:56.939 [FXGL Background Thread 1 ] DEBUG FXGLAssetLoaderServi - Loading from file system: jar:file:///C:/Users/jazph/.m2/repository/com/github/almasb/fxgl/11.17/fxgl-11.17.jar!/fxglassets/ui/css/fxgl_dark.css
19:24:56.992 [FXGL Background Thread 1 ] DEBUG GameApplicationServi - Initializing application scenes
19:24:57.072 [FXGL Background Thread 1 ] DEBUG GameWorld            - Game world initialized
19:24:57.184 [FXGL Background Thread 1 ] DEBUG PhysicsWorld         - Physics world initialized: appHeight=1080, physics.ppm=50.0
19:24:57.184 [FXGL Background Thread 1 ] DEBUG PhysicsWorld         - Using strategy: BRUTE_FORCE
19:24:57.187 [FXGL Background Thread 1 ] DEBUG GameScene            - Game scene initialized: 1920x1080
19:24:57.530 [FXGL Background Thread 1 ] DEBUG GameApplicationServi - Application scenes initialized
19:24:57.549 [FXGL Background Thread 1 ] DEBUG SystemBundleService  - Loading FXGL system data
19:24:57.570 [FXGL Background Thread 1 ] DEBUG FileSystemAccess     - Reading from: C:\Users\jazph\OneDrive\Desktop\demoGame4OOP\system\fxgl.bundle
19:24:57.591 [FXGL Background Thread 1 ] DEBUG SystemBundleService  - Bundle FXGL: {}
19:24:57.592 [FXGL Background Thread 1 ] DEBUG UpdaterService       - Checking for updates
19:24:57.603 [FXGL Background Thread 4 ] DEBUG FXGLApplication      - Loading fonts
19:24:57.605 [FXGL Background Thread 4 ] DEBUG FXGLAssetLoaderServi - Loading from file system: jar:file:///C:/Users/jazph/.m2/repository/com/github/almasb/fxgl/11.17/fxgl-11.17.jar!/fxglassets/ui/fonts/VarelaRound-Regular.ttf
19:24:57.607 [FXGL Background Thread 1 ] DEBUG FXGLApplication      - Loading default localization
19:24:57.608 [FXGL Background Thread 1 ] DEBUG FXGLAssetLoaderServi - Loading from file system: jar:file:///C:/Users/jazph/.m2/repository/com/github/almasb/fxgl/11.17/fxgl-11.17.jar!/fxglassets/languages/english.lang
19:24:57.643 [FXGL Background Thread 1 ] INFO  FXGLApplication      - FXGL initialization took: 0.831 sec
19:24:57.655 [JavaFX Application Thread] DEBUG Input                - Registered new binding: P1Left - A
19:24:57.655 [JavaFX Application Thread] DEBUG Input                - Registered new binding: P1Right - D
19:24:57.655 [JavaFX Application Thread] DEBUG Input                - Registered new binding: P1Jump - W
19:24:57.655 [JavaFX Application Thread] DEBUG Input                - Registered new binding: P1Punch - F
19:24:57.656 [JavaFX Application Thread] DEBUG Input                - Registered new binding: P2Left - J
19:24:57.656 [JavaFX Application Thread] DEBUG Input                - Registered new binding: P2Right - L
19:24:57.656 [JavaFX Application Thread] DEBUG Input                - Registered new binding: P2Jump - I
19:24:57.656 [JavaFX Application Thread] DEBUG Input                - Registered new binding: P2Punch - H
19:24:57.661 [JavaFX Application Thread] WARN  FXGLAssetLoaderServi - Asset "/assets/textures//assets/textures/background-intro.mp4" was not found!
19:24:57.661 [JavaFX Application Thread] WARN  FXGLAssetLoaderServi - Failed to load IMAGE
19:24:57.682 [JavaFX Application Thread] DEBUG FXGLAssetLoaderServi - Loading from file system: jar:file:///C:/Users/jazph/.m2/repository/com/github/almasb/fxgl/11.17/fxgl-11.17.jar!/fxglassets/textures/fxgl_icon.png
19:24:57.728 [JavaFX Application Thread] DEBUG FXGLAssetLoaderServi - Loading from file system: jar:file:///C:/Users/jazph/.m2/repository/com/github/almasb/fxgl/11.17/fxgl-11.17.jar!/fxglassets/textures/fxgl_default_cursor.png
19:24:57.732 [JavaFX Application Thread] DEBUG Input                - Registered new binding: Screenshot - CTRL+8
19:24:57.733 [JavaFX Application Thread] DEBUG Input                - Registered new binding: System info dump - CTRL+9
19:24:57.734 [JavaFX Application Thread] DEBUG Input                - Registered new binding: Restart - CTRL+R
19:24:57.735 [JavaFX Application Thread] DEBUG Input                - Registered new binding: Toggle Debug Camera - CTRL+C
19:24:57.738 [JavaFX Application Thread] DEBUG LoopRunner           - Starting loop
19:24:57.738 [JavaFX Application Thread] DEBUG LoopRunner           - Initializing JavaFX AnimationTimerLoop
19:24:57.756 [JavaFX Application Thread] DEBUG Input                - Clearing active input actions
19:24:57.775 [JavaFX Application Thread] DEBUG GameApplicationServi - Removing overlay from FXGLStartupScene and adding to CustomIntro
19:24:57.775 [JavaFX Application Thread] DEBUG PrimaryStageWindow   - FXGLStartupScene -> CustomIntro
19:24:57.808 [FXGL Background Thread 4 ] DEBUG FXGLAssetLoaderServi - Loading from file system: jar:file:///C:/Users/jazph/.m2/repository/com/github/almasb/fxgl/11.17/fxgl-11.17.jar!/fxglassets/ui/fonts/Abel-Regular.ttf
19:24:57.838 [FXGL Background Thread 4 ] DEBUG FXGLAssetLoaderServi - Loading from file system: jar:file:///C:/Users/jazph/.m2/repository/com/github/almasb/fxgl/11.17/fxgl-11.17.jar!/fxglassets/ui/fonts/lucida_console.ttf
19:24:57.866 [FXGL Background Thread 4 ] DEBUG FXGLAssetLoaderServi - Loading from file system: jar:file:///C:/Users/jazph/.m2/repository/com/github/almasb/fxgl/11.17/fxgl-11.17.jar!/fxglassets/ui/fonts/Courier-Prime.ttf
19:24:57.891 [JavaFX Application Thread] DEBUG FXGLApplication      - Registering font factories with UI factory
19:24:58.592 [FXGL Background Thread 2 ] INFO  UpdaterService       - Your current version:  11.17
19:24:58.592 [FXGL Background Thread 2 ] INFO  UpdaterService       - Latest stable version: 21.1
19:25:00.600 [FXGL Background Thread 3 ] DEBUG Engine               - Logging environment variables
19:25:00.601 [FXGL Background Thread 3 ] DEBUG Engine               - achievements: []
19:25:00.601 [FXGL Background Thread 3 ] DEBUG Engine               - actualHeight: 1080.0
19:25:00.601 [FXGL Background Thread 3 ] DEBUG Engine               - actualHeightProperty: ReadOnlyDoubleProperty [value: 1080.0]
19:25:00.601 [FXGL Background Thread 3 ] DEBUG Engine               - actualWidth: 1920.0
19:25:00.601 [FXGL Background Thread 3 ] DEBUG Engine               - actualWidthProperty: ReadOnlyDoubleProperty [value: 1920.0]
19:25:00.601 [FXGL Background Thread 3 ] DEBUG Engine               - appIcon: fxgl_icon.png
19:25:00.602 [FXGL Background Thread 3 ] DEBUG Engine               - applicationMode: DEVELOPER
19:25:00.602 [FXGL Background Thread 3 ] DEBUG Engine               - cSSList: [fxgl_dark.css]
19:25:00.602 [FXGL Background Thread 3 ] DEBUG Engine               - collisionDetectionStrategy: BRUTE_FORCE
19:25:00.602 [FXGL Background Thread 3 ] DEBUG Engine               - configClass: Optional.empty
19:25:00.602 [FXGL Background Thread 3 ] DEBUG Engine               - credits: []
19:25:00.602 [FXGL Background Thread 3 ] DEBUG Engine               - defaultCursor: CursorInfo(imageName=fxgl_default_cursor.png, hotspotX=7.0, hotspotY=6.0)
19:25:00.602 [FXGL Background Thread 3 ] DEBUG Engine               - devBBoxColorProperty: ObjectProperty [value: 0xff0000ff]
19:25:00.603 [FXGL Background Thread 3 ] DEBUG Engine               - devEnableDebugCameraProperty: BooleanProperty [value: false]
19:25:00.603 [FXGL Background Thread 3 ] DEBUG Engine               - devSensorColorProperty: ObjectProperty [value: 0xffff00ff]
19:25:00.603 [FXGL Background Thread 3 ] DEBUG Engine               - devShowBBoxProperty: BooleanProperty [value: false]
19:25:00.603 [FXGL Background Thread 3 ] DEBUG Engine               - devShowPositionProperty: BooleanProperty [value: false]
19:25:00.603 [FXGL Background Thread 3 ] DEBUG Engine               - enabledMenuItems: []
19:25:00.603 [FXGL Background Thread 3 ] DEBUG Engine               - engineServices: [class com.almasb.fxgl.app.services.FXGLAssetLoaderService, class com.almasb.fxgl.app.FXGLApplication$GameApplicationService, class com.almasb.fxgl.app.services.FXGLDialogService, class com.almasb.fxgl.app.services.IOTaskExecutorService, class com.almasb.fxgl.io.FileSystemService, class com.almasb.fxgl.localization.LocalizationService, class com.almasb.fxgl.app.services.SystemBundleService, class com.almasb.fxgl.profile.SaveLoadService, class com.almasb.fxgl.ui.FXGLUIFactoryServiceProvider, class com.almasb.fxgl.ui.FXGLDialogFactoryServiceProvider, class com.almasb.fxgl.audio.AudioPlayer, class com.almasb.fxgl.notification.impl.NotificationServiceProvider, class com.almasb.fxgl.achievement.AchievementService, class com.almasb.fxgl.cutscene.CutsceneService, class com.almasb.fxgl.minigames.MiniGameService, class com.almasb.fxgl.net.NetService, class com.almasb.fxgl.app.services.UpdaterService, class com.almasb.fxgl.dev.DevService]
19:25:00.603 [FXGL Background Thread 3 ] DEBUG Engine               - fontGame: Abel-Regular.ttf
19:25:00.603 [FXGL Background Thread 3 ] DEBUG Engine               - fontMono: lucida_console.ttf
19:25:00.603 [FXGL Background Thread 3 ] DEBUG Engine               - fontText: Courier-Prime.ttf
19:25:00.603 [FXGL Background Thread 3 ] DEBUG Engine               - fontUI: VarelaRound-Regular.ttf
19:25:00.603 [FXGL Background Thread 3 ] DEBUG Engine               - fullScreen: BooleanProperty [value: false]
19:25:00.604 [FXGL Background Thread 3 ] DEBUG Engine               - gameDifficulty: MEDIUM
19:25:00.604 [FXGL Background Thread 3 ] DEBUG Engine               - gameDifficultyProperty: ObjectProperty [value: MEDIUM]
19:25:00.604 [FXGL Background Thread 3 ] DEBUG Engine               - globalMusicVolume: 0.5
19:25:00.604 [FXGL Background Thread 3 ] DEBUG Engine               - globalMusicVolumeProperty: DoubleProperty [value: 0.5]
19:25:00.604 [FXGL Background Thread 3 ] DEBUG Engine               - globalSoundVolume: 0.5
19:25:00.604 [FXGL Background Thread 3 ] DEBUG Engine               - globalSoundVolumeProperty: DoubleProperty [value: 0.5]
19:25:00.604 [FXGL Background Thread 3 ] DEBUG Engine               - height: 1080
19:25:00.604 [FXGL Background Thread 3 ] DEBUG Engine               - is3D: false
19:25:00.605 [FXGL Background Thread 3 ] DEBUG Engine               - isAndroid: false
19:25:00.605 [FXGL Background Thread 3 ] DEBUG Engine               - isBrowser: false
19:25:00.605 [FXGL Background Thread 3 ] DEBUG Engine               - isClickFeedbackEnabled: false
19:25:00.605 [FXGL Background Thread 3 ] DEBUG Engine               - isCloseConfirmation: true
19:25:00.605 [FXGL Background Thread 3 ] DEBUG Engine               - isDesktop: true
19:25:00.605 [FXGL Background Thread 3 ] DEBUG Engine               - isDeveloperMenuEnabled: false
19:25:00.605 [FXGL Background Thread 3 ] DEBUG Engine               - isEntityPreloadEnabled: true
19:25:00.605 [FXGL Background Thread 3 ] DEBUG Engine               - isExperimentalTiledLargeMap: false
19:25:00.606 [FXGL Background Thread 3 ] DEBUG Engine               - isFileSystemWriteAllowed: true
19:25:00.606 [FXGL Background Thread 3 ] DEBUG Engine               - isFullScreenAllowed: false
19:25:00.606 [FXGL Background Thread 3 ] DEBUG Engine               - isFullScreenFromStart: false
19:25:00.606 [FXGL Background Thread 3 ] DEBUG Engine               - isGameMenuEnabled: false
19:25:00.606 [FXGL Background Thread 3 ] DEBUG Engine               - isIOS: false
19:25:00.606 [FXGL Background Thread 3 ] DEBUG Engine               - isIntroEnabled: true
19:25:00.606 [FXGL Background Thread 3 ] DEBUG Engine               - isLinux: false
19:25:00.606 [FXGL Background Thread 3 ] DEBUG Engine               - isMac: false
19:25:00.606 [FXGL Background Thread 3 ] DEBUG Engine               - isMainMenuEnabled: true
19:25:00.607 [FXGL Background Thread 3 ] DEBUG Engine               - isManualResizeEnabled: false
19:25:00.607 [FXGL Background Thread 3 ] DEBUG Engine               - isMobile: false
19:25:00.607 [FXGL Background Thread 3 ] DEBUG Engine               - isNative: false
19:25:00.607 [FXGL Background Thread 3 ] DEBUG Engine               - isPauseMusicWhenMinimized: true
19:25:00.607 [FXGL Background Thread 3 ] DEBUG Engine               - isPreserveResizeRatio: false
19:25:00.607 [FXGL Background Thread 3 ] DEBUG Engine               - isProfilingEnabled: false
19:25:00.607 [FXGL Background Thread 3 ] DEBUG Engine               - isScaleAffectedOnResize: true
19:25:00.607 [FXGL Background Thread 3 ] DEBUG Engine               - isSingleStep: false
19:25:00.608 [FXGL Background Thread 3 ] DEBUG Engine               - isUserProfileEnabled: false
19:25:00.608 [FXGL Background Thread 3 ] DEBUG Engine               - isWindows: true
19:25:00.608 [FXGL Background Thread 3 ] DEBUG Engine               - language: ObjectProperty [value: ENGLISH]
19:25:00.608 [FXGL Background Thread 3 ] DEBUG Engine               - menuKey: ESCAPE
19:25:00.609 [FXGL Background Thread 3 ] DEBUG Engine               - mouseSensitivity: 0.2
19:25:00.609 [FXGL Background Thread 3 ] DEBUG Engine               - notificationViewClass: class com.almasb.fxgl.notification.view.XboxNotificationView
19:25:00.609 [FXGL Background Thread 3 ] DEBUG Engine               - pixelsPerMeter: 50.0
19:25:00.609 [FXGL Background Thread 3 ] DEBUG Engine               - platform: WINDOWS
19:25:00.609 [FXGL Background Thread 3 ] DEBUG Engine               - prefHeightProperty: ReadOnlyDoubleProperty [value: 1080.0]
19:25:00.609 [FXGL Background Thread 3 ] DEBUG Engine               - prefWidthProperty: ReadOnlyDoubleProperty [value: 1920.0]
19:25:00.609 [FXGL Background Thread 3 ] DEBUG Engine               - profileDir: profiles/
19:25:00.610 [FXGL Background Thread 3 ] DEBUG Engine               - profileName: StringProperty [value: DEFAULT]
19:25:00.610 [FXGL Background Thread 3 ] DEBUG Engine               - randomSeed: -1
19:25:00.610 [FXGL Background Thread 3 ] DEBUG Engine               - runtimeInfo: RuntimeInfo(platform=WINDOWS, version=11.17, build=16.07.2021 15.46)
19:25:00.610 [FXGL Background Thread 3 ] DEBUG Engine               - saveFileExt: sav
19:25:00.610 [FXGL Background Thread 3 ] DEBUG Engine               - scaledHeightProp$fxgl: DoubleProperty [bound, value: 1080.0]
19:25:00.610 [FXGL Background Thread 3 ] DEBUG Engine               - scaledWidthProp$fxgl: DoubleProperty [bound, value: 1920.0]
19:25:00.610 [FXGL Background Thread 3 ] DEBUG Engine               - sceneFactory: com.example.demo.MySceneFactory@5a4be8a2
19:25:00.611 [FXGL Background Thread 3 ] DEBUG Engine               - secondsIn24h: 60
19:25:00.611 [FXGL Background Thread 3 ] DEBUG Engine               - soundMenuBack: menu/back.wav
19:25:00.611 [FXGL Background Thread 3 ] DEBUG Engine               - soundMenuPress: menu/press.wav
19:25:00.611 [FXGL Background Thread 3 ] DEBUG Engine               - soundMenuSelect: menu/select.wav
19:25:00.611 [FXGL Background Thread 3 ] DEBUG Engine               - soundNotification: core/notification.wav
19:25:00.611 [FXGL Background Thread 3 ] DEBUG Engine               - stageStyle: DECORATED
19:25:00.611 [FXGL Background Thread 3 ] DEBUG Engine               - supportedLanguages: [ENGLISH, FRENCH, GERMAN, HUNGARIAN, RUSSIAN]
19:25:00.611 [FXGL Background Thread 3 ] DEBUG Engine               - ticksPerSecond: -1
19:25:00.611 [FXGL Background Thread 3 ] DEBUG Engine               - title: Stictactics
19:25:00.611 [FXGL Background Thread 3 ] DEBUG Engine               - urlGithub: https://github.com/AlmasB/FXGL
19:25:00.611 [FXGL Background Thread 3 ] DEBUG Engine               - urlLeaderboard: http://fxgl-top.herokuapp.com/
19:25:00.611 [FXGL Background Thread 3 ] DEBUG Engine               - urlPOM: https://raw.githubusercontent.com/AlmasB/FXGL/release/README.md
19:25:00.611 [FXGL Background Thread 3 ] DEBUG Engine               - userAppClass: class com.example.demo.HelloApplication
19:25:00.611 [FXGL Background Thread 3 ] DEBUG Engine               - version: 0.0
19:25:00.613 [FXGL Background Thread 3 ] DEBUG Engine               - versionCheckDays: 7
19:25:00.613 [FXGL Background Thread 3 ] DEBUG Engine               - width: 1920
19:25:00.613 [FXGL Background Thread 3 ] DEBUG Engine               - Logging services
19:25:00.613 [FXGL Background Thread 3 ] DEBUG Engine               - class com.almasb.fxgl.app.services.FXGLAssetLoaderService
19:25:00.613 [FXGL Background Thread 3 ] DEBUG Engine               - class com.almasb.fxgl.app.FXGLApplication$GameApplicationService
19:25:00.613 [FXGL Background Thread 3 ] DEBUG Engine               - class com.almasb.fxgl.app.services.FXGLDialogService
19:25:00.613 [FXGL Background Thread 3 ] DEBUG Engine               - class com.almasb.fxgl.app.services.IOTaskExecutorService
19:25:00.613 [FXGL Background Thread 3 ] DEBUG Engine               - class com.almasb.fxgl.io.FileSystemService
19:25:00.613 [FXGL Background Thread 3 ] DEBUG Engine               - class com.almasb.fxgl.localization.LocalizationService
19:25:00.614 [FXGL Background Thread 3 ] DEBUG Engine               - class com.almasb.fxgl.app.services.SystemBundleService
19:25:00.614 [FXGL Background Thread 3 ] DEBUG Engine               - class com.almasb.fxgl.profile.SaveLoadService
19:25:00.614 [FXGL Background Thread 3 ] DEBUG Engine               - class com.almasb.fxgl.ui.FXGLUIFactoryServiceProvider
19:25:00.614 [FXGL Background Thread 3 ] DEBUG Engine               - class com.almasb.fxgl.ui.FXGLDialogFactoryServiceProvider
19:25:00.614 [FXGL Background Thread 3 ] DEBUG Engine               - class com.almasb.fxgl.audio.AudioPlayer
19:25:00.614 [FXGL Background Thread 3 ] DEBUG Engine               - class com.almasb.fxgl.notification.impl.NotificationServiceProvider
19:25:00.615 [FXGL Background Thread 3 ] DEBUG Engine               - class com.almasb.fxgl.achievement.AchievementService
19:25:00.615 [FXGL Background Thread 3 ] DEBUG Engine               - class com.almasb.fxgl.cutscene.CutsceneService
19:25:00.615 [FXGL Background Thread 3 ] DEBUG Engine               - class com.almasb.fxgl.minigames.MiniGameService
19:25:00.615 [FXGL Background Thread 3 ] DEBUG Engine               - class com.almasb.fxgl.net.NetService
19:25:00.615 [FXGL Background Thread 3 ] DEBUG Engine               - class com.almasb.fxgl.app.services.UpdaterService
19:25:00.615 [FXGL Background Thread 3 ] DEBUG Engine               - class com.almasb.fxgl.dev.DevService
19:25:04.849 [JavaFX Application Thread] DEBUG Input                - Clearing active input actions
19:25:04.858 [JavaFX Application Thread] DEBUG GameApplicationServi - Removing overlay from CustomIntro and adding to FXGLMainMenuDummyScene
19:25:04.858 [JavaFX Application Thread] DEBUG PrimaryStageWindow   - CustomIntro -> FXGLMainMenuDummyScene
19:25:04.858 [JavaFX Application Thread] DEBUG PrimaryStageWindow   - Push state: CustomMainMenu
19:25:04.859 [JavaFX Application Thread] DEBUG Input                - Clearing active input actions
19:25:04.868 [JavaFX Application Thread] DEBUG GameApplicationServi - Removing overlay from FXGLMainMenuDummyScene and adding to CustomMainMenu
19:25:04.868 [JavaFX Application Thread] DEBUG PrimaryStageWindow   - FXGLMainMenuDummyScene -> CustomMainMenu
19:25:06.601 [JavaFX Application Thread] DEBUG Menu                 - fireNewGame()
19:25:06.601 [JavaFX Application Thread] DEBUG GameApplicationServi - Starting new game
19:25:06.601 [JavaFX Application Thread] DEBUG PrimaryStageWindow   - Pop state: CustomMainMenu
19:25:06.601 [JavaFX Application Thread] DEBUG Input                - Clearing active input actions
19:25:06.602 [JavaFX Application Thread] DEBUG GameApplicationServi - Removing overlay from CustomMainMenu and adding to FXGLMainMenuDummyScene
19:25:06.602 [JavaFX Application Thread] DEBUG PrimaryStageWindow   - FXGLMainMenuDummyScene <- CustomMainMenu
19:25:06.602 [JavaFX Application Thread] DEBUG Input                - Clearing active input actions
19:25:06.608 [JavaFX Application Thread] DEBUG GameApplicationServi - Removing overlay from FXGLMainMenuDummyScene and adding to FXGLLoadingScene
19:25:06.609 [JavaFX Application Thread] DEBUG PrimaryStageWindow   - FXGLMainMenuDummyScene -> FXGLLoadingScene
19:25:06.609 [JavaFX Application Thread] DEBUG GameApplicationServi - Clearing previous game
19:25:06.609 [JavaFX Application Thread] DEBUG GameScene            - Clearing game scene
19:25:06.609 [JavaFX Application Thread] DEBUG GameWorld            - Clearing game world
19:25:06.609 [JavaFX Application Thread] DEBUG PhysicsWorld         - Clearing physics world
19:25:06.611 [FXGL Background Thread 2 ] DEBUG FXGLApplication      - Initializing game
19:25:06.766 [FXGL Background Thread 2 ] WARN  TMXLevelLoader       - TiledMap generated from 1.11.2. Supported version: 1.2.3. Some features may not be parsed fully.
19:25:06.780 [FXGL Background Thread 2 ] DEBUG TMXLevelLoader       - Parsed TiledMap: file:/C:/Users/jazph/OneDrive/Desktop/demoGame4OOP/target/classes/assets/levels/tmx/idkbackground.tmx
19:25:06.781 [FXGL Background Thread 2 ] DEBUG TMXLevelLoader       - Creating tile layer entities
19:25:06.784 [FXGL Background Thread 2 ] DEBUG TilesetLoader        - Loading view for layer Tile Layer 1
19:25:06.789 [FXGL Background Thread 2 ] DEBUG TilesetLoader        - Created buffer with size 1984.0x1088.0
19:25:06.920 [FXGL Background Thread 2 ] DEBUG TMXLevelLoader       - Creating object layer entities
19:25:06.963 [FXGL Background Thread 2 ] DEBUG GameWorld            - Clearing removable entities
19:25:06.964 [FXGL Background Thread 2 ] DEBUG GameWorld            - Setting level: com.almasb.fxgl.entity.level.Level@12c07d7b
19:25:07.016 [FXGL Background Thread 2 ] DEBUG FXGLAssetLoaderServi - Loading from file system: file:/C:/Users/jazph/OneDrive/Desktop/demoGame4OOP/target/classes/assets/textures/p1_idle.png
19:25:07.811 [FXGL Background Thread 2 ] DEBUG FXGLAssetLoaderServi - Loading from file system: file:/C:/Users/jazph/OneDrive/Desktop/demoGame4OOP/target/classes/assets/textures/walking.png
19:25:07.815 [FXGL Background Thread 2 ] DEBUG FXGLAssetLoaderServi - Loading from file system: file:/C:/Users/jazph/OneDrive/Desktop/demoGame4OOP/target/classes/assets/textures/jump.png
19:25:07.819 [FXGL Background Thread 2 ] DEBUG FXGLAssetLoaderServi - Loading from file system: file:/C:/Users/jazph/OneDrive/Desktop/demoGame4OOP/target/classes/assets/textures/punch.png
19:25:07.845 [FXGL Background Thread 2 ] DEBUG FXGLAssetLoaderServi - Loading from file system: file:/C:/Users/jazph/OneDrive/Desktop/demoGame4OOP/target/classes/assets/textures/idle_punk.png
19:25:07.848 [FXGL Background Thread 2 ] DEBUG FXGLAssetLoaderServi - Loading from file system: file:/C:/Users/jazph/OneDrive/Desktop/demoGame4OOP/target/classes/assets/textures/walk_punk.png
19:25:07.850 [FXGL Background Thread 2 ] DEBUG FXGLAssetLoaderServi - Loading from file system: file:/C:/Users/jazph/OneDrive/Desktop/demoGame4OOP/target/classes/assets/textures/punch_punk.png
19:25:07.859 [FXGL Background Thread 2 ] INFO  FXGLApplication      - Game initialization took: 1.248 sec
19:25:07.862 [JavaFX Application Thread] DEBUG Input                - Clearing active input actions
19:25:07.870 [JavaFX Application Thread] DEBUG GameApplicationServi - Removing overlay from FXGLLoadingScene and adding to GameScene
19:25:07.871 [JavaFX Application Thread] DEBUG PrimaryStageWindow   - FXGLLoadingScene -> GameScene
19:25:38.517 [JavaFX Application Thread] DEBUG LoopRunner           - Pausing loop
19:25:41.044 [JavaFX Application Thread] DEBUG LoopRunner           - Resuming loop
19:25:41.044 [JavaFX Application Thread] DEBUG GameApplicationServi - Starting new game
19:25:41.044 [JavaFX Application Thread] DEBUG Input                - Clearing active input actions
19:25:41.051 [JavaFX Application Thread] DEBUG GameApplicationServi - Removing overlay from GameScene and adding to FXGLLoadingScene
19:25:41.051 [JavaFX Application Thread] DEBUG PrimaryStageWindow   - GameScene -> FXGLLoadingScene
19:25:41.051 [JavaFX Application Thread] DEBUG GameApplicationServi - Clearing previous game
19:25:41.051 [JavaFX Application Thread] DEBUG GameScene            - Clearing game scene
19:25:41.051 [JavaFX Application Thread] DEBUG GameWorld            - Clearing game world
19:25:41.056 [JavaFX Application Thread] DEBUG PhysicsWorld         - Clearing physics world
19:25:41.056 [FXGL Background Thread 2 ] DEBUG FXGLApplication      - Initializing game
19:25:41.059 [FXGL Background Thread 2 ] WARN  TMXLevelLoader       - TiledMap generated from 1.11.2. Supported version: 1.2.3. Some features may not be parsed fully.
19:25:41.064 [FXGL Background Thread 2 ] DEBUG TMXLevelLoader       - Parsed TiledMap: file:/C:/Users/jazph/OneDrive/Desktop/demoGame4OOP/target/classes/assets/levels/tmx/idkbackground.tmx
19:25:41.064 [FXGL Background Thread 2 ] DEBUG TMXLevelLoader       - Creating tile layer entities
19:25:41.064 [FXGL Background Thread 2 ] DEBUG TilesetLoader        - Loading view for layer Tile Layer 1
19:25:41.068 [FXGL Background Thread 2 ] DEBUG TilesetLoader        - Created buffer with size 1984.0x1088.0
19:25:41.111 [FXGL Background Thread 2 ] DEBUG TMXLevelLoader       - Creating object layer entities
19:25:41.115 [FXGL Background Thread 2 ] DEBUG GameWorld            - Clearing removable entities
19:25:41.115 [FXGL Background Thread 2 ] DEBUG GameWorld            - Setting level: com.almasb.fxgl.entity.level.Level@776dcb74
19:25:41.123 [FXGL Background Thread 2 ] INFO  FXGLApplication      - Game initialization took: 0.067 sec
19:25:41.124 [JavaFX Application Thread] DEBUG Input                - Clearing active input actions
19:25:41.128 [JavaFX Application Thread] DEBUG GameApplicationServi - Removing overlay from FXGLLoadingScene and adding to GameScene
19:25:41.128 [JavaFX Application Thread] DEBUG PrimaryStageWindow   - FXGLLoadingScene -> GameScene
19:25:43.073 [JavaFX Application Thread] DEBUG PrimaryStageWindow   - Push state: DialogSubScene
19:25:43.073 [JavaFX Application Thread] DEBUG Input                - Clearing active input actions
19:25:43.074 [JavaFX Application Thread] DEBUG GameApplicationServi - Removing overlay from GameScene and adding to DialogSubScene
19:25:43.074 [JavaFX Application Thread] DEBUG PrimaryStageWindow   - GameScene -> DialogSubScene
19:25:44.472 [JavaFX Application Thread] DEBUG PrimaryStageWindow   - Pop state: DialogSubScene
19:25:44.472 [JavaFX Application Thread] DEBUG Input                - Clearing active input actions
19:25:44.472 [JavaFX Application Thread] DEBUG GameApplicationServi - Removing overlay from DialogSubScene and adding to GameScene
19:25:44.472 [JavaFX Application Thread] DEBUG PrimaryStageWindow   - GameScene <- DialogSubScene
19:25:44.472 [JavaFX Application Thread] DEBUG FXGLApplication      - Exiting FXGL
19:25:44.472 [JavaFX Application Thread] DEBUG LoopRunner           - Stopping loop
19:25:44.472 [JavaFX Application Thread] DEBUG SystemBundleService  - Saving FXGL system data
19:25:44.715 [JavaFX Application Thread] DEBUG FileSystemAccess     - Writing to: C:\Users\jazph\OneDrive\Desktop\demoGame4OOP\system\fxgl.bundle
19:25:44.724 [JavaFX Application Thread] DEBUG Async                - Shutting down background threads
19:25:44.724 [JavaFX Application Thread] DEBUG PrimaryStageWindow   - Closing main window
19:25:44.753 [JavaFX Application Thread] DEBUG Logger               - Closing Logger
