18:15:35.802 [main                     ] DEBUG Logger               - Configured Logger
18:15:35.805 [main                     ] DEBUG GameApplication      - Logging settings
Title: Stictactics
Version: 0.0
Width: 1920
Height: 1080
Fullscreen: false
Intro: false
Profiling: false
Single step:false
App Mode: DEVELOPER
Menu Key: ESCAPE
Stage Style: DECORATED
Scene Factory: class com.example.demo.MySceneFactory

18:15:36.304 [JavaFX Application Thread] DEBUG FXGLApplication      - Initializing FXGL
18:15:36.306 [JavaFX Application Thread] INFO  Engine               - FXGL-11.17 (16.07.2021 15.46) on WINDOWS (J:23.0.2 FX:17.0.6)
18:15:36.307 [JavaFX Application Thread] DEBUG Engine               - JRE Vendor Name: Amazon.com Inc.
18:15:36.307 [JavaFX Application Thread] DEBUG Engine               - Running on OS: Windows 11 version 10.0
18:15:36.307 [JavaFX Application Thread] DEBUG Engine               - Architecture: amd64
18:15:36.307 [JavaFX Application Thread] INFO  Engine               - Source code and latest versions at: https://github.com/AlmasB/FXGL
18:15:36.307 [JavaFX Application Thread] INFO  Engine               -              Join the FXGL chat at: https://gitter.im/AlmasB/FXGL
18:15:36.444 [JavaFX Application Thread] DEBUG PrimaryStageWindow   - Creating a JavaFX scene
18:15:36.444 [JavaFX Application Thread] DEBUG PrimaryStageWindow   - Target size > screen size
18:15:36.505 [JavaFX Application Thread] DEBUG PrimaryStageWindow   - Target settings size: 1920.0 x 1080.0
18:15:36.505 [JavaFX Application Thread] DEBUG PrimaryStageWindow   - Scaled scene size:    1255.0 x 720.0
18:15:36.505 [JavaFX Application Thread] DEBUG PrimaryStageWindow   - Scaled ratio: (0.6536458333333334, 0.6666666666666666)
18:15:36.506 [JavaFX Application Thread] DEBUG PrimaryStageWindow   - Set initial scene to FXGLStartupScene
18:15:36.514 [JavaFX Application Thread] DEBUG PrimaryStageWindow   - Opening main window
18:15:36.627 [JavaFX Application Thread] DEBUG PrimaryStageWindow   - Window border size: (16.0, 39.0)
18:15:36.628 [JavaFX Application Thread] DEBUG PrimaryStageWindow   - Scaled size: 1255.0 x 720.0
18:15:36.628 [JavaFX Application Thread] DEBUG PrimaryStageWindow   - Scaled ratio: (0.6536458333333334, 0.6666666666666666)
18:15:36.628 [JavaFX Application Thread] DEBUG PrimaryStageWindow   - Scene size: 1255.0 x 720.0
18:15:36.628 [JavaFX Application Thread] DEBUG PrimaryStageWindow   - Stage size: 1271.0 x 759.0
18:15:36.642 [FXGL Background Thread 1 ] DEBUG Engine               - Initializing environment variables
18:15:36.783 [FXGL Background Thread 1 ] DEBUG FXGLAssetLoaderServi - User app class for loading assets: class com.example.demo.HelloApplication
18:15:36.783 [FXGL Background Thread 1 ] DEBUG GameApplicationServi - Applying CSS: fxgl_dark.css
18:15:36.784 [FXGL Background Thread 1 ] DEBUG FXGLAssetLoaderServi - Loading from file system: jar:file:///C:/Users/zyla/.m2/repository/com/github/almasb/fxgl/11.17/fxgl-11.17.jar!/fxglassets/ui/css/fxgl_dark.css
18:15:36.860 [FXGL Background Thread 1 ] DEBUG GameApplicationServi - Initializing application scenes
18:15:37.002 [FXGL Background Thread 1 ] DEBUG GameWorld            - Game world initialized
18:15:37.093 [FXGL Background Thread 1 ] DEBUG PhysicsWorld         - Physics world initialized: appHeight=1080, physics.ppm=50.0
18:15:37.093 [FXGL Background Thread 1 ] DEBUG PhysicsWorld         - Using strategy: BRUTE_FORCE
18:15:37.097 [FXGL Background Thread 1 ] DEBUG GameScene            - Game scene initialized: 1920x1080
18:15:37.320 [FXGL Background Thread 1 ] DEBUG GameApplicationServi - Application scenes initialized
18:15:37.337 [FXGL Background Thread 1 ] DEBUG SystemBundleService  - Loading FXGL system data
18:15:37.346 [FXGL Background Thread 1 ] DEBUG FileSystemAccess     - Reading from: C:\Users\zyla\demoGame4OOP\system\fxgl.bundle
18:15:37.359 [FXGL Background Thread 1 ] DEBUG SystemBundleService  - Bundle FXGL: {}
18:15:37.359 [FXGL Background Thread 1 ] DEBUG UpdaterService       - Checking for updates
18:15:37.365 [FXGL Background Thread 4 ] DEBUG FXGLApplication      - Loading fonts
18:15:37.366 [FXGL Background Thread 1 ] DEBUG FXGLApplication      - Loading default localization
18:15:37.366 [FXGL Background Thread 1 ] DEBUG FXGLAssetLoaderServi - Loading from file system: jar:file:///C:/Users/zyla/.m2/repository/com/github/almasb/fxgl/11.17/fxgl-11.17.jar!/fxglassets/languages/english.lang
18:15:37.366 [FXGL Background Thread 4 ] DEBUG FXGLAssetLoaderServi - Loading from file system: jar:file:///C:/Users/zyla/.m2/repository/com/github/almasb/fxgl/11.17/fxgl-11.17.jar!/fxglassets/ui/fonts/VarelaRound-Regular.ttf
18:15:37.409 [FXGL Background Thread 1 ] INFO  FXGLApplication      - FXGL initialization took: 0.767 sec
18:15:37.423 [JavaFX Application Thread] DEBUG Input                - Registered new binding: P1Left - A
18:15:37.423 [JavaFX Application Thread] DEBUG Input                - Registered new binding: P1Right - D
18:15:37.423 [JavaFX Application Thread] DEBUG Input                - Registered new binding: P1Jump - W
18:15:37.424 [JavaFX Application Thread] DEBUG Input                - Registered new binding: P1Punch - F
18:15:37.424 [JavaFX Application Thread] DEBUG Input                - Registered new binding: P1EnhancedPunch - E
18:15:37.424 [JavaFX Application Thread] DEBUG Input                - Registered new binding: P1Ult - Q
18:15:37.424 [JavaFX Application Thread] DEBUG Input                - Registered new binding: P2Left - J
18:15:37.424 [JavaFX Application Thread] DEBUG Input                - Registered new binding: P2Right - L
18:15:37.425 [JavaFX Application Thread] DEBUG Input                - Registered new binding: P2Jump - I
18:15:37.425 [JavaFX Application Thread] DEBUG Input                - Registered new binding: P2Punch - H
18:15:37.425 [JavaFX Application Thread] DEBUG Input                - Registered new binding: P2EnhancedPunch - U
18:15:37.425 [JavaFX Application Thread] DEBUG Input                - Registered new binding: P2Ult - O
18:15:37.433 [JavaFX Application Thread] WARN  FXGLAssetLoaderServi - Asset "/assets/textures//assets/textures/background-intro.mp4" was not found!
18:15:37.433 [JavaFX Application Thread] WARN  FXGLAssetLoaderServi - Failed to load IMAGE
18:15:37.471 [JavaFX Application Thread] DEBUG FXGLAssetLoaderServi - Loading from file system: jar:file:///C:/Users/zyla/.m2/repository/com/github/almasb/fxgl/11.17/fxgl-11.17.jar!/fxglassets/textures/fxgl_icon.png
18:15:37.567 [JavaFX Application Thread] DEBUG FXGLAssetLoaderServi - Loading from file system: jar:file:///C:/Users/zyla/.m2/repository/com/github/almasb/fxgl/11.17/fxgl-11.17.jar!/fxglassets/textures/fxgl_default_cursor.png
18:15:37.573 [JavaFX Application Thread] DEBUG Input                - Registered new binding: Screenshot - CTRL+8
18:15:37.575 [JavaFX Application Thread] DEBUG Input                - Registered new binding: System info dump - CTRL+9
18:15:37.576 [JavaFX Application Thread] DEBUG Input                - Registered new binding: Restart - CTRL+R
18:15:37.577 [JavaFX Application Thread] DEBUG Input                - Registered new binding: Toggle Debug Camera - CTRL+C
18:15:37.580 [JavaFX Application Thread] DEBUG LoopRunner           - Starting loop
18:15:37.580 [JavaFX Application Thread] DEBUG LoopRunner           - Initializing JavaFX AnimationTimerLoop
18:15:37.589 [JavaFX Application Thread] DEBUG Input                - Clearing active input actions
18:15:37.627 [JavaFX Application Thread] DEBUG GameApplicationServi - Removing overlay from FXGLStartupScene and adding to FXGLMainMenuDummyScene
18:15:37.628 [JavaFX Application Thread] DEBUG PrimaryStageWindow   - FXGLStartupScene -> FXGLMainMenuDummyScene
18:15:37.628 [JavaFX Application Thread] DEBUG PrimaryStageWindow   - Push state: CustomMainMenu
18:15:37.628 [JavaFX Application Thread] DEBUG Input                - Clearing active input actions
18:15:37.640 [FXGL Background Thread 4 ] DEBUG FXGLAssetLoaderServi - Loading from file system: jar:file:///C:/Users/zyla/.m2/repository/com/github/almasb/fxgl/11.17/fxgl-11.17.jar!/fxglassets/ui/fonts/Abel-Regular.ttf
18:15:37.654 [JavaFX Application Thread] DEBUG GameApplicationServi - Removing overlay from FXGLMainMenuDummyScene and adding to CustomMainMenu
18:15:37.655 [JavaFX Application Thread] DEBUG PrimaryStageWindow   - FXGLMainMenuDummyScene -> CustomMainMenu
18:15:37.675 [FXGL Background Thread 4 ] DEBUG FXGLAssetLoaderServi - Loading from file system: jar:file:///C:/Users/zyla/.m2/repository/com/github/almasb/fxgl/11.17/fxgl-11.17.jar!/fxglassets/ui/fonts/lucida_console.ttf
18:15:37.702 [FXGL Background Thread 4 ] DEBUG FXGLAssetLoaderServi - Loading from file system: jar:file:///C:/Users/zyla/.m2/repository/com/github/almasb/fxgl/11.17/fxgl-11.17.jar!/fxglassets/ui/fonts/Courier-Prime.ttf
18:15:37.947 [JavaFX Application Thread] DEBUG FXGLApplication      - Registering font factories with UI factory
18:15:38.529 [JavaFX Application Thread] DEBUG Menu                 - fireNewGame()
18:15:38.529 [JavaFX Application Thread] DEBUG GameApplicationServi - Starting new game
18:15:38.529 [JavaFX Application Thread] DEBUG PrimaryStageWindow   - Pop state: CustomMainMenu
18:15:38.529 [JavaFX Application Thread] DEBUG Input                - Clearing active input actions
18:15:38.530 [JavaFX Application Thread] DEBUG GameApplicationServi - Removing overlay from CustomMainMenu and adding to FXGLMainMenuDummyScene
18:15:38.531 [JavaFX Application Thread] DEBUG PrimaryStageWindow   - FXGLMainMenuDummyScene <- CustomMainMenu
18:15:38.532 [JavaFX Application Thread] DEBUG Input                - Clearing active input actions
18:15:38.546 [JavaFX Application Thread] DEBUG GameApplicationServi - Removing overlay from FXGLMainMenuDummyScene and adding to FXGLLoadingScene
18:15:38.546 [JavaFX Application Thread] DEBUG PrimaryStageWindow   - FXGLMainMenuDummyScene -> FXGLLoadingScene
18:15:38.547 [JavaFX Application Thread] DEBUG GameApplicationServi - Clearing previous game
18:15:38.547 [JavaFX Application Thread] DEBUG GameScene            - Clearing game scene
18:15:38.547 [JavaFX Application Thread] DEBUG GameWorld            - Clearing game world
18:15:38.548 [JavaFX Application Thread] DEBUG PhysicsWorld         - Clearing physics world
18:15:38.553 [FXGL Background Thread 4 ] DEBUG FXGLApplication      - Initializing game
18:15:38.849 [FXGL Background Thread 4 ] WARN  TMXLevelLoader       - TiledMap generated from 1.11.2. Supported version: 1.2.3. Some features may not be parsed fully.
18:15:38.883 [FXGL Background Thread 4 ] DEBUG TMXLevelLoader       - Parsed TiledMap: file:/C:/Users/zyla/demoGame4OOP/target/classes/assets/levels/tmx/map5.tmx
18:15:38.886 [FXGL Background Thread 4 ] DEBUG TMXLevelLoader       - Creating tile layer entities
18:15:38.889 [FXGL Background Thread 4 ] DEBUG TilesetLoader        - Loading view for layer Tile Layer 1
18:15:38.892 [FXGL Background Thread 4 ] DEBUG TilesetLoader        - Created buffer with size 1920.0x1088.0
18:15:38.926 [FXGL Background Thread 2 ] INFO  UpdaterService       - Your current version:  11.17
18:15:38.926 [FXGL Background Thread 2 ] INFO  UpdaterService       - Latest stable version: 21.1
18:15:39.066 [FXGL Background Thread 4 ] DEBUG TMXLevelLoader       - Creating object layer entities
18:15:39.106 [FXGL Background Thread 4 ] DEBUG GameWorld            - Clearing removable entities
18:15:39.108 [FXGL Background Thread 4 ] DEBUG GameWorld            - Setting level: com.almasb.fxgl.entity.level.Level@9f6b741
18:15:39.124 [FXGL Background Thread 4 ] DEBUG FXGLAssetLoaderServi - Loading from file system: file:/C:/Users/zyla/demoGame4OOP/target/classes/assets/textures/fighter_idle.png
18:15:39.149 [FXGL Background Thread 4 ] DEBUG FXGLAssetLoaderServi - Loading from file system: file:/C:/Users/zyla/demoGame4OOP/target/classes/assets/textures/fighter_walk.png
18:15:39.162 [FXGL Background Thread 4 ] DEBUG FXGLAssetLoaderServi - Loading from file system: file:/C:/Users/zyla/demoGame4OOP/target/classes/assets/textures/fighter_jump.png
18:15:39.171 [FXGL Background Thread 4 ] DEBUG FXGLAssetLoaderServi - Loading from file system: file:/C:/Users/zyla/demoGame4OOP/target/classes/assets/textures/fighter_attack_enhanced.png
18:15:39.182 [FXGL Background Thread 4 ] DEBUG FXGLAssetLoaderServi - Loading from file system: file:/C:/Users/zyla/demoGame4OOP/target/classes/assets/textures/fighter_attack.png
18:15:39.194 [FXGL Background Thread 4 ] DEBUG FXGLAssetLoaderServi - Loading from file system: file:/C:/Users/zyla/demoGame4OOP/target/classes/assets/textures/fighter_ult.png
18:15:39.215 [FXGL Background Thread 4 ] DEBUG FXGLAssetLoaderServi - Loading from file system: file:/C:/Users/zyla/demoGame4OOP/target/classes/assets/textures/fighter_idle_P2.png
18:15:39.226 [FXGL Background Thread 4 ] DEBUG FXGLAssetLoaderServi - Loading from file system: file:/C:/Users/zyla/demoGame4OOP/target/classes/assets/textures/fighter_walk_P2.png
18:15:39.235 [FXGL Background Thread 4 ] DEBUG FXGLAssetLoaderServi - Loading from file system: file:/C:/Users/zyla/demoGame4OOP/target/classes/assets/textures/fighter_attack_enhanced_p2.png
18:15:39.246 [FXGL Background Thread 4 ] DEBUG FXGLAssetLoaderServi - Loading from file system: file:/C:/Users/zyla/demoGame4OOP/target/classes/assets/textures/fighter_jump_P2.png
18:15:39.255 [FXGL Background Thread 4 ] DEBUG FXGLAssetLoaderServi - Loading from file system: file:/C:/Users/zyla/demoGame4OOP/target/classes/assets/textures/fighter_attack_P2.png
18:15:39.286 [FXGL Background Thread 4 ] DEBUG FXGLAssetLoaderServi - Loading from file system: file:/C:/Users/zyla/demoGame4OOP/target/classes/assets/textures/fighter_ult_P2.png
18:15:39.351 [FXGL Background Thread 4 ] INFO  FXGLApplication      - Game initialization took: 0.798 sec
18:15:39.356 [JavaFX Application Thread] DEBUG Input                - Clearing active input actions
18:15:39.380 [JavaFX Application Thread] DEBUG GameApplicationServi - Removing overlay from FXGLLoadingScene and adding to GameScene
18:15:39.381 [JavaFX Application Thread] DEBUG PrimaryStageWindow   - FXGLLoadingScene -> GameScene
18:15:40.364 [FXGL Background Thread 3 ] DEBUG Engine               - Logging environment variables
18:15:40.364 [FXGL Background Thread 3 ] DEBUG Engine               - achievements: []
18:15:40.364 [FXGL Background Thread 3 ] DEBUG Engine               - actualHeight: 720.0
18:15:40.364 [FXGL Background Thread 3 ] DEBUG Engine               - actualHeightProperty: ReadOnlyDoubleProperty [value: 720.0]
18:15:40.364 [FXGL Background Thread 3 ] DEBUG Engine               - actualWidth: 1255.0
18:15:40.364 [FXGL Background Thread 3 ] DEBUG Engine               - actualWidthProperty: ReadOnlyDoubleProperty [value: 1255.0]
18:15:40.364 [FXGL Background Thread 3 ] DEBUG Engine               - appIcon: fxgl_icon.png
18:15:40.365 [FXGL Background Thread 3 ] DEBUG Engine               - applicationMode: DEVELOPER
18:15:40.365 [FXGL Background Thread 3 ] DEBUG Engine               - cSSList: [fxgl_dark.css]
18:15:40.365 [FXGL Background Thread 3 ] DEBUG Engine               - collisionDetectionStrategy: BRUTE_FORCE
18:15:40.365 [FXGL Background Thread 3 ] DEBUG Engine               - configClass: Optional.empty
18:15:40.365 [FXGL Background Thread 3 ] DEBUG Engine               - credits: []
18:15:40.365 [FXGL Background Thread 3 ] DEBUG Engine               - defaultCursor: CursorInfo(imageName=fxgl_default_cursor.png, hotspotX=7.0, hotspotY=6.0)
18:15:40.365 [FXGL Background Thread 3 ] DEBUG Engine               - devBBoxColorProperty: ObjectProperty [value: 0xff0000ff]
18:15:40.365 [FXGL Background Thread 3 ] DEBUG Engine               - devEnableDebugCameraProperty: BooleanProperty [value: false]
18:15:40.365 [FXGL Background Thread 3 ] DEBUG Engine               - devSensorColorProperty: ObjectProperty [value: 0xffff00ff]
18:15:40.365 [FXGL Background Thread 3 ] DEBUG Engine               - devShowBBoxProperty: BooleanProperty [value: false]
18:15:40.366 [FXGL Background Thread 3 ] DEBUG Engine               - devShowPositionProperty: BooleanProperty [value: false]
18:15:40.367 [FXGL Background Thread 3 ] DEBUG Engine               - enabledMenuItems: []
18:15:40.367 [FXGL Background Thread 3 ] DEBUG Engine               - engineServices: [class com.almasb.fxgl.app.services.FXGLAssetLoaderService, class com.almasb.fxgl.app.FXGLApplication$GameApplicationService, class com.almasb.fxgl.app.services.FXGLDialogService, class com.almasb.fxgl.app.services.IOTaskExecutorService, class com.almasb.fxgl.io.FileSystemService, class com.almasb.fxgl.localization.LocalizationService, class com.almasb.fxgl.app.services.SystemBundleService, class com.almasb.fxgl.profile.SaveLoadService, class com.almasb.fxgl.ui.FXGLUIFactoryServiceProvider, class com.almasb.fxgl.ui.FXGLDialogFactoryServiceProvider, class com.almasb.fxgl.audio.AudioPlayer, class com.almasb.fxgl.notification.impl.NotificationServiceProvider, class com.almasb.fxgl.achievement.AchievementService, class com.almasb.fxgl.cutscene.CutsceneService, class com.almasb.fxgl.minigames.MiniGameService, class com.almasb.fxgl.net.NetService, class com.almasb.fxgl.app.services.UpdaterService, class com.almasb.fxgl.dev.DevService]
18:15:40.367 [FXGL Background Thread 3 ] DEBUG Engine               - fontGame: Abel-Regular.ttf
18:15:40.367 [FXGL Background Thread 3 ] DEBUG Engine               - fontMono: lucida_console.ttf
18:15:40.367 [FXGL Background Thread 3 ] DEBUG Engine               - fontText: Courier-Prime.ttf
18:15:40.367 [FXGL Background Thread 3 ] DEBUG Engine               - fontUI: VarelaRound-Regular.ttf
18:15:40.367 [FXGL Background Thread 3 ] DEBUG Engine               - fullScreen: BooleanProperty [value: false]
18:15:40.367 [FXGL Background Thread 3 ] DEBUG Engine               - gameDifficulty: MEDIUM
18:15:40.367 [FXGL Background Thread 3 ] DEBUG Engine               - gameDifficultyProperty: ObjectProperty [value: MEDIUM]
18:15:40.367 [FXGL Background Thread 3 ] DEBUG Engine               - globalMusicVolume: 0.5
18:15:40.368 [FXGL Background Thread 3 ] DEBUG Engine               - globalMusicVolumeProperty: DoubleProperty [value: 0.5]
18:15:40.368 [FXGL Background Thread 3 ] DEBUG Engine               - globalSoundVolume: 0.5
18:15:40.368 [FXGL Background Thread 3 ] DEBUG Engine               - globalSoundVolumeProperty: DoubleProperty [value: 0.5]
18:15:40.368 [FXGL Background Thread 3 ] DEBUG Engine               - height: 1080
18:15:40.368 [FXGL Background Thread 3 ] DEBUG Engine               - is3D: false
18:15:40.368 [FXGL Background Thread 3 ] DEBUG Engine               - isAndroid: false
18:15:40.368 [FXGL Background Thread 3 ] DEBUG Engine               - isBrowser: false
18:15:40.368 [FXGL Background Thread 3 ] DEBUG Engine               - isClickFeedbackEnabled: false
18:15:40.368 [FXGL Background Thread 3 ] DEBUG Engine               - isCloseConfirmation: true
18:15:40.368 [FXGL Background Thread 3 ] DEBUG Engine               - isDesktop: true
18:15:40.368 [FXGL Background Thread 3 ] DEBUG Engine               - isDeveloperMenuEnabled: false
18:15:40.368 [FXGL Background Thread 3 ] DEBUG Engine               - isEntityPreloadEnabled: true
18:15:40.368 [FXGL Background Thread 3 ] DEBUG Engine               - isExperimentalTiledLargeMap: false
18:15:40.368 [FXGL Background Thread 3 ] DEBUG Engine               - isFileSystemWriteAllowed: true
18:15:40.368 [FXGL Background Thread 3 ] DEBUG Engine               - isFullScreenAllowed: false
18:15:40.369 [FXGL Background Thread 3 ] DEBUG Engine               - isFullScreenFromStart: false
18:15:40.369 [FXGL Background Thread 3 ] DEBUG Engine               - isGameMenuEnabled: false
18:15:40.369 [FXGL Background Thread 3 ] DEBUG Engine               - isIOS: false
18:15:40.369 [FXGL Background Thread 3 ] DEBUG Engine               - isIntroEnabled: false
18:15:40.369 [FXGL Background Thread 3 ] DEBUG Engine               - isLinux: false
18:15:40.369 [FXGL Background Thread 3 ] DEBUG Engine               - isMac: false
18:15:40.369 [FXGL Background Thread 3 ] DEBUG Engine               - isMainMenuEnabled: true
18:15:40.369 [FXGL Background Thread 3 ] DEBUG Engine               - isManualResizeEnabled: false
18:15:40.369 [FXGL Background Thread 3 ] DEBUG Engine               - isMobile: false
18:15:40.369 [FXGL Background Thread 3 ] DEBUG Engine               - isNative: false
18:15:40.369 [FXGL Background Thread 3 ] DEBUG Engine               - isPauseMusicWhenMinimized: true
18:15:40.369 [FXGL Background Thread 3 ] DEBUG Engine               - isPreserveResizeRatio: false
18:15:40.369 [FXGL Background Thread 3 ] DEBUG Engine               - isProfilingEnabled: false
18:15:40.370 [FXGL Background Thread 3 ] DEBUG Engine               - isScaleAffectedOnResize: true
18:15:40.370 [FXGL Background Thread 3 ] DEBUG Engine               - isSingleStep: false
18:15:40.370 [FXGL Background Thread 3 ] DEBUG Engine               - isUserProfileEnabled: false
18:15:40.370 [FXGL Background Thread 3 ] DEBUG Engine               - isWindows: true
18:15:40.370 [FXGL Background Thread 3 ] DEBUG Engine               - language: ObjectProperty [value: ENGLISH]
18:15:40.370 [FXGL Background Thread 3 ] DEBUG Engine               - menuKey: ESCAPE
18:15:40.370 [FXGL Background Thread 3 ] DEBUG Engine               - mouseSensitivity: 0.2
18:15:40.370 [FXGL Background Thread 3 ] DEBUG Engine               - notificationViewClass: class com.almasb.fxgl.notification.view.XboxNotificationView
18:15:40.371 [FXGL Background Thread 3 ] DEBUG Engine               - pixelsPerMeter: 50.0
18:15:40.371 [FXGL Background Thread 3 ] DEBUG Engine               - platform: WINDOWS
18:15:40.371 [FXGL Background Thread 3 ] DEBUG Engine               - prefHeightProperty: ReadOnlyDoubleProperty [value: 1080.0]
18:15:40.372 [FXGL Background Thread 3 ] DEBUG Engine               - prefWidthProperty: ReadOnlyDoubleProperty [value: 1920.0]
18:15:40.372 [FXGL Background Thread 3 ] DEBUG Engine               - profileDir: profiles/
18:15:40.372 [FXGL Background Thread 3 ] DEBUG Engine               - profileName: StringProperty [value: DEFAULT]
18:15:40.372 [FXGL Background Thread 3 ] DEBUG Engine               - randomSeed: -1
18:15:40.372 [FXGL Background Thread 3 ] DEBUG Engine               - runtimeInfo: RuntimeInfo(platform=WINDOWS, version=11.17, build=16.07.2021 15.46)
18:15:40.372 [FXGL Background Thread 3 ] DEBUG Engine               - saveFileExt: sav
18:15:40.372 [FXGL Background Thread 3 ] DEBUG Engine               - scaledHeightProp$fxgl: DoubleProperty [bound, value: 720.0]
18:15:40.372 [FXGL Background Thread 3 ] DEBUG Engine               - scaledWidthProp$fxgl: DoubleProperty [bound, value: 1255.0]
18:15:40.372 [FXGL Background Thread 3 ] DEBUG Engine               - sceneFactory: com.example.demo.MySceneFactory@45b0b9ff
18:15:40.372 [FXGL Background Thread 3 ] DEBUG Engine               - secondsIn24h: 60
18:15:40.372 [FXGL Background Thread 3 ] DEBUG Engine               - soundMenuBack: menu/back.wav
18:15:40.373 [FXGL Background Thread 3 ] DEBUG Engine               - soundMenuPress: menu/press.wav
18:15:40.373 [FXGL Background Thread 3 ] DEBUG Engine               - soundMenuSelect: menu/select.wav
18:15:40.373 [FXGL Background Thread 3 ] DEBUG Engine               - soundNotification: core/notification.wav
18:15:40.373 [FXGL Background Thread 3 ] DEBUG Engine               - stageStyle: DECORATED
18:15:40.373 [FXGL Background Thread 3 ] DEBUG Engine               - supportedLanguages: [ENGLISH, FRENCH, GERMAN, HUNGARIAN, RUSSIAN]
18:15:40.373 [FXGL Background Thread 3 ] DEBUG Engine               - ticksPerSecond: -1
18:15:40.373 [FXGL Background Thread 3 ] DEBUG Engine               - title: Stictactics
18:15:40.373 [FXGL Background Thread 3 ] DEBUG Engine               - urlGithub: https://github.com/AlmasB/FXGL
18:15:40.373 [FXGL Background Thread 3 ] DEBUG Engine               - urlLeaderboard: http://fxgl-top.herokuapp.com/
18:15:40.373 [FXGL Background Thread 3 ] DEBUG Engine               - urlPOM: https://raw.githubusercontent.com/AlmasB/FXGL/release/README.md
18:15:40.373 [FXGL Background Thread 3 ] DEBUG Engine               - userAppClass: class com.example.demo.HelloApplication
18:15:40.373 [FXGL Background Thread 3 ] DEBUG Engine               - version: 0.0
18:15:40.373 [FXGL Background Thread 3 ] DEBUG Engine               - versionCheckDays: 7
18:15:40.373 [FXGL Background Thread 3 ] DEBUG Engine               - width: 1920
18:15:40.373 [FXGL Background Thread 3 ] DEBUG Engine               - Logging services
18:15:40.373 [FXGL Background Thread 3 ] DEBUG Engine               - class com.almasb.fxgl.app.services.FXGLAssetLoaderService
18:15:40.373 [FXGL Background Thread 3 ] DEBUG Engine               - class com.almasb.fxgl.app.FXGLApplication$GameApplicationService
18:15:40.373 [FXGL Background Thread 3 ] DEBUG Engine               - class com.almasb.fxgl.app.services.FXGLDialogService
18:15:40.373 [FXGL Background Thread 3 ] DEBUG Engine               - class com.almasb.fxgl.app.services.IOTaskExecutorService
18:15:40.373 [FXGL Background Thread 3 ] DEBUG Engine               - class com.almasb.fxgl.io.FileSystemService
18:15:40.373 [FXGL Background Thread 3 ] DEBUG Engine               - class com.almasb.fxgl.localization.LocalizationService
18:15:40.373 [FXGL Background Thread 3 ] DEBUG Engine               - class com.almasb.fxgl.app.services.SystemBundleService
18:15:40.374 [FXGL Background Thread 3 ] DEBUG Engine               - class com.almasb.fxgl.profile.SaveLoadService
18:15:40.374 [FXGL Background Thread 3 ] DEBUG Engine               - class com.almasb.fxgl.ui.FXGLUIFactoryServiceProvider
18:15:40.374 [FXGL Background Thread 3 ] DEBUG Engine               - class com.almasb.fxgl.ui.FXGLDialogFactoryServiceProvider
18:15:40.374 [FXGL Background Thread 3 ] DEBUG Engine               - class com.almasb.fxgl.audio.AudioPlayer
18:15:40.374 [FXGL Background Thread 3 ] DEBUG Engine               - class com.almasb.fxgl.notification.impl.NotificationServiceProvider
18:15:40.374 [FXGL Background Thread 3 ] DEBUG Engine               - class com.almasb.fxgl.achievement.AchievementService
18:15:40.374 [FXGL Background Thread 3 ] DEBUG Engine               - class com.almasb.fxgl.cutscene.CutsceneService
18:15:40.374 [FXGL Background Thread 3 ] DEBUG Engine               - class com.almasb.fxgl.minigames.MiniGameService
18:15:40.374 [FXGL Background Thread 3 ] DEBUG Engine               - class com.almasb.fxgl.net.NetService
18:15:40.374 [FXGL Background Thread 3 ] DEBUG Engine               - class com.almasb.fxgl.app.services.UpdaterService
18:15:40.374 [FXGL Background Thread 3 ] DEBUG Engine               - class com.almasb.fxgl.dev.DevService
18:15:44.585 [JavaFX Application Thread] DEBUG PrimaryStageWindow   - Push state: DialogSubScene
18:15:44.585 [JavaFX Application Thread] DEBUG Input                - Clearing active input actions
18:15:44.586 [JavaFX Application Thread] DEBUG GameApplicationServi - Removing overlay from GameScene and adding to DialogSubScene
18:15:44.587 [JavaFX Application Thread] DEBUG PrimaryStageWindow   - GameScene -> DialogSubScene
18:15:45.822 [JavaFX Application Thread] DEBUG PrimaryStageWindow   - Pop state: DialogSubScene
18:15:45.822 [JavaFX Application Thread] DEBUG Input                - Clearing active input actions
18:15:45.823 [JavaFX Application Thread] DEBUG GameApplicationServi - Removing overlay from DialogSubScene and adding to GameScene
18:15:45.823 [JavaFX Application Thread] DEBUG PrimaryStageWindow   - GameScene <- DialogSubScene
18:15:45.823 [JavaFX Application Thread] DEBUG FXGLApplication      - Exiting FXGL
18:15:45.823 [JavaFX Application Thread] DEBUG LoopRunner           - Stopping loop
18:15:45.823 [JavaFX Application Thread] DEBUG SystemBundleService  - Saving FXGL system data
18:15:45.826 [JavaFX Application Thread] DEBUG FileSystemAccess     - Writing to: C:\Users\zyla\demoGame4OOP\system\fxgl.bundle
18:15:45.828 [JavaFX Application Thread] DEBUG Async                - Shutting down background threads
18:15:45.829 [JavaFX Application Thread] DEBUG PrimaryStageWindow   - Closing main window
18:15:45.853 [JavaFX Application Thread] DEBUG Logger               - Closing Logger
