18:57:27.455 [main                     ] DEBUG Logger               - Configured Logger
18:57:27.457 [main                     ] DEBUG GameApplication      - Logging settings
Title: Stictactics
Version: 0.0
Width: 1920
Height: 1080
Fullscreen: false
Intro: false
Profiling: false
Single step:false
App Mode: DEVELOPER
Menu Key: ESCAPE
Stage Style: DECORATED
Scene Factory: class com.example.demo.MySceneFactory

18:57:27.855 [JavaFX Application Thread] DEBUG FXGLApplication      - Initializing FXGL
18:57:27.857 [JavaFX Application Thread] INFO  Engine               - FXGL-11.17 (16.07.2021 15.46) on WINDOWS (J:23.0.2 FX:17.0.6)
18:57:27.858 [JavaFX Application Thread] DEBUG Engine               - JRE Vendor Name: Amazon.com Inc.
18:57:27.858 [JavaFX Application Thread] DEBUG Engine               - Running on OS: Windows 11 version 10.0
18:57:27.858 [JavaFX Application Thread] DEBUG Engine               - Architecture: amd64
18:57:27.858 [JavaFX Application Thread] INFO  Engine               - Source code and latest versions at: https://github.com/AlmasB/FXGL
18:57:27.858 [JavaFX Application Thread] INFO  Engine               -              Join the FXGL chat at: https://gitter.im/AlmasB/FXGL
18:57:27.959 [JavaFX Application Thread] DEBUG PrimaryStageWindow   - Creating a JavaFX scene
18:57:27.959 [JavaFX Application Thread] DEBUG PrimaryStageWindow   - Target size > screen size
18:57:28.008 [JavaFX Application Thread] DEBUG PrimaryStageWindow   - Target settings size: 1920.0 x 1080.0
18:57:28.008 [JavaFX Application Thread] DEBUG PrimaryStageWindow   - Scaled scene size:    1255.0 x 720.0
18:57:28.008 [JavaFX Application Thread] DEBUG PrimaryStageWindow   - Scaled ratio: (0.6536458333333334, 0.6666666666666666)
18:57:28.009 [JavaFX Application Thread] DEBUG PrimaryStageWindow   - Set initial scene to FXGLStartupScene
18:57:28.017 [JavaFX Application Thread] DEBUG PrimaryStageWindow   - Opening main window
18:57:28.118 [JavaFX Application Thread] DEBUG PrimaryStageWindow   - Window border size: (16.0, 39.0)
18:57:28.118 [JavaFX Application Thread] DEBUG PrimaryStageWindow   - Scaled size: 1255.0 x 720.0
18:57:28.118 [JavaFX Application Thread] DEBUG PrimaryStageWindow   - Scaled ratio: (0.6536458333333334, 0.6666666666666666)
18:57:28.118 [JavaFX Application Thread] DEBUG PrimaryStageWindow   - Scene size: 1255.0 x 720.0
18:57:28.120 [JavaFX Application Thread] DEBUG PrimaryStageWindow   - Stage size: 1271.0 x 759.0
18:57:28.126 [FXGL Background Thread 1 ] DEBUG Engine               - Initializing environment variables
18:57:28.268 [FXGL Background Thread 1 ] DEBUG FXGLAssetLoaderServi - User app class for loading assets: class com.example.demo.HelloController
18:57:28.269 [FXGL Background Thread 1 ] DEBUG GameApplicationServi - Applying CSS: fxgl_dark.css
18:57:28.269 [FXGL Background Thread 1 ] DEBUG FXGLAssetLoaderServi - Loading from file system: jar:file:///C:/Users/zyla/.m2/repository/com/github/almasb/fxgl/11.17/fxgl-11.17.jar!/fxglassets/ui/css/fxgl_dark.css
18:57:28.339 [FXGL Background Thread 1 ] DEBUG GameApplicationServi - Initializing application scenes
18:57:28.477 [FXGL Background Thread 1 ] DEBUG GameWorld            - Game world initialized
18:57:28.553 [FXGL Background Thread 1 ] DEBUG PhysicsWorld         - Physics world initialized: appHeight=1080, physics.ppm=50.0
18:57:28.553 [FXGL Background Thread 1 ] DEBUG PhysicsWorld         - Using strategy: BRUTE_FORCE
18:57:28.556 [FXGL Background Thread 1 ] DEBUG GameScene            - Game scene initialized: 1920x1080
18:57:28.716 [FXGL Background Thread 1 ] DEBUG GameApplicationServi - Application scenes initialized
18:57:28.729 [FXGL Background Thread 1 ] DEBUG SystemBundleService  - Loading FXGL system data
18:57:28.734 [FXGL Background Thread 1 ] DEBUG FileSystemAccess     - Reading from: C:\Users\zyla\demoGame4OOP\system\fxgl.bundle
18:57:28.743 [FXGL Background Thread 1 ] DEBUG SystemBundleService  - Bundle FXGL: {}
18:57:28.743 [FXGL Background Thread 1 ] DEBUG UpdaterService       - Checking for updates
18:57:28.750 [FXGL Background Thread 1 ] DEBUG FXGLApplication      - Loading default localization
18:57:28.752 [FXGL Background Thread 1 ] DEBUG FXGLAssetLoaderServi - Loading from file system: jar:file:///C:/Users/zyla/.m2/repository/com/github/almasb/fxgl/11.17/fxgl-11.17.jar!/fxglassets/languages/english.lang
18:57:28.750 [FXGL Background Thread 4 ] DEBUG FXGLApplication      - Loading fonts
18:57:28.753 [FXGL Background Thread 4 ] DEBUG FXGLAssetLoaderServi - Loading from file system: jar:file:///C:/Users/zyla/.m2/repository/com/github/almasb/fxgl/11.17/fxgl-11.17.jar!/fxglassets/ui/fonts/VarelaRound-Regular.ttf
18:57:28.797 [FXGL Background Thread 1 ] INFO  FXGLApplication      - FXGL initialization took: 0.671 sec
18:57:28.820 [JavaFX Application Thread] DEBUG Input                - Registered new binding: Pause Game - Esc
18:57:28.821 [JavaFX Application Thread] DEBUG Input                - Registered new binding: P1Left - A
18:57:28.821 [JavaFX Application Thread] DEBUG Input                - Registered new binding: P1Right - D
18:57:28.823 [JavaFX Application Thread] DEBUG Input                - Registered new binding: P1Jump - W
18:57:28.823 [JavaFX Application Thread] DEBUG Input                - Registered new binding: P1Punch - F
18:57:28.823 [JavaFX Application Thread] DEBUG Input                - Registered new binding: P1EnhancedPunch - E
18:57:28.823 [JavaFX Application Thread] DEBUG Input                - Registered new binding: P1Ult - Q
18:57:28.824 [JavaFX Application Thread] DEBUG Input                - Registered new binding: P2Left - Left
18:57:28.824 [JavaFX Application Thread] DEBUG Input                - Registered new binding: P2Right - Right
18:57:28.824 [JavaFX Application Thread] DEBUG Input                - Registered new binding: P2Jump - Up
18:57:28.824 [JavaFX Application Thread] DEBUG Input                - Registered new binding: P2Punch - H
18:57:28.824 [JavaFX Application Thread] DEBUG Input                - Registered new binding: P2EnhancedPunch - U
18:57:28.824 [JavaFX Application Thread] DEBUG Input                - Registered new binding: P2Ult - O
18:57:28.834 [JavaFX Application Thread] WARN  FXGLAssetLoaderServi - Asset "/assets/textures//assets/textures/background-intro.mp4" was not found!
18:57:28.834 [JavaFX Application Thread] WARN  FXGLAssetLoaderServi - Failed to load IMAGE
18:57:28.869 [JavaFX Application Thread] DEBUG FXGLAssetLoaderServi - Loading from file system: jar:file:///C:/Users/zyla/.m2/repository/com/github/almasb/fxgl/11.17/fxgl-11.17.jar!/fxglassets/textures/fxgl_icon.png
18:57:28.948 [JavaFX Application Thread] DEBUG FXGLAssetLoaderServi - Loading from file system: jar:file:///C:/Users/zyla/.m2/repository/com/github/almasb/fxgl/11.17/fxgl-11.17.jar!/fxglassets/textures/fxgl_default_cursor.png
18:57:28.952 [JavaFX Application Thread] DEBUG Input                - Registered new binding: Screenshot - CTRL+8
18:57:28.953 [JavaFX Application Thread] DEBUG Input                - Registered new binding: System info dump - CTRL+9
18:57:28.953 [JavaFX Application Thread] DEBUG Input                - Registered new binding: Restart - CTRL+R
18:57:28.956 [JavaFX Application Thread] DEBUG Input                - Registered new binding: Toggle Debug Camera - CTRL+C
18:57:28.965 [JavaFX Application Thread] DEBUG LoopRunner           - Starting loop
18:57:28.965 [JavaFX Application Thread] DEBUG LoopRunner           - Initializing JavaFX AnimationTimerLoop
18:57:28.988 [JavaFX Application Thread] DEBUG Input                - Clearing active input actions
18:57:29.003 [JavaFX Application Thread] DEBUG GameApplicationServi - Removing overlay from FXGLStartupScene and adding to FXGLMainMenuDummyScene
18:57:29.003 [JavaFX Application Thread] DEBUG PrimaryStageWindow   - FXGLStartupScene -> FXGLMainMenuDummyScene
18:57:29.003 [JavaFX Application Thread] DEBUG PrimaryStageWindow   - Push state: CustomMainMenu
18:57:29.003 [JavaFX Application Thread] DEBUG Input                - Clearing active input actions
18:57:29.032 [JavaFX Application Thread] DEBUG GameApplicationServi - Removing overlay from FXGLMainMenuDummyScene and adding to CustomMainMenu
18:57:29.032 [JavaFX Application Thread] DEBUG PrimaryStageWindow   - FXGLMainMenuDummyScene -> CustomMainMenu
18:57:29.158 [FXGL Background Thread 4 ] DEBUG FXGLAssetLoaderServi - Loading from file system: jar:file:///C:/Users/zyla/.m2/repository/com/github/almasb/fxgl/11.17/fxgl-11.17.jar!/fxglassets/ui/fonts/Abel-Regular.ttf
18:57:29.178 [FXGL Background Thread 4 ] DEBUG FXGLAssetLoaderServi - Loading from file system: jar:file:///C:/Users/zyla/.m2/repository/com/github/almasb/fxgl/11.17/fxgl-11.17.jar!/fxglassets/ui/fonts/lucida_console.ttf
18:57:29.236 [FXGL Background Thread 4 ] DEBUG FXGLAssetLoaderServi - Loading from file system: jar:file:///C:/Users/zyla/.m2/repository/com/github/almasb/fxgl/11.17/fxgl-11.17.jar!/fxglassets/ui/fonts/Courier-Prime.ttf
18:57:29.327 [JavaFX Application Thread] DEBUG FXGLApplication      - Registering font factories with UI factory
18:57:29.824 [FXGL Background Thread 2 ] INFO  UpdaterService       - Your current version:  11.17
18:57:29.824 [FXGL Background Thread 2 ] INFO  UpdaterService       - Latest stable version: 21.1
18:57:29.837 [JavaFX Application Thread] DEBUG Menu                 - fireNewGame()
18:57:29.837 [JavaFX Application Thread] DEBUG GameApplicationServi - Starting new game
18:57:29.837 [JavaFX Application Thread] DEBUG PrimaryStageWindow   - Pop state: CustomMainMenu
18:57:29.837 [JavaFX Application Thread] DEBUG Input                - Clearing active input actions
18:57:29.839 [JavaFX Application Thread] DEBUG GameApplicationServi - Removing overlay from CustomMainMenu and adding to FXGLMainMenuDummyScene
18:57:29.839 [JavaFX Application Thread] DEBUG PrimaryStageWindow   - FXGLMainMenuDummyScene <- CustomMainMenu
18:57:29.839 [JavaFX Application Thread] DEBUG Input                - Clearing active input actions
18:57:29.873 [JavaFX Application Thread] DEBUG GameApplicationServi - Removing overlay from FXGLMainMenuDummyScene and adding to FXGLLoadingScene
18:57:29.873 [JavaFX Application Thread] DEBUG PrimaryStageWindow   - FXGLMainMenuDummyScene -> FXGLLoadingScene
18:57:29.873 [JavaFX Application Thread] DEBUG GameApplicationServi - Clearing previous game
18:57:29.873 [JavaFX Application Thread] DEBUG GameScene            - Clearing game scene
18:57:29.873 [JavaFX Application Thread] DEBUG GameWorld            - Clearing game world
18:57:29.873 [JavaFX Application Thread] DEBUG PhysicsWorld         - Clearing physics world
18:57:29.875 [FXGL Background Thread 2 ] DEBUG FXGLApplication      - Initializing game
18:57:30.118 [FXGL Background Thread 2 ] WARN  TMXLevelLoader       - TiledMap generated from 1.11.2. Supported version: 1.2.3. Some features may not be parsed fully.
18:57:30.183 [FXGL Background Thread 2 ] DEBUG TMXLevelLoader       - Parsed TiledMap: file:/C:/Users/zyla/demoGame4OOP/target/classes/assets/levels/tmx/map6.tmx
18:57:30.188 [FXGL Background Thread 2 ] DEBUG TMXLevelLoader       - Creating tile layer entities
18:57:30.189 [FXGL Background Thread 2 ] DEBUG TilesetLoader        - Loading view for layer Tile Layer 1
18:57:30.192 [FXGL Background Thread 2 ] DEBUG TilesetLoader        - Created buffer with size 1920.0x1088.0
18:57:30.456 [FXGL Background Thread 2 ] DEBUG TMXLevelLoader       - Creating object layer entities
18:57:30.527 [FXGL Background Thread 2 ] DEBUG GameWorld            - Clearing removable entities
18:57:30.531 [FXGL Background Thread 2 ] DEBUG GameWorld            - Setting level: com.almasb.fxgl.entity.level.Level@1798e12b
18:57:30.597 [FXGL Background Thread 2 ] DEBUG FXGLAssetLoaderServi - Loading from file system: file:/C:/Users/zyla/demoGame4OOP/target/classes/assets/textures/character_2/knight_idle.png
18:57:30.643 [FXGL Background Thread 2 ] DEBUG FXGLAssetLoaderServi - Loading from file system: file:/C:/Users/zyla/demoGame4OOP/target/classes/assets/textures/character_2/knight_walk.png
18:57:30.659 [FXGL Background Thread 2 ] DEBUG FXGLAssetLoaderServi - Loading from file system: file:/C:/Users/zyla/demoGame4OOP/target/classes/assets/textures/fighter_attack_enhanced_p2.png
18:57:30.674 [FXGL Background Thread 2 ] DEBUG FXGLAssetLoaderServi - Loading from file system: file:/C:/Users/zyla/demoGame4OOP/target/classes/assets/textures/character_2/knight_jump.png
18:57:30.698 [FXGL Background Thread 2 ] DEBUG FXGLAssetLoaderServi - Loading from file system: file:/C:/Users/zyla/demoGame4OOP/target/classes/assets/textures/character_2/knight_combo.png
18:57:30.719 [FXGL Background Thread 2 ] DEBUG FXGLAssetLoaderServi - Loading from file system: file:/C:/Users/zyla/demoGame4OOP/target/classes/assets/textures/fighter_ult_P2.png
18:57:30.742 [FXGL Background Thread 2 ] DEBUG FXGLAssetLoaderServi - Loading from file system: file:/C:/Users/zyla/demoGame4OOP/target/classes/assets/textures/fighter_hit.png
18:57:30.786 [FXGL Background Thread 2 ] DEBUG FXGLAssetLoaderServi - Loading from file system: file:/C:/Users/zyla/demoGame4OOP/target/classes/assets/textures/fighter_idle_P2.png
18:57:30.791 [FXGL Background Thread 2 ] DEBUG FXGLAssetLoaderServi - Loading from file system: file:/C:/Users/zyla/demoGame4OOP/target/classes/assets/textures/fighter_walk_P2.png
18:57:30.799 [FXGL Background Thread 2 ] DEBUG FXGLAssetLoaderServi - Loading from file system: file:/C:/Users/zyla/demoGame4OOP/target/classes/assets/textures/fighter_jump_P2.png
18:57:30.805 [FXGL Background Thread 2 ] DEBUG FXGLAssetLoaderServi - Loading from file system: file:/C:/Users/zyla/demoGame4OOP/target/classes/assets/textures/fighter_attack_P2.png
18:57:30.841 [FXGL Background Thread 2 ] INFO  FXGLApplication      - Game initialization took: 0.966 sec
18:57:30.843 [JavaFX Application Thread] DEBUG Input                - Clearing active input actions
18:57:30.884 [JavaFX Application Thread] DEBUG GameApplicationServi - Removing overlay from FXGLLoadingScene and adding to GameScene
18:57:30.887 [JavaFX Application Thread] DEBUG PrimaryStageWindow   - FXGLLoadingScene -> GameScene
18:57:30.894 [JavaFX Application Thread] DEBUG LoopRunner           - Stopping loop
18:57:30.895 [JavaFX Application Thread] FATAL FXGLApplication      - Uncaught Exception:
java.lang.IllegalStateException: Physics not initialized yet! Use setOnPhysicsInitialized() instead
	at com.almasb.fxgl.entity/com.almasb.fxgl.physics.PhysicsComponent.getPhysicsWorld(PhysicsComponent.java:59)
	at com.almasb.fxgl.entity/com.almasb.fxgl.physics.PhysicsComponent.getLinearVelocity(PhysicsComponent.java:239)
	at com.almasb.fxgl.entity/com.almasb.fxgl.physics.PhysicsComponent.getVelocityY(PhysicsComponent.java:220)
	at com.example.demo/com.example.demo.PlayerControl.isOnGround(PlayerControl.java:146)
	at com.example.demo/com.example.demo.PlayerControl.onUpdate(PlayerControl.java:123)
	at com.almasb.fxgl.entity/com.almasb.fxgl.entity.Entity$ComponentMap.update(Entity.java:60)
	at com.almasb.fxgl.entity/com.almasb.fxgl.entity.Entity.update(Entity.java:251)
	at com.almasb.fxgl.entity/com.almasb.fxgl.entity.GameWorld.onUpdate(GameWorld.kt:177)
	at com.almasb.fxgl.all/com.almasb.fxgl.app.scene.GameScene.step(GameScene.kt:223)
	at com.almasb.fxgl.all/com.almasb.fxgl.app.scene.GameScene.onUpdate(GameScene.kt:219)
	at com.almasb.fxgl.scene/com.almasb.fxgl.scene.Scene.update(Scene.kt:105)
	at com.almasb.fxgl.all/com.almasb.fxgl.app.MainWindow$update$1.invoke(MainWindow.kt:110)
	at com.almasb.fxgl.all/com.almasb.fxgl.app.MainWindow$update$1.invoke(MainWindow.kt:110)
	at com.almasb.fxgl.core/com.almasb.fxgl.core.fsm.StateMachine.runOnActiveStates(StateMachine.kt:69)
	at com.almasb.fxgl.all/com.almasb.fxgl.app.MainWindow.update(MainWindow.kt:110)
	at com.almasb.fxgl.all/com.almasb.fxgl.app.FXGLApplication$GameApplicationService.onUpdate(FXGLApplication.kt:426)
	at com.almasb.fxgl.all/com.almasb.fxgl.app.Engine.loop(Engine.kt:133)
	at com.almasb.fxgl.all/com.almasb.fxgl.app.Engine.access$loop(Engine.kt:24)
	at com.almasb.fxgl.all/com.almasb.fxgl.app.Engine$loop$1.invoke(Engine.kt:28)
	at com.almasb.fxgl.all/com.almasb.fxgl.app.Engine$loop$1.invoke(Engine.kt:28)
	at com.almasb.fxgl.all/com.almasb.fxgl.app.LoopRunner.frame(LoopRunner.kt:103)
	at com.almasb.fxgl.all/com.almasb.fxgl.app.LoopRunner.access$frame(LoopRunner.kt:23)
	at com.almasb.fxgl.all/com.almasb.fxgl.app.LoopRunner$impl$2$1.onTick(LoopRunner.kt:57)
	at com.almasb.fxgl.all/com.almasb.fxgl.app.AnimationTimerLoop$timer$1.handle(LoopRunner.kt:137)
	at javafx.graphics/javafx.animation.AnimationTimer$AnimationTimerReceiver.lambda$handle$0(AnimationTimer.java:58)
	at java.base/java.security.AccessController.doPrivileged(AccessController.java:400)
	at javafx.graphics/javafx.animation.AnimationTimer$AnimationTimerReceiver.handle(AnimationTimer.java:57)
	at javafx.graphics/com.sun.scenario.animation.AbstractPrimaryTimer.timePulseImpl(AbstractPrimaryTimer.java:356)
	at javafx.graphics/com.sun.scenario.animation.AbstractPrimaryTimer$MainLoop.run(AbstractPrimaryTimer.java:266)
	at javafx.graphics/com.sun.javafx.tk.quantum.QuantumToolkit.pulse(QuantumToolkit.java:571)
	at javafx.graphics/com.sun.javafx.tk.quantum.QuantumToolkit.pulse(QuantumToolkit.java:555)
	at javafx.graphics/com.sun.javafx.tk.quantum.QuantumToolkit.pulseFromQueue(QuantumToolkit.java:548)
	at javafx.graphics/com.sun.javafx.tk.quantum.QuantumToolkit.lambda$runToolkit$11(QuantumToolkit.java:353)
	at javafx.graphics/com.sun.glass.ui.InvokeLaterDispatcher$Future.run(InvokeLaterDispatcher.java:96)
	at javafx.graphics/com.sun.glass.ui.win.WinApplication._runLoop(Native Method)
	at javafx.graphics/com.sun.glass.ui.win.WinApplication.lambda$runLoop$3(WinApplication.java:184)
	at java.base/java.lang.Thread.run(Thread.java:1575)

18:57:30.896 [JavaFX Application Thread] FATAL FXGLApplication      - Application will now exit
18:57:30.935 [JavaFX Application Thread] DEBUG PrimaryStageWindow   - Push state: ErrorSubScene
18:57:30.935 [JavaFX Application Thread] DEBUG Input                - Clearing active input actions
18:57:30.949 [JavaFX Application Thread] DEBUG GameApplicationServi - Removing overlay from GameScene and adding to ErrorSubScene
18:57:30.949 [JavaFX Application Thread] DEBUG PrimaryStageWindow   - GameScene -> ErrorSubScene
18:57:31.750 [FXGL Background Thread 3 ] DEBUG Engine               - Logging environment variables
18:57:31.750 [FXGL Background Thread 3 ] DEBUG Engine               - achievements: []
18:57:31.751 [FXGL Background Thread 3 ] DEBUG Engine               - actualHeight: 720.0
18:57:31.751 [FXGL Background Thread 3 ] DEBUG Engine               - actualHeightProperty: ReadOnlyDoubleProperty [value: 720.0]
18:57:31.751 [FXGL Background Thread 3 ] DEBUG Engine               - actualWidth: 1255.0
18:57:31.751 [FXGL Background Thread 3 ] DEBUG Engine               - actualWidthProperty: ReadOnlyDoubleProperty [value: 1255.0]
18:57:31.751 [FXGL Background Thread 3 ] DEBUG Engine               - appIcon: fxgl_icon.png
18:57:31.751 [FXGL Background Thread 3 ] DEBUG Engine               - applicationMode: DEVELOPER
18:57:31.751 [FXGL Background Thread 3 ] DEBUG Engine               - cSSList: [fxgl_dark.css]
18:57:31.751 [FXGL Background Thread 3 ] DEBUG Engine               - collisionDetectionStrategy: BRUTE_FORCE
18:57:31.751 [FXGL Background Thread 3 ] DEBUG Engine               - configClass: Optional.empty
18:57:31.751 [FXGL Background Thread 3 ] DEBUG Engine               - credits: []
18:57:31.751 [FXGL Background Thread 3 ] DEBUG Engine               - defaultCursor: CursorInfo(imageName=fxgl_default_cursor.png, hotspotX=7.0, hotspotY=6.0)
18:57:31.751 [FXGL Background Thread 3 ] DEBUG Engine               - devBBoxColorProperty: ObjectProperty [value: 0xff0000ff]
18:57:31.752 [FXGL Background Thread 3 ] DEBUG Engine               - devEnableDebugCameraProperty: BooleanProperty [value: false]
18:57:31.752 [FXGL Background Thread 3 ] DEBUG Engine               - devSensorColorProperty: ObjectProperty [value: 0xffff00ff]
18:57:31.752 [FXGL Background Thread 3 ] DEBUG Engine               - devShowBBoxProperty: BooleanProperty [value: false]
18:57:31.752 [FXGL Background Thread 3 ] DEBUG Engine               - devShowPositionProperty: BooleanProperty [value: false]
18:57:31.752 [FXGL Background Thread 3 ] DEBUG Engine               - enabledMenuItems: []
18:57:31.752 [FXGL Background Thread 3 ] DEBUG Engine               - engineServices: [class com.almasb.fxgl.app.services.FXGLAssetLoaderService, class com.almasb.fxgl.app.FXGLApplication$GameApplicationService, class com.almasb.fxgl.app.services.FXGLDialogService, class com.almasb.fxgl.app.services.IOTaskExecutorService, class com.almasb.fxgl.io.FileSystemService, class com.almasb.fxgl.localization.LocalizationService, class com.almasb.fxgl.app.services.SystemBundleService, class com.almasb.fxgl.profile.SaveLoadService, class com.almasb.fxgl.ui.FXGLUIFactoryServiceProvider, class com.almasb.fxgl.ui.FXGLDialogFactoryServiceProvider, class com.almasb.fxgl.audio.AudioPlayer, class com.almasb.fxgl.notification.impl.NotificationServiceProvider, class com.almasb.fxgl.achievement.AchievementService, class com.almasb.fxgl.cutscene.CutsceneService, class com.almasb.fxgl.minigames.MiniGameService, class com.almasb.fxgl.net.NetService, class com.almasb.fxgl.app.services.UpdaterService, class com.almasb.fxgl.dev.DevService]
18:57:31.752 [FXGL Background Thread 3 ] DEBUG Engine               - fontGame: Abel-Regular.ttf
18:57:31.753 [FXGL Background Thread 3 ] DEBUG Engine               - fontMono: lucida_console.ttf
18:57:31.753 [FXGL Background Thread 3 ] DEBUG Engine               - fontText: Courier-Prime.ttf
18:57:31.753 [FXGL Background Thread 3 ] DEBUG Engine               - fontUI: VarelaRound-Regular.ttf
18:57:31.753 [FXGL Background Thread 3 ] DEBUG Engine               - fullScreen: BooleanProperty [value: false]
18:57:31.753 [FXGL Background Thread 3 ] DEBUG Engine               - gameDifficulty: MEDIUM
18:57:31.753 [FXGL Background Thread 3 ] DEBUG Engine               - gameDifficultyProperty: ObjectProperty [value: MEDIUM]
18:57:31.753 [FXGL Background Thread 3 ] DEBUG Engine               - globalMusicVolume: 0.5
18:57:31.753 [FXGL Background Thread 3 ] DEBUG Engine               - globalMusicVolumeProperty: DoubleProperty [value: 0.5]
18:57:31.753 [FXGL Background Thread 3 ] DEBUG Engine               - globalSoundVolume: 0.5
18:57:31.753 [FXGL Background Thread 3 ] DEBUG Engine               - globalSoundVolumeProperty: DoubleProperty [value: 0.5]
18:57:31.753 [FXGL Background Thread 3 ] DEBUG Engine               - height: 1080
18:57:31.753 [FXGL Background Thread 3 ] DEBUG Engine               - is3D: false
18:57:31.753 [FXGL Background Thread 3 ] DEBUG Engine               - isAndroid: false
18:57:31.753 [FXGL Background Thread 3 ] DEBUG Engine               - isBrowser: false
18:57:31.753 [FXGL Background Thread 3 ] DEBUG Engine               - isClickFeedbackEnabled: false
18:57:31.753 [FXGL Background Thread 3 ] DEBUG Engine               - isCloseConfirmation: true
18:57:31.753 [FXGL Background Thread 3 ] DEBUG Engine               - isDesktop: true
18:57:31.753 [FXGL Background Thread 3 ] DEBUG Engine               - isDeveloperMenuEnabled: false
18:57:31.754 [FXGL Background Thread 3 ] DEBUG Engine               - isEntityPreloadEnabled: true
18:57:31.754 [FXGL Background Thread 3 ] DEBUG Engine               - isExperimentalTiledLargeMap: false
18:57:31.754 [FXGL Background Thread 3 ] DEBUG Engine               - isFileSystemWriteAllowed: true
18:57:31.754 [FXGL Background Thread 3 ] DEBUG Engine               - isFullScreenAllowed: false
18:57:31.754 [FXGL Background Thread 3 ] DEBUG Engine               - isFullScreenFromStart: false
18:57:31.754 [FXGL Background Thread 3 ] DEBUG Engine               - isGameMenuEnabled: false
18:57:31.754 [FXGL Background Thread 3 ] DEBUG Engine               - isIOS: false
18:57:31.754 [FXGL Background Thread 3 ] DEBUG Engine               - isIntroEnabled: false
18:57:31.754 [FXGL Background Thread 3 ] DEBUG Engine               - isLinux: false
18:57:31.754 [FXGL Background Thread 3 ] DEBUG Engine               - isMac: false
18:57:31.754 [FXGL Background Thread 3 ] DEBUG Engine               - isMainMenuEnabled: true
18:57:31.754 [FXGL Background Thread 3 ] DEBUG Engine               - isManualResizeEnabled: false
18:57:31.754 [FXGL Background Thread 3 ] DEBUG Engine               - isMobile: false
18:57:31.754 [FXGL Background Thread 3 ] DEBUG Engine               - isNative: false
18:57:31.754 [FXGL Background Thread 3 ] DEBUG Engine               - isPauseMusicWhenMinimized: true
18:57:31.754 [FXGL Background Thread 3 ] DEBUG Engine               - isPreserveResizeRatio: false
18:57:31.754 [FXGL Background Thread 3 ] DEBUG Engine               - isProfilingEnabled: false
18:57:31.754 [FXGL Background Thread 3 ] DEBUG Engine               - isScaleAffectedOnResize: true
18:57:31.755 [FXGL Background Thread 3 ] DEBUG Engine               - isSingleStep: false
18:57:31.755 [FXGL Background Thread 3 ] DEBUG Engine               - isUserProfileEnabled: false
18:57:31.755 [FXGL Background Thread 3 ] DEBUG Engine               - isWindows: true
18:57:31.755 [FXGL Background Thread 3 ] DEBUG Engine               - language: ObjectProperty [value: ENGLISH]
18:57:31.755 [FXGL Background Thread 3 ] DEBUG Engine               - menuKey: ESCAPE
18:57:31.755 [FXGL Background Thread 3 ] DEBUG Engine               - mouseSensitivity: 0.2
18:57:31.755 [FXGL Background Thread 3 ] DEBUG Engine               - notificationViewClass: class com.almasb.fxgl.notification.view.XboxNotificationView
18:57:31.755 [FXGL Background Thread 3 ] DEBUG Engine               - pixelsPerMeter: 50.0
18:57:31.755 [FXGL Background Thread 3 ] DEBUG Engine               - platform: WINDOWS
18:57:31.755 [FXGL Background Thread 3 ] DEBUG Engine               - prefHeightProperty: ReadOnlyDoubleProperty [value: 1080.0]
18:57:31.755 [FXGL Background Thread 3 ] DEBUG Engine               - prefWidthProperty: ReadOnlyDoubleProperty [value: 1920.0]
18:57:31.755 [FXGL Background Thread 3 ] DEBUG Engine               - profileDir: profiles/
18:57:31.755 [FXGL Background Thread 3 ] DEBUG Engine               - profileName: StringProperty [value: DEFAULT]
18:57:31.755 [FXGL Background Thread 3 ] DEBUG Engine               - randomSeed: -1
18:57:31.755 [FXGL Background Thread 3 ] DEBUG Engine               - runtimeInfo: RuntimeInfo(platform=WINDOWS, version=11.17, build=16.07.2021 15.46)
18:57:31.755 [FXGL Background Thread 3 ] DEBUG Engine               - saveFileExt: sav
18:57:31.756 [FXGL Background Thread 3 ] DEBUG Engine               - scaledHeightProp$fxgl: DoubleProperty [bound, value: 720.0]
18:57:31.756 [FXGL Background Thread 3 ] DEBUG Engine               - scaledWidthProp$fxgl: DoubleProperty [bound, value: 1255.0]
18:57:31.756 [FXGL Background Thread 3 ] DEBUG Engine               - sceneFactory: com.example.demo.MySceneFactory@185d132
18:57:31.756 [FXGL Background Thread 3 ] DEBUG Engine               - secondsIn24h: 60
18:57:31.756 [FXGL Background Thread 3 ] DEBUG Engine               - soundMenuBack: menu/back.wav
18:57:31.756 [FXGL Background Thread 3 ] DEBUG Engine               - soundMenuPress: menu/press.wav
18:57:31.756 [FXGL Background Thread 3 ] DEBUG Engine               - soundMenuSelect: menu/select.wav
18:57:31.756 [FXGL Background Thread 3 ] DEBUG Engine               - soundNotification: core/notification.wav
18:57:31.756 [FXGL Background Thread 3 ] DEBUG Engine               - stageStyle: DECORATED
18:57:31.756 [FXGL Background Thread 3 ] DEBUG Engine               - supportedLanguages: [ENGLISH, FRENCH, GERMAN, HUNGARIAN, RUSSIAN]
18:57:31.761 [FXGL Background Thread 3 ] DEBUG Engine               - ticksPerSecond: -1
18:57:31.761 [FXGL Background Thread 3 ] DEBUG Engine               - title: Stictactics
18:57:31.761 [FXGL Background Thread 3 ] DEBUG Engine               - urlGithub: https://github.com/AlmasB/FXGL
18:57:31.761 [FXGL Background Thread 3 ] DEBUG Engine               - urlLeaderboard: http://fxgl-top.herokuapp.com/
18:57:31.762 [FXGL Background Thread 3 ] DEBUG Engine               - urlPOM: https://raw.githubusercontent.com/AlmasB/FXGL/release/README.md
18:57:31.762 [FXGL Background Thread 3 ] DEBUG Engine               - userAppClass: class com.example.demo.HelloController
18:57:31.762 [FXGL Background Thread 3 ] DEBUG Engine               - version: 0.0
18:57:31.762 [FXGL Background Thread 3 ] DEBUG Engine               - versionCheckDays: 7
18:57:31.762 [FXGL Background Thread 3 ] DEBUG Engine               - width: 1920
18:57:31.762 [FXGL Background Thread 3 ] DEBUG Engine               - Logging services
18:57:31.762 [FXGL Background Thread 3 ] DEBUG Engine               - class com.almasb.fxgl.app.services.FXGLAssetLoaderService
18:57:31.762 [FXGL Background Thread 3 ] DEBUG Engine               - class com.almasb.fxgl.app.FXGLApplication$GameApplicationService
18:57:31.762 [FXGL Background Thread 3 ] DEBUG Engine               - class com.almasb.fxgl.app.services.FXGLDialogService
18:57:31.762 [FXGL Background Thread 3 ] DEBUG Engine               - class com.almasb.fxgl.app.services.IOTaskExecutorService
18:57:31.762 [FXGL Background Thread 3 ] DEBUG Engine               - class com.almasb.fxgl.io.FileSystemService
18:57:31.762 [FXGL Background Thread 3 ] DEBUG Engine               - class com.almasb.fxgl.localization.LocalizationService
18:57:31.762 [FXGL Background Thread 3 ] DEBUG Engine               - class com.almasb.fxgl.app.services.SystemBundleService
18:57:31.762 [FXGL Background Thread 3 ] DEBUG Engine               - class com.almasb.fxgl.profile.SaveLoadService
18:57:31.763 [FXGL Background Thread 3 ] DEBUG Engine               - class com.almasb.fxgl.ui.FXGLUIFactoryServiceProvider
18:57:31.763 [FXGL Background Thread 3 ] DEBUG Engine               - class com.almasb.fxgl.ui.FXGLDialogFactoryServiceProvider
18:57:31.763 [FXGL Background Thread 3 ] DEBUG Engine               - class com.almasb.fxgl.audio.AudioPlayer
18:57:31.763 [FXGL Background Thread 3 ] DEBUG Engine               - class com.almasb.fxgl.notification.impl.NotificationServiceProvider
18:57:31.764 [FXGL Background Thread 3 ] DEBUG Engine               - class com.almasb.fxgl.achievement.AchievementService
18:57:31.764 [FXGL Background Thread 3 ] DEBUG Engine               - class com.almasb.fxgl.cutscene.CutsceneService
18:57:31.764 [FXGL Background Thread 3 ] DEBUG Engine               - class com.almasb.fxgl.minigames.MiniGameService
18:57:31.764 [FXGL Background Thread 3 ] DEBUG Engine               - class com.almasb.fxgl.net.NetService
18:57:31.764 [FXGL Background Thread 3 ] DEBUG Engine               - class com.almasb.fxgl.app.services.UpdaterService
18:57:31.764 [FXGL Background Thread 3 ] DEBUG Engine               - class com.almasb.fxgl.dev.DevService
18:57:31.919 [JavaFX Application Thread] DEBUG PrimaryStageWindow   - Push state: DialogSubScene
18:57:31.919 [JavaFX Application Thread] DEBUG Input                - Clearing active input actions
18:57:31.920 [JavaFX Application Thread] DEBUG GameApplicationServi - Removing overlay from ErrorSubScene and adding to DialogSubScene
18:57:31.920 [JavaFX Application Thread] DEBUG PrimaryStageWindow   - ErrorSubScene -> DialogSubScene
18:57:32.570 [JavaFX Application Thread] DEBUG PrimaryStageWindow   - Pop state: DialogSubScene
18:57:32.570 [JavaFX Application Thread] DEBUG Input                - Clearing active input actions
18:57:32.572 [JavaFX Application Thread] DEBUG GameApplicationServi - Removing overlay from DialogSubScene and adding to ErrorSubScene
18:57:32.572 [JavaFX Application Thread] DEBUG PrimaryStageWindow   - ErrorSubScene <- DialogSubScene
18:57:32.572 [JavaFX Application Thread] DEBUG FXGLApplication      - Exiting FXGL
18:57:32.573 [JavaFX Application Thread] DEBUG Async                - Shutting down background threads
18:57:32.573 [JavaFX Application Thread] DEBUG PrimaryStageWindow   - Closing main window
18:57:32.608 [JavaFX Application Thread] DEBUG Logger               - Closing Logger
