20:16:23.334 [main                     ] DEBUG Logger               - Configured Logger
20:16:23.335 [main                     ] DEBUG GameApplication      - Logging settings
Title: Stictactics
Version: 0.0
Width: 1920
Height: 1080
Fullscreen: false
Intro: false
Profiling: false
Single step:false
App Mode: DEVELOPER
Menu Key: ESCAPE
Stage Style: DECORATED
Scene Factory: class com.example.demo.MySceneFactory

20:16:23.721 [JavaFX Application Thread] DEBUG FXGLApplication      - Initializing FXGL
20:16:23.722 [JavaFX Application Thread] INFO  Engine               - FXGL-11.17 (16.07.2021 15.46) on WINDOWS (J:23.0.2 FX:17.0.6)
20:16:23.723 [JavaFX Application Thread] DEBUG Engine               - JRE Vendor Name: Amazon.com Inc.
20:16:23.723 [JavaFX Application Thread] DEBUG Engine               - Running on OS: Windows 11 version 10.0
20:16:23.723 [JavaFX Application Thread] DEBUG Engine               - Architecture: amd64
20:16:23.723 [JavaFX Application Thread] INFO  Engine               - Source code and latest versions at: https://github.com/AlmasB/FXGL
20:16:23.723 [JavaFX Application Thread] INFO  Engine               -              Join the FXGL chat at: https://gitter.im/AlmasB/FXGL
20:16:23.822 [JavaFX Application Thread] DEBUG PrimaryStageWindow   - Creating a JavaFX scene
20:16:23.822 [JavaFX Application Thread] DEBUG PrimaryStageWindow   - Target size > screen size
20:16:23.891 [JavaFX Application Thread] DEBUG PrimaryStageWindow   - Target settings size: 1920.0 x 1080.0
20:16:23.891 [JavaFX Application Thread] DEBUG PrimaryStageWindow   - Scaled scene size:    1255.0 x 720.0
20:16:23.892 [JavaFX Application Thread] DEBUG PrimaryStageWindow   - Scaled ratio: (0.6536458333333334, 0.6666666666666666)
20:16:23.893 [JavaFX Application Thread] DEBUG PrimaryStageWindow   - Set initial scene to FXGLStartupScene
20:16:23.907 [JavaFX Application Thread] DEBUG PrimaryStageWindow   - Opening main window
20:16:24.042 [JavaFX Application Thread] DEBUG PrimaryStageWindow   - Window border size: (16.0, 39.0)
20:16:24.042 [JavaFX Application Thread] DEBUG PrimaryStageWindow   - Scaled size: 1255.0 x 720.0
20:16:24.042 [JavaFX Application Thread] DEBUG PrimaryStageWindow   - Scaled ratio: (0.6536458333333334, 0.6666666666666666)
20:16:24.042 [JavaFX Application Thread] DEBUG PrimaryStageWindow   - Scene size: 1255.0 x 720.0
20:16:24.042 [JavaFX Application Thread] DEBUG PrimaryStageWindow   - Stage size: 1271.0 x 759.0
20:16:24.054 [FXGL Background Thread 1 ] DEBUG Engine               - Initializing environment variables
20:16:24.207 [FXGL Background Thread 1 ] DEBUG FXGLAssetLoaderServi - User app class for loading assets: class com.example.demo.HelloApplication
20:16:24.207 [FXGL Background Thread 1 ] DEBUG GameApplicationServi - Applying CSS: fxgl_dark.css
20:16:24.208 [FXGL Background Thread 1 ] DEBUG FXGLAssetLoaderServi - Loading from file system: jar:file:///C:/Users/zyla/.m2/repository/com/github/almasb/fxgl/11.17/fxgl-11.17.jar!/fxglassets/ui/css/fxgl_dark.css
20:16:24.275 [FXGL Background Thread 1 ] DEBUG GameApplicationServi - Initializing application scenes
20:16:24.396 [FXGL Background Thread 1 ] DEBUG GameWorld            - Game world initialized
20:16:24.470 [FXGL Background Thread 1 ] DEBUG PhysicsWorld         - Physics world initialized: appHeight=1080, physics.ppm=50.0
20:16:24.470 [FXGL Background Thread 1 ] DEBUG PhysicsWorld         - Using strategy: BRUTE_FORCE
20:16:24.472 [FXGL Background Thread 1 ] DEBUG GameScene            - Game scene initialized: 1920x1080
20:16:24.632 [FXGL Background Thread 1 ] DEBUG GameApplicationServi - Application scenes initialized
20:16:24.649 [FXGL Background Thread 1 ] DEBUG SystemBundleService  - Loading FXGL system data
20:16:24.656 [FXGL Background Thread 1 ] DEBUG FileSystemAccess     - Reading from: C:\Users\zyla\demoGame4OOP\system\fxgl.bundle
20:16:24.667 [FXGL Background Thread 1 ] DEBUG SystemBundleService  - Bundle FXGL: {}
20:16:24.667 [FXGL Background Thread 1 ] DEBUG UpdaterService       - Checking for updates
20:16:24.675 [FXGL Background Thread 1 ] DEBUG FXGLApplication      - Loading default localization
20:16:24.675 [FXGL Background Thread 1 ] DEBUG FXGLAssetLoaderServi - Loading from file system: jar:file:///C:/Users/zyla/.m2/repository/com/github/almasb/fxgl/11.17/fxgl-11.17.jar!/fxglassets/languages/english.lang
20:16:24.715 [FXGL Background Thread 1 ] INFO  FXGLApplication      - FXGL initialization took: 0.661 sec
20:16:24.726 [FXGL Background Thread 4 ] DEBUG FXGLApplication      - Loading fonts
20:16:24.727 [FXGL Background Thread 4 ] DEBUG FXGLAssetLoaderServi - Loading from file system: jar:file:///C:/Users/zyla/.m2/repository/com/github/almasb/fxgl/11.17/fxgl-11.17.jar!/fxglassets/ui/fonts/VarelaRound-Regular.ttf
20:16:24.750 [JavaFX Application Thread] DEBUG Input                - Registered new binding: P1Left - A
20:16:24.752 [JavaFX Application Thread] DEBUG Input                - Registered new binding: P1Right - D
20:16:24.757 [JavaFX Application Thread] DEBUG Input                - Registered new binding: P1Jump - W
20:16:24.757 [JavaFX Application Thread] DEBUG Input                - Registered new binding: P1Punch - F
20:16:24.757 [JavaFX Application Thread] DEBUG Input                - Registered new binding: P1EnhancedPunch - E
20:16:24.757 [JavaFX Application Thread] DEBUG Input                - Registered new binding: P1Ult - Q
20:16:24.758 [JavaFX Application Thread] DEBUG Input                - Registered new binding: P2Left - J
20:16:24.758 [JavaFX Application Thread] DEBUG Input                - Registered new binding: P2Right - L
20:16:24.758 [JavaFX Application Thread] DEBUG Input                - Registered new binding: P2Jump - I
20:16:24.758 [JavaFX Application Thread] DEBUG Input                - Registered new binding: P2Punch - H
20:16:24.758 [JavaFX Application Thread] DEBUG Input                - Registered new binding: P2EnhancedPunch - U
20:16:24.758 [JavaFX Application Thread] DEBUG Input                - Registered new binding: P2Ult - O
20:16:24.774 [JavaFX Application Thread] WARN  FXGLAssetLoaderServi - Asset "/assets/textures//assets/textures/background-intro.mp4" was not found!
20:16:24.774 [JavaFX Application Thread] WARN  FXGLAssetLoaderServi - Failed to load IMAGE
20:16:24.833 [JavaFX Application Thread] DEBUG FXGLAssetLoaderServi - Loading from file system: jar:file:///C:/Users/zyla/.m2/repository/com/github/almasb/fxgl/11.17/fxgl-11.17.jar!/fxglassets/textures/fxgl_icon.png
20:16:24.906 [JavaFX Application Thread] DEBUG FXGLAssetLoaderServi - Loading from file system: jar:file:///C:/Users/zyla/.m2/repository/com/github/almasb/fxgl/11.17/fxgl-11.17.jar!/fxglassets/textures/fxgl_default_cursor.png
20:16:24.911 [JavaFX Application Thread] DEBUG Input                - Registered new binding: Screenshot - CTRL+8
20:16:24.911 [JavaFX Application Thread] DEBUG Input                - Registered new binding: System info dump - CTRL+9
20:16:24.912 [JavaFX Application Thread] DEBUG Input                - Registered new binding: Restart - CTRL+R
20:16:24.915 [JavaFX Application Thread] DEBUG Input                - Registered new binding: Toggle Debug Camera - CTRL+C
20:16:24.919 [JavaFX Application Thread] DEBUG LoopRunner           - Starting loop
20:16:24.919 [JavaFX Application Thread] DEBUG LoopRunner           - Initializing JavaFX AnimationTimerLoop
20:16:24.922 [JavaFX Application Thread] DEBUG Input                - Clearing active input actions
20:16:24.952 [JavaFX Application Thread] DEBUG GameApplicationServi - Removing overlay from FXGLStartupScene and adding to FXGLMainMenuDummyScene
20:16:24.952 [JavaFX Application Thread] DEBUG PrimaryStageWindow   - FXGLStartupScene -> FXGLMainMenuDummyScene
20:16:24.952 [JavaFX Application Thread] DEBUG PrimaryStageWindow   - Push state: CustomMainMenu
20:16:24.955 [JavaFX Application Thread] DEBUG Input                - Clearing active input actions
20:16:24.970 [JavaFX Application Thread] DEBUG GameApplicationServi - Removing overlay from FXGLMainMenuDummyScene and adding to CustomMainMenu
20:16:24.970 [JavaFX Application Thread] DEBUG PrimaryStageWindow   - FXGLMainMenuDummyScene -> CustomMainMenu
20:16:25.110 [FXGL Background Thread 4 ] DEBUG FXGLAssetLoaderServi - Loading from file system: jar:file:///C:/Users/zyla/.m2/repository/com/github/almasb/fxgl/11.17/fxgl-11.17.jar!/fxglassets/ui/fonts/Abel-Regular.ttf
20:16:25.145 [FXGL Background Thread 4 ] DEBUG FXGLAssetLoaderServi - Loading from file system: jar:file:///C:/Users/zyla/.m2/repository/com/github/almasb/fxgl/11.17/fxgl-11.17.jar!/fxglassets/ui/fonts/lucida_console.ttf
20:16:25.177 [FXGL Background Thread 4 ] DEBUG FXGLAssetLoaderServi - Loading from file system: jar:file:///C:/Users/zyla/.m2/repository/com/github/almasb/fxgl/11.17/fxgl-11.17.jar!/fxglassets/ui/fonts/Courier-Prime.ttf
20:16:25.254 [JavaFX Application Thread] DEBUG FXGLApplication      - Registering font factories with UI factory
20:16:25.693 [JavaFX Application Thread] DEBUG Menu                 - fireNewGame()
20:16:25.694 [JavaFX Application Thread] DEBUG GameApplicationServi - Starting new game
20:16:25.694 [JavaFX Application Thread] DEBUG PrimaryStageWindow   - Pop state: CustomMainMenu
20:16:25.694 [JavaFX Application Thread] DEBUG Input                - Clearing active input actions
20:16:25.695 [JavaFX Application Thread] DEBUG GameApplicationServi - Removing overlay from CustomMainMenu and adding to FXGLMainMenuDummyScene
20:16:25.695 [JavaFX Application Thread] DEBUG PrimaryStageWindow   - FXGLMainMenuDummyScene <- CustomMainMenu
20:16:25.696 [JavaFX Application Thread] DEBUG Input                - Clearing active input actions
20:16:25.708 [JavaFX Application Thread] DEBUG GameApplicationServi - Removing overlay from FXGLMainMenuDummyScene and adding to FXGLLoadingScene
20:16:25.708 [JavaFX Application Thread] DEBUG PrimaryStageWindow   - FXGLMainMenuDummyScene -> FXGLLoadingScene
20:16:25.708 [JavaFX Application Thread] DEBUG GameApplicationServi - Clearing previous game
20:16:25.709 [JavaFX Application Thread] DEBUG GameScene            - Clearing game scene
20:16:25.709 [JavaFX Application Thread] DEBUG GameWorld            - Clearing game world
20:16:25.709 [JavaFX Application Thread] DEBUG PhysicsWorld         - Clearing physics world
20:16:25.716 [FXGL Background Thread 4 ] DEBUG FXGLApplication      - Initializing game
20:16:25.724 [FXGL Background Thread 2 ] INFO  UpdaterService       - Your current version:  11.17
20:16:25.724 [FXGL Background Thread 2 ] INFO  UpdaterService       - Latest stable version: 21.1
20:16:25.835 [FXGL Background Thread 4 ] WARN  TMXLevelLoader       - TiledMap generated from 1.11.2. Supported version: 1.2.3. Some features may not be parsed fully.
20:16:25.870 [FXGL Background Thread 4 ] DEBUG TMXLevelLoader       - Parsed TiledMap: file:/C:/Users/zyla/demoGame4OOP/target/classes/assets/levels/tmx/map1.tmx
20:16:25.871 [FXGL Background Thread 4 ] DEBUG TMXLevelLoader       - Creating tile layer entities
20:16:25.873 [FXGL Background Thread 4 ] DEBUG TilesetLoader        - Loading view for layer Tile Layer 1
20:16:25.876 [FXGL Background Thread 4 ] DEBUG TilesetLoader        - Created buffer with size 1984.0x1088.0
20:16:26.103 [FXGL Background Thread 4 ] DEBUG TMXLevelLoader       - Creating object layer entities
20:16:26.142 [FXGL Background Thread 4 ] DEBUG GameWorld            - Clearing removable entities
20:16:26.142 [FXGL Background Thread 4 ] DEBUG GameWorld            - Setting level: com.almasb.fxgl.entity.level.Level@7466414a
20:16:26.160 [FXGL Background Thread 4 ] DEBUG FXGLAssetLoaderServi - Loading from file system: file:/C:/Users/zyla/demoGame4OOP/target/classes/assets/textures/fighter_idle.png
20:16:26.185 [FXGL Background Thread 4 ] DEBUG FXGLAssetLoaderServi - Loading from file system: file:/C:/Users/zyla/demoGame4OOP/target/classes/assets/textures/fighter_walk.png
20:16:26.195 [FXGL Background Thread 4 ] DEBUG FXGLAssetLoaderServi - Loading from file system: file:/C:/Users/zyla/demoGame4OOP/target/classes/assets/textures/fighter_jump.png
20:16:26.203 [FXGL Background Thread 4 ] DEBUG FXGLAssetLoaderServi - Loading from file system: file:/C:/Users/zyla/demoGame4OOP/target/classes/assets/textures/fighter_attack_enhanced.png
20:16:26.213 [FXGL Background Thread 4 ] DEBUG FXGLAssetLoaderServi - Loading from file system: file:/C:/Users/zyla/demoGame4OOP/target/classes/assets/textures/fighter_attack.png
20:16:26.222 [FXGL Background Thread 4 ] DEBUG FXGLAssetLoaderServi - Loading from file system: file:/C:/Users/zyla/demoGame4OOP/target/classes/assets/textures/fighter_ult.png
20:16:26.290 [FXGL Background Thread 4 ] DEBUG FXGLAssetLoaderServi - Loading from file system: file:/C:/Users/zyla/demoGame4OOP/target/classes/assets/textures/fighter_idle_P2.png
20:16:26.303 [FXGL Background Thread 4 ] DEBUG FXGLAssetLoaderServi - Loading from file system: file:/C:/Users/zyla/demoGame4OOP/target/classes/assets/textures/fighter_walk_P2.png
20:16:26.311 [FXGL Background Thread 4 ] DEBUG FXGLAssetLoaderServi - Loading from file system: file:/C:/Users/zyla/demoGame4OOP/target/classes/assets/textures/fighter_attack_enhanced_p2.png
20:16:26.319 [FXGL Background Thread 4 ] DEBUG FXGLAssetLoaderServi - Loading from file system: file:/C:/Users/zyla/demoGame4OOP/target/classes/assets/textures/fighter_jump_P2.png
20:16:26.330 [FXGL Background Thread 4 ] DEBUG FXGLAssetLoaderServi - Loading from file system: file:/C:/Users/zyla/demoGame4OOP/target/classes/assets/textures/fighter_attack_P2.png
20:16:26.342 [FXGL Background Thread 4 ] DEBUG FXGLAssetLoaderServi - Loading from file system: file:/C:/Users/zyla/demoGame4OOP/target/classes/assets/textures/fighter_ult_P2.png
20:16:26.366 [FXGL Background Thread 4 ] INFO  FXGLApplication      - Game initialization took: 0.649 sec
20:16:26.368 [JavaFX Application Thread] DEBUG Input                - Clearing active input actions
20:16:26.385 [JavaFX Application Thread] DEBUG GameApplicationServi - Removing overlay from FXGLLoadingScene and adding to GameScene
20:16:26.386 [JavaFX Application Thread] DEBUG PrimaryStageWindow   - FXGLLoadingScene -> GameScene
20:16:27.672 [FXGL Background Thread 3 ] DEBUG Engine               - Logging environment variables
20:16:27.672 [FXGL Background Thread 3 ] DEBUG Engine               - achievements: []
20:16:27.672 [FXGL Background Thread 3 ] DEBUG Engine               - actualHeight: 720.0
20:16:27.672 [FXGL Background Thread 3 ] DEBUG Engine               - actualHeightProperty: ReadOnlyDoubleProperty [value: 720.0]
20:16:27.673 [FXGL Background Thread 3 ] DEBUG Engine               - actualWidth: 1255.0
20:16:27.673 [FXGL Background Thread 3 ] DEBUG Engine               - actualWidthProperty: ReadOnlyDoubleProperty [value: 1255.0]
20:16:27.673 [FXGL Background Thread 3 ] DEBUG Engine               - appIcon: fxgl_icon.png
20:16:27.673 [FXGL Background Thread 3 ] DEBUG Engine               - applicationMode: DEVELOPER
20:16:27.673 [FXGL Background Thread 3 ] DEBUG Engine               - cSSList: [fxgl_dark.css]
20:16:27.673 [FXGL Background Thread 3 ] DEBUG Engine               - collisionDetectionStrategy: BRUTE_FORCE
20:16:27.673 [FXGL Background Thread 3 ] DEBUG Engine               - configClass: Optional.empty
20:16:27.673 [FXGL Background Thread 3 ] DEBUG Engine               - credits: []
20:16:27.673 [FXGL Background Thread 3 ] DEBUG Engine               - defaultCursor: CursorInfo(imageName=fxgl_default_cursor.png, hotspotX=7.0, hotspotY=6.0)
20:16:27.674 [FXGL Background Thread 3 ] DEBUG Engine               - devBBoxColorProperty: ObjectProperty [value: 0xff0000ff]
20:16:27.674 [FXGL Background Thread 3 ] DEBUG Engine               - devEnableDebugCameraProperty: BooleanProperty [value: false]
20:16:27.675 [FXGL Background Thread 3 ] DEBUG Engine               - devSensorColorProperty: ObjectProperty [value: 0xffff00ff]
20:16:27.675 [FXGL Background Thread 3 ] DEBUG Engine               - devShowBBoxProperty: BooleanProperty [value: false]
20:16:27.675 [FXGL Background Thread 3 ] DEBUG Engine               - devShowPositionProperty: BooleanProperty [value: false]
20:16:27.675 [FXGL Background Thread 3 ] DEBUG Engine               - enabledMenuItems: []
20:16:27.675 [FXGL Background Thread 3 ] DEBUG Engine               - engineServices: [class com.almasb.fxgl.app.services.FXGLAssetLoaderService, class com.almasb.fxgl.app.FXGLApplication$GameApplicationService, class com.almasb.fxgl.app.services.FXGLDialogService, class com.almasb.fxgl.app.services.IOTaskExecutorService, class com.almasb.fxgl.io.FileSystemService, class com.almasb.fxgl.localization.LocalizationService, class com.almasb.fxgl.app.services.SystemBundleService, class com.almasb.fxgl.profile.SaveLoadService, class com.almasb.fxgl.ui.FXGLUIFactoryServiceProvider, class com.almasb.fxgl.ui.FXGLDialogFactoryServiceProvider, class com.almasb.fxgl.audio.AudioPlayer, class com.almasb.fxgl.notification.impl.NotificationServiceProvider, class com.almasb.fxgl.achievement.AchievementService, class com.almasb.fxgl.cutscene.CutsceneService, class com.almasb.fxgl.minigames.MiniGameService, class com.almasb.fxgl.net.NetService, class com.almasb.fxgl.app.services.UpdaterService, class com.almasb.fxgl.dev.DevService]
20:16:27.675 [FXGL Background Thread 3 ] DEBUG Engine               - fontGame: Abel-Regular.ttf
20:16:27.675 [FXGL Background Thread 3 ] DEBUG Engine               - fontMono: lucida_console.ttf
20:16:27.675 [FXGL Background Thread 3 ] DEBUG Engine               - fontText: Courier-Prime.ttf
20:16:27.675 [FXGL Background Thread 3 ] DEBUG Engine               - fontUI: VarelaRound-Regular.ttf
20:16:27.675 [FXGL Background Thread 3 ] DEBUG Engine               - fullScreen: BooleanProperty [value: false]
20:16:27.675 [FXGL Background Thread 3 ] DEBUG Engine               - gameDifficulty: MEDIUM
20:16:27.675 [FXGL Background Thread 3 ] DEBUG Engine               - gameDifficultyProperty: ObjectProperty [value: MEDIUM]
20:16:27.676 [FXGL Background Thread 3 ] DEBUG Engine               - globalMusicVolume: 0.5
20:16:27.676 [FXGL Background Thread 3 ] DEBUG Engine               - globalMusicVolumeProperty: DoubleProperty [value: 0.5]
20:16:27.676 [FXGL Background Thread 3 ] DEBUG Engine               - globalSoundVolume: 0.5
20:16:27.676 [FXGL Background Thread 3 ] DEBUG Engine               - globalSoundVolumeProperty: DoubleProperty [value: 0.5]
20:16:27.676 [FXGL Background Thread 3 ] DEBUG Engine               - height: 1080
20:16:27.676 [FXGL Background Thread 3 ] DEBUG Engine               - is3D: false
20:16:27.676 [FXGL Background Thread 3 ] DEBUG Engine               - isAndroid: false
20:16:27.676 [FXGL Background Thread 3 ] DEBUG Engine               - isBrowser: false
20:16:27.676 [FXGL Background Thread 3 ] DEBUG Engine               - isClickFeedbackEnabled: false
20:16:27.676 [FXGL Background Thread 3 ] DEBUG Engine               - isCloseConfirmation: true
20:16:27.677 [FXGL Background Thread 3 ] DEBUG Engine               - isDesktop: true
20:16:27.677 [FXGL Background Thread 3 ] DEBUG Engine               - isDeveloperMenuEnabled: false
20:16:27.677 [FXGL Background Thread 3 ] DEBUG Engine               - isEntityPreloadEnabled: true
20:16:27.677 [FXGL Background Thread 3 ] DEBUG Engine               - isExperimentalTiledLargeMap: false
20:16:27.677 [FXGL Background Thread 3 ] DEBUG Engine               - isFileSystemWriteAllowed: true
20:16:27.677 [FXGL Background Thread 3 ] DEBUG Engine               - isFullScreenAllowed: false
20:16:27.677 [FXGL Background Thread 3 ] DEBUG Engine               - isFullScreenFromStart: false
20:16:27.677 [FXGL Background Thread 3 ] DEBUG Engine               - isGameMenuEnabled: false
20:16:27.677 [FXGL Background Thread 3 ] DEBUG Engine               - isIOS: false
20:16:27.677 [FXGL Background Thread 3 ] DEBUG Engine               - isIntroEnabled: false
20:16:27.677 [FXGL Background Thread 3 ] DEBUG Engine               - isLinux: false
20:16:27.677 [FXGL Background Thread 3 ] DEBUG Engine               - isMac: false
20:16:27.677 [FXGL Background Thread 3 ] DEBUG Engine               - isMainMenuEnabled: true
20:16:27.677 [FXGL Background Thread 3 ] DEBUG Engine               - isManualResizeEnabled: false
20:16:27.677 [FXGL Background Thread 3 ] DEBUG Engine               - isMobile: false
20:16:27.678 [FXGL Background Thread 3 ] DEBUG Engine               - isNative: false
20:16:27.678 [FXGL Background Thread 3 ] DEBUG Engine               - isPauseMusicWhenMinimized: true
20:16:27.678 [FXGL Background Thread 3 ] DEBUG Engine               - isPreserveResizeRatio: false
20:16:27.678 [FXGL Background Thread 3 ] DEBUG Engine               - isProfilingEnabled: false
20:16:27.678 [FXGL Background Thread 3 ] DEBUG Engine               - isScaleAffectedOnResize: true
20:16:27.678 [FXGL Background Thread 3 ] DEBUG Engine               - isSingleStep: false
20:16:27.678 [FXGL Background Thread 3 ] DEBUG Engine               - isUserProfileEnabled: false
20:16:27.678 [FXGL Background Thread 3 ] DEBUG Engine               - isWindows: true
20:16:27.678 [FXGL Background Thread 3 ] DEBUG Engine               - language: ObjectProperty [value: ENGLISH]
20:16:27.678 [FXGL Background Thread 3 ] DEBUG Engine               - menuKey: ESCAPE
20:16:27.678 [FXGL Background Thread 3 ] DEBUG Engine               - mouseSensitivity: 0.2
20:16:27.678 [FXGL Background Thread 3 ] DEBUG Engine               - notificationViewClass: class com.almasb.fxgl.notification.view.XboxNotificationView
20:16:27.678 [FXGL Background Thread 3 ] DEBUG Engine               - pixelsPerMeter: 50.0
20:16:27.678 [FXGL Background Thread 3 ] DEBUG Engine               - platform: WINDOWS
20:16:27.678 [FXGL Background Thread 3 ] DEBUG Engine               - prefHeightProperty: ReadOnlyDoubleProperty [value: 1080.0]
20:16:27.679 [FXGL Background Thread 3 ] DEBUG Engine               - prefWidthProperty: ReadOnlyDoubleProperty [value: 1920.0]
20:16:27.679 [FXGL Background Thread 3 ] DEBUG Engine               - profileDir: profiles/
20:16:27.679 [FXGL Background Thread 3 ] DEBUG Engine               - profileName: StringProperty [value: DEFAULT]
20:16:27.679 [FXGL Background Thread 3 ] DEBUG Engine               - randomSeed: -1
20:16:27.679 [FXGL Background Thread 3 ] DEBUG Engine               - runtimeInfo: RuntimeInfo(platform=WINDOWS, version=11.17, build=16.07.2021 15.46)
20:16:27.679 [FXGL Background Thread 3 ] DEBUG Engine               - saveFileExt: sav
20:16:27.679 [FXGL Background Thread 3 ] DEBUG Engine               - scaledHeightProp$fxgl: DoubleProperty [bound, value: 720.0]
20:16:27.679 [FXGL Background Thread 3 ] DEBUG Engine               - scaledWidthProp$fxgl: DoubleProperty [bound, value: 1255.0]
20:16:27.679 [FXGL Background Thread 3 ] DEBUG Engine               - sceneFactory: com.example.demo.MySceneFactory@9f7c3fc
20:16:27.679 [FXGL Background Thread 3 ] DEBUG Engine               - secondsIn24h: 60
20:16:27.679 [FXGL Background Thread 3 ] DEBUG Engine               - soundMenuBack: menu/back.wav
20:16:27.680 [FXGL Background Thread 3 ] DEBUG Engine               - soundMenuPress: menu/press.wav
20:16:27.680 [FXGL Background Thread 3 ] DEBUG Engine               - soundMenuSelect: menu/select.wav
20:16:27.680 [FXGL Background Thread 3 ] DEBUG Engine               - soundNotification: core/notification.wav
20:16:27.680 [FXGL Background Thread 3 ] DEBUG Engine               - stageStyle: DECORATED
20:16:27.680 [FXGL Background Thread 3 ] DEBUG Engine               - supportedLanguages: [ENGLISH, FRENCH, GERMAN, HUNGARIAN, RUSSIAN]
20:16:27.680 [FXGL Background Thread 3 ] DEBUG Engine               - ticksPerSecond: -1
20:16:27.680 [FXGL Background Thread 3 ] DEBUG Engine               - title: Stictactics
20:16:27.680 [FXGL Background Thread 3 ] DEBUG Engine               - urlGithub: https://github.com/AlmasB/FXGL
20:16:27.680 [FXGL Background Thread 3 ] DEBUG Engine               - urlLeaderboard: http://fxgl-top.herokuapp.com/
20:16:27.680 [FXGL Background Thread 3 ] DEBUG Engine               - urlPOM: https://raw.githubusercontent.com/AlmasB/FXGL/release/README.md
20:16:27.680 [FXGL Background Thread 3 ] DEBUG Engine               - userAppClass: class com.example.demo.HelloApplication
20:16:27.680 [FXGL Background Thread 3 ] DEBUG Engine               - version: 0.0
20:16:27.681 [FXGL Background Thread 3 ] DEBUG Engine               - versionCheckDays: 7
20:16:27.681 [FXGL Background Thread 3 ] DEBUG Engine               - width: 1920
20:16:27.681 [FXGL Background Thread 3 ] DEBUG Engine               - Logging services
20:16:27.681 [FXGL Background Thread 3 ] DEBUG Engine               - class com.almasb.fxgl.app.services.FXGLAssetLoaderService
20:16:27.681 [FXGL Background Thread 3 ] DEBUG Engine               - class com.almasb.fxgl.app.FXGLApplication$GameApplicationService
20:16:27.681 [FXGL Background Thread 3 ] DEBUG Engine               - class com.almasb.fxgl.app.services.FXGLDialogService
20:16:27.681 [FXGL Background Thread 3 ] DEBUG Engine               - class com.almasb.fxgl.app.services.IOTaskExecutorService
20:16:27.681 [FXGL Background Thread 3 ] DEBUG Engine               - class com.almasb.fxgl.io.FileSystemService
20:16:27.681 [FXGL Background Thread 3 ] DEBUG Engine               - class com.almasb.fxgl.localization.LocalizationService
20:16:27.681 [FXGL Background Thread 3 ] DEBUG Engine               - class com.almasb.fxgl.app.services.SystemBundleService
20:16:27.681 [FXGL Background Thread 3 ] DEBUG Engine               - class com.almasb.fxgl.profile.SaveLoadService
20:16:27.682 [FXGL Background Thread 3 ] DEBUG Engine               - class com.almasb.fxgl.ui.FXGLUIFactoryServiceProvider
20:16:27.682 [FXGL Background Thread 3 ] DEBUG Engine               - class com.almasb.fxgl.ui.FXGLDialogFactoryServiceProvider
20:16:27.682 [FXGL Background Thread 3 ] DEBUG Engine               - class com.almasb.fxgl.audio.AudioPlayer
20:16:27.682 [FXGL Background Thread 3 ] DEBUG Engine               - class com.almasb.fxgl.notification.impl.NotificationServiceProvider
20:16:27.682 [FXGL Background Thread 3 ] DEBUG Engine               - class com.almasb.fxgl.achievement.AchievementService
20:16:27.682 [FXGL Background Thread 3 ] DEBUG Engine               - class com.almasb.fxgl.cutscene.CutsceneService
20:16:27.682 [FXGL Background Thread 3 ] DEBUG Engine               - class com.almasb.fxgl.minigames.MiniGameService
20:16:27.682 [FXGL Background Thread 3 ] DEBUG Engine               - class com.almasb.fxgl.net.NetService
20:16:27.682 [FXGL Background Thread 3 ] DEBUG Engine               - class com.almasb.fxgl.app.services.UpdaterService
20:16:27.682 [FXGL Background Thread 3 ] DEBUG Engine               - class com.almasb.fxgl.dev.DevService
20:16:42.891 [JavaFX Application Thread] DEBUG LoopRunner           - Pausing loop
20:16:42.901 [JavaFX Application Thread] DEBUG LoopRunner           - Pausing loop
20:16:44.545 [JavaFX Application Thread] DEBUG LoopRunner           - Resuming loop
20:16:44.545 [JavaFX Application Thread] DEBUG GameApplicationServi - Starting new game
20:16:44.545 [JavaFX Application Thread] DEBUG Input                - Clearing active input actions
20:16:44.559 [JavaFX Application Thread] DEBUG GameApplicationServi - Removing overlay from GameScene and adding to FXGLLoadingScene
20:16:44.559 [JavaFX Application Thread] DEBUG PrimaryStageWindow   - GameScene -> FXGLLoadingScene
20:16:44.559 [JavaFX Application Thread] DEBUG GameApplicationServi - Clearing previous game
20:16:44.559 [JavaFX Application Thread] DEBUG GameScene            - Clearing game scene
20:16:44.559 [JavaFX Application Thread] DEBUG GameWorld            - Clearing game world
20:16:44.567 [JavaFX Application Thread] DEBUG PhysicsWorld         - Clearing physics world
20:16:44.568 [FXGL Background Thread 4 ] DEBUG FXGLApplication      - Initializing game
20:16:44.572 [FXGL Background Thread 4 ] WARN  TMXLevelLoader       - TiledMap generated from 1.11.2. Supported version: 1.2.3. Some features may not be parsed fully.
20:16:44.582 [FXGL Background Thread 4 ] DEBUG TMXLevelLoader       - Parsed TiledMap: file:/C:/Users/zyla/demoGame4OOP/target/classes/assets/levels/tmx/map1.tmx
20:16:44.582 [FXGL Background Thread 4 ] DEBUG TMXLevelLoader       - Creating tile layer entities
20:16:44.583 [FXGL Background Thread 4 ] DEBUG TilesetLoader        - Loading view for layer Tile Layer 1
20:16:44.587 [FXGL Background Thread 4 ] DEBUG TilesetLoader        - Created buffer with size 1984.0x1088.0
20:16:44.686 [FXGL Background Thread 4 ] DEBUG TMXLevelLoader       - Creating object layer entities
20:16:44.691 [FXGL Background Thread 4 ] DEBUG GameWorld            - Clearing removable entities
20:16:44.691 [FXGL Background Thread 4 ] DEBUG GameWorld            - Setting level: com.almasb.fxgl.entity.level.Level@2151796d
20:16:44.702 [FXGL Background Thread 4 ] INFO  FXGLApplication      - Game initialization took: 0.134 sec
20:16:44.718 [JavaFX Application Thread] DEBUG Input                - Clearing active input actions
20:16:44.723 [JavaFX Application Thread] DEBUG GameApplicationServi - Removing overlay from FXGLLoadingScene and adding to GameScene
20:16:44.724 [JavaFX Application Thread] DEBUG PrimaryStageWindow   - FXGLLoadingScene -> GameScene
20:17:08.924 [JavaFX Application Thread] DEBUG LoopRunner           - Pausing loop
20:17:08.926 [JavaFX Application Thread] DEBUG LoopRunner           - Pausing loop
20:17:11.199 [JavaFX Application Thread] DEBUG PrimaryStageWindow   - Push state: DialogSubScene
20:17:11.200 [JavaFX Application Thread] DEBUG Input                - Clearing active input actions
20:17:11.201 [JavaFX Application Thread] DEBUG GameApplicationServi - Removing overlay from GameScene and adding to DialogSubScene
20:17:11.201 [JavaFX Application Thread] DEBUG PrimaryStageWindow   - GameScene -> DialogSubScene
20:17:12.039 [JavaFX Application Thread] DEBUG PrimaryStageWindow   - Pop state: DialogSubScene
20:17:12.039 [JavaFX Application Thread] DEBUG Input                - Clearing active input actions
20:17:12.039 [JavaFX Application Thread] DEBUG GameApplicationServi - Removing overlay from DialogSubScene and adding to GameScene
20:17:12.040 [JavaFX Application Thread] DEBUG PrimaryStageWindow   - GameScene <- DialogSubScene
20:17:12.040 [JavaFX Application Thread] DEBUG FXGLApplication      - Exiting FXGL
20:17:12.040 [JavaFX Application Thread] DEBUG LoopRunner           - Stopping loop
20:17:12.040 [JavaFX Application Thread] DEBUG SystemBundleService  - Saving FXGL system data
20:17:12.042 [JavaFX Application Thread] DEBUG FileSystemAccess     - Writing to: C:\Users\zyla\demoGame4OOP\system\fxgl.bundle
20:17:12.045 [JavaFX Application Thread] DEBUG Async                - Shutting down background threads
20:17:12.047 [JavaFX Application Thread] DEBUG PrimaryStageWindow   - Closing main window
20:17:12.077 [JavaFX Application Thread] DEBUG Logger               - Closing Logger
