01:49:25.411 [main                     ] DEBUG Logger               - Configured Logger
01:49:25.413 [main                     ] DEBUG GameApplication      - Logging settings
Title: Stictactics
Version: 0.0
Width: 1920
Height: 1080
Fullscreen: false
Intro: false
Profiling: false
Single step:false
App Mode: DEVELOPER
Menu Key: ESCAPE
Stage Style: DECORATED
Scene Factory: class com.example.demo.MySceneFactory

01:49:25.821 [JavaFX Application Thread] DEBUG FXGLApplication      - Initializing FXGL
01:49:25.823 [JavaFX Application Thread] INFO  Engine               - FXGL-11.17 (16.07.2021 15.46) on WINDOWS (J:23.0.2 FX:17.0.6)
01:49:25.823 [JavaFX Application Thread] DEBUG Engine               - JRE Vendor Name: Amazon.com Inc.
01:49:25.823 [JavaFX Application Thread] DEBUG Engine               - Running on OS: Windows 11 version 10.0
01:49:25.823 [JavaFX Application Thread] DEBUG Engine               - Architecture: amd64
01:49:25.823 [JavaFX Application Thread] INFO  Engine               - Source code and latest versions at: https://github.com/AlmasB/FXGL
01:49:25.823 [JavaFX Application Thread] INFO  Engine               -              Join the FXGL chat at: https://gitter.im/AlmasB/FXGL
01:49:25.931 [JavaFX Application Thread] DEBUG PrimaryStageWindow   - Creating a JavaFX scene
01:49:25.931 [JavaFX Application Thread] DEBUG PrimaryStageWindow   - Target size > screen size
01:49:25.984 [JavaFX Application Thread] DEBUG PrimaryStageWindow   - Target settings size: 1920.0 x 1080.0
01:49:25.984 [JavaFX Application Thread] DEBUG PrimaryStageWindow   - Scaled scene size:    1255.0 x 720.0
01:49:25.984 [JavaFX Application Thread] DEBUG PrimaryStageWindow   - Scaled ratio: (0.6536458333333334, 0.6666666666666666)
01:49:25.985 [JavaFX Application Thread] DEBUG PrimaryStageWindow   - Set initial scene to FXGLStartupScene
01:49:25.992 [JavaFX Application Thread] DEBUG PrimaryStageWindow   - Opening main window
01:49:26.093 [JavaFX Application Thread] DEBUG PrimaryStageWindow   - Window border size: (16.0, 39.0)
01:49:26.093 [JavaFX Application Thread] DEBUG PrimaryStageWindow   - Scaled size: 1255.0 x 720.0
01:49:26.093 [JavaFX Application Thread] DEBUG PrimaryStageWindow   - Scaled ratio: (0.6536458333333334, 0.6666666666666666)
01:49:26.093 [JavaFX Application Thread] DEBUG PrimaryStageWindow   - Scene size: 1255.0 x 720.0
01:49:26.094 [JavaFX Application Thread] DEBUG PrimaryStageWindow   - Stage size: 1271.0 x 759.0
01:49:26.103 [FXGL Background Thread 1 ] DEBUG Engine               - Initializing environment variables
01:49:26.245 [FXGL Background Thread 1 ] DEBUG FXGLAssetLoaderServi - User app class for loading assets: class com.example.demo.HelloController
01:49:26.245 [FXGL Background Thread 1 ] DEBUG GameApplicationServi - Applying CSS: fxgl_dark.css
01:49:26.247 [FXGL Background Thread 1 ] DEBUG FXGLAssetLoaderServi - Loading from file system: jar:file:///C:/Users/zyla/.m2/repository/com/github/almasb/fxgl/11.17/fxgl-11.17.jar!/fxglassets/ui/css/fxgl_dark.css
01:49:26.313 [FXGL Background Thread 1 ] DEBUG GameApplicationServi - Initializing application scenes
01:49:26.430 [FXGL Background Thread 1 ] DEBUG GameWorld            - Game world initialized
01:49:26.510 [FXGL Background Thread 1 ] DEBUG PhysicsWorld         - Physics world initialized: appHeight=1080, physics.ppm=50.0
01:49:26.510 [FXGL Background Thread 1 ] DEBUG PhysicsWorld         - Using strategy: BRUTE_FORCE
01:49:26.513 [FXGL Background Thread 1 ] DEBUG GameScene            - Game scene initialized: 1920x1080
01:49:26.664 [FXGL Background Thread 1 ] DEBUG GameApplicationServi - Application scenes initialized
01:49:26.681 [FXGL Background Thread 1 ] DEBUG SystemBundleService  - Loading FXGL system data
01:49:26.687 [FXGL Background Thread 1 ] DEBUG FileSystemAccess     - Reading from: C:\Users\zyla\demoGame4OOP\system\fxgl.bundle
01:49:26.697 [FXGL Background Thread 1 ] DEBUG SystemBundleService  - Bundle FXGL: {}
01:49:26.697 [FXGL Background Thread 1 ] DEBUG UpdaterService       - Checking for updates
01:49:26.705 [FXGL Background Thread 1 ] DEBUG FXGLApplication      - Loading default localization
01:49:26.706 [FXGL Background Thread 1 ] DEBUG FXGLAssetLoaderServi - Loading from file system: jar:file:///C:/Users/zyla/.m2/repository/com/github/almasb/fxgl/11.17/fxgl-11.17.jar!/fxglassets/languages/english.lang
01:49:26.707 [FXGL Background Thread 4 ] DEBUG FXGLApplication      - Loading fonts
01:49:26.707 [FXGL Background Thread 4 ] DEBUG FXGLAssetLoaderServi - Loading from file system: jar:file:///C:/Users/zyla/.m2/repository/com/github/almasb/fxgl/11.17/fxgl-11.17.jar!/fxglassets/ui/fonts/VarelaRound-Regular.ttf
01:49:26.729 [FXGL Background Thread 1 ] INFO  FXGLApplication      - FXGL initialization took: 0.627 sec
01:49:26.747 [JavaFX Application Thread] DEBUG Input                - Registered new binding: Pause Game - Esc
01:49:26.747 [JavaFX Application Thread] DEBUG Input                - Registered new binding: P1Left - A
01:49:26.747 [JavaFX Application Thread] DEBUG Input                - Registered new binding: P1Right - D
01:49:26.747 [JavaFX Application Thread] DEBUG Input                - Registered new binding: P1Jump - W
01:49:26.748 [JavaFX Application Thread] DEBUG Input                - Registered new binding: P1Punch - F
01:49:26.748 [JavaFX Application Thread] DEBUG Input                - Registered new binding: P1EnhancedPunch - E
01:49:26.748 [JavaFX Application Thread] DEBUG Input                - Registered new binding: P1Ult - Q
01:49:26.748 [JavaFX Application Thread] DEBUG Input                - Registered new binding: P2Left - Left
01:49:26.749 [JavaFX Application Thread] DEBUG Input                - Registered new binding: P2Right - Right
01:49:26.749 [JavaFX Application Thread] DEBUG Input                - Registered new binding: P2Jump - Up
01:49:26.749 [JavaFX Application Thread] DEBUG Input                - Registered new binding: P2Punch - H
01:49:26.749 [JavaFX Application Thread] DEBUG Input                - Registered new binding: P2EnhancedPunch - U
01:49:26.749 [JavaFX Application Thread] DEBUG Input                - Registered new binding: P2Ult - O
01:49:26.759 [JavaFX Application Thread] WARN  FXGLAssetLoaderServi - Asset "/assets/textures//assets/textures/background-intro.mp4" was not found!
01:49:26.760 [JavaFX Application Thread] WARN  FXGLAssetLoaderServi - Failed to load IMAGE
01:49:26.786 [JavaFX Application Thread] DEBUG FXGLAssetLoaderServi - Loading from file system: jar:file:///C:/Users/zyla/.m2/repository/com/github/almasb/fxgl/11.17/fxgl-11.17.jar!/fxglassets/textures/fxgl_icon.png
01:49:26.915 [JavaFX Application Thread] DEBUG FXGLAssetLoaderServi - Loading from file system: jar:file:///C:/Users/zyla/.m2/repository/com/github/almasb/fxgl/11.17/fxgl-11.17.jar!/fxglassets/textures/fxgl_default_cursor.png
01:49:26.927 [JavaFX Application Thread] DEBUG Input                - Registered new binding: Screenshot - CTRL+8
01:49:26.928 [JavaFX Application Thread] DEBUG Input                - Registered new binding: System info dump - CTRL+9
01:49:26.928 [JavaFX Application Thread] DEBUG Input                - Registered new binding: Restart - CTRL+R
01:49:26.930 [JavaFX Application Thread] DEBUG Input                - Registered new binding: Toggle Debug Camera - CTRL+C
01:49:26.933 [JavaFX Application Thread] DEBUG LoopRunner           - Starting loop
01:49:26.933 [JavaFX Application Thread] DEBUG LoopRunner           - Initializing JavaFX AnimationTimerLoop
01:49:26.943 [JavaFX Application Thread] DEBUG Input                - Clearing active input actions
01:49:26.967 [JavaFX Application Thread] DEBUG GameApplicationServi - Removing overlay from FXGLStartupScene and adding to FXGLMainMenuDummyScene
01:49:26.967 [JavaFX Application Thread] DEBUG PrimaryStageWindow   - FXGLStartupScene -> FXGLMainMenuDummyScene
01:49:26.967 [JavaFX Application Thread] DEBUG PrimaryStageWindow   - Push state: CustomMainMenu
01:49:26.967 [JavaFX Application Thread] DEBUG Input                - Clearing active input actions
01:49:26.987 [JavaFX Application Thread] DEBUG GameApplicationServi - Removing overlay from FXGLMainMenuDummyScene and adding to CustomMainMenu
01:49:26.987 [JavaFX Application Thread] DEBUG PrimaryStageWindow   - FXGLMainMenuDummyScene -> CustomMainMenu
01:49:27.221 [FXGL Background Thread 4 ] DEBUG FXGLAssetLoaderServi - Loading from file system: jar:file:///C:/Users/zyla/.m2/repository/com/github/almasb/fxgl/11.17/fxgl-11.17.jar!/fxglassets/ui/fonts/Abel-Regular.ttf
01:49:27.253 [FXGL Background Thread 4 ] DEBUG FXGLAssetLoaderServi - Loading from file system: jar:file:///C:/Users/zyla/.m2/repository/com/github/almasb/fxgl/11.17/fxgl-11.17.jar!/fxglassets/ui/fonts/lucida_console.ttf
01:49:27.275 [FXGL Background Thread 4 ] DEBUG FXGLAssetLoaderServi - Loading from file system: jar:file:///C:/Users/zyla/.m2/repository/com/github/almasb/fxgl/11.17/fxgl-11.17.jar!/fxglassets/ui/fonts/Courier-Prime.ttf
01:49:27.295 [JavaFX Application Thread] DEBUG FXGLApplication      - Registering font factories with UI factory
01:49:27.800 [FXGL Background Thread 2 ] INFO  UpdaterService       - Your current version:  11.17
01:49:27.800 [FXGL Background Thread 2 ] INFO  UpdaterService       - Latest stable version: 21.1
01:49:29.623 [JavaFX Application Thread] DEBUG Menu                 - fireNewGame()
01:49:29.623 [JavaFX Application Thread] DEBUG GameApplicationServi - Starting new game
01:49:29.623 [JavaFX Application Thread] DEBUG PrimaryStageWindow   - Pop state: CustomMainMenu
01:49:29.623 [JavaFX Application Thread] DEBUG Input                - Clearing active input actions
01:49:29.624 [JavaFX Application Thread] DEBUG GameApplicationServi - Removing overlay from CustomMainMenu and adding to FXGLMainMenuDummyScene
01:49:29.624 [JavaFX Application Thread] DEBUG PrimaryStageWindow   - FXGLMainMenuDummyScene <- CustomMainMenu
01:49:29.624 [JavaFX Application Thread] DEBUG Input                - Clearing active input actions
01:49:29.644 [JavaFX Application Thread] DEBUG GameApplicationServi - Removing overlay from FXGLMainMenuDummyScene and adding to FXGLLoadingScene
01:49:29.644 [JavaFX Application Thread] DEBUG PrimaryStageWindow   - FXGLMainMenuDummyScene -> FXGLLoadingScene
01:49:29.645 [JavaFX Application Thread] DEBUG GameApplicationServi - Clearing previous game
01:49:29.645 [JavaFX Application Thread] DEBUG GameScene            - Clearing game scene
01:49:29.645 [JavaFX Application Thread] DEBUG GameWorld            - Clearing game world
01:49:29.645 [JavaFX Application Thread] DEBUG PhysicsWorld         - Clearing physics world
01:49:29.657 [FXGL Background Thread 2 ] DEBUG FXGLApplication      - Initializing game
01:49:29.703 [FXGL Background Thread 3 ] DEBUG Engine               - Logging environment variables
01:49:29.703 [FXGL Background Thread 3 ] DEBUG Engine               - achievements: []
01:49:29.703 [FXGL Background Thread 3 ] DEBUG Engine               - actualHeight: 720.0
01:49:29.704 [FXGL Background Thread 3 ] DEBUG Engine               - actualHeightProperty: ReadOnlyDoubleProperty [value: 720.0]
01:49:29.704 [FXGL Background Thread 3 ] DEBUG Engine               - actualWidth: 1255.0
01:49:29.704 [FXGL Background Thread 3 ] DEBUG Engine               - actualWidthProperty: ReadOnlyDoubleProperty [value: 1255.0]
01:49:29.704 [FXGL Background Thread 3 ] DEBUG Engine               - appIcon: fxgl_icon.png
01:49:29.704 [FXGL Background Thread 3 ] DEBUG Engine               - applicationMode: DEVELOPER
01:49:29.704 [FXGL Background Thread 3 ] DEBUG Engine               - cSSList: [fxgl_dark.css]
01:49:29.704 [FXGL Background Thread 3 ] DEBUG Engine               - collisionDetectionStrategy: BRUTE_FORCE
01:49:29.704 [FXGL Background Thread 3 ] DEBUG Engine               - configClass: Optional.empty
01:49:29.704 [FXGL Background Thread 3 ] DEBUG Engine               - credits: []
01:49:29.704 [FXGL Background Thread 3 ] DEBUG Engine               - defaultCursor: CursorInfo(imageName=fxgl_default_cursor.png, hotspotX=7.0, hotspotY=6.0)
01:49:29.704 [FXGL Background Thread 3 ] DEBUG Engine               - devBBoxColorProperty: ObjectProperty [value: 0xff0000ff]
01:49:29.704 [FXGL Background Thread 3 ] DEBUG Engine               - devEnableDebugCameraProperty: BooleanProperty [value: false]
01:49:29.705 [FXGL Background Thread 3 ] DEBUG Engine               - devSensorColorProperty: ObjectProperty [value: 0xffff00ff]
01:49:29.705 [FXGL Background Thread 3 ] DEBUG Engine               - devShowBBoxProperty: BooleanProperty [value: false]
01:49:29.705 [FXGL Background Thread 3 ] DEBUG Engine               - devShowPositionProperty: BooleanProperty [value: false]
01:49:29.705 [FXGL Background Thread 3 ] DEBUG Engine               - enabledMenuItems: []
01:49:29.705 [FXGL Background Thread 3 ] DEBUG Engine               - engineServices: [class com.almasb.fxgl.app.services.FXGLAssetLoaderService, class com.almasb.fxgl.app.FXGLApplication$GameApplicationService, class com.almasb.fxgl.app.services.FXGLDialogService, class com.almasb.fxgl.app.services.IOTaskExecutorService, class com.almasb.fxgl.io.FileSystemService, class com.almasb.fxgl.localization.LocalizationService, class com.almasb.fxgl.app.services.SystemBundleService, class com.almasb.fxgl.profile.SaveLoadService, class com.almasb.fxgl.ui.FXGLUIFactoryServiceProvider, class com.almasb.fxgl.ui.FXGLDialogFactoryServiceProvider, class com.almasb.fxgl.audio.AudioPlayer, class com.almasb.fxgl.notification.impl.NotificationServiceProvider, class com.almasb.fxgl.achievement.AchievementService, class com.almasb.fxgl.cutscene.CutsceneService, class com.almasb.fxgl.minigames.MiniGameService, class com.almasb.fxgl.net.NetService, class com.almasb.fxgl.app.services.UpdaterService, class com.almasb.fxgl.dev.DevService]
01:49:29.705 [FXGL Background Thread 3 ] DEBUG Engine               - fontGame: Abel-Regular.ttf
01:49:29.705 [FXGL Background Thread 3 ] DEBUG Engine               - fontMono: lucida_console.ttf
01:49:29.705 [FXGL Background Thread 3 ] DEBUG Engine               - fontText: Courier-Prime.ttf
01:49:29.705 [FXGL Background Thread 3 ] DEBUG Engine               - fontUI: VarelaRound-Regular.ttf
01:49:29.705 [FXGL Background Thread 3 ] DEBUG Engine               - fullScreen: BooleanProperty [value: false]
01:49:29.705 [FXGL Background Thread 3 ] DEBUG Engine               - gameDifficulty: MEDIUM
01:49:29.705 [FXGL Background Thread 3 ] DEBUG Engine               - gameDifficultyProperty: ObjectProperty [value: MEDIUM]
01:49:29.705 [FXGL Background Thread 3 ] DEBUG Engine               - globalMusicVolume: 0.5
01:49:29.705 [FXGL Background Thread 3 ] DEBUG Engine               - globalMusicVolumeProperty: DoubleProperty [value: 0.5]
01:49:29.705 [FXGL Background Thread 3 ] DEBUG Engine               - globalSoundVolume: 0.5
01:49:29.705 [FXGL Background Thread 3 ] DEBUG Engine               - globalSoundVolumeProperty: DoubleProperty [value: 0.5]
01:49:29.706 [FXGL Background Thread 3 ] DEBUG Engine               - height: 1080
01:49:29.706 [FXGL Background Thread 3 ] DEBUG Engine               - is3D: false
01:49:29.706 [FXGL Background Thread 3 ] DEBUG Engine               - isAndroid: false
01:49:29.706 [FXGL Background Thread 3 ] DEBUG Engine               - isBrowser: false
01:49:29.706 [FXGL Background Thread 3 ] DEBUG Engine               - isClickFeedbackEnabled: false
01:49:29.706 [FXGL Background Thread 3 ] DEBUG Engine               - isCloseConfirmation: true
01:49:29.706 [FXGL Background Thread 3 ] DEBUG Engine               - isDesktop: true
01:49:29.706 [FXGL Background Thread 3 ] DEBUG Engine               - isDeveloperMenuEnabled: false
01:49:29.706 [FXGL Background Thread 3 ] DEBUG Engine               - isEntityPreloadEnabled: true
01:49:29.706 [FXGL Background Thread 3 ] DEBUG Engine               - isExperimentalTiledLargeMap: false
01:49:29.706 [FXGL Background Thread 3 ] DEBUG Engine               - isFileSystemWriteAllowed: true
01:49:29.706 [FXGL Background Thread 3 ] DEBUG Engine               - isFullScreenAllowed: false
01:49:29.706 [FXGL Background Thread 3 ] DEBUG Engine               - isFullScreenFromStart: false
01:49:29.706 [FXGL Background Thread 3 ] DEBUG Engine               - isGameMenuEnabled: false
01:49:29.706 [FXGL Background Thread 3 ] DEBUG Engine               - isIOS: false
01:49:29.706 [FXGL Background Thread 3 ] DEBUG Engine               - isIntroEnabled: false
01:49:29.706 [FXGL Background Thread 3 ] DEBUG Engine               - isLinux: false
01:49:29.707 [FXGL Background Thread 3 ] DEBUG Engine               - isMac: false
01:49:29.707 [FXGL Background Thread 3 ] DEBUG Engine               - isMainMenuEnabled: true
01:49:29.707 [FXGL Background Thread 3 ] DEBUG Engine               - isManualResizeEnabled: false
01:49:29.707 [FXGL Background Thread 3 ] DEBUG Engine               - isMobile: false
01:49:29.707 [FXGL Background Thread 3 ] DEBUG Engine               - isNative: false
01:49:29.707 [FXGL Background Thread 3 ] DEBUG Engine               - isPauseMusicWhenMinimized: true
01:49:29.707 [FXGL Background Thread 3 ] DEBUG Engine               - isPreserveResizeRatio: false
01:49:29.707 [FXGL Background Thread 3 ] DEBUG Engine               - isProfilingEnabled: false
01:49:29.707 [FXGL Background Thread 3 ] DEBUG Engine               - isScaleAffectedOnResize: true
01:49:29.707 [FXGL Background Thread 3 ] DEBUG Engine               - isSingleStep: false
01:49:29.707 [FXGL Background Thread 3 ] DEBUG Engine               - isUserProfileEnabled: false
01:49:29.707 [FXGL Background Thread 3 ] DEBUG Engine               - isWindows: true
01:49:29.707 [FXGL Background Thread 3 ] DEBUG Engine               - language: ObjectProperty [value: ENGLISH]
01:49:29.707 [FXGL Background Thread 3 ] DEBUG Engine               - menuKey: ESCAPE
01:49:29.707 [FXGL Background Thread 3 ] DEBUG Engine               - mouseSensitivity: 0.2
01:49:29.707 [FXGL Background Thread 3 ] DEBUG Engine               - notificationViewClass: class com.almasb.fxgl.notification.view.XboxNotificationView
01:49:29.707 [FXGL Background Thread 3 ] DEBUG Engine               - pixelsPerMeter: 50.0
01:49:29.707 [FXGL Background Thread 3 ] DEBUG Engine               - platform: WINDOWS
01:49:29.707 [FXGL Background Thread 3 ] DEBUG Engine               - prefHeightProperty: ReadOnlyDoubleProperty [value: 1080.0]
01:49:29.707 [FXGL Background Thread 3 ] DEBUG Engine               - prefWidthProperty: ReadOnlyDoubleProperty [value: 1920.0]
01:49:29.707 [FXGL Background Thread 3 ] DEBUG Engine               - profileDir: profiles/
01:49:29.707 [FXGL Background Thread 3 ] DEBUG Engine               - profileName: StringProperty [value: DEFAULT]
01:49:29.707 [FXGL Background Thread 3 ] DEBUG Engine               - randomSeed: -1
01:49:29.707 [FXGL Background Thread 3 ] DEBUG Engine               - runtimeInfo: RuntimeInfo(platform=WINDOWS, version=11.17, build=16.07.2021 15.46)
01:49:29.708 [FXGL Background Thread 3 ] DEBUG Engine               - saveFileExt: sav
01:49:29.708 [FXGL Background Thread 3 ] DEBUG Engine               - scaledHeightProp$fxgl: DoubleProperty [bound, value: 720.0]
01:49:29.708 [FXGL Background Thread 3 ] DEBUG Engine               - scaledWidthProp$fxgl: DoubleProperty [bound, value: 1255.0]
01:49:29.708 [FXGL Background Thread 3 ] DEBUG Engine               - sceneFactory: com.example.demo.MySceneFactory@50ce625c
01:49:29.708 [FXGL Background Thread 3 ] DEBUG Engine               - secondsIn24h: 60
01:49:29.708 [FXGL Background Thread 3 ] DEBUG Engine               - soundMenuBack: menu/back.wav
01:49:29.708 [FXGL Background Thread 3 ] DEBUG Engine               - soundMenuPress: menu/press.wav
01:49:29.708 [FXGL Background Thread 3 ] DEBUG Engine               - soundMenuSelect: menu/select.wav
01:49:29.708 [FXGL Background Thread 3 ] DEBUG Engine               - soundNotification: core/notification.wav
01:49:29.708 [FXGL Background Thread 3 ] DEBUG Engine               - stageStyle: DECORATED
01:49:29.708 [FXGL Background Thread 3 ] DEBUG Engine               - supportedLanguages: [ENGLISH, FRENCH, GERMAN, HUNGARIAN, RUSSIAN]
01:49:29.708 [FXGL Background Thread 3 ] DEBUG Engine               - ticksPerSecond: -1
01:49:29.708 [FXGL Background Thread 3 ] DEBUG Engine               - title: Stictactics
01:49:29.708 [FXGL Background Thread 3 ] DEBUG Engine               - urlGithub: https://github.com/AlmasB/FXGL
01:49:29.708 [FXGL Background Thread 3 ] DEBUG Engine               - urlLeaderboard: http://fxgl-top.herokuapp.com/
01:49:29.708 [FXGL Background Thread 3 ] DEBUG Engine               - urlPOM: https://raw.githubusercontent.com/AlmasB/FXGL/release/README.md
01:49:29.708 [FXGL Background Thread 3 ] DEBUG Engine               - userAppClass: class com.example.demo.HelloController
01:49:29.709 [FXGL Background Thread 3 ] DEBUG Engine               - version: 0.0
01:49:29.709 [FXGL Background Thread 3 ] DEBUG Engine               - versionCheckDays: 7
01:49:29.709 [FXGL Background Thread 3 ] DEBUG Engine               - width: 1920
01:49:29.709 [FXGL Background Thread 3 ] DEBUG Engine               - Logging services
01:49:29.709 [FXGL Background Thread 3 ] DEBUG Engine               - class com.almasb.fxgl.app.services.FXGLAssetLoaderService
01:49:29.709 [FXGL Background Thread 3 ] DEBUG Engine               - class com.almasb.fxgl.app.FXGLApplication$GameApplicationService
01:49:29.709 [FXGL Background Thread 3 ] DEBUG Engine               - class com.almasb.fxgl.app.services.FXGLDialogService
01:49:29.709 [FXGL Background Thread 3 ] DEBUG Engine               - class com.almasb.fxgl.app.services.IOTaskExecutorService
01:49:29.709 [FXGL Background Thread 3 ] DEBUG Engine               - class com.almasb.fxgl.io.FileSystemService
01:49:29.709 [FXGL Background Thread 3 ] DEBUG Engine               - class com.almasb.fxgl.localization.LocalizationService
01:49:29.709 [FXGL Background Thread 3 ] DEBUG Engine               - class com.almasb.fxgl.app.services.SystemBundleService
01:49:29.709 [FXGL Background Thread 3 ] DEBUG Engine               - class com.almasb.fxgl.profile.SaveLoadService
01:49:29.709 [FXGL Background Thread 3 ] DEBUG Engine               - class com.almasb.fxgl.ui.FXGLUIFactoryServiceProvider
01:49:29.709 [FXGL Background Thread 3 ] DEBUG Engine               - class com.almasb.fxgl.ui.FXGLDialogFactoryServiceProvider
01:49:29.709 [FXGL Background Thread 3 ] DEBUG Engine               - class com.almasb.fxgl.audio.AudioPlayer
01:49:29.709 [FXGL Background Thread 3 ] DEBUG Engine               - class com.almasb.fxgl.notification.impl.NotificationServiceProvider
01:49:29.709 [FXGL Background Thread 3 ] DEBUG Engine               - class com.almasb.fxgl.achievement.AchievementService
01:49:29.709 [FXGL Background Thread 3 ] DEBUG Engine               - class com.almasb.fxgl.cutscene.CutsceneService
01:49:29.709 [FXGL Background Thread 3 ] DEBUG Engine               - class com.almasb.fxgl.minigames.MiniGameService
01:49:29.709 [FXGL Background Thread 3 ] DEBUG Engine               - class com.almasb.fxgl.net.NetService
01:49:29.710 [FXGL Background Thread 3 ] DEBUG Engine               - class com.almasb.fxgl.app.services.UpdaterService
01:49:29.710 [FXGL Background Thread 3 ] DEBUG Engine               - class com.almasb.fxgl.dev.DevService
01:49:29.822 [FXGL Background Thread 2 ] WARN  TMXLevelLoader       - TiledMap generated from 1.11.2. Supported version: 1.2.3. Some features may not be parsed fully.
01:49:29.844 [FXGL Background Thread 2 ] DEBUG TMXLevelLoader       - Parsed TiledMap: file:/C:/Users/zyla/demoGame4OOP/target/classes/assets/levels/tmx/map2.tmx
01:49:29.847 [FXGL Background Thread 2 ] DEBUG TMXLevelLoader       - Creating tile layer entities
01:49:29.851 [FXGL Background Thread 2 ] DEBUG TilesetLoader        - Loading view for layer Tile Layer 1
01:49:29.859 [FXGL Background Thread 2 ] DEBUG TilesetLoader        - Created buffer with size 1984.0x1088.0
01:49:30.074 [FXGL Background Thread 2 ] DEBUG TMXLevelLoader       - Creating object layer entities
01:49:30.131 [FXGL Background Thread 2 ] DEBUG GameWorld            - Clearing removable entities
01:49:30.132 [FXGL Background Thread 2 ] DEBUG GameWorld            - Setting level: com.almasb.fxgl.entity.level.Level@75b63eab
01:49:30.188 [FXGL Background Thread 2 ] DEBUG FXGLAssetLoaderServi - Loading from file system: file:/C:/Users/zyla/demoGame4OOP/target/classes/assets/textures/character_2/knight_idle.png
01:49:30.209 [FXGL Background Thread 2 ] DEBUG FXGLAssetLoaderServi - Loading from file system: file:/C:/Users/zyla/demoGame4OOP/target/classes/assets/textures/character_2/knight_walk.png
01:49:30.218 [FXGL Background Thread 2 ] DEBUG FXGLAssetLoaderServi - Loading from file system: file:/C:/Users/zyla/demoGame4OOP/target/classes/assets/textures/fighter_attack_enhanced_p2.png
01:49:30.259 [FXGL Background Thread 2 ] DEBUG FXGLAssetLoaderServi - Loading from file system: file:/C:/Users/zyla/demoGame4OOP/target/classes/assets/textures/character_2/knight_jump.png
01:49:30.310 [FXGL Background Thread 2 ] DEBUG FXGLAssetLoaderServi - Loading from file system: file:/C:/Users/zyla/demoGame4OOP/target/classes/assets/textures/character_2/knight_combo.png
01:49:30.365 [FXGL Background Thread 2 ] DEBUG FXGLAssetLoaderServi - Loading from file system: file:/C:/Users/zyla/demoGame4OOP/target/classes/assets/textures/fighter_ult_P2.png
01:49:30.392 [FXGL Background Thread 2 ] DEBUG FXGLAssetLoaderServi - Loading from file system: file:/C:/Users/zyla/demoGame4OOP/target/classes/assets/textures/fighter_hit.png
01:49:30.480 [FXGL Background Thread 2 ] DEBUG FXGLAssetLoaderServi - Loading from file system: file:/C:/Users/zyla/demoGame4OOP/target/classes/assets/textures/fighter_idle_P2.png
01:49:30.491 [FXGL Background Thread 2 ] DEBUG FXGLAssetLoaderServi - Loading from file system: file:/C:/Users/zyla/demoGame4OOP/target/classes/assets/textures/fighter_walk_P2.png
01:49:30.500 [FXGL Background Thread 2 ] DEBUG FXGLAssetLoaderServi - Loading from file system: file:/C:/Users/zyla/demoGame4OOP/target/classes/assets/textures/fighter_jump_P2.png
01:49:30.514 [FXGL Background Thread 2 ] DEBUG FXGLAssetLoaderServi - Loading from file system: file:/C:/Users/zyla/demoGame4OOP/target/classes/assets/textures/fighter_attack_P2.png
01:49:30.581 [FXGL Background Thread 2 ] INFO  FXGLApplication      - Game initialization took: 0.925 sec
01:49:30.581 [JavaFX Application Thread] DEBUG Input                - Clearing active input actions
01:49:30.597 [JavaFX Application Thread] DEBUG GameApplicationServi - Removing overlay from FXGLLoadingScene and adding to GameScene
01:49:30.597 [JavaFX Application Thread] DEBUG PrimaryStageWindow   - FXGLLoadingScene -> GameScene
01:49:39.953 [JavaFX Application Thread] DEBUG PrimaryStageWindow   - Push state: CustomPauseMenu
01:49:39.953 [JavaFX Application Thread] DEBUG Input                - Clearing active input actions
01:49:39.955 [JavaFX Application Thread] DEBUG GameApplicationServi - Removing overlay from GameScene and adding to CustomPauseMenu
01:49:39.955 [JavaFX Application Thread] DEBUG PrimaryStageWindow   - GameScene -> CustomPauseMenu
01:49:41.915 [JavaFX Application Thread] DEBUG Menu                 - fireExitToMainMenu()
01:49:41.927 [JavaFX Application Thread] DEBUG PrimaryStageWindow   - Push state: DialogSubScene
01:49:41.927 [JavaFX Application Thread] DEBUG Input                - Clearing active input actions
01:49:41.928 [JavaFX Application Thread] DEBUG GameApplicationServi - Removing overlay from CustomPauseMenu and adding to DialogSubScene
01:49:41.928 [JavaFX Application Thread] DEBUG PrimaryStageWindow   - CustomPauseMenu -> DialogSubScene
01:49:42.675 [JavaFX Application Thread] DEBUG PrimaryStageWindow   - Pop state: DialogSubScene
01:49:42.675 [JavaFX Application Thread] DEBUG Input                - Clearing active input actions
01:49:42.677 [JavaFX Application Thread] DEBUG GameApplicationServi - Removing overlay from DialogSubScene and adding to CustomPauseMenu
01:49:42.678 [JavaFX Application Thread] DEBUG PrimaryStageWindow   - CustomPauseMenu <- DialogSubScene
01:49:42.678 [JavaFX Application Thread] DEBUG PrimaryStageWindow   - Pop state: CustomPauseMenu
01:49:42.678 [JavaFX Application Thread] DEBUG Input                - Clearing active input actions
01:49:42.678 [JavaFX Application Thread] DEBUG GameApplicationServi - Removing overlay from CustomPauseMenu and adding to GameScene
01:49:42.679 [JavaFX Application Thread] DEBUG PrimaryStageWindow   - GameScene <- CustomPauseMenu
01:49:42.679 [JavaFX Application Thread] DEBUG Input                - Clearing active input actions
01:49:42.688 [JavaFX Application Thread] DEBUG GameApplicationServi - Removing overlay from GameScene and adding to FXGLMainMenuDummyScene
01:49:42.688 [JavaFX Application Thread] DEBUG PrimaryStageWindow   - GameScene -> FXGLMainMenuDummyScene
01:49:42.689 [JavaFX Application Thread] DEBUG PrimaryStageWindow   - Push state: CustomMainMenu
01:49:42.689 [JavaFX Application Thread] DEBUG Input                - Clearing active input actions
01:49:42.695 [JavaFX Application Thread] DEBUG GameApplicationServi - Removing overlay from FXGLMainMenuDummyScene and adding to CustomMainMenu
01:49:42.696 [JavaFX Application Thread] DEBUG PrimaryStageWindow   - FXGLMainMenuDummyScene -> CustomMainMenu
01:49:43.105 [JavaFX Application Thread] DEBUG Menu                 - fireNewGame()
01:49:43.105 [JavaFX Application Thread] DEBUG GameApplicationServi - Starting new game
01:49:43.105 [JavaFX Application Thread] DEBUG PrimaryStageWindow   - Pop state: CustomMainMenu
01:49:43.105 [JavaFX Application Thread] DEBUG Input                - Clearing active input actions
01:49:43.105 [JavaFX Application Thread] DEBUG GameApplicationServi - Removing overlay from CustomMainMenu and adding to FXGLMainMenuDummyScene
01:49:43.105 [JavaFX Application Thread] DEBUG PrimaryStageWindow   - FXGLMainMenuDummyScene <- CustomMainMenu
01:49:43.105 [JavaFX Application Thread] DEBUG Input                - Clearing active input actions
01:49:43.109 [JavaFX Application Thread] DEBUG GameApplicationServi - Removing overlay from FXGLMainMenuDummyScene and adding to FXGLLoadingScene
01:49:43.109 [JavaFX Application Thread] DEBUG PrimaryStageWindow   - FXGLMainMenuDummyScene -> FXGLLoadingScene
01:49:43.109 [JavaFX Application Thread] DEBUG GameApplicationServi - Clearing previous game
01:49:43.109 [JavaFX Application Thread] DEBUG GameScene            - Clearing game scene
01:49:43.109 [JavaFX Application Thread] DEBUG GameWorld            - Clearing game world
01:49:43.110 [JavaFX Application Thread] DEBUG PhysicsWorld         - Clearing physics world
01:49:43.111 [FXGL Background Thread 2 ] DEBUG FXGLApplication      - Initializing game
01:49:43.113 [FXGL Background Thread 2 ] WARN  TMXLevelLoader       - TiledMap generated from 1.11.2. Supported version: 1.2.3. Some features may not be parsed fully.
01:49:43.118 [FXGL Background Thread 2 ] DEBUG TMXLevelLoader       - Parsed TiledMap: file:/C:/Users/zyla/demoGame4OOP/target/classes/assets/levels/tmx/map2.tmx
01:49:43.118 [FXGL Background Thread 2 ] DEBUG TMXLevelLoader       - Creating tile layer entities
01:49:43.119 [FXGL Background Thread 2 ] DEBUG TilesetLoader        - Loading view for layer Tile Layer 1
01:49:43.120 [FXGL Background Thread 2 ] DEBUG TilesetLoader        - Created buffer with size 1984.0x1088.0
01:49:43.241 [FXGL Background Thread 2 ] DEBUG TMXLevelLoader       - Creating object layer entities
01:49:43.243 [FXGL Background Thread 2 ] DEBUG GameWorld            - Clearing removable entities
01:49:43.243 [FXGL Background Thread 2 ] DEBUG GameWorld            - Setting level: com.almasb.fxgl.entity.level.Level@6b2cf5e6
01:49:43.273 [FXGL Background Thread 2 ] INFO  FXGLApplication      - Game initialization took: 0.162 sec
01:49:43.301 [JavaFX Application Thread] DEBUG Input                - Clearing active input actions
01:49:43.307 [JavaFX Application Thread] DEBUG GameApplicationServi - Removing overlay from FXGLLoadingScene and adding to GameScene
01:49:43.308 [JavaFX Application Thread] DEBUG PrimaryStageWindow   - FXGLLoadingScene -> GameScene
01:49:54.497 [JavaFX Application Thread] DEBUG LoopRunner           - Pausing loop
01:49:54.501 [JavaFX Application Thread] DEBUG LoopRunner           - Pausing loop
01:49:55.418 [JavaFX Application Thread] DEBUG LoopRunner           - Resuming loop
01:49:55.418 [JavaFX Application Thread] DEBUG GameApplicationServi - Starting new game
01:49:55.418 [JavaFX Application Thread] DEBUG Input                - Clearing active input actions
01:49:55.422 [JavaFX Application Thread] DEBUG GameApplicationServi - Removing overlay from GameScene and adding to FXGLLoadingScene
01:49:55.422 [JavaFX Application Thread] DEBUG PrimaryStageWindow   - GameScene -> FXGLLoadingScene
01:49:55.422 [JavaFX Application Thread] DEBUG GameApplicationServi - Clearing previous game
01:49:55.422 [JavaFX Application Thread] DEBUG GameScene            - Clearing game scene
01:49:55.422 [JavaFX Application Thread] DEBUG GameWorld            - Clearing game world
01:49:55.424 [JavaFX Application Thread] DEBUG PhysicsWorld         - Clearing physics world
01:49:55.424 [FXGL Background Thread 2 ] DEBUG FXGLApplication      - Initializing game
01:49:55.427 [FXGL Background Thread 2 ] WARN  TMXLevelLoader       - TiledMap generated from 1.11.2. Supported version: 1.2.3. Some features may not be parsed fully.
01:49:55.434 [FXGL Background Thread 2 ] DEBUG TMXLevelLoader       - Parsed TiledMap: file:/C:/Users/zyla/demoGame4OOP/target/classes/assets/levels/tmx/map6.tmx
01:49:55.434 [FXGL Background Thread 2 ] DEBUG TMXLevelLoader       - Creating tile layer entities
01:49:55.434 [FXGL Background Thread 2 ] DEBUG TilesetLoader        - Loading view for layer Tile Layer 1
01:49:55.435 [FXGL Background Thread 2 ] DEBUG TilesetLoader        - Created buffer with size 1920.0x1088.0
01:49:55.543 [FXGL Background Thread 2 ] DEBUG TMXLevelLoader       - Creating object layer entities
01:49:55.544 [FXGL Background Thread 2 ] DEBUG GameWorld            - Clearing removable entities
01:49:55.544 [FXGL Background Thread 2 ] DEBUG GameWorld            - Setting level: com.almasb.fxgl.entity.level.Level@7a25329d
01:49:55.550 [FXGL Background Thread 2 ] INFO  FXGLApplication      - Game initialization took: 0.126 sec
01:49:55.551 [JavaFX Application Thread] DEBUG Input                - Clearing active input actions
01:49:55.553 [JavaFX Application Thread] DEBUG GameApplicationServi - Removing overlay from FXGLLoadingScene and adding to GameScene
01:49:55.553 [JavaFX Application Thread] DEBUG PrimaryStageWindow   - FXGLLoadingScene -> GameScene
01:49:57.184 [JavaFX Application Thread] DEBUG PrimaryStageWindow   - Push state: CustomPauseMenu
01:49:57.184 [JavaFX Application Thread] DEBUG Input                - Clearing active input actions
01:49:57.185 [JavaFX Application Thread] DEBUG GameApplicationServi - Removing overlay from GameScene and adding to CustomPauseMenu
01:49:57.185 [JavaFX Application Thread] DEBUG PrimaryStageWindow   - GameScene -> CustomPauseMenu
01:49:58.431 [JavaFX Application Thread] DEBUG Menu                 - fireExitToMainMenu()
01:49:58.432 [JavaFX Application Thread] DEBUG PrimaryStageWindow   - Push state: DialogSubScene
01:49:58.432 [JavaFX Application Thread] DEBUG Input                - Clearing active input actions
01:49:58.432 [JavaFX Application Thread] DEBUG GameApplicationServi - Removing overlay from CustomPauseMenu and adding to DialogSubScene
01:49:58.433 [JavaFX Application Thread] DEBUG PrimaryStageWindow   - CustomPauseMenu -> DialogSubScene
01:49:59.145 [JavaFX Application Thread] DEBUG PrimaryStageWindow   - Pop state: DialogSubScene
01:49:59.145 [JavaFX Application Thread] DEBUG Input                - Clearing active input actions
01:49:59.145 [JavaFX Application Thread] DEBUG GameApplicationServi - Removing overlay from DialogSubScene and adding to CustomPauseMenu
01:49:59.145 [JavaFX Application Thread] DEBUG PrimaryStageWindow   - CustomPauseMenu <- DialogSubScene
01:49:59.145 [JavaFX Application Thread] DEBUG PrimaryStageWindow   - Pop state: CustomPauseMenu
01:49:59.145 [JavaFX Application Thread] DEBUG Input                - Clearing active input actions
01:49:59.147 [JavaFX Application Thread] DEBUG GameApplicationServi - Removing overlay from CustomPauseMenu and adding to GameScene
01:49:59.147 [JavaFX Application Thread] DEBUG PrimaryStageWindow   - GameScene <- CustomPauseMenu
01:49:59.147 [JavaFX Application Thread] DEBUG Input                - Clearing active input actions
01:49:59.153 [JavaFX Application Thread] DEBUG GameApplicationServi - Removing overlay from GameScene and adding to FXGLMainMenuDummyScene
01:49:59.153 [JavaFX Application Thread] DEBUG PrimaryStageWindow   - GameScene -> FXGLMainMenuDummyScene
01:49:59.153 [JavaFX Application Thread] DEBUG PrimaryStageWindow   - Push state: CustomMainMenu
01:49:59.153 [JavaFX Application Thread] DEBUG Input                - Clearing active input actions
01:49:59.155 [JavaFX Application Thread] DEBUG GameApplicationServi - Removing overlay from FXGLMainMenuDummyScene and adding to CustomMainMenu
01:49:59.155 [JavaFX Application Thread] DEBUG PrimaryStageWindow   - FXGLMainMenuDummyScene -> CustomMainMenu
01:49:59.592 [JavaFX Application Thread] DEBUG Menu                 - fireNewGame()
01:49:59.592 [JavaFX Application Thread] DEBUG GameApplicationServi - Starting new game
01:49:59.592 [JavaFX Application Thread] DEBUG PrimaryStageWindow   - Pop state: CustomMainMenu
01:49:59.592 [JavaFX Application Thread] DEBUG Input                - Clearing active input actions
01:49:59.592 [JavaFX Application Thread] DEBUG GameApplicationServi - Removing overlay from CustomMainMenu and adding to FXGLMainMenuDummyScene
01:49:59.593 [JavaFX Application Thread] DEBUG PrimaryStageWindow   - FXGLMainMenuDummyScene <- CustomMainMenu
01:49:59.593 [JavaFX Application Thread] DEBUG Input                - Clearing active input actions
01:49:59.599 [JavaFX Application Thread] DEBUG GameApplicationServi - Removing overlay from FXGLMainMenuDummyScene and adding to FXGLLoadingScene
01:49:59.599 [JavaFX Application Thread] DEBUG PrimaryStageWindow   - FXGLMainMenuDummyScene -> FXGLLoadingScene
01:49:59.599 [JavaFX Application Thread] DEBUG GameApplicationServi - Clearing previous game
01:49:59.599 [JavaFX Application Thread] DEBUG GameScene            - Clearing game scene
01:49:59.599 [JavaFX Application Thread] DEBUG GameWorld            - Clearing game world
01:49:59.600 [JavaFX Application Thread] DEBUG PhysicsWorld         - Clearing physics world
01:49:59.601 [FXGL Background Thread 2 ] DEBUG FXGLApplication      - Initializing game
01:49:59.604 [FXGL Background Thread 2 ] WARN  TMXLevelLoader       - TiledMap generated from 1.11.2. Supported version: 1.2.3. Some features may not be parsed fully.
01:49:59.610 [FXGL Background Thread 2 ] DEBUG TMXLevelLoader       - Parsed TiledMap: file:/C:/Users/zyla/demoGame4OOP/target/classes/assets/levels/tmx/map6.tmx
01:49:59.610 [FXGL Background Thread 2 ] DEBUG TMXLevelLoader       - Creating tile layer entities
01:49:59.611 [FXGL Background Thread 2 ] DEBUG TilesetLoader        - Loading view for layer Tile Layer 1
01:49:59.612 [FXGL Background Thread 2 ] DEBUG TilesetLoader        - Created buffer with size 1920.0x1088.0
01:49:59.730 [FXGL Background Thread 2 ] DEBUG TMXLevelLoader       - Creating object layer entities
01:49:59.731 [FXGL Background Thread 2 ] DEBUG GameWorld            - Clearing removable entities
01:49:59.732 [FXGL Background Thread 2 ] DEBUG GameWorld            - Setting level: com.almasb.fxgl.entity.level.Level@680307e8
01:49:59.763 [FXGL Background Thread 2 ] INFO  FXGLApplication      - Game initialization took: 0.163 sec
01:49:59.767 [JavaFX Application Thread] DEBUG Input                - Clearing active input actions
01:49:59.771 [JavaFX Application Thread] DEBUG GameApplicationServi - Removing overlay from FXGLLoadingScene and adding to GameScene
01:49:59.771 [JavaFX Application Thread] DEBUG PrimaryStageWindow   - FXGLLoadingScene -> GameScene
01:50:05.524 [JavaFX Application Thread] DEBUG PrimaryStageWindow   - Push state: DialogSubScene
01:50:05.524 [JavaFX Application Thread] DEBUG Input                - Clearing active input actions
01:50:05.525 [JavaFX Application Thread] DEBUG GameApplicationServi - Removing overlay from GameScene and adding to DialogSubScene
01:50:05.525 [JavaFX Application Thread] DEBUG PrimaryStageWindow   - GameScene -> DialogSubScene
01:50:06.205 [JavaFX Application Thread] DEBUG PrimaryStageWindow   - Pop state: DialogSubScene
01:50:06.205 [JavaFX Application Thread] DEBUG Input                - Clearing active input actions
01:50:06.206 [JavaFX Application Thread] DEBUG GameApplicationServi - Removing overlay from DialogSubScene and adding to GameScene
01:50:06.208 [JavaFX Application Thread] DEBUG PrimaryStageWindow   - GameScene <- DialogSubScene
01:50:06.208 [JavaFX Application Thread] DEBUG FXGLApplication      - Exiting FXGL
01:50:06.209 [JavaFX Application Thread] DEBUG LoopRunner           - Stopping loop
01:50:06.209 [JavaFX Application Thread] DEBUG SystemBundleService  - Saving FXGL system data
01:50:06.211 [JavaFX Application Thread] DEBUG FileSystemAccess     - Writing to: C:\Users\zyla\demoGame4OOP\system\fxgl.bundle
01:50:06.212 [JavaFX Application Thread] DEBUG Async                - Shutting down background threads
01:50:06.212 [JavaFX Application Thread] DEBUG PrimaryStageWindow   - Closing main window
01:50:06.246 [JavaFX Application Thread] DEBUG Logger               - Closing Logger
