01:52:53.047 [main                     ] DEBUG Logger               - Configured Logger
01:52:53.049 [main                     ] DEBUG GameApplication      - Logging settings
Title: Stictactics
Version: 0.0
Width: 1920
Height: 1080
Fullscreen: false
Intro: false
Profiling: false
Single step:false
App Mode: DEVELOPER
Menu Key: ESCAPE
Stage Style: DECORATED
Scene Factory: class com.example.demo.MySceneFactory

01:52:53.454 [JavaFX Application Thread] DEBUG FXGLApplication      - Initializing FXGL
01:52:53.455 [JavaFX Application Thread] INFO  Engine               - FXGL-11.17 (16.07.2021 15.46) on WINDOWS (J:23.0.2 FX:17.0.6)
01:52:53.456 [JavaFX Application Thread] DEBUG Engine               - JRE Vendor Name: Amazon.com Inc.
01:52:53.456 [JavaFX Application Thread] DEBUG Engine               - Running on OS: Windows 11 version 10.0
01:52:53.456 [JavaFX Application Thread] DEBUG Engine               - Architecture: amd64
01:52:53.456 [JavaFX Application Thread] INFO  Engine               - Source code and latest versions at: https://github.com/AlmasB/FXGL
01:52:53.456 [JavaFX Application Thread] INFO  Engine               -              Join the FXGL chat at: https://gitter.im/AlmasB/FXGL
01:52:53.560 [JavaFX Application Thread] DEBUG PrimaryStageWindow   - Creating a JavaFX scene
01:52:53.560 [JavaFX Application Thread] DEBUG PrimaryStageWindow   - Target size > screen size
01:52:53.612 [JavaFX Application Thread] DEBUG PrimaryStageWindow   - Target settings size: 1920.0 x 1080.0
01:52:53.612 [JavaFX Application Thread] DEBUG PrimaryStageWindow   - Scaled scene size:    1255.0 x 720.0
01:52:53.612 [JavaFX Application Thread] DEBUG PrimaryStageWindow   - Scaled ratio: (0.6536458333333334, 0.6666666666666666)
01:52:53.613 [JavaFX Application Thread] DEBUG PrimaryStageWindow   - Set initial scene to FXGLStartupScene
01:52:53.621 [JavaFX Application Thread] DEBUG PrimaryStageWindow   - Opening main window
01:52:53.725 [JavaFX Application Thread] DEBUG PrimaryStageWindow   - Window border size: (16.0, 39.0)
01:52:53.725 [JavaFX Application Thread] DEBUG PrimaryStageWindow   - Scaled size: 1255.0 x 720.0
01:52:53.725 [JavaFX Application Thread] DEBUG PrimaryStageWindow   - Scaled ratio: (0.6536458333333334, 0.6666666666666666)
01:52:53.725 [JavaFX Application Thread] DEBUG PrimaryStageWindow   - Scene size: 1255.0 x 720.0
01:52:53.725 [JavaFX Application Thread] DEBUG PrimaryStageWindow   - Stage size: 1271.0 x 759.0
01:52:53.738 [FXGL Background Thread 1 ] DEBUG Engine               - Initializing environment variables
01:52:53.871 [FXGL Background Thread 1 ] DEBUG FXGLAssetLoaderServi - User app class for loading assets: class com.example.demo.HelloController
01:52:53.871 [FXGL Background Thread 1 ] DEBUG GameApplicationServi - Applying CSS: fxgl_dark.css
01:52:53.872 [FXGL Background Thread 1 ] DEBUG FXGLAssetLoaderServi - Loading from file system: jar:file:///C:/Users/zyla/.m2/repository/com/github/almasb/fxgl/11.17/fxgl-11.17.jar!/fxglassets/ui/css/fxgl_dark.css
01:52:53.937 [FXGL Background Thread 1 ] DEBUG GameApplicationServi - Initializing application scenes
01:52:54.059 [FXGL Background Thread 1 ] DEBUG GameWorld            - Game world initialized
01:52:54.147 [FXGL Background Thread 1 ] DEBUG PhysicsWorld         - Physics world initialized: appHeight=1080, physics.ppm=50.0
01:52:54.148 [FXGL Background Thread 1 ] DEBUG PhysicsWorld         - Using strategy: BRUTE_FORCE
01:52:54.151 [FXGL Background Thread 1 ] DEBUG GameScene            - Game scene initialized: 1920x1080
01:52:54.342 [FXGL Background Thread 1 ] DEBUG GameApplicationServi - Application scenes initialized
01:52:54.355 [FXGL Background Thread 1 ] DEBUG SystemBundleService  - Loading FXGL system data
01:52:54.362 [FXGL Background Thread 1 ] DEBUG FileSystemAccess     - Reading from: C:\Users\zyla\demoGame4OOP\system\fxgl.bundle
01:52:54.372 [FXGL Background Thread 1 ] DEBUG SystemBundleService  - Bundle FXGL: {}
01:52:54.372 [FXGL Background Thread 1 ] DEBUG UpdaterService       - Checking for updates
01:52:54.381 [FXGL Background Thread 1 ] DEBUG FXGLApplication      - Loading default localization
01:52:54.381 [FXGL Background Thread 1 ] DEBUG FXGLAssetLoaderServi - Loading from file system: jar:file:///C:/Users/zyla/.m2/repository/com/github/almasb/fxgl/11.17/fxgl-11.17.jar!/fxglassets/languages/english.lang
01:52:54.382 [FXGL Background Thread 4 ] DEBUG FXGLApplication      - Loading fonts
01:52:54.382 [FXGL Background Thread 4 ] DEBUG FXGLAssetLoaderServi - Loading from file system: jar:file:///C:/Users/zyla/.m2/repository/com/github/almasb/fxgl/11.17/fxgl-11.17.jar!/fxglassets/ui/fonts/VarelaRound-Regular.ttf
01:52:54.412 [FXGL Background Thread 1 ] INFO  FXGLApplication      - FXGL initialization took: 0.675 sec
01:52:54.426 [JavaFX Application Thread] DEBUG Input                - Registered new binding: Pause Game - Esc
01:52:54.426 [JavaFX Application Thread] DEBUG Input                - Registered new binding: P1Left - A
01:52:54.426 [JavaFX Application Thread] DEBUG Input                - Registered new binding: P1Right - D
01:52:54.426 [JavaFX Application Thread] DEBUG Input                - Registered new binding: P1Jump - W
01:52:54.426 [JavaFX Application Thread] DEBUG Input                - Registered new binding: P1Punch - F
01:52:54.429 [JavaFX Application Thread] DEBUG Input                - Registered new binding: P1EnhancedPunch - E
01:52:54.430 [JavaFX Application Thread] DEBUG Input                - Registered new binding: P1Ult - Q
01:52:54.430 [JavaFX Application Thread] DEBUG Input                - Registered new binding: P2Left - Left
01:52:54.430 [JavaFX Application Thread] DEBUG Input                - Registered new binding: P2Right - Right
01:52:54.431 [JavaFX Application Thread] DEBUG Input                - Registered new binding: P2Jump - Up
01:52:54.431 [JavaFX Application Thread] DEBUG Input                - Registered new binding: P2Punch - H
01:52:54.432 [JavaFX Application Thread] DEBUG Input                - Registered new binding: P2EnhancedPunch - U
01:52:54.432 [JavaFX Application Thread] DEBUG Input                - Registered new binding: P2Ult - O
01:52:54.444 [JavaFX Application Thread] WARN  FXGLAssetLoaderServi - Asset "/assets/textures//assets/textures/background-intro.mp4" was not found!
01:52:54.444 [JavaFX Application Thread] WARN  FXGLAssetLoaderServi - Failed to load IMAGE
01:52:54.486 [JavaFX Application Thread] DEBUG FXGLAssetLoaderServi - Loading from file system: jar:file:///C:/Users/zyla/.m2/repository/com/github/almasb/fxgl/11.17/fxgl-11.17.jar!/fxglassets/textures/fxgl_icon.png
01:52:54.554 [JavaFX Application Thread] DEBUG FXGLAssetLoaderServi - Loading from file system: jar:file:///C:/Users/zyla/.m2/repository/com/github/almasb/fxgl/11.17/fxgl-11.17.jar!/fxglassets/textures/fxgl_default_cursor.png
01:52:54.570 [JavaFX Application Thread] DEBUG Input                - Registered new binding: Screenshot - CTRL+8
01:52:54.571 [JavaFX Application Thread] DEBUG Input                - Registered new binding: System info dump - CTRL+9
01:52:54.571 [JavaFX Application Thread] DEBUG Input                - Registered new binding: Restart - CTRL+R
01:52:54.572 [JavaFX Application Thread] DEBUG Input                - Registered new binding: Toggle Debug Camera - CTRL+C
01:52:54.590 [JavaFX Application Thread] DEBUG LoopRunner           - Starting loop
01:52:54.591 [JavaFX Application Thread] DEBUG LoopRunner           - Initializing JavaFX AnimationTimerLoop
01:52:54.599 [JavaFX Application Thread] DEBUG Input                - Clearing active input actions
01:52:54.616 [JavaFX Application Thread] DEBUG GameApplicationServi - Removing overlay from FXGLStartupScene and adding to FXGLMainMenuDummyScene
01:52:54.616 [JavaFX Application Thread] DEBUG PrimaryStageWindow   - FXGLStartupScene -> FXGLMainMenuDummyScene
01:52:54.616 [JavaFX Application Thread] DEBUG PrimaryStageWindow   - Push state: CustomMainMenu
01:52:54.617 [JavaFX Application Thread] DEBUG Input                - Clearing active input actions
01:52:54.632 [JavaFX Application Thread] DEBUG GameApplicationServi - Removing overlay from FXGLMainMenuDummyScene and adding to CustomMainMenu
01:52:54.633 [JavaFX Application Thread] DEBUG PrimaryStageWindow   - FXGLMainMenuDummyScene -> CustomMainMenu
01:52:54.952 [FXGL Background Thread 4 ] DEBUG FXGLAssetLoaderServi - Loading from file system: jar:file:///C:/Users/zyla/.m2/repository/com/github/almasb/fxgl/11.17/fxgl-11.17.jar!/fxglassets/ui/fonts/Abel-Regular.ttf
01:52:54.987 [FXGL Background Thread 4 ] DEBUG FXGLAssetLoaderServi - Loading from file system: jar:file:///C:/Users/zyla/.m2/repository/com/github/almasb/fxgl/11.17/fxgl-11.17.jar!/fxglassets/ui/fonts/lucida_console.ttf
01:52:55.010 [FXGL Background Thread 4 ] DEBUG FXGLAssetLoaderServi - Loading from file system: jar:file:///C:/Users/zyla/.m2/repository/com/github/almasb/fxgl/11.17/fxgl-11.17.jar!/fxglassets/ui/fonts/Courier-Prime.ttf
01:52:55.036 [JavaFX Application Thread] DEBUG FXGLApplication      - Registering font factories with UI factory
01:52:55.502 [JavaFX Application Thread] DEBUG Menu                 - fireNewGame()
01:52:55.502 [JavaFX Application Thread] DEBUG GameApplicationServi - Starting new game
01:52:55.502 [JavaFX Application Thread] DEBUG PrimaryStageWindow   - Pop state: CustomMainMenu
01:52:55.502 [JavaFX Application Thread] DEBUG Input                - Clearing active input actions
01:52:55.504 [JavaFX Application Thread] DEBUG GameApplicationServi - Removing overlay from CustomMainMenu and adding to FXGLMainMenuDummyScene
01:52:55.504 [JavaFX Application Thread] DEBUG PrimaryStageWindow   - FXGLMainMenuDummyScene <- CustomMainMenu
01:52:55.504 [JavaFX Application Thread] DEBUG Input                - Clearing active input actions
01:52:55.520 [JavaFX Application Thread] DEBUG GameApplicationServi - Removing overlay from FXGLMainMenuDummyScene and adding to FXGLLoadingScene
01:52:55.521 [JavaFX Application Thread] DEBUG PrimaryStageWindow   - FXGLMainMenuDummyScene -> FXGLLoadingScene
01:52:55.521 [JavaFX Application Thread] DEBUG GameApplicationServi - Clearing previous game
01:52:55.521 [JavaFX Application Thread] DEBUG GameScene            - Clearing game scene
01:52:55.521 [JavaFX Application Thread] DEBUG GameWorld            - Clearing game world
01:52:55.521 [JavaFX Application Thread] DEBUG PhysicsWorld         - Clearing physics world
01:52:55.532 [FXGL Background Thread 4 ] DEBUG FXGLApplication      - Initializing game
01:52:55.638 [FXGL Background Thread 2 ] INFO  UpdaterService       - Your current version:  11.17
01:52:55.638 [FXGL Background Thread 2 ] INFO  UpdaterService       - Latest stable version: 21.1
01:52:55.697 [FXGL Background Thread 4 ] WARN  TMXLevelLoader       - TiledMap generated from 1.11.2. Supported version: 1.2.3. Some features may not be parsed fully.
01:52:55.717 [FXGL Background Thread 4 ] DEBUG TMXLevelLoader       - Parsed TiledMap: file:/C:/Users/zyla/demoGame4OOP/target/classes/assets/levels/tmx/map6.tmx
01:52:55.718 [FXGL Background Thread 4 ] DEBUG TMXLevelLoader       - Creating tile layer entities
01:52:55.720 [FXGL Background Thread 4 ] DEBUG TilesetLoader        - Loading view for layer Tile Layer 1
01:52:55.725 [FXGL Background Thread 4 ] DEBUG TilesetLoader        - Created buffer with size 1920.0x1088.0
01:52:55.930 [FXGL Background Thread 4 ] DEBUG TMXLevelLoader       - Creating object layer entities
01:52:55.958 [FXGL Background Thread 4 ] DEBUG GameWorld            - Clearing removable entities
01:52:55.958 [FXGL Background Thread 4 ] DEBUG GameWorld            - Setting level: com.almasb.fxgl.entity.level.Level@56dd8182
01:52:55.987 [FXGL Background Thread 4 ] DEBUG FXGLAssetLoaderServi - Loading from file system: file:/C:/Users/zyla/demoGame4OOP/target/classes/assets/textures/character_2/knight_idle.png
01:52:56.002 [FXGL Background Thread 4 ] DEBUG FXGLAssetLoaderServi - Loading from file system: file:/C:/Users/zyla/demoGame4OOP/target/classes/assets/textures/character_2/knight_walk.png
01:52:56.013 [FXGL Background Thread 4 ] DEBUG FXGLAssetLoaderServi - Loading from file system: file:/C:/Users/zyla/demoGame4OOP/target/classes/assets/textures/fighter_attack_enhanced_p2.png
01:52:56.026 [FXGL Background Thread 4 ] DEBUG FXGLAssetLoaderServi - Loading from file system: file:/C:/Users/zyla/demoGame4OOP/target/classes/assets/textures/character_2/knight_jump.png
01:52:56.034 [FXGL Background Thread 4 ] DEBUG FXGLAssetLoaderServi - Loading from file system: file:/C:/Users/zyla/demoGame4OOP/target/classes/assets/textures/character_2/knight_combo.png
01:52:56.040 [FXGL Background Thread 4 ] DEBUG FXGLAssetLoaderServi - Loading from file system: file:/C:/Users/zyla/demoGame4OOP/target/classes/assets/textures/fighter_ult_P2.png
01:52:56.063 [FXGL Background Thread 4 ] DEBUG FXGLAssetLoaderServi - Loading from file system: file:/C:/Users/zyla/demoGame4OOP/target/classes/assets/textures/fighter_hit.png
01:52:56.079 [FXGL Background Thread 4 ] DEBUG FXGLAssetLoaderServi - Loading from file system: file:/C:/Users/zyla/demoGame4OOP/target/classes/assets/textures/fighter_idle_P2.png
01:52:56.093 [FXGL Background Thread 4 ] DEBUG FXGLAssetLoaderServi - Loading from file system: file:/C:/Users/zyla/demoGame4OOP/target/classes/assets/textures/fighter_walk_P2.png
01:52:56.105 [FXGL Background Thread 4 ] DEBUG FXGLAssetLoaderServi - Loading from file system: file:/C:/Users/zyla/demoGame4OOP/target/classes/assets/textures/fighter_jump_P2.png
01:52:56.111 [FXGL Background Thread 4 ] DEBUG FXGLAssetLoaderServi - Loading from file system: file:/C:/Users/zyla/demoGame4OOP/target/classes/assets/textures/fighter_attack_P2.png
01:52:56.134 [FXGL Background Thread 4 ] INFO  FXGLApplication      - Game initialization took: 0.603 sec
01:52:56.135 [JavaFX Application Thread] DEBUG Input                - Clearing active input actions
01:52:56.150 [JavaFX Application Thread] DEBUG GameApplicationServi - Removing overlay from FXGLLoadingScene and adding to GameScene
01:52:56.150 [JavaFX Application Thread] DEBUG PrimaryStageWindow   - FXGLLoadingScene -> GameScene
01:52:57.378 [FXGL Background Thread 3 ] DEBUG Engine               - Logging environment variables
01:52:57.378 [FXGL Background Thread 3 ] DEBUG Engine               - achievements: []
01:52:57.378 [FXGL Background Thread 3 ] DEBUG Engine               - actualHeight: 720.0
01:52:57.379 [FXGL Background Thread 3 ] DEBUG Engine               - actualHeightProperty: ReadOnlyDoubleProperty [value: 720.0]
01:52:57.379 [FXGL Background Thread 3 ] DEBUG Engine               - actualWidth: 1255.0
01:52:57.379 [FXGL Background Thread 3 ] DEBUG Engine               - actualWidthProperty: ReadOnlyDoubleProperty [value: 1255.0]
01:52:57.379 [FXGL Background Thread 3 ] DEBUG Engine               - appIcon: fxgl_icon.png
01:52:57.379 [FXGL Background Thread 3 ] DEBUG Engine               - applicationMode: DEVELOPER
01:52:57.379 [FXGL Background Thread 3 ] DEBUG Engine               - cSSList: [fxgl_dark.css]
01:52:57.380 [FXGL Background Thread 3 ] DEBUG Engine               - collisionDetectionStrategy: BRUTE_FORCE
01:52:57.380 [FXGL Background Thread 3 ] DEBUG Engine               - configClass: Optional.empty
01:52:57.380 [FXGL Background Thread 3 ] DEBUG Engine               - credits: []
01:52:57.380 [FXGL Background Thread 3 ] DEBUG Engine               - defaultCursor: CursorInfo(imageName=fxgl_default_cursor.png, hotspotX=7.0, hotspotY=6.0)
01:52:57.381 [FXGL Background Thread 3 ] DEBUG Engine               - devBBoxColorProperty: ObjectProperty [value: 0xff0000ff]
01:52:57.382 [FXGL Background Thread 3 ] DEBUG Engine               - devEnableDebugCameraProperty: BooleanProperty [value: false]
01:52:57.384 [FXGL Background Thread 3 ] DEBUG Engine               - devSensorColorProperty: ObjectProperty [value: 0xffff00ff]
01:52:57.384 [FXGL Background Thread 3 ] DEBUG Engine               - devShowBBoxProperty: BooleanProperty [value: false]
01:52:57.384 [FXGL Background Thread 3 ] DEBUG Engine               - devShowPositionProperty: BooleanProperty [value: false]
01:52:57.384 [FXGL Background Thread 3 ] DEBUG Engine               - enabledMenuItems: []
01:52:57.384 [FXGL Background Thread 3 ] DEBUG Engine               - engineServices: [class com.almasb.fxgl.app.services.FXGLAssetLoaderService, class com.almasb.fxgl.app.FXGLApplication$GameApplicationService, class com.almasb.fxgl.app.services.FXGLDialogService, class com.almasb.fxgl.app.services.IOTaskExecutorService, class com.almasb.fxgl.io.FileSystemService, class com.almasb.fxgl.localization.LocalizationService, class com.almasb.fxgl.app.services.SystemBundleService, class com.almasb.fxgl.profile.SaveLoadService, class com.almasb.fxgl.ui.FXGLUIFactoryServiceProvider, class com.almasb.fxgl.ui.FXGLDialogFactoryServiceProvider, class com.almasb.fxgl.audio.AudioPlayer, class com.almasb.fxgl.notification.impl.NotificationServiceProvider, class com.almasb.fxgl.achievement.AchievementService, class com.almasb.fxgl.cutscene.CutsceneService, class com.almasb.fxgl.minigames.MiniGameService, class com.almasb.fxgl.net.NetService, class com.almasb.fxgl.app.services.UpdaterService, class com.almasb.fxgl.dev.DevService]
01:52:57.384 [FXGL Background Thread 3 ] DEBUG Engine               - fontGame: Abel-Regular.ttf
01:52:57.384 [FXGL Background Thread 3 ] DEBUG Engine               - fontMono: lucida_console.ttf
01:52:57.384 [FXGL Background Thread 3 ] DEBUG Engine               - fontText: Courier-Prime.ttf
01:52:57.384 [FXGL Background Thread 3 ] DEBUG Engine               - fontUI: VarelaRound-Regular.ttf
01:52:57.384 [FXGL Background Thread 3 ] DEBUG Engine               - fullScreen: BooleanProperty [value: false]
01:52:57.384 [FXGL Background Thread 3 ] DEBUG Engine               - gameDifficulty: MEDIUM
01:52:57.384 [FXGL Background Thread 3 ] DEBUG Engine               - gameDifficultyProperty: ObjectProperty [value: MEDIUM]
01:52:57.384 [FXGL Background Thread 3 ] DEBUG Engine               - globalMusicVolume: 0.5
01:52:57.384 [FXGL Background Thread 3 ] DEBUG Engine               - globalMusicVolumeProperty: DoubleProperty [value: 0.5]
01:52:57.385 [FXGL Background Thread 3 ] DEBUG Engine               - globalSoundVolume: 0.5
01:52:57.385 [FXGL Background Thread 3 ] DEBUG Engine               - globalSoundVolumeProperty: DoubleProperty [value: 0.5]
01:52:57.385 [FXGL Background Thread 3 ] DEBUG Engine               - height: 1080
01:52:57.385 [FXGL Background Thread 3 ] DEBUG Engine               - is3D: false
01:52:57.385 [FXGL Background Thread 3 ] DEBUG Engine               - isAndroid: false
01:52:57.385 [FXGL Background Thread 3 ] DEBUG Engine               - isBrowser: false
01:52:57.385 [FXGL Background Thread 3 ] DEBUG Engine               - isClickFeedbackEnabled: false
01:52:57.385 [FXGL Background Thread 3 ] DEBUG Engine               - isCloseConfirmation: true
01:52:57.385 [FXGL Background Thread 3 ] DEBUG Engine               - isDesktop: true
01:52:57.385 [FXGL Background Thread 3 ] DEBUG Engine               - isDeveloperMenuEnabled: false
01:52:57.385 [FXGL Background Thread 3 ] DEBUG Engine               - isEntityPreloadEnabled: true
01:52:57.385 [FXGL Background Thread 3 ] DEBUG Engine               - isExperimentalTiledLargeMap: false
01:52:57.385 [FXGL Background Thread 3 ] DEBUG Engine               - isFileSystemWriteAllowed: true
01:52:57.385 [FXGL Background Thread 3 ] DEBUG Engine               - isFullScreenAllowed: false
01:52:57.385 [FXGL Background Thread 3 ] DEBUG Engine               - isFullScreenFromStart: false
01:52:57.385 [FXGL Background Thread 3 ] DEBUG Engine               - isGameMenuEnabled: false
01:52:57.385 [FXGL Background Thread 3 ] DEBUG Engine               - isIOS: false
01:52:57.385 [FXGL Background Thread 3 ] DEBUG Engine               - isIntroEnabled: false
01:52:57.385 [FXGL Background Thread 3 ] DEBUG Engine               - isLinux: false
01:52:57.385 [FXGL Background Thread 3 ] DEBUG Engine               - isMac: false
01:52:57.386 [FXGL Background Thread 3 ] DEBUG Engine               - isMainMenuEnabled: true
01:52:57.386 [FXGL Background Thread 3 ] DEBUG Engine               - isManualResizeEnabled: false
01:52:57.386 [FXGL Background Thread 3 ] DEBUG Engine               - isMobile: false
01:52:57.386 [FXGL Background Thread 3 ] DEBUG Engine               - isNative: false
01:52:57.386 [FXGL Background Thread 3 ] DEBUG Engine               - isPauseMusicWhenMinimized: true
01:52:57.386 [FXGL Background Thread 3 ] DEBUG Engine               - isPreserveResizeRatio: false
01:52:57.386 [FXGL Background Thread 3 ] DEBUG Engine               - isProfilingEnabled: false
01:52:57.386 [FXGL Background Thread 3 ] DEBUG Engine               - isScaleAffectedOnResize: true
01:52:57.386 [FXGL Background Thread 3 ] DEBUG Engine               - isSingleStep: false
01:52:57.386 [FXGL Background Thread 3 ] DEBUG Engine               - isUserProfileEnabled: false
01:52:57.386 [FXGL Background Thread 3 ] DEBUG Engine               - isWindows: true
01:52:57.386 [FXGL Background Thread 3 ] DEBUG Engine               - language: ObjectProperty [value: ENGLISH]
01:52:57.386 [FXGL Background Thread 3 ] DEBUG Engine               - menuKey: ESCAPE
01:52:57.386 [FXGL Background Thread 3 ] DEBUG Engine               - mouseSensitivity: 0.2
01:52:57.386 [FXGL Background Thread 3 ] DEBUG Engine               - notificationViewClass: class com.almasb.fxgl.notification.view.XboxNotificationView
01:52:57.386 [FXGL Background Thread 3 ] DEBUG Engine               - pixelsPerMeter: 50.0
01:52:57.386 [FXGL Background Thread 3 ] DEBUG Engine               - platform: WINDOWS
01:52:57.386 [FXGL Background Thread 3 ] DEBUG Engine               - prefHeightProperty: ReadOnlyDoubleProperty [value: 1080.0]
01:52:57.386 [FXGL Background Thread 3 ] DEBUG Engine               - prefWidthProperty: ReadOnlyDoubleProperty [value: 1920.0]
01:52:57.386 [FXGL Background Thread 3 ] DEBUG Engine               - profileDir: profiles/
01:52:57.386 [FXGL Background Thread 3 ] DEBUG Engine               - profileName: StringProperty [value: DEFAULT]
01:52:57.387 [FXGL Background Thread 3 ] DEBUG Engine               - randomSeed: -1
01:52:57.387 [FXGL Background Thread 3 ] DEBUG Engine               - runtimeInfo: RuntimeInfo(platform=WINDOWS, version=11.17, build=16.07.2021 15.46)
01:52:57.387 [FXGL Background Thread 3 ] DEBUG Engine               - saveFileExt: sav
01:52:57.387 [FXGL Background Thread 3 ] DEBUG Engine               - scaledHeightProp$fxgl: DoubleProperty [bound, value: 720.0]
01:52:57.387 [FXGL Background Thread 3 ] DEBUG Engine               - scaledWidthProp$fxgl: DoubleProperty [bound, value: 1255.0]
01:52:57.387 [FXGL Background Thread 3 ] DEBUG Engine               - sceneFactory: com.example.demo.MySceneFactory@da19c3a
01:52:57.387 [FXGL Background Thread 3 ] DEBUG Engine               - secondsIn24h: 60
01:52:57.387 [FXGL Background Thread 3 ] DEBUG Engine               - soundMenuBack: menu/back.wav
01:52:57.387 [FXGL Background Thread 3 ] DEBUG Engine               - soundMenuPress: menu/press.wav
01:52:57.387 [FXGL Background Thread 3 ] DEBUG Engine               - soundMenuSelect: menu/select.wav
01:52:57.387 [FXGL Background Thread 3 ] DEBUG Engine               - soundNotification: core/notification.wav
01:52:57.387 [FXGL Background Thread 3 ] DEBUG Engine               - stageStyle: DECORATED
01:52:57.387 [FXGL Background Thread 3 ] DEBUG Engine               - supportedLanguages: [ENGLISH, FRENCH, GERMAN, HUNGARIAN, RUSSIAN]
01:52:57.387 [FXGL Background Thread 3 ] DEBUG Engine               - ticksPerSecond: -1
01:52:57.387 [FXGL Background Thread 3 ] DEBUG Engine               - title: Stictactics
01:52:57.387 [FXGL Background Thread 3 ] DEBUG Engine               - urlGithub: https://github.com/AlmasB/FXGL
01:52:57.387 [FXGL Background Thread 3 ] DEBUG Engine               - urlLeaderboard: http://fxgl-top.herokuapp.com/
01:52:57.387 [FXGL Background Thread 3 ] DEBUG Engine               - urlPOM: https://raw.githubusercontent.com/AlmasB/FXGL/release/README.md
01:52:57.387 [FXGL Background Thread 3 ] DEBUG Engine               - userAppClass: class com.example.demo.HelloController
01:52:57.387 [FXGL Background Thread 3 ] DEBUG Engine               - version: 0.0
01:52:57.387 [FXGL Background Thread 3 ] DEBUG Engine               - versionCheckDays: 7
01:52:57.387 [FXGL Background Thread 3 ] DEBUG Engine               - width: 1920
01:52:57.387 [FXGL Background Thread 3 ] DEBUG Engine               - Logging services
01:52:57.387 [FXGL Background Thread 3 ] DEBUG Engine               - class com.almasb.fxgl.app.services.FXGLAssetLoaderService
01:52:57.387 [FXGL Background Thread 3 ] DEBUG Engine               - class com.almasb.fxgl.app.FXGLApplication$GameApplicationService
01:52:57.387 [FXGL Background Thread 3 ] DEBUG Engine               - class com.almasb.fxgl.app.services.FXGLDialogService
01:52:57.387 [FXGL Background Thread 3 ] DEBUG Engine               - class com.almasb.fxgl.app.services.IOTaskExecutorService
01:52:57.388 [FXGL Background Thread 3 ] DEBUG Engine               - class com.almasb.fxgl.io.FileSystemService
01:52:57.388 [FXGL Background Thread 3 ] DEBUG Engine               - class com.almasb.fxgl.localization.LocalizationService
01:52:57.388 [FXGL Background Thread 3 ] DEBUG Engine               - class com.almasb.fxgl.app.services.SystemBundleService
01:52:57.388 [FXGL Background Thread 3 ] DEBUG Engine               - class com.almasb.fxgl.profile.SaveLoadService
01:52:57.388 [FXGL Background Thread 3 ] DEBUG Engine               - class com.almasb.fxgl.ui.FXGLUIFactoryServiceProvider
01:52:57.388 [FXGL Background Thread 3 ] DEBUG Engine               - class com.almasb.fxgl.ui.FXGLDialogFactoryServiceProvider
01:52:57.388 [FXGL Background Thread 3 ] DEBUG Engine               - class com.almasb.fxgl.audio.AudioPlayer
01:52:57.388 [FXGL Background Thread 3 ] DEBUG Engine               - class com.almasb.fxgl.notification.impl.NotificationServiceProvider
01:52:57.388 [FXGL Background Thread 3 ] DEBUG Engine               - class com.almasb.fxgl.achievement.AchievementService
01:52:57.388 [FXGL Background Thread 3 ] DEBUG Engine               - class com.almasb.fxgl.cutscene.CutsceneService
01:52:57.388 [FXGL Background Thread 3 ] DEBUG Engine               - class com.almasb.fxgl.minigames.MiniGameService
01:52:57.388 [FXGL Background Thread 3 ] DEBUG Engine               - class com.almasb.fxgl.net.NetService
01:52:57.388 [FXGL Background Thread 3 ] DEBUG Engine               - class com.almasb.fxgl.app.services.UpdaterService
01:52:57.388 [FXGL Background Thread 3 ] DEBUG Engine               - class com.almasb.fxgl.dev.DevService
01:53:06.387 [JavaFX Application Thread] DEBUG LoopRunner           - Pausing loop
01:53:06.395 [JavaFX Application Thread] DEBUG LoopRunner           - Pausing loop
01:53:07.270 [JavaFX Application Thread] DEBUG LoopRunner           - Resuming loop
01:53:07.270 [JavaFX Application Thread] DEBUG GameApplicationServi - Starting new game
01:53:07.271 [JavaFX Application Thread] DEBUG Input                - Clearing active input actions
01:53:07.283 [JavaFX Application Thread] DEBUG GameApplicationServi - Removing overlay from GameScene and adding to FXGLLoadingScene
01:53:07.283 [JavaFX Application Thread] DEBUG PrimaryStageWindow   - GameScene -> FXGLLoadingScene
01:53:07.283 [JavaFX Application Thread] DEBUG GameApplicationServi - Clearing previous game
01:53:07.283 [JavaFX Application Thread] DEBUG GameScene            - Clearing game scene
01:53:07.283 [JavaFX Application Thread] DEBUG GameWorld            - Clearing game world
01:53:07.285 [JavaFX Application Thread] DEBUG PhysicsWorld         - Clearing physics world
01:53:07.286 [FXGL Background Thread 4 ] DEBUG FXGLApplication      - Initializing game
01:53:07.289 [FXGL Background Thread 4 ] WARN  TMXLevelLoader       - TiledMap generated from 1.11.2. Supported version: 1.2.3. Some features may not be parsed fully.
01:53:07.296 [FXGL Background Thread 4 ] DEBUG TMXLevelLoader       - Parsed TiledMap: file:/C:/Users/zyla/demoGame4OOP/target/classes/assets/levels/tmx/map6.tmx
01:53:07.296 [FXGL Background Thread 4 ] DEBUG TMXLevelLoader       - Creating tile layer entities
01:53:07.297 [FXGL Background Thread 4 ] DEBUG TilesetLoader        - Loading view for layer Tile Layer 1
01:53:07.298 [FXGL Background Thread 4 ] DEBUG TilesetLoader        - Created buffer with size 1920.0x1088.0
01:53:07.418 [FXGL Background Thread 4 ] DEBUG TMXLevelLoader       - Creating object layer entities
01:53:07.419 [FXGL Background Thread 4 ] DEBUG GameWorld            - Clearing removable entities
01:53:07.419 [FXGL Background Thread 4 ] DEBUG GameWorld            - Setting level: com.almasb.fxgl.entity.level.Level@3881e188
01:53:07.435 [FXGL Background Thread 4 ] INFO  FXGLApplication      - Game initialization took: 0.149 sec
01:53:07.439 [JavaFX Application Thread] DEBUG Input                - Clearing active input actions
01:53:07.445 [JavaFX Application Thread] DEBUG GameApplicationServi - Removing overlay from FXGLLoadingScene and adding to GameScene
01:53:07.446 [JavaFX Application Thread] DEBUG PrimaryStageWindow   - FXGLLoadingScene -> GameScene
01:53:18.370 [JavaFX Application Thread] DEBUG PrimaryStageWindow   - Push state: CustomPauseMenu
01:53:18.370 [JavaFX Application Thread] DEBUG Input                - Clearing active input actions
01:53:18.373 [JavaFX Application Thread] DEBUG GameApplicationServi - Removing overlay from GameScene and adding to CustomPauseMenu
01:53:18.373 [JavaFX Application Thread] DEBUG PrimaryStageWindow   - GameScene -> CustomPauseMenu
01:53:20.190 [JavaFX Application Thread] DEBUG Menu                 - fireExitToMainMenu()
01:53:20.193 [JavaFX Application Thread] DEBUG PrimaryStageWindow   - Push state: DialogSubScene
01:53:20.193 [JavaFX Application Thread] DEBUG Input                - Clearing active input actions
01:53:20.193 [JavaFX Application Thread] DEBUG GameApplicationServi - Removing overlay from CustomPauseMenu and adding to DialogSubScene
01:53:20.194 [JavaFX Application Thread] DEBUG PrimaryStageWindow   - CustomPauseMenu -> DialogSubScene
01:53:21.025 [JavaFX Application Thread] DEBUG PrimaryStageWindow   - Pop state: DialogSubScene
01:53:21.025 [JavaFX Application Thread] DEBUG Input                - Clearing active input actions
01:53:21.026 [JavaFX Application Thread] DEBUG GameApplicationServi - Removing overlay from DialogSubScene and adding to CustomPauseMenu
01:53:21.026 [JavaFX Application Thread] DEBUG PrimaryStageWindow   - CustomPauseMenu <- DialogSubScene
01:53:21.026 [JavaFX Application Thread] DEBUG PrimaryStageWindow   - Pop state: CustomPauseMenu
01:53:21.027 [JavaFX Application Thread] DEBUG Input                - Clearing active input actions
01:53:21.027 [JavaFX Application Thread] DEBUG GameApplicationServi - Removing overlay from CustomPauseMenu and adding to GameScene
01:53:21.027 [JavaFX Application Thread] DEBUG PrimaryStageWindow   - GameScene <- CustomPauseMenu
01:53:21.027 [JavaFX Application Thread] DEBUG Input                - Clearing active input actions
01:53:21.035 [JavaFX Application Thread] DEBUG GameApplicationServi - Removing overlay from GameScene and adding to FXGLMainMenuDummyScene
01:53:21.035 [JavaFX Application Thread] DEBUG PrimaryStageWindow   - GameScene -> FXGLMainMenuDummyScene
01:53:21.035 [JavaFX Application Thread] DEBUG PrimaryStageWindow   - Push state: CustomMainMenu
01:53:21.035 [JavaFX Application Thread] DEBUG Input                - Clearing active input actions
01:53:21.039 [JavaFX Application Thread] DEBUG GameApplicationServi - Removing overlay from FXGLMainMenuDummyScene and adding to CustomMainMenu
01:53:21.039 [JavaFX Application Thread] DEBUG PrimaryStageWindow   - FXGLMainMenuDummyScene -> CustomMainMenu
01:53:21.577 [JavaFX Application Thread] DEBUG Menu                 - fireNewGame()
01:53:21.577 [JavaFX Application Thread] DEBUG GameApplicationServi - Starting new game
01:53:21.577 [JavaFX Application Thread] DEBUG PrimaryStageWindow   - Pop state: CustomMainMenu
01:53:21.577 [JavaFX Application Thread] DEBUG Input                - Clearing active input actions
01:53:21.578 [JavaFX Application Thread] DEBUG GameApplicationServi - Removing overlay from CustomMainMenu and adding to FXGLMainMenuDummyScene
01:53:21.578 [JavaFX Application Thread] DEBUG PrimaryStageWindow   - FXGLMainMenuDummyScene <- CustomMainMenu
01:53:21.578 [JavaFX Application Thread] DEBUG Input                - Clearing active input actions
01:53:21.584 [JavaFX Application Thread] DEBUG GameApplicationServi - Removing overlay from FXGLMainMenuDummyScene and adding to FXGLLoadingScene
01:53:21.585 [JavaFX Application Thread] DEBUG PrimaryStageWindow   - FXGLMainMenuDummyScene -> FXGLLoadingScene
01:53:21.585 [JavaFX Application Thread] DEBUG GameApplicationServi - Clearing previous game
01:53:21.585 [JavaFX Application Thread] DEBUG GameScene            - Clearing game scene
01:53:21.585 [JavaFX Application Thread] DEBUG GameWorld            - Clearing game world
01:53:21.586 [JavaFX Application Thread] DEBUG PhysicsWorld         - Clearing physics world
01:53:21.586 [FXGL Background Thread 4 ] DEBUG FXGLApplication      - Initializing game
01:53:21.589 [FXGL Background Thread 4 ] WARN  TMXLevelLoader       - TiledMap generated from 1.11.2. Supported version: 1.2.3. Some features may not be parsed fully.
01:53:21.598 [FXGL Background Thread 4 ] DEBUG TMXLevelLoader       - Parsed TiledMap: file:/C:/Users/zyla/demoGame4OOP/target/classes/assets/levels/tmx/map3.tmx
01:53:21.598 [FXGL Background Thread 4 ] DEBUG TMXLevelLoader       - Creating tile layer entities
01:53:21.598 [FXGL Background Thread 4 ] DEBUG TilesetLoader        - Loading view for layer Tile Layer 1
01:53:21.601 [FXGL Background Thread 4 ] DEBUG TilesetLoader        - Created buffer with size 1920.0x1088.0
01:53:21.700 [FXGL Background Thread 4 ] DEBUG TMXLevelLoader       - Creating object layer entities
01:53:21.701 [FXGL Background Thread 4 ] DEBUG GameWorld            - Clearing removable entities
01:53:21.701 [FXGL Background Thread 4 ] DEBUG GameWorld            - Setting level: com.almasb.fxgl.entity.level.Level@7997803d
01:53:21.753 [FXGL Background Thread 4 ] INFO  FXGLApplication      - Game initialization took: 0.167 sec
01:53:21.755 [JavaFX Application Thread] DEBUG Input                - Clearing active input actions
01:53:21.759 [JavaFX Application Thread] DEBUG GameApplicationServi - Removing overlay from FXGLLoadingScene and adding to GameScene
01:53:21.759 [JavaFX Application Thread] DEBUG PrimaryStageWindow   - FXGLLoadingScene -> GameScene
01:53:40.003 [JavaFX Application Thread] DEBUG LoopRunner           - Pausing loop
01:53:40.004 [JavaFX Application Thread] DEBUG LoopRunner           - Pausing loop
01:53:41.610 [JavaFX Application Thread] DEBUG LoopRunner           - Resuming loop
01:53:41.610 [JavaFX Application Thread] DEBUG GameApplicationServi - Starting new game
01:53:41.610 [JavaFX Application Thread] DEBUG Input                - Clearing active input actions
01:53:41.616 [JavaFX Application Thread] DEBUG GameApplicationServi - Removing overlay from GameScene and adding to FXGLLoadingScene
01:53:41.616 [JavaFX Application Thread] DEBUG PrimaryStageWindow   - GameScene -> FXGLLoadingScene
01:53:41.616 [JavaFX Application Thread] DEBUG GameApplicationServi - Clearing previous game
01:53:41.616 [JavaFX Application Thread] DEBUG GameScene            - Clearing game scene
01:53:41.616 [JavaFX Application Thread] DEBUG GameWorld            - Clearing game world
01:53:41.617 [JavaFX Application Thread] DEBUG PhysicsWorld         - Clearing physics world
01:53:41.618 [FXGL Background Thread 4 ] DEBUG FXGLApplication      - Initializing game
01:53:41.621 [FXGL Background Thread 4 ] WARN  TMXLevelLoader       - TiledMap generated from 1.11.2. Supported version: 1.2.3. Some features may not be parsed fully.
01:53:41.628 [FXGL Background Thread 4 ] DEBUG TMXLevelLoader       - Parsed TiledMap: file:/C:/Users/zyla/demoGame4OOP/target/classes/assets/levels/tmx/map3.tmx
01:53:41.629 [FXGL Background Thread 4 ] DEBUG TMXLevelLoader       - Creating tile layer entities
01:53:41.629 [FXGL Background Thread 4 ] DEBUG TilesetLoader        - Loading view for layer Tile Layer 1
01:53:41.680 [FXGL Background Thread 4 ] DEBUG TilesetLoader        - Created buffer with size 1920.0x1088.0
01:53:41.773 [FXGL Background Thread 4 ] DEBUG TMXLevelLoader       - Creating object layer entities
01:53:41.774 [FXGL Background Thread 4 ] DEBUG GameWorld            - Clearing removable entities
01:53:41.775 [FXGL Background Thread 4 ] DEBUG GameWorld            - Setting level: com.almasb.fxgl.entity.level.Level@5f098085
01:53:41.796 [FXGL Background Thread 4 ] INFO  FXGLApplication      - Game initialization took: 0.178 sec
01:53:41.801 [JavaFX Application Thread] DEBUG Input                - Clearing active input actions
01:53:41.805 [JavaFX Application Thread] DEBUG GameApplicationServi - Removing overlay from FXGLLoadingScene and adding to GameScene
01:53:41.805 [JavaFX Application Thread] DEBUG PrimaryStageWindow   - FXGLLoadingScene -> GameScene
01:53:55.154 [JavaFX Application Thread] DEBUG PrimaryStageWindow   - Push state: CustomPauseMenu
01:53:55.154 [JavaFX Application Thread] DEBUG Input                - Clearing active input actions
01:53:55.155 [JavaFX Application Thread] DEBUG GameApplicationServi - Removing overlay from GameScene and adding to CustomPauseMenu
01:53:55.155 [JavaFX Application Thread] DEBUG PrimaryStageWindow   - GameScene -> CustomPauseMenu
01:53:56.764 [JavaFX Application Thread] DEBUG Menu                 - fireExitToMainMenu()
01:53:56.766 [JavaFX Application Thread] DEBUG PrimaryStageWindow   - Push state: DialogSubScene
01:53:56.767 [JavaFX Application Thread] DEBUG Input                - Clearing active input actions
01:53:56.767 [JavaFX Application Thread] DEBUG GameApplicationServi - Removing overlay from CustomPauseMenu and adding to DialogSubScene
01:53:56.767 [JavaFX Application Thread] DEBUG PrimaryStageWindow   - CustomPauseMenu -> DialogSubScene
01:53:57.311 [JavaFX Application Thread] DEBUG PrimaryStageWindow   - Pop state: DialogSubScene
01:53:57.311 [JavaFX Application Thread] DEBUG Input                - Clearing active input actions
01:53:57.311 [JavaFX Application Thread] DEBUG GameApplicationServi - Removing overlay from DialogSubScene and adding to CustomPauseMenu
01:53:57.312 [JavaFX Application Thread] DEBUG PrimaryStageWindow   - CustomPauseMenu <- DialogSubScene
01:53:57.312 [JavaFX Application Thread] DEBUG PrimaryStageWindow   - Pop state: CustomPauseMenu
01:53:57.312 [JavaFX Application Thread] DEBUG Input                - Clearing active input actions
01:53:57.312 [JavaFX Application Thread] DEBUG GameApplicationServi - Removing overlay from CustomPauseMenu and adding to GameScene
01:53:57.312 [JavaFX Application Thread] DEBUG PrimaryStageWindow   - GameScene <- CustomPauseMenu
01:53:57.312 [JavaFX Application Thread] DEBUG Input                - Clearing active input actions
01:53:57.315 [JavaFX Application Thread] DEBUG GameApplicationServi - Removing overlay from GameScene and adding to FXGLMainMenuDummyScene
01:53:57.315 [JavaFX Application Thread] DEBUG PrimaryStageWindow   - GameScene -> FXGLMainMenuDummyScene
01:53:57.315 [JavaFX Application Thread] DEBUG PrimaryStageWindow   - Push state: CustomMainMenu
01:53:57.315 [JavaFX Application Thread] DEBUG Input                - Clearing active input actions
01:53:57.317 [JavaFX Application Thread] DEBUG GameApplicationServi - Removing overlay from FXGLMainMenuDummyScene and adding to CustomMainMenu
01:53:57.317 [JavaFX Application Thread] DEBUG PrimaryStageWindow   - FXGLMainMenuDummyScene -> CustomMainMenu
01:53:57.775 [JavaFX Application Thread] DEBUG Menu                 - fireNewGame()
01:53:57.775 [JavaFX Application Thread] DEBUG GameApplicationServi - Starting new game
01:53:57.775 [JavaFX Application Thread] DEBUG PrimaryStageWindow   - Pop state: CustomMainMenu
01:53:57.775 [JavaFX Application Thread] DEBUG Input                - Clearing active input actions
01:53:57.776 [JavaFX Application Thread] DEBUG GameApplicationServi - Removing overlay from CustomMainMenu and adding to FXGLMainMenuDummyScene
01:53:57.776 [JavaFX Application Thread] DEBUG PrimaryStageWindow   - FXGLMainMenuDummyScene <- CustomMainMenu
01:53:57.776 [JavaFX Application Thread] DEBUG Input                - Clearing active input actions
01:53:57.779 [JavaFX Application Thread] DEBUG GameApplicationServi - Removing overlay from FXGLMainMenuDummyScene and adding to FXGLLoadingScene
01:53:57.780 [JavaFX Application Thread] DEBUG PrimaryStageWindow   - FXGLMainMenuDummyScene -> FXGLLoadingScene
01:53:57.780 [JavaFX Application Thread] DEBUG GameApplicationServi - Clearing previous game
01:53:57.780 [JavaFX Application Thread] DEBUG GameScene            - Clearing game scene
01:53:57.780 [JavaFX Application Thread] DEBUG GameWorld            - Clearing game world
01:53:57.780 [JavaFX Application Thread] DEBUG PhysicsWorld         - Clearing physics world
01:53:57.780 [FXGL Background Thread 4 ] DEBUG FXGLApplication      - Initializing game
01:53:57.783 [FXGL Background Thread 4 ] WARN  TMXLevelLoader       - TiledMap generated from 1.11.2. Supported version: 1.2.3. Some features may not be parsed fully.
01:53:57.786 [FXGL Background Thread 4 ] DEBUG TMXLevelLoader       - Parsed TiledMap: file:/C:/Users/zyla/demoGame4OOP/target/classes/assets/levels/tmx/map3.tmx
01:53:57.786 [FXGL Background Thread 4 ] DEBUG TMXLevelLoader       - Creating tile layer entities
01:53:57.787 [FXGL Background Thread 4 ] DEBUG TilesetLoader        - Loading view for layer Tile Layer 1
01:53:57.795 [FXGL Background Thread 4 ] DEBUG TilesetLoader        - Created buffer with size 1920.0x1088.0
01:53:57.887 [FXGL Background Thread 4 ] DEBUG TMXLevelLoader       - Creating object layer entities
01:53:57.889 [FXGL Background Thread 4 ] DEBUG GameWorld            - Clearing removable entities
01:53:57.889 [FXGL Background Thread 4 ] DEBUG GameWorld            - Setting level: com.almasb.fxgl.entity.level.Level@6869d617
01:53:57.918 [FXGL Background Thread 4 ] INFO  FXGLApplication      - Game initialization took: 0.138 sec
01:53:57.920 [JavaFX Application Thread] DEBUG Input                - Clearing active input actions
01:53:57.924 [JavaFX Application Thread] DEBUG GameApplicationServi - Removing overlay from FXGLLoadingScene and adding to GameScene
01:53:57.939 [JavaFX Application Thread] DEBUG PrimaryStageWindow   - FXGLLoadingScene -> GameScene
01:53:59.458 [JavaFX Application Thread] DEBUG PrimaryStageWindow   - Push state: CustomPauseMenu
01:53:59.458 [JavaFX Application Thread] DEBUG Input                - Clearing active input actions
01:53:59.459 [JavaFX Application Thread] DEBUG GameApplicationServi - Removing overlay from GameScene and adding to CustomPauseMenu
01:53:59.459 [JavaFX Application Thread] DEBUG PrimaryStageWindow   - GameScene -> CustomPauseMenu
01:54:00.963 [JavaFX Application Thread] DEBUG Menu                 - fireExitToMainMenu()
01:54:00.970 [JavaFX Application Thread] DEBUG PrimaryStageWindow   - Push state: DialogSubScene
01:54:00.970 [JavaFX Application Thread] DEBUG Input                - Clearing active input actions
01:54:00.971 [JavaFX Application Thread] DEBUG GameApplicationServi - Removing overlay from CustomPauseMenu and adding to DialogSubScene
01:54:00.971 [JavaFX Application Thread] DEBUG PrimaryStageWindow   - CustomPauseMenu -> DialogSubScene
01:54:01.530 [JavaFX Application Thread] DEBUG PrimaryStageWindow   - Pop state: DialogSubScene
01:54:01.530 [JavaFX Application Thread] DEBUG Input                - Clearing active input actions
01:54:01.531 [JavaFX Application Thread] DEBUG GameApplicationServi - Removing overlay from DialogSubScene and adding to CustomPauseMenu
01:54:01.531 [JavaFX Application Thread] DEBUG PrimaryStageWindow   - CustomPauseMenu <- DialogSubScene
01:54:01.532 [JavaFX Application Thread] DEBUG PrimaryStageWindow   - Pop state: CustomPauseMenu
01:54:01.532 [JavaFX Application Thread] DEBUG Input                - Clearing active input actions
01:54:01.532 [JavaFX Application Thread] DEBUG GameApplicationServi - Removing overlay from CustomPauseMenu and adding to GameScene
01:54:01.532 [JavaFX Application Thread] DEBUG PrimaryStageWindow   - GameScene <- CustomPauseMenu
01:54:01.532 [JavaFX Application Thread] DEBUG Input                - Clearing active input actions
01:54:01.539 [JavaFX Application Thread] DEBUG GameApplicationServi - Removing overlay from GameScene and adding to FXGLMainMenuDummyScene
01:54:01.539 [JavaFX Application Thread] DEBUG PrimaryStageWindow   - GameScene -> FXGLMainMenuDummyScene
01:54:01.539 [JavaFX Application Thread] DEBUG PrimaryStageWindow   - Push state: CustomMainMenu
01:54:01.539 [JavaFX Application Thread] DEBUG Input                - Clearing active input actions
01:54:01.544 [JavaFX Application Thread] DEBUG GameApplicationServi - Removing overlay from FXGLMainMenuDummyScene and adding to CustomMainMenu
01:54:01.545 [JavaFX Application Thread] DEBUG PrimaryStageWindow   - FXGLMainMenuDummyScene -> CustomMainMenu
01:54:01.928 [JavaFX Application Thread] DEBUG Menu                 - fireNewGame()
01:54:01.929 [JavaFX Application Thread] DEBUG GameApplicationServi - Starting new game
01:54:01.929 [JavaFX Application Thread] DEBUG PrimaryStageWindow   - Pop state: CustomMainMenu
01:54:01.929 [JavaFX Application Thread] DEBUG Input                - Clearing active input actions
01:54:01.929 [JavaFX Application Thread] DEBUG GameApplicationServi - Removing overlay from CustomMainMenu and adding to FXGLMainMenuDummyScene
01:54:01.929 [JavaFX Application Thread] DEBUG PrimaryStageWindow   - FXGLMainMenuDummyScene <- CustomMainMenu
01:54:01.929 [JavaFX Application Thread] DEBUG Input                - Clearing active input actions
01:54:01.934 [JavaFX Application Thread] DEBUG GameApplicationServi - Removing overlay from FXGLMainMenuDummyScene and adding to FXGLLoadingScene
01:54:01.934 [JavaFX Application Thread] DEBUG PrimaryStageWindow   - FXGLMainMenuDummyScene -> FXGLLoadingScene
01:54:01.934 [JavaFX Application Thread] DEBUG GameApplicationServi - Clearing previous game
01:54:01.934 [JavaFX Application Thread] DEBUG GameScene            - Clearing game scene
01:54:01.934 [JavaFX Application Thread] DEBUG GameWorld            - Clearing game world
01:54:01.934 [JavaFX Application Thread] DEBUG PhysicsWorld         - Clearing physics world
01:54:01.935 [FXGL Background Thread 4 ] DEBUG FXGLApplication      - Initializing game
01:54:01.939 [FXGL Background Thread 4 ] WARN  TMXLevelLoader       - TiledMap generated from 1.11.2. Supported version: 1.2.3. Some features may not be parsed fully.
01:54:01.944 [FXGL Background Thread 4 ] DEBUG TMXLevelLoader       - Parsed TiledMap: file:/C:/Users/zyla/demoGame4OOP/target/classes/assets/levels/tmx/map6.tmx
01:54:01.944 [FXGL Background Thread 4 ] DEBUG TMXLevelLoader       - Creating tile layer entities
01:54:01.945 [FXGL Background Thread 4 ] DEBUG TilesetLoader        - Loading view for layer Tile Layer 1
01:54:01.957 [FXGL Background Thread 4 ] DEBUG TilesetLoader        - Created buffer with size 1920.0x1088.0
01:54:02.071 [FXGL Background Thread 4 ] DEBUG TMXLevelLoader       - Creating object layer entities
01:54:02.073 [FXGL Background Thread 4 ] DEBUG GameWorld            - Clearing removable entities
01:54:02.073 [FXGL Background Thread 4 ] DEBUG GameWorld            - Setting level: com.almasb.fxgl.entity.level.Level@69d307c0
01:54:02.081 [FXGL Background Thread 4 ] INFO  FXGLApplication      - Game initialization took: 0.145 sec
01:54:02.090 [JavaFX Application Thread] DEBUG Input                - Clearing active input actions
01:54:02.097 [JavaFX Application Thread] DEBUG GameApplicationServi - Removing overlay from FXGLLoadingScene and adding to GameScene
01:54:02.097 [JavaFX Application Thread] DEBUG PrimaryStageWindow   - FXGLLoadingScene -> GameScene
01:54:21.187 [JavaFX Application Thread] DEBUG LoopRunner           - Pausing loop
01:54:21.188 [JavaFX Application Thread] DEBUG LoopRunner           - Pausing loop
01:54:22.155 [JavaFX Application Thread] DEBUG LoopRunner           - Resuming loop
01:54:22.157 [JavaFX Application Thread] DEBUG Input                - Clearing active input actions
01:54:22.163 [JavaFX Application Thread] DEBUG GameApplicationServi - Removing overlay from GameScene and adding to FXGLMainMenuDummyScene
01:54:22.163 [JavaFX Application Thread] DEBUG PrimaryStageWindow   - GameScene -> FXGLMainMenuDummyScene
01:54:22.163 [JavaFX Application Thread] DEBUG PrimaryStageWindow   - Push state: CustomMainMenu
01:54:22.163 [JavaFX Application Thread] DEBUG Input                - Clearing active input actions
01:54:22.165 [JavaFX Application Thread] DEBUG GameApplicationServi - Removing overlay from FXGLMainMenuDummyScene and adding to CustomMainMenu
01:54:22.165 [JavaFX Application Thread] DEBUG PrimaryStageWindow   - FXGLMainMenuDummyScene -> CustomMainMenu
01:54:23.157 [JavaFX Application Thread] DEBUG PrimaryStageWindow   - Push state: DialogSubScene
01:54:23.157 [JavaFX Application Thread] DEBUG Input                - Clearing active input actions
01:54:23.158 [JavaFX Application Thread] DEBUG GameApplicationServi - Removing overlay from CustomMainMenu and adding to DialogSubScene
01:54:23.159 [JavaFX Application Thread] DEBUG PrimaryStageWindow   - CustomMainMenu -> DialogSubScene
01:54:23.800 [JavaFX Application Thread] DEBUG PrimaryStageWindow   - Pop state: DialogSubScene
01:54:23.800 [JavaFX Application Thread] DEBUG Input                - Clearing active input actions
01:54:23.800 [JavaFX Application Thread] DEBUG GameApplicationServi - Removing overlay from DialogSubScene and adding to CustomMainMenu
01:54:23.800 [JavaFX Application Thread] DEBUG PrimaryStageWindow   - CustomMainMenu <- DialogSubScene
01:54:23.800 [JavaFX Application Thread] DEBUG FXGLApplication      - Exiting FXGL
01:54:23.801 [JavaFX Application Thread] DEBUG LoopRunner           - Stopping loop
01:54:23.801 [JavaFX Application Thread] DEBUG SystemBundleService  - Saving FXGL system data
01:54:23.802 [JavaFX Application Thread] DEBUG FileSystemAccess     - Writing to: C:\Users\zyla\demoGame4OOP\system\fxgl.bundle
01:54:23.803 [JavaFX Application Thread] DEBUG Async                - Shutting down background threads
01:54:23.803 [JavaFX Application Thread] DEBUG PrimaryStageWindow   - Closing main window
01:54:23.831 [JavaFX Application Thread] DEBUG Logger               - Closing Logger
