20:05:28.650 [main                     ] DEBUG Logger               - Configured Logger
20:05:28.652 [main                     ] DEBUG GameApplication      - Logging settings
Title: Stictactics
Version: 0.0
Width: 1920
Height: 1080
Fullscreen: false
Intro: false
Profiling: false
Single step:false
App Mode: DEVELOPER
Menu Key: ESCAPE
Stage Style: DECORATED
Scene Factory: class com.example.demo.MySceneFactory

20:05:29.160 [JavaFX Application Thread] DEBUG FXGLApplication      - Initializing FXGL
20:05:29.163 [JavaFX Application Thread] INFO  Engine               - FXGL-11.17 (16.07.2021 15.46) on WINDOWS (J:23.0.2 FX:17.0.6)
20:05:29.163 [JavaFX Application Thread] DEBUG Engine               - JRE Vendor Name: Amazon.com Inc.
20:05:29.163 [JavaFX Application Thread] DEBUG Engine               - Running on OS: Windows 11 version 10.0
20:05:29.163 [JavaFX Application Thread] DEBUG Engine               - Architecture: amd64
20:05:29.163 [JavaFX Application Thread] INFO  Engine               - Source code and latest versions at: https://github.com/AlmasB/FXGL
20:05:29.164 [JavaFX Application Thread] INFO  Engine               -              Join the FXGL chat at: https://gitter.im/AlmasB/FXGL
20:05:29.294 [JavaFX Application Thread] DEBUG PrimaryStageWindow   - Creating a JavaFX scene
20:05:29.294 [JavaFX Application Thread] DEBUG PrimaryStageWindow   - Target size > screen size
20:05:29.372 [JavaFX Application Thread] DEBUG PrimaryStageWindow   - Target settings size: 1920.0 x 1080.0
20:05:29.372 [JavaFX Application Thread] DEBUG PrimaryStageWindow   - Scaled scene size:    1255.0 x 720.0
20:05:29.372 [JavaFX Application Thread] DEBUG PrimaryStageWindow   - Scaled ratio: (0.6536458333333334, 0.6666666666666666)
20:05:29.373 [JavaFX Application Thread] DEBUG PrimaryStageWindow   - Set initial scene to FXGLStartupScene
20:05:29.387 [JavaFX Application Thread] DEBUG PrimaryStageWindow   - Opening main window
20:05:29.563 [JavaFX Application Thread] DEBUG PrimaryStageWindow   - Window border size: (16.0, 39.0)
20:05:29.563 [JavaFX Application Thread] DEBUG PrimaryStageWindow   - Scaled size: 1255.0 x 720.0
20:05:29.563 [JavaFX Application Thread] DEBUG PrimaryStageWindow   - Scaled ratio: (0.6536458333333334, 0.6666666666666666)
20:05:29.563 [JavaFX Application Thread] DEBUG PrimaryStageWindow   - Scene size: 1255.0 x 720.0
20:05:29.563 [JavaFX Application Thread] DEBUG PrimaryStageWindow   - Stage size: 1271.0 x 759.0
20:05:29.596 [FXGL Background Thread 1 ] DEBUG Engine               - Initializing environment variables
20:05:29.741 [FXGL Background Thread 1 ] DEBUG FXGLAssetLoaderServi - User app class for loading assets: class com.example.demo.HelloController
20:05:29.741 [FXGL Background Thread 1 ] DEBUG GameApplicationServi - Applying CSS: fxgl_dark.css
20:05:29.743 [FXGL Background Thread 1 ] DEBUG FXGLAssetLoaderServi - Loading from file system: jar:file:///C:/Users/zyla/.m2/repository/com/github/almasb/fxgl/11.17/fxgl-11.17.jar!/fxglassets/ui/css/fxgl_dark.css
20:05:29.816 [FXGL Background Thread 1 ] DEBUG GameApplicationServi - Initializing application scenes
20:05:29.966 [FXGL Background Thread 1 ] DEBUG GameWorld            - Game world initialized
20:05:30.069 [FXGL Background Thread 1 ] DEBUG PhysicsWorld         - Physics world initialized: appHeight=1080, physics.ppm=50.0
20:05:30.070 [FXGL Background Thread 1 ] DEBUG PhysicsWorld         - Using strategy: BRUTE_FORCE
20:05:30.073 [FXGL Background Thread 1 ] DEBUG GameScene            - Game scene initialized: 1920x1080
20:05:30.272 [FXGL Background Thread 1 ] DEBUG GameApplicationServi - Application scenes initialized
20:05:30.288 [FXGL Background Thread 1 ] DEBUG SystemBundleService  - Loading FXGL system data
20:05:30.298 [FXGL Background Thread 1 ] DEBUG FileSystemAccess     - Reading from: C:\Users\zyla\demoGame4OOP\system\fxgl.bundle
20:05:30.311 [FXGL Background Thread 1 ] DEBUG SystemBundleService  - Bundle FXGL: {}
20:05:30.311 [FXGL Background Thread 1 ] DEBUG UpdaterService       - Checking for updates
20:05:30.319 [FXGL Background Thread 1 ] DEBUG FXGLApplication      - Loading default localization
20:05:30.320 [FXGL Background Thread 1 ] DEBUG FXGLAssetLoaderServi - Loading from file system: jar:file:///C:/Users/zyla/.m2/repository/com/github/almasb/fxgl/11.17/fxgl-11.17.jar!/fxglassets/languages/english.lang
20:05:30.331 [FXGL Background Thread 4 ] DEBUG FXGLApplication      - Loading fonts
20:05:30.331 [FXGL Background Thread 4 ] DEBUG FXGLAssetLoaderServi - Loading from file system: jar:file:///C:/Users/zyla/.m2/repository/com/github/almasb/fxgl/11.17/fxgl-11.17.jar!/fxglassets/ui/fonts/VarelaRound-Regular.ttf
20:05:30.354 [FXGL Background Thread 1 ] INFO  FXGLApplication      - FXGL initialization took: 0.758 sec
20:05:30.378 [JavaFX Application Thread] DEBUG Input                - Registered new binding: Pause Game - Esc
20:05:30.378 [JavaFX Application Thread] DEBUG Input                - Registered new binding: P1Left - A
20:05:30.379 [JavaFX Application Thread] DEBUG Input                - Registered new binding: P1Right - D
20:05:30.379 [JavaFX Application Thread] DEBUG Input                - Registered new binding: P1Jump - W
20:05:30.379 [JavaFX Application Thread] DEBUG Input                - Registered new binding: P1Punch - F
20:05:30.380 [JavaFX Application Thread] DEBUG Input                - Registered new binding: P1EnhancedPunch - E
20:05:30.380 [JavaFX Application Thread] DEBUG Input                - Registered new binding: P1Ult - Q
20:05:30.380 [JavaFX Application Thread] DEBUG Input                - Registered new binding: P2Left - Left
20:05:30.380 [JavaFX Application Thread] DEBUG Input                - Registered new binding: P2Right - Right
20:05:30.380 [JavaFX Application Thread] DEBUG Input                - Registered new binding: P2Jump - Up
20:05:30.381 [JavaFX Application Thread] DEBUG Input                - Registered new binding: P2Punch - H
20:05:30.381 [JavaFX Application Thread] DEBUG Input                - Registered new binding: P2EnhancedPunch - U
20:05:30.382 [JavaFX Application Thread] DEBUG Input                - Registered new binding: P2Ult - O
20:05:30.391 [JavaFX Application Thread] WARN  FXGLAssetLoaderServi - Asset "/assets/textures//assets/textures/background-intro.mp4" was not found!
20:05:30.391 [JavaFX Application Thread] WARN  FXGLAssetLoaderServi - Failed to load IMAGE
20:05:30.424 [JavaFX Application Thread] DEBUG FXGLAssetLoaderServi - Loading from file system: jar:file:///C:/Users/zyla/.m2/repository/com/github/almasb/fxgl/11.17/fxgl-11.17.jar!/fxglassets/textures/fxgl_icon.png
20:05:30.479 [JavaFX Application Thread] DEBUG FXGLAssetLoaderServi - Loading from file system: jar:file:///C:/Users/zyla/.m2/repository/com/github/almasb/fxgl/11.17/fxgl-11.17.jar!/fxglassets/textures/fxgl_default_cursor.png
20:05:30.488 [JavaFX Application Thread] DEBUG Input                - Registered new binding: Screenshot - CTRL+8
20:05:30.489 [JavaFX Application Thread] DEBUG Input                - Registered new binding: System info dump - CTRL+9
20:05:30.489 [JavaFX Application Thread] DEBUG Input                - Registered new binding: Restart - CTRL+R
20:05:30.491 [JavaFX Application Thread] DEBUG Input                - Registered new binding: Toggle Debug Camera - CTRL+C
20:05:30.494 [JavaFX Application Thread] DEBUG LoopRunner           - Starting loop
20:05:30.494 [JavaFX Application Thread] DEBUG LoopRunner           - Initializing JavaFX AnimationTimerLoop
20:05:30.498 [JavaFX Application Thread] DEBUG Input                - Clearing active input actions
20:05:30.538 [JavaFX Application Thread] DEBUG GameApplicationServi - Removing overlay from FXGLStartupScene and adding to FXGLMainMenuDummyScene
20:05:30.539 [JavaFX Application Thread] DEBUG PrimaryStageWindow   - FXGLStartupScene -> FXGLMainMenuDummyScene
20:05:30.539 [JavaFX Application Thread] DEBUG PrimaryStageWindow   - Push state: CustomMainMenu
20:05:30.539 [JavaFX Application Thread] DEBUG Input                - Clearing active input actions
20:05:30.547 [JavaFX Application Thread] DEBUG GameApplicationServi - Removing overlay from FXGLMainMenuDummyScene and adding to CustomMainMenu
20:05:30.548 [JavaFX Application Thread] DEBUG PrimaryStageWindow   - FXGLMainMenuDummyScene -> CustomMainMenu
20:05:31.032 [FXGL Background Thread 4 ] DEBUG FXGLAssetLoaderServi - Loading from file system: jar:file:///C:/Users/zyla/.m2/repository/com/github/almasb/fxgl/11.17/fxgl-11.17.jar!/fxglassets/ui/fonts/Abel-Regular.ttf
20:05:31.094 [FXGL Background Thread 4 ] DEBUG FXGLAssetLoaderServi - Loading from file system: jar:file:///C:/Users/zyla/.m2/repository/com/github/almasb/fxgl/11.17/fxgl-11.17.jar!/fxglassets/ui/fonts/lucida_console.ttf
20:05:31.121 [FXGL Background Thread 4 ] DEBUG FXGLAssetLoaderServi - Loading from file system: jar:file:///C:/Users/zyla/.m2/repository/com/github/almasb/fxgl/11.17/fxgl-11.17.jar!/fxglassets/ui/fonts/Courier-Prime.ttf
20:05:31.152 [JavaFX Application Thread] DEBUG FXGLApplication      - Registering font factories with UI factory
20:05:32.041 [FXGL Background Thread 2 ] INFO  UpdaterService       - Your current version:  11.17
20:05:32.042 [FXGL Background Thread 2 ] INFO  UpdaterService       - Latest stable version: 21.1
20:05:33.317 [FXGL Background Thread 3 ] DEBUG Engine               - Logging environment variables
20:05:33.317 [FXGL Background Thread 3 ] DEBUG Engine               - achievements: []
20:05:33.317 [FXGL Background Thread 3 ] DEBUG Engine               - actualHeight: 720.0
20:05:33.317 [FXGL Background Thread 3 ] DEBUG Engine               - actualHeightProperty: ReadOnlyDoubleProperty [value: 720.0]
20:05:33.317 [FXGL Background Thread 3 ] DEBUG Engine               - actualWidth: 1255.0
20:05:33.317 [FXGL Background Thread 3 ] DEBUG Engine               - actualWidthProperty: ReadOnlyDoubleProperty [value: 1255.0]
20:05:33.318 [FXGL Background Thread 3 ] DEBUG Engine               - appIcon: fxgl_icon.png
20:05:33.318 [FXGL Background Thread 3 ] DEBUG Engine               - applicationMode: DEVELOPER
20:05:33.318 [FXGL Background Thread 3 ] DEBUG Engine               - cSSList: [fxgl_dark.css]
20:05:33.318 [FXGL Background Thread 3 ] DEBUG Engine               - collisionDetectionStrategy: BRUTE_FORCE
20:05:33.318 [FXGL Background Thread 3 ] DEBUG Engine               - configClass: Optional.empty
20:05:33.318 [FXGL Background Thread 3 ] DEBUG Engine               - credits: []
20:05:33.318 [FXGL Background Thread 3 ] DEBUG Engine               - defaultCursor: CursorInfo(imageName=fxgl_default_cursor.png, hotspotX=7.0, hotspotY=6.0)
20:05:33.318 [FXGL Background Thread 3 ] DEBUG Engine               - devBBoxColorProperty: ObjectProperty [value: 0xff0000ff]
20:05:33.318 [FXGL Background Thread 3 ] DEBUG Engine               - devEnableDebugCameraProperty: BooleanProperty [value: false]
20:05:33.319 [FXGL Background Thread 3 ] DEBUG Engine               - devSensorColorProperty: ObjectProperty [value: 0xffff00ff]
20:05:33.319 [FXGL Background Thread 3 ] DEBUG Engine               - devShowBBoxProperty: BooleanProperty [value: false]
20:05:33.319 [FXGL Background Thread 3 ] DEBUG Engine               - devShowPositionProperty: BooleanProperty [value: false]
20:05:33.319 [FXGL Background Thread 3 ] DEBUG Engine               - enabledMenuItems: []
20:05:33.319 [FXGL Background Thread 3 ] DEBUG Engine               - engineServices: [class com.almasb.fxgl.app.services.FXGLAssetLoaderService, class com.almasb.fxgl.app.FXGLApplication$GameApplicationService, class com.almasb.fxgl.app.services.FXGLDialogService, class com.almasb.fxgl.app.services.IOTaskExecutorService, class com.almasb.fxgl.io.FileSystemService, class com.almasb.fxgl.localization.LocalizationService, class com.almasb.fxgl.app.services.SystemBundleService, class com.almasb.fxgl.profile.SaveLoadService, class com.almasb.fxgl.ui.FXGLUIFactoryServiceProvider, class com.almasb.fxgl.ui.FXGLDialogFactoryServiceProvider, class com.almasb.fxgl.audio.AudioPlayer, class com.almasb.fxgl.notification.impl.NotificationServiceProvider, class com.almasb.fxgl.achievement.AchievementService, class com.almasb.fxgl.cutscene.CutsceneService, class com.almasb.fxgl.minigames.MiniGameService, class com.almasb.fxgl.net.NetService, class com.almasb.fxgl.app.services.UpdaterService, class com.almasb.fxgl.dev.DevService]
20:05:33.319 [FXGL Background Thread 3 ] DEBUG Engine               - fontGame: Abel-Regular.ttf
20:05:33.319 [FXGL Background Thread 3 ] DEBUG Engine               - fontMono: lucida_console.ttf
20:05:33.319 [FXGL Background Thread 3 ] DEBUG Engine               - fontText: Courier-Prime.ttf
20:05:33.319 [FXGL Background Thread 3 ] DEBUG Engine               - fontUI: VarelaRound-Regular.ttf
20:05:33.319 [FXGL Background Thread 3 ] DEBUG Engine               - fullScreen: BooleanProperty [value: false]
20:05:33.319 [FXGL Background Thread 3 ] DEBUG Engine               - gameDifficulty: MEDIUM
20:05:33.319 [FXGL Background Thread 3 ] DEBUG Engine               - gameDifficultyProperty: ObjectProperty [value: MEDIUM]
20:05:33.319 [FXGL Background Thread 3 ] DEBUG Engine               - globalMusicVolume: 0.5
20:05:33.320 [FXGL Background Thread 3 ] DEBUG Engine               - globalMusicVolumeProperty: DoubleProperty [value: 0.5]
20:05:33.320 [FXGL Background Thread 3 ] DEBUG Engine               - globalSoundVolume: 0.5
20:05:33.320 [FXGL Background Thread 3 ] DEBUG Engine               - globalSoundVolumeProperty: DoubleProperty [value: 0.5]
20:05:33.320 [FXGL Background Thread 3 ] DEBUG Engine               - height: 1080
20:05:33.320 [FXGL Background Thread 3 ] DEBUG Engine               - is3D: false
20:05:33.320 [FXGL Background Thread 3 ] DEBUG Engine               - isAndroid: false
20:05:33.320 [FXGL Background Thread 3 ] DEBUG Engine               - isBrowser: false
20:05:33.320 [FXGL Background Thread 3 ] DEBUG Engine               - isClickFeedbackEnabled: false
20:05:33.320 [FXGL Background Thread 3 ] DEBUG Engine               - isCloseConfirmation: true
20:05:33.320 [FXGL Background Thread 3 ] DEBUG Engine               - isDesktop: true
20:05:33.320 [FXGL Background Thread 3 ] DEBUG Engine               - isDeveloperMenuEnabled: false
20:05:33.320 [FXGL Background Thread 3 ] DEBUG Engine               - isEntityPreloadEnabled: true
20:05:33.320 [FXGL Background Thread 3 ] DEBUG Engine               - isExperimentalTiledLargeMap: false
20:05:33.321 [FXGL Background Thread 3 ] DEBUG Engine               - isFileSystemWriteAllowed: true
20:05:33.321 [FXGL Background Thread 3 ] DEBUG Engine               - isFullScreenAllowed: false
20:05:33.321 [FXGL Background Thread 3 ] DEBUG Engine               - isFullScreenFromStart: false
20:05:33.321 [FXGL Background Thread 3 ] DEBUG Engine               - isGameMenuEnabled: false
20:05:33.321 [FXGL Background Thread 3 ] DEBUG Engine               - isIOS: false
20:05:33.321 [FXGL Background Thread 3 ] DEBUG Engine               - isIntroEnabled: false
20:05:33.321 [FXGL Background Thread 3 ] DEBUG Engine               - isLinux: false
20:05:33.321 [FXGL Background Thread 3 ] DEBUG Engine               - isMac: false
20:05:33.322 [FXGL Background Thread 3 ] DEBUG Engine               - isMainMenuEnabled: true
20:05:33.322 [FXGL Background Thread 3 ] DEBUG Engine               - isManualResizeEnabled: false
20:05:33.322 [FXGL Background Thread 3 ] DEBUG Engine               - isMobile: false
20:05:33.322 [FXGL Background Thread 3 ] DEBUG Engine               - isNative: false
20:05:33.322 [FXGL Background Thread 3 ] DEBUG Engine               - isPauseMusicWhenMinimized: true
20:05:33.322 [FXGL Background Thread 3 ] DEBUG Engine               - isPreserveResizeRatio: false
20:05:33.322 [FXGL Background Thread 3 ] DEBUG Engine               - isProfilingEnabled: false
20:05:33.322 [FXGL Background Thread 3 ] DEBUG Engine               - isScaleAffectedOnResize: true
20:05:33.322 [FXGL Background Thread 3 ] DEBUG Engine               - isSingleStep: false
20:05:33.322 [FXGL Background Thread 3 ] DEBUG Engine               - isUserProfileEnabled: false
20:05:33.322 [FXGL Background Thread 3 ] DEBUG Engine               - isWindows: true
20:05:33.322 [FXGL Background Thread 3 ] DEBUG Engine               - language: ObjectProperty [value: ENGLISH]
20:05:33.322 [FXGL Background Thread 3 ] DEBUG Engine               - menuKey: ESCAPE
20:05:33.322 [FXGL Background Thread 3 ] DEBUG Engine               - mouseSensitivity: 0.2
20:05:33.322 [FXGL Background Thread 3 ] DEBUG Engine               - notificationViewClass: class com.almasb.fxgl.notification.view.XboxNotificationView
20:05:33.323 [FXGL Background Thread 3 ] DEBUG Engine               - pixelsPerMeter: 50.0
20:05:33.323 [FXGL Background Thread 3 ] DEBUG Engine               - platform: WINDOWS
20:05:33.323 [FXGL Background Thread 3 ] DEBUG Engine               - prefHeightProperty: ReadOnlyDoubleProperty [value: 1080.0]
20:05:33.323 [FXGL Background Thread 3 ] DEBUG Engine               - prefWidthProperty: ReadOnlyDoubleProperty [value: 1920.0]
20:05:33.323 [FXGL Background Thread 3 ] DEBUG Engine               - profileDir: profiles/
20:05:33.323 [FXGL Background Thread 3 ] DEBUG Engine               - profileName: StringProperty [value: DEFAULT]
20:05:33.323 [FXGL Background Thread 3 ] DEBUG Engine               - randomSeed: -1
20:05:33.323 [FXGL Background Thread 3 ] DEBUG Engine               - runtimeInfo: RuntimeInfo(platform=WINDOWS, version=11.17, build=16.07.2021 15.46)
20:05:33.323 [FXGL Background Thread 3 ] DEBUG Engine               - saveFileExt: sav
20:05:33.323 [FXGL Background Thread 3 ] DEBUG Engine               - scaledHeightProp$fxgl: DoubleProperty [bound, value: 720.0]
20:05:33.323 [FXGL Background Thread 3 ] DEBUG Engine               - scaledWidthProp$fxgl: DoubleProperty [bound, value: 1255.0]
20:05:33.323 [FXGL Background Thread 3 ] DEBUG Engine               - sceneFactory: com.example.demo.MySceneFactory@1c14e128
20:05:33.323 [FXGL Background Thread 3 ] DEBUG Engine               - secondsIn24h: 60
20:05:33.323 [FXGL Background Thread 3 ] DEBUG Engine               - soundMenuBack: menu/back.wav
20:05:33.323 [FXGL Background Thread 3 ] DEBUG Engine               - soundMenuPress: menu/press.wav
20:05:33.323 [FXGL Background Thread 3 ] DEBUG Engine               - soundMenuSelect: menu/select.wav
20:05:33.323 [FXGL Background Thread 3 ] DEBUG Engine               - soundNotification: core/notification.wav
20:05:33.324 [FXGL Background Thread 3 ] DEBUG Engine               - stageStyle: DECORATED
20:05:33.324 [FXGL Background Thread 3 ] DEBUG Engine               - supportedLanguages: [ENGLISH, FRENCH, GERMAN, HUNGARIAN, RUSSIAN]
20:05:33.324 [FXGL Background Thread 3 ] DEBUG Engine               - ticksPerSecond: -1
20:05:33.324 [FXGL Background Thread 3 ] DEBUG Engine               - title: Stictactics
20:05:33.324 [FXGL Background Thread 3 ] DEBUG Engine               - urlGithub: https://github.com/AlmasB/FXGL
20:05:33.324 [FXGL Background Thread 3 ] DEBUG Engine               - urlLeaderboard: http://fxgl-top.herokuapp.com/
20:05:33.324 [FXGL Background Thread 3 ] DEBUG Engine               - urlPOM: https://raw.githubusercontent.com/AlmasB/FXGL/release/README.md
20:05:33.324 [FXGL Background Thread 3 ] DEBUG Engine               - userAppClass: class com.example.demo.HelloController
20:05:33.324 [FXGL Background Thread 3 ] DEBUG Engine               - version: 0.0
20:05:33.324 [FXGL Background Thread 3 ] DEBUG Engine               - versionCheckDays: 7
20:05:33.324 [FXGL Background Thread 3 ] DEBUG Engine               - width: 1920
20:05:33.324 [FXGL Background Thread 3 ] DEBUG Engine               - Logging services
20:05:33.324 [FXGL Background Thread 3 ] DEBUG Engine               - class com.almasb.fxgl.app.services.FXGLAssetLoaderService
20:05:33.324 [FXGL Background Thread 3 ] DEBUG Engine               - class com.almasb.fxgl.app.FXGLApplication$GameApplicationService
20:05:33.324 [FXGL Background Thread 3 ] DEBUG Engine               - class com.almasb.fxgl.app.services.FXGLDialogService
20:05:33.324 [FXGL Background Thread 3 ] DEBUG Engine               - class com.almasb.fxgl.app.services.IOTaskExecutorService
20:05:33.324 [FXGL Background Thread 3 ] DEBUG Engine               - class com.almasb.fxgl.io.FileSystemService
20:05:33.324 [FXGL Background Thread 3 ] DEBUG Engine               - class com.almasb.fxgl.localization.LocalizationService
20:05:33.324 [FXGL Background Thread 3 ] DEBUG Engine               - class com.almasb.fxgl.app.services.SystemBundleService
20:05:33.324 [FXGL Background Thread 3 ] DEBUG Engine               - class com.almasb.fxgl.profile.SaveLoadService
20:05:33.324 [FXGL Background Thread 3 ] DEBUG Engine               - class com.almasb.fxgl.ui.FXGLUIFactoryServiceProvider
20:05:33.324 [FXGL Background Thread 3 ] DEBUG Engine               - class com.almasb.fxgl.ui.FXGLDialogFactoryServiceProvider
20:05:33.324 [FXGL Background Thread 3 ] DEBUG Engine               - class com.almasb.fxgl.audio.AudioPlayer
20:05:33.324 [FXGL Background Thread 3 ] DEBUG Engine               - class com.almasb.fxgl.notification.impl.NotificationServiceProvider
20:05:33.324 [FXGL Background Thread 3 ] DEBUG Engine               - class com.almasb.fxgl.achievement.AchievementService
20:05:33.324 [FXGL Background Thread 3 ] DEBUG Engine               - class com.almasb.fxgl.cutscene.CutsceneService
20:05:33.324 [FXGL Background Thread 3 ] DEBUG Engine               - class com.almasb.fxgl.minigames.MiniGameService
20:05:33.324 [FXGL Background Thread 3 ] DEBUG Engine               - class com.almasb.fxgl.net.NetService
20:05:33.324 [FXGL Background Thread 3 ] DEBUG Engine               - class com.almasb.fxgl.app.services.UpdaterService
20:05:33.326 [FXGL Background Thread 3 ] DEBUG Engine               - class com.almasb.fxgl.dev.DevService
20:05:33.404 [JavaFX Application Thread] DEBUG Menu                 - fireNewGame()
20:05:33.404 [JavaFX Application Thread] DEBUG GameApplicationServi - Starting new game
20:05:33.404 [JavaFX Application Thread] DEBUG PrimaryStageWindow   - Pop state: CustomMainMenu
20:05:33.404 [JavaFX Application Thread] DEBUG Input                - Clearing active input actions
20:05:33.405 [JavaFX Application Thread] DEBUG GameApplicationServi - Removing overlay from CustomMainMenu and adding to FXGLMainMenuDummyScene
20:05:33.405 [JavaFX Application Thread] DEBUG PrimaryStageWindow   - FXGLMainMenuDummyScene <- CustomMainMenu
20:05:33.405 [JavaFX Application Thread] DEBUG Input                - Clearing active input actions
20:05:33.414 [JavaFX Application Thread] DEBUG GameApplicationServi - Removing overlay from FXGLMainMenuDummyScene and adding to FXGLLoadingScene
20:05:33.414 [JavaFX Application Thread] DEBUG PrimaryStageWindow   - FXGLMainMenuDummyScene -> FXGLLoadingScene
20:05:33.414 [JavaFX Application Thread] DEBUG GameApplicationServi - Clearing previous game
20:05:33.414 [JavaFX Application Thread] DEBUG GameScene            - Clearing game scene
20:05:33.414 [JavaFX Application Thread] DEBUG GameWorld            - Clearing game world
20:05:33.414 [JavaFX Application Thread] DEBUG PhysicsWorld         - Clearing physics world
20:05:33.421 [FXGL Background Thread 2 ] DEBUG FXGLApplication      - Initializing game
20:05:33.601 [FXGL Background Thread 2 ] WARN  TMXLevelLoader       - TiledMap generated from 1.11.2. Supported version: 1.2.3. Some features may not be parsed fully.
20:05:33.650 [FXGL Background Thread 2 ] DEBUG TMXLevelLoader       - Parsed TiledMap: file:/C:/Users/zyla/demoGame4OOP/target/classes/assets/levels/tmx/map.tmx
20:05:33.651 [FXGL Background Thread 2 ] DEBUG TMXLevelLoader       - Creating tile layer entities
20:05:33.654 [FXGL Background Thread 2 ] DEBUG TilesetLoader        - Loading view for layer Tile Layer 1
20:05:33.660 [FXGL Background Thread 2 ] DEBUG TilesetLoader        - Created buffer with size 1920.0x1088.0
20:05:33.771 [FXGL Background Thread 2 ] DEBUG TMXLevelLoader       - Creating object layer entities
20:05:33.830 [FXGL Background Thread 2 ] DEBUG GameWorld            - Clearing removable entities
20:05:33.830 [FXGL Background Thread 2 ] DEBUG GameWorld            - Setting level: com.almasb.fxgl.entity.level.Level@c7bc1b0
20:05:33.866 [FXGL Background Thread 2 ] DEBUG FXGLAssetLoaderServi - Loading from file system: file:/C:/Users/zyla/demoGame4OOP/target/classes/assets/textures/character_2/knight_idle.png
20:05:33.916 [FXGL Background Thread 2 ] DEBUG FXGLAssetLoaderServi - Loading from file system: file:/C:/Users/zyla/demoGame4OOP/target/classes/assets/textures/character_2/knight_walk.png
20:05:33.937 [FXGL Background Thread 2 ] DEBUG FXGLAssetLoaderServi - Loading from file system: file:/C:/Users/zyla/demoGame4OOP/target/classes/assets/textures/fighter_attack_enhanced_p2.png
20:05:33.956 [FXGL Background Thread 2 ] DEBUG FXGLAssetLoaderServi - Loading from file system: file:/C:/Users/zyla/demoGame4OOP/target/classes/assets/textures/character_2/knight_jump.png
20:05:33.968 [FXGL Background Thread 2 ] DEBUG FXGLAssetLoaderServi - Loading from file system: file:/C:/Users/zyla/demoGame4OOP/target/classes/assets/textures/character_2/knight_combo.png
20:05:34.012 [FXGL Background Thread 2 ] DEBUG FXGLAssetLoaderServi - Loading from file system: file:/C:/Users/zyla/demoGame4OOP/target/classes/assets/textures/fighter_ult_P2.png
20:05:34.038 [FXGL Background Thread 2 ] DEBUG FXGLAssetLoaderServi - Loading from file system: file:/C:/Users/zyla/demoGame4OOP/target/classes/assets/textures/fighter_hit.png
20:05:34.061 [FXGL Background Thread 2 ] DEBUG FXGLAssetLoaderServi - Loading from file system: file:/C:/Users/zyla/demoGame4OOP/target/classes/assets/textures/fighter_idle_P2.png
20:05:34.084 [FXGL Background Thread 2 ] DEBUG FXGLAssetLoaderServi - Loading from file system: file:/C:/Users/zyla/demoGame4OOP/target/classes/assets/textures/fighter_walk_P2.png
20:05:34.101 [FXGL Background Thread 2 ] DEBUG FXGLAssetLoaderServi - Loading from file system: file:/C:/Users/zyla/demoGame4OOP/target/classes/assets/textures/fighter_jump_P2.png
20:05:34.110 [FXGL Background Thread 2 ] DEBUG FXGLAssetLoaderServi - Loading from file system: file:/C:/Users/zyla/demoGame4OOP/target/classes/assets/textures/fighter_attack_P2.png
20:05:34.136 [FXGL Background Thread 2 ] INFO  FXGLApplication      - Game initialization took: 0.715 sec
20:05:34.136 [JavaFX Application Thread] DEBUG Input                - Clearing active input actions
20:05:34.158 [JavaFX Application Thread] DEBUG GameApplicationServi - Removing overlay from FXGLLoadingScene and adding to GameScene
20:05:34.158 [JavaFX Application Thread] DEBUG PrimaryStageWindow   - FXGLLoadingScene -> GameScene
20:05:53.081 [JavaFX Application Thread] DEBUG PrimaryStageWindow   - Push state: CustomPauseMenu
20:05:53.081 [JavaFX Application Thread] DEBUG Input                - Clearing active input actions
20:05:53.083 [JavaFX Application Thread] DEBUG GameApplicationServi - Removing overlay from GameScene and adding to CustomPauseMenu
20:05:53.084 [JavaFX Application Thread] DEBUG PrimaryStageWindow   - GameScene -> CustomPauseMenu
20:05:56.593 [JavaFX Application Thread] DEBUG Menu                 - fireExitToMainMenu()
20:05:56.622 [JavaFX Application Thread] DEBUG PrimaryStageWindow   - Push state: DialogSubScene
20:05:56.622 [JavaFX Application Thread] DEBUG Input                - Clearing active input actions
20:05:56.623 [JavaFX Application Thread] DEBUG GameApplicationServi - Removing overlay from CustomPauseMenu and adding to DialogSubScene
20:05:56.623 [JavaFX Application Thread] DEBUG PrimaryStageWindow   - CustomPauseMenu -> DialogSubScene
20:05:57.277 [JavaFX Application Thread] DEBUG PrimaryStageWindow   - Pop state: DialogSubScene
20:05:57.278 [JavaFX Application Thread] DEBUG Input                - Clearing active input actions
20:05:57.278 [JavaFX Application Thread] DEBUG GameApplicationServi - Removing overlay from DialogSubScene and adding to CustomPauseMenu
20:05:57.278 [JavaFX Application Thread] DEBUG PrimaryStageWindow   - CustomPauseMenu <- DialogSubScene
20:05:57.278 [JavaFX Application Thread] DEBUG PrimaryStageWindow   - Pop state: CustomPauseMenu
20:05:57.279 [JavaFX Application Thread] DEBUG Input                - Clearing active input actions
20:05:57.279 [JavaFX Application Thread] DEBUG GameApplicationServi - Removing overlay from CustomPauseMenu and adding to GameScene
20:05:57.279 [JavaFX Application Thread] DEBUG PrimaryStageWindow   - GameScene <- CustomPauseMenu
20:05:57.279 [JavaFX Application Thread] DEBUG Input                - Clearing active input actions
20:05:57.286 [JavaFX Application Thread] DEBUG GameApplicationServi - Removing overlay from GameScene and adding to FXGLMainMenuDummyScene
20:05:57.286 [JavaFX Application Thread] DEBUG PrimaryStageWindow   - GameScene -> FXGLMainMenuDummyScene
20:05:57.287 [JavaFX Application Thread] DEBUG PrimaryStageWindow   - Push state: CustomMainMenu
20:05:57.287 [JavaFX Application Thread] DEBUG Input                - Clearing active input actions
20:05:57.292 [JavaFX Application Thread] DEBUG GameApplicationServi - Removing overlay from FXGLMainMenuDummyScene and adding to CustomMainMenu
20:05:57.293 [JavaFX Application Thread] DEBUG PrimaryStageWindow   - FXGLMainMenuDummyScene -> CustomMainMenu
20:05:58.951 [JavaFX Application Thread] DEBUG Menu                 - fireNewGame()
20:05:58.951 [JavaFX Application Thread] DEBUG GameApplicationServi - Starting new game
20:05:58.957 [JavaFX Application Thread] DEBUG PrimaryStageWindow   - Pop state: CustomMainMenu
20:05:58.957 [JavaFX Application Thread] DEBUG Input                - Clearing active input actions
20:05:58.958 [JavaFX Application Thread] DEBUG GameApplicationServi - Removing overlay from CustomMainMenu and adding to FXGLMainMenuDummyScene
20:05:58.963 [JavaFX Application Thread] DEBUG PrimaryStageWindow   - FXGLMainMenuDummyScene <- CustomMainMenu
20:05:58.964 [JavaFX Application Thread] DEBUG Input                - Clearing active input actions
20:05:58.971 [JavaFX Application Thread] DEBUG GameApplicationServi - Removing overlay from FXGLMainMenuDummyScene and adding to FXGLLoadingScene
20:05:58.972 [JavaFX Application Thread] DEBUG PrimaryStageWindow   - FXGLMainMenuDummyScene -> FXGLLoadingScene
20:05:58.972 [JavaFX Application Thread] DEBUG GameApplicationServi - Clearing previous game
20:05:58.972 [JavaFX Application Thread] DEBUG GameScene            - Clearing game scene
20:05:58.972 [JavaFX Application Thread] DEBUG GameWorld            - Clearing game world
20:05:58.973 [JavaFX Application Thread] DEBUG PhysicsWorld         - Clearing physics world
20:05:58.973 [FXGL Background Thread 2 ] DEBUG FXGLApplication      - Initializing game
20:05:58.978 [FXGL Background Thread 2 ] WARN  TMXLevelLoader       - TiledMap generated from 1.11.2. Supported version: 1.2.3. Some features may not be parsed fully.
20:05:58.984 [FXGL Background Thread 2 ] DEBUG TMXLevelLoader       - Parsed TiledMap: file:/C:/Users/zyla/demoGame4OOP/target/classes/assets/levels/tmx/map2.tmx
20:05:58.984 [FXGL Background Thread 2 ] DEBUG TMXLevelLoader       - Creating tile layer entities
20:05:58.986 [FXGL Background Thread 2 ] DEBUG TilesetLoader        - Loading view for layer Tile Layer 1
20:05:59.009 [FXGL Background Thread 2 ] DEBUG TilesetLoader        - Created buffer with size 1984.0x1088.0
20:05:59.194 [FXGL Background Thread 2 ] DEBUG TMXLevelLoader       - Creating object layer entities
20:05:59.198 [FXGL Background Thread 2 ] DEBUG GameWorld            - Clearing removable entities
20:05:59.198 [FXGL Background Thread 2 ] DEBUG GameWorld            - Setting level: com.almasb.fxgl.entity.level.Level@4d8183a8
20:05:59.232 [FXGL Background Thread 2 ] INFO  FXGLApplication      - Game initialization took: 0.259 sec
20:05:59.235 [JavaFX Application Thread] DEBUG Input                - Clearing active input actions
20:05:59.243 [JavaFX Application Thread] DEBUG GameApplicationServi - Removing overlay from FXGLLoadingScene and adding to GameScene
20:05:59.244 [JavaFX Application Thread] DEBUG PrimaryStageWindow   - FXGLLoadingScene -> GameScene
20:06:08.347 [JavaFX Application Thread] DEBUG PrimaryStageWindow   - Push state: DialogSubScene
20:06:08.348 [JavaFX Application Thread] DEBUG Input                - Clearing active input actions
20:06:08.354 [JavaFX Application Thread] DEBUG GameApplicationServi - Removing overlay from GameScene and adding to DialogSubScene
20:06:08.354 [JavaFX Application Thread] DEBUG PrimaryStageWindow   - GameScene -> DialogSubScene
20:06:08.919 [JavaFX Application Thread] DEBUG PrimaryStageWindow   - Pop state: DialogSubScene
20:06:08.919 [JavaFX Application Thread] DEBUG Input                - Clearing active input actions
20:06:08.920 [JavaFX Application Thread] DEBUG GameApplicationServi - Removing overlay from DialogSubScene and adding to GameScene
20:06:08.921 [JavaFX Application Thread] DEBUG PrimaryStageWindow   - GameScene <- DialogSubScene
20:06:08.922 [JavaFX Application Thread] DEBUG FXGLApplication      - Exiting FXGL
20:06:08.922 [JavaFX Application Thread] DEBUG LoopRunner           - Stopping loop
20:06:08.922 [JavaFX Application Thread] DEBUG SystemBundleService  - Saving FXGL system data
20:06:08.963 [JavaFX Application Thread] DEBUG FileSystemAccess     - Writing to: C:\Users\zyla\demoGame4OOP\system\fxgl.bundle
20:06:08.963 [JavaFX Application Thread] DEBUG Async                - Shutting down background threads
20:06:08.963 [JavaFX Application Thread] DEBUG PrimaryStageWindow   - Closing main window
20:06:09.044 [JavaFX Application Thread] DEBUG Logger               - Closing Logger
