19:45:14.220 [main                     ] DEBUG Logger               - Configured Logger
19:45:14.222 [main                     ] DEBUG GameApplication      - Logging settings
Title: OOP GAME
Version: 0.1
Width: 1200
Height: 240
Fullscreen: false
Intro: false
Profiling: false
Single step:false
App Mode: DEVELOPER
Menu Key: ESCAPE
Stage Style: DECORATED
Scene Factory: class com.almasb.fxgl.app.scene.SceneFactory

19:45:14.643 [JavaFX Application Thread] DEBUG FXGLApplication      - Initializing FXGL
19:45:14.645 [JavaFX Application Thread] INFO  Engine               - FXGL-11.17 (16.07.2021 15.46) on WINDOWS (J:23.0.2 FX:17.0.6)
19:45:14.646 [JavaFX Application Thread] DEBUG Engine               - JRE Vendor Name: Oracle Corporation
19:45:14.646 [JavaFX Application Thread] DEBUG Engine               - Running on OS: Windows 11 version 10.0
19:45:14.646 [JavaFX Application Thread] DEBUG Engine               - Architecture: amd64
19:45:14.646 [JavaFX Application Thread] INFO  Engine               - Source code and latest versions at: https://github.com/AlmasB/FXGL
19:45:14.646 [JavaFX Application Thread] INFO  Engine               -              Join the FXGL chat at: https://gitter.im/AlmasB/FXGL
19:45:14.762 [JavaFX Application Thread] DEBUG PrimaryStageWindow   - Creating a JavaFX scene
19:45:14.819 [JavaFX Application Thread] DEBUG PrimaryStageWindow   - Target settings size: 1200.0 x 240.0
19:45:14.819 [JavaFX Application Thread] DEBUG PrimaryStageWindow   - Scaled scene size:    1200.0 x 240.0
19:45:14.820 [JavaFX Application Thread] DEBUG PrimaryStageWindow   - Scaled ratio: (1.0, 1.0)
19:45:14.821 [JavaFX Application Thread] DEBUG PrimaryStageWindow   - Set initial scene to FXGLStartupScene
19:45:14.832 [JavaFX Application Thread] DEBUG PrimaryStageWindow   - Opening main window
19:45:14.942 [JavaFX Application Thread] DEBUG PrimaryStageWindow   - Window border size: (16.0, 39.0)
19:45:14.942 [JavaFX Application Thread] DEBUG PrimaryStageWindow   - Scaled size: 1200.0 x 240.0
19:45:14.942 [JavaFX Application Thread] DEBUG PrimaryStageWindow   - Scaled ratio: (1.0, 1.0)
19:45:14.942 [JavaFX Application Thread] DEBUG PrimaryStageWindow   - Scene size: 1200.0 x 240.0
19:45:14.942 [JavaFX Application Thread] DEBUG PrimaryStageWindow   - Stage size: 1216.0 x 279.0
19:45:14.953 [FXGL Background Thread 1 ] DEBUG Engine               - Initializing environment variables
19:45:15.102 [FXGL Background Thread 1 ] DEBUG FXGLAssetLoaderServi - User app class for loading assets: class com.example.demo.HelloApplication
19:45:15.102 [FXGL Background Thread 1 ] DEBUG GameApplicationServi - Applying CSS: fxgl_dark.css
19:45:15.103 [FXGL Background Thread 1 ] DEBUG FXGLAssetLoaderServi - Loading from file system: jar:file:///C:/Users/zyla/.m2/repository/com/github/almasb/fxgl/11.17/fxgl-11.17.jar!/fxglassets/ui/css/fxgl_dark.css
19:45:15.168 [FXGL Background Thread 1 ] DEBUG GameApplicationServi - Initializing application scenes
19:45:15.279 [FXGL Background Thread 1 ] DEBUG GameWorld            - Game world initialized
19:45:15.359 [FXGL Background Thread 1 ] DEBUG PhysicsWorld         - Physics world initialized: appHeight=240, physics.ppm=50.0
19:45:15.360 [FXGL Background Thread 1 ] DEBUG PhysicsWorld         - Using strategy: BRUTE_FORCE
19:45:15.363 [FXGL Background Thread 1 ] DEBUG GameScene            - Game scene initialized: 1200x240
19:45:15.364 [FXGL Background Thread 1 ] DEBUG GameApplicationServi - Application scenes initialized
19:45:15.383 [FXGL Background Thread 1 ] DEBUG SystemBundleService  - Loading FXGL system data
19:45:15.388 [FXGL Background Thread 1 ] DEBUG FileSystemAccess     - Reading from: C:\Users\zyla\demo\system\fxgl.bundle
19:45:15.399 [FXGL Background Thread 1 ] DEBUG SystemBundleService  - Bundle FXGL: {}
19:45:15.399 [FXGL Background Thread 1 ] DEBUG UpdaterService       - Checking for updates
19:45:15.406 [FXGL Background Thread 1 ] DEBUG FXGLApplication      - Loading default localization
19:45:15.407 [FXGL Background Thread 1 ] DEBUG FXGLAssetLoaderServi - Loading from file system: jar:file:///C:/Users/zyla/.m2/repository/com/github/almasb/fxgl/11.17/fxgl-11.17.jar!/fxglassets/languages/english.lang
19:45:15.408 [FXGL Background Thread 4 ] DEBUG FXGLApplication      - Loading fonts
19:45:15.408 [FXGL Background Thread 4 ] DEBUG FXGLAssetLoaderServi - Loading from file system: jar:file:///C:/Users/zyla/.m2/repository/com/github/almasb/fxgl/11.17/fxgl-11.17.jar!/fxglassets/ui/fonts/VarelaRound-Regular.ttf
19:45:15.435 [FXGL Background Thread 1 ] INFO  FXGLApplication      - FXGL initialization took: 0.482 sec
19:45:15.448 [JavaFX Application Thread] DEBUG Input                - Registered new binding: P1Left - A
19:45:15.448 [JavaFX Application Thread] DEBUG Input                - Registered new binding: P1Right - D
19:45:15.448 [JavaFX Application Thread] DEBUG Input                - Registered new binding: P1Jump - W
19:45:15.448 [JavaFX Application Thread] DEBUG Input                - Registered new binding: P1Punch - F
19:45:15.448 [JavaFX Application Thread] DEBUG Input                - Registered new binding: P2Left - J
19:45:15.449 [JavaFX Application Thread] DEBUG Input                - Registered new binding: P2Right - L
19:45:15.449 [JavaFX Application Thread] DEBUG Input                - Registered new binding: P2Jump - I
19:45:15.449 [JavaFX Application Thread] DEBUG Input                - Registered new binding: P2Punch - H
19:45:15.450 [JavaFX Application Thread] DEBUG FXGLAssetLoaderServi - Loading from file system: jar:file:///C:/Users/zyla/.m2/repository/com/github/almasb/fxgl/11.17/fxgl-11.17.jar!/fxglassets/textures/fxgl_icon.png
19:45:15.539 [FXGL Background Thread 4 ] DEBUG FXGLAssetLoaderServi - Loading from file system: jar:file:///C:/Users/zyla/.m2/repository/com/github/almasb/fxgl/11.17/fxgl-11.17.jar!/fxglassets/ui/fonts/Abel-Regular.ttf
19:45:15.551 [JavaFX Application Thread] DEBUG FXGLAssetLoaderServi - Loading from file system: jar:file:///C:/Users/zyla/.m2/repository/com/github/almasb/fxgl/11.17/fxgl-11.17.jar!/fxglassets/textures/fxgl_default_cursor.png
19:45:15.554 [JavaFX Application Thread] DEBUG Input                - Registered new binding: Screenshot - CTRL+8
19:45:15.555 [JavaFX Application Thread] DEBUG Input                - Registered new binding: System info dump - CTRL+9
19:45:15.555 [JavaFX Application Thread] DEBUG Input                - Registered new binding: Restart - CTRL+R
19:45:15.556 [JavaFX Application Thread] DEBUG Input                - Registered new binding: Toggle Debug Camera - CTRL+C
19:45:15.559 [FXGL Background Thread 4 ] DEBUG FXGLAssetLoaderServi - Loading from file system: jar:file:///C:/Users/zyla/.m2/repository/com/github/almasb/fxgl/11.17/fxgl-11.17.jar!/fxglassets/ui/fonts/lucida_console.ttf
19:45:15.559 [JavaFX Application Thread] DEBUG LoopRunner           - Starting loop
19:45:15.559 [JavaFX Application Thread] DEBUG LoopRunner           - Initializing JavaFX AnimationTimerLoop
19:45:15.561 [JavaFX Application Thread] DEBUG GameApplicationServi - Starting new game
19:45:15.561 [JavaFX Application Thread] DEBUG Input                - Clearing active input actions
19:45:15.591 [FXGL Background Thread 4 ] DEBUG FXGLAssetLoaderServi - Loading from file system: jar:file:///C:/Users/zyla/.m2/repository/com/github/almasb/fxgl/11.17/fxgl-11.17.jar!/fxglassets/ui/fonts/Courier-Prime.ttf
19:45:15.595 [JavaFX Application Thread] DEBUG GameApplicationServi - Removing overlay from FXGLStartupScene and adding to FXGLLoadingScene
19:45:15.595 [JavaFX Application Thread] DEBUG PrimaryStageWindow   - FXGLStartupScene -> FXGLLoadingScene
19:45:15.595 [JavaFX Application Thread] DEBUG GameApplicationServi - Clearing previous game
19:45:15.595 [JavaFX Application Thread] DEBUG GameScene            - Clearing game scene
19:45:15.595 [JavaFX Application Thread] DEBUG GameWorld            - Clearing game world
19:45:15.595 [JavaFX Application Thread] DEBUG PhysicsWorld         - Clearing physics world
19:45:15.597 [FXGL Background Thread 1 ] DEBUG FXGLApplication      - Initializing game
19:45:15.720 [JavaFX Application Thread] DEBUG FXGLApplication      - Registering font factories with UI factory
19:45:15.789 [FXGL Background Thread 1 ] WARN  TMXLevelLoader       - TiledMap generated from 1.11.2. Supported version: 1.2.3. Some features may not be parsed fully.
19:45:15.798 [FXGL Background Thread 1 ] DEBUG TMXLevelLoader       - Parsed TiledMap: file:/C:/Users/zyla/demo/target/classes/assets/levels/tmx/bg.tmx
19:45:15.800 [FXGL Background Thread 1 ] DEBUG TMXLevelLoader       - Creating tile layer entities
19:45:15.801 [FXGL Background Thread 1 ] DEBUG TilesetLoader        - Loading view for layer Tile Layer 1
19:45:15.803 [FXGL Background Thread 1 ] DEBUG TilesetLoader        - Created buffer with size 1216.0x256.0
19:45:15.860 [FXGL Background Thread 1 ] DEBUG TMXLevelLoader       - Creating object layer entities
19:45:15.892 [FXGL Background Thread 1 ] DEBUG GameWorld            - Clearing removable entities
19:45:15.893 [FXGL Background Thread 1 ] DEBUG GameWorld            - Setting level: com.almasb.fxgl.entity.level.Level@72d77e3a
19:45:15.910 [FXGL Background Thread 1 ] DEBUG FXGLAssetLoaderServi - Loading from file system: file:/C:/Users/zyla/demo/target/classes/assets/textures/idk.png
19:45:15.913 [FXGL Background Thread 1 ] DEBUG FXGLAssetLoaderServi - Loading from file system: file:/C:/Users/zyla/demo/target/classes/assets/textures/walking.png
19:45:15.921 [FXGL Background Thread 1 ] DEBUG FXGLAssetLoaderServi - Loading from file system: file:/C:/Users/zyla/demo/target/classes/assets/textures/jump.png
19:45:15.924 [FXGL Background Thread 1 ] DEBUG FXGLAssetLoaderServi - Loading from file system: file:/C:/Users/zyla/demo/target/classes/assets/textures/punch.png
19:45:15.931 [FXGL Background Thread 1 ] DEBUG FXGLAssetLoaderServi - Loading from file system: file:/C:/Users/zyla/demo/target/classes/assets/textures/idle_punk.png
19:45:15.933 [FXGL Background Thread 1 ] DEBUG FXGLAssetLoaderServi - Loading from file system: file:/C:/Users/zyla/demo/target/classes/assets/textures/walk_punk.png
19:45:15.936 [FXGL Background Thread 1 ] DEBUG FXGLAssetLoaderServi - Loading from file system: file:/C:/Users/zyla/demo/target/classes/assets/textures/punch_punk.png
19:45:15.939 [FXGL Background Thread 1 ] INFO  FXGLApplication      - Game initialization took: 0.342 sec
19:45:15.942 [JavaFX Application Thread] DEBUG Input                - Clearing active input actions
19:45:15.963 [JavaFX Application Thread] DEBUG GameApplicationServi - Removing overlay from FXGLLoadingScene and adding to GameScene
19:45:15.967 [JavaFX Application Thread] DEBUG PrimaryStageWindow   - FXGLLoadingScene -> GameScene
19:45:16.649 [FXGL Background Thread 2 ] INFO  UpdaterService       - Your current version:  11.17
19:45:16.649 [FXGL Background Thread 2 ] INFO  UpdaterService       - Latest stable version: 21.1
19:45:18.404 [FXGL Background Thread 3 ] DEBUG Engine               - Logging environment variables
19:45:18.404 [FXGL Background Thread 3 ] DEBUG Engine               - achievements: []
19:45:18.404 [FXGL Background Thread 3 ] DEBUG Engine               - actualHeight: 240.0
19:45:18.405 [FXGL Background Thread 3 ] DEBUG Engine               - actualHeightProperty: ReadOnlyDoubleProperty [value: 240.0]
19:45:18.405 [FXGL Background Thread 3 ] DEBUG Engine               - actualWidth: 1200.0
19:45:18.405 [FXGL Background Thread 3 ] DEBUG Engine               - actualWidthProperty: ReadOnlyDoubleProperty [value: 1200.0]
19:45:18.405 [FXGL Background Thread 3 ] DEBUG Engine               - appIcon: fxgl_icon.png
19:45:18.405 [FXGL Background Thread 3 ] DEBUG Engine               - applicationMode: DEVELOPER
19:45:18.405 [FXGL Background Thread 3 ] DEBUG Engine               - cSSList: [fxgl_dark.css]
19:45:18.405 [FXGL Background Thread 3 ] DEBUG Engine               - collisionDetectionStrategy: BRUTE_FORCE
19:45:18.405 [FXGL Background Thread 3 ] DEBUG Engine               - configClass: Optional.empty
19:45:18.405 [FXGL Background Thread 3 ] DEBUG Engine               - credits: []
19:45:18.407 [FXGL Background Thread 3 ] DEBUG Engine               - defaultCursor: CursorInfo(imageName=fxgl_default_cursor.png, hotspotX=7.0, hotspotY=6.0)
19:45:18.407 [FXGL Background Thread 3 ] DEBUG Engine               - devBBoxColorProperty: ObjectProperty [value: 0xff0000ff]
19:45:18.407 [FXGL Background Thread 3 ] DEBUG Engine               - devEnableDebugCameraProperty: BooleanProperty [value: false]
19:45:18.407 [FXGL Background Thread 3 ] DEBUG Engine               - devSensorColorProperty: ObjectProperty [value: 0xffff00ff]
19:45:18.408 [FXGL Background Thread 3 ] DEBUG Engine               - devShowBBoxProperty: BooleanProperty [value: false]
19:45:18.408 [FXGL Background Thread 3 ] DEBUG Engine               - devShowPositionProperty: BooleanProperty [value: false]
19:45:18.408 [FXGL Background Thread 3 ] DEBUG Engine               - enabledMenuItems: []
19:45:18.408 [FXGL Background Thread 3 ] DEBUG Engine               - engineServices: [class com.almasb.fxgl.app.services.FXGLAssetLoaderService, class com.almasb.fxgl.app.FXGLApplication$GameApplicationService, class com.almasb.fxgl.app.services.FXGLDialogService, class com.almasb.fxgl.app.services.IOTaskExecutorService, class com.almasb.fxgl.io.FileSystemService, class com.almasb.fxgl.localization.LocalizationService, class com.almasb.fxgl.app.services.SystemBundleService, class com.almasb.fxgl.profile.SaveLoadService, class com.almasb.fxgl.ui.FXGLUIFactoryServiceProvider, class com.almasb.fxgl.ui.FXGLDialogFactoryServiceProvider, class com.almasb.fxgl.audio.AudioPlayer, class com.almasb.fxgl.notification.impl.NotificationServiceProvider, class com.almasb.fxgl.achievement.AchievementService, class com.almasb.fxgl.cutscene.CutsceneService, class com.almasb.fxgl.minigames.MiniGameService, class com.almasb.fxgl.net.NetService, class com.almasb.fxgl.app.services.UpdaterService, class com.almasb.fxgl.dev.DevService]
19:45:18.408 [FXGL Background Thread 3 ] DEBUG Engine               - fontGame: Abel-Regular.ttf
19:45:18.408 [FXGL Background Thread 3 ] DEBUG Engine               - fontMono: lucida_console.ttf
19:45:18.408 [FXGL Background Thread 3 ] DEBUG Engine               - fontText: Courier-Prime.ttf
19:45:18.409 [FXGL Background Thread 3 ] DEBUG Engine               - fontUI: VarelaRound-Regular.ttf
19:45:18.409 [FXGL Background Thread 3 ] DEBUG Engine               - fullScreen: BooleanProperty [value: false]
19:45:18.409 [FXGL Background Thread 3 ] DEBUG Engine               - gameDifficulty: MEDIUM
19:45:18.409 [FXGL Background Thread 3 ] DEBUG Engine               - gameDifficultyProperty: ObjectProperty [value: MEDIUM]
19:45:18.409 [FXGL Background Thread 3 ] DEBUG Engine               - globalMusicVolume: 0.5
19:45:18.409 [FXGL Background Thread 3 ] DEBUG Engine               - globalMusicVolumeProperty: DoubleProperty [value: 0.5]
19:45:18.409 [FXGL Background Thread 3 ] DEBUG Engine               - globalSoundVolume: 0.5
19:45:18.409 [FXGL Background Thread 3 ] DEBUG Engine               - globalSoundVolumeProperty: DoubleProperty [value: 0.5]
19:45:18.409 [FXGL Background Thread 3 ] DEBUG Engine               - height: 240
19:45:18.409 [FXGL Background Thread 3 ] DEBUG Engine               - is3D: false
19:45:18.409 [FXGL Background Thread 3 ] DEBUG Engine               - isAndroid: false
19:45:18.409 [FXGL Background Thread 3 ] DEBUG Engine               - isBrowser: false
19:45:18.409 [FXGL Background Thread 3 ] DEBUG Engine               - isClickFeedbackEnabled: false
19:45:18.410 [FXGL Background Thread 3 ] DEBUG Engine               - isCloseConfirmation: true
19:45:18.410 [FXGL Background Thread 3 ] DEBUG Engine               - isDesktop: true
19:45:18.410 [FXGL Background Thread 3 ] DEBUG Engine               - isDeveloperMenuEnabled: false
19:45:18.410 [FXGL Background Thread 3 ] DEBUG Engine               - isEntityPreloadEnabled: true
19:45:18.410 [FXGL Background Thread 3 ] DEBUG Engine               - isExperimentalTiledLargeMap: false
19:45:18.410 [FXGL Background Thread 3 ] DEBUG Engine               - isFileSystemWriteAllowed: true
19:45:18.410 [FXGL Background Thread 3 ] DEBUG Engine               - isFullScreenAllowed: false
19:45:18.410 [FXGL Background Thread 3 ] DEBUG Engine               - isFullScreenFromStart: false
19:45:18.410 [FXGL Background Thread 3 ] DEBUG Engine               - isGameMenuEnabled: false
19:45:18.410 [FXGL Background Thread 3 ] DEBUG Engine               - isIOS: false
19:45:18.410 [FXGL Background Thread 3 ] DEBUG Engine               - isIntroEnabled: false
19:45:18.410 [FXGL Background Thread 3 ] DEBUG Engine               - isLinux: false
19:45:18.410 [FXGL Background Thread 3 ] DEBUG Engine               - isMac: false
19:45:18.410 [FXGL Background Thread 3 ] DEBUG Engine               - isMainMenuEnabled: false
19:45:18.410 [FXGL Background Thread 3 ] DEBUG Engine               - isManualResizeEnabled: false
19:45:18.410 [FXGL Background Thread 3 ] DEBUG Engine               - isMobile: false
19:45:18.411 [FXGL Background Thread 3 ] DEBUG Engine               - isNative: false
19:45:18.411 [FXGL Background Thread 3 ] DEBUG Engine               - isPauseMusicWhenMinimized: true
19:45:18.411 [FXGL Background Thread 3 ] DEBUG Engine               - isPreserveResizeRatio: false
19:45:18.411 [FXGL Background Thread 3 ] DEBUG Engine               - isProfilingEnabled: false
19:45:18.411 [FXGL Background Thread 3 ] DEBUG Engine               - isScaleAffectedOnResize: true
19:45:18.411 [FXGL Background Thread 3 ] DEBUG Engine               - isSingleStep: false
19:45:18.411 [FXGL Background Thread 3 ] DEBUG Engine               - isUserProfileEnabled: false
19:45:18.411 [FXGL Background Thread 3 ] DEBUG Engine               - isWindows: true
19:45:18.411 [FXGL Background Thread 3 ] DEBUG Engine               - language: ObjectProperty [value: ENGLISH]
19:45:18.411 [FXGL Background Thread 3 ] DEBUG Engine               - menuKey: ESCAPE
19:45:18.411 [FXGL Background Thread 3 ] DEBUG Engine               - mouseSensitivity: 0.2
19:45:18.411 [FXGL Background Thread 3 ] DEBUG Engine               - notificationViewClass: class com.almasb.fxgl.notification.view.XboxNotificationView
19:45:18.411 [FXGL Background Thread 3 ] DEBUG Engine               - pixelsPerMeter: 50.0
19:45:18.411 [FXGL Background Thread 3 ] DEBUG Engine               - platform: WINDOWS
19:45:18.411 [FXGL Background Thread 3 ] DEBUG Engine               - prefHeightProperty: ReadOnlyDoubleProperty [value: 240.0]
19:45:18.411 [FXGL Background Thread 3 ] DEBUG Engine               - prefWidthProperty: ReadOnlyDoubleProperty [value: 1200.0]
19:45:18.412 [FXGL Background Thread 3 ] DEBUG Engine               - profileDir: profiles/
19:45:18.412 [FXGL Background Thread 3 ] DEBUG Engine               - profileName: StringProperty [value: DEFAULT]
19:45:18.412 [FXGL Background Thread 3 ] DEBUG Engine               - randomSeed: -1
19:45:18.412 [FXGL Background Thread 3 ] DEBUG Engine               - runtimeInfo: RuntimeInfo(platform=WINDOWS, version=11.17, build=16.07.2021 15.46)
19:45:18.412 [FXGL Background Thread 3 ] DEBUG Engine               - saveFileExt: sav
19:45:18.412 [FXGL Background Thread 3 ] DEBUG Engine               - scaledHeightProp$fxgl: DoubleProperty [bound, value: 240.0]
19:45:18.412 [FXGL Background Thread 3 ] DEBUG Engine               - scaledWidthProp$fxgl: DoubleProperty [bound, value: 1200.0]
19:45:18.412 [FXGL Background Thread 3 ] DEBUG Engine               - sceneFactory: com.almasb.fxgl.app.scene.SceneFactory@46154a93
19:45:18.412 [FXGL Background Thread 3 ] DEBUG Engine               - secondsIn24h: 60
19:45:18.412 [FXGL Background Thread 3 ] DEBUG Engine               - soundMenuBack: menu/back.wav
19:45:18.412 [FXGL Background Thread 3 ] DEBUG Engine               - soundMenuPress: menu/press.wav
19:45:18.412 [FXGL Background Thread 3 ] DEBUG Engine               - soundMenuSelect: menu/select.wav
19:45:18.412 [FXGL Background Thread 3 ] DEBUG Engine               - soundNotification: core/notification.wav
19:45:18.412 [FXGL Background Thread 3 ] DEBUG Engine               - stageStyle: DECORATED
19:45:18.412 [FXGL Background Thread 3 ] DEBUG Engine               - supportedLanguages: [ENGLISH, FRENCH, GERMAN, HUNGARIAN, RUSSIAN]
19:45:18.413 [FXGL Background Thread 3 ] DEBUG Engine               - ticksPerSecond: -1
19:45:18.413 [FXGL Background Thread 3 ] DEBUG Engine               - title: OOP GAME
19:45:18.413 [FXGL Background Thread 3 ] DEBUG Engine               - urlGithub: https://github.com/AlmasB/FXGL
19:45:18.413 [FXGL Background Thread 3 ] DEBUG Engine               - urlLeaderboard: http://fxgl-top.herokuapp.com/
19:45:18.413 [FXGL Background Thread 3 ] DEBUG Engine               - urlPOM: https://raw.githubusercontent.com/AlmasB/FXGL/release/README.md
19:45:18.413 [FXGL Background Thread 3 ] DEBUG Engine               - userAppClass: class com.example.demo.HelloApplication
19:45:18.413 [FXGL Background Thread 3 ] DEBUG Engine               - version: 0.1
19:45:18.413 [FXGL Background Thread 3 ] DEBUG Engine               - versionCheckDays: 7
19:45:18.413 [FXGL Background Thread 3 ] DEBUG Engine               - width: 1200
19:45:18.413 [FXGL Background Thread 3 ] DEBUG Engine               - Logging services
19:45:18.413 [FXGL Background Thread 3 ] DEBUG Engine               - class com.almasb.fxgl.app.services.FXGLAssetLoaderService
19:45:18.413 [FXGL Background Thread 3 ] DEBUG Engine               - class com.almasb.fxgl.app.FXGLApplication$GameApplicationService
19:45:18.413 [FXGL Background Thread 3 ] DEBUG Engine               - class com.almasb.fxgl.app.services.FXGLDialogService
19:45:18.414 [FXGL Background Thread 3 ] DEBUG Engine               - class com.almasb.fxgl.app.services.IOTaskExecutorService
19:45:18.414 [FXGL Background Thread 3 ] DEBUG Engine               - class com.almasb.fxgl.io.FileSystemService
19:45:18.414 [FXGL Background Thread 3 ] DEBUG Engine               - class com.almasb.fxgl.localization.LocalizationService
19:45:18.414 [FXGL Background Thread 3 ] DEBUG Engine               - class com.almasb.fxgl.app.services.SystemBundleService
19:45:18.414 [FXGL Background Thread 3 ] DEBUG Engine               - class com.almasb.fxgl.profile.SaveLoadService
19:45:18.414 [FXGL Background Thread 3 ] DEBUG Engine               - class com.almasb.fxgl.ui.FXGLUIFactoryServiceProvider
19:45:18.414 [FXGL Background Thread 3 ] DEBUG Engine               - class com.almasb.fxgl.ui.FXGLDialogFactoryServiceProvider
19:45:18.414 [FXGL Background Thread 3 ] DEBUG Engine               - class com.almasb.fxgl.audio.AudioPlayer
19:45:18.414 [FXGL Background Thread 3 ] DEBUG Engine               - class com.almasb.fxgl.notification.impl.NotificationServiceProvider
19:45:18.414 [FXGL Background Thread 3 ] DEBUG Engine               - class com.almasb.fxgl.achievement.AchievementService
19:45:18.414 [FXGL Background Thread 3 ] DEBUG Engine               - class com.almasb.fxgl.cutscene.CutsceneService
19:45:18.414 [FXGL Background Thread 3 ] DEBUG Engine               - class com.almasb.fxgl.minigames.MiniGameService
19:45:18.415 [FXGL Background Thread 3 ] DEBUG Engine               - class com.almasb.fxgl.net.NetService
19:45:18.415 [FXGL Background Thread 3 ] DEBUG Engine               - class com.almasb.fxgl.app.services.UpdaterService
19:45:18.415 [FXGL Background Thread 3 ] DEBUG Engine               - class com.almasb.fxgl.dev.DevService
19:45:20.937 [JavaFX Application Thread] DEBUG PrimaryStageWindow   - Push state: DialogSubScene
19:45:20.937 [JavaFX Application Thread] DEBUG Input                - Clearing active input actions
19:45:20.943 [JavaFX Application Thread] DEBUG GameApplicationServi - Removing overlay from GameScene and adding to DialogSubScene
19:45:20.943 [JavaFX Application Thread] DEBUG PrimaryStageWindow   - GameScene -> DialogSubScene
19:45:21.597 [JavaFX Application Thread] DEBUG PrimaryStageWindow   - Pop state: DialogSubScene
19:45:21.597 [JavaFX Application Thread] DEBUG Input                - Clearing active input actions
19:45:21.598 [JavaFX Application Thread] DEBUG GameApplicationServi - Removing overlay from DialogSubScene and adding to GameScene
19:45:21.598 [JavaFX Application Thread] DEBUG PrimaryStageWindow   - GameScene <- DialogSubScene
19:45:21.598 [JavaFX Application Thread] DEBUG FXGLApplication      - Exiting FXGL
19:45:21.598 [JavaFX Application Thread] DEBUG LoopRunner           - Stopping loop
19:45:21.598 [JavaFX Application Thread] DEBUG SystemBundleService  - Saving FXGL system data
19:45:21.600 [JavaFX Application Thread] DEBUG FileSystemAccess     - Writing to: C:\Users\zyla\demo\system\fxgl.bundle
19:45:21.604 [JavaFX Application Thread] DEBUG Async                - Shutting down background threads
19:45:21.604 [JavaFX Application Thread] DEBUG PrimaryStageWindow   - Closing main window
19:45:21.632 [JavaFX Application Thread] DEBUG Logger               - Closing Logger
