11:29:41.232 [main                     ] DEBUG Logger               - Configured Logger
11:29:41.235 [main                     ] DEBUG GameApplication      - Logging settings
Title: Stictactics
Version: 0.0
Width: 1920
Height: 1080
Fullscreen: false
Intro: false
Profiling: false
Single step:false
App Mode: DEVELOPER
Menu Key: ESCAPE
Stage Style: DECORATED
Scene Factory: class com.example.demo.MySceneFactory

11:29:41.627 [JavaFX Application Thread] DEBUG FXGLApplication      - Initializing FXGL
11:29:41.628 [JavaFX Application Thread] INFO  Engine               - FXGL-11.17 (16.07.2021 15.46) on WINDOWS (J:23.0.2 FX:17.0.6)
11:29:41.629 [JavaFX Application Thread] DEBUG Engine               - JRE Vendor Name: Amazon.com Inc.
11:29:41.629 [JavaFX Application Thread] DEBUG Engine               - Running on OS: Windows 11 version 10.0
11:29:41.629 [JavaFX Application Thread] DEBUG Engine               - Architecture: amd64
11:29:41.629 [JavaFX Application Thread] INFO  Engine               - Source code and latest versions at: https://github.com/AlmasB/FXGL
11:29:41.629 [JavaFX Application Thread] INFO  Engine               -              Join the FXGL chat at: https://gitter.im/AlmasB/FXGL
11:29:41.733 [JavaFX Application Thread] DEBUG PrimaryStageWindow   - Creating a JavaFX scene
11:29:41.733 [JavaFX Application Thread] DEBUG PrimaryStageWindow   - Target size > screen size
11:29:41.786 [JavaFX Application Thread] DEBUG PrimaryStageWindow   - Target settings size: 1920.0 x 1080.0
11:29:41.786 [JavaFX Application Thread] DEBUG PrimaryStageWindow   - Scaled scene size:    1255.0 x 720.0
11:29:41.786 [JavaFX Application Thread] DEBUG PrimaryStageWindow   - Scaled ratio: (0.6536458333333334, 0.6666666666666666)
11:29:41.787 [JavaFX Application Thread] DEBUG PrimaryStageWindow   - Set initial scene to FXGLStartupScene
11:29:41.794 [JavaFX Application Thread] DEBUG PrimaryStageWindow   - Opening main window
11:29:41.895 [JavaFX Application Thread] DEBUG PrimaryStageWindow   - Window border size: (16.0, 39.0)
11:29:41.895 [JavaFX Application Thread] DEBUG PrimaryStageWindow   - Scaled size: 1255.0 x 720.0
11:29:41.895 [JavaFX Application Thread] DEBUG PrimaryStageWindow   - Scaled ratio: (0.6536458333333334, 0.6666666666666666)
11:29:41.895 [JavaFX Application Thread] DEBUG PrimaryStageWindow   - Scene size: 1255.0 x 720.0
11:29:41.895 [JavaFX Application Thread] DEBUG PrimaryStageWindow   - Stage size: 1271.0 x 759.0
11:29:41.904 [FXGL Background Thread 1 ] DEBUG Engine               - Initializing environment variables
11:29:42.039 [FXGL Background Thread 1 ] DEBUG FXGLAssetLoaderServi - User app class for loading assets: class com.example.demo.HelloApplication
11:29:42.039 [FXGL Background Thread 1 ] DEBUG GameApplicationServi - Applying CSS: fxgl_dark.css
11:29:42.040 [FXGL Background Thread 1 ] DEBUG FXGLAssetLoaderServi - Loading from file system: jar:file:///C:/Users/zyla/.m2/repository/com/github/almasb/fxgl/11.17/fxgl-11.17.jar!/fxglassets/ui/css/fxgl_dark.css
11:29:42.122 [FXGL Background Thread 1 ] DEBUG GameApplicationServi - Initializing application scenes
11:29:42.251 [FXGL Background Thread 1 ] DEBUG GameWorld            - Game world initialized
11:29:42.370 [FXGL Background Thread 1 ] DEBUG PhysicsWorld         - Physics world initialized: appHeight=1080, physics.ppm=50.0
11:29:42.370 [FXGL Background Thread 1 ] DEBUG PhysicsWorld         - Using strategy: BRUTE_FORCE
11:29:42.374 [FXGL Background Thread 1 ] DEBUG GameScene            - Game scene initialized: 1920x1080
11:29:42.537 [FXGL Background Thread 1 ] DEBUG GameApplicationServi - Application scenes initialized
11:29:42.553 [FXGL Background Thread 1 ] DEBUG SystemBundleService  - Loading FXGL system data
11:29:42.560 [FXGL Background Thread 1 ] DEBUG FileSystemAccess     - Reading from: C:\Users\zyla\demoGame4OOP\system\fxgl.bundle
11:29:42.570 [FXGL Background Thread 1 ] DEBUG SystemBundleService  - Bundle FXGL: {}
11:29:42.570 [FXGL Background Thread 1 ] DEBUG UpdaterService       - Checking for updates
11:29:42.577 [FXGL Background Thread 1 ] DEBUG FXGLApplication      - Loading default localization
11:29:42.578 [FXGL Background Thread 1 ] DEBUG FXGLAssetLoaderServi - Loading from file system: jar:file:///C:/Users/zyla/.m2/repository/com/github/almasb/fxgl/11.17/fxgl-11.17.jar!/fxglassets/languages/english.lang
11:29:42.614 [FXGL Background Thread 1 ] INFO  FXGLApplication      - FXGL initialization took: 0.710 sec
11:29:42.631 [JavaFX Application Thread] DEBUG Input                - Registered new binding: P1Left - A
11:29:42.631 [JavaFX Application Thread] DEBUG Input                - Registered new binding: P1Right - D
11:29:42.631 [JavaFX Application Thread] DEBUG Input                - Registered new binding: P1Jump - W
11:29:42.632 [JavaFX Application Thread] DEBUG Input                - Registered new binding: P1Punch - F
11:29:42.632 [JavaFX Application Thread] DEBUG Input                - Registered new binding: P1EnhancedPunch - E
11:29:42.632 [JavaFX Application Thread] DEBUG Input                - Registered new binding: P1Ult - Q
11:29:42.632 [JavaFX Application Thread] DEBUG Input                - Registered new binding: P2Left - J
11:29:42.632 [JavaFX Application Thread] DEBUG Input                - Registered new binding: P2Right - L
11:29:42.632 [JavaFX Application Thread] DEBUG Input                - Registered new binding: P2Jump - I
11:29:42.632 [JavaFX Application Thread] DEBUG Input                - Registered new binding: P2Punch - H
11:29:42.632 [JavaFX Application Thread] DEBUG Input                - Registered new binding: P2EnhancedPunch - U
11:29:42.633 [JavaFX Application Thread] DEBUG Input                - Registered new binding: P2Ult - O
11:29:42.638 [JavaFX Application Thread] WARN  FXGLAssetLoaderServi - Asset "/assets/textures//assets/textures/background-intro.mp4" was not found!
11:29:42.638 [JavaFX Application Thread] WARN  FXGLAssetLoaderServi - Failed to load IMAGE
11:29:42.675 [FXGL Background Thread 4 ] DEBUG FXGLApplication      - Loading fonts
11:29:42.676 [FXGL Background Thread 4 ] DEBUG FXGLAssetLoaderServi - Loading from file system: jar:file:///C:/Users/zyla/.m2/repository/com/github/almasb/fxgl/11.17/fxgl-11.17.jar!/fxglassets/ui/fonts/VarelaRound-Regular.ttf
11:29:42.711 [JavaFX Application Thread] DEBUG FXGLAssetLoaderServi - Loading from file system: jar:file:///C:/Users/zyla/.m2/repository/com/github/almasb/fxgl/11.17/fxgl-11.17.jar!/fxglassets/textures/fxgl_icon.png
11:29:42.811 [JavaFX Application Thread] DEBUG FXGLAssetLoaderServi - Loading from file system: jar:file:///C:/Users/zyla/.m2/repository/com/github/almasb/fxgl/11.17/fxgl-11.17.jar!/fxglassets/textures/fxgl_default_cursor.png
11:29:42.818 [JavaFX Application Thread] DEBUG Input                - Registered new binding: Screenshot - CTRL+8
11:29:42.819 [JavaFX Application Thread] DEBUG Input                - Registered new binding: System info dump - CTRL+9
11:29:42.819 [FXGL Background Thread 4 ] DEBUG FXGLAssetLoaderServi - Loading from file system: jar:file:///C:/Users/zyla/.m2/repository/com/github/almasb/fxgl/11.17/fxgl-11.17.jar!/fxglassets/ui/fonts/Abel-Regular.ttf
11:29:42.820 [JavaFX Application Thread] DEBUG Input                - Registered new binding: Restart - CTRL+R
11:29:42.821 [JavaFX Application Thread] DEBUG Input                - Registered new binding: Toggle Debug Camera - CTRL+C
11:29:42.827 [JavaFX Application Thread] DEBUG LoopRunner           - Starting loop
11:29:42.827 [JavaFX Application Thread] DEBUG LoopRunner           - Initializing JavaFX AnimationTimerLoop
11:29:42.833 [JavaFX Application Thread] DEBUG Input                - Clearing active input actions
11:29:42.864 [FXGL Background Thread 4 ] DEBUG FXGLAssetLoaderServi - Loading from file system: jar:file:///C:/Users/zyla/.m2/repository/com/github/almasb/fxgl/11.17/fxgl-11.17.jar!/fxglassets/ui/fonts/lucida_console.ttf
11:29:42.880 [JavaFX Application Thread] DEBUG GameApplicationServi - Removing overlay from FXGLStartupScene and adding to FXGLMainMenuDummyScene
11:29:42.880 [JavaFX Application Thread] DEBUG PrimaryStageWindow   - FXGLStartupScene -> FXGLMainMenuDummyScene
11:29:42.880 [JavaFX Application Thread] DEBUG PrimaryStageWindow   - Push state: CustomMainMenu
11:29:42.880 [JavaFX Application Thread] DEBUG Input                - Clearing active input actions
11:29:42.897 [JavaFX Application Thread] DEBUG GameApplicationServi - Removing overlay from FXGLMainMenuDummyScene and adding to CustomMainMenu
11:29:42.898 [JavaFX Application Thread] DEBUG PrimaryStageWindow   - FXGLMainMenuDummyScene -> CustomMainMenu
11:29:42.907 [FXGL Background Thread 4 ] DEBUG FXGLAssetLoaderServi - Loading from file system: jar:file:///C:/Users/zyla/.m2/repository/com/github/almasb/fxgl/11.17/fxgl-11.17.jar!/fxglassets/ui/fonts/Courier-Prime.ttf
11:29:43.149 [JavaFX Application Thread] DEBUG FXGLApplication      - Registering font factories with UI factory
11:29:43.636 [FXGL Background Thread 2 ] INFO  UpdaterService       - Your current version:  11.17
11:29:43.636 [FXGL Background Thread 2 ] INFO  UpdaterService       - Latest stable version: 21.1
11:29:44.147 [JavaFX Application Thread] DEBUG Menu                 - fireNewGame()
11:29:44.147 [JavaFX Application Thread] DEBUG GameApplicationServi - Starting new game
11:29:44.147 [JavaFX Application Thread] DEBUG PrimaryStageWindow   - Pop state: CustomMainMenu
11:29:44.147 [JavaFX Application Thread] DEBUG Input                - Clearing active input actions
11:29:44.148 [JavaFX Application Thread] DEBUG GameApplicationServi - Removing overlay from CustomMainMenu and adding to FXGLMainMenuDummyScene
11:29:44.148 [JavaFX Application Thread] DEBUG PrimaryStageWindow   - FXGLMainMenuDummyScene <- CustomMainMenu
11:29:44.149 [JavaFX Application Thread] DEBUG Input                - Clearing active input actions
11:29:44.158 [JavaFX Application Thread] DEBUG GameApplicationServi - Removing overlay from FXGLMainMenuDummyScene and adding to FXGLLoadingScene
11:29:44.158 [JavaFX Application Thread] DEBUG PrimaryStageWindow   - FXGLMainMenuDummyScene -> FXGLLoadingScene
11:29:44.158 [JavaFX Application Thread] DEBUG GameApplicationServi - Clearing previous game
11:29:44.159 [JavaFX Application Thread] DEBUG GameScene            - Clearing game scene
11:29:44.159 [JavaFX Application Thread] DEBUG GameWorld            - Clearing game world
11:29:44.159 [JavaFX Application Thread] DEBUG PhysicsWorld         - Clearing physics world
11:29:44.171 [FXGL Background Thread 2 ] DEBUG FXGLApplication      - Initializing game
11:29:44.283 [FXGL Background Thread 2 ] WARN  TMXLevelLoader       - TiledMap generated from 1.11.2. Supported version: 1.2.3. Some features may not be parsed fully.
11:29:44.310 [FXGL Background Thread 2 ] DEBUG TMXLevelLoader       - Parsed TiledMap: file:/C:/Users/zyla/demoGame4OOP/target/classes/assets/levels/tmx/map.tmx
11:29:44.311 [FXGL Background Thread 2 ] DEBUG TMXLevelLoader       - Creating tile layer entities
11:29:44.312 [FXGL Background Thread 2 ] DEBUG TilesetLoader        - Loading view for layer Tile Layer 1
11:29:44.319 [FXGL Background Thread 2 ] DEBUG TilesetLoader        - Created buffer with size 1920.0x1088.0
11:29:44.439 [FXGL Background Thread 2 ] DEBUG TMXLevelLoader       - Creating object layer entities
11:29:44.477 [FXGL Background Thread 2 ] DEBUG GameWorld            - Clearing removable entities
11:29:44.477 [FXGL Background Thread 2 ] DEBUG GameWorld            - Setting level: com.almasb.fxgl.entity.level.Level@73feaeb9
11:29:44.518 [FXGL Background Thread 2 ] DEBUG FXGLAssetLoaderServi - Loading from file system: file:/C:/Users/zyla/demoGame4OOP/target/classes/assets/textures/fighter_idle.png
11:29:44.545 [FXGL Background Thread 2 ] DEBUG FXGLAssetLoaderServi - Loading from file system: file:/C:/Users/zyla/demoGame4OOP/target/classes/assets/textures/fighter_walk.png
11:29:44.553 [FXGL Background Thread 2 ] DEBUG FXGLAssetLoaderServi - Loading from file system: file:/C:/Users/zyla/demoGame4OOP/target/classes/assets/textures/fighter_jump.png
11:29:44.565 [FXGL Background Thread 2 ] DEBUG FXGLAssetLoaderServi - Loading from file system: file:/C:/Users/zyla/demoGame4OOP/target/classes/assets/textures/fighter_attack_enhanced.png
11:29:44.580 [FXGL Background Thread 2 ] DEBUG FXGLAssetLoaderServi - Loading from file system: file:/C:/Users/zyla/demoGame4OOP/target/classes/assets/textures/fighter_attack.png
11:29:44.590 [FXGL Background Thread 2 ] DEBUG FXGLAssetLoaderServi - Loading from file system: file:/C:/Users/zyla/demoGame4OOP/target/classes/assets/textures/fighter_ult.png
11:29:44.617 [FXGL Background Thread 2 ] DEBUG FXGLAssetLoaderServi - Loading from file system: file:/C:/Users/zyla/demoGame4OOP/target/classes/assets/textures/fighter_idle_P2.png
11:29:44.623 [FXGL Background Thread 2 ] DEBUG FXGLAssetLoaderServi - Loading from file system: file:/C:/Users/zyla/demoGame4OOP/target/classes/assets/textures/fighter_walk_P2.png
11:29:44.633 [FXGL Background Thread 2 ] DEBUG FXGLAssetLoaderServi - Loading from file system: file:/C:/Users/zyla/demoGame4OOP/target/classes/assets/textures/fighter_attack_enhanced_p2.png
11:29:44.641 [FXGL Background Thread 2 ] DEBUG FXGLAssetLoaderServi - Loading from file system: file:/C:/Users/zyla/demoGame4OOP/target/classes/assets/textures/fighter_jump_P2.png
11:29:44.648 [FXGL Background Thread 2 ] DEBUG FXGLAssetLoaderServi - Loading from file system: file:/C:/Users/zyla/demoGame4OOP/target/classes/assets/textures/fighter_attack_P2.png
11:29:44.657 [FXGL Background Thread 2 ] DEBUG FXGLAssetLoaderServi - Loading from file system: file:/C:/Users/zyla/demoGame4OOP/target/classes/assets/textures/fighter_ult_P2.png
11:29:44.731 [FXGL Background Thread 2 ] INFO  FXGLApplication      - Game initialization took: 0.560 sec
11:29:44.732 [JavaFX Application Thread] DEBUG Input                - Clearing active input actions
11:29:44.746 [JavaFX Application Thread] DEBUG GameApplicationServi - Removing overlay from FXGLLoadingScene and adding to GameScene
11:29:44.746 [JavaFX Application Thread] DEBUG PrimaryStageWindow   - FXGLLoadingScene -> GameScene
11:29:45.576 [FXGL Background Thread 3 ] DEBUG Engine               - Logging environment variables
11:29:45.576 [FXGL Background Thread 3 ] DEBUG Engine               - achievements: []
11:29:45.577 [FXGL Background Thread 3 ] DEBUG Engine               - actualHeight: 720.0
11:29:45.577 [FXGL Background Thread 3 ] DEBUG Engine               - actualHeightProperty: ReadOnlyDoubleProperty [value: 720.0]
11:29:45.577 [FXGL Background Thread 3 ] DEBUG Engine               - actualWidth: 1255.0
11:29:45.577 [FXGL Background Thread 3 ] DEBUG Engine               - actualWidthProperty: ReadOnlyDoubleProperty [value: 1255.0]
11:29:45.577 [FXGL Background Thread 3 ] DEBUG Engine               - appIcon: fxgl_icon.png
11:29:45.577 [FXGL Background Thread 3 ] DEBUG Engine               - applicationMode: DEVELOPER
11:29:45.577 [FXGL Background Thread 3 ] DEBUG Engine               - cSSList: [fxgl_dark.css]
11:29:45.577 [FXGL Background Thread 3 ] DEBUG Engine               - collisionDetectionStrategy: BRUTE_FORCE
11:29:45.577 [FXGL Background Thread 3 ] DEBUG Engine               - configClass: Optional.empty
11:29:45.577 [FXGL Background Thread 3 ] DEBUG Engine               - credits: []
11:29:45.577 [FXGL Background Thread 3 ] DEBUG Engine               - defaultCursor: CursorInfo(imageName=fxgl_default_cursor.png, hotspotX=7.0, hotspotY=6.0)
11:29:45.578 [FXGL Background Thread 3 ] DEBUG Engine               - devBBoxColorProperty: ObjectProperty [value: 0xff0000ff]
11:29:45.578 [FXGL Background Thread 3 ] DEBUG Engine               - devEnableDebugCameraProperty: BooleanProperty [value: false]
11:29:45.578 [FXGL Background Thread 3 ] DEBUG Engine               - devSensorColorProperty: ObjectProperty [value: 0xffff00ff]
11:29:45.578 [FXGL Background Thread 3 ] DEBUG Engine               - devShowBBoxProperty: BooleanProperty [value: false]
11:29:45.578 [FXGL Background Thread 3 ] DEBUG Engine               - devShowPositionProperty: BooleanProperty [value: false]
11:29:45.578 [FXGL Background Thread 3 ] DEBUG Engine               - enabledMenuItems: []
11:29:45.578 [FXGL Background Thread 3 ] DEBUG Engine               - engineServices: [class com.almasb.fxgl.app.services.FXGLAssetLoaderService, class com.almasb.fxgl.app.FXGLApplication$GameApplicationService, class com.almasb.fxgl.app.services.FXGLDialogService, class com.almasb.fxgl.app.services.IOTaskExecutorService, class com.almasb.fxgl.io.FileSystemService, class com.almasb.fxgl.localization.LocalizationService, class com.almasb.fxgl.app.services.SystemBundleService, class com.almasb.fxgl.profile.SaveLoadService, class com.almasb.fxgl.ui.FXGLUIFactoryServiceProvider, class com.almasb.fxgl.ui.FXGLDialogFactoryServiceProvider, class com.almasb.fxgl.audio.AudioPlayer, class com.almasb.fxgl.notification.impl.NotificationServiceProvider, class com.almasb.fxgl.achievement.AchievementService, class com.almasb.fxgl.cutscene.CutsceneService, class com.almasb.fxgl.minigames.MiniGameService, class com.almasb.fxgl.net.NetService, class com.almasb.fxgl.app.services.UpdaterService, class com.almasb.fxgl.dev.DevService]
11:29:45.578 [FXGL Background Thread 3 ] DEBUG Engine               - fontGame: Abel-Regular.ttf
11:29:45.578 [FXGL Background Thread 3 ] DEBUG Engine               - fontMono: lucida_console.ttf
11:29:45.578 [FXGL Background Thread 3 ] DEBUG Engine               - fontText: Courier-Prime.ttf
11:29:45.578 [FXGL Background Thread 3 ] DEBUG Engine               - fontUI: VarelaRound-Regular.ttf
11:29:45.578 [FXGL Background Thread 3 ] DEBUG Engine               - fullScreen: BooleanProperty [value: false]
11:29:45.578 [FXGL Background Thread 3 ] DEBUG Engine               - gameDifficulty: MEDIUM
11:29:45.578 [FXGL Background Thread 3 ] DEBUG Engine               - gameDifficultyProperty: ObjectProperty [value: MEDIUM]
11:29:45.578 [FXGL Background Thread 3 ] DEBUG Engine               - globalMusicVolume: 0.5
11:29:45.578 [FXGL Background Thread 3 ] DEBUG Engine               - globalMusicVolumeProperty: DoubleProperty [value: 0.5]
11:29:45.579 [FXGL Background Thread 3 ] DEBUG Engine               - globalSoundVolume: 0.5
11:29:45.579 [FXGL Background Thread 3 ] DEBUG Engine               - globalSoundVolumeProperty: DoubleProperty [value: 0.5]
11:29:45.579 [FXGL Background Thread 3 ] DEBUG Engine               - height: 1080
11:29:45.579 [FXGL Background Thread 3 ] DEBUG Engine               - is3D: false
11:29:45.579 [FXGL Background Thread 3 ] DEBUG Engine               - isAndroid: false
11:29:45.579 [FXGL Background Thread 3 ] DEBUG Engine               - isBrowser: false
11:29:45.579 [FXGL Background Thread 3 ] DEBUG Engine               - isClickFeedbackEnabled: false
11:29:45.579 [FXGL Background Thread 3 ] DEBUG Engine               - isCloseConfirmation: true
11:29:45.579 [FXGL Background Thread 3 ] DEBUG Engine               - isDesktop: true
11:29:45.579 [FXGL Background Thread 3 ] DEBUG Engine               - isDeveloperMenuEnabled: false
11:29:45.579 [FXGL Background Thread 3 ] DEBUG Engine               - isEntityPreloadEnabled: true
11:29:45.579 [FXGL Background Thread 3 ] DEBUG Engine               - isExperimentalTiledLargeMap: false
11:29:45.579 [FXGL Background Thread 3 ] DEBUG Engine               - isFileSystemWriteAllowed: true
11:29:45.579 [FXGL Background Thread 3 ] DEBUG Engine               - isFullScreenAllowed: false
11:29:45.579 [FXGL Background Thread 3 ] DEBUG Engine               - isFullScreenFromStart: false
11:29:45.579 [FXGL Background Thread 3 ] DEBUG Engine               - isGameMenuEnabled: false
11:29:45.579 [FXGL Background Thread 3 ] DEBUG Engine               - isIOS: false
11:29:45.579 [FXGL Background Thread 3 ] DEBUG Engine               - isIntroEnabled: false
11:29:45.579 [FXGL Background Thread 3 ] DEBUG Engine               - isLinux: false
11:29:45.579 [FXGL Background Thread 3 ] DEBUG Engine               - isMac: false
11:29:45.579 [FXGL Background Thread 3 ] DEBUG Engine               - isMainMenuEnabled: true
11:29:45.579 [FXGL Background Thread 3 ] DEBUG Engine               - isManualResizeEnabled: false
11:29:45.579 [FXGL Background Thread 3 ] DEBUG Engine               - isMobile: false
11:29:45.579 [FXGL Background Thread 3 ] DEBUG Engine               - isNative: false
11:29:45.579 [FXGL Background Thread 3 ] DEBUG Engine               - isPauseMusicWhenMinimized: true
11:29:45.580 [FXGL Background Thread 3 ] DEBUG Engine               - isPreserveResizeRatio: false
11:29:45.580 [FXGL Background Thread 3 ] DEBUG Engine               - isProfilingEnabled: false
11:29:45.580 [FXGL Background Thread 3 ] DEBUG Engine               - isScaleAffectedOnResize: true
11:29:45.580 [FXGL Background Thread 3 ] DEBUG Engine               - isSingleStep: false
11:29:45.580 [FXGL Background Thread 3 ] DEBUG Engine               - isUserProfileEnabled: false
11:29:45.580 [FXGL Background Thread 3 ] DEBUG Engine               - isWindows: true
11:29:45.580 [FXGL Background Thread 3 ] DEBUG Engine               - language: ObjectProperty [value: ENGLISH]
11:29:45.580 [FXGL Background Thread 3 ] DEBUG Engine               - menuKey: ESCAPE
11:29:45.580 [FXGL Background Thread 3 ] DEBUG Engine               - mouseSensitivity: 0.2
11:29:45.580 [FXGL Background Thread 3 ] DEBUG Engine               - notificationViewClass: class com.almasb.fxgl.notification.view.XboxNotificationView
11:29:45.580 [FXGL Background Thread 3 ] DEBUG Engine               - pixelsPerMeter: 50.0
11:29:45.580 [FXGL Background Thread 3 ] DEBUG Engine               - platform: WINDOWS
11:29:45.580 [FXGL Background Thread 3 ] DEBUG Engine               - prefHeightProperty: ReadOnlyDoubleProperty [value: 1080.0]
11:29:45.580 [FXGL Background Thread 3 ] DEBUG Engine               - prefWidthProperty: ReadOnlyDoubleProperty [value: 1920.0]
11:29:45.580 [FXGL Background Thread 3 ] DEBUG Engine               - profileDir: profiles/
11:29:45.580 [FXGL Background Thread 3 ] DEBUG Engine               - profileName: StringProperty [value: DEFAULT]
11:29:45.580 [FXGL Background Thread 3 ] DEBUG Engine               - randomSeed: -1
11:29:45.581 [FXGL Background Thread 3 ] DEBUG Engine               - runtimeInfo: RuntimeInfo(platform=WINDOWS, version=11.17, build=16.07.2021 15.46)
11:29:45.581 [FXGL Background Thread 3 ] DEBUG Engine               - saveFileExt: sav
11:29:45.581 [FXGL Background Thread 3 ] DEBUG Engine               - scaledHeightProp$fxgl: DoubleProperty [bound, value: 720.0]
11:29:45.581 [FXGL Background Thread 3 ] DEBUG Engine               - scaledWidthProp$fxgl: DoubleProperty [bound, value: 1255.0]
11:29:45.581 [FXGL Background Thread 3 ] DEBUG Engine               - sceneFactory: com.example.demo.MySceneFactory@1b9ef9a5
11:29:45.581 [FXGL Background Thread 3 ] DEBUG Engine               - secondsIn24h: 60
11:29:45.581 [FXGL Background Thread 3 ] DEBUG Engine               - soundMenuBack: menu/back.wav
11:29:45.581 [FXGL Background Thread 3 ] DEBUG Engine               - soundMenuPress: menu/press.wav
11:29:45.581 [FXGL Background Thread 3 ] DEBUG Engine               - soundMenuSelect: menu/select.wav
11:29:45.581 [FXGL Background Thread 3 ] DEBUG Engine               - soundNotification: core/notification.wav
11:29:45.581 [FXGL Background Thread 3 ] DEBUG Engine               - stageStyle: DECORATED
11:29:45.581 [FXGL Background Thread 3 ] DEBUG Engine               - supportedLanguages: [ENGLISH, FRENCH, GERMAN, HUNGARIAN, RUSSIAN]
11:29:45.581 [FXGL Background Thread 3 ] DEBUG Engine               - ticksPerSecond: -1
11:29:45.581 [FXGL Background Thread 3 ] DEBUG Engine               - title: Stictactics
11:29:45.581 [FXGL Background Thread 3 ] DEBUG Engine               - urlGithub: https://github.com/AlmasB/FXGL
11:29:45.581 [FXGL Background Thread 3 ] DEBUG Engine               - urlLeaderboard: http://fxgl-top.herokuapp.com/
11:29:45.581 [FXGL Background Thread 3 ] DEBUG Engine               - urlPOM: https://raw.githubusercontent.com/AlmasB/FXGL/release/README.md
11:29:45.582 [FXGL Background Thread 3 ] DEBUG Engine               - userAppClass: class com.example.demo.HelloApplication
11:29:45.582 [FXGL Background Thread 3 ] DEBUG Engine               - version: 0.0
11:29:45.582 [FXGL Background Thread 3 ] DEBUG Engine               - versionCheckDays: 7
11:29:45.582 [FXGL Background Thread 3 ] DEBUG Engine               - width: 1920
11:29:45.582 [FXGL Background Thread 3 ] DEBUG Engine               - Logging services
11:29:45.582 [FXGL Background Thread 3 ] DEBUG Engine               - class com.almasb.fxgl.app.services.FXGLAssetLoaderService
11:29:45.582 [FXGL Background Thread 3 ] DEBUG Engine               - class com.almasb.fxgl.app.FXGLApplication$GameApplicationService
11:29:45.582 [FXGL Background Thread 3 ] DEBUG Engine               - class com.almasb.fxgl.app.services.FXGLDialogService
11:29:45.582 [FXGL Background Thread 3 ] DEBUG Engine               - class com.almasb.fxgl.app.services.IOTaskExecutorService
11:29:45.582 [FXGL Background Thread 3 ] DEBUG Engine               - class com.almasb.fxgl.io.FileSystemService
11:29:45.582 [FXGL Background Thread 3 ] DEBUG Engine               - class com.almasb.fxgl.localization.LocalizationService
11:29:45.582 [FXGL Background Thread 3 ] DEBUG Engine               - class com.almasb.fxgl.app.services.SystemBundleService
11:29:45.582 [FXGL Background Thread 3 ] DEBUG Engine               - class com.almasb.fxgl.profile.SaveLoadService
11:29:45.582 [FXGL Background Thread 3 ] DEBUG Engine               - class com.almasb.fxgl.ui.FXGLUIFactoryServiceProvider
11:29:45.582 [FXGL Background Thread 3 ] DEBUG Engine               - class com.almasb.fxgl.ui.FXGLDialogFactoryServiceProvider
11:29:45.582 [FXGL Background Thread 3 ] DEBUG Engine               - class com.almasb.fxgl.audio.AudioPlayer
11:29:45.582 [FXGL Background Thread 3 ] DEBUG Engine               - class com.almasb.fxgl.notification.impl.NotificationServiceProvider
11:29:45.583 [FXGL Background Thread 3 ] DEBUG Engine               - class com.almasb.fxgl.achievement.AchievementService
11:29:45.583 [FXGL Background Thread 3 ] DEBUG Engine               - class com.almasb.fxgl.cutscene.CutsceneService
11:29:45.583 [FXGL Background Thread 3 ] DEBUG Engine               - class com.almasb.fxgl.minigames.MiniGameService
11:29:45.583 [FXGL Background Thread 3 ] DEBUG Engine               - class com.almasb.fxgl.net.NetService
11:29:45.583 [FXGL Background Thread 3 ] DEBUG Engine               - class com.almasb.fxgl.app.services.UpdaterService
11:29:45.583 [FXGL Background Thread 3 ] DEBUG Engine               - class com.almasb.fxgl.dev.DevService
11:29:50.875 [JavaFX Application Thread] DEBUG PrimaryStageWindow   - Push state: DialogSubScene
11:29:50.877 [JavaFX Application Thread] DEBUG Input                - Clearing active input actions
11:29:50.878 [JavaFX Application Thread] DEBUG GameApplicationServi - Removing overlay from GameScene and adding to DialogSubScene
11:29:50.878 [JavaFX Application Thread] DEBUG PrimaryStageWindow   - GameScene -> DialogSubScene
11:29:51.594 [JavaFX Application Thread] DEBUG PrimaryStageWindow   - Pop state: DialogSubScene
11:29:51.594 [JavaFX Application Thread] DEBUG Input                - Clearing active input actions
11:29:51.594 [JavaFX Application Thread] DEBUG GameApplicationServi - Removing overlay from DialogSubScene and adding to GameScene
11:29:51.594 [JavaFX Application Thread] DEBUG PrimaryStageWindow   - GameScene <- DialogSubScene
11:29:51.594 [JavaFX Application Thread] DEBUG FXGLApplication      - Exiting FXGL
11:29:51.596 [JavaFX Application Thread] DEBUG LoopRunner           - Stopping loop
11:29:51.596 [JavaFX Application Thread] DEBUG SystemBundleService  - Saving FXGL system data
11:29:51.597 [JavaFX Application Thread] DEBUG FileSystemAccess     - Writing to: C:\Users\zyla\demoGame4OOP\system\fxgl.bundle
11:29:51.599 [JavaFX Application Thread] DEBUG Async                - Shutting down background threads
11:29:51.599 [JavaFX Application Thread] DEBUG PrimaryStageWindow   - Closing main window
11:29:51.616 [JavaFX Application Thread] DEBUG Logger               - Closing Logger
