01:35:26.164 [main                     ] DEBUG Logger               - Configured Logger
01:35:26.167 [main                     ] DEBUG GameApplication      - Logging settings
Title: Stictactics
Version: 0.0
Width: 1920
Height: 1080
Fullscreen: false
Intro: false
Profiling: false
Single step:false
App Mode: DEVELOPER
Menu Key: ESCAPE
Stage Style: DECORATED
Scene Factory: class com.example.demo.MySceneFactory

01:35:26.580 [JavaFX Application Thread] DEBUG FXGLApplication      - Initializing FXGL
01:35:26.582 [JavaFX Application Thread] INFO  Engine               - FXGL-11.17 (16.07.2021 15.46) on WINDOWS (J:23.0.2 FX:17.0.6)
01:35:26.583 [JavaFX Application Thread] DEBUG Engine               - JRE Vendor Name: Amazon.com Inc.
01:35:26.583 [JavaFX Application Thread] DEBUG Engine               - Running on OS: Windows 11 version 10.0
01:35:26.583 [JavaFX Application Thread] DEBUG Engine               - Architecture: amd64
01:35:26.583 [JavaFX Application Thread] INFO  Engine               - Source code and latest versions at: https://github.com/AlmasB/FXGL
01:35:26.583 [JavaFX Application Thread] INFO  Engine               -              Join the FXGL chat at: https://gitter.im/AlmasB/FXGL
01:35:26.687 [JavaFX Application Thread] DEBUG PrimaryStageWindow   - Creating a JavaFX scene
01:35:26.687 [JavaFX Application Thread] DEBUG PrimaryStageWindow   - Target size > screen size
01:35:26.738 [JavaFX Application Thread] DEBUG PrimaryStageWindow   - Target settings size: 1920.0 x 1080.0
01:35:26.738 [JavaFX Application Thread] DEBUG PrimaryStageWindow   - Scaled scene size:    1255.0 x 720.0
01:35:26.738 [JavaFX Application Thread] DEBUG PrimaryStageWindow   - Scaled ratio: (0.6536458333333334, 0.6666666666666666)
01:35:26.739 [JavaFX Application Thread] DEBUG PrimaryStageWindow   - Set initial scene to FXGLStartupScene
01:35:26.746 [JavaFX Application Thread] DEBUG PrimaryStageWindow   - Opening main window
01:35:26.848 [JavaFX Application Thread] DEBUG PrimaryStageWindow   - Window border size: (16.0, 39.0)
01:35:26.848 [JavaFX Application Thread] DEBUG PrimaryStageWindow   - Scaled size: 1255.0 x 720.0
01:35:26.848 [JavaFX Application Thread] DEBUG PrimaryStageWindow   - Scaled ratio: (0.6536458333333334, 0.6666666666666666)
01:35:26.848 [JavaFX Application Thread] DEBUG PrimaryStageWindow   - Scene size: 1255.0 x 720.0
01:35:26.848 [JavaFX Application Thread] DEBUG PrimaryStageWindow   - Stage size: 1271.0 x 759.0
01:35:26.857 [FXGL Background Thread 1 ] DEBUG Engine               - Initializing environment variables
01:35:27.002 [FXGL Background Thread 1 ] DEBUG FXGLAssetLoaderServi - User app class for loading assets: class com.example.demo.HelloController
01:35:27.002 [FXGL Background Thread 1 ] DEBUG GameApplicationServi - Applying CSS: fxgl_dark.css
01:35:27.002 [FXGL Background Thread 1 ] DEBUG FXGLAssetLoaderServi - Loading from file system: jar:file:///C:/Users/zyla/.m2/repository/com/github/almasb/fxgl/11.17/fxgl-11.17.jar!/fxglassets/ui/css/fxgl_dark.css
01:35:27.073 [FXGL Background Thread 1 ] DEBUG GameApplicationServi - Initializing application scenes
01:35:27.214 [FXGL Background Thread 1 ] DEBUG GameWorld            - Game world initialized
01:35:27.302 [FXGL Background Thread 1 ] DEBUG PhysicsWorld         - Physics world initialized: appHeight=1080, physics.ppm=50.0
01:35:27.302 [FXGL Background Thread 1 ] DEBUG PhysicsWorld         - Using strategy: BRUTE_FORCE
01:35:27.305 [FXGL Background Thread 1 ] DEBUG GameScene            - Game scene initialized: 1920x1080
01:35:27.470 [FXGL Background Thread 1 ] DEBUG GameApplicationServi - Application scenes initialized
01:35:27.484 [FXGL Background Thread 1 ] DEBUG SystemBundleService  - Loading FXGL system data
01:35:27.491 [FXGL Background Thread 1 ] DEBUG FileSystemAccess     - Reading from: C:\Users\zyla\demoGame4OOP\system\fxgl.bundle
01:35:27.501 [FXGL Background Thread 1 ] DEBUG SystemBundleService  - Bundle FXGL: {}
01:35:27.502 [FXGL Background Thread 1 ] DEBUG UpdaterService       - Checking for updates
01:35:27.510 [FXGL Background Thread 1 ] DEBUG FXGLApplication      - Loading default localization
01:35:27.510 [FXGL Background Thread 1 ] DEBUG FXGLAssetLoaderServi - Loading from file system: jar:file:///C:/Users/zyla/.m2/repository/com/github/almasb/fxgl/11.17/fxgl-11.17.jar!/fxglassets/languages/english.lang
01:35:27.529 [FXGL Background Thread 4 ] DEBUG FXGLApplication      - Loading fonts
01:35:27.529 [FXGL Background Thread 4 ] DEBUG FXGLAssetLoaderServi - Loading from file system: jar:file:///C:/Users/zyla/.m2/repository/com/github/almasb/fxgl/11.17/fxgl-11.17.jar!/fxglassets/ui/fonts/VarelaRound-Regular.ttf
01:35:27.553 [FXGL Background Thread 1 ] INFO  FXGLApplication      - FXGL initialization took: 0.696 sec
01:35:27.569 [JavaFX Application Thread] DEBUG Input                - Registered new binding: Pause Game - Esc
01:35:27.570 [JavaFX Application Thread] DEBUG Input                - Registered new binding: P1Left - A
01:35:27.570 [JavaFX Application Thread] DEBUG Input                - Registered new binding: P1Right - D
01:35:27.570 [JavaFX Application Thread] DEBUG Input                - Registered new binding: P1Jump - W
01:35:27.570 [JavaFX Application Thread] DEBUG Input                - Registered new binding: P1Punch - F
01:35:27.570 [JavaFX Application Thread] DEBUG Input                - Registered new binding: P1EnhancedPunch - E
01:35:27.570 [JavaFX Application Thread] DEBUG Input                - Registered new binding: P1Ult - Q
01:35:27.571 [JavaFX Application Thread] DEBUG Input                - Registered new binding: P2Left - Left
01:35:27.571 [JavaFX Application Thread] DEBUG Input                - Registered new binding: P2Right - Right
01:35:27.571 [JavaFX Application Thread] DEBUG Input                - Registered new binding: P2Jump - Up
01:35:27.571 [JavaFX Application Thread] DEBUG Input                - Registered new binding: P2Punch - H
01:35:27.571 [JavaFX Application Thread] DEBUG Input                - Registered new binding: P2EnhancedPunch - U
01:35:27.572 [JavaFX Application Thread] DEBUG Input                - Registered new binding: P2Ult - O
01:35:27.577 [JavaFX Application Thread] WARN  FXGLAssetLoaderServi - Asset "/assets/textures//assets/textures/background-intro.mp4" was not found!
01:35:27.577 [JavaFX Application Thread] WARN  FXGLAssetLoaderServi - Failed to load IMAGE
01:35:27.635 [JavaFX Application Thread] DEBUG FXGLAssetLoaderServi - Loading from file system: jar:file:///C:/Users/zyla/.m2/repository/com/github/almasb/fxgl/11.17/fxgl-11.17.jar!/fxglassets/textures/fxgl_icon.png
01:35:27.720 [JavaFX Application Thread] DEBUG FXGLAssetLoaderServi - Loading from file system: jar:file:///C:/Users/zyla/.m2/repository/com/github/almasb/fxgl/11.17/fxgl-11.17.jar!/fxglassets/textures/fxgl_default_cursor.png
01:35:27.724 [JavaFX Application Thread] DEBUG Input                - Registered new binding: Screenshot - CTRL+8
01:35:27.731 [JavaFX Application Thread] DEBUG Input                - Registered new binding: System info dump - CTRL+9
01:35:27.732 [JavaFX Application Thread] DEBUG Input                - Registered new binding: Restart - CTRL+R
01:35:27.735 [JavaFX Application Thread] DEBUG Input                - Registered new binding: Toggle Debug Camera - CTRL+C
01:35:27.741 [JavaFX Application Thread] DEBUG LoopRunner           - Starting loop
01:35:27.742 [JavaFX Application Thread] DEBUG LoopRunner           - Initializing JavaFX AnimationTimerLoop
01:35:27.749 [JavaFX Application Thread] DEBUG Input                - Clearing active input actions
01:35:27.780 [JavaFX Application Thread] DEBUG GameApplicationServi - Removing overlay from FXGLStartupScene and adding to FXGLMainMenuDummyScene
01:35:27.780 [JavaFX Application Thread] DEBUG PrimaryStageWindow   - FXGLStartupScene -> FXGLMainMenuDummyScene
01:35:27.780 [JavaFX Application Thread] DEBUG PrimaryStageWindow   - Push state: CustomMainMenu
01:35:27.781 [JavaFX Application Thread] DEBUG Input                - Clearing active input actions
01:35:27.797 [JavaFX Application Thread] DEBUG GameApplicationServi - Removing overlay from FXGLMainMenuDummyScene and adding to CustomMainMenu
01:35:27.797 [JavaFX Application Thread] DEBUG PrimaryStageWindow   - FXGLMainMenuDummyScene -> CustomMainMenu
01:35:28.261 [FXGL Background Thread 4 ] DEBUG FXGLAssetLoaderServi - Loading from file system: jar:file:///C:/Users/zyla/.m2/repository/com/github/almasb/fxgl/11.17/fxgl-11.17.jar!/fxglassets/ui/fonts/Abel-Regular.ttf
01:35:28.287 [FXGL Background Thread 4 ] DEBUG FXGLAssetLoaderServi - Loading from file system: jar:file:///C:/Users/zyla/.m2/repository/com/github/almasb/fxgl/11.17/fxgl-11.17.jar!/fxglassets/ui/fonts/lucida_console.ttf
01:35:28.312 [FXGL Background Thread 4 ] DEBUG FXGLAssetLoaderServi - Loading from file system: jar:file:///C:/Users/zyla/.m2/repository/com/github/almasb/fxgl/11.17/fxgl-11.17.jar!/fxglassets/ui/fonts/Courier-Prime.ttf
01:35:28.342 [JavaFX Application Thread] DEBUG FXGLApplication      - Registering font factories with UI factory
01:35:28.523 [JavaFX Application Thread] DEBUG Menu                 - fireNewGame()
01:35:28.523 [JavaFX Application Thread] DEBUG GameApplicationServi - Starting new game
01:35:28.524 [JavaFX Application Thread] DEBUG PrimaryStageWindow   - Pop state: CustomMainMenu
01:35:28.524 [JavaFX Application Thread] DEBUG Input                - Clearing active input actions
01:35:28.526 [JavaFX Application Thread] DEBUG GameApplicationServi - Removing overlay from CustomMainMenu and adding to FXGLMainMenuDummyScene
01:35:28.527 [JavaFX Application Thread] DEBUG PrimaryStageWindow   - FXGLMainMenuDummyScene <- CustomMainMenu
01:35:28.528 [JavaFX Application Thread] DEBUG Input                - Clearing active input actions
01:35:28.545 [JavaFX Application Thread] DEBUG GameApplicationServi - Removing overlay from FXGLMainMenuDummyScene and adding to FXGLLoadingScene
01:35:28.545 [JavaFX Application Thread] DEBUG PrimaryStageWindow   - FXGLMainMenuDummyScene -> FXGLLoadingScene
01:35:28.545 [JavaFX Application Thread] DEBUG GameApplicationServi - Clearing previous game
01:35:28.546 [JavaFX Application Thread] DEBUG GameScene            - Clearing game scene
01:35:28.546 [JavaFX Application Thread] DEBUG GameWorld            - Clearing game world
01:35:28.546 [JavaFX Application Thread] DEBUG PhysicsWorld         - Clearing physics world
01:35:28.555 [FXGL Background Thread 4 ] DEBUG FXGLApplication      - Initializing game
01:35:28.783 [FXGL Background Thread 4 ] WARN  TMXLevelLoader       - TiledMap generated from 1.11.2. Supported version: 1.2.3. Some features may not be parsed fully.
01:35:28.812 [FXGL Background Thread 4 ] DEBUG TMXLevelLoader       - Parsed TiledMap: file:/C:/Users/zyla/demoGame4OOP/target/classes/assets/levels/tmx/map3.tmx
01:35:28.817 [FXGL Background Thread 4 ] DEBUG TMXLevelLoader       - Creating tile layer entities
01:35:28.824 [FXGL Background Thread 4 ] DEBUG TilesetLoader        - Loading view for layer Tile Layer 1
01:35:28.827 [FXGL Background Thread 4 ] DEBUG TilesetLoader        - Created buffer with size 1920.0x1088.0
01:35:28.906 [FXGL Background Thread 2 ] INFO  UpdaterService       - Your current version:  11.17
01:35:28.907 [FXGL Background Thread 2 ] INFO  UpdaterService       - Latest stable version: 21.1
01:35:29.192 [FXGL Background Thread 4 ] DEBUG TMXLevelLoader       - Creating object layer entities
01:35:29.232 [FXGL Background Thread 4 ] DEBUG GameWorld            - Clearing removable entities
01:35:29.233 [FXGL Background Thread 4 ] DEBUG GameWorld            - Setting level: com.almasb.fxgl.entity.level.Level@1b88cef3
01:35:29.264 [FXGL Background Thread 4 ] DEBUG FXGLAssetLoaderServi - Loading from file system: file:/C:/Users/zyla/demoGame4OOP/target/classes/assets/textures/character_2/knight_idle.png
01:35:29.295 [FXGL Background Thread 4 ] DEBUG FXGLAssetLoaderServi - Loading from file system: file:/C:/Users/zyla/demoGame4OOP/target/classes/assets/textures/character_2/knight_walk.png
01:35:29.313 [FXGL Background Thread 4 ] DEBUG FXGLAssetLoaderServi - Loading from file system: file:/C:/Users/zyla/demoGame4OOP/target/classes/assets/textures/fighter_attack_enhanced_p2.png
01:35:29.332 [FXGL Background Thread 4 ] DEBUG FXGLAssetLoaderServi - Loading from file system: file:/C:/Users/zyla/demoGame4OOP/target/classes/assets/textures/character_2/knight_jump.png
01:35:29.342 [FXGL Background Thread 4 ] DEBUG FXGLAssetLoaderServi - Loading from file system: file:/C:/Users/zyla/demoGame4OOP/target/classes/assets/textures/character_2/knight_combo.png
01:35:29.359 [FXGL Background Thread 4 ] DEBUG FXGLAssetLoaderServi - Loading from file system: file:/C:/Users/zyla/demoGame4OOP/target/classes/assets/textures/fighter_ult_P2.png
01:35:29.434 [FXGL Background Thread 4 ] DEBUG FXGLAssetLoaderServi - Loading from file system: file:/C:/Users/zyla/demoGame4OOP/target/classes/assets/textures/fighter_hit.png
01:35:29.447 [FXGL Background Thread 4 ] DEBUG FXGLAssetLoaderServi - Loading from file system: file:/C:/Users/zyla/demoGame4OOP/target/classes/assets/textures/fighter_idle_P2.png
01:35:29.454 [FXGL Background Thread 4 ] DEBUG FXGLAssetLoaderServi - Loading from file system: file:/C:/Users/zyla/demoGame4OOP/target/classes/assets/textures/fighter_walk_P2.png
01:35:29.461 [FXGL Background Thread 4 ] DEBUG FXGLAssetLoaderServi - Loading from file system: file:/C:/Users/zyla/demoGame4OOP/target/classes/assets/textures/fighter_jump_P2.png
01:35:29.466 [FXGL Background Thread 4 ] DEBUG FXGLAssetLoaderServi - Loading from file system: file:/C:/Users/zyla/demoGame4OOP/target/classes/assets/textures/fighter_attack_P2.png
01:35:29.486 [FXGL Background Thread 4 ] INFO  FXGLApplication      - Game initialization took: 0.930 sec
01:35:29.487 [JavaFX Application Thread] DEBUG Input                - Clearing active input actions
01:35:29.515 [JavaFX Application Thread] DEBUG GameApplicationServi - Removing overlay from FXGLLoadingScene and adding to GameScene
01:35:29.515 [JavaFX Application Thread] DEBUG PrimaryStageWindow   - FXGLLoadingScene -> GameScene
01:35:30.507 [FXGL Background Thread 3 ] DEBUG Engine               - Logging environment variables
01:35:30.507 [FXGL Background Thread 3 ] DEBUG Engine               - achievements: []
01:35:30.507 [FXGL Background Thread 3 ] DEBUG Engine               - actualHeight: 720.0
01:35:30.507 [FXGL Background Thread 3 ] DEBUG Engine               - actualHeightProperty: ReadOnlyDoubleProperty [value: 720.0]
01:35:30.507 [FXGL Background Thread 3 ] DEBUG Engine               - actualWidth: 1255.0
01:35:30.507 [FXGL Background Thread 3 ] DEBUG Engine               - actualWidthProperty: ReadOnlyDoubleProperty [value: 1255.0]
01:35:30.507 [FXGL Background Thread 3 ] DEBUG Engine               - appIcon: fxgl_icon.png
01:35:30.507 [FXGL Background Thread 3 ] DEBUG Engine               - applicationMode: DEVELOPER
01:35:30.507 [FXGL Background Thread 3 ] DEBUG Engine               - cSSList: [fxgl_dark.css]
01:35:30.507 [FXGL Background Thread 3 ] DEBUG Engine               - collisionDetectionStrategy: BRUTE_FORCE
01:35:30.507 [FXGL Background Thread 3 ] DEBUG Engine               - configClass: Optional.empty
01:35:30.507 [FXGL Background Thread 3 ] DEBUG Engine               - credits: []
01:35:30.508 [FXGL Background Thread 3 ] DEBUG Engine               - defaultCursor: CursorInfo(imageName=fxgl_default_cursor.png, hotspotX=7.0, hotspotY=6.0)
01:35:30.508 [FXGL Background Thread 3 ] DEBUG Engine               - devBBoxColorProperty: ObjectProperty [value: 0xff0000ff]
01:35:30.508 [FXGL Background Thread 3 ] DEBUG Engine               - devEnableDebugCameraProperty: BooleanProperty [value: false]
01:35:30.508 [FXGL Background Thread 3 ] DEBUG Engine               - devSensorColorProperty: ObjectProperty [value: 0xffff00ff]
01:35:30.508 [FXGL Background Thread 3 ] DEBUG Engine               - devShowBBoxProperty: BooleanProperty [value: false]
01:35:30.508 [FXGL Background Thread 3 ] DEBUG Engine               - devShowPositionProperty: BooleanProperty [value: false]
01:35:30.508 [FXGL Background Thread 3 ] DEBUG Engine               - enabledMenuItems: []
01:35:30.508 [FXGL Background Thread 3 ] DEBUG Engine               - engineServices: [class com.almasb.fxgl.app.services.FXGLAssetLoaderService, class com.almasb.fxgl.app.FXGLApplication$GameApplicationService, class com.almasb.fxgl.app.services.FXGLDialogService, class com.almasb.fxgl.app.services.IOTaskExecutorService, class com.almasb.fxgl.io.FileSystemService, class com.almasb.fxgl.localization.LocalizationService, class com.almasb.fxgl.app.services.SystemBundleService, class com.almasb.fxgl.profile.SaveLoadService, class com.almasb.fxgl.ui.FXGLUIFactoryServiceProvider, class com.almasb.fxgl.ui.FXGLDialogFactoryServiceProvider, class com.almasb.fxgl.audio.AudioPlayer, class com.almasb.fxgl.notification.impl.NotificationServiceProvider, class com.almasb.fxgl.achievement.AchievementService, class com.almasb.fxgl.cutscene.CutsceneService, class com.almasb.fxgl.minigames.MiniGameService, class com.almasb.fxgl.net.NetService, class com.almasb.fxgl.app.services.UpdaterService, class com.almasb.fxgl.dev.DevService]
01:35:30.508 [FXGL Background Thread 3 ] DEBUG Engine               - fontGame: Abel-Regular.ttf
01:35:30.508 [FXGL Background Thread 3 ] DEBUG Engine               - fontMono: lucida_console.ttf
01:35:30.508 [FXGL Background Thread 3 ] DEBUG Engine               - fontText: Courier-Prime.ttf
01:35:30.509 [FXGL Background Thread 3 ] DEBUG Engine               - fontUI: VarelaRound-Regular.ttf
01:35:30.509 [FXGL Background Thread 3 ] DEBUG Engine               - fullScreen: BooleanProperty [value: false]
01:35:30.509 [FXGL Background Thread 3 ] DEBUG Engine               - gameDifficulty: MEDIUM
01:35:30.509 [FXGL Background Thread 3 ] DEBUG Engine               - gameDifficultyProperty: ObjectProperty [value: MEDIUM]
01:35:30.509 [FXGL Background Thread 3 ] DEBUG Engine               - globalMusicVolume: 0.5
01:35:30.509 [FXGL Background Thread 3 ] DEBUG Engine               - globalMusicVolumeProperty: DoubleProperty [value: 0.5]
01:35:30.510 [FXGL Background Thread 3 ] DEBUG Engine               - globalSoundVolume: 0.5
01:35:30.511 [FXGL Background Thread 3 ] DEBUG Engine               - globalSoundVolumeProperty: DoubleProperty [value: 0.5]
01:35:30.511 [FXGL Background Thread 3 ] DEBUG Engine               - height: 1080
01:35:30.511 [FXGL Background Thread 3 ] DEBUG Engine               - is3D: false
01:35:30.511 [FXGL Background Thread 3 ] DEBUG Engine               - isAndroid: false
01:35:30.511 [FXGL Background Thread 3 ] DEBUG Engine               - isBrowser: false
01:35:30.511 [FXGL Background Thread 3 ] DEBUG Engine               - isClickFeedbackEnabled: false
01:35:30.511 [FXGL Background Thread 3 ] DEBUG Engine               - isCloseConfirmation: true
01:35:30.512 [FXGL Background Thread 3 ] DEBUG Engine               - isDesktop: true
01:35:30.512 [FXGL Background Thread 3 ] DEBUG Engine               - isDeveloperMenuEnabled: false
01:35:30.512 [FXGL Background Thread 3 ] DEBUG Engine               - isEntityPreloadEnabled: true
01:35:30.512 [FXGL Background Thread 3 ] DEBUG Engine               - isExperimentalTiledLargeMap: false
01:35:30.512 [FXGL Background Thread 3 ] DEBUG Engine               - isFileSystemWriteAllowed: true
01:35:30.512 [FXGL Background Thread 3 ] DEBUG Engine               - isFullScreenAllowed: false
01:35:30.512 [FXGL Background Thread 3 ] DEBUG Engine               - isFullScreenFromStart: false
01:35:30.512 [FXGL Background Thread 3 ] DEBUG Engine               - isGameMenuEnabled: false
01:35:30.512 [FXGL Background Thread 3 ] DEBUG Engine               - isIOS: false
01:35:30.512 [FXGL Background Thread 3 ] DEBUG Engine               - isIntroEnabled: false
01:35:30.512 [FXGL Background Thread 3 ] DEBUG Engine               - isLinux: false
01:35:30.512 [FXGL Background Thread 3 ] DEBUG Engine               - isMac: false
01:35:30.512 [FXGL Background Thread 3 ] DEBUG Engine               - isMainMenuEnabled: true
01:35:30.512 [FXGL Background Thread 3 ] DEBUG Engine               - isManualResizeEnabled: false
01:35:30.512 [FXGL Background Thread 3 ] DEBUG Engine               - isMobile: false
01:35:30.512 [FXGL Background Thread 3 ] DEBUG Engine               - isNative: false
01:35:30.512 [FXGL Background Thread 3 ] DEBUG Engine               - isPauseMusicWhenMinimized: true
01:35:30.512 [FXGL Background Thread 3 ] DEBUG Engine               - isPreserveResizeRatio: false
01:35:30.512 [FXGL Background Thread 3 ] DEBUG Engine               - isProfilingEnabled: false
01:35:30.513 [FXGL Background Thread 3 ] DEBUG Engine               - isScaleAffectedOnResize: true
01:35:30.513 [FXGL Background Thread 3 ] DEBUG Engine               - isSingleStep: false
01:35:30.513 [FXGL Background Thread 3 ] DEBUG Engine               - isUserProfileEnabled: false
01:35:30.513 [FXGL Background Thread 3 ] DEBUG Engine               - isWindows: true
01:35:30.513 [FXGL Background Thread 3 ] DEBUG Engine               - language: ObjectProperty [value: ENGLISH]
01:35:30.513 [FXGL Background Thread 3 ] DEBUG Engine               - menuKey: ESCAPE
01:35:30.513 [FXGL Background Thread 3 ] DEBUG Engine               - mouseSensitivity: 0.2
01:35:30.513 [FXGL Background Thread 3 ] DEBUG Engine               - notificationViewClass: class com.almasb.fxgl.notification.view.XboxNotificationView
01:35:30.513 [FXGL Background Thread 3 ] DEBUG Engine               - pixelsPerMeter: 50.0
01:35:30.513 [FXGL Background Thread 3 ] DEBUG Engine               - platform: WINDOWS
01:35:30.513 [FXGL Background Thread 3 ] DEBUG Engine               - prefHeightProperty: ReadOnlyDoubleProperty [value: 1080.0]
01:35:30.513 [FXGL Background Thread 3 ] DEBUG Engine               - prefWidthProperty: ReadOnlyDoubleProperty [value: 1920.0]
01:35:30.513 [FXGL Background Thread 3 ] DEBUG Engine               - profileDir: profiles/
01:35:30.513 [FXGL Background Thread 3 ] DEBUG Engine               - profileName: StringProperty [value: DEFAULT]
01:35:30.513 [FXGL Background Thread 3 ] DEBUG Engine               - randomSeed: -1
01:35:30.513 [FXGL Background Thread 3 ] DEBUG Engine               - runtimeInfo: RuntimeInfo(platform=WINDOWS, version=11.17, build=16.07.2021 15.46)
01:35:30.513 [FXGL Background Thread 3 ] DEBUG Engine               - saveFileExt: sav
01:35:30.513 [FXGL Background Thread 3 ] DEBUG Engine               - scaledHeightProp$fxgl: DoubleProperty [bound, value: 720.0]
01:35:30.513 [FXGL Background Thread 3 ] DEBUG Engine               - scaledWidthProp$fxgl: DoubleProperty [bound, value: 1255.0]
01:35:30.514 [FXGL Background Thread 3 ] DEBUG Engine               - sceneFactory: com.example.demo.MySceneFactory@299c02c9
01:35:30.514 [FXGL Background Thread 3 ] DEBUG Engine               - secondsIn24h: 60
01:35:30.514 [FXGL Background Thread 3 ] DEBUG Engine               - soundMenuBack: menu/back.wav
01:35:30.514 [FXGL Background Thread 3 ] DEBUG Engine               - soundMenuPress: menu/press.wav
01:35:30.514 [FXGL Background Thread 3 ] DEBUG Engine               - soundMenuSelect: menu/select.wav
01:35:30.514 [FXGL Background Thread 3 ] DEBUG Engine               - soundNotification: core/notification.wav
01:35:30.514 [FXGL Background Thread 3 ] DEBUG Engine               - stageStyle: DECORATED
01:35:30.514 [FXGL Background Thread 3 ] DEBUG Engine               - supportedLanguages: [ENGLISH, FRENCH, GERMAN, HUNGARIAN, RUSSIAN]
01:35:30.514 [FXGL Background Thread 3 ] DEBUG Engine               - ticksPerSecond: -1
01:35:30.514 [FXGL Background Thread 3 ] DEBUG Engine               - title: Stictactics
01:35:30.514 [FXGL Background Thread 3 ] DEBUG Engine               - urlGithub: https://github.com/AlmasB/FXGL
01:35:30.514 [FXGL Background Thread 3 ] DEBUG Engine               - urlLeaderboard: http://fxgl-top.herokuapp.com/
01:35:30.514 [FXGL Background Thread 3 ] DEBUG Engine               - urlPOM: https://raw.githubusercontent.com/AlmasB/FXGL/release/README.md
01:35:30.514 [FXGL Background Thread 3 ] DEBUG Engine               - userAppClass: class com.example.demo.HelloController
01:35:30.514 [FXGL Background Thread 3 ] DEBUG Engine               - version: 0.0
01:35:30.514 [FXGL Background Thread 3 ] DEBUG Engine               - versionCheckDays: 7
01:35:30.514 [FXGL Background Thread 3 ] DEBUG Engine               - width: 1920
01:35:30.514 [FXGL Background Thread 3 ] DEBUG Engine               - Logging services
01:35:30.514 [FXGL Background Thread 3 ] DEBUG Engine               - class com.almasb.fxgl.app.services.FXGLAssetLoaderService
01:35:30.514 [FXGL Background Thread 3 ] DEBUG Engine               - class com.almasb.fxgl.app.FXGLApplication$GameApplicationService
01:35:30.514 [FXGL Background Thread 3 ] DEBUG Engine               - class com.almasb.fxgl.app.services.FXGLDialogService
01:35:30.514 [FXGL Background Thread 3 ] DEBUG Engine               - class com.almasb.fxgl.app.services.IOTaskExecutorService
01:35:30.514 [FXGL Background Thread 3 ] DEBUG Engine               - class com.almasb.fxgl.io.FileSystemService
01:35:30.515 [FXGL Background Thread 3 ] DEBUG Engine               - class com.almasb.fxgl.localization.LocalizationService
01:35:30.515 [FXGL Background Thread 3 ] DEBUG Engine               - class com.almasb.fxgl.app.services.SystemBundleService
01:35:30.515 [FXGL Background Thread 3 ] DEBUG Engine               - class com.almasb.fxgl.profile.SaveLoadService
01:35:30.515 [FXGL Background Thread 3 ] DEBUG Engine               - class com.almasb.fxgl.ui.FXGLUIFactoryServiceProvider
01:35:30.515 [FXGL Background Thread 3 ] DEBUG Engine               - class com.almasb.fxgl.ui.FXGLDialogFactoryServiceProvider
01:35:30.515 [FXGL Background Thread 3 ] DEBUG Engine               - class com.almasb.fxgl.audio.AudioPlayer
01:35:30.515 [FXGL Background Thread 3 ] DEBUG Engine               - class com.almasb.fxgl.notification.impl.NotificationServiceProvider
01:35:30.515 [FXGL Background Thread 3 ] DEBUG Engine               - class com.almasb.fxgl.achievement.AchievementService
01:35:30.515 [FXGL Background Thread 3 ] DEBUG Engine               - class com.almasb.fxgl.cutscene.CutsceneService
01:35:30.515 [FXGL Background Thread 3 ] DEBUG Engine               - class com.almasb.fxgl.minigames.MiniGameService
01:35:30.515 [FXGL Background Thread 3 ] DEBUG Engine               - class com.almasb.fxgl.net.NetService
01:35:30.515 [FXGL Background Thread 3 ] DEBUG Engine               - class com.almasb.fxgl.app.services.UpdaterService
01:35:30.515 [FXGL Background Thread 3 ] DEBUG Engine               - class com.almasb.fxgl.dev.DevService
01:35:37.401 [JavaFX Application Thread] DEBUG LoopRunner           - Pausing loop
01:35:37.408 [JavaFX Application Thread] DEBUG LoopRunner           - Pausing loop
01:35:38.720 [JavaFX Application Thread] DEBUG LoopRunner           - Resuming loop
01:35:38.720 [JavaFX Application Thread] DEBUG GameApplicationServi - Starting new game
01:35:38.720 [JavaFX Application Thread] DEBUG Input                - Clearing active input actions
01:35:38.729 [JavaFX Application Thread] DEBUG GameApplicationServi - Removing overlay from GameScene and adding to FXGLLoadingScene
01:35:38.730 [JavaFX Application Thread] DEBUG PrimaryStageWindow   - GameScene -> FXGLLoadingScene
01:35:38.730 [JavaFX Application Thread] DEBUG GameApplicationServi - Clearing previous game
01:35:38.730 [JavaFX Application Thread] DEBUG GameScene            - Clearing game scene
01:35:38.730 [JavaFX Application Thread] DEBUG GameWorld            - Clearing game world
01:35:38.731 [JavaFX Application Thread] DEBUG PhysicsWorld         - Clearing physics world
01:35:38.731 [FXGL Background Thread 4 ] DEBUG FXGLApplication      - Initializing game
01:35:38.739 [FXGL Background Thread 4 ] WARN  TMXLevelLoader       - TiledMap generated from 1.11.2. Supported version: 1.2.3. Some features may not be parsed fully.
01:35:38.749 [FXGL Background Thread 4 ] DEBUG TMXLevelLoader       - Parsed TiledMap: file:/C:/Users/zyla/demoGame4OOP/target/classes/assets/levels/tmx/map.tmx
01:35:38.750 [FXGL Background Thread 4 ] DEBUG TMXLevelLoader       - Creating tile layer entities
01:35:38.751 [FXGL Background Thread 4 ] DEBUG TilesetLoader        - Loading view for layer Tile Layer 1
01:35:38.753 [FXGL Background Thread 4 ] DEBUG TilesetLoader        - Created buffer with size 1920.0x1088.0
01:35:38.831 [FXGL Background Thread 4 ] DEBUG TMXLevelLoader       - Creating object layer entities
01:35:38.839 [FXGL Background Thread 4 ] DEBUG GameWorld            - Clearing removable entities
01:35:38.839 [FXGL Background Thread 4 ] DEBUG GameWorld            - Setting level: com.almasb.fxgl.entity.level.Level@1b00bf16
01:35:38.865 [FXGL Background Thread 4 ] INFO  FXGLApplication      - Game initialization took: 0.133 sec
01:35:38.867 [JavaFX Application Thread] DEBUG Input                - Clearing active input actions
01:35:38.875 [JavaFX Application Thread] DEBUG GameApplicationServi - Removing overlay from FXGLLoadingScene and adding to GameScene
01:35:38.875 [JavaFX Application Thread] DEBUG PrimaryStageWindow   - FXGLLoadingScene -> GameScene
01:35:46.054 [JavaFX Application Thread] DEBUG PrimaryStageWindow   - Push state: DialogSubScene
01:35:46.054 [JavaFX Application Thread] DEBUG Input                - Clearing active input actions
01:35:46.056 [JavaFX Application Thread] DEBUG GameApplicationServi - Removing overlay from GameScene and adding to DialogSubScene
01:35:46.056 [JavaFX Application Thread] DEBUG PrimaryStageWindow   - GameScene -> DialogSubScene
01:35:46.745 [JavaFX Application Thread] DEBUG PrimaryStageWindow   - Pop state: DialogSubScene
01:35:46.745 [JavaFX Application Thread] DEBUG Input                - Clearing active input actions
01:35:46.746 [JavaFX Application Thread] DEBUG GameApplicationServi - Removing overlay from DialogSubScene and adding to GameScene
01:35:46.746 [JavaFX Application Thread] DEBUG PrimaryStageWindow   - GameScene <- DialogSubScene
01:35:46.746 [JavaFX Application Thread] DEBUG FXGLApplication      - Exiting FXGL
01:35:46.746 [JavaFX Application Thread] DEBUG LoopRunner           - Stopping loop
01:35:46.746 [JavaFX Application Thread] DEBUG SystemBundleService  - Saving FXGL system data
01:35:46.748 [JavaFX Application Thread] DEBUG FileSystemAccess     - Writing to: C:\Users\zyla\demoGame4OOP\system\fxgl.bundle
01:35:46.751 [JavaFX Application Thread] DEBUG Async                - Shutting down background threads
01:35:46.751 [JavaFX Application Thread] DEBUG PrimaryStageWindow   - Closing main window
01:35:46.785 [JavaFX Application Thread] DEBUG Logger               - Closing Logger
