13:22:28.934 [main                     ] DEBUG Logger               - Configured Logger
13:22:28.936 [main                     ] DEBUG GameApplication      - Logging settings
Title: Stictactics
Version: 0.0
Width: 1920
Height: 1080
Fullscreen: false
Intro: true
Profiling: false
Single step:false
App Mode: DEVELOPER
Menu Key: ESCAPE
Stage Style: DECORATED
Scene Factory: class com.example.demo.MySceneFactory

13:22:29.597 [JavaFX Application Thread] DEBUG FXGLApplication      - Initializing FXGL
13:22:29.600 [JavaFX Application Thread] INFO  Engine               - FXGL-11.17 (16.07.2021 15.46) on WINDOWS (J:23 FX:17.0.6)
13:22:29.601 [JavaFX Application Thread] DEBUG Engine               - JRE Vendor Name: Oracle Corporation
13:22:29.601 [JavaFX Application Thread] DEBUG Engine               - Running on OS: Windows 11 version 10.0
13:22:29.601 [JavaFX Application Thread] DEBUG Engine               - Architecture: amd64
13:22:29.601 [JavaFX Application Thread] INFO  Engine               - Source code and latest versions at: https://github.com/AlmasB/FXGL
13:22:29.601 [JavaFX Application Thread] INFO  Engine               -              Join the FXGL chat at: https://gitter.im/AlmasB/FXGL
13:22:29.690 [JavaFX Application Thread] DEBUG PrimaryStageWindow   - Creating a JavaFX scene
13:22:29.739 [JavaFX Application Thread] DEBUG PrimaryStageWindow   - Target settings size: 1920.0 x 1080.0
13:22:29.739 [JavaFX Application Thread] DEBUG PrimaryStageWindow   - Scaled scene size:    1920.0 x 1080.0
13:22:29.739 [JavaFX Application Thread] DEBUG PrimaryStageWindow   - Scaled ratio: (1.0, 1.0)
13:22:29.740 [JavaFX Application Thread] DEBUG PrimaryStageWindow   - Set initial scene to FXGLStartupScene
13:22:29.746 [JavaFX Application Thread] DEBUG PrimaryStageWindow   - Opening main window
13:22:29.845 [JavaFX Application Thread] DEBUG PrimaryStageWindow   - Window border size: (16.0, 39.0)
13:22:29.846 [JavaFX Application Thread] DEBUG PrimaryStageWindow   - Scaled size: 1920.0 x 1080.0
13:22:29.846 [JavaFX Application Thread] DEBUG PrimaryStageWindow   - Scaled ratio: (1.0, 1.0)
13:22:29.846 [JavaFX Application Thread] DEBUG PrimaryStageWindow   - Scene size: 1920.0 x 1080.0
13:22:29.846 [JavaFX Application Thread] DEBUG PrimaryStageWindow   - Stage size: 1936.0 x 1119.0
13:22:29.856 [FXGL Background Thread 1 ] DEBUG Engine               - Initializing environment variables
13:22:29.978 [FXGL Background Thread 1 ] DEBUG FXGLAssetLoaderServi - User app class for loading assets: class com.example.demo.HelloApplication
13:22:29.978 [FXGL Background Thread 1 ] DEBUG GameApplicationServi - Applying CSS: fxgl_dark.css
13:22:29.979 [FXGL Background Thread 1 ] DEBUG FXGLAssetLoaderServi - Loading from file system: jar:file:///C:/Users/jazph/.m2/repository/com/github/almasb/fxgl/11.17/fxgl-11.17.jar!/fxglassets/ui/css/fxgl_dark.css
13:22:30.030 [FXGL Background Thread 1 ] DEBUG GameApplicationServi - Initializing application scenes
13:22:30.087 [FXGL Background Thread 1 ] DEBUG GameWorld            - Game world initialized
13:22:30.176 [FXGL Background Thread 1 ] DEBUG PhysicsWorld         - Physics world initialized: appHeight=1080, physics.ppm=50.0
13:22:30.176 [FXGL Background Thread 1 ] DEBUG PhysicsWorld         - Using strategy: BRUTE_FORCE
13:22:30.179 [FXGL Background Thread 1 ] DEBUG GameScene            - Game scene initialized: 1920x1080
13:22:30.310 [FXGL Background Thread 1 ] DEBUG GameApplicationServi - Application scenes initialized
13:22:30.332 [FXGL Background Thread 1 ] DEBUG SystemBundleService  - Loading FXGL system data
13:22:30.341 [FXGL Background Thread 1 ] DEBUG FileSystemAccess     - Reading from: C:\Users\jazph\OneDrive\Desktop\demoGame4OOP\system\fxgl.bundle
13:22:30.358 [FXGL Background Thread 1 ] DEBUG SystemBundleService  - Bundle FXGL: {}
13:22:30.358 [FXGL Background Thread 1 ] DEBUG UpdaterService       - Checking for updates
13:22:30.375 [FXGL Background Thread 1 ] DEBUG FXGLApplication      - Loading default localization
13:22:30.377 [FXGL Background Thread 1 ] DEBUG FXGLAssetLoaderServi - Loading from file system: jar:file:///C:/Users/jazph/.m2/repository/com/github/almasb/fxgl/11.17/fxgl-11.17.jar!/fxglassets/languages/english.lang
13:22:30.379 [FXGL Background Thread 4 ] DEBUG FXGLApplication      - Loading fonts
13:22:30.381 [FXGL Background Thread 4 ] DEBUG FXGLAssetLoaderServi - Loading from file system: jar:file:///C:/Users/jazph/.m2/repository/com/github/almasb/fxgl/11.17/fxgl-11.17.jar!/fxglassets/ui/fonts/VarelaRound-Regular.ttf
13:22:30.428 [FXGL Background Thread 1 ] INFO  FXGLApplication      - FXGL initialization took: 0.571 sec
13:22:30.450 [JavaFX Application Thread] DEBUG Input                - Registered new binding: P1Left - A
13:22:30.450 [JavaFX Application Thread] DEBUG Input                - Registered new binding: P1Right - D
13:22:30.451 [JavaFX Application Thread] DEBUG Input                - Registered new binding: P1Jump - W
13:22:30.451 [JavaFX Application Thread] DEBUG Input                - Registered new binding: P1Punch - F
13:22:30.451 [JavaFX Application Thread] DEBUG Input                - Registered new binding: P1EnhancedPunch - E
13:22:30.452 [JavaFX Application Thread] DEBUG Input                - Registered new binding: P2Left - J
13:22:30.452 [JavaFX Application Thread] DEBUG Input                - Registered new binding: P2Right - L
13:22:30.452 [JavaFX Application Thread] DEBUG Input                - Registered new binding: P2Jump - I
13:22:30.453 [JavaFX Application Thread] DEBUG Input                - Registered new binding: P2Punch - H
13:22:30.460 [JavaFX Application Thread] WARN  FXGLAssetLoaderServi - Asset "/assets/textures//assets/textures/background-intro.mp4" was not found!
13:22:30.460 [FXGL Background Thread 4 ] DEBUG FXGLAssetLoaderServi - Loading from file system: jar:file:///C:/Users/jazph/.m2/repository/com/github/almasb/fxgl/11.17/fxgl-11.17.jar!/fxglassets/ui/fonts/Abel-Regular.ttf
13:22:30.461 [JavaFX Application Thread] WARN  FXGLAssetLoaderServi - Failed to load IMAGE
13:22:30.478 [FXGL Background Thread 4 ] DEBUG FXGLAssetLoaderServi - Loading from file system: jar:file:///C:/Users/jazph/.m2/repository/com/github/almasb/fxgl/11.17/fxgl-11.17.jar!/fxglassets/ui/fonts/lucida_console.ttf
13:22:30.502 [FXGL Background Thread 4 ] DEBUG FXGLAssetLoaderServi - Loading from file system: jar:file:///C:/Users/jazph/.m2/repository/com/github/almasb/fxgl/11.17/fxgl-11.17.jar!/fxglassets/ui/fonts/Courier-Prime.ttf
13:22:30.505 [JavaFX Application Thread] DEBUG FXGLAssetLoaderServi - Loading from file system: jar:file:///C:/Users/jazph/.m2/repository/com/github/almasb/fxgl/11.17/fxgl-11.17.jar!/fxglassets/textures/fxgl_icon.png
13:22:30.577 [JavaFX Application Thread] DEBUG FXGLAssetLoaderServi - Loading from file system: jar:file:///C:/Users/jazph/.m2/repository/com/github/almasb/fxgl/11.17/fxgl-11.17.jar!/fxglassets/textures/fxgl_default_cursor.png
13:22:30.591 [JavaFX Application Thread] DEBUG Input                - Registered new binding: Screenshot - CTRL+8
13:22:30.593 [JavaFX Application Thread] DEBUG Input                - Registered new binding: System info dump - CTRL+9
13:22:30.593 [JavaFX Application Thread] DEBUG Input                - Registered new binding: Restart - CTRL+R
13:22:30.595 [JavaFX Application Thread] DEBUG Input                - Registered new binding: Toggle Debug Camera - CTRL+C
13:22:30.599 [JavaFX Application Thread] DEBUG LoopRunner           - Starting loop
13:22:30.599 [JavaFX Application Thread] DEBUG LoopRunner           - Initializing JavaFX AnimationTimerLoop
13:22:30.611 [JavaFX Application Thread] DEBUG Input                - Clearing active input actions
13:22:30.630 [JavaFX Application Thread] DEBUG GameApplicationServi - Removing overlay from FXGLStartupScene and adding to CustomIntro
13:22:30.631 [JavaFX Application Thread] DEBUG PrimaryStageWindow   - FXGLStartupScene -> CustomIntro
13:22:30.634 [JavaFX Application Thread] DEBUG FXGLApplication      - Registering font factories with UI factory
13:22:33.369 [FXGL Background Thread 3 ] DEBUG Engine               - Logging environment variables
13:22:33.369 [FXGL Background Thread 3 ] DEBUG Engine               - achievements: []
13:22:33.369 [FXGL Background Thread 3 ] DEBUG Engine               - actualHeight: 1080.0
13:22:33.370 [FXGL Background Thread 3 ] DEBUG Engine               - actualHeightProperty: ReadOnlyDoubleProperty [value: 1080.0]
13:22:33.370 [FXGL Background Thread 3 ] DEBUG Engine               - actualWidth: 1920.0
13:22:33.370 [FXGL Background Thread 3 ] DEBUG Engine               - actualWidthProperty: ReadOnlyDoubleProperty [value: 1920.0]
13:22:33.370 [FXGL Background Thread 3 ] DEBUG Engine               - appIcon: fxgl_icon.png
13:22:33.370 [FXGL Background Thread 3 ] DEBUG Engine               - applicationMode: DEVELOPER
13:22:33.370 [FXGL Background Thread 3 ] DEBUG Engine               - cSSList: [fxgl_dark.css]
13:22:33.370 [FXGL Background Thread 3 ] DEBUG Engine               - collisionDetectionStrategy: BRUTE_FORCE
13:22:33.370 [FXGL Background Thread 3 ] DEBUG Engine               - configClass: Optional.empty
13:22:33.370 [FXGL Background Thread 3 ] DEBUG Engine               - credits: []
13:22:33.370 [FXGL Background Thread 3 ] DEBUG Engine               - defaultCursor: CursorInfo(imageName=fxgl_default_cursor.png, hotspotX=7.0, hotspotY=6.0)
13:22:33.370 [FXGL Background Thread 3 ] DEBUG Engine               - devBBoxColorProperty: ObjectProperty [value: 0xff0000ff]
13:22:33.370 [FXGL Background Thread 3 ] DEBUG Engine               - devEnableDebugCameraProperty: BooleanProperty [value: false]
13:22:33.370 [FXGL Background Thread 3 ] DEBUG Engine               - devSensorColorProperty: ObjectProperty [value: 0xffff00ff]
13:22:33.370 [FXGL Background Thread 3 ] DEBUG Engine               - devShowBBoxProperty: BooleanProperty [value: false]
13:22:33.370 [FXGL Background Thread 3 ] DEBUG Engine               - devShowPositionProperty: BooleanProperty [value: false]
13:22:33.370 [FXGL Background Thread 3 ] DEBUG Engine               - enabledMenuItems: []
13:22:33.370 [FXGL Background Thread 3 ] DEBUG Engine               - engineServices: [class com.almasb.fxgl.app.services.FXGLAssetLoaderService, class com.almasb.fxgl.app.FXGLApplication$GameApplicationService, class com.almasb.fxgl.app.services.FXGLDialogService, class com.almasb.fxgl.app.services.IOTaskExecutorService, class com.almasb.fxgl.io.FileSystemService, class com.almasb.fxgl.localization.LocalizationService, class com.almasb.fxgl.app.services.SystemBundleService, class com.almasb.fxgl.profile.SaveLoadService, class com.almasb.fxgl.ui.FXGLUIFactoryServiceProvider, class com.almasb.fxgl.ui.FXGLDialogFactoryServiceProvider, class com.almasb.fxgl.audio.AudioPlayer, class com.almasb.fxgl.notification.impl.NotificationServiceProvider, class com.almasb.fxgl.achievement.AchievementService, class com.almasb.fxgl.cutscene.CutsceneService, class com.almasb.fxgl.minigames.MiniGameService, class com.almasb.fxgl.net.NetService, class com.almasb.fxgl.app.services.UpdaterService, class com.almasb.fxgl.dev.DevService]
13:22:33.371 [FXGL Background Thread 3 ] DEBUG Engine               - fontGame: Abel-Regular.ttf
13:22:33.371 [FXGL Background Thread 3 ] DEBUG Engine               - fontMono: lucida_console.ttf
13:22:33.371 [FXGL Background Thread 3 ] DEBUG Engine               - fontText: Courier-Prime.ttf
13:22:33.371 [FXGL Background Thread 3 ] DEBUG Engine               - fontUI: VarelaRound-Regular.ttf
13:22:33.371 [FXGL Background Thread 3 ] DEBUG Engine               - fullScreen: BooleanProperty [value: false]
13:22:33.371 [FXGL Background Thread 3 ] DEBUG Engine               - gameDifficulty: MEDIUM
13:22:33.371 [FXGL Background Thread 3 ] DEBUG Engine               - gameDifficultyProperty: ObjectProperty [value: MEDIUM]
13:22:33.371 [FXGL Background Thread 3 ] DEBUG Engine               - globalMusicVolume: 0.5
13:22:33.371 [FXGL Background Thread 3 ] DEBUG Engine               - globalMusicVolumeProperty: DoubleProperty [value: 0.5]
13:22:33.371 [FXGL Background Thread 3 ] DEBUG Engine               - globalSoundVolume: 0.5
13:22:33.371 [FXGL Background Thread 3 ] DEBUG Engine               - globalSoundVolumeProperty: DoubleProperty [value: 0.5]
13:22:33.371 [FXGL Background Thread 3 ] DEBUG Engine               - height: 1080
13:22:33.371 [FXGL Background Thread 3 ] DEBUG Engine               - is3D: false
13:22:33.371 [FXGL Background Thread 3 ] DEBUG Engine               - isAndroid: false
13:22:33.371 [FXGL Background Thread 3 ] DEBUG Engine               - isBrowser: false
13:22:33.371 [FXGL Background Thread 3 ] DEBUG Engine               - isClickFeedbackEnabled: false
13:22:33.371 [FXGL Background Thread 3 ] DEBUG Engine               - isCloseConfirmation: true
13:22:33.371 [FXGL Background Thread 3 ] DEBUG Engine               - isDesktop: true
13:22:33.371 [FXGL Background Thread 3 ] DEBUG Engine               - isDeveloperMenuEnabled: false
13:22:33.371 [FXGL Background Thread 3 ] DEBUG Engine               - isEntityPreloadEnabled: true
13:22:33.371 [FXGL Background Thread 3 ] DEBUG Engine               - isExperimentalTiledLargeMap: false
13:22:33.371 [FXGL Background Thread 3 ] DEBUG Engine               - isFileSystemWriteAllowed: true
13:22:33.371 [FXGL Background Thread 3 ] DEBUG Engine               - isFullScreenAllowed: false
13:22:33.371 [FXGL Background Thread 3 ] DEBUG Engine               - isFullScreenFromStart: false
13:22:33.371 [FXGL Background Thread 3 ] DEBUG Engine               - isGameMenuEnabled: false
13:22:33.371 [FXGL Background Thread 3 ] DEBUG Engine               - isIOS: false
13:22:33.371 [FXGL Background Thread 3 ] DEBUG Engine               - isIntroEnabled: true
13:22:33.371 [FXGL Background Thread 3 ] DEBUG Engine               - isLinux: false
13:22:33.371 [FXGL Background Thread 3 ] DEBUG Engine               - isMac: false
13:22:33.371 [FXGL Background Thread 3 ] DEBUG Engine               - isMainMenuEnabled: true
13:22:33.371 [FXGL Background Thread 3 ] DEBUG Engine               - isManualResizeEnabled: false
13:22:33.371 [FXGL Background Thread 3 ] DEBUG Engine               - isMobile: false
13:22:33.371 [FXGL Background Thread 3 ] DEBUG Engine               - isNative: false
13:22:33.373 [FXGL Background Thread 3 ] DEBUG Engine               - isPauseMusicWhenMinimized: true
13:22:33.373 [FXGL Background Thread 3 ] DEBUG Engine               - isPreserveResizeRatio: false
13:22:33.373 [FXGL Background Thread 3 ] DEBUG Engine               - isProfilingEnabled: false
13:22:33.373 [FXGL Background Thread 3 ] DEBUG Engine               - isScaleAffectedOnResize: true
13:22:33.373 [FXGL Background Thread 3 ] DEBUG Engine               - isSingleStep: false
13:22:33.373 [FXGL Background Thread 3 ] DEBUG Engine               - isUserProfileEnabled: false
13:22:33.373 [FXGL Background Thread 3 ] DEBUG Engine               - isWindows: true
13:22:33.373 [FXGL Background Thread 3 ] DEBUG Engine               - language: ObjectProperty [value: ENGLISH]
13:22:33.373 [FXGL Background Thread 3 ] DEBUG Engine               - menuKey: ESCAPE
13:22:33.373 [FXGL Background Thread 3 ] DEBUG Engine               - mouseSensitivity: 0.2
13:22:33.373 [FXGL Background Thread 3 ] DEBUG Engine               - notificationViewClass: class com.almasb.fxgl.notification.view.XboxNotificationView
13:22:33.373 [FXGL Background Thread 3 ] DEBUG Engine               - pixelsPerMeter: 50.0
13:22:33.373 [FXGL Background Thread 3 ] DEBUG Engine               - platform: WINDOWS
13:22:33.373 [FXGL Background Thread 3 ] DEBUG Engine               - prefHeightProperty: ReadOnlyDoubleProperty [value: 1080.0]
13:22:33.373 [FXGL Background Thread 3 ] DEBUG Engine               - prefWidthProperty: ReadOnlyDoubleProperty [value: 1920.0]
13:22:33.373 [FXGL Background Thread 3 ] DEBUG Engine               - profileDir: profiles/
13:22:33.373 [FXGL Background Thread 3 ] DEBUG Engine               - profileName: StringProperty [value: DEFAULT]
13:22:33.373 [FXGL Background Thread 3 ] DEBUG Engine               - randomSeed: -1
13:22:33.373 [FXGL Background Thread 3 ] DEBUG Engine               - runtimeInfo: RuntimeInfo(platform=WINDOWS, version=11.17, build=16.07.2021 15.46)
13:22:33.374 [FXGL Background Thread 3 ] DEBUG Engine               - saveFileExt: sav
13:22:33.374 [FXGL Background Thread 3 ] DEBUG Engine               - scaledHeightProp$fxgl: DoubleProperty [bound, value: 1080.0]
13:22:33.374 [FXGL Background Thread 3 ] DEBUG Engine               - scaledWidthProp$fxgl: DoubleProperty [bound, value: 1920.0]
13:22:33.374 [FXGL Background Thread 3 ] DEBUG Engine               - sceneFactory: com.example.demo.MySceneFactory@5db16eaa
13:22:33.374 [FXGL Background Thread 3 ] DEBUG Engine               - secondsIn24h: 60
13:22:33.374 [FXGL Background Thread 3 ] DEBUG Engine               - soundMenuBack: menu/back.wav
13:22:33.374 [FXGL Background Thread 3 ] DEBUG Engine               - soundMenuPress: menu/press.wav
13:22:33.374 [FXGL Background Thread 3 ] DEBUG Engine               - soundMenuSelect: menu/select.wav
13:22:33.374 [FXGL Background Thread 3 ] DEBUG Engine               - soundNotification: core/notification.wav
13:22:33.374 [FXGL Background Thread 3 ] DEBUG Engine               - stageStyle: DECORATED
13:22:33.374 [FXGL Background Thread 3 ] DEBUG Engine               - supportedLanguages: [ENGLISH, FRENCH, GERMAN, HUNGARIAN, RUSSIAN]
13:22:33.374 [FXGL Background Thread 3 ] DEBUG Engine               - ticksPerSecond: -1
13:22:33.374 [FXGL Background Thread 3 ] DEBUG Engine               - title: Stictactics
13:22:33.374 [FXGL Background Thread 3 ] DEBUG Engine               - urlGithub: https://github.com/AlmasB/FXGL
13:22:33.374 [FXGL Background Thread 3 ] DEBUG Engine               - urlLeaderboard: http://fxgl-top.herokuapp.com/
13:22:33.374 [FXGL Background Thread 3 ] DEBUG Engine               - urlPOM: https://raw.githubusercontent.com/AlmasB/FXGL/release/README.md
13:22:33.374 [FXGL Background Thread 3 ] DEBUG Engine               - userAppClass: class com.example.demo.HelloApplication
13:22:33.374 [FXGL Background Thread 3 ] DEBUG Engine               - version: 0.0
13:22:33.374 [FXGL Background Thread 3 ] DEBUG Engine               - versionCheckDays: 7
13:22:33.374 [FXGL Background Thread 3 ] DEBUG Engine               - width: 1920
13:22:33.374 [FXGL Background Thread 3 ] DEBUG Engine               - Logging services
13:22:33.374 [FXGL Background Thread 3 ] DEBUG Engine               - class com.almasb.fxgl.app.services.FXGLAssetLoaderService
13:22:33.375 [FXGL Background Thread 3 ] DEBUG Engine               - class com.almasb.fxgl.app.FXGLApplication$GameApplicationService
13:22:33.375 [FXGL Background Thread 3 ] DEBUG Engine               - class com.almasb.fxgl.app.services.FXGLDialogService
13:22:33.375 [FXGL Background Thread 3 ] DEBUG Engine               - class com.almasb.fxgl.app.services.IOTaskExecutorService
13:22:33.375 [FXGL Background Thread 3 ] DEBUG Engine               - class com.almasb.fxgl.io.FileSystemService
13:22:33.375 [FXGL Background Thread 3 ] DEBUG Engine               - class com.almasb.fxgl.localization.LocalizationService
13:22:33.375 [FXGL Background Thread 3 ] DEBUG Engine               - class com.almasb.fxgl.app.services.SystemBundleService
13:22:33.375 [FXGL Background Thread 3 ] DEBUG Engine               - class com.almasb.fxgl.profile.SaveLoadService
13:22:33.375 [FXGL Background Thread 3 ] DEBUG Engine               - class com.almasb.fxgl.ui.FXGLUIFactoryServiceProvider
13:22:33.375 [FXGL Background Thread 3 ] DEBUG Engine               - class com.almasb.fxgl.ui.FXGLDialogFactoryServiceProvider
13:22:33.375 [FXGL Background Thread 3 ] DEBUG Engine               - class com.almasb.fxgl.audio.AudioPlayer
13:22:33.375 [FXGL Background Thread 3 ] DEBUG Engine               - class com.almasb.fxgl.notification.impl.NotificationServiceProvider
13:22:33.375 [FXGL Background Thread 3 ] DEBUG Engine               - class com.almasb.fxgl.achievement.AchievementService
13:22:33.375 [FXGL Background Thread 3 ] DEBUG Engine               - class com.almasb.fxgl.cutscene.CutsceneService
13:22:33.375 [FXGL Background Thread 3 ] DEBUG Engine               - class com.almasb.fxgl.minigames.MiniGameService
13:22:33.375 [FXGL Background Thread 3 ] DEBUG Engine               - class com.almasb.fxgl.net.NetService
13:22:33.375 [FXGL Background Thread 3 ] DEBUG Engine               - class com.almasb.fxgl.app.services.UpdaterService
13:22:33.375 [FXGL Background Thread 3 ] DEBUG Engine               - class com.almasb.fxgl.dev.DevService
13:22:37.641 [JavaFX Application Thread] DEBUG Input                - Clearing active input actions
13:22:37.647 [JavaFX Application Thread] DEBUG GameApplicationServi - Removing overlay from CustomIntro and adding to FXGLMainMenuDummyScene
13:22:37.647 [JavaFX Application Thread] DEBUG PrimaryStageWindow   - CustomIntro -> FXGLMainMenuDummyScene
13:22:37.647 [JavaFX Application Thread] DEBUG PrimaryStageWindow   - Push state: CustomMainMenu
13:22:37.647 [JavaFX Application Thread] DEBUG Input                - Clearing active input actions
13:22:37.654 [JavaFX Application Thread] DEBUG GameApplicationServi - Removing overlay from FXGLMainMenuDummyScene and adding to CustomMainMenu
13:22:37.654 [JavaFX Application Thread] DEBUG PrimaryStageWindow   - FXGLMainMenuDummyScene -> CustomMainMenu
13:22:38.988 [JavaFX Application Thread] DEBUG Menu                 - fireNewGame()
13:22:38.988 [JavaFX Application Thread] DEBUG GameApplicationServi - Starting new game
13:22:38.989 [JavaFX Application Thread] DEBUG PrimaryStageWindow   - Pop state: CustomMainMenu
13:22:38.989 [JavaFX Application Thread] DEBUG Input                - Clearing active input actions
13:22:38.989 [JavaFX Application Thread] DEBUG GameApplicationServi - Removing overlay from CustomMainMenu and adding to FXGLMainMenuDummyScene
13:22:38.989 [JavaFX Application Thread] DEBUG PrimaryStageWindow   - FXGLMainMenuDummyScene <- CustomMainMenu
13:22:38.990 [JavaFX Application Thread] DEBUG Input                - Clearing active input actions
13:22:38.995 [JavaFX Application Thread] DEBUG GameApplicationServi - Removing overlay from FXGLMainMenuDummyScene and adding to FXGLLoadingScene
13:22:38.995 [JavaFX Application Thread] DEBUG PrimaryStageWindow   - FXGLMainMenuDummyScene -> FXGLLoadingScene
13:22:38.995 [JavaFX Application Thread] DEBUG GameApplicationServi - Clearing previous game
13:22:38.995 [JavaFX Application Thread] DEBUG GameScene            - Clearing game scene
13:22:38.995 [JavaFX Application Thread] DEBUG GameWorld            - Clearing game world
13:22:38.995 [JavaFX Application Thread] DEBUG PhysicsWorld         - Clearing physics world
13:22:38.997 [FXGL Background Thread 4 ] DEBUG FXGLApplication      - Initializing game
13:22:39.078 [FXGL Background Thread 4 ] WARN  TMXLevelLoader       - TiledMap generated from 1.11.2. Supported version: 1.2.3. Some features may not be parsed fully.
13:22:39.091 [FXGL Background Thread 4 ] DEBUG TMXLevelLoader       - Parsed TiledMap: file:/C:/Users/jazph/OneDrive/Desktop/demoGame4OOP/target/classes/assets/levels/tmx/idkbackground.tmx
13:22:39.092 [FXGL Background Thread 4 ] DEBUG TMXLevelLoader       - Creating tile layer entities
13:22:39.093 [FXGL Background Thread 4 ] DEBUG TilesetLoader        - Loading view for layer Tile Layer 1
13:22:39.095 [FXGL Background Thread 4 ] DEBUG TilesetLoader        - Created buffer with size 1984.0x1088.0
13:22:39.208 [FXGL Background Thread 4 ] DEBUG TMXLevelLoader       - Creating object layer entities
13:22:39.245 [FXGL Background Thread 4 ] DEBUG GameWorld            - Clearing removable entities
13:22:39.246 [FXGL Background Thread 4 ] DEBUG GameWorld            - Setting level: com.almasb.fxgl.entity.level.Level@7447a44f
13:22:39.279 [FXGL Background Thread 4 ] DEBUG FXGLAssetLoaderServi - Loading from file system: file:/C:/Users/jazph/OneDrive/Desktop/demoGame4OOP/target/classes/assets/textures/p1_idle.png
13:22:39.850 [FXGL Background Thread 4 ] DEBUG FXGLAssetLoaderServi - Loading from file system: file:/C:/Users/jazph/OneDrive/Desktop/demoGame4OOP/target/classes/assets/textures/fighter_walk.png
13:22:39.855 [FXGL Background Thread 4 ] DEBUG FXGLAssetLoaderServi - Loading from file system: file:/C:/Users/jazph/OneDrive/Desktop/demoGame4OOP/target/classes/assets/textures/jump.png
13:22:39.857 [FXGL Background Thread 4 ] DEBUG FXGLAssetLoaderServi - Loading from file system: file:/C:/Users/jazph/OneDrive/Desktop/demoGame4OOP/target/classes/assets/textures/punch.png
13:22:39.863 [FXGL Background Thread 4 ] DEBUG FXGLAssetLoaderServi - Loading from file system: file:/C:/Users/jazph/OneDrive/Desktop/demoGame4OOP/target/classes/assets/textures/idle_punk.png
13:22:39.866 [FXGL Background Thread 4 ] DEBUG FXGLAssetLoaderServi - Loading from file system: file:/C:/Users/jazph/OneDrive/Desktop/demoGame4OOP/target/classes/assets/textures/walk_punk.png
13:22:39.868 [FXGL Background Thread 4 ] DEBUG FXGLAssetLoaderServi - Loading from file system: file:/C:/Users/jazph/OneDrive/Desktop/demoGame4OOP/target/classes/assets/textures/punch_punk.png
13:22:39.878 [FXGL Background Thread 4 ] INFO  FXGLApplication      - Game initialization took: 0.880 sec
13:22:39.879 [JavaFX Application Thread] DEBUG Input                - Clearing active input actions
13:22:39.891 [JavaFX Application Thread] DEBUG GameApplicationServi - Removing overlay from FXGLLoadingScene and adding to GameScene
13:22:39.893 [JavaFX Application Thread] DEBUG PrimaryStageWindow   - FXGLLoadingScene -> GameScene
13:22:42.427 [FXGL Background Thread 2 ] WARN  UpdaterService       - Failed to find updates: java.net.UnknownHostException: raw.githubusercontent.com
13:22:46.203 [JavaFX Application Thread] DEBUG PrimaryStageWindow   - Push state: DialogSubScene
13:22:46.203 [JavaFX Application Thread] DEBUG Input                - Clearing active input actions
13:22:46.203 [JavaFX Application Thread] DEBUG GameApplicationServi - Removing overlay from GameScene and adding to DialogSubScene
13:22:46.203 [JavaFX Application Thread] DEBUG PrimaryStageWindow   - GameScene -> DialogSubScene
13:22:47.734 [JavaFX Application Thread] DEBUG PrimaryStageWindow   - Pop state: DialogSubScene
13:22:47.734 [JavaFX Application Thread] DEBUG Input                - Clearing active input actions
13:22:47.734 [JavaFX Application Thread] DEBUG GameApplicationServi - Removing overlay from DialogSubScene and adding to GameScene
13:22:47.734 [JavaFX Application Thread] DEBUG PrimaryStageWindow   - GameScene <- DialogSubScene
13:22:47.734 [JavaFX Application Thread] DEBUG FXGLApplication      - Exiting FXGL
13:22:47.734 [JavaFX Application Thread] DEBUG LoopRunner           - Stopping loop
13:22:47.735 [JavaFX Application Thread] DEBUG SystemBundleService  - Saving FXGL system data
13:22:47.736 [JavaFX Application Thread] DEBUG FileSystemAccess     - Writing to: C:\Users\jazph\OneDrive\Desktop\demoGame4OOP\system\fxgl.bundle
13:22:47.738 [JavaFX Application Thread] DEBUG Async                - Shutting down background threads
13:22:47.738 [JavaFX Application Thread] DEBUG PrimaryStageWindow   - Closing main window
13:22:47.762 [JavaFX Application Thread] DEBUG Logger               - Closing Logger
