14:33:00.995 [main                     ] DEBUG Logger               - Configured Logger
14:33:00.996 [main                     ] DEBUG GameApplication      - Logging settings
Title: Stictactics
Version: 0.0
Width: 1984
Height: 1088
Fullscreen: false
Intro: false
Profiling: false
Single step:false
App Mode: DEVELOPER
Menu Key: ESCAPE
Stage Style: DECORATED
Scene Factory: class com.example.demo.MySceneFactory

14:33:01.251 [JavaFX Application Thread] DEBUG FXGLApplication      - Initializing FXGL
14:33:01.252 [JavaFX Application Thread] INFO  Engine               - FXGL-11.17 (16.07.2021 15.46) on WINDOWS (J:19.0.2 FX:17.0.6)
14:33:01.252 [JavaFX Application Thread] DEBUG Engine               - JRE Vendor Name: Oracle Corporation
14:33:01.252 [JavaFX Application Thread] DEBUG Engine               - Running on OS: Windows 11 version 10.0
14:33:01.252 [JavaFX Application Thread] DEBUG Engine               - Architecture: amd64
14:33:01.252 [JavaFX Application Thread] INFO  Engine               - Source code and latest versions at: https://github.com/AlmasB/FXGL
14:33:01.252 [JavaFX Application Thread] INFO  Engine               -              Join the FXGL chat at: https://gitter.im/AlmasB/FXGL
14:33:01.299 [JavaFX Application Thread] DEBUG PrimaryStageWindow   - Creating a JavaFX scene
14:33:01.299 [JavaFX Application Thread] DEBUG PrimaryStageWindow   - Target size > screen size
14:33:01.324 [JavaFX Application Thread] DEBUG PrimaryStageWindow   - Target settings size: 1984.0 x 1088.0
14:33:01.324 [JavaFX Application Thread] DEBUG PrimaryStageWindow   - Scaled scene size:    1856.0 x 1031.0
14:33:01.324 [JavaFX Application Thread] DEBUG PrimaryStageWindow   - Scaled ratio: (0.9354838709677419, 0.9476102941176471)
14:33:01.325 [JavaFX Application Thread] DEBUG PrimaryStageWindow   - Set initial scene to FXGLStartupScene
14:33:01.328 [JavaFX Application Thread] DEBUG PrimaryStageWindow   - Opening main window
14:33:01.369 [JavaFX Application Thread] DEBUG PrimaryStageWindow   - Window border size: (16.0, 39.0)
14:33:01.370 [JavaFX Application Thread] DEBUG PrimaryStageWindow   - Scaled size: 1856.0 x 1031.0
14:33:01.370 [JavaFX Application Thread] DEBUG PrimaryStageWindow   - Scaled ratio: (0.9354838709677419, 0.9476102941176471)
14:33:01.370 [JavaFX Application Thread] DEBUG PrimaryStageWindow   - Scene size: 1856.0 x 1031.0
14:33:01.370 [JavaFX Application Thread] DEBUG PrimaryStageWindow   - Stage size: 1872.0 x 1070.0
14:33:01.374 [FXGL Background Thread 1 ] DEBUG Engine               - Initializing environment variables
14:33:01.409 [FXGL Background Thread 1 ] DEBUG FXGLAssetLoaderServi - User app class for loading assets: class com.example.demo.HelloApplication
14:33:01.409 [FXGL Background Thread 1 ] DEBUG GameApplicationServi - Applying CSS: fxgl_dark.css
14:33:01.409 [FXGL Background Thread 1 ] DEBUG FXGLAssetLoaderServi - Loading from file system: jar:file:///C:/Users/L13Y12W34/.m2/repository/com/github/almasb/fxgl/11.17/fxgl-11.17.jar!/fxglassets/ui/css/fxgl_dark.css
14:33:01.434 [FXGL Background Thread 1 ] DEBUG GameApplicationServi - Initializing application scenes
14:33:01.457 [FXGL Background Thread 1 ] DEBUG GameWorld            - Game world initialized
14:33:01.493 [FXGL Background Thread 1 ] DEBUG PhysicsWorld         - Physics world initialized: appHeight=1088, physics.ppm=50.0
14:33:01.493 [FXGL Background Thread 1 ] DEBUG PhysicsWorld         - Using strategy: BRUTE_FORCE
14:33:01.495 [FXGL Background Thread 1 ] DEBUG GameScene            - Game scene initialized: 1984x1088
14:33:01.497 [FXGL Background Thread 1 ] DEBUG FXGLAssetLoaderServi - Loading from file system: file:/C:/Users/L13Y12W34/.m2/repository/org/openjfx/demoGame4OOP/target/classes/assets/textures/mainmenu.png
14:33:01.528 [FXGL Background Thread 1 ] DEBUG GameApplicationServi - Application scenes initialized
14:33:01.533 [FXGL Background Thread 1 ] DEBUG SystemBundleService  - Loading FXGL system data
14:33:01.536 [FXGL Background Thread 1 ] DEBUG FileSystemAccess     - Reading from: C:\Users\L13Y12W34\.m2\repository\org\openjfx\demoGame4OOP\system\fxgl.bundle
14:33:01.542 [FXGL Background Thread 1 ] DEBUG SystemBundleService  - Bundle FXGL: {}
14:33:01.542 [FXGL Background Thread 1 ] DEBUG UpdaterService       - Checking for updates
14:33:01.545 [FXGL Background Thread 4 ] DEBUG FXGLApplication      - Loading fonts
14:33:01.545 [FXGL Background Thread 1 ] DEBUG FXGLApplication      - Loading default localization
14:33:01.545 [FXGL Background Thread 4 ] DEBUG FXGLAssetLoaderServi - Loading from file system: jar:file:///C:/Users/L13Y12W34/.m2/repository/com/github/almasb/fxgl/11.17/fxgl-11.17.jar!/fxglassets/ui/fonts/VarelaRound-Regular.ttf
14:33:01.545 [FXGL Background Thread 1 ] DEBUG FXGLAssetLoaderServi - Loading from file system: jar:file:///C:/Users/L13Y12W34/.m2/repository/com/github/almasb/fxgl/11.17/fxgl-11.17.jar!/fxglassets/languages/english.lang
14:33:01.557 [FXGL Background Thread 1 ] INFO  FXGLApplication      - FXGL initialization took: 0.183 sec
14:33:01.562 [JavaFX Application Thread] DEBUG Input                - Registered new binding: P1Left - A
14:33:01.562 [JavaFX Application Thread] DEBUG Input                - Registered new binding: P1Right - D
14:33:01.562 [JavaFX Application Thread] DEBUG Input                - Registered new binding: P1Jump - W
14:33:01.562 [JavaFX Application Thread] DEBUG Input                - Registered new binding: P1Punch - F
14:33:01.562 [JavaFX Application Thread] DEBUG Input                - Registered new binding: P2Left - J
14:33:01.562 [JavaFX Application Thread] DEBUG Input                - Registered new binding: P2Right - L
14:33:01.562 [JavaFX Application Thread] DEBUG Input                - Registered new binding: P2Jump - I
14:33:01.562 [JavaFX Application Thread] DEBUG Input                - Registered new binding: P2Punch - H
14:33:01.562 [JavaFX Application Thread] DEBUG FXGLAssetLoaderServi - Loading from file system: jar:file:///C:/Users/L13Y12W34/.m2/repository/com/github/almasb/fxgl/11.17/fxgl-11.17.jar!/fxglassets/textures/fxgl_icon.png
14:33:01.574 [FXGL Background Thread 4 ] DEBUG FXGLAssetLoaderServi - Loading from file system: jar:file:///C:/Users/L13Y12W34/.m2/repository/com/github/almasb/fxgl/11.17/fxgl-11.17.jar!/fxglassets/ui/fonts/Abel-Regular.ttf
14:33:01.575 [JavaFX Application Thread] DEBUG FXGLAssetLoaderServi - Loading from file system: jar:file:///C:/Users/L13Y12W34/.m2/repository/com/github/almasb/fxgl/11.17/fxgl-11.17.jar!/fxglassets/textures/fxgl_default_cursor.png
14:33:01.576 [JavaFX Application Thread] DEBUG Input                - Registered new binding: Screenshot - CTRL+8
14:33:01.576 [FXGL Background Thread 4 ] DEBUG FXGLAssetLoaderServi - Loading from file system: jar:file:///C:/Users/L13Y12W34/.m2/repository/com/github/almasb/fxgl/11.17/fxgl-11.17.jar!/fxglassets/ui/fonts/lucida_console.ttf
14:33:01.576 [JavaFX Application Thread] DEBUG Input                - Registered new binding: System info dump - CTRL+9
14:33:01.577 [JavaFX Application Thread] DEBUG Input                - Registered new binding: Restart - CTRL+R
14:33:01.578 [JavaFX Application Thread] DEBUG Input                - Registered new binding: Toggle Debug Camera - CTRL+C
14:33:01.579 [JavaFX Application Thread] DEBUG LoopRunner           - Starting loop
14:33:01.579 [JavaFX Application Thread] DEBUG LoopRunner           - Initializing JavaFX AnimationTimerLoop
14:33:01.580 [FXGL Background Thread 4 ] DEBUG FXGLAssetLoaderServi - Loading from file system: jar:file:///C:/Users/L13Y12W34/.m2/repository/com/github/almasb/fxgl/11.17/fxgl-11.17.jar!/fxglassets/ui/fonts/Courier-Prime.ttf
14:33:01.581 [JavaFX Application Thread] DEBUG Input                - Clearing active input actions
14:33:01.586 [JavaFX Application Thread] DEBUG GameApplicationServi - Removing overlay from FXGLStartupScene and adding to FXGLMainMenuDummyScene
14:33:01.586 [JavaFX Application Thread] DEBUG PrimaryStageWindow   - FXGLStartupScene -> FXGLMainMenuDummyScene
14:33:01.586 [JavaFX Application Thread] DEBUG PrimaryStageWindow   - Push state: CustomMainMenu
14:33:01.586 [JavaFX Application Thread] DEBUG Input                - Clearing active input actions
14:33:01.591 [JavaFX Application Thread] DEBUG GameApplicationServi - Removing overlay from FXGLMainMenuDummyScene and adding to CustomMainMenu
14:33:01.591 [JavaFX Application Thread] DEBUG PrimaryStageWindow   - FXGLMainMenuDummyScene -> CustomMainMenu
14:33:01.591 [JavaFX Application Thread] DEBUG FXGLApplication      - Registering font factories with UI factory
14:33:01.840 [FXGL Background Thread 2 ] INFO  UpdaterService       - Your current version:  11.17
14:33:01.840 [FXGL Background Thread 2 ] INFO  UpdaterService       - Latest stable version: 21.1
14:33:04.545 [FXGL Background Thread 3 ] DEBUG Engine               - Logging environment variables
14:33:04.547 [FXGL Background Thread 3 ] DEBUG Engine               - achievements: []
14:33:04.547 [FXGL Background Thread 3 ] DEBUG Engine               - actualHeight: 1031.0
14:33:04.548 [FXGL Background Thread 3 ] DEBUG Engine               - actualHeightProperty: ReadOnlyDoubleProperty [value: 1031.0]
14:33:04.548 [FXGL Background Thread 3 ] DEBUG Engine               - actualWidth: 1856.0
14:33:04.549 [FXGL Background Thread 3 ] DEBUG Engine               - actualWidthProperty: ReadOnlyDoubleProperty [value: 1856.0]
14:33:04.549 [FXGL Background Thread 3 ] DEBUG Engine               - appIcon: fxgl_icon.png
14:33:04.550 [FXGL Background Thread 3 ] DEBUG Engine               - applicationMode: DEVELOPER
14:33:04.550 [FXGL Background Thread 3 ] DEBUG Engine               - cSSList: [fxgl_dark.css]
14:33:04.550 [FXGL Background Thread 3 ] DEBUG Engine               - collisionDetectionStrategy: BRUTE_FORCE
14:33:04.550 [FXGL Background Thread 3 ] DEBUG Engine               - configClass: Optional.empty
14:33:04.550 [FXGL Background Thread 3 ] DEBUG Engine               - credits: []
14:33:04.552 [FXGL Background Thread 3 ] DEBUG Engine               - defaultCursor: CursorInfo(imageName=fxgl_default_cursor.png, hotspotX=7.0, hotspotY=6.0)
14:33:04.553 [FXGL Background Thread 3 ] DEBUG Engine               - devBBoxColorProperty: ObjectProperty [value: 0xff0000ff]
14:33:04.553 [FXGL Background Thread 3 ] DEBUG Engine               - devEnableDebugCameraProperty: BooleanProperty [value: false]
14:33:04.554 [FXGL Background Thread 3 ] DEBUG Engine               - devSensorColorProperty: ObjectProperty [value: 0xffff00ff]
14:33:04.554 [FXGL Background Thread 3 ] DEBUG Engine               - devShowBBoxProperty: BooleanProperty [value: false]
14:33:04.554 [FXGL Background Thread 3 ] DEBUG Engine               - devShowPositionProperty: BooleanProperty [value: false]
14:33:04.554 [FXGL Background Thread 3 ] DEBUG Engine               - enabledMenuItems: []
14:33:04.554 [FXGL Background Thread 3 ] DEBUG Engine               - engineServices: [class com.almasb.fxgl.app.services.FXGLAssetLoaderService, class com.almasb.fxgl.app.FXGLApplication$GameApplicationService, class com.almasb.fxgl.app.services.FXGLDialogService, class com.almasb.fxgl.app.services.IOTaskExecutorService, class com.almasb.fxgl.io.FileSystemService, class com.almasb.fxgl.localization.LocalizationService, class com.almasb.fxgl.app.services.SystemBundleService, class com.almasb.fxgl.profile.SaveLoadService, class com.almasb.fxgl.ui.FXGLUIFactoryServiceProvider, class com.almasb.fxgl.ui.FXGLDialogFactoryServiceProvider, class com.almasb.fxgl.audio.AudioPlayer, class com.almasb.fxgl.notification.impl.NotificationServiceProvider, class com.almasb.fxgl.achievement.AchievementService, class com.almasb.fxgl.cutscene.CutsceneService, class com.almasb.fxgl.minigames.MiniGameService, class com.almasb.fxgl.net.NetService, class com.almasb.fxgl.app.services.UpdaterService, class com.almasb.fxgl.dev.DevService]
14:33:04.554 [FXGL Background Thread 3 ] DEBUG Engine               - fontGame: Abel-Regular.ttf
14:33:04.555 [FXGL Background Thread 3 ] DEBUG Engine               - fontMono: lucida_console.ttf
14:33:04.555 [FXGL Background Thread 3 ] DEBUG Engine               - fontText: Courier-Prime.ttf
14:33:04.555 [FXGL Background Thread 3 ] DEBUG Engine               - fontUI: VarelaRound-Regular.ttf
14:33:04.555 [FXGL Background Thread 3 ] DEBUG Engine               - fullScreen: BooleanProperty [value: false]
14:33:04.556 [FXGL Background Thread 3 ] DEBUG Engine               - gameDifficulty: MEDIUM
14:33:04.556 [FXGL Background Thread 3 ] DEBUG Engine               - gameDifficultyProperty: ObjectProperty [value: MEDIUM]
14:33:04.556 [FXGL Background Thread 3 ] DEBUG Engine               - globalMusicVolume: 0.5
14:33:04.556 [FXGL Background Thread 3 ] DEBUG Engine               - globalMusicVolumeProperty: DoubleProperty [value: 0.5]
14:33:04.556 [FXGL Background Thread 3 ] DEBUG Engine               - globalSoundVolume: 0.5
14:33:04.556 [FXGL Background Thread 3 ] DEBUG Engine               - globalSoundVolumeProperty: DoubleProperty [value: 0.5]
14:33:04.556 [FXGL Background Thread 3 ] DEBUG Engine               - height: 1088
14:33:04.557 [FXGL Background Thread 3 ] DEBUG Engine               - is3D: false
14:33:04.557 [FXGL Background Thread 3 ] DEBUG Engine               - isAndroid: false
14:33:04.557 [FXGL Background Thread 3 ] DEBUG Engine               - isBrowser: false
14:33:04.557 [FXGL Background Thread 3 ] DEBUG Engine               - isClickFeedbackEnabled: false
14:33:04.557 [FXGL Background Thread 3 ] DEBUG Engine               - isCloseConfirmation: true
14:33:04.557 [FXGL Background Thread 3 ] DEBUG Engine               - isDesktop: true
14:33:04.557 [FXGL Background Thread 3 ] DEBUG Engine               - isDeveloperMenuEnabled: false
14:33:04.557 [FXGL Background Thread 3 ] DEBUG Engine               - isEntityPreloadEnabled: true
14:33:04.557 [FXGL Background Thread 3 ] DEBUG Engine               - isExperimentalTiledLargeMap: false
14:33:04.557 [FXGL Background Thread 3 ] DEBUG Engine               - isFileSystemWriteAllowed: true
14:33:04.557 [FXGL Background Thread 3 ] DEBUG Engine               - isFullScreenAllowed: false
14:33:04.557 [FXGL Background Thread 3 ] DEBUG Engine               - isFullScreenFromStart: false
14:33:04.557 [FXGL Background Thread 3 ] DEBUG Engine               - isGameMenuEnabled: false
14:33:04.557 [FXGL Background Thread 3 ] DEBUG Engine               - isIOS: false
14:33:04.557 [FXGL Background Thread 3 ] DEBUG Engine               - isIntroEnabled: false
14:33:04.557 [FXGL Background Thread 3 ] DEBUG Engine               - isLinux: false
14:33:04.557 [FXGL Background Thread 3 ] DEBUG Engine               - isMac: false
14:33:04.557 [FXGL Background Thread 3 ] DEBUG Engine               - isMainMenuEnabled: true
14:33:04.557 [FXGL Background Thread 3 ] DEBUG Engine               - isManualResizeEnabled: false
14:33:04.557 [FXGL Background Thread 3 ] DEBUG Engine               - isMobile: false
14:33:04.557 [FXGL Background Thread 3 ] DEBUG Engine               - isNative: false
14:33:04.557 [FXGL Background Thread 3 ] DEBUG Engine               - isPauseMusicWhenMinimized: true
14:33:04.557 [FXGL Background Thread 3 ] DEBUG Engine               - isPreserveResizeRatio: false
14:33:04.557 [FXGL Background Thread 3 ] DEBUG Engine               - isProfilingEnabled: false
14:33:04.557 [FXGL Background Thread 3 ] DEBUG Engine               - isScaleAffectedOnResize: true
14:33:04.557 [FXGL Background Thread 3 ] DEBUG Engine               - isSingleStep: false
14:33:04.558 [FXGL Background Thread 3 ] DEBUG Engine               - isUserProfileEnabled: false
14:33:04.558 [FXGL Background Thread 3 ] DEBUG Engine               - isWindows: true
14:33:04.558 [FXGL Background Thread 3 ] DEBUG Engine               - language: ObjectProperty [value: ENGLISH]
14:33:04.558 [FXGL Background Thread 3 ] DEBUG Engine               - menuKey: ESCAPE
14:33:04.558 [FXGL Background Thread 3 ] DEBUG Engine               - mouseSensitivity: 0.2
14:33:04.558 [FXGL Background Thread 3 ] DEBUG Engine               - notificationViewClass: class com.almasb.fxgl.notification.view.XboxNotificationView
14:33:04.558 [FXGL Background Thread 3 ] DEBUG Engine               - pixelsPerMeter: 50.0
14:33:04.558 [FXGL Background Thread 3 ] DEBUG Engine               - platform: WINDOWS
14:33:04.558 [FXGL Background Thread 3 ] DEBUG Engine               - prefHeightProperty: ReadOnlyDoubleProperty [value: 1088.0]
14:33:04.558 [FXGL Background Thread 3 ] DEBUG Engine               - prefWidthProperty: ReadOnlyDoubleProperty [value: 1984.0]
14:33:04.558 [FXGL Background Thread 3 ] DEBUG Engine               - profileDir: profiles/
14:33:04.558 [FXGL Background Thread 3 ] DEBUG Engine               - profileName: StringProperty [value: DEFAULT]
14:33:04.558 [FXGL Background Thread 3 ] DEBUG Engine               - randomSeed: -1
14:33:04.559 [FXGL Background Thread 3 ] DEBUG Engine               - runtimeInfo: RuntimeInfo(platform=WINDOWS, version=11.17, build=16.07.2021 15.46)
14:33:04.559 [FXGL Background Thread 3 ] DEBUG Engine               - saveFileExt: sav
14:33:04.559 [FXGL Background Thread 3 ] DEBUG Engine               - scaledHeightProp$fxgl: DoubleProperty [bound, value: 1031.0]
14:33:04.559 [FXGL Background Thread 3 ] DEBUG Engine               - scaledWidthProp$fxgl: DoubleProperty [bound, value: 1856.0]
14:33:04.559 [FXGL Background Thread 3 ] DEBUG Engine               - sceneFactory: com.example.demo.MySceneFactory@419e2540
14:33:04.559 [FXGL Background Thread 3 ] DEBUG Engine               - secondsIn24h: 60
14:33:04.559 [FXGL Background Thread 3 ] DEBUG Engine               - soundMenuBack: menu/back.wav
14:33:04.559 [FXGL Background Thread 3 ] DEBUG Engine               - soundMenuPress: menu/press.wav
14:33:04.559 [FXGL Background Thread 3 ] DEBUG Engine               - soundMenuSelect: menu/select.wav
14:33:04.559 [FXGL Background Thread 3 ] DEBUG Engine               - soundNotification: core/notification.wav
14:33:04.559 [FXGL Background Thread 3 ] DEBUG Engine               - stageStyle: DECORATED
14:33:04.559 [FXGL Background Thread 3 ] DEBUG Engine               - supportedLanguages: [ENGLISH, FRENCH, GERMAN, HUNGARIAN, RUSSIAN]
14:33:04.559 [FXGL Background Thread 3 ] DEBUG Engine               - ticksPerSecond: -1
14:33:04.559 [FXGL Background Thread 3 ] DEBUG Engine               - title: Stictactics
14:33:04.559 [FXGL Background Thread 3 ] DEBUG Engine               - urlGithub: https://github.com/AlmasB/FXGL
14:33:04.559 [FXGL Background Thread 3 ] DEBUG Engine               - urlLeaderboard: http://fxgl-top.herokuapp.com/
14:33:04.559 [FXGL Background Thread 3 ] DEBUG Engine               - urlPOM: https://raw.githubusercontent.com/AlmasB/FXGL/release/README.md
14:33:04.559 [FXGL Background Thread 3 ] DEBUG Engine               - userAppClass: class com.example.demo.HelloApplication
14:33:04.559 [FXGL Background Thread 3 ] DEBUG Engine               - version: 0.0
14:33:04.559 [FXGL Background Thread 3 ] DEBUG Engine               - versionCheckDays: 7
14:33:04.559 [FXGL Background Thread 3 ] DEBUG Engine               - width: 1984
14:33:04.559 [FXGL Background Thread 3 ] DEBUG Engine               - Logging services
14:33:04.559 [FXGL Background Thread 3 ] DEBUG Engine               - class com.almasb.fxgl.app.services.FXGLAssetLoaderService
14:33:04.559 [FXGL Background Thread 3 ] DEBUG Engine               - class com.almasb.fxgl.app.FXGLApplication$GameApplicationService
14:33:04.559 [FXGL Background Thread 3 ] DEBUG Engine               - class com.almasb.fxgl.app.services.FXGLDialogService
14:33:04.559 [FXGL Background Thread 3 ] DEBUG Engine               - class com.almasb.fxgl.app.services.IOTaskExecutorService
14:33:04.559 [FXGL Background Thread 3 ] DEBUG Engine               - class com.almasb.fxgl.io.FileSystemService
14:33:04.559 [FXGL Background Thread 3 ] DEBUG Engine               - class com.almasb.fxgl.localization.LocalizationService
14:33:04.559 [FXGL Background Thread 3 ] DEBUG Engine               - class com.almasb.fxgl.app.services.SystemBundleService
14:33:04.559 [FXGL Background Thread 3 ] DEBUG Engine               - class com.almasb.fxgl.profile.SaveLoadService
14:33:04.559 [FXGL Background Thread 3 ] DEBUG Engine               - class com.almasb.fxgl.ui.FXGLUIFactoryServiceProvider
14:33:04.559 [FXGL Background Thread 3 ] DEBUG Engine               - class com.almasb.fxgl.ui.FXGLDialogFactoryServiceProvider
14:33:04.559 [FXGL Background Thread 3 ] DEBUG Engine               - class com.almasb.fxgl.audio.AudioPlayer
14:33:04.559 [FXGL Background Thread 3 ] DEBUG Engine               - class com.almasb.fxgl.notification.impl.NotificationServiceProvider
14:33:04.559 [FXGL Background Thread 3 ] DEBUG Engine               - class com.almasb.fxgl.achievement.AchievementService
14:33:04.559 [FXGL Background Thread 3 ] DEBUG Engine               - class com.almasb.fxgl.cutscene.CutsceneService
14:33:04.559 [FXGL Background Thread 3 ] DEBUG Engine               - class com.almasb.fxgl.minigames.MiniGameService
14:33:04.559 [FXGL Background Thread 3 ] DEBUG Engine               - class com.almasb.fxgl.net.NetService
14:33:04.559 [FXGL Background Thread 3 ] DEBUG Engine               - class com.almasb.fxgl.app.services.UpdaterService
14:33:04.559 [FXGL Background Thread 3 ] DEBUG Engine               - class com.almasb.fxgl.dev.DevService
14:33:09.521 [JavaFX Application Thread] DEBUG PrimaryStageWindow   - Push state: DialogSubScene
14:33:09.521 [JavaFX Application Thread] DEBUG Input                - Clearing active input actions
14:33:09.521 [JavaFX Application Thread] DEBUG GameApplicationServi - Removing overlay from CustomMainMenu and adding to DialogSubScene
14:33:09.521 [JavaFX Application Thread] DEBUG PrimaryStageWindow   - CustomMainMenu -> DialogSubScene
14:33:10.396 [JavaFX Application Thread] DEBUG PrimaryStageWindow   - Pop state: DialogSubScene
14:33:10.396 [JavaFX Application Thread] DEBUG Input                - Clearing active input actions
14:33:10.397 [JavaFX Application Thread] DEBUG GameApplicationServi - Removing overlay from DialogSubScene and adding to CustomMainMenu
14:33:10.397 [JavaFX Application Thread] DEBUG PrimaryStageWindow   - CustomMainMenu <- DialogSubScene
14:33:11.020 [JavaFX Application Thread] DEBUG Menu                 - fireExit()
14:33:11.022 [JavaFX Application Thread] DEBUG PrimaryStageWindow   - Push state: DialogSubScene
14:33:11.022 [JavaFX Application Thread] DEBUG Input                - Clearing active input actions
14:33:11.023 [JavaFX Application Thread] DEBUG GameApplicationServi - Removing overlay from CustomMainMenu and adding to DialogSubScene
14:33:11.023 [JavaFX Application Thread] DEBUG PrimaryStageWindow   - CustomMainMenu -> DialogSubScene
14:33:12.068 [JavaFX Application Thread] DEBUG PrimaryStageWindow   - Pop state: DialogSubScene
14:33:12.068 [JavaFX Application Thread] DEBUG Input                - Clearing active input actions
14:33:12.068 [JavaFX Application Thread] DEBUG GameApplicationServi - Removing overlay from DialogSubScene and adding to CustomMainMenu
14:33:12.068 [JavaFX Application Thread] DEBUG PrimaryStageWindow   - CustomMainMenu <- DialogSubScene
14:33:12.763 [JavaFX Application Thread] DEBUG Menu                 - fireNewGame()
14:33:12.763 [JavaFX Application Thread] DEBUG GameApplicationServi - Starting new game
14:33:12.763 [JavaFX Application Thread] DEBUG PrimaryStageWindow   - Pop state: CustomMainMenu
14:33:12.763 [JavaFX Application Thread] DEBUG Input                - Clearing active input actions
14:33:12.764 [JavaFX Application Thread] DEBUG GameApplicationServi - Removing overlay from CustomMainMenu and adding to FXGLMainMenuDummyScene
14:33:12.764 [JavaFX Application Thread] DEBUG PrimaryStageWindow   - FXGLMainMenuDummyScene <- CustomMainMenu
14:33:12.764 [JavaFX Application Thread] DEBUG Input                - Clearing active input actions
14:33:12.775 [JavaFX Application Thread] DEBUG GameApplicationServi - Removing overlay from FXGLMainMenuDummyScene and adding to FXGLLoadingScene
14:33:12.775 [JavaFX Application Thread] DEBUG PrimaryStageWindow   - FXGLMainMenuDummyScene -> FXGLLoadingScene
14:33:12.775 [JavaFX Application Thread] DEBUG GameApplicationServi - Clearing previous game
14:33:12.775 [JavaFX Application Thread] DEBUG GameScene            - Clearing game scene
14:33:12.775 [JavaFX Application Thread] DEBUG GameWorld            - Clearing game world
14:33:12.775 [JavaFX Application Thread] DEBUG PhysicsWorld         - Clearing physics world
14:33:12.776 [FXGL Background Thread 2 ] DEBUG FXGLApplication      - Initializing game
14:33:12.797 [FXGL Background Thread 2 ] WARN  TMXLevelLoader       - TiledMap generated from 1.11.2. Supported version: 1.2.3. Some features may not be parsed fully.
14:33:12.801 [FXGL Background Thread 2 ] DEBUG TMXLevelLoader       - Parsed TiledMap: file:/C:/Users/L13Y12W34/.m2/repository/org/openjfx/demoGame4OOP/target/classes/assets/levels/tmx/idkbackground.tmx
14:33:12.801 [FXGL Background Thread 2 ] DEBUG TMXLevelLoader       - Creating tile layer entities
14:33:12.802 [FXGL Background Thread 2 ] DEBUG TilesetLoader        - Loading view for layer Tile Layer 1
14:33:12.805 [FXGL Background Thread 2 ] DEBUG TilesetLoader        - Created buffer with size 1984.0x1088.0
14:33:12.828 [FXGL Background Thread 2 ] DEBUG TMXLevelLoader       - Creating object layer entities
14:33:12.837 [FXGL Background Thread 2 ] DEBUG GameWorld            - Clearing removable entities
14:33:12.838 [FXGL Background Thread 2 ] DEBUG GameWorld            - Setting level: com.almasb.fxgl.entity.level.Level@396db0f7
14:33:12.843 [FXGL Background Thread 2 ] DEBUG FXGLAssetLoaderServi - Loading from file system: file:/C:/Users/L13Y12W34/.m2/repository/org/openjfx/demoGame4OOP/target/classes/assets/textures/idk.png
14:33:12.844 [FXGL Background Thread 2 ] DEBUG FXGLAssetLoaderServi - Loading from file system: file:/C:/Users/L13Y12W34/.m2/repository/org/openjfx/demoGame4OOP/target/classes/assets/textures/walking.png
14:33:12.845 [FXGL Background Thread 2 ] DEBUG FXGLAssetLoaderServi - Loading from file system: file:/C:/Users/L13Y12W34/.m2/repository/org/openjfx/demoGame4OOP/target/classes/assets/textures/jump.png
14:33:12.846 [FXGL Background Thread 2 ] DEBUG FXGLAssetLoaderServi - Loading from file system: file:/C:/Users/L13Y12W34/.m2/repository/org/openjfx/demoGame4OOP/target/classes/assets/textures/punch.png
14:33:12.849 [FXGL Background Thread 2 ] DEBUG FXGLAssetLoaderServi - Loading from file system: file:/C:/Users/L13Y12W34/.m2/repository/org/openjfx/demoGame4OOP/target/classes/assets/textures/idle_punk.png
14:33:12.850 [FXGL Background Thread 2 ] DEBUG FXGLAssetLoaderServi - Loading from file system: file:/C:/Users/L13Y12W34/.m2/repository/org/openjfx/demoGame4OOP/target/classes/assets/textures/walk_punk.png
14:33:12.850 [FXGL Background Thread 2 ] DEBUG FXGLAssetLoaderServi - Loading from file system: file:/C:/Users/L13Y12W34/.m2/repository/org/openjfx/demoGame4OOP/target/classes/assets/textures/punch_punk.png
14:33:12.851 [FXGL Background Thread 2 ] INFO  FXGLApplication      - Game initialization took: 0.074 sec
14:33:12.851 [JavaFX Application Thread] DEBUG Input                - Clearing active input actions
14:33:12.854 [JavaFX Application Thread] DEBUG GameApplicationServi - Removing overlay from FXGLLoadingScene and adding to GameScene
14:33:12.854 [JavaFX Application Thread] DEBUG PrimaryStageWindow   - FXGLLoadingScene -> GameScene
14:33:20.238 [JavaFX Application Thread] DEBUG PrimaryStageWindow   - Push state: DialogSubScene
14:33:20.238 [JavaFX Application Thread] DEBUG Input                - Clearing active input actions
14:33:20.239 [JavaFX Application Thread] DEBUG GameApplicationServi - Removing overlay from GameScene and adding to DialogSubScene
14:33:20.239 [JavaFX Application Thread] DEBUG PrimaryStageWindow   - GameScene -> DialogSubScene
14:33:20.852 [JavaFX Application Thread] DEBUG PrimaryStageWindow   - Pop state: DialogSubScene
14:33:20.852 [JavaFX Application Thread] DEBUG Input                - Clearing active input actions
14:33:20.852 [JavaFX Application Thread] DEBUG GameApplicationServi - Removing overlay from DialogSubScene and adding to GameScene
14:33:20.852 [JavaFX Application Thread] DEBUG PrimaryStageWindow   - GameScene <- DialogSubScene
14:33:20.853 [JavaFX Application Thread] DEBUG FXGLApplication      - Exiting FXGL
14:33:20.853 [JavaFX Application Thread] DEBUG LoopRunner           - Stopping loop
14:33:20.853 [JavaFX Application Thread] DEBUG SystemBundleService  - Saving FXGL system data
14:33:20.854 [JavaFX Application Thread] DEBUG FileSystemAccess     - Writing to: C:\Users\L13Y12W34\.m2\repository\org\openjfx\demoGame4OOP\system\fxgl.bundle
14:33:20.857 [JavaFX Application Thread] DEBUG Async                - Shutting down background threads
14:33:20.857 [JavaFX Application Thread] DEBUG PrimaryStageWindow   - Closing main window
14:33:20.864 [JavaFX Application Thread] DEBUG Logger               - Closing Logger
