16:14:29.724 [main                     ] DEBUG Logger               - Configured Logger
16:14:29.726 [main                     ] DEBUG GameApplication      - Logging settings
Title: Stictactics
Version: 0.0
Width: 1920
Height: 1080
Fullscreen: false
Intro: false
Profiling: false
Single step:false
App Mode: DEVELOPER
Menu Key: ESCAPE
Stage Style: DECORATED
Scene Factory: class com.example.demo.MySceneFactory

16:14:30.302 [JavaFX Application Thread] DEBUG FXGLApplication      - Initializing FXGL
16:14:30.304 [JavaFX Application Thread] INFO  Engine               - FXGL-11.17 (16.07.2021 15.46) on WINDOWS (J:23.0.2 FX:17.0.6)
16:14:30.304 [JavaFX Application Thread] DEBUG Engine               - JRE Vendor Name: Amazon.com Inc.
16:14:30.305 [JavaFX Application Thread] DEBUG Engine               - Running on OS: Windows 11 version 10.0
16:14:30.305 [JavaFX Application Thread] DEBUG Engine               - Architecture: amd64
16:14:30.305 [JavaFX Application Thread] INFO  Engine               - Source code and latest versions at: https://github.com/AlmasB/FXGL
16:14:30.305 [JavaFX Application Thread] INFO  Engine               -              Join the FXGL chat at: https://gitter.im/AlmasB/FXGL
16:14:30.453 [JavaFX Application Thread] DEBUG PrimaryStageWindow   - Creating a JavaFX scene
16:14:30.453 [JavaFX Application Thread] DEBUG PrimaryStageWindow   - Target size > screen size
16:14:30.550 [JavaFX Application Thread] DEBUG PrimaryStageWindow   - Target settings size: 1920.0 x 1080.0
16:14:30.550 [JavaFX Application Thread] DEBUG PrimaryStageWindow   - Scaled scene size:    1255.0 x 720.0
16:14:30.550 [JavaFX Application Thread] DEBUG PrimaryStageWindow   - Scaled ratio: (0.6536458333333334, 0.6666666666666666)
16:14:30.551 [JavaFX Application Thread] DEBUG PrimaryStageWindow   - Set initial scene to FXGLStartupScene
16:14:30.562 [JavaFX Application Thread] DEBUG PrimaryStageWindow   - Opening main window
16:14:30.673 [JavaFX Application Thread] DEBUG PrimaryStageWindow   - Window border size: (16.0, 39.0)
16:14:30.673 [JavaFX Application Thread] DEBUG PrimaryStageWindow   - Scaled size: 1255.0 x 720.0
16:14:30.673 [JavaFX Application Thread] DEBUG PrimaryStageWindow   - Scaled ratio: (0.6536458333333334, 0.6666666666666666)
16:14:30.673 [JavaFX Application Thread] DEBUG PrimaryStageWindow   - Scene size: 1255.0 x 720.0
16:14:30.674 [JavaFX Application Thread] DEBUG PrimaryStageWindow   - Stage size: 1271.0 x 759.0
16:14:30.705 [FXGL Background Thread 1 ] DEBUG Engine               - Initializing environment variables
16:14:30.826 [FXGL Background Thread 1 ] DEBUG FXGLAssetLoaderServi - User app class for loading assets: class com.example.demo.HelloApplication
16:14:30.826 [FXGL Background Thread 1 ] DEBUG GameApplicationServi - Applying CSS: fxgl_dark.css
16:14:30.827 [FXGL Background Thread 1 ] DEBUG FXGLAssetLoaderServi - Loading from file system: jar:file:///C:/Users/zyla/.m2/repository/com/github/almasb/fxgl/11.17/fxgl-11.17.jar!/fxglassets/ui/css/fxgl_dark.css
16:14:30.890 [FXGL Background Thread 1 ] DEBUG GameApplicationServi - Initializing application scenes
16:14:31.023 [FXGL Background Thread 1 ] DEBUG GameWorld            - Game world initialized
16:14:31.097 [FXGL Background Thread 1 ] DEBUG PhysicsWorld         - Physics world initialized: appHeight=1080, physics.ppm=50.0
16:14:31.097 [FXGL Background Thread 1 ] DEBUG PhysicsWorld         - Using strategy: BRUTE_FORCE
16:14:31.101 [FXGL Background Thread 1 ] DEBUG GameScene            - Game scene initialized: 1920x1080
16:14:31.287 [FXGL Background Thread 1 ] DEBUG GameApplicationServi - Application scenes initialized
16:14:31.300 [FXGL Background Thread 1 ] DEBUG SystemBundleService  - Loading FXGL system data
16:14:31.309 [FXGL Background Thread 1 ] DEBUG FileSystemAccess     - Reading from: C:\Users\zyla\demoGame4OOP\system\fxgl.bundle
16:14:31.321 [FXGL Background Thread 1 ] DEBUG SystemBundleService  - Bundle FXGL: {}
16:14:31.321 [FXGL Background Thread 1 ] DEBUG UpdaterService       - Checking for updates
16:14:31.327 [FXGL Background Thread 4 ] DEBUG FXGLApplication      - Loading fonts
16:14:31.328 [FXGL Background Thread 1 ] DEBUG FXGLApplication      - Loading default localization
16:14:31.328 [FXGL Background Thread 4 ] DEBUG FXGLAssetLoaderServi - Loading from file system: jar:file:///C:/Users/zyla/.m2/repository/com/github/almasb/fxgl/11.17/fxgl-11.17.jar!/fxglassets/ui/fonts/VarelaRound-Regular.ttf
16:14:31.328 [FXGL Background Thread 1 ] DEBUG FXGLAssetLoaderServi - Loading from file system: jar:file:///C:/Users/zyla/.m2/repository/com/github/almasb/fxgl/11.17/fxgl-11.17.jar!/fxglassets/languages/english.lang
16:14:31.367 [FXGL Background Thread 1 ] INFO  FXGLApplication      - FXGL initialization took: 0.661 sec
16:14:31.387 [JavaFX Application Thread] DEBUG Input                - Registered new binding: P1Left - A
16:14:31.387 [JavaFX Application Thread] DEBUG Input                - Registered new binding: P1Right - D
16:14:31.387 [JavaFX Application Thread] DEBUG Input                - Registered new binding: P1Jump - W
16:14:31.387 [JavaFX Application Thread] DEBUG Input                - Registered new binding: P1Punch - F
16:14:31.388 [JavaFX Application Thread] DEBUG Input                - Registered new binding: P1EnhancedPunch - E
16:14:31.388 [JavaFX Application Thread] DEBUG Input                - Registered new binding: P1Ult - Q
16:14:31.389 [JavaFX Application Thread] DEBUG Input                - Registered new binding: P2Left - J
16:14:31.389 [JavaFX Application Thread] DEBUG Input                - Registered new binding: P2Right - L
16:14:31.390 [JavaFX Application Thread] DEBUG Input                - Registered new binding: P2Jump - I
16:14:31.390 [JavaFX Application Thread] DEBUG Input                - Registered new binding: P2Punch - H
16:14:31.393 [JavaFX Application Thread] DEBUG Input                - Registered new binding: P2EnhancedPunch - U
16:14:31.393 [JavaFX Application Thread] DEBUG Input                - Registered new binding: P2Ult - O
16:14:31.399 [JavaFX Application Thread] WARN  FXGLAssetLoaderServi - Asset "/assets/textures//assets/textures/background-intro.mp4" was not found!
16:14:31.400 [JavaFX Application Thread] WARN  FXGLAssetLoaderServi - Failed to load IMAGE
16:14:31.436 [FXGL Background Thread 4 ] DEBUG FXGLAssetLoaderServi - Loading from file system: jar:file:///C:/Users/zyla/.m2/repository/com/github/almasb/fxgl/11.17/fxgl-11.17.jar!/fxglassets/ui/fonts/Abel-Regular.ttf
16:14:31.450 [JavaFX Application Thread] DEBUG FXGLAssetLoaderServi - Loading from file system: jar:file:///C:/Users/zyla/.m2/repository/com/github/almasb/fxgl/11.17/fxgl-11.17.jar!/fxglassets/textures/fxgl_icon.png
16:14:31.457 [FXGL Background Thread 4 ] DEBUG FXGLAssetLoaderServi - Loading from file system: jar:file:///C:/Users/zyla/.m2/repository/com/github/almasb/fxgl/11.17/fxgl-11.17.jar!/fxglassets/ui/fonts/lucida_console.ttf
16:14:31.487 [FXGL Background Thread 4 ] DEBUG FXGLAssetLoaderServi - Loading from file system: jar:file:///C:/Users/zyla/.m2/repository/com/github/almasb/fxgl/11.17/fxgl-11.17.jar!/fxglassets/ui/fonts/Courier-Prime.ttf
16:14:31.522 [JavaFX Application Thread] DEBUG FXGLAssetLoaderServi - Loading from file system: jar:file:///C:/Users/zyla/.m2/repository/com/github/almasb/fxgl/11.17/fxgl-11.17.jar!/fxglassets/textures/fxgl_default_cursor.png
16:14:31.525 [JavaFX Application Thread] DEBUG Input                - Registered new binding: Screenshot - CTRL+8
16:14:31.526 [JavaFX Application Thread] DEBUG Input                - Registered new binding: System info dump - CTRL+9
16:14:31.527 [JavaFX Application Thread] DEBUG Input                - Registered new binding: Restart - CTRL+R
16:14:31.527 [JavaFX Application Thread] DEBUG Input                - Registered new binding: Toggle Debug Camera - CTRL+C
16:14:31.531 [JavaFX Application Thread] DEBUG LoopRunner           - Starting loop
16:14:31.532 [JavaFX Application Thread] DEBUG LoopRunner           - Initializing JavaFX AnimationTimerLoop
16:14:31.541 [JavaFX Application Thread] DEBUG Input                - Clearing active input actions
16:14:31.566 [JavaFX Application Thread] DEBUG GameApplicationServi - Removing overlay from FXGLStartupScene and adding to FXGLMainMenuDummyScene
16:14:31.566 [JavaFX Application Thread] DEBUG PrimaryStageWindow   - FXGLStartupScene -> FXGLMainMenuDummyScene
16:14:31.567 [JavaFX Application Thread] DEBUG PrimaryStageWindow   - Push state: CustomMainMenu
16:14:31.567 [JavaFX Application Thread] DEBUG Input                - Clearing active input actions
16:14:31.578 [JavaFX Application Thread] DEBUG GameApplicationServi - Removing overlay from FXGLMainMenuDummyScene and adding to CustomMainMenu
16:14:31.579 [JavaFX Application Thread] DEBUG PrimaryStageWindow   - FXGLMainMenuDummyScene -> CustomMainMenu
16:14:31.580 [JavaFX Application Thread] DEBUG FXGLApplication      - Registering font factories with UI factory
16:14:32.586 [FXGL Background Thread 2 ] INFO  UpdaterService       - Your current version:  11.17
16:14:32.586 [FXGL Background Thread 2 ] INFO  UpdaterService       - Latest stable version: 21.1
16:14:34.326 [FXGL Background Thread 3 ] DEBUG Engine               - Logging environment variables
16:14:34.327 [FXGL Background Thread 3 ] DEBUG Engine               - achievements: []
16:14:34.328 [FXGL Background Thread 3 ] DEBUG Engine               - actualHeight: 720.0
16:14:34.328 [FXGL Background Thread 3 ] DEBUG Engine               - actualHeightProperty: ReadOnlyDoubleProperty [value: 720.0]
16:14:34.329 [FXGL Background Thread 3 ] DEBUG Engine               - actualWidth: 1255.0
16:14:34.329 [FXGL Background Thread 3 ] DEBUG Engine               - actualWidthProperty: ReadOnlyDoubleProperty [value: 1255.0]
16:14:34.329 [FXGL Background Thread 3 ] DEBUG Engine               - appIcon: fxgl_icon.png
16:14:34.330 [FXGL Background Thread 3 ] DEBUG Engine               - applicationMode: DEVELOPER
16:14:34.330 [FXGL Background Thread 3 ] DEBUG Engine               - cSSList: [fxgl_dark.css]
16:14:34.330 [FXGL Background Thread 3 ] DEBUG Engine               - collisionDetectionStrategy: BRUTE_FORCE
16:14:34.330 [FXGL Background Thread 3 ] DEBUG Engine               - configClass: Optional.empty
16:14:34.330 [FXGL Background Thread 3 ] DEBUG Engine               - credits: []
16:14:34.331 [FXGL Background Thread 3 ] DEBUG Engine               - defaultCursor: CursorInfo(imageName=fxgl_default_cursor.png, hotspotX=7.0, hotspotY=6.0)
16:14:34.332 [FXGL Background Thread 3 ] DEBUG Engine               - devBBoxColorProperty: ObjectProperty [value: 0xff0000ff]
16:14:34.332 [FXGL Background Thread 3 ] DEBUG Engine               - devEnableDebugCameraProperty: BooleanProperty [value: false]
16:14:34.333 [FXGL Background Thread 3 ] DEBUG Engine               - devSensorColorProperty: ObjectProperty [value: 0xffff00ff]
16:14:34.333 [FXGL Background Thread 3 ] DEBUG Engine               - devShowBBoxProperty: BooleanProperty [value: false]
16:14:34.333 [FXGL Background Thread 3 ] DEBUG Engine               - devShowPositionProperty: BooleanProperty [value: false]
16:14:34.333 [FXGL Background Thread 3 ] DEBUG Engine               - enabledMenuItems: []
16:14:34.333 [FXGL Background Thread 3 ] DEBUG Engine               - engineServices: [class com.almasb.fxgl.app.services.FXGLAssetLoaderService, class com.almasb.fxgl.app.FXGLApplication$GameApplicationService, class com.almasb.fxgl.app.services.FXGLDialogService, class com.almasb.fxgl.app.services.IOTaskExecutorService, class com.almasb.fxgl.io.FileSystemService, class com.almasb.fxgl.localization.LocalizationService, class com.almasb.fxgl.app.services.SystemBundleService, class com.almasb.fxgl.profile.SaveLoadService, class com.almasb.fxgl.ui.FXGLUIFactoryServiceProvider, class com.almasb.fxgl.ui.FXGLDialogFactoryServiceProvider, class com.almasb.fxgl.audio.AudioPlayer, class com.almasb.fxgl.notification.impl.NotificationServiceProvider, class com.almasb.fxgl.achievement.AchievementService, class com.almasb.fxgl.cutscene.CutsceneService, class com.almasb.fxgl.minigames.MiniGameService, class com.almasb.fxgl.net.NetService, class com.almasb.fxgl.app.services.UpdaterService, class com.almasb.fxgl.dev.DevService]
16:14:34.335 [FXGL Background Thread 3 ] DEBUG Engine               - fontGame: Abel-Regular.ttf
16:14:34.335 [FXGL Background Thread 3 ] DEBUG Engine               - fontMono: lucida_console.ttf
16:14:34.336 [FXGL Background Thread 3 ] DEBUG Engine               - fontText: Courier-Prime.ttf
16:14:34.336 [FXGL Background Thread 3 ] DEBUG Engine               - fontUI: VarelaRound-Regular.ttf
16:14:34.336 [FXGL Background Thread 3 ] DEBUG Engine               - fullScreen: BooleanProperty [value: false]
16:14:34.337 [FXGL Background Thread 3 ] DEBUG Engine               - gameDifficulty: MEDIUM
16:14:34.337 [FXGL Background Thread 3 ] DEBUG Engine               - gameDifficultyProperty: ObjectProperty [value: MEDIUM]
16:14:34.337 [FXGL Background Thread 3 ] DEBUG Engine               - globalMusicVolume: 0.5
16:14:34.338 [FXGL Background Thread 3 ] DEBUG Engine               - globalMusicVolumeProperty: DoubleProperty [value: 0.5]
16:14:34.338 [FXGL Background Thread 3 ] DEBUG Engine               - globalSoundVolume: 0.5
16:14:34.338 [FXGL Background Thread 3 ] DEBUG Engine               - globalSoundVolumeProperty: DoubleProperty [value: 0.5]
16:14:34.339 [FXGL Background Thread 3 ] DEBUG Engine               - height: 1080
16:14:34.339 [FXGL Background Thread 3 ] DEBUG Engine               - is3D: false
16:14:34.339 [FXGL Background Thread 3 ] DEBUG Engine               - isAndroid: false
16:14:34.340 [FXGL Background Thread 3 ] DEBUG Engine               - isBrowser: false
16:14:34.340 [FXGL Background Thread 3 ] DEBUG Engine               - isClickFeedbackEnabled: false
16:14:34.340 [FXGL Background Thread 3 ] DEBUG Engine               - isCloseConfirmation: true
16:14:34.340 [FXGL Background Thread 3 ] DEBUG Engine               - isDesktop: true
16:14:34.341 [FXGL Background Thread 3 ] DEBUG Engine               - isDeveloperMenuEnabled: false
16:14:34.341 [FXGL Background Thread 3 ] DEBUG Engine               - isEntityPreloadEnabled: true
16:14:34.341 [FXGL Background Thread 3 ] DEBUG Engine               - isExperimentalTiledLargeMap: false
16:14:34.341 [FXGL Background Thread 3 ] DEBUG Engine               - isFileSystemWriteAllowed: true
16:14:34.342 [FXGL Background Thread 3 ] DEBUG Engine               - isFullScreenAllowed: false
16:14:34.342 [FXGL Background Thread 3 ] DEBUG Engine               - isFullScreenFromStart: false
16:14:34.342 [FXGL Background Thread 3 ] DEBUG Engine               - isGameMenuEnabled: false
16:14:34.342 [FXGL Background Thread 3 ] DEBUG Engine               - isIOS: false
16:14:34.342 [FXGL Background Thread 3 ] DEBUG Engine               - isIntroEnabled: false
16:14:34.342 [FXGL Background Thread 3 ] DEBUG Engine               - isLinux: false
16:14:34.343 [FXGL Background Thread 3 ] DEBUG Engine               - isMac: false
16:14:34.343 [FXGL Background Thread 3 ] DEBUG Engine               - isMainMenuEnabled: true
16:14:34.343 [FXGL Background Thread 3 ] DEBUG Engine               - isManualResizeEnabled: false
16:14:34.343 [FXGL Background Thread 3 ] DEBUG Engine               - isMobile: false
16:14:34.343 [FXGL Background Thread 3 ] DEBUG Engine               - isNative: false
16:14:34.344 [FXGL Background Thread 3 ] DEBUG Engine               - isPauseMusicWhenMinimized: true
16:14:34.344 [FXGL Background Thread 3 ] DEBUG Engine               - isPreserveResizeRatio: false
16:14:34.344 [FXGL Background Thread 3 ] DEBUG Engine               - isProfilingEnabled: false
16:14:34.344 [FXGL Background Thread 3 ] DEBUG Engine               - isScaleAffectedOnResize: true
16:14:34.344 [FXGL Background Thread 3 ] DEBUG Engine               - isSingleStep: false
16:14:34.344 [FXGL Background Thread 3 ] DEBUG Engine               - isUserProfileEnabled: false
16:14:34.345 [FXGL Background Thread 3 ] DEBUG Engine               - isWindows: true
16:14:34.345 [FXGL Background Thread 3 ] DEBUG Engine               - language: ObjectProperty [value: ENGLISH]
16:14:34.345 [FXGL Background Thread 3 ] DEBUG Engine               - menuKey: ESCAPE
16:14:34.345 [FXGL Background Thread 3 ] DEBUG Engine               - mouseSensitivity: 0.2
16:14:34.345 [FXGL Background Thread 3 ] DEBUG Engine               - notificationViewClass: class com.almasb.fxgl.notification.view.XboxNotificationView
16:14:34.346 [FXGL Background Thread 3 ] DEBUG Engine               - pixelsPerMeter: 50.0
16:14:34.346 [FXGL Background Thread 3 ] DEBUG Engine               - platform: WINDOWS
16:14:34.346 [FXGL Background Thread 3 ] DEBUG Engine               - prefHeightProperty: ReadOnlyDoubleProperty [value: 1080.0]
16:14:34.346 [FXGL Background Thread 3 ] DEBUG Engine               - prefWidthProperty: ReadOnlyDoubleProperty [value: 1920.0]
16:14:34.346 [FXGL Background Thread 3 ] DEBUG Engine               - profileDir: profiles/
16:14:34.347 [FXGL Background Thread 3 ] DEBUG Engine               - profileName: StringProperty [value: DEFAULT]
16:14:34.347 [FXGL Background Thread 3 ] DEBUG Engine               - randomSeed: -1
16:14:34.347 [FXGL Background Thread 3 ] DEBUG Engine               - runtimeInfo: RuntimeInfo(platform=WINDOWS, version=11.17, build=16.07.2021 15.46)
16:14:34.347 [FXGL Background Thread 3 ] DEBUG Engine               - saveFileExt: sav
16:14:34.347 [FXGL Background Thread 3 ] DEBUG Engine               - scaledHeightProp$fxgl: DoubleProperty [bound, value: 720.0]
16:14:34.347 [FXGL Background Thread 3 ] DEBUG Engine               - scaledWidthProp$fxgl: DoubleProperty [bound, value: 1255.0]
16:14:34.348 [FXGL Background Thread 3 ] DEBUG Engine               - sceneFactory: com.example.demo.MySceneFactory@1e01696f
16:14:34.348 [FXGL Background Thread 3 ] DEBUG Engine               - secondsIn24h: 60
16:14:34.348 [FXGL Background Thread 3 ] DEBUG Engine               - soundMenuBack: menu/back.wav
16:14:34.348 [FXGL Background Thread 3 ] DEBUG Engine               - soundMenuPress: menu/press.wav
16:14:34.348 [FXGL Background Thread 3 ] DEBUG Engine               - soundMenuSelect: menu/select.wav
16:14:34.348 [FXGL Background Thread 3 ] DEBUG Engine               - soundNotification: core/notification.wav
16:14:34.348 [FXGL Background Thread 3 ] DEBUG Engine               - stageStyle: DECORATED
16:14:34.349 [FXGL Background Thread 3 ] DEBUG Engine               - supportedLanguages: [ENGLISH, FRENCH, GERMAN, HUNGARIAN, RUSSIAN]
16:14:34.349 [FXGL Background Thread 3 ] DEBUG Engine               - ticksPerSecond: -1
16:14:34.349 [FXGL Background Thread 3 ] DEBUG Engine               - title: Stictactics
16:14:34.349 [FXGL Background Thread 3 ] DEBUG Engine               - urlGithub: https://github.com/AlmasB/FXGL
16:14:34.349 [FXGL Background Thread 3 ] DEBUG Engine               - urlLeaderboard: http://fxgl-top.herokuapp.com/
16:14:34.349 [FXGL Background Thread 3 ] DEBUG Engine               - urlPOM: https://raw.githubusercontent.com/AlmasB/FXGL/release/README.md
16:14:34.350 [FXGL Background Thread 3 ] DEBUG Engine               - userAppClass: class com.example.demo.HelloApplication
16:14:34.350 [FXGL Background Thread 3 ] DEBUG Engine               - version: 0.0
16:14:34.350 [FXGL Background Thread 3 ] DEBUG Engine               - versionCheckDays: 7
16:14:34.351 [FXGL Background Thread 3 ] DEBUG Engine               - width: 1920
16:14:34.351 [FXGL Background Thread 3 ] DEBUG Engine               - Logging services
16:14:34.351 [FXGL Background Thread 3 ] DEBUG Engine               - class com.almasb.fxgl.app.services.FXGLAssetLoaderService
16:14:34.352 [FXGL Background Thread 3 ] DEBUG Engine               - class com.almasb.fxgl.app.FXGLApplication$GameApplicationService
16:14:34.352 [FXGL Background Thread 3 ] DEBUG Engine               - class com.almasb.fxgl.app.services.FXGLDialogService
16:14:34.352 [FXGL Background Thread 3 ] DEBUG Engine               - class com.almasb.fxgl.app.services.IOTaskExecutorService
16:14:34.352 [FXGL Background Thread 3 ] DEBUG Engine               - class com.almasb.fxgl.io.FileSystemService
16:14:34.352 [FXGL Background Thread 3 ] DEBUG Engine               - class com.almasb.fxgl.localization.LocalizationService
16:14:34.352 [FXGL Background Thread 3 ] DEBUG Engine               - class com.almasb.fxgl.app.services.SystemBundleService
16:14:34.353 [FXGL Background Thread 3 ] DEBUG Engine               - class com.almasb.fxgl.profile.SaveLoadService
16:14:34.353 [FXGL Background Thread 3 ] DEBUG Engine               - class com.almasb.fxgl.ui.FXGLUIFactoryServiceProvider
16:14:34.353 [FXGL Background Thread 3 ] DEBUG Engine               - class com.almasb.fxgl.ui.FXGLDialogFactoryServiceProvider
16:14:34.353 [FXGL Background Thread 3 ] DEBUG Engine               - class com.almasb.fxgl.audio.AudioPlayer
16:14:34.353 [FXGL Background Thread 3 ] DEBUG Engine               - class com.almasb.fxgl.notification.impl.NotificationServiceProvider
16:14:34.353 [FXGL Background Thread 3 ] DEBUG Engine               - class com.almasb.fxgl.achievement.AchievementService
16:14:34.354 [FXGL Background Thread 3 ] DEBUG Engine               - class com.almasb.fxgl.cutscene.CutsceneService
16:14:34.354 [FXGL Background Thread 3 ] DEBUG Engine               - class com.almasb.fxgl.minigames.MiniGameService
16:14:34.354 [FXGL Background Thread 3 ] DEBUG Engine               - class com.almasb.fxgl.net.NetService
16:14:34.354 [FXGL Background Thread 3 ] DEBUG Engine               - class com.almasb.fxgl.app.services.UpdaterService
16:14:34.354 [FXGL Background Thread 3 ] DEBUG Engine               - class com.almasb.fxgl.dev.DevService
16:14:36.569 [JavaFX Application Thread] DEBUG Menu                 - fireNewGame()
16:14:36.569 [JavaFX Application Thread] DEBUG GameApplicationServi - Starting new game
16:14:36.569 [JavaFX Application Thread] DEBUG PrimaryStageWindow   - Pop state: CustomMainMenu
16:14:36.569 [JavaFX Application Thread] DEBUG Input                - Clearing active input actions
16:14:36.570 [JavaFX Application Thread] DEBUG GameApplicationServi - Removing overlay from CustomMainMenu and adding to FXGLMainMenuDummyScene
16:14:36.571 [JavaFX Application Thread] DEBUG PrimaryStageWindow   - FXGLMainMenuDummyScene <- CustomMainMenu
16:14:36.571 [JavaFX Application Thread] DEBUG Input                - Clearing active input actions
16:14:36.582 [JavaFX Application Thread] DEBUG GameApplicationServi - Removing overlay from FXGLMainMenuDummyScene and adding to FXGLLoadingScene
16:14:36.582 [JavaFX Application Thread] DEBUG PrimaryStageWindow   - FXGLMainMenuDummyScene -> FXGLLoadingScene
16:14:36.582 [JavaFX Application Thread] DEBUG GameApplicationServi - Clearing previous game
16:14:36.583 [JavaFX Application Thread] DEBUG GameScene            - Clearing game scene
16:14:36.583 [JavaFX Application Thread] DEBUG GameWorld            - Clearing game world
16:14:36.583 [JavaFX Application Thread] DEBUG PhysicsWorld         - Clearing physics world
16:14:36.587 [FXGL Background Thread 2 ] DEBUG FXGLApplication      - Initializing game
16:14:36.720 [FXGL Background Thread 2 ] WARN  TMXLevelLoader       - TiledMap generated from 1.11.2. Supported version: 1.2.3. Some features may not be parsed fully.
16:14:36.733 [FXGL Background Thread 2 ] DEBUG TMXLevelLoader       - Parsed TiledMap: file:/C:/Users/zyla/demoGame4OOP/target/classes/assets/levels/tmx/map4.tmx
16:14:36.735 [FXGL Background Thread 2 ] DEBUG TMXLevelLoader       - Creating tile layer entities
16:14:36.738 [FXGL Background Thread 2 ] DEBUG TilesetLoader        - Loading view for layer Tile Layer 1
16:14:36.743 [FXGL Background Thread 2 ] DEBUG TilesetLoader        - Created buffer with size 1920.0x1088.0
16:14:36.860 [FXGL Background Thread 2 ] DEBUG TMXLevelLoader       - Creating object layer entities
16:14:36.881 [FXGL Background Thread 2 ] DEBUG GameWorld            - Clearing removable entities
16:14:36.882 [FXGL Background Thread 2 ] DEBUG GameWorld            - Setting level: com.almasb.fxgl.entity.level.Level@31da70a6
16:14:36.895 [FXGL Background Thread 2 ] DEBUG FXGLAssetLoaderServi - Loading from file system: file:/C:/Users/zyla/demoGame4OOP/target/classes/assets/textures/fighter_idle.png
16:14:36.909 [FXGL Background Thread 2 ] DEBUG FXGLAssetLoaderServi - Loading from file system: file:/C:/Users/zyla/demoGame4OOP/target/classes/assets/textures/fighter_walk.png
16:14:36.916 [FXGL Background Thread 2 ] DEBUG FXGLAssetLoaderServi - Loading from file system: file:/C:/Users/zyla/demoGame4OOP/target/classes/assets/textures/fighter_jump.png
16:14:36.923 [FXGL Background Thread 2 ] DEBUG FXGLAssetLoaderServi - Loading from file system: file:/C:/Users/zyla/demoGame4OOP/target/classes/assets/textures/fighter_attack_enhanced.png
16:14:36.932 [FXGL Background Thread 2 ] DEBUG FXGLAssetLoaderServi - Loading from file system: file:/C:/Users/zyla/demoGame4OOP/target/classes/assets/textures/fighter_attack.png
16:14:36.945 [FXGL Background Thread 2 ] DEBUG FXGLAssetLoaderServi - Loading from file system: file:/C:/Users/zyla/demoGame4OOP/target/classes/assets/textures/fighter_ult.png
16:14:36.965 [FXGL Background Thread 2 ] DEBUG FXGLAssetLoaderServi - Loading from file system: file:/C:/Users/zyla/demoGame4OOP/target/classes/assets/textures/fighter_idle_P2.png
16:14:36.988 [FXGL Background Thread 2 ] DEBUG FXGLAssetLoaderServi - Loading from file system: file:/C:/Users/zyla/demoGame4OOP/target/classes/assets/textures/fighter_walk_P2.png
16:14:36.995 [FXGL Background Thread 2 ] DEBUG FXGLAssetLoaderServi - Loading from file system: file:/C:/Users/zyla/demoGame4OOP/target/classes/assets/textures/fighter_attack_enhanced_p2.png
16:14:37.000 [FXGL Background Thread 2 ] DEBUG FXGLAssetLoaderServi - Loading from file system: file:/C:/Users/zyla/demoGame4OOP/target/classes/assets/textures/fighter_jump_P2.png
16:14:37.009 [FXGL Background Thread 2 ] DEBUG FXGLAssetLoaderServi - Loading from file system: file:/C:/Users/zyla/demoGame4OOP/target/classes/assets/textures/fighter_attack_P2.png
16:14:37.015 [FXGL Background Thread 2 ] DEBUG FXGLAssetLoaderServi - Loading from file system: file:/C:/Users/zyla/demoGame4OOP/target/classes/assets/textures/fighter_ult_P2.png
16:14:37.042 [FXGL Background Thread 2 ] INFO  FXGLApplication      - Game initialization took: 0.455 sec
16:14:37.053 [JavaFX Application Thread] DEBUG Input                - Clearing active input actions
16:14:37.065 [JavaFX Application Thread] DEBUG GameApplicationServi - Removing overlay from FXGLLoadingScene and adding to GameScene
16:14:37.065 [JavaFX Application Thread] DEBUG PrimaryStageWindow   - FXGLLoadingScene -> GameScene
16:15:41.551 [JavaFX Application Thread] DEBUG LoopRunner           - Pausing loop
16:15:41.557 [JavaFX Application Thread] DEBUG LoopRunner           - Pausing loop
16:15:43.240 [JavaFX Application Thread] DEBUG LoopRunner           - Resuming loop
16:15:43.240 [JavaFX Application Thread] DEBUG GameApplicationServi - Starting new game
16:15:43.240 [JavaFX Application Thread] DEBUG Input                - Clearing active input actions
16:15:43.250 [JavaFX Application Thread] DEBUG GameApplicationServi - Removing overlay from GameScene and adding to FXGLLoadingScene
16:15:43.250 [JavaFX Application Thread] DEBUG PrimaryStageWindow   - GameScene -> FXGLLoadingScene
16:15:43.250 [JavaFX Application Thread] DEBUG GameApplicationServi - Clearing previous game
16:15:43.250 [JavaFX Application Thread] DEBUG GameScene            - Clearing game scene
16:15:43.250 [JavaFX Application Thread] DEBUG GameWorld            - Clearing game world
16:15:43.253 [JavaFX Application Thread] DEBUG PhysicsWorld         - Clearing physics world
16:15:43.255 [FXGL Background Thread 5 ] DEBUG FXGLApplication      - Initializing game
16:15:43.258 [FXGL Background Thread 5 ] WARN  TMXLevelLoader       - TiledMap generated from 1.11.2. Supported version: 1.2.3. Some features may not be parsed fully.
16:15:43.265 [FXGL Background Thread 5 ] DEBUG TMXLevelLoader       - Parsed TiledMap: file:/C:/Users/zyla/demoGame4OOP/target/classes/assets/levels/tmx/map4.tmx
16:15:43.265 [FXGL Background Thread 5 ] DEBUG TMXLevelLoader       - Creating tile layer entities
16:15:43.266 [FXGL Background Thread 5 ] DEBUG TilesetLoader        - Loading view for layer Tile Layer 1
16:15:43.269 [FXGL Background Thread 5 ] DEBUG TilesetLoader        - Created buffer with size 1920.0x1088.0
16:15:43.344 [FXGL Background Thread 5 ] DEBUG TMXLevelLoader       - Creating object layer entities
16:15:43.345 [FXGL Background Thread 5 ] DEBUG GameWorld            - Clearing removable entities
16:15:43.346 [FXGL Background Thread 5 ] DEBUG GameWorld            - Setting level: com.almasb.fxgl.entity.level.Level@1343bb18
16:15:43.356 [FXGL Background Thread 5 ] INFO  FXGLApplication      - Game initialization took: 0.102 sec
16:15:43.356 [JavaFX Application Thread] DEBUG Input                - Clearing active input actions
16:15:43.362 [JavaFX Application Thread] DEBUG GameApplicationServi - Removing overlay from FXGLLoadingScene and adding to GameScene
16:15:43.363 [JavaFX Application Thread] DEBUG PrimaryStageWindow   - FXGLLoadingScene -> GameScene
16:15:45.633 [JavaFX Application Thread] DEBUG PrimaryStageWindow   - Push state: DialogSubScene
16:15:45.633 [JavaFX Application Thread] DEBUG Input                - Clearing active input actions
16:15:45.634 [JavaFX Application Thread] DEBUG GameApplicationServi - Removing overlay from GameScene and adding to DialogSubScene
16:15:45.634 [JavaFX Application Thread] DEBUG PrimaryStageWindow   - GameScene -> DialogSubScene
16:15:46.164 [JavaFX Application Thread] DEBUG PrimaryStageWindow   - Pop state: DialogSubScene
16:15:46.164 [JavaFX Application Thread] DEBUG Input                - Clearing active input actions
16:15:46.165 [JavaFX Application Thread] DEBUG GameApplicationServi - Removing overlay from DialogSubScene and adding to GameScene
16:15:46.165 [JavaFX Application Thread] DEBUG PrimaryStageWindow   - GameScene <- DialogSubScene
16:15:46.165 [JavaFX Application Thread] DEBUG FXGLApplication      - Exiting FXGL
16:15:46.165 [JavaFX Application Thread] DEBUG LoopRunner           - Stopping loop
16:15:46.165 [JavaFX Application Thread] DEBUG SystemBundleService  - Saving FXGL system data
16:15:46.172 [JavaFX Application Thread] DEBUG FileSystemAccess     - Writing to: C:\Users\zyla\demoGame4OOP\system\fxgl.bundle
16:15:46.175 [JavaFX Application Thread] DEBUG Async                - Shutting down background threads
16:15:46.175 [JavaFX Application Thread] DEBUG PrimaryStageWindow   - Closing main window
16:15:46.219 [JavaFX Application Thread] DEBUG Logger               - Closing Logger
