15:56:52.346 [main                     ] DEBUG Logger               - Configured Logger
15:56:52.347 [main                     ] DEBUG GameApplication      - Logging settings
Title: Stictactics
Version: 0.0
Width: 1920
Height: 1080
Fullscreen: false
Intro: false
Profiling: false
Single step:false
App Mode: DEVELOPER
Menu Key: ESCAPE
Stage Style: DECORATED
Scene Factory: class com.example.demo.MySceneFactory

15:56:52.766 [JavaFX Application Thread] DEBUG FXGLApplication      - Initializing FXGL
15:56:52.768 [JavaFX Application Thread] INFO  Engine               - FXGL-11.17 (16.07.2021 15.46) on WINDOWS (J:23.0.2 FX:17.0.6)
15:56:52.768 [JavaFX Application Thread] DEBUG Engine               - JRE Vendor Name: Amazon.com Inc.
15:56:52.769 [JavaFX Application Thread] DEBUG Engine               - Running on OS: Windows 11 version 10.0
15:56:52.769 [JavaFX Application Thread] DEBUG Engine               - Architecture: amd64
15:56:52.769 [JavaFX Application Thread] INFO  Engine               - Source code and latest versions at: https://github.com/AlmasB/FXGL
15:56:52.769 [JavaFX Application Thread] INFO  Engine               -              Join the FXGL chat at: https://gitter.im/AlmasB/FXGL
15:56:52.881 [JavaFX Application Thread] DEBUG PrimaryStageWindow   - Creating a JavaFX scene
15:56:52.881 [JavaFX Application Thread] DEBUG PrimaryStageWindow   - Target size > screen size
15:56:52.939 [JavaFX Application Thread] DEBUG PrimaryStageWindow   - Target settings size: 1920.0 x 1080.0
15:56:52.939 [JavaFX Application Thread] DEBUG PrimaryStageWindow   - Scaled scene size:    1255.0 x 720.0
15:56:52.939 [JavaFX Application Thread] DEBUG PrimaryStageWindow   - Scaled ratio: (0.6536458333333334, 0.6666666666666666)
15:56:52.941 [JavaFX Application Thread] DEBUG PrimaryStageWindow   - Set initial scene to FXGLStartupScene
15:56:52.949 [JavaFX Application Thread] DEBUG PrimaryStageWindow   - Opening main window
15:56:53.054 [JavaFX Application Thread] DEBUG PrimaryStageWindow   - Window border size: (16.0, 39.0)
15:56:53.054 [JavaFX Application Thread] DEBUG PrimaryStageWindow   - Scaled size: 1255.0 x 720.0
15:56:53.055 [JavaFX Application Thread] DEBUG PrimaryStageWindow   - Scaled ratio: (0.6536458333333334, 0.6666666666666666)
15:56:53.055 [JavaFX Application Thread] DEBUG PrimaryStageWindow   - Scene size: 1255.0 x 720.0
15:56:53.055 [JavaFX Application Thread] DEBUG PrimaryStageWindow   - Stage size: 1271.0 x 759.0
15:56:53.065 [FXGL Background Thread 1 ] DEBUG Engine               - Initializing environment variables
15:56:53.193 [FXGL Background Thread 1 ] DEBUG FXGLAssetLoaderServi - User app class for loading assets: class com.example.demo.HelloApplication
15:56:53.193 [FXGL Background Thread 1 ] DEBUG GameApplicationServi - Applying CSS: fxgl_dark.css
15:56:53.194 [FXGL Background Thread 1 ] DEBUG FXGLAssetLoaderServi - Loading from file system: jar:file:///C:/Users/zyla/.m2/repository/com/github/almasb/fxgl/11.17/fxgl-11.17.jar!/fxglassets/ui/css/fxgl_dark.css
15:56:53.261 [FXGL Background Thread 1 ] DEBUG GameApplicationServi - Initializing application scenes
15:56:53.377 [FXGL Background Thread 1 ] DEBUG GameWorld            - Game world initialized
15:56:53.459 [FXGL Background Thread 1 ] DEBUG PhysicsWorld         - Physics world initialized: appHeight=1080, physics.ppm=50.0
15:56:53.459 [FXGL Background Thread 1 ] DEBUG PhysicsWorld         - Using strategy: BRUTE_FORCE
15:56:53.462 [FXGL Background Thread 1 ] DEBUG GameScene            - Game scene initialized: 1920x1080
15:56:53.625 [FXGL Background Thread 1 ] DEBUG GameApplicationServi - Application scenes initialized
15:56:53.638 [FXGL Background Thread 1 ] DEBUG SystemBundleService  - Loading FXGL system data
15:56:53.645 [FXGL Background Thread 1 ] DEBUG FileSystemAccess     - Reading from: C:\Users\zyla\demoGame4OOP\system\fxgl.bundle
15:56:53.655 [FXGL Background Thread 1 ] DEBUG SystemBundleService  - Bundle FXGL: {}
15:56:53.655 [FXGL Background Thread 1 ] DEBUG UpdaterService       - Checking for updates
15:56:53.662 [FXGL Background Thread 1 ] DEBUG FXGLApplication      - Loading default localization
15:56:53.663 [FXGL Background Thread 1 ] DEBUG FXGLAssetLoaderServi - Loading from file system: jar:file:///C:/Users/zyla/.m2/repository/com/github/almasb/fxgl/11.17/fxgl-11.17.jar!/fxglassets/languages/english.lang
15:56:53.676 [FXGL Background Thread 4 ] DEBUG FXGLApplication      - Loading fonts
15:56:53.677 [FXGL Background Thread 4 ] DEBUG FXGLAssetLoaderServi - Loading from file system: jar:file:///C:/Users/zyla/.m2/repository/com/github/almasb/fxgl/11.17/fxgl-11.17.jar!/fxglassets/ui/fonts/VarelaRound-Regular.ttf
15:56:53.677 [FXGL Background Thread 1 ] INFO  FXGLApplication      - FXGL initialization took: 0.613 sec
15:56:53.700 [JavaFX Application Thread] DEBUG Input                - Registered new binding: P1Left - A
15:56:53.701 [JavaFX Application Thread] DEBUG Input                - Registered new binding: P1Right - D
15:56:53.701 [JavaFX Application Thread] DEBUG Input                - Registered new binding: P1Jump - W
15:56:53.701 [JavaFX Application Thread] DEBUG Input                - Registered new binding: P1Punch - F
15:56:53.701 [JavaFX Application Thread] DEBUG Input                - Registered new binding: P1EnhancedPunch - E
15:56:53.701 [JavaFX Application Thread] DEBUG Input                - Registered new binding: P1Ult - Q
15:56:53.701 [JavaFX Application Thread] DEBUG Input                - Registered new binding: P2Left - J
15:56:53.702 [JavaFX Application Thread] DEBUG Input                - Registered new binding: P2Right - L
15:56:53.702 [JavaFX Application Thread] DEBUG Input                - Registered new binding: P2Jump - I
15:56:53.702 [JavaFX Application Thread] DEBUG Input                - Registered new binding: P2Punch - H
15:56:53.702 [JavaFX Application Thread] DEBUG Input                - Registered new binding: P2EnhancedPunch - U
15:56:53.702 [JavaFX Application Thread] DEBUG Input                - Registered new binding: P2Ult - O
15:56:53.707 [JavaFX Application Thread] WARN  FXGLAssetLoaderServi - Asset "/assets/textures//assets/textures/background-intro.mp4" was not found!
15:56:53.708 [JavaFX Application Thread] WARN  FXGLAssetLoaderServi - Failed to load IMAGE
15:56:53.736 [JavaFX Application Thread] DEBUG FXGLAssetLoaderServi - Loading from file system: jar:file:///C:/Users/zyla/.m2/repository/com/github/almasb/fxgl/11.17/fxgl-11.17.jar!/fxglassets/textures/fxgl_icon.png
15:56:53.803 [JavaFX Application Thread] DEBUG FXGLAssetLoaderServi - Loading from file system: jar:file:///C:/Users/zyla/.m2/repository/com/github/almasb/fxgl/11.17/fxgl-11.17.jar!/fxglassets/textures/fxgl_default_cursor.png
15:56:53.809 [JavaFX Application Thread] DEBUG Input                - Registered new binding: Screenshot - CTRL+8
15:56:53.810 [JavaFX Application Thread] DEBUG Input                - Registered new binding: System info dump - CTRL+9
15:56:53.810 [JavaFX Application Thread] DEBUG Input                - Registered new binding: Restart - CTRL+R
15:56:53.811 [JavaFX Application Thread] DEBUG Input                - Registered new binding: Toggle Debug Camera - CTRL+C
15:56:53.814 [JavaFX Application Thread] DEBUG LoopRunner           - Starting loop
15:56:53.814 [JavaFX Application Thread] DEBUG LoopRunner           - Initializing JavaFX AnimationTimerLoop
15:56:53.818 [JavaFX Application Thread] DEBUG Input                - Clearing active input actions
15:56:53.858 [JavaFX Application Thread] DEBUG GameApplicationServi - Removing overlay from FXGLStartupScene and adding to FXGLMainMenuDummyScene
15:56:53.858 [JavaFX Application Thread] DEBUG PrimaryStageWindow   - FXGLStartupScene -> FXGLMainMenuDummyScene
15:56:53.860 [JavaFX Application Thread] DEBUG PrimaryStageWindow   - Push state: CustomMainMenu
15:56:53.860 [JavaFX Application Thread] DEBUG Input                - Clearing active input actions
15:56:53.884 [JavaFX Application Thread] DEBUG GameApplicationServi - Removing overlay from FXGLMainMenuDummyScene and adding to CustomMainMenu
15:56:53.885 [JavaFX Application Thread] DEBUG PrimaryStageWindow   - FXGLMainMenuDummyScene -> CustomMainMenu
15:56:54.404 [FXGL Background Thread 4 ] DEBUG FXGLAssetLoaderServi - Loading from file system: jar:file:///C:/Users/zyla/.m2/repository/com/github/almasb/fxgl/11.17/fxgl-11.17.jar!/fxglassets/ui/fonts/Abel-Regular.ttf
15:56:54.424 [FXGL Background Thread 4 ] DEBUG FXGLAssetLoaderServi - Loading from file system: jar:file:///C:/Users/zyla/.m2/repository/com/github/almasb/fxgl/11.17/fxgl-11.17.jar!/fxglassets/ui/fonts/lucida_console.ttf
15:56:54.447 [FXGL Background Thread 4 ] DEBUG FXGLAssetLoaderServi - Loading from file system: jar:file:///C:/Users/zyla/.m2/repository/com/github/almasb/fxgl/11.17/fxgl-11.17.jar!/fxglassets/ui/fonts/Courier-Prime.ttf
15:56:54.465 [JavaFX Application Thread] DEBUG FXGLApplication      - Registering font factories with UI factory
15:56:54.572 [JavaFX Application Thread] DEBUG Menu                 - fireNewGame()
15:56:54.573 [JavaFX Application Thread] DEBUG GameApplicationServi - Starting new game
15:56:54.573 [JavaFX Application Thread] DEBUG PrimaryStageWindow   - Pop state: CustomMainMenu
15:56:54.573 [JavaFX Application Thread] DEBUG Input                - Clearing active input actions
15:56:54.574 [JavaFX Application Thread] DEBUG GameApplicationServi - Removing overlay from CustomMainMenu and adding to FXGLMainMenuDummyScene
15:56:54.576 [JavaFX Application Thread] DEBUG PrimaryStageWindow   - FXGLMainMenuDummyScene <- CustomMainMenu
15:56:54.576 [JavaFX Application Thread] DEBUG Input                - Clearing active input actions
15:56:54.592 [JavaFX Application Thread] DEBUG GameApplicationServi - Removing overlay from FXGLMainMenuDummyScene and adding to FXGLLoadingScene
15:56:54.592 [JavaFX Application Thread] DEBUG PrimaryStageWindow   - FXGLMainMenuDummyScene -> FXGLLoadingScene
15:56:54.592 [JavaFX Application Thread] DEBUG GameApplicationServi - Clearing previous game
15:56:54.593 [JavaFX Application Thread] DEBUG GameScene            - Clearing game scene
15:56:54.593 [JavaFX Application Thread] DEBUG GameWorld            - Clearing game world
15:56:54.593 [JavaFX Application Thread] DEBUG PhysicsWorld         - Clearing physics world
15:56:54.609 [FXGL Background Thread 4 ] DEBUG FXGLApplication      - Initializing game
15:56:54.948 [FXGL Background Thread 4 ] WARN  TMXLevelLoader       - TiledMap generated from 1.11.2. Supported version: 1.2.3. Some features may not be parsed fully.
15:56:54.982 [FXGL Background Thread 4 ] DEBUG TMXLevelLoader       - Parsed TiledMap: file:/C:/Users/zyla/demoGame4OOP/target/classes/assets/levels/tmx/map2.tmx
15:56:54.984 [FXGL Background Thread 4 ] DEBUG TMXLevelLoader       - Creating tile layer entities
15:56:54.987 [FXGL Background Thread 4 ] DEBUG TilesetLoader        - Loading view for layer Tile Layer 1
15:56:54.994 [FXGL Background Thread 4 ] DEBUG TilesetLoader        - Created buffer with size 1984.0x1088.0
15:56:55.061 [FXGL Background Thread 2 ] INFO  UpdaterService       - Your current version:  11.17
15:56:55.061 [FXGL Background Thread 2 ] INFO  UpdaterService       - Latest stable version: 21.1
15:56:55.203 [FXGL Background Thread 4 ] DEBUG TMXLevelLoader       - Creating object layer entities
15:56:55.280 [FXGL Background Thread 4 ] DEBUG GameWorld            - Clearing removable entities
15:56:55.281 [FXGL Background Thread 4 ] DEBUG GameWorld            - Setting level: com.almasb.fxgl.entity.level.Level@434fe123
15:56:55.306 [FXGL Background Thread 4 ] DEBUG FXGLAssetLoaderServi - Loading from file system: file:/C:/Users/zyla/demoGame4OOP/target/classes/assets/textures/fighter_idle.png
15:56:55.337 [FXGL Background Thread 4 ] DEBUG FXGLAssetLoaderServi - Loading from file system: file:/C:/Users/zyla/demoGame4OOP/target/classes/assets/textures/fighter_walk.png
15:56:55.346 [FXGL Background Thread 4 ] DEBUG FXGLAssetLoaderServi - Loading from file system: file:/C:/Users/zyla/demoGame4OOP/target/classes/assets/textures/fighter_jump.png
15:56:55.374 [FXGL Background Thread 4 ] DEBUG FXGLAssetLoaderServi - Loading from file system: file:/C:/Users/zyla/demoGame4OOP/target/classes/assets/textures/fighter_attack_enhanced.png
15:56:55.386 [FXGL Background Thread 4 ] DEBUG FXGLAssetLoaderServi - Loading from file system: file:/C:/Users/zyla/demoGame4OOP/target/classes/assets/textures/fighter_attack.png
15:56:55.421 [FXGL Background Thread 4 ] DEBUG FXGLAssetLoaderServi - Loading from file system: file:/C:/Users/zyla/demoGame4OOP/target/classes/assets/textures/fighter_ult.png
15:56:55.443 [FXGL Background Thread 4 ] DEBUG FXGLAssetLoaderServi - Loading from file system: file:/C:/Users/zyla/demoGame4OOP/target/classes/assets/textures/fighter_idle_P2.png
15:56:55.455 [FXGL Background Thread 4 ] DEBUG FXGLAssetLoaderServi - Loading from file system: file:/C:/Users/zyla/demoGame4OOP/target/classes/assets/textures/fighter_walk_P2.png
15:56:55.461 [FXGL Background Thread 4 ] DEBUG FXGLAssetLoaderServi - Loading from file system: file:/C:/Users/zyla/demoGame4OOP/target/classes/assets/textures/fighter_attack_enhanced_p2.png
15:56:55.469 [FXGL Background Thread 4 ] DEBUG FXGLAssetLoaderServi - Loading from file system: file:/C:/Users/zyla/demoGame4OOP/target/classes/assets/textures/fighter_jump_P2.png
15:56:55.477 [FXGL Background Thread 4 ] DEBUG FXGLAssetLoaderServi - Loading from file system: file:/C:/Users/zyla/demoGame4OOP/target/classes/assets/textures/fighter_attack_P2.png
15:56:55.484 [FXGL Background Thread 4 ] DEBUG FXGLAssetLoaderServi - Loading from file system: file:/C:/Users/zyla/demoGame4OOP/target/classes/assets/textures/fighter_ult_P2.png
15:56:55.527 [FXGL Background Thread 4 ] INFO  FXGLApplication      - Game initialization took: 0.918 sec
15:56:55.536 [JavaFX Application Thread] DEBUG Input                - Clearing active input actions
15:56:55.551 [JavaFX Application Thread] DEBUG GameApplicationServi - Removing overlay from FXGLLoadingScene and adding to GameScene
15:56:55.553 [JavaFX Application Thread] DEBUG PrimaryStageWindow   - FXGLLoadingScene -> GameScene
15:56:56.662 [FXGL Background Thread 3 ] DEBUG Engine               - Logging environment variables
15:56:56.662 [FXGL Background Thread 3 ] DEBUG Engine               - achievements: []
15:56:56.662 [FXGL Background Thread 3 ] DEBUG Engine               - actualHeight: 720.0
15:56:56.662 [FXGL Background Thread 3 ] DEBUG Engine               - actualHeightProperty: ReadOnlyDoubleProperty [value: 720.0]
15:56:56.662 [FXGL Background Thread 3 ] DEBUG Engine               - actualWidth: 1255.0
15:56:56.663 [FXGL Background Thread 3 ] DEBUG Engine               - actualWidthProperty: ReadOnlyDoubleProperty [value: 1255.0]
15:56:56.663 [FXGL Background Thread 3 ] DEBUG Engine               - appIcon: fxgl_icon.png
15:56:56.663 [FXGL Background Thread 3 ] DEBUG Engine               - applicationMode: DEVELOPER
15:56:56.663 [FXGL Background Thread 3 ] DEBUG Engine               - cSSList: [fxgl_dark.css]
15:56:56.663 [FXGL Background Thread 3 ] DEBUG Engine               - collisionDetectionStrategy: BRUTE_FORCE
15:56:56.663 [FXGL Background Thread 3 ] DEBUG Engine               - configClass: Optional.empty
15:56:56.663 [FXGL Background Thread 3 ] DEBUG Engine               - credits: []
15:56:56.663 [FXGL Background Thread 3 ] DEBUG Engine               - defaultCursor: CursorInfo(imageName=fxgl_default_cursor.png, hotspotX=7.0, hotspotY=6.0)
15:56:56.663 [FXGL Background Thread 3 ] DEBUG Engine               - devBBoxColorProperty: ObjectProperty [value: 0xff0000ff]
15:56:56.664 [FXGL Background Thread 3 ] DEBUG Engine               - devEnableDebugCameraProperty: BooleanProperty [value: false]
15:56:56.664 [FXGL Background Thread 3 ] DEBUG Engine               - devSensorColorProperty: ObjectProperty [value: 0xffff00ff]
15:56:56.664 [FXGL Background Thread 3 ] DEBUG Engine               - devShowBBoxProperty: BooleanProperty [value: false]
15:56:56.664 [FXGL Background Thread 3 ] DEBUG Engine               - devShowPositionProperty: BooleanProperty [value: false]
15:56:56.664 [FXGL Background Thread 3 ] DEBUG Engine               - enabledMenuItems: []
15:56:56.664 [FXGL Background Thread 3 ] DEBUG Engine               - engineServices: [class com.almasb.fxgl.app.services.FXGLAssetLoaderService, class com.almasb.fxgl.app.FXGLApplication$GameApplicationService, class com.almasb.fxgl.app.services.FXGLDialogService, class com.almasb.fxgl.app.services.IOTaskExecutorService, class com.almasb.fxgl.io.FileSystemService, class com.almasb.fxgl.localization.LocalizationService, class com.almasb.fxgl.app.services.SystemBundleService, class com.almasb.fxgl.profile.SaveLoadService, class com.almasb.fxgl.ui.FXGLUIFactoryServiceProvider, class com.almasb.fxgl.ui.FXGLDialogFactoryServiceProvider, class com.almasb.fxgl.audio.AudioPlayer, class com.almasb.fxgl.notification.impl.NotificationServiceProvider, class com.almasb.fxgl.achievement.AchievementService, class com.almasb.fxgl.cutscene.CutsceneService, class com.almasb.fxgl.minigames.MiniGameService, class com.almasb.fxgl.net.NetService, class com.almasb.fxgl.app.services.UpdaterService, class com.almasb.fxgl.dev.DevService]
15:56:56.664 [FXGL Background Thread 3 ] DEBUG Engine               - fontGame: Abel-Regular.ttf
15:56:56.664 [FXGL Background Thread 3 ] DEBUG Engine               - fontMono: lucida_console.ttf
15:56:56.664 [FXGL Background Thread 3 ] DEBUG Engine               - fontText: Courier-Prime.ttf
15:56:56.664 [FXGL Background Thread 3 ] DEBUG Engine               - fontUI: VarelaRound-Regular.ttf
15:56:56.664 [FXGL Background Thread 3 ] DEBUG Engine               - fullScreen: BooleanProperty [value: false]
15:56:56.664 [FXGL Background Thread 3 ] DEBUG Engine               - gameDifficulty: MEDIUM
15:56:56.665 [FXGL Background Thread 3 ] DEBUG Engine               - gameDifficultyProperty: ObjectProperty [value: MEDIUM]
15:56:56.665 [FXGL Background Thread 3 ] DEBUG Engine               - globalMusicVolume: 0.5
15:56:56.667 [FXGL Background Thread 3 ] DEBUG Engine               - globalMusicVolumeProperty: DoubleProperty [value: 0.5]
15:56:56.667 [FXGL Background Thread 3 ] DEBUG Engine               - globalSoundVolume: 0.5
15:56:56.667 [FXGL Background Thread 3 ] DEBUG Engine               - globalSoundVolumeProperty: DoubleProperty [value: 0.5]
15:56:56.667 [FXGL Background Thread 3 ] DEBUG Engine               - height: 1080
15:56:56.668 [FXGL Background Thread 3 ] DEBUG Engine               - is3D: false
15:56:56.668 [FXGL Background Thread 3 ] DEBUG Engine               - isAndroid: false
15:56:56.668 [FXGL Background Thread 3 ] DEBUG Engine               - isBrowser: false
15:56:56.668 [FXGL Background Thread 3 ] DEBUG Engine               - isClickFeedbackEnabled: false
15:56:56.668 [FXGL Background Thread 3 ] DEBUG Engine               - isCloseConfirmation: true
15:56:56.668 [FXGL Background Thread 3 ] DEBUG Engine               - isDesktop: true
15:56:56.668 [FXGL Background Thread 3 ] DEBUG Engine               - isDeveloperMenuEnabled: false
15:56:56.668 [FXGL Background Thread 3 ] DEBUG Engine               - isEntityPreloadEnabled: true
15:56:56.668 [FXGL Background Thread 3 ] DEBUG Engine               - isExperimentalTiledLargeMap: false
15:56:56.668 [FXGL Background Thread 3 ] DEBUG Engine               - isFileSystemWriteAllowed: true
15:56:56.668 [FXGL Background Thread 3 ] DEBUG Engine               - isFullScreenAllowed: false
15:56:56.669 [FXGL Background Thread 3 ] DEBUG Engine               - isFullScreenFromStart: false
15:56:56.669 [FXGL Background Thread 3 ] DEBUG Engine               - isGameMenuEnabled: false
15:56:56.669 [FXGL Background Thread 3 ] DEBUG Engine               - isIOS: false
15:56:56.669 [FXGL Background Thread 3 ] DEBUG Engine               - isIntroEnabled: false
15:56:56.669 [FXGL Background Thread 3 ] DEBUG Engine               - isLinux: false
15:56:56.669 [FXGL Background Thread 3 ] DEBUG Engine               - isMac: false
15:56:56.669 [FXGL Background Thread 3 ] DEBUG Engine               - isMainMenuEnabled: true
15:56:56.669 [FXGL Background Thread 3 ] DEBUG Engine               - isManualResizeEnabled: false
15:56:56.669 [FXGL Background Thread 3 ] DEBUG Engine               - isMobile: false
15:56:56.669 [FXGL Background Thread 3 ] DEBUG Engine               - isNative: false
15:56:56.670 [FXGL Background Thread 3 ] DEBUG Engine               - isPauseMusicWhenMinimized: true
15:56:56.670 [FXGL Background Thread 3 ] DEBUG Engine               - isPreserveResizeRatio: false
15:56:56.670 [FXGL Background Thread 3 ] DEBUG Engine               - isProfilingEnabled: false
15:56:56.670 [FXGL Background Thread 3 ] DEBUG Engine               - isScaleAffectedOnResize: true
15:56:56.670 [FXGL Background Thread 3 ] DEBUG Engine               - isSingleStep: false
15:56:56.670 [FXGL Background Thread 3 ] DEBUG Engine               - isUserProfileEnabled: false
15:56:56.670 [FXGL Background Thread 3 ] DEBUG Engine               - isWindows: true
15:56:56.670 [FXGL Background Thread 3 ] DEBUG Engine               - language: ObjectProperty [value: ENGLISH]
15:56:56.670 [FXGL Background Thread 3 ] DEBUG Engine               - menuKey: ESCAPE
15:56:56.670 [FXGL Background Thread 3 ] DEBUG Engine               - mouseSensitivity: 0.2
15:56:56.670 [FXGL Background Thread 3 ] DEBUG Engine               - notificationViewClass: class com.almasb.fxgl.notification.view.XboxNotificationView
15:56:56.670 [FXGL Background Thread 3 ] DEBUG Engine               - pixelsPerMeter: 50.0
15:56:56.670 [FXGL Background Thread 3 ] DEBUG Engine               - platform: WINDOWS
15:56:56.670 [FXGL Background Thread 3 ] DEBUG Engine               - prefHeightProperty: ReadOnlyDoubleProperty [value: 1080.0]
15:56:56.670 [FXGL Background Thread 3 ] DEBUG Engine               - prefWidthProperty: ReadOnlyDoubleProperty [value: 1920.0]
15:56:56.671 [FXGL Background Thread 3 ] DEBUG Engine               - profileDir: profiles/
15:56:56.672 [FXGL Background Thread 3 ] DEBUG Engine               - profileName: StringProperty [value: DEFAULT]
15:56:56.672 [FXGL Background Thread 3 ] DEBUG Engine               - randomSeed: -1
15:56:56.672 [FXGL Background Thread 3 ] DEBUG Engine               - runtimeInfo: RuntimeInfo(platform=WINDOWS, version=11.17, build=16.07.2021 15.46)
15:56:56.672 [FXGL Background Thread 3 ] DEBUG Engine               - saveFileExt: sav
15:56:56.672 [FXGL Background Thread 3 ] DEBUG Engine               - scaledHeightProp$fxgl: DoubleProperty [bound, value: 720.0]
15:56:56.672 [FXGL Background Thread 3 ] DEBUG Engine               - scaledWidthProp$fxgl: DoubleProperty [bound, value: 1255.0]
15:56:56.672 [FXGL Background Thread 3 ] DEBUG Engine               - sceneFactory: com.example.demo.MySceneFactory@62a08281
15:56:56.672 [FXGL Background Thread 3 ] DEBUG Engine               - secondsIn24h: 60
15:56:56.672 [FXGL Background Thread 3 ] DEBUG Engine               - soundMenuBack: menu/back.wav
15:56:56.672 [FXGL Background Thread 3 ] DEBUG Engine               - soundMenuPress: menu/press.wav
15:56:56.672 [FXGL Background Thread 3 ] DEBUG Engine               - soundMenuSelect: menu/select.wav
15:56:56.672 [FXGL Background Thread 3 ] DEBUG Engine               - soundNotification: core/notification.wav
15:56:56.672 [FXGL Background Thread 3 ] DEBUG Engine               - stageStyle: DECORATED
15:56:56.673 [FXGL Background Thread 3 ] DEBUG Engine               - supportedLanguages: [ENGLISH, FRENCH, GERMAN, HUNGARIAN, RUSSIAN]
15:56:56.673 [FXGL Background Thread 3 ] DEBUG Engine               - ticksPerSecond: -1
15:56:56.673 [FXGL Background Thread 3 ] DEBUG Engine               - title: Stictactics
15:56:56.673 [FXGL Background Thread 3 ] DEBUG Engine               - urlGithub: https://github.com/AlmasB/FXGL
15:56:56.673 [FXGL Background Thread 3 ] DEBUG Engine               - urlLeaderboard: http://fxgl-top.herokuapp.com/
15:56:56.673 [FXGL Background Thread 3 ] DEBUG Engine               - urlPOM: https://raw.githubusercontent.com/AlmasB/FXGL/release/README.md
15:56:56.673 [FXGL Background Thread 3 ] DEBUG Engine               - userAppClass: class com.example.demo.HelloApplication
15:56:56.673 [FXGL Background Thread 3 ] DEBUG Engine               - version: 0.0
15:56:56.673 [FXGL Background Thread 3 ] DEBUG Engine               - versionCheckDays: 7
15:56:56.673 [FXGL Background Thread 3 ] DEBUG Engine               - width: 1920
15:56:56.673 [FXGL Background Thread 3 ] DEBUG Engine               - Logging services
15:56:56.673 [FXGL Background Thread 3 ] DEBUG Engine               - class com.almasb.fxgl.app.services.FXGLAssetLoaderService
15:56:56.673 [FXGL Background Thread 3 ] DEBUG Engine               - class com.almasb.fxgl.app.FXGLApplication$GameApplicationService
15:56:56.673 [FXGL Background Thread 3 ] DEBUG Engine               - class com.almasb.fxgl.app.services.FXGLDialogService
15:56:56.673 [FXGL Background Thread 3 ] DEBUG Engine               - class com.almasb.fxgl.app.services.IOTaskExecutorService
15:56:56.673 [FXGL Background Thread 3 ] DEBUG Engine               - class com.almasb.fxgl.io.FileSystemService
15:56:56.673 [FXGL Background Thread 3 ] DEBUG Engine               - class com.almasb.fxgl.localization.LocalizationService
15:56:56.673 [FXGL Background Thread 3 ] DEBUG Engine               - class com.almasb.fxgl.app.services.SystemBundleService
15:56:56.673 [FXGL Background Thread 3 ] DEBUG Engine               - class com.almasb.fxgl.profile.SaveLoadService
15:56:56.673 [FXGL Background Thread 3 ] DEBUG Engine               - class com.almasb.fxgl.ui.FXGLUIFactoryServiceProvider
15:56:56.673 [FXGL Background Thread 3 ] DEBUG Engine               - class com.almasb.fxgl.ui.FXGLDialogFactoryServiceProvider
15:56:56.674 [FXGL Background Thread 3 ] DEBUG Engine               - class com.almasb.fxgl.audio.AudioPlayer
15:56:56.674 [FXGL Background Thread 3 ] DEBUG Engine               - class com.almasb.fxgl.notification.impl.NotificationServiceProvider
15:56:56.674 [FXGL Background Thread 3 ] DEBUG Engine               - class com.almasb.fxgl.achievement.AchievementService
15:56:56.674 [FXGL Background Thread 3 ] DEBUG Engine               - class com.almasb.fxgl.cutscene.CutsceneService
15:56:56.674 [FXGL Background Thread 3 ] DEBUG Engine               - class com.almasb.fxgl.minigames.MiniGameService
15:56:56.674 [FXGL Background Thread 3 ] DEBUG Engine               - class com.almasb.fxgl.net.NetService
15:56:56.674 [FXGL Background Thread 3 ] DEBUG Engine               - class com.almasb.fxgl.app.services.UpdaterService
15:56:56.674 [FXGL Background Thread 3 ] DEBUG Engine               - class com.almasb.fxgl.dev.DevService
15:57:11.904 [JavaFX Application Thread] DEBUG LoopRunner           - Pausing loop
15:57:11.909 [JavaFX Application Thread] DEBUG LoopRunner           - Pausing loop
15:57:13.530 [JavaFX Application Thread] DEBUG LoopRunner           - Resuming loop
15:57:13.530 [JavaFX Application Thread] DEBUG GameApplicationServi - Starting new game
15:57:13.530 [JavaFX Application Thread] DEBUG Input                - Clearing active input actions
15:57:13.539 [JavaFX Application Thread] DEBUG GameApplicationServi - Removing overlay from GameScene and adding to FXGLLoadingScene
15:57:13.539 [JavaFX Application Thread] DEBUG PrimaryStageWindow   - GameScene -> FXGLLoadingScene
15:57:13.539 [JavaFX Application Thread] DEBUG GameApplicationServi - Clearing previous game
15:57:13.539 [JavaFX Application Thread] DEBUG GameScene            - Clearing game scene
15:57:13.539 [JavaFX Application Thread] DEBUG GameWorld            - Clearing game world
15:57:13.542 [JavaFX Application Thread] DEBUG PhysicsWorld         - Clearing physics world
15:57:13.542 [FXGL Background Thread 4 ] DEBUG FXGLApplication      - Initializing game
15:57:13.546 [FXGL Background Thread 4 ] WARN  TMXLevelLoader       - TiledMap generated from 1.11.2. Supported version: 1.2.3. Some features may not be parsed fully.
15:57:13.554 [FXGL Background Thread 4 ] DEBUG TMXLevelLoader       - Parsed TiledMap: file:/C:/Users/zyla/demoGame4OOP/target/classes/assets/levels/tmx/map2.tmx
15:57:13.554 [FXGL Background Thread 4 ] DEBUG TMXLevelLoader       - Creating tile layer entities
15:57:13.555 [FXGL Background Thread 4 ] DEBUG TilesetLoader        - Loading view for layer Tile Layer 1
15:57:13.556 [FXGL Background Thread 4 ] DEBUG TilesetLoader        - Created buffer with size 1984.0x1088.0
15:57:13.670 [FXGL Background Thread 4 ] DEBUG TMXLevelLoader       - Creating object layer entities
15:57:13.673 [FXGL Background Thread 4 ] DEBUG GameWorld            - Clearing removable entities
15:57:13.674 [FXGL Background Thread 4 ] DEBUG GameWorld            - Setting level: com.almasb.fxgl.entity.level.Level@3fb2c0a
15:57:13.692 [FXGL Background Thread 4 ] INFO  FXGLApplication      - Game initialization took: 0.148 sec
15:57:13.696 [JavaFX Application Thread] DEBUG Input                - Clearing active input actions
15:57:13.708 [JavaFX Application Thread] DEBUG GameApplicationServi - Removing overlay from FXGLLoadingScene and adding to GameScene
15:57:13.709 [JavaFX Application Thread] DEBUG PrimaryStageWindow   - FXGLLoadingScene -> GameScene
15:57:27.856 [JavaFX Application Thread] DEBUG LoopRunner           - Pausing loop
15:57:27.858 [JavaFX Application Thread] DEBUG LoopRunner           - Pausing loop
15:57:29.566 [JavaFX Application Thread] DEBUG LoopRunner           - Resuming loop
15:57:29.566 [JavaFX Application Thread] DEBUG GameApplicationServi - Starting new game
15:57:29.566 [JavaFX Application Thread] DEBUG Input                - Clearing active input actions
15:57:29.573 [JavaFX Application Thread] DEBUG GameApplicationServi - Removing overlay from GameScene and adding to FXGLLoadingScene
15:57:29.573 [JavaFX Application Thread] DEBUG PrimaryStageWindow   - GameScene -> FXGLLoadingScene
15:57:29.573 [JavaFX Application Thread] DEBUG GameApplicationServi - Clearing previous game
15:57:29.573 [JavaFX Application Thread] DEBUG GameScene            - Clearing game scene
15:57:29.573 [JavaFX Application Thread] DEBUG GameWorld            - Clearing game world
15:57:29.574 [JavaFX Application Thread] DEBUG PhysicsWorld         - Clearing physics world
15:57:29.574 [FXGL Background Thread 4 ] DEBUG FXGLApplication      - Initializing game
15:57:29.577 [FXGL Background Thread 4 ] WARN  TMXLevelLoader       - TiledMap generated from 1.11.2. Supported version: 1.2.3. Some features may not be parsed fully.
15:57:29.583 [FXGL Background Thread 4 ] DEBUG TMXLevelLoader       - Parsed TiledMap: file:/C:/Users/zyla/demoGame4OOP/target/classes/assets/levels/tmx/map2.tmx
15:57:29.583 [FXGL Background Thread 4 ] DEBUG TMXLevelLoader       - Creating tile layer entities
15:57:29.583 [FXGL Background Thread 4 ] DEBUG TilesetLoader        - Loading view for layer Tile Layer 1
15:57:29.587 [FXGL Background Thread 4 ] DEBUG TilesetLoader        - Created buffer with size 1984.0x1088.0
15:57:29.689 [FXGL Background Thread 4 ] DEBUG TMXLevelLoader       - Creating object layer entities
15:57:29.690 [FXGL Background Thread 4 ] DEBUG GameWorld            - Clearing removable entities
15:57:29.690 [FXGL Background Thread 4 ] DEBUG GameWorld            - Setting level: com.almasb.fxgl.entity.level.Level@300af56e
15:57:29.697 [FXGL Background Thread 4 ] INFO  FXGLApplication      - Game initialization took: 0.123 sec
15:57:29.701 [JavaFX Application Thread] DEBUG Input                - Clearing active input actions
15:57:29.707 [JavaFX Application Thread] DEBUG GameApplicationServi - Removing overlay from FXGLLoadingScene and adding to GameScene
15:57:29.707 [JavaFX Application Thread] DEBUG PrimaryStageWindow   - FXGLLoadingScene -> GameScene
15:57:54.914 [JavaFX Application Thread] DEBUG LoopRunner           - Pausing loop
15:57:54.919 [JavaFX Application Thread] DEBUG LoopRunner           - Pausing loop
15:57:56.370 [JavaFX Application Thread] DEBUG LoopRunner           - Resuming loop
15:57:56.370 [JavaFX Application Thread] DEBUG GameApplicationServi - Starting new game
15:57:56.370 [JavaFX Application Thread] DEBUG Input                - Clearing active input actions
15:57:56.376 [JavaFX Application Thread] DEBUG GameApplicationServi - Removing overlay from GameScene and adding to FXGLLoadingScene
15:57:56.376 [JavaFX Application Thread] DEBUG PrimaryStageWindow   - GameScene -> FXGLLoadingScene
15:57:56.376 [JavaFX Application Thread] DEBUG GameApplicationServi - Clearing previous game
15:57:56.376 [JavaFX Application Thread] DEBUG GameScene            - Clearing game scene
15:57:56.377 [JavaFX Application Thread] DEBUG GameWorld            - Clearing game world
15:57:56.378 [JavaFX Application Thread] DEBUG PhysicsWorld         - Clearing physics world
15:57:56.378 [FXGL Background Thread 4 ] DEBUG FXGLApplication      - Initializing game
15:57:56.382 [FXGL Background Thread 4 ] WARN  TMXLevelLoader       - TiledMap generated from 1.11.2. Supported version: 1.2.3. Some features may not be parsed fully.
15:57:56.388 [FXGL Background Thread 4 ] DEBUG TMXLevelLoader       - Parsed TiledMap: file:/C:/Users/zyla/demoGame4OOP/target/classes/assets/levels/tmx/map2.tmx
15:57:56.388 [FXGL Background Thread 4 ] DEBUG TMXLevelLoader       - Creating tile layer entities
15:57:56.389 [FXGL Background Thread 4 ] DEBUG TilesetLoader        - Loading view for layer Tile Layer 1
15:57:56.393 [FXGL Background Thread 4 ] DEBUG TilesetLoader        - Created buffer with size 1984.0x1088.0
15:57:56.504 [FXGL Background Thread 4 ] DEBUG TMXLevelLoader       - Creating object layer entities
15:57:56.505 [FXGL Background Thread 4 ] DEBUG GameWorld            - Clearing removable entities
15:57:56.505 [FXGL Background Thread 4 ] DEBUG GameWorld            - Setting level: com.almasb.fxgl.entity.level.Level@6616eb56
15:57:56.512 [FXGL Background Thread 4 ] INFO  FXGLApplication      - Game initialization took: 0.133 sec
15:57:56.513 [JavaFX Application Thread] DEBUG Input                - Clearing active input actions
15:57:56.520 [JavaFX Application Thread] DEBUG GameApplicationServi - Removing overlay from FXGLLoadingScene and adding to GameScene
15:57:56.520 [JavaFX Application Thread] DEBUG PrimaryStageWindow   - FXGLLoadingScene -> GameScene
15:58:05.455 [JavaFX Application Thread] DEBUG LoopRunner           - Pausing loop
15:58:05.456 [JavaFX Application Thread] DEBUG LoopRunner           - Pausing loop
15:58:07.197 [JavaFX Application Thread] DEBUG LoopRunner           - Resuming loop
15:58:07.197 [JavaFX Application Thread] DEBUG GameApplicationServi - Starting new game
15:58:07.197 [JavaFX Application Thread] DEBUG Input                - Clearing active input actions
15:58:07.205 [JavaFX Application Thread] DEBUG GameApplicationServi - Removing overlay from GameScene and adding to FXGLLoadingScene
15:58:07.205 [JavaFX Application Thread] DEBUG PrimaryStageWindow   - GameScene -> FXGLLoadingScene
15:58:07.205 [JavaFX Application Thread] DEBUG GameApplicationServi - Clearing previous game
15:58:07.205 [JavaFX Application Thread] DEBUG GameScene            - Clearing game scene
15:58:07.205 [JavaFX Application Thread] DEBUG GameWorld            - Clearing game world
15:58:07.207 [JavaFX Application Thread] DEBUG PhysicsWorld         - Clearing physics world
15:58:07.209 [FXGL Background Thread 4 ] DEBUG FXGLApplication      - Initializing game
15:58:07.216 [FXGL Background Thread 4 ] WARN  TMXLevelLoader       - TiledMap generated from 1.11.2. Supported version: 1.2.3. Some features may not be parsed fully.
15:58:07.223 [FXGL Background Thread 4 ] DEBUG TMXLevelLoader       - Parsed TiledMap: file:/C:/Users/zyla/demoGame4OOP/target/classes/assets/levels/tmx/map2.tmx
15:58:07.223 [FXGL Background Thread 4 ] DEBUG TMXLevelLoader       - Creating tile layer entities
15:58:07.225 [FXGL Background Thread 4 ] DEBUG TilesetLoader        - Loading view for layer Tile Layer 1
15:58:07.249 [FXGL Background Thread 4 ] DEBUG TilesetLoader        - Created buffer with size 1984.0x1088.0
15:58:07.341 [FXGL Background Thread 4 ] DEBUG TMXLevelLoader       - Creating object layer entities
15:58:07.346 [FXGL Background Thread 4 ] DEBUG GameWorld            - Clearing removable entities
15:58:07.346 [FXGL Background Thread 4 ] DEBUG GameWorld            - Setting level: com.almasb.fxgl.entity.level.Level@26ec6cd
15:58:07.354 [FXGL Background Thread 4 ] INFO  FXGLApplication      - Game initialization took: 0.144 sec
15:58:07.362 [JavaFX Application Thread] DEBUG Input                - Clearing active input actions
15:58:07.368 [JavaFX Application Thread] DEBUG GameApplicationServi - Removing overlay from FXGLLoadingScene and adding to GameScene
15:58:07.368 [JavaFX Application Thread] DEBUG PrimaryStageWindow   - FXGLLoadingScene -> GameScene
15:58:15.648 [JavaFX Application Thread] DEBUG PrimaryStageWindow   - Push state: DialogSubScene
15:58:15.648 [JavaFX Application Thread] DEBUG Input                - Clearing active input actions
15:58:15.649 [JavaFX Application Thread] DEBUG GameApplicationServi - Removing overlay from GameScene and adding to DialogSubScene
15:58:15.649 [JavaFX Application Thread] DEBUG PrimaryStageWindow   - GameScene -> DialogSubScene
15:58:16.273 [JavaFX Application Thread] DEBUG PrimaryStageWindow   - Pop state: DialogSubScene
15:58:16.273 [JavaFX Application Thread] DEBUG Input                - Clearing active input actions
15:58:16.274 [JavaFX Application Thread] DEBUG GameApplicationServi - Removing overlay from DialogSubScene and adding to GameScene
15:58:16.274 [JavaFX Application Thread] DEBUG PrimaryStageWindow   - GameScene <- DialogSubScene
15:58:16.274 [JavaFX Application Thread] DEBUG FXGLApplication      - Exiting FXGL
15:58:16.274 [JavaFX Application Thread] DEBUG LoopRunner           - Stopping loop
15:58:16.274 [JavaFX Application Thread] DEBUG SystemBundleService  - Saving FXGL system data
15:58:16.276 [JavaFX Application Thread] DEBUG FileSystemAccess     - Writing to: C:\Users\zyla\demoGame4OOP\system\fxgl.bundle
15:58:16.279 [JavaFX Application Thread] DEBUG Async                - Shutting down background threads
15:58:16.279 [JavaFX Application Thread] DEBUG PrimaryStageWindow   - Closing main window
15:58:16.321 [JavaFX Application Thread] DEBUG Logger               - Closing Logger
