14:46:35.509 [main                     ] DEBUG Logger               - Configured Logger
14:46:35.511 [main                     ] DEBUG GameApplication      - Logging settings
Title: Stictactics
Version: 0.0
Width: 1920
Height: 1080
Fullscreen: false
Intro: false
Profiling: false
Single step:false
App Mode: DEVELOPER
Menu Key: ESCAPE
Stage Style: DECORATED
Scene Factory: class com.example.demo.Factory.MySceneFactory

14:46:35.983 [JavaFX Application Thread] DEBUG FXGLApplication      - Initializing FXGL
14:46:35.985 [JavaFX Application Thread] INFO  Engine               - FXGL-11.17 (16.07.2021 15.46) on WINDOWS (J:23.0.2 FX:17.0.6)
14:46:35.985 [JavaFX Application Thread] DEBUG Engine               - JRE Vendor Name: Amazon.com Inc.
14:46:35.986 [JavaFX Application Thread] DEBUG Engine               - Running on OS: Windows 11 version 10.0
14:46:35.986 [JavaFX Application Thread] DEBUG Engine               - Architecture: amd64
14:46:35.986 [JavaFX Application Thread] INFO  Engine               - Source code and latest versions at: https://github.com/AlmasB/FXGL
14:46:35.986 [JavaFX Application Thread] INFO  Engine               -              Join the FXGL chat at: https://gitter.im/AlmasB/FXGL
14:46:36.105 [JavaFX Application Thread] DEBUG PrimaryStageWindow   - Creating a JavaFX scene
14:46:36.105 [JavaFX Application Thread] DEBUG PrimaryStageWindow   - Target size > screen size
14:46:36.163 [JavaFX Application Thread] DEBUG PrimaryStageWindow   - Target settings size: 1920.0 x 1080.0
14:46:36.164 [JavaFX Application Thread] DEBUG PrimaryStageWindow   - Scaled scene size:    1255.0 x 720.0
14:46:36.164 [JavaFX Application Thread] DEBUG PrimaryStageWindow   - Scaled ratio: (0.6536458333333334, 0.6666666666666666)
14:46:36.165 [JavaFX Application Thread] DEBUG PrimaryStageWindow   - Set initial scene to FXGLStartupScene
14:46:36.174 [JavaFX Application Thread] DEBUG PrimaryStageWindow   - Opening main window
14:46:36.304 [JavaFX Application Thread] DEBUG PrimaryStageWindow   - Window border size: (16.0, 39.0)
14:46:36.304 [JavaFX Application Thread] DEBUG PrimaryStageWindow   - Scaled size: 1255.0 x 720.0
14:46:36.304 [JavaFX Application Thread] DEBUG PrimaryStageWindow   - Scaled ratio: (0.6536458333333334, 0.6666666666666666)
14:46:36.304 [JavaFX Application Thread] DEBUG PrimaryStageWindow   - Scene size: 1255.0 x 720.0
14:46:36.304 [JavaFX Application Thread] DEBUG PrimaryStageWindow   - Stage size: 1271.0 x 759.0
14:46:36.319 [FXGL Background Thread 1 ] DEBUG Engine               - Initializing environment variables
14:46:36.485 [FXGL Background Thread 1 ] DEBUG FXGLAssetLoaderServi - User app class for loading assets: class com.example.demo.HelloController
14:46:36.485 [FXGL Background Thread 1 ] DEBUG GameApplicationServi - Applying CSS: fxgl_dark.css
14:46:36.486 [FXGL Background Thread 1 ] DEBUG FXGLAssetLoaderServi - Loading from file system: jar:file:///C:/Users/zyla/.m2/repository/com/github/almasb/fxgl/11.17/fxgl-11.17.jar!/fxglassets/ui/css/fxgl_dark.css
14:46:36.567 [FXGL Background Thread 1 ] DEBUG GameApplicationServi - Initializing application scenes
14:46:36.737 [FXGL Background Thread 1 ] DEBUG GameWorld            - Game world initialized
14:46:36.822 [FXGL Background Thread 1 ] DEBUG PhysicsWorld         - Physics world initialized: appHeight=1080, physics.ppm=50.0
14:46:36.823 [FXGL Background Thread 1 ] DEBUG PhysicsWorld         - Using strategy: BRUTE_FORCE
14:46:36.827 [FXGL Background Thread 1 ] DEBUG GameScene            - Game scene initialized: 1920x1080
14:46:37.056 [FXGL Background Thread 1 ] DEBUG GameApplicationServi - Application scenes initialized
14:46:37.071 [FXGL Background Thread 1 ] DEBUG SystemBundleService  - Loading FXGL system data
14:46:37.077 [FXGL Background Thread 1 ] DEBUG FileSystemAccess     - Reading from: C:\Users\zyla\demoGame4OOP\system\fxgl.bundle
14:46:37.090 [FXGL Background Thread 1 ] DEBUG SystemBundleService  - Bundle FXGL: {}
14:46:37.090 [FXGL Background Thread 1 ] DEBUG UpdaterService       - Checking for updates
14:46:37.097 [FXGL Background Thread 4 ] DEBUG FXGLApplication      - Loading fonts
14:46:37.097 [FXGL Background Thread 4 ] DEBUG FXGLAssetLoaderServi - Loading from file system: jar:file:///C:/Users/zyla/.m2/repository/com/github/almasb/fxgl/11.17/fxgl-11.17.jar!/fxglassets/ui/fonts/VarelaRound-Regular.ttf
14:46:37.097 [FXGL Background Thread 1 ] DEBUG FXGLApplication      - Loading default localization
14:46:37.097 [FXGL Background Thread 1 ] DEBUG FXGLAssetLoaderServi - Loading from file system: jar:file:///C:/Users/zyla/.m2/repository/com/github/almasb/fxgl/11.17/fxgl-11.17.jar!/fxglassets/languages/english.lang
14:46:37.170 [FXGL Background Thread 1 ] INFO  FXGLApplication      - FXGL initialization took: 0.850 sec
14:46:37.199 [JavaFX Application Thread] DEBUG Input                - Registered new binding: Pause Game - Esc
14:46:37.199 [JavaFX Application Thread] DEBUG Input                - Registered new binding: P1Left - A
14:46:37.200 [JavaFX Application Thread] DEBUG Input                - Registered new binding: P1Right - D
14:46:37.200 [JavaFX Application Thread] DEBUG Input                - Registered new binding: P1Jump - W
14:46:37.200 [JavaFX Application Thread] DEBUG Input                - Registered new binding: P1Punch - F
14:46:37.200 [JavaFX Application Thread] DEBUG Input                - Registered new binding: P1EnhancedPunch - E
14:46:37.200 [JavaFX Application Thread] DEBUG Input                - Registered new binding: P1Ult - Q
14:46:37.200 [JavaFX Application Thread] DEBUG Input                - Registered new binding: P2Left - Left
14:46:37.200 [JavaFX Application Thread] DEBUG Input                - Registered new binding: P2Right - Right
14:46:37.200 [JavaFX Application Thread] DEBUG Input                - Registered new binding: P2Jump - Up
14:46:37.201 [JavaFX Application Thread] DEBUG Input                - Registered new binding: P2Punch - H
14:46:37.201 [JavaFX Application Thread] DEBUG Input                - Registered new binding: P2EnhancedPunch - U
14:46:37.201 [JavaFX Application Thread] DEBUG Input                - Registered new binding: P2Ult - O
14:46:37.207 [JavaFX Application Thread] WARN  FXGLAssetLoaderServi - Asset "/assets/textures//assets/textures/background-intro.mp4" was not found!
14:46:37.209 [JavaFX Application Thread] WARN  FXGLAssetLoaderServi - Failed to load IMAGE
14:46:37.260 [JavaFX Application Thread] DEBUG FXGLAssetLoaderServi - Loading from file system: jar:file:///C:/Users/zyla/.m2/repository/com/github/almasb/fxgl/11.17/fxgl-11.17.jar!/fxglassets/textures/fxgl_icon.png
14:46:37.366 [JavaFX Application Thread] DEBUG FXGLAssetLoaderServi - Loading from file system: jar:file:///C:/Users/zyla/.m2/repository/com/github/almasb/fxgl/11.17/fxgl-11.17.jar!/fxglassets/textures/fxgl_default_cursor.png
14:46:37.369 [JavaFX Application Thread] DEBUG Input                - Registered new binding: Screenshot - CTRL+8
14:46:37.370 [JavaFX Application Thread] DEBUG Input                - Registered new binding: System info dump - CTRL+9
14:46:37.370 [JavaFX Application Thread] DEBUG Input                - Registered new binding: Restart - CTRL+R
14:46:37.371 [JavaFX Application Thread] DEBUG Input                - Registered new binding: Toggle Debug Camera - CTRL+C
14:46:37.374 [JavaFX Application Thread] DEBUG LoopRunner           - Starting loop
14:46:37.374 [JavaFX Application Thread] DEBUG LoopRunner           - Initializing JavaFX AnimationTimerLoop
14:46:37.376 [JavaFX Application Thread] DEBUG Input                - Clearing active input actions
14:46:37.403 [JavaFX Application Thread] DEBUG GameApplicationServi - Removing overlay from FXGLStartupScene and adding to FXGLMainMenuDummyScene
14:46:37.403 [JavaFX Application Thread] DEBUG PrimaryStageWindow   - FXGLStartupScene -> FXGLMainMenuDummyScene
14:46:37.403 [JavaFX Application Thread] DEBUG PrimaryStageWindow   - Push state: CustomMainMenu
14:46:37.403 [JavaFX Application Thread] DEBUG Input                - Clearing active input actions
14:46:37.417 [JavaFX Application Thread] DEBUG GameApplicationServi - Removing overlay from FXGLMainMenuDummyScene and adding to CustomMainMenu
14:46:37.417 [JavaFX Application Thread] DEBUG PrimaryStageWindow   - FXGLMainMenuDummyScene -> CustomMainMenu
14:46:37.933 [FXGL Background Thread 4 ] DEBUG FXGLAssetLoaderServi - Loading from file system: jar:file:///C:/Users/zyla/.m2/repository/com/github/almasb/fxgl/11.17/fxgl-11.17.jar!/fxglassets/ui/fonts/Abel-Regular.ttf
14:46:37.952 [FXGL Background Thread 4 ] DEBUG FXGLAssetLoaderServi - Loading from file system: jar:file:///C:/Users/zyla/.m2/repository/com/github/almasb/fxgl/11.17/fxgl-11.17.jar!/fxglassets/ui/fonts/lucida_console.ttf
14:46:37.976 [FXGL Background Thread 4 ] DEBUG FXGLAssetLoaderServi - Loading from file system: jar:file:///C:/Users/zyla/.m2/repository/com/github/almasb/fxgl/11.17/fxgl-11.17.jar!/fxglassets/ui/fonts/Courier-Prime.ttf
14:46:37.999 [JavaFX Application Thread] DEBUG FXGLApplication      - Registering font factories with UI factory
14:46:38.136 [JavaFX Application Thread] DEBUG Menu                 - fireNewGame()
14:46:38.136 [JavaFX Application Thread] DEBUG GameApplicationServi - Starting new game
14:46:38.136 [JavaFX Application Thread] DEBUG PrimaryStageWindow   - Pop state: CustomMainMenu
14:46:38.137 [JavaFX Application Thread] DEBUG Input                - Clearing active input actions
14:46:38.138 [JavaFX Application Thread] DEBUG GameApplicationServi - Removing overlay from CustomMainMenu and adding to FXGLMainMenuDummyScene
14:46:38.138 [JavaFX Application Thread] DEBUG PrimaryStageWindow   - FXGLMainMenuDummyScene <- CustomMainMenu
14:46:38.139 [JavaFX Application Thread] DEBUG Input                - Clearing active input actions
14:46:38.149 [JavaFX Application Thread] DEBUG GameApplicationServi - Removing overlay from FXGLMainMenuDummyScene and adding to FXGLLoadingScene
14:46:38.149 [JavaFX Application Thread] DEBUG PrimaryStageWindow   - FXGLMainMenuDummyScene -> FXGLLoadingScene
14:46:38.150 [JavaFX Application Thread] DEBUG GameApplicationServi - Clearing previous game
14:46:38.150 [JavaFX Application Thread] DEBUG GameScene            - Clearing game scene
14:46:38.150 [JavaFX Application Thread] DEBUG GameWorld            - Clearing game world
14:46:38.150 [JavaFX Application Thread] DEBUG PhysicsWorld         - Clearing physics world
14:46:38.154 [FXGL Background Thread 4 ] DEBUG FXGLApplication      - Initializing game
14:46:38.601 [FXGL Background Thread 4 ] WARN  TMXLevelLoader       - TiledMap generated from 1.11.2. Supported version: 1.2.3. Some features may not be parsed fully.
14:46:38.650 [FXGL Background Thread 4 ] DEBUG TMXLevelLoader       - Parsed TiledMap: file:/C:/Users/zyla/demoGame4OOP/target/classes/assets/levels/tmx/map.tmx
14:46:38.652 [FXGL Background Thread 4 ] DEBUG TMXLevelLoader       - Creating tile layer entities
14:46:38.654 [FXGL Background Thread 4 ] DEBUG TilesetLoader        - Loading view for layer Tile Layer 1
14:46:38.657 [FXGL Background Thread 4 ] DEBUG TilesetLoader        - Created buffer with size 1920.0x1088.0
14:46:38.966 [FXGL Background Thread 4 ] DEBUG TMXLevelLoader       - Creating object layer entities
14:46:39.092 [FXGL Background Thread 4 ] DEBUG GameWorld            - Clearing removable entities
14:46:39.102 [FXGL Background Thread 4 ] DEBUG GameWorld            - Setting level: com.almasb.fxgl.entity.level.Level@5eebee56
14:46:39.300 [FXGL Background Thread 4 ] DEBUG FXGLAssetLoaderServi - Loading from file system: file:/C:/Users/zyla/demoGame4OOP/target/classes/assets/textures/knight/knight_idle.png
14:46:39.312 [FXGL Background Thread 2 ] INFO  UpdaterService       - Your current version:  11.17
14:46:39.312 [FXGL Background Thread 2 ] INFO  UpdaterService       - Latest stable version: 21.1
14:46:39.347 [FXGL Background Thread 4 ] DEBUG FXGLAssetLoaderServi - Loading from file system: file:/C:/Users/zyla/demoGame4OOP/target/classes/assets/textures/knight/knight_walk.png
14:46:39.374 [FXGL Background Thread 4 ] DEBUG FXGLAssetLoaderServi - Loading from file system: file:/C:/Users/zyla/demoGame4OOP/target/classes/assets/textures/knight/knight_attack_enhanced.png
14:46:39.392 [FXGL Background Thread 4 ] DEBUG FXGLAssetLoaderServi - Loading from file system: file:/C:/Users/zyla/demoGame4OOP/target/classes/assets/textures/knight/knight_jump.png
14:46:39.402 [FXGL Background Thread 4 ] DEBUG FXGLAssetLoaderServi - Loading from file system: file:/C:/Users/zyla/demoGame4OOP/target/classes/assets/textures/knight/knight_combo.png
14:46:39.413 [FXGL Background Thread 4 ] DEBUG FXGLAssetLoaderServi - Loading from file system: file:/C:/Users/zyla/demoGame4OOP/target/classes/assets/textures/knight/knight_ult.png
14:46:39.433 [FXGL Background Thread 4 ] DEBUG FXGLAssetLoaderServi - Loading from file system: file:/C:/Users/zyla/demoGame4OOP/target/classes/assets/textures/knight/knight_hit.png
14:46:39.453 [FXGL Background Thread 4 ] DEBUG FXGLAssetLoaderServi - Loading from file system: file:/C:/Users/zyla/demoGame4OOP/target/classes/assets/textures/female/female_idle.png
14:46:39.486 [FXGL Background Thread 4 ] DEBUG FXGLAssetLoaderServi - Loading from file system: file:/C:/Users/zyla/demoGame4OOP/target/classes/assets/textures/female/female_walk.png
14:46:39.516 [FXGL Background Thread 4 ] WARN  FXGLAssetLoaderServi - Asset "/assets/textures/female/attack_enhanced.png" was not found!
14:46:39.516 [FXGL Background Thread 4 ] WARN  FXGLAssetLoaderServi - Failed to load IMAGE
14:46:39.516 [FXGL Background Thread 4 ] DEBUG FXGLAssetLoaderServi - Loading from file system: file:/C:/Users/zyla/demoGame4OOP/target/classes/assets/textures/female/female_jump.png
14:46:39.533 [FXGL Background Thread 4 ] DEBUG FXGLAssetLoaderServi - Loading from file system: file:/C:/Users/zyla/demoGame4OOP/target/classes/assets/textures/female/female_attack.png
14:46:39.578 [FXGL Background Thread 4 ] DEBUG FXGLAssetLoaderServi - Loading from file system: file:/C:/Users/zyla/demoGame4OOP/target/classes/assets/textures/female/female_ult.png
14:46:39.589 [FXGL Background Thread 4 ] DEBUG FXGLAssetLoaderServi - Loading from file system: file:/C:/Users/zyla/demoGame4OOP/target/classes/assets/textures/female/female_hit.png
14:46:39.617 [FXGL Background Thread 4 ] INFO  FXGLApplication      - Game initialization took: 1.463 sec
14:46:39.618 [JavaFX Application Thread] DEBUG Input                - Clearing active input actions
14:46:39.638 [JavaFX Application Thread] DEBUG GameApplicationServi - Removing overlay from FXGLLoadingScene and adding to GameScene
14:46:39.638 [JavaFX Application Thread] DEBUG PrimaryStageWindow   - FXGLLoadingScene -> GameScene
14:46:40.106 [FXGL Background Thread 3 ] DEBUG Engine               - Logging environment variables
14:46:40.111 [FXGL Background Thread 3 ] DEBUG Engine               - achievements: []
14:46:40.111 [FXGL Background Thread 3 ] DEBUG Engine               - actualHeight: 720.0
14:46:40.111 [FXGL Background Thread 3 ] DEBUG Engine               - actualHeightProperty: ReadOnlyDoubleProperty [value: 720.0]
14:46:40.114 [FXGL Background Thread 3 ] DEBUG Engine               - actualWidth: 1255.0
14:46:40.114 [FXGL Background Thread 3 ] DEBUG Engine               - actualWidthProperty: ReadOnlyDoubleProperty [value: 1255.0]
14:46:40.115 [FXGL Background Thread 3 ] DEBUG Engine               - appIcon: fxgl_icon.png
14:46:40.115 [FXGL Background Thread 3 ] DEBUG Engine               - applicationMode: DEVELOPER
14:46:40.115 [FXGL Background Thread 3 ] DEBUG Engine               - cSSList: [fxgl_dark.css]
14:46:40.115 [FXGL Background Thread 3 ] DEBUG Engine               - collisionDetectionStrategy: BRUTE_FORCE
14:46:40.132 [FXGL Background Thread 3 ] DEBUG Engine               - configClass: Optional.empty
14:46:40.151 [FXGL Background Thread 3 ] DEBUG Engine               - credits: []
14:46:40.151 [FXGL Background Thread 3 ] DEBUG Engine               - defaultCursor: CursorInfo(imageName=fxgl_default_cursor.png, hotspotX=7.0, hotspotY=6.0)
14:46:40.151 [FXGL Background Thread 3 ] DEBUG Engine               - devBBoxColorProperty: ObjectProperty [value: 0xff0000ff]
14:46:40.151 [FXGL Background Thread 3 ] DEBUG Engine               - devEnableDebugCameraProperty: BooleanProperty [value: false]
14:46:40.152 [FXGL Background Thread 3 ] DEBUG Engine               - devSensorColorProperty: ObjectProperty [value: 0xffff00ff]
14:46:40.152 [FXGL Background Thread 3 ] DEBUG Engine               - devShowBBoxProperty: BooleanProperty [value: false]
14:46:40.152 [FXGL Background Thread 3 ] DEBUG Engine               - devShowPositionProperty: BooleanProperty [value: false]
14:46:40.152 [FXGL Background Thread 3 ] DEBUG Engine               - enabledMenuItems: []
14:46:40.152 [FXGL Background Thread 3 ] DEBUG Engine               - engineServices: [class com.almasb.fxgl.app.services.FXGLAssetLoaderService, class com.almasb.fxgl.app.FXGLApplication$GameApplicationService, class com.almasb.fxgl.app.services.FXGLDialogService, class com.almasb.fxgl.app.services.IOTaskExecutorService, class com.almasb.fxgl.io.FileSystemService, class com.almasb.fxgl.localization.LocalizationService, class com.almasb.fxgl.app.services.SystemBundleService, class com.almasb.fxgl.profile.SaveLoadService, class com.almasb.fxgl.ui.FXGLUIFactoryServiceProvider, class com.almasb.fxgl.ui.FXGLDialogFactoryServiceProvider, class com.almasb.fxgl.audio.AudioPlayer, class com.almasb.fxgl.notification.impl.NotificationServiceProvider, class com.almasb.fxgl.achievement.AchievementService, class com.almasb.fxgl.cutscene.CutsceneService, class com.almasb.fxgl.minigames.MiniGameService, class com.almasb.fxgl.net.NetService, class com.almasb.fxgl.app.services.UpdaterService, class com.almasb.fxgl.dev.DevService]
14:46:40.152 [FXGL Background Thread 3 ] DEBUG Engine               - fontGame: Abel-Regular.ttf
14:46:40.152 [FXGL Background Thread 3 ] DEBUG Engine               - fontMono: lucida_console.ttf
14:46:40.152 [FXGL Background Thread 3 ] DEBUG Engine               - fontText: Courier-Prime.ttf
14:46:40.152 [FXGL Background Thread 3 ] DEBUG Engine               - fontUI: VarelaRound-Regular.ttf
14:46:40.152 [FXGL Background Thread 3 ] DEBUG Engine               - fullScreen: BooleanProperty [value: false]
14:46:40.152 [FXGL Background Thread 3 ] DEBUG Engine               - gameDifficulty: MEDIUM
14:46:40.152 [FXGL Background Thread 3 ] DEBUG Engine               - gameDifficultyProperty: ObjectProperty [value: MEDIUM]
14:46:40.152 [FXGL Background Thread 3 ] DEBUG Engine               - globalMusicVolume: 0.5
14:46:40.152 [FXGL Background Thread 3 ] DEBUG Engine               - globalMusicVolumeProperty: DoubleProperty [value: 0.5]
14:46:40.152 [FXGL Background Thread 3 ] DEBUG Engine               - globalSoundVolume: 0.5
14:46:40.152 [FXGL Background Thread 3 ] DEBUG Engine               - globalSoundVolumeProperty: DoubleProperty [value: 0.5]
14:46:40.152 [FXGL Background Thread 3 ] DEBUG Engine               - height: 1080
14:46:40.152 [FXGL Background Thread 3 ] DEBUG Engine               - is3D: false
14:46:40.153 [FXGL Background Thread 3 ] DEBUG Engine               - isAndroid: false
14:46:40.153 [FXGL Background Thread 3 ] DEBUG Engine               - isBrowser: false
14:46:40.153 [FXGL Background Thread 3 ] DEBUG Engine               - isClickFeedbackEnabled: false
14:46:40.153 [FXGL Background Thread 3 ] DEBUG Engine               - isCloseConfirmation: true
14:46:40.153 [FXGL Background Thread 3 ] DEBUG Engine               - isDesktop: true
14:46:40.153 [FXGL Background Thread 3 ] DEBUG Engine               - isDeveloperMenuEnabled: false
14:46:40.153 [FXGL Background Thread 3 ] DEBUG Engine               - isEntityPreloadEnabled: true
14:46:40.153 [FXGL Background Thread 3 ] DEBUG Engine               - isExperimentalTiledLargeMap: false
14:46:40.153 [FXGL Background Thread 3 ] DEBUG Engine               - isFileSystemWriteAllowed: true
14:46:40.153 [FXGL Background Thread 3 ] DEBUG Engine               - isFullScreenAllowed: false
14:46:40.153 [FXGL Background Thread 3 ] DEBUG Engine               - isFullScreenFromStart: false
14:46:40.153 [FXGL Background Thread 3 ] DEBUG Engine               - isGameMenuEnabled: false
14:46:40.153 [FXGL Background Thread 3 ] DEBUG Engine               - isIOS: false
14:46:40.153 [FXGL Background Thread 3 ] DEBUG Engine               - isIntroEnabled: false
14:46:40.153 [FXGL Background Thread 3 ] DEBUG Engine               - isLinux: false
14:46:40.153 [FXGL Background Thread 3 ] DEBUG Engine               - isMac: false
14:46:40.153 [FXGL Background Thread 3 ] DEBUG Engine               - isMainMenuEnabled: true
14:46:40.153 [FXGL Background Thread 3 ] DEBUG Engine               - isManualResizeEnabled: false
14:46:40.156 [FXGL Background Thread 3 ] DEBUG Engine               - isMobile: false
14:46:40.156 [FXGL Background Thread 3 ] DEBUG Engine               - isNative: false
14:46:40.157 [FXGL Background Thread 3 ] DEBUG Engine               - isPauseMusicWhenMinimized: true
14:46:40.157 [FXGL Background Thread 3 ] DEBUG Engine               - isPreserveResizeRatio: false
14:46:40.157 [FXGL Background Thread 3 ] DEBUG Engine               - isProfilingEnabled: false
14:46:40.157 [FXGL Background Thread 3 ] DEBUG Engine               - isScaleAffectedOnResize: true
14:46:40.157 [FXGL Background Thread 3 ] DEBUG Engine               - isSingleStep: false
14:46:40.157 [FXGL Background Thread 3 ] DEBUG Engine               - isUserProfileEnabled: false
14:46:40.157 [FXGL Background Thread 3 ] DEBUG Engine               - isWindows: true
14:46:40.157 [FXGL Background Thread 3 ] DEBUG Engine               - language: ObjectProperty [value: ENGLISH]
14:46:40.159 [FXGL Background Thread 3 ] DEBUG Engine               - menuKey: ESCAPE
14:46:40.159 [FXGL Background Thread 3 ] DEBUG Engine               - mouseSensitivity: 0.2
14:46:40.159 [FXGL Background Thread 3 ] DEBUG Engine               - notificationViewClass: class com.almasb.fxgl.notification.view.XboxNotificationView
14:46:40.159 [FXGL Background Thread 3 ] DEBUG Engine               - pixelsPerMeter: 50.0
14:46:40.159 [FXGL Background Thread 3 ] DEBUG Engine               - platform: WINDOWS
14:46:40.159 [FXGL Background Thread 3 ] DEBUG Engine               - prefHeightProperty: ReadOnlyDoubleProperty [value: 1080.0]
14:46:40.159 [FXGL Background Thread 3 ] DEBUG Engine               - prefWidthProperty: ReadOnlyDoubleProperty [value: 1920.0]
14:46:40.159 [FXGL Background Thread 3 ] DEBUG Engine               - profileDir: profiles/
14:46:40.159 [FXGL Background Thread 3 ] DEBUG Engine               - profileName: StringProperty [value: DEFAULT]
14:46:40.160 [FXGL Background Thread 3 ] DEBUG Engine               - randomSeed: -1
14:46:40.160 [FXGL Background Thread 3 ] DEBUG Engine               - runtimeInfo: RuntimeInfo(platform=WINDOWS, version=11.17, build=16.07.2021 15.46)
14:46:40.160 [FXGL Background Thread 3 ] DEBUG Engine               - saveFileExt: sav
14:46:40.160 [FXGL Background Thread 3 ] DEBUG Engine               - scaledHeightProp$fxgl: DoubleProperty [bound, value: 720.0]
14:46:40.160 [FXGL Background Thread 3 ] DEBUG Engine               - scaledWidthProp$fxgl: DoubleProperty [bound, value: 1255.0]
14:46:40.160 [FXGL Background Thread 3 ] DEBUG Engine               - sceneFactory: com.example.demo.Factory.MySceneFactory@69c0b0fd
14:46:40.160 [FXGL Background Thread 3 ] DEBUG Engine               - secondsIn24h: 60
14:46:40.160 [FXGL Background Thread 3 ] DEBUG Engine               - soundMenuBack: menu/back.wav
14:46:40.160 [FXGL Background Thread 3 ] DEBUG Engine               - soundMenuPress: menu/press.wav
14:46:40.160 [FXGL Background Thread 3 ] DEBUG Engine               - soundMenuSelect: menu/select.wav
14:46:40.160 [FXGL Background Thread 3 ] DEBUG Engine               - soundNotification: core/notification.wav
14:46:40.160 [FXGL Background Thread 3 ] DEBUG Engine               - stageStyle: DECORATED
14:46:40.160 [FXGL Background Thread 3 ] DEBUG Engine               - supportedLanguages: [ENGLISH, FRENCH, GERMAN, HUNGARIAN, RUSSIAN]
14:46:40.160 [FXGL Background Thread 3 ] DEBUG Engine               - ticksPerSecond: -1
14:46:40.160 [FXGL Background Thread 3 ] DEBUG Engine               - title: Stictactics
14:46:40.160 [FXGL Background Thread 3 ] DEBUG Engine               - urlGithub: https://github.com/AlmasB/FXGL
14:46:40.160 [FXGL Background Thread 3 ] DEBUG Engine               - urlLeaderboard: http://fxgl-top.herokuapp.com/
14:46:40.160 [FXGL Background Thread 3 ] DEBUG Engine               - urlPOM: https://raw.githubusercontent.com/AlmasB/FXGL/release/README.md
14:46:40.160 [FXGL Background Thread 3 ] DEBUG Engine               - userAppClass: class com.example.demo.HelloController
14:46:40.160 [FXGL Background Thread 3 ] DEBUG Engine               - version: 0.0
14:46:40.161 [FXGL Background Thread 3 ] DEBUG Engine               - versionCheckDays: 7
14:46:40.161 [FXGL Background Thread 3 ] DEBUG Engine               - width: 1920
14:46:40.161 [FXGL Background Thread 3 ] DEBUG Engine               - Logging services
14:46:40.166 [FXGL Background Thread 3 ] DEBUG Engine               - class com.almasb.fxgl.app.services.FXGLAssetLoaderService
14:46:40.166 [FXGL Background Thread 3 ] DEBUG Engine               - class com.almasb.fxgl.app.FXGLApplication$GameApplicationService
14:46:40.166 [FXGL Background Thread 3 ] DEBUG Engine               - class com.almasb.fxgl.app.services.FXGLDialogService
14:46:40.166 [FXGL Background Thread 3 ] DEBUG Engine               - class com.almasb.fxgl.app.services.IOTaskExecutorService
14:46:40.166 [FXGL Background Thread 3 ] DEBUG Engine               - class com.almasb.fxgl.io.FileSystemService
14:46:40.166 [FXGL Background Thread 3 ] DEBUG Engine               - class com.almasb.fxgl.localization.LocalizationService
14:46:40.166 [FXGL Background Thread 3 ] DEBUG Engine               - class com.almasb.fxgl.app.services.SystemBundleService
14:46:40.166 [FXGL Background Thread 3 ] DEBUG Engine               - class com.almasb.fxgl.profile.SaveLoadService
14:46:40.166 [FXGL Background Thread 3 ] DEBUG Engine               - class com.almasb.fxgl.ui.FXGLUIFactoryServiceProvider
14:46:40.166 [FXGL Background Thread 3 ] DEBUG Engine               - class com.almasb.fxgl.ui.FXGLDialogFactoryServiceProvider
14:46:40.166 [FXGL Background Thread 3 ] DEBUG Engine               - class com.almasb.fxgl.audio.AudioPlayer
14:46:40.166 [FXGL Background Thread 3 ] DEBUG Engine               - class com.almasb.fxgl.notification.impl.NotificationServiceProvider
14:46:40.166 [FXGL Background Thread 3 ] DEBUG Engine               - class com.almasb.fxgl.achievement.AchievementService
14:46:40.166 [FXGL Background Thread 3 ] DEBUG Engine               - class com.almasb.fxgl.cutscene.CutsceneService
14:46:40.166 [FXGL Background Thread 3 ] DEBUG Engine               - class com.almasb.fxgl.minigames.MiniGameService
14:46:40.166 [FXGL Background Thread 3 ] DEBUG Engine               - class com.almasb.fxgl.net.NetService
14:46:40.166 [FXGL Background Thread 3 ] DEBUG Engine               - class com.almasb.fxgl.app.services.UpdaterService
14:46:40.166 [FXGL Background Thread 3 ] DEBUG Engine               - class com.almasb.fxgl.dev.DevService
14:46:43.855 [JavaFX Application Thread] DEBUG PrimaryStageWindow   - Push state: DialogSubScene
14:46:43.855 [JavaFX Application Thread] DEBUG Input                - Clearing active input actions
14:46:43.855 [JavaFX Application Thread] DEBUG GameApplicationServi - Removing overlay from GameScene and adding to DialogSubScene
14:46:43.856 [JavaFX Application Thread] DEBUG PrimaryStageWindow   - GameScene -> DialogSubScene
14:46:44.825 [JavaFX Application Thread] DEBUG PrimaryStageWindow   - Pop state: DialogSubScene
14:46:44.825 [JavaFX Application Thread] DEBUG Input                - Clearing active input actions
14:46:44.827 [JavaFX Application Thread] DEBUG GameApplicationServi - Removing overlay from DialogSubScene and adding to GameScene
14:46:44.827 [JavaFX Application Thread] DEBUG PrimaryStageWindow   - GameScene <- DialogSubScene
14:46:44.829 [JavaFX Application Thread] DEBUG FXGLApplication      - Exiting FXGL
14:46:44.829 [JavaFX Application Thread] DEBUG LoopRunner           - Stopping loop
14:46:44.829 [JavaFX Application Thread] DEBUG SystemBundleService  - Saving FXGL system data
14:46:44.831 [JavaFX Application Thread] DEBUG FileSystemAccess     - Writing to: C:\Users\zyla\demoGame4OOP\system\fxgl.bundle
14:46:44.834 [JavaFX Application Thread] DEBUG Async                - Shutting down background threads
14:46:44.834 [JavaFX Application Thread] DEBUG PrimaryStageWindow   - Closing main window
14:46:44.862 [JavaFX Application Thread] DEBUG Logger               - Closing Logger
