16:53:52.866 [main                     ] DEBUG Logger               - Configured Logger
16:53:52.868 [main                     ] DEBUG GameApplication      - Logging settings
Title: Stictactics
Version: 0.0
Width: 1920
Height: 1080
Fullscreen: false
Intro: false
Profiling: false
Single step:false
App Mode: DEVELOPER
Menu Key: ESCAPE
Stage Style: DECORATED
Scene Factory: class com.example.demo.Factory.MySceneFactory

16:53:53.277 [JavaFX Application Thread] DEBUG FXGLApplication      - Initializing FXGL
16:53:53.279 [JavaFX Application Thread] INFO  Engine               - FXGL-11.17 (16.07.2021 15.46) on WINDOWS (J:23.0.2 FX:17.0.6)
16:53:53.280 [JavaFX Application Thread] DEBUG Engine               - JRE Vendor Name: Amazon.com Inc.
16:53:53.280 [JavaFX Application Thread] DEBUG Engine               - Running on OS: Windows 11 version 10.0
16:53:53.280 [JavaFX Application Thread] DEBUG Engine               - Architecture: amd64
16:53:53.280 [JavaFX Application Thread] INFO  Engine               - Source code and latest versions at: https://github.com/AlmasB/FXGL
16:53:53.280 [JavaFX Application Thread] INFO  Engine               -              Join the FXGL chat at: https://gitter.im/AlmasB/FXGL
16:53:53.388 [JavaFX Application Thread] DEBUG PrimaryStageWindow   - Creating a JavaFX scene
16:53:53.389 [JavaFX Application Thread] DEBUG PrimaryStageWindow   - Target size > screen size
16:53:53.442 [JavaFX Application Thread] DEBUG PrimaryStageWindow   - Target settings size: 1920.0 x 1080.0
16:53:53.442 [JavaFX Application Thread] DEBUG PrimaryStageWindow   - Scaled scene size:    1255.0 x 720.0
16:53:53.442 [JavaFX Application Thread] DEBUG PrimaryStageWindow   - Scaled ratio: (0.6536458333333334, 0.6666666666666666)
16:53:53.443 [JavaFX Application Thread] DEBUG PrimaryStageWindow   - Set initial scene to FXGLStartupScene
16:53:53.451 [JavaFX Application Thread] DEBUG PrimaryStageWindow   - Opening main window
16:53:53.556 [JavaFX Application Thread] DEBUG PrimaryStageWindow   - Window border size: (16.0, 39.0)
16:53:53.556 [JavaFX Application Thread] DEBUG PrimaryStageWindow   - Scaled size: 1255.0 x 720.0
16:53:53.556 [JavaFX Application Thread] DEBUG PrimaryStageWindow   - Scaled ratio: (0.6536458333333334, 0.6666666666666666)
16:53:53.556 [JavaFX Application Thread] DEBUG PrimaryStageWindow   - Scene size: 1255.0 x 720.0
16:53:53.556 [JavaFX Application Thread] DEBUG PrimaryStageWindow   - Stage size: 1271.0 x 759.0
16:53:53.567 [FXGL Background Thread 1 ] DEBUG Engine               - Initializing environment variables
16:53:53.702 [FXGL Background Thread 1 ] DEBUG FXGLAssetLoaderServi - User app class for loading assets: class com.example.demo.HelloController
16:53:53.702 [FXGL Background Thread 1 ] DEBUG GameApplicationServi - Applying CSS: fxgl_dark.css
16:53:53.703 [FXGL Background Thread 1 ] DEBUG FXGLAssetLoaderServi - Loading from file system: jar:file:///C:/Users/zyla/.m2/repository/com/github/almasb/fxgl/11.17/fxgl-11.17.jar!/fxglassets/ui/css/fxgl_dark.css
16:53:53.771 [FXGL Background Thread 1 ] DEBUG GameApplicationServi - Initializing application scenes
16:53:53.883 [FXGL Background Thread 1 ] DEBUG GameWorld            - Game world initialized
16:53:53.958 [FXGL Background Thread 1 ] DEBUG PhysicsWorld         - Physics world initialized: appHeight=1080, physics.ppm=50.0
16:53:53.958 [FXGL Background Thread 1 ] DEBUG PhysicsWorld         - Using strategy: BRUTE_FORCE
16:53:53.962 [FXGL Background Thread 1 ] DEBUG GameScene            - Game scene initialized: 1920x1080
16:53:54.205 [FXGL Background Thread 1 ] DEBUG GameApplicationServi - Application scenes initialized
16:53:54.222 [FXGL Background Thread 1 ] DEBUG SystemBundleService  - Loading FXGL system data
16:53:54.229 [FXGL Background Thread 1 ] DEBUG FileSystemAccess     - Reading from: C:\Users\zyla\demoGame4OOP\system\fxgl.bundle
16:53:54.239 [FXGL Background Thread 1 ] DEBUG SystemBundleService  - Bundle FXGL: {}
16:53:54.239 [FXGL Background Thread 1 ] DEBUG UpdaterService       - Checking for updates
16:53:54.246 [FXGL Background Thread 1 ] DEBUG FXGLApplication      - Loading default localization
16:53:54.248 [FXGL Background Thread 1 ] DEBUG FXGLAssetLoaderServi - Loading from file system: jar:file:///C:/Users/zyla/.m2/repository/com/github/almasb/fxgl/11.17/fxgl-11.17.jar!/fxglassets/languages/english.lang
16:53:54.255 [FXGL Background Thread 4 ] DEBUG FXGLApplication      - Loading fonts
16:53:54.255 [FXGL Background Thread 4 ] DEBUG FXGLAssetLoaderServi - Loading from file system: jar:file:///C:/Users/zyla/.m2/repository/com/github/almasb/fxgl/11.17/fxgl-11.17.jar!/fxglassets/ui/fonts/VarelaRound-Regular.ttf
16:53:54.268 [FXGL Background Thread 1 ] INFO  FXGLApplication      - FXGL initialization took: 0.702 sec
16:53:54.279 [JavaFX Application Thread] DEBUG Input                - Registered new binding: Pause Game - Esc
16:53:54.280 [JavaFX Application Thread] DEBUG Input                - Registered new binding: P1Left - A
16:53:54.280 [JavaFX Application Thread] DEBUG Input                - Registered new binding: P1Right - D
16:53:54.280 [JavaFX Application Thread] DEBUG Input                - Registered new binding: P1Jump - W
16:53:54.280 [JavaFX Application Thread] DEBUG Input                - Registered new binding: P1Punch - F
16:53:54.280 [JavaFX Application Thread] DEBUG Input                - Registered new binding: P1EnhancedPunch - E
16:53:54.280 [JavaFX Application Thread] DEBUG Input                - Registered new binding: P1Ult - Q
16:53:54.280 [JavaFX Application Thread] DEBUG Input                - Registered new binding: P2Left - Left
16:53:54.280 [JavaFX Application Thread] DEBUG Input                - Registered new binding: P2Right - Right
16:53:54.280 [JavaFX Application Thread] DEBUG Input                - Registered new binding: P2Jump - Up
16:53:54.280 [JavaFX Application Thread] DEBUG Input                - Registered new binding: P2Punch - H
16:53:54.281 [JavaFX Application Thread] DEBUG Input                - Registered new binding: P2EnhancedPunch - U
16:53:54.281 [JavaFX Application Thread] DEBUG Input                - Registered new binding: P2Ult - O
16:53:54.295 [JavaFX Application Thread] WARN  FXGLAssetLoaderServi - Asset "/assets/textures//assets/textures/background-intro.mp4" was not found!
16:53:54.295 [JavaFX Application Thread] WARN  FXGLAssetLoaderServi - Failed to load IMAGE
16:53:54.320 [JavaFX Application Thread] DEBUG FXGLAssetLoaderServi - Loading from file system: jar:file:///C:/Users/zyla/.m2/repository/com/github/almasb/fxgl/11.17/fxgl-11.17.jar!/fxglassets/textures/fxgl_icon.png
16:53:54.394 [FXGL Background Thread 4 ] DEBUG FXGLAssetLoaderServi - Loading from file system: jar:file:///C:/Users/zyla/.m2/repository/com/github/almasb/fxgl/11.17/fxgl-11.17.jar!/fxglassets/ui/fonts/Abel-Regular.ttf
16:53:54.451 [JavaFX Application Thread] DEBUG FXGLAssetLoaderServi - Loading from file system: jar:file:///C:/Users/zyla/.m2/repository/com/github/almasb/fxgl/11.17/fxgl-11.17.jar!/fxglassets/textures/fxgl_default_cursor.png
16:53:54.454 [JavaFX Application Thread] DEBUG Input                - Registered new binding: Screenshot - CTRL+8
16:53:54.455 [FXGL Background Thread 4 ] DEBUG FXGLAssetLoaderServi - Loading from file system: jar:file:///C:/Users/zyla/.m2/repository/com/github/almasb/fxgl/11.17/fxgl-11.17.jar!/fxglassets/ui/fonts/lucida_console.ttf
16:53:54.456 [JavaFX Application Thread] DEBUG Input                - Registered new binding: System info dump - CTRL+9
16:53:54.456 [JavaFX Application Thread] DEBUG Input                - Registered new binding: Restart - CTRL+R
16:53:54.457 [JavaFX Application Thread] DEBUG Input                - Registered new binding: Toggle Debug Camera - CTRL+C
16:53:54.461 [JavaFX Application Thread] DEBUG LoopRunner           - Starting loop
16:53:54.462 [JavaFX Application Thread] DEBUG LoopRunner           - Initializing JavaFX AnimationTimerLoop
16:53:54.465 [JavaFX Application Thread] DEBUG Input                - Clearing active input actions
16:53:54.579 [JavaFX Application Thread] DEBUG GameApplicationServi - Removing overlay from FXGLStartupScene and adding to FXGLMainMenuDummyScene
16:53:54.580 [JavaFX Application Thread] DEBUG PrimaryStageWindow   - FXGLStartupScene -> FXGLMainMenuDummyScene
16:53:54.580 [JavaFX Application Thread] DEBUG PrimaryStageWindow   - Push state: CustomMainMenu
16:53:54.580 [JavaFX Application Thread] DEBUG Input                - Clearing active input actions
16:53:54.645 [JavaFX Application Thread] DEBUG GameApplicationServi - Removing overlay from FXGLMainMenuDummyScene and adding to CustomMainMenu
16:53:54.646 [JavaFX Application Thread] DEBUG PrimaryStageWindow   - FXGLMainMenuDummyScene -> CustomMainMenu
16:53:54.646 [FXGL Background Thread 4 ] DEBUG FXGLAssetLoaderServi - Loading from file system: jar:file:///C:/Users/zyla/.m2/repository/com/github/almasb/fxgl/11.17/fxgl-11.17.jar!/fxglassets/ui/fonts/Courier-Prime.ttf
16:53:54.913 [JavaFX Application Thread] DEBUG FXGLApplication      - Registering font factories with UI factory
16:53:56.453 [FXGL Background Thread 2 ] INFO  UpdaterService       - Your current version:  11.17
16:53:56.454 [FXGL Background Thread 2 ] INFO  UpdaterService       - Latest stable version: 21.1
16:53:57.244 [FXGL Background Thread 3 ] DEBUG Engine               - Logging environment variables
16:53:57.244 [FXGL Background Thread 3 ] DEBUG Engine               - achievements: []
16:53:57.244 [FXGL Background Thread 3 ] DEBUG Engine               - actualHeight: 720.0
16:53:57.244 [FXGL Background Thread 3 ] DEBUG Engine               - actualHeightProperty: ReadOnlyDoubleProperty [value: 720.0]
16:53:57.244 [FXGL Background Thread 3 ] DEBUG Engine               - actualWidth: 1255.0
16:53:57.244 [FXGL Background Thread 3 ] DEBUG Engine               - actualWidthProperty: ReadOnlyDoubleProperty [value: 1255.0]
16:53:57.244 [FXGL Background Thread 3 ] DEBUG Engine               - appIcon: fxgl_icon.png
16:53:57.244 [FXGL Background Thread 3 ] DEBUG Engine               - applicationMode: DEVELOPER
16:53:57.244 [FXGL Background Thread 3 ] DEBUG Engine               - cSSList: [fxgl_dark.css]
16:53:57.244 [FXGL Background Thread 3 ] DEBUG Engine               - collisionDetectionStrategy: BRUTE_FORCE
16:53:57.244 [FXGL Background Thread 3 ] DEBUG Engine               - configClass: Optional.empty
16:53:57.246 [FXGL Background Thread 3 ] DEBUG Engine               - credits: []
16:53:57.246 [FXGL Background Thread 3 ] DEBUG Engine               - defaultCursor: CursorInfo(imageName=fxgl_default_cursor.png, hotspotX=7.0, hotspotY=6.0)
16:53:57.246 [FXGL Background Thread 3 ] DEBUG Engine               - devBBoxColorProperty: ObjectProperty [value: 0xff0000ff]
16:53:57.246 [FXGL Background Thread 3 ] DEBUG Engine               - devEnableDebugCameraProperty: BooleanProperty [value: false]
16:53:57.246 [FXGL Background Thread 3 ] DEBUG Engine               - devSensorColorProperty: ObjectProperty [value: 0xffff00ff]
16:53:57.246 [FXGL Background Thread 3 ] DEBUG Engine               - devShowBBoxProperty: BooleanProperty [value: false]
16:53:57.246 [FXGL Background Thread 3 ] DEBUG Engine               - devShowPositionProperty: BooleanProperty [value: false]
16:53:57.246 [FXGL Background Thread 3 ] DEBUG Engine               - enabledMenuItems: []
16:53:57.246 [FXGL Background Thread 3 ] DEBUG Engine               - engineServices: [class com.almasb.fxgl.app.services.FXGLAssetLoaderService, class com.almasb.fxgl.app.FXGLApplication$GameApplicationService, class com.almasb.fxgl.app.services.FXGLDialogService, class com.almasb.fxgl.app.services.IOTaskExecutorService, class com.almasb.fxgl.io.FileSystemService, class com.almasb.fxgl.localization.LocalizationService, class com.almasb.fxgl.app.services.SystemBundleService, class com.almasb.fxgl.profile.SaveLoadService, class com.almasb.fxgl.ui.FXGLUIFactoryServiceProvider, class com.almasb.fxgl.ui.FXGLDialogFactoryServiceProvider, class com.almasb.fxgl.audio.AudioPlayer, class com.almasb.fxgl.notification.impl.NotificationServiceProvider, class com.almasb.fxgl.achievement.AchievementService, class com.almasb.fxgl.cutscene.CutsceneService, class com.almasb.fxgl.minigames.MiniGameService, class com.almasb.fxgl.net.NetService, class com.almasb.fxgl.app.services.UpdaterService, class com.almasb.fxgl.dev.DevService]
16:53:57.246 [FXGL Background Thread 3 ] DEBUG Engine               - fontGame: Abel-Regular.ttf
16:53:57.246 [FXGL Background Thread 3 ] DEBUG Engine               - fontMono: lucida_console.ttf
16:53:57.246 [FXGL Background Thread 3 ] DEBUG Engine               - fontText: Courier-Prime.ttf
16:53:57.247 [FXGL Background Thread 3 ] DEBUG Engine               - fontUI: VarelaRound-Regular.ttf
16:53:57.247 [FXGL Background Thread 3 ] DEBUG Engine               - fullScreen: BooleanProperty [value: false]
16:53:57.247 [FXGL Background Thread 3 ] DEBUG Engine               - gameDifficulty: MEDIUM
16:53:57.247 [FXGL Background Thread 3 ] DEBUG Engine               - gameDifficultyProperty: ObjectProperty [value: MEDIUM]
16:53:57.247 [FXGL Background Thread 3 ] DEBUG Engine               - globalMusicVolume: 0.5
16:53:57.247 [FXGL Background Thread 3 ] DEBUG Engine               - globalMusicVolumeProperty: DoubleProperty [value: 0.5]
16:53:57.247 [FXGL Background Thread 3 ] DEBUG Engine               - globalSoundVolume: 0.5
16:53:57.247 [FXGL Background Thread 3 ] DEBUG Engine               - globalSoundVolumeProperty: DoubleProperty [value: 0.5]
16:53:57.247 [FXGL Background Thread 3 ] DEBUG Engine               - height: 1080
16:53:57.247 [FXGL Background Thread 3 ] DEBUG Engine               - is3D: false
16:53:57.247 [FXGL Background Thread 3 ] DEBUG Engine               - isAndroid: false
16:53:57.247 [FXGL Background Thread 3 ] DEBUG Engine               - isBrowser: false
16:53:57.247 [FXGL Background Thread 3 ] DEBUG Engine               - isClickFeedbackEnabled: false
16:53:57.248 [FXGL Background Thread 3 ] DEBUG Engine               - isCloseConfirmation: true
16:53:57.248 [FXGL Background Thread 3 ] DEBUG Engine               - isDesktop: true
16:53:57.248 [FXGL Background Thread 3 ] DEBUG Engine               - isDeveloperMenuEnabled: false
16:53:57.248 [FXGL Background Thread 3 ] DEBUG Engine               - isEntityPreloadEnabled: true
16:53:57.248 [FXGL Background Thread 3 ] DEBUG Engine               - isExperimentalTiledLargeMap: false
16:53:57.248 [FXGL Background Thread 3 ] DEBUG Engine               - isFileSystemWriteAllowed: true
16:53:57.248 [FXGL Background Thread 3 ] DEBUG Engine               - isFullScreenAllowed: false
16:53:57.248 [FXGL Background Thread 3 ] DEBUG Engine               - isFullScreenFromStart: false
16:53:57.248 [FXGL Background Thread 3 ] DEBUG Engine               - isGameMenuEnabled: false
16:53:57.248 [FXGL Background Thread 3 ] DEBUG Engine               - isIOS: false
16:53:57.248 [FXGL Background Thread 3 ] DEBUG Engine               - isIntroEnabled: false
16:53:57.248 [FXGL Background Thread 3 ] DEBUG Engine               - isLinux: false
16:53:57.248 [FXGL Background Thread 3 ] DEBUG Engine               - isMac: false
16:53:57.248 [FXGL Background Thread 3 ] DEBUG Engine               - isMainMenuEnabled: true
16:53:57.248 [FXGL Background Thread 3 ] DEBUG Engine               - isManualResizeEnabled: false
16:53:57.249 [FXGL Background Thread 3 ] DEBUG Engine               - isMobile: false
16:53:57.249 [FXGL Background Thread 3 ] DEBUG Engine               - isNative: false
16:53:57.249 [FXGL Background Thread 3 ] DEBUG Engine               - isPauseMusicWhenMinimized: true
16:53:57.249 [FXGL Background Thread 3 ] DEBUG Engine               - isPreserveResizeRatio: false
16:53:57.249 [FXGL Background Thread 3 ] DEBUG Engine               - isProfilingEnabled: false
16:53:57.249 [FXGL Background Thread 3 ] DEBUG Engine               - isScaleAffectedOnResize: true
16:53:57.249 [FXGL Background Thread 3 ] DEBUG Engine               - isSingleStep: false
16:53:57.249 [FXGL Background Thread 3 ] DEBUG Engine               - isUserProfileEnabled: false
16:53:57.249 [FXGL Background Thread 3 ] DEBUG Engine               - isWindows: true
16:53:57.249 [FXGL Background Thread 3 ] DEBUG Engine               - language: ObjectProperty [value: ENGLISH]
16:53:57.249 [FXGL Background Thread 3 ] DEBUG Engine               - menuKey: ESCAPE
16:53:57.249 [FXGL Background Thread 3 ] DEBUG Engine               - mouseSensitivity: 0.2
16:53:57.249 [FXGL Background Thread 3 ] DEBUG Engine               - notificationViewClass: class com.almasb.fxgl.notification.view.XboxNotificationView
16:53:57.249 [FXGL Background Thread 3 ] DEBUG Engine               - pixelsPerMeter: 50.0
16:53:57.249 [FXGL Background Thread 3 ] DEBUG Engine               - platform: WINDOWS
16:53:57.250 [FXGL Background Thread 3 ] DEBUG Engine               - prefHeightProperty: ReadOnlyDoubleProperty [value: 1080.0]
16:53:57.250 [FXGL Background Thread 3 ] DEBUG Engine               - prefWidthProperty: ReadOnlyDoubleProperty [value: 1920.0]
16:53:57.250 [FXGL Background Thread 3 ] DEBUG Engine               - profileDir: profiles/
16:53:57.250 [FXGL Background Thread 3 ] DEBUG Engine               - profileName: StringProperty [value: DEFAULT]
16:53:57.250 [FXGL Background Thread 3 ] DEBUG Engine               - randomSeed: -1
16:53:57.250 [FXGL Background Thread 3 ] DEBUG Engine               - runtimeInfo: RuntimeInfo(platform=WINDOWS, version=11.17, build=16.07.2021 15.46)
16:53:57.250 [FXGL Background Thread 3 ] DEBUG Engine               - saveFileExt: sav
16:53:57.250 [FXGL Background Thread 3 ] DEBUG Engine               - scaledHeightProp$fxgl: DoubleProperty [bound, value: 720.0]
16:53:57.250 [FXGL Background Thread 3 ] DEBUG Engine               - scaledWidthProp$fxgl: DoubleProperty [bound, value: 1255.0]
16:53:57.250 [FXGL Background Thread 3 ] DEBUG Engine               - sceneFactory: com.example.demo.Factory.MySceneFactory@6bc28e51
16:53:57.250 [FXGL Background Thread 3 ] DEBUG Engine               - secondsIn24h: 60
16:53:57.250 [FXGL Background Thread 3 ] DEBUG Engine               - soundMenuBack: menu/back.wav
16:53:57.250 [FXGL Background Thread 3 ] DEBUG Engine               - soundMenuPress: menu/press.wav
16:53:57.250 [FXGL Background Thread 3 ] DEBUG Engine               - soundMenuSelect: menu/select.wav
16:53:57.250 [FXGL Background Thread 3 ] DEBUG Engine               - soundNotification: core/notification.wav
16:53:57.250 [FXGL Background Thread 3 ] DEBUG Engine               - stageStyle: DECORATED
16:53:57.251 [FXGL Background Thread 3 ] DEBUG Engine               - supportedLanguages: [ENGLISH, FRENCH, GERMAN, HUNGARIAN, RUSSIAN]
16:53:57.251 [FXGL Background Thread 3 ] DEBUG Engine               - ticksPerSecond: -1
16:53:57.251 [FXGL Background Thread 3 ] DEBUG Engine               - title: Stictactics
16:53:57.251 [FXGL Background Thread 3 ] DEBUG Engine               - urlGithub: https://github.com/AlmasB/FXGL
16:53:57.251 [FXGL Background Thread 3 ] DEBUG Engine               - urlLeaderboard: http://fxgl-top.herokuapp.com/
16:53:57.251 [FXGL Background Thread 3 ] DEBUG Engine               - urlPOM: https://raw.githubusercontent.com/AlmasB/FXGL/release/README.md
16:53:57.251 [FXGL Background Thread 3 ] DEBUG Engine               - userAppClass: class com.example.demo.HelloController
16:53:57.251 [FXGL Background Thread 3 ] DEBUG Engine               - version: 0.0
16:53:57.251 [FXGL Background Thread 3 ] DEBUG Engine               - versionCheckDays: 7
16:53:57.251 [FXGL Background Thread 3 ] DEBUG Engine               - width: 1920
16:53:57.251 [FXGL Background Thread 3 ] DEBUG Engine               - Logging services
16:53:57.251 [FXGL Background Thread 3 ] DEBUG Engine               - class com.almasb.fxgl.app.services.FXGLAssetLoaderService
16:53:57.251 [FXGL Background Thread 3 ] DEBUG Engine               - class com.almasb.fxgl.app.FXGLApplication$GameApplicationService
16:53:57.251 [FXGL Background Thread 3 ] DEBUG Engine               - class com.almasb.fxgl.app.services.FXGLDialogService
16:53:57.251 [FXGL Background Thread 3 ] DEBUG Engine               - class com.almasb.fxgl.app.services.IOTaskExecutorService
16:53:57.251 [FXGL Background Thread 3 ] DEBUG Engine               - class com.almasb.fxgl.io.FileSystemService
16:53:57.251 [FXGL Background Thread 3 ] DEBUG Engine               - class com.almasb.fxgl.localization.LocalizationService
16:53:57.251 [FXGL Background Thread 3 ] DEBUG Engine               - class com.almasb.fxgl.app.services.SystemBundleService
16:53:57.252 [FXGL Background Thread 3 ] DEBUG Engine               - class com.almasb.fxgl.profile.SaveLoadService
16:53:57.252 [FXGL Background Thread 3 ] DEBUG Engine               - class com.almasb.fxgl.ui.FXGLUIFactoryServiceProvider
16:53:57.252 [FXGL Background Thread 3 ] DEBUG Engine               - class com.almasb.fxgl.ui.FXGLDialogFactoryServiceProvider
16:53:57.252 [FXGL Background Thread 3 ] DEBUG Engine               - class com.almasb.fxgl.audio.AudioPlayer
16:53:57.252 [FXGL Background Thread 3 ] DEBUG Engine               - class com.almasb.fxgl.notification.impl.NotificationServiceProvider
16:53:57.252 [FXGL Background Thread 3 ] DEBUG Engine               - class com.almasb.fxgl.achievement.AchievementService
16:53:57.252 [FXGL Background Thread 3 ] DEBUG Engine               - class com.almasb.fxgl.cutscene.CutsceneService
16:53:57.252 [FXGL Background Thread 3 ] DEBUG Engine               - class com.almasb.fxgl.minigames.MiniGameService
16:53:57.252 [FXGL Background Thread 3 ] DEBUG Engine               - class com.almasb.fxgl.net.NetService
16:53:57.252 [FXGL Background Thread 3 ] DEBUG Engine               - class com.almasb.fxgl.app.services.UpdaterService
16:53:57.252 [FXGL Background Thread 3 ] DEBUG Engine               - class com.almasb.fxgl.dev.DevService
16:54:17.243 [JavaFX Application Thread] DEBUG Menu                 - fireNewGame()
16:54:17.243 [JavaFX Application Thread] DEBUG GameApplicationServi - Starting new game
16:54:17.243 [JavaFX Application Thread] DEBUG PrimaryStageWindow   - Pop state: CustomMainMenu
16:54:17.243 [JavaFX Application Thread] DEBUG Input                - Clearing active input actions
16:54:17.245 [JavaFX Application Thread] DEBUG GameApplicationServi - Removing overlay from CustomMainMenu and adding to FXGLMainMenuDummyScene
16:54:17.245 [JavaFX Application Thread] DEBUG PrimaryStageWindow   - FXGLMainMenuDummyScene <- CustomMainMenu
16:54:17.245 [JavaFX Application Thread] DEBUG Input                - Clearing active input actions
16:54:17.261 [JavaFX Application Thread] DEBUG GameApplicationServi - Removing overlay from FXGLMainMenuDummyScene and adding to FXGLLoadingScene
16:54:17.262 [JavaFX Application Thread] DEBUG PrimaryStageWindow   - FXGLMainMenuDummyScene -> FXGLLoadingScene
16:54:17.262 [JavaFX Application Thread] DEBUG GameApplicationServi - Clearing previous game
16:54:17.262 [JavaFX Application Thread] DEBUG GameScene            - Clearing game scene
16:54:17.262 [JavaFX Application Thread] DEBUG GameWorld            - Clearing game world
16:54:17.263 [JavaFX Application Thread] DEBUG PhysicsWorld         - Clearing physics world
16:54:17.266 [FXGL Background Thread 2 ] DEBUG FXGLApplication      - Initializing game
16:54:17.373 [FXGL Background Thread 2 ] WARN  TMXLevelLoader       - TiledMap generated from 1.11.2. Supported version: 1.2.3. Some features may not be parsed fully.
16:54:17.398 [FXGL Background Thread 2 ] DEBUG TMXLevelLoader       - Parsed TiledMap: file:/C:/Users/zyla/demoGame4OOP/target/classes/assets/levels/tmx/map2.tmx
16:54:17.399 [FXGL Background Thread 2 ] DEBUG TMXLevelLoader       - Creating tile layer entities
16:54:17.401 [FXGL Background Thread 2 ] DEBUG TilesetLoader        - Loading view for layer Tile Layer 1
16:54:17.404 [FXGL Background Thread 2 ] DEBUG TilesetLoader        - Created buffer with size 1984.0x1088.0
16:54:17.595 [FXGL Background Thread 2 ] DEBUG TMXLevelLoader       - Creating object layer entities
16:54:17.664 [FXGL Background Thread 2 ] DEBUG GameWorld            - Clearing removable entities
16:54:17.664 [FXGL Background Thread 2 ] DEBUG GameWorld            - Setting level: com.almasb.fxgl.entity.level.Level@688ab774
16:54:17.732 [FXGL Background Thread 2 ] DEBUG FXGLAssetLoaderServi - Loading from file system: file:/C:/Users/zyla/demoGame4OOP/target/classes/assets/textures/elite/elite_idle.png
16:54:17.752 [FXGL Background Thread 2 ] DEBUG FXGLAssetLoaderServi - Loading from file system: file:/C:/Users/zyla/demoGame4OOP/target/classes/assets/textures/elite/elite_walk.png
16:54:17.767 [FXGL Background Thread 2 ] DEBUG FXGLAssetLoaderServi - Loading from file system: file:/C:/Users/zyla/demoGame4OOP/target/classes/assets/textures/elite/elite_attack_enhanced.png
16:54:17.778 [FXGL Background Thread 2 ] DEBUG FXGLAssetLoaderServi - Loading from file system: file:/C:/Users/zyla/demoGame4OOP/target/classes/assets/textures/elite/elite_jump.png
16:54:17.784 [FXGL Background Thread 2 ] DEBUG FXGLAssetLoaderServi - Loading from file system: file:/C:/Users/zyla/demoGame4OOP/target/classes/assets/textures/elite/elite_attack.png
16:54:17.795 [FXGL Background Thread 2 ] DEBUG FXGLAssetLoaderServi - Loading from file system: file:/C:/Users/zyla/demoGame4OOP/target/classes/assets/textures/elite/elite_ult.png
16:54:17.834 [FXGL Background Thread 2 ] DEBUG FXGLAssetLoaderServi - Loading from file system: file:/C:/Users/zyla/demoGame4OOP/target/classes/assets/textures/elite/elite_hit.png
16:54:17.915 [FXGL Background Thread 2 ] DEBUG FXGLAssetLoaderServi - Loading from file system: file:/C:/Users/zyla/demoGame4OOP/target/classes/assets/textures/female/female_idle.png
16:54:17.923 [FXGL Background Thread 2 ] DEBUG FXGLAssetLoaderServi - Loading from file system: file:/C:/Users/zyla/demoGame4OOP/target/classes/assets/textures/female/female_walk.png
16:54:17.935 [FXGL Background Thread 2 ] DEBUG FXGLAssetLoaderServi - Loading from file system: file:/C:/Users/zyla/demoGame4OOP/target/classes/assets/textures/female/female_attack_enhanced.png
16:54:17.944 [FXGL Background Thread 2 ] DEBUG FXGLAssetLoaderServi - Loading from file system: file:/C:/Users/zyla/demoGame4OOP/target/classes/assets/textures/female/female_jump.png
16:54:17.953 [FXGL Background Thread 2 ] DEBUG FXGLAssetLoaderServi - Loading from file system: file:/C:/Users/zyla/demoGame4OOP/target/classes/assets/textures/female/female_attack.png
16:54:17.985 [FXGL Background Thread 2 ] DEBUG FXGLAssetLoaderServi - Loading from file system: file:/C:/Users/zyla/demoGame4OOP/target/classes/assets/textures/female/female_ult.png
16:54:18.029 [FXGL Background Thread 2 ] DEBUG FXGLAssetLoaderServi - Loading from file system: file:/C:/Users/zyla/demoGame4OOP/target/classes/assets/textures/female/female_hit.png
16:54:18.083 [FXGL Background Thread 2 ] INFO  FXGLApplication      - Game initialization took: 0.817 sec
16:54:18.093 [JavaFX Application Thread] DEBUG Input                - Clearing active input actions
16:54:18.112 [JavaFX Application Thread] DEBUG GameApplicationServi - Removing overlay from FXGLLoadingScene and adding to GameScene
16:54:18.113 [JavaFX Application Thread] DEBUG PrimaryStageWindow   - FXGLLoadingScene -> GameScene
16:54:43.746 [JavaFX Application Thread] DEBUG PrimaryStageWindow   - Push state: DialogSubScene
16:54:43.746 [JavaFX Application Thread] DEBUG Input                - Clearing active input actions
16:54:43.747 [JavaFX Application Thread] DEBUG GameApplicationServi - Removing overlay from GameScene and adding to DialogSubScene
16:54:43.747 [JavaFX Application Thread] DEBUG PrimaryStageWindow   - GameScene -> DialogSubScene
16:54:44.430 [JavaFX Application Thread] DEBUG PrimaryStageWindow   - Pop state: DialogSubScene
16:54:44.430 [JavaFX Application Thread] DEBUG Input                - Clearing active input actions
16:54:44.431 [JavaFX Application Thread] DEBUG GameApplicationServi - Removing overlay from DialogSubScene and adding to GameScene
16:54:44.431 [JavaFX Application Thread] DEBUG PrimaryStageWindow   - GameScene <- DialogSubScene
16:54:44.431 [JavaFX Application Thread] DEBUG FXGLApplication      - Exiting FXGL
16:54:44.431 [JavaFX Application Thread] DEBUG LoopRunner           - Stopping loop
16:54:44.432 [JavaFX Application Thread] DEBUG SystemBundleService  - Saving FXGL system data
16:54:44.433 [JavaFX Application Thread] DEBUG FileSystemAccess     - Writing to: C:\Users\zyla\demoGame4OOP\system\fxgl.bundle
16:54:44.435 [JavaFX Application Thread] DEBUG Async                - Shutting down background threads
16:54:44.435 [JavaFX Application Thread] DEBUG PrimaryStageWindow   - Closing main window
16:54:44.463 [JavaFX Application Thread] DEBUG Logger               - Closing Logger
