07:47:34.286 [main                     ] DEBUG Logger               - Configured Logger
07:47:34.287 [main                     ] DEBUG GameApplication      - Logging settings
Title: Stictactics
Version: 0.0
Width: 1920
Height: 1080
Fullscreen: false
Intro: false
Profiling: false
Single step:false
App Mode: DEVELOPER
Menu Key: ESCAPE
Stage Style: DECORATED
Scene Factory: class com.example.demo.Factory.MySceneFactory

07:47:34.668 [JavaFX Application Thread] DEBUG FXGLApplication      - Initializing FXGL
07:47:34.669 [JavaFX Application Thread] INFO  Engine               - FXGL-11.17 (16.07.2021 15.46) on WINDOWS (J:23.0.2 FX:17.0.6)
07:47:34.670 [JavaFX Application Thread] DEBUG Engine               - JRE Vendor Name: Amazon.com Inc.
07:47:34.670 [JavaFX Application Thread] DEBUG Engine               - Running on OS: Windows 11 version 10.0
07:47:34.670 [JavaFX Application Thread] DEBUG Engine               - Architecture: amd64
07:47:34.670 [JavaFX Application Thread] INFO  Engine               - Source code and latest versions at: https://github.com/AlmasB/FXGL
07:47:34.670 [JavaFX Application Thread] INFO  Engine               -              Join the FXGL chat at: https://gitter.im/AlmasB/FXGL
07:47:34.787 [JavaFX Application Thread] DEBUG PrimaryStageWindow   - Creating a JavaFX scene
07:47:34.787 [JavaFX Application Thread] DEBUG PrimaryStageWindow   - Target size > screen size
07:47:34.849 [JavaFX Application Thread] DEBUG PrimaryStageWindow   - Target settings size: 1920.0 x 1080.0
07:47:34.849 [JavaFX Application Thread] DEBUG PrimaryStageWindow   - Scaled scene size:    1255.0 x 720.0
07:47:34.849 [JavaFX Application Thread] DEBUG PrimaryStageWindow   - Scaled ratio: (0.6536458333333334, 0.6666666666666666)
07:47:34.850 [JavaFX Application Thread] DEBUG PrimaryStageWindow   - Set initial scene to FXGLStartupScene
07:47:34.858 [JavaFX Application Thread] DEBUG PrimaryStageWindow   - Opening main window
07:47:34.949 [JavaFX Application Thread] DEBUG PrimaryStageWindow   - Window border size: (16.0, 39.0)
07:47:34.949 [JavaFX Application Thread] DEBUG PrimaryStageWindow   - Scaled size: 1255.0 x 720.0
07:47:34.949 [JavaFX Application Thread] DEBUG PrimaryStageWindow   - Scaled ratio: (0.6536458333333334, 0.6666666666666666)
07:47:34.949 [JavaFX Application Thread] DEBUG PrimaryStageWindow   - Scene size: 1255.0 x 720.0
07:47:34.950 [JavaFX Application Thread] DEBUG PrimaryStageWindow   - Stage size: 1271.0 x 759.0
07:47:34.960 [FXGL Background Thread 1 ] DEBUG Engine               - Initializing environment variables
07:47:35.085 [FXGL Background Thread 1 ] DEBUG FXGLAssetLoaderServi - User app class for loading assets: class com.example.demo.HelloController
07:47:35.087 [FXGL Background Thread 1 ] DEBUG GameApplicationServi - Applying CSS: fxgl_dark.css
07:47:35.087 [FXGL Background Thread 1 ] DEBUG FXGLAssetLoaderServi - Loading from file system: jar:file:///C:/Users/zyla/.m2/repository/com/github/almasb/fxgl/11.17/fxgl-11.17.jar!/fxglassets/ui/css/fxgl_dark.css
07:47:35.157 [FXGL Background Thread 1 ] DEBUG GameApplicationServi - Initializing application scenes
07:47:35.261 [FXGL Background Thread 1 ] DEBUG GameWorld            - Game world initialized
07:47:35.339 [FXGL Background Thread 1 ] DEBUG PhysicsWorld         - Physics world initialized: appHeight=1080, physics.ppm=50.0
07:47:35.340 [FXGL Background Thread 1 ] DEBUG PhysicsWorld         - Using strategy: BRUTE_FORCE
07:47:35.343 [FXGL Background Thread 1 ] DEBUG GameScene            - Game scene initialized: 1920x1080
07:47:35.493 [FXGL Background Thread 1 ] DEBUG GameApplicationServi - Application scenes initialized
07:47:35.507 [FXGL Background Thread 1 ] DEBUG SystemBundleService  - Loading FXGL system data
07:47:35.513 [FXGL Background Thread 1 ] DEBUG FileSystemAccess     - Reading from: C:\Users\zyla\demoGame4OOP\system\fxgl.bundle
07:47:35.522 [FXGL Background Thread 1 ] DEBUG SystemBundleService  - Bundle FXGL: {}
07:47:35.522 [FXGL Background Thread 1 ] DEBUG UpdaterService       - Checking for updates
07:47:35.531 [FXGL Background Thread 1 ] DEBUG FXGLApplication      - Loading default localization
07:47:35.532 [FXGL Background Thread 1 ] DEBUG FXGLAssetLoaderServi - Loading from file system: jar:file:///C:/Users/zyla/.m2/repository/com/github/almasb/fxgl/11.17/fxgl-11.17.jar!/fxglassets/languages/english.lang
07:47:35.555 [FXGL Background Thread 4 ] DEBUG FXGLApplication      - Loading fonts
07:47:35.556 [FXGL Background Thread 4 ] DEBUG FXGLAssetLoaderServi - Loading from file system: jar:file:///C:/Users/zyla/.m2/repository/com/github/almasb/fxgl/11.17/fxgl-11.17.jar!/fxglassets/ui/fonts/VarelaRound-Regular.ttf
07:47:35.581 [FXGL Background Thread 1 ] INFO  FXGLApplication      - FXGL initialization took: 0.620 sec
07:47:35.602 [JavaFX Application Thread] DEBUG Input                - Registered new binding: Pause Game - Esc
07:47:35.603 [JavaFX Application Thread] DEBUG Input                - Registered new binding: P1Left - A
07:47:35.603 [JavaFX Application Thread] DEBUG Input                - Registered new binding: P1Right - D
07:47:35.603 [JavaFX Application Thread] DEBUG Input                - Registered new binding: P1Jump - W
07:47:35.603 [JavaFX Application Thread] DEBUG Input                - Registered new binding: P1Punch - F
07:47:35.603 [JavaFX Application Thread] DEBUG Input                - Registered new binding: P1EnhancedPunch - E
07:47:35.604 [JavaFX Application Thread] DEBUG Input                - Registered new binding: P1Ult - Q
07:47:35.604 [JavaFX Application Thread] DEBUG Input                - Registered new binding: P2Left - Left
07:47:35.604 [JavaFX Application Thread] DEBUG Input                - Registered new binding: P2Right - Right
07:47:35.604 [JavaFX Application Thread] DEBUG Input                - Registered new binding: P2Jump - Up
07:47:35.605 [JavaFX Application Thread] DEBUG Input                - Registered new binding: P2Punch - H
07:47:35.605 [JavaFX Application Thread] DEBUG Input                - Registered new binding: P2EnhancedPunch - U
07:47:35.605 [JavaFX Application Thread] DEBUG Input                - Registered new binding: P2Ult - O
07:47:35.611 [JavaFX Application Thread] WARN  FXGLAssetLoaderServi - Asset "/assets/textures//assets/textures/background-intro.mp4" was not found!
07:47:35.612 [JavaFX Application Thread] WARN  FXGLAssetLoaderServi - Failed to load IMAGE
07:47:35.654 [JavaFX Application Thread] DEBUG FXGLAssetLoaderServi - Loading from file system: jar:file:///C:/Users/zyla/.m2/repository/com/github/almasb/fxgl/11.17/fxgl-11.17.jar!/fxglassets/textures/fxgl_icon.png
07:47:35.729 [JavaFX Application Thread] DEBUG FXGLAssetLoaderServi - Loading from file system: jar:file:///C:/Users/zyla/.m2/repository/com/github/almasb/fxgl/11.17/fxgl-11.17.jar!/fxglassets/textures/fxgl_default_cursor.png
07:47:35.740 [JavaFX Application Thread] DEBUG Input                - Registered new binding: Screenshot - CTRL+8
07:47:35.742 [JavaFX Application Thread] DEBUG Input                - Registered new binding: System info dump - CTRL+9
07:47:35.742 [JavaFX Application Thread] DEBUG Input                - Registered new binding: Restart - CTRL+R
07:47:35.743 [JavaFX Application Thread] DEBUG Input                - Registered new binding: Toggle Debug Camera - CTRL+C
07:47:35.748 [JavaFX Application Thread] DEBUG LoopRunner           - Starting loop
07:47:35.748 [JavaFX Application Thread] DEBUG LoopRunner           - Initializing JavaFX AnimationTimerLoop
07:47:35.756 [JavaFX Application Thread] DEBUG Input                - Clearing active input actions
07:47:35.784 [JavaFX Application Thread] DEBUG GameApplicationServi - Removing overlay from FXGLStartupScene and adding to FXGLMainMenuDummyScene
07:47:35.785 [JavaFX Application Thread] DEBUG PrimaryStageWindow   - FXGLStartupScene -> FXGLMainMenuDummyScene
07:47:35.785 [JavaFX Application Thread] DEBUG PrimaryStageWindow   - Push state: CustomMainMenu
07:47:35.785 [JavaFX Application Thread] DEBUG Input                - Clearing active input actions
07:47:35.797 [JavaFX Application Thread] DEBUG GameApplicationServi - Removing overlay from FXGLMainMenuDummyScene and adding to CustomMainMenu
07:47:35.798 [JavaFX Application Thread] DEBUG PrimaryStageWindow   - FXGLMainMenuDummyScene -> CustomMainMenu
07:47:35.899 [FXGL Background Thread 4 ] DEBUG FXGLAssetLoaderServi - Loading from file system: jar:file:///C:/Users/zyla/.m2/repository/com/github/almasb/fxgl/11.17/fxgl-11.17.jar!/fxglassets/ui/fonts/Abel-Regular.ttf
07:47:35.916 [FXGL Background Thread 4 ] DEBUG FXGLAssetLoaderServi - Loading from file system: jar:file:///C:/Users/zyla/.m2/repository/com/github/almasb/fxgl/11.17/fxgl-11.17.jar!/fxglassets/ui/fonts/lucida_console.ttf
07:47:35.942 [FXGL Background Thread 4 ] DEBUG FXGLAssetLoaderServi - Loading from file system: jar:file:///C:/Users/zyla/.m2/repository/com/github/almasb/fxgl/11.17/fxgl-11.17.jar!/fxglassets/ui/fonts/Courier-Prime.ttf
07:47:36.058 [JavaFX Application Thread] DEBUG FXGLApplication      - Registering font factories with UI factory
07:47:36.532 [JavaFX Application Thread] DEBUG Menu                 - fireNewGame()
07:47:36.532 [JavaFX Application Thread] DEBUG GameApplicationServi - Starting new game
07:47:36.532 [JavaFX Application Thread] DEBUG PrimaryStageWindow   - Pop state: CustomMainMenu
07:47:36.532 [JavaFX Application Thread] DEBUG Input                - Clearing active input actions
07:47:36.534 [JavaFX Application Thread] DEBUG GameApplicationServi - Removing overlay from CustomMainMenu and adding to FXGLMainMenuDummyScene
07:47:36.534 [JavaFX Application Thread] DEBUG PrimaryStageWindow   - FXGLMainMenuDummyScene <- CustomMainMenu
07:47:36.535 [JavaFX Application Thread] DEBUG Input                - Clearing active input actions
07:47:36.549 [JavaFX Application Thread] DEBUG GameApplicationServi - Removing overlay from FXGLMainMenuDummyScene and adding to FXGLLoadingScene
07:47:36.550 [JavaFX Application Thread] DEBUG PrimaryStageWindow   - FXGLMainMenuDummyScene -> FXGLLoadingScene
07:47:36.550 [JavaFX Application Thread] DEBUG GameApplicationServi - Clearing previous game
07:47:36.550 [JavaFX Application Thread] DEBUG GameScene            - Clearing game scene
07:47:36.550 [JavaFX Application Thread] DEBUG GameWorld            - Clearing game world
07:47:36.550 [JavaFX Application Thread] DEBUG PhysicsWorld         - Clearing physics world
07:47:36.554 [FXGL Background Thread 4 ] DEBUG FXGLApplication      - Initializing game
07:47:36.580 [FXGL Background Thread 2 ] INFO  UpdaterService       - Your current version:  11.17
07:47:36.580 [FXGL Background Thread 2 ] INFO  UpdaterService       - Latest stable version: 21.1
07:47:36.704 [FXGL Background Thread 4 ] WARN  TMXLevelLoader       - TiledMap generated from 1.11.2. Supported version: 1.2.3. Some features may not be parsed fully.
07:47:36.720 [FXGL Background Thread 4 ] DEBUG TMXLevelLoader       - Parsed TiledMap: file:/C:/Users/zyla/demoGame4OOP/target/classes/assets/levels/tmx/map6.tmx
07:47:36.721 [FXGL Background Thread 4 ] DEBUG TMXLevelLoader       - Creating tile layer entities
07:47:36.723 [FXGL Background Thread 4 ] DEBUG TilesetLoader        - Loading view for layer Tile Layer 1
07:47:36.725 [FXGL Background Thread 4 ] DEBUG TilesetLoader        - Created buffer with size 1920.0x1088.0
07:47:36.903 [FXGL Background Thread 4 ] DEBUG TMXLevelLoader       - Creating object layer entities
07:47:36.933 [FXGL Background Thread 4 ] DEBUG GameWorld            - Clearing removable entities
07:47:36.934 [FXGL Background Thread 4 ] DEBUG GameWorld            - Setting level: com.almasb.fxgl.entity.level.Level@11b4e772
07:47:36.954 [FXGL Background Thread 4 ] DEBUG FXGLAssetLoaderServi - Loading from file system: file:/C:/Users/zyla/demoGame4OOP/target/classes/assets/textures/character_2/knight_idle.png
07:47:36.967 [FXGL Background Thread 4 ] DEBUG FXGLAssetLoaderServi - Loading from file system: file:/C:/Users/zyla/demoGame4OOP/target/classes/assets/textures/character_2/knight_walk.png
07:47:36.976 [FXGL Background Thread 4 ] DEBUG FXGLAssetLoaderServi - Loading from file system: file:/C:/Users/zyla/demoGame4OOP/target/classes/assets/textures/fighter_attack_enhanced_p2.png
07:47:36.988 [FXGL Background Thread 4 ] DEBUG FXGLAssetLoaderServi - Loading from file system: file:/C:/Users/zyla/demoGame4OOP/target/classes/assets/textures/character_2/knight_jump.png
07:47:36.997 [FXGL Background Thread 4 ] DEBUG FXGLAssetLoaderServi - Loading from file system: file:/C:/Users/zyla/demoGame4OOP/target/classes/assets/textures/character_2/knight_combo.png
07:47:37.010 [FXGL Background Thread 4 ] DEBUG FXGLAssetLoaderServi - Loading from file system: file:/C:/Users/zyla/demoGame4OOP/target/classes/assets/textures/fighter_ult_P2.png
07:47:37.055 [FXGL Background Thread 4 ] DEBUG FXGLAssetLoaderServi - Loading from file system: file:/C:/Users/zyla/demoGame4OOP/target/classes/assets/textures/fighter_hit.png
07:47:37.064 [FXGL Background Thread 4 ] DEBUG FXGLAssetLoaderServi - Loading from file system: file:/C:/Users/zyla/demoGame4OOP/target/classes/assets/textures/fighter_idle_P2.png
07:47:37.075 [FXGL Background Thread 4 ] DEBUG FXGLAssetLoaderServi - Loading from file system: file:/C:/Users/zyla/demoGame4OOP/target/classes/assets/textures/fighter_walk_P2.png
07:47:37.083 [FXGL Background Thread 4 ] DEBUG FXGLAssetLoaderServi - Loading from file system: file:/C:/Users/zyla/demoGame4OOP/target/classes/assets/textures/fighter_jump_P2.png
07:47:37.088 [FXGL Background Thread 4 ] DEBUG FXGLAssetLoaderServi - Loading from file system: file:/C:/Users/zyla/demoGame4OOP/target/classes/assets/textures/fighter_attack_P2.png
07:47:37.111 [FXGL Background Thread 4 ] INFO  FXGLApplication      - Game initialization took: 0.557 sec
07:47:37.112 [JavaFX Application Thread] DEBUG Input                - Clearing active input actions
07:47:37.128 [JavaFX Application Thread] DEBUG GameApplicationServi - Removing overlay from FXGLLoadingScene and adding to GameScene
07:47:37.128 [JavaFX Application Thread] DEBUG PrimaryStageWindow   - FXGLLoadingScene -> GameScene
07:47:38.528 [FXGL Background Thread 3 ] DEBUG Engine               - Logging environment variables
07:47:38.528 [FXGL Background Thread 3 ] DEBUG Engine               - achievements: []
07:47:38.528 [FXGL Background Thread 3 ] DEBUG Engine               - actualHeight: 720.0
07:47:38.528 [FXGL Background Thread 3 ] DEBUG Engine               - actualHeightProperty: ReadOnlyDoubleProperty [value: 720.0]
07:47:38.529 [FXGL Background Thread 3 ] DEBUG Engine               - actualWidth: 1255.0
07:47:38.529 [FXGL Background Thread 3 ] DEBUG Engine               - actualWidthProperty: ReadOnlyDoubleProperty [value: 1255.0]
07:47:38.529 [FXGL Background Thread 3 ] DEBUG Engine               - appIcon: fxgl_icon.png
07:47:38.529 [FXGL Background Thread 3 ] DEBUG Engine               - applicationMode: DEVELOPER
07:47:38.529 [FXGL Background Thread 3 ] DEBUG Engine               - cSSList: [fxgl_dark.css]
07:47:38.529 [FXGL Background Thread 3 ] DEBUG Engine               - collisionDetectionStrategy: BRUTE_FORCE
07:47:38.529 [FXGL Background Thread 3 ] DEBUG Engine               - configClass: Optional.empty
07:47:38.529 [FXGL Background Thread 3 ] DEBUG Engine               - credits: []
07:47:38.529 [FXGL Background Thread 3 ] DEBUG Engine               - defaultCursor: CursorInfo(imageName=fxgl_default_cursor.png, hotspotX=7.0, hotspotY=6.0)
07:47:38.529 [FXGL Background Thread 3 ] DEBUG Engine               - devBBoxColorProperty: ObjectProperty [value: 0xff0000ff]
07:47:38.529 [FXGL Background Thread 3 ] DEBUG Engine               - devEnableDebugCameraProperty: BooleanProperty [value: false]
07:47:38.531 [FXGL Background Thread 3 ] DEBUG Engine               - devSensorColorProperty: ObjectProperty [value: 0xffff00ff]
07:47:38.531 [FXGL Background Thread 3 ] DEBUG Engine               - devShowBBoxProperty: BooleanProperty [value: false]
07:47:38.531 [FXGL Background Thread 3 ] DEBUG Engine               - devShowPositionProperty: BooleanProperty [value: false]
07:47:38.531 [FXGL Background Thread 3 ] DEBUG Engine               - enabledMenuItems: []
07:47:38.531 [FXGL Background Thread 3 ] DEBUG Engine               - engineServices: [class com.almasb.fxgl.app.services.FXGLAssetLoaderService, class com.almasb.fxgl.app.FXGLApplication$GameApplicationService, class com.almasb.fxgl.app.services.FXGLDialogService, class com.almasb.fxgl.app.services.IOTaskExecutorService, class com.almasb.fxgl.io.FileSystemService, class com.almasb.fxgl.localization.LocalizationService, class com.almasb.fxgl.app.services.SystemBundleService, class com.almasb.fxgl.profile.SaveLoadService, class com.almasb.fxgl.ui.FXGLUIFactoryServiceProvider, class com.almasb.fxgl.ui.FXGLDialogFactoryServiceProvider, class com.almasb.fxgl.audio.AudioPlayer, class com.almasb.fxgl.notification.impl.NotificationServiceProvider, class com.almasb.fxgl.achievement.AchievementService, class com.almasb.fxgl.cutscene.CutsceneService, class com.almasb.fxgl.minigames.MiniGameService, class com.almasb.fxgl.net.NetService, class com.almasb.fxgl.app.services.UpdaterService, class com.almasb.fxgl.dev.DevService]
07:47:38.531 [FXGL Background Thread 3 ] DEBUG Engine               - fontGame: Abel-Regular.ttf
07:47:38.531 [FXGL Background Thread 3 ] DEBUG Engine               - fontMono: lucida_console.ttf
07:47:38.531 [FXGL Background Thread 3 ] DEBUG Engine               - fontText: Courier-Prime.ttf
07:47:38.531 [FXGL Background Thread 3 ] DEBUG Engine               - fontUI: VarelaRound-Regular.ttf
07:47:38.531 [FXGL Background Thread 3 ] DEBUG Engine               - fullScreen: BooleanProperty [value: false]
07:47:38.531 [FXGL Background Thread 3 ] DEBUG Engine               - gameDifficulty: MEDIUM
07:47:38.531 [FXGL Background Thread 3 ] DEBUG Engine               - gameDifficultyProperty: ObjectProperty [value: MEDIUM]
07:47:38.531 [FXGL Background Thread 3 ] DEBUG Engine               - globalMusicVolume: 0.5
07:47:38.531 [FXGL Background Thread 3 ] DEBUG Engine               - globalMusicVolumeProperty: DoubleProperty [value: 0.5]
07:47:38.532 [FXGL Background Thread 3 ] DEBUG Engine               - globalSoundVolume: 0.5
07:47:38.532 [FXGL Background Thread 3 ] DEBUG Engine               - globalSoundVolumeProperty: DoubleProperty [value: 0.5]
07:47:38.532 [FXGL Background Thread 3 ] DEBUG Engine               - height: 1080
07:47:38.532 [FXGL Background Thread 3 ] DEBUG Engine               - is3D: false
07:47:38.532 [FXGL Background Thread 3 ] DEBUG Engine               - isAndroid: false
07:47:38.532 [FXGL Background Thread 3 ] DEBUG Engine               - isBrowser: false
07:47:38.532 [FXGL Background Thread 3 ] DEBUG Engine               - isClickFeedbackEnabled: false
07:47:38.532 [FXGL Background Thread 3 ] DEBUG Engine               - isCloseConfirmation: true
07:47:38.532 [FXGL Background Thread 3 ] DEBUG Engine               - isDesktop: true
07:47:38.532 [FXGL Background Thread 3 ] DEBUG Engine               - isDeveloperMenuEnabled: false
07:47:38.532 [FXGL Background Thread 3 ] DEBUG Engine               - isEntityPreloadEnabled: true
07:47:38.532 [FXGL Background Thread 3 ] DEBUG Engine               - isExperimentalTiledLargeMap: false
07:47:38.532 [FXGL Background Thread 3 ] DEBUG Engine               - isFileSystemWriteAllowed: true
07:47:38.532 [FXGL Background Thread 3 ] DEBUG Engine               - isFullScreenAllowed: false
07:47:38.533 [FXGL Background Thread 3 ] DEBUG Engine               - isFullScreenFromStart: false
07:47:38.533 [FXGL Background Thread 3 ] DEBUG Engine               - isGameMenuEnabled: false
07:47:38.533 [FXGL Background Thread 3 ] DEBUG Engine               - isIOS: false
07:47:38.533 [FXGL Background Thread 3 ] DEBUG Engine               - isIntroEnabled: false
07:47:38.533 [FXGL Background Thread 3 ] DEBUG Engine               - isLinux: false
07:47:38.533 [FXGL Background Thread 3 ] DEBUG Engine               - isMac: false
07:47:38.533 [FXGL Background Thread 3 ] DEBUG Engine               - isMainMenuEnabled: true
07:47:38.533 [FXGL Background Thread 3 ] DEBUG Engine               - isManualResizeEnabled: false
07:47:38.533 [FXGL Background Thread 3 ] DEBUG Engine               - isMobile: false
07:47:38.533 [FXGL Background Thread 3 ] DEBUG Engine               - isNative: false
07:47:38.533 [FXGL Background Thread 3 ] DEBUG Engine               - isPauseMusicWhenMinimized: true
07:47:38.533 [FXGL Background Thread 3 ] DEBUG Engine               - isPreserveResizeRatio: false
07:47:38.533 [FXGL Background Thread 3 ] DEBUG Engine               - isProfilingEnabled: false
07:47:38.533 [FXGL Background Thread 3 ] DEBUG Engine               - isScaleAffectedOnResize: true
07:47:38.533 [FXGL Background Thread 3 ] DEBUG Engine               - isSingleStep: false
07:47:38.534 [FXGL Background Thread 3 ] DEBUG Engine               - isUserProfileEnabled: false
07:47:38.534 [FXGL Background Thread 3 ] DEBUG Engine               - isWindows: true
07:47:38.534 [FXGL Background Thread 3 ] DEBUG Engine               - language: ObjectProperty [value: ENGLISH]
07:47:38.534 [FXGL Background Thread 3 ] DEBUG Engine               - menuKey: ESCAPE
07:47:38.534 [FXGL Background Thread 3 ] DEBUG Engine               - mouseSensitivity: 0.2
07:47:38.534 [FXGL Background Thread 3 ] DEBUG Engine               - notificationViewClass: class com.almasb.fxgl.notification.view.XboxNotificationView
07:47:38.534 [FXGL Background Thread 3 ] DEBUG Engine               - pixelsPerMeter: 50.0
07:47:38.534 [FXGL Background Thread 3 ] DEBUG Engine               - platform: WINDOWS
07:47:38.534 [FXGL Background Thread 3 ] DEBUG Engine               - prefHeightProperty: ReadOnlyDoubleProperty [value: 1080.0]
07:47:38.535 [FXGL Background Thread 3 ] DEBUG Engine               - prefWidthProperty: ReadOnlyDoubleProperty [value: 1920.0]
07:47:38.535 [FXGL Background Thread 3 ] DEBUG Engine               - profileDir: profiles/
07:47:38.535 [FXGL Background Thread 3 ] DEBUG Engine               - profileName: StringProperty [value: DEFAULT]
07:47:38.535 [FXGL Background Thread 3 ] DEBUG Engine               - randomSeed: -1
07:47:38.535 [FXGL Background Thread 3 ] DEBUG Engine               - runtimeInfo: RuntimeInfo(platform=WINDOWS, version=11.17, build=16.07.2021 15.46)
07:47:38.535 [FXGL Background Thread 3 ] DEBUG Engine               - saveFileExt: sav
07:47:38.535 [FXGL Background Thread 3 ] DEBUG Engine               - scaledHeightProp$fxgl: DoubleProperty [bound, value: 720.0]
07:47:38.535 [FXGL Background Thread 3 ] DEBUG Engine               - scaledWidthProp$fxgl: DoubleProperty [bound, value: 1255.0]
07:47:38.535 [FXGL Background Thread 3 ] DEBUG Engine               - sceneFactory: com.example.demo.Factory.MySceneFactory@4be344f1
07:47:38.536 [FXGL Background Thread 3 ] DEBUG Engine               - secondsIn24h: 60
07:47:38.536 [FXGL Background Thread 3 ] DEBUG Engine               - soundMenuBack: menu/back.wav
07:47:38.536 [FXGL Background Thread 3 ] DEBUG Engine               - soundMenuPress: menu/press.wav
07:47:38.536 [FXGL Background Thread 3 ] DEBUG Engine               - soundMenuSelect: menu/select.wav
07:47:38.536 [FXGL Background Thread 3 ] DEBUG Engine               - soundNotification: core/notification.wav
07:47:38.536 [FXGL Background Thread 3 ] DEBUG Engine               - stageStyle: DECORATED
07:47:38.536 [FXGL Background Thread 3 ] DEBUG Engine               - supportedLanguages: [ENGLISH, FRENCH, GERMAN, HUNGARIAN, RUSSIAN]
07:47:38.536 [FXGL Background Thread 3 ] DEBUG Engine               - ticksPerSecond: -1
07:47:38.536 [FXGL Background Thread 3 ] DEBUG Engine               - title: Stictactics
07:47:38.536 [FXGL Background Thread 3 ] DEBUG Engine               - urlGithub: https://github.com/AlmasB/FXGL
07:47:38.536 [FXGL Background Thread 3 ] DEBUG Engine               - urlLeaderboard: http://fxgl-top.herokuapp.com/
07:47:38.537 [FXGL Background Thread 3 ] DEBUG Engine               - urlPOM: https://raw.githubusercontent.com/AlmasB/FXGL/release/README.md
07:47:38.537 [FXGL Background Thread 3 ] DEBUG Engine               - userAppClass: class com.example.demo.HelloController
07:47:38.537 [FXGL Background Thread 3 ] DEBUG Engine               - version: 0.0
07:47:38.537 [FXGL Background Thread 3 ] DEBUG Engine               - versionCheckDays: 7
07:47:38.537 [FXGL Background Thread 3 ] DEBUG Engine               - width: 1920
07:47:38.537 [FXGL Background Thread 3 ] DEBUG Engine               - Logging services
07:47:38.537 [FXGL Background Thread 3 ] DEBUG Engine               - class com.almasb.fxgl.app.services.FXGLAssetLoaderService
07:47:38.537 [FXGL Background Thread 3 ] DEBUG Engine               - class com.almasb.fxgl.app.FXGLApplication$GameApplicationService
07:47:38.537 [FXGL Background Thread 3 ] DEBUG Engine               - class com.almasb.fxgl.app.services.FXGLDialogService
07:47:38.537 [FXGL Background Thread 3 ] DEBUG Engine               - class com.almasb.fxgl.app.services.IOTaskExecutorService
07:47:38.538 [FXGL Background Thread 3 ] DEBUG Engine               - class com.almasb.fxgl.io.FileSystemService
07:47:38.538 [FXGL Background Thread 3 ] DEBUG Engine               - class com.almasb.fxgl.localization.LocalizationService
07:47:38.538 [FXGL Background Thread 3 ] DEBUG Engine               - class com.almasb.fxgl.app.services.SystemBundleService
07:47:38.538 [FXGL Background Thread 3 ] DEBUG Engine               - class com.almasb.fxgl.profile.SaveLoadService
07:47:38.538 [FXGL Background Thread 3 ] DEBUG Engine               - class com.almasb.fxgl.ui.FXGLUIFactoryServiceProvider
07:47:38.538 [FXGL Background Thread 3 ] DEBUG Engine               - class com.almasb.fxgl.ui.FXGLDialogFactoryServiceProvider
07:47:38.538 [FXGL Background Thread 3 ] DEBUG Engine               - class com.almasb.fxgl.audio.AudioPlayer
07:47:38.538 [FXGL Background Thread 3 ] DEBUG Engine               - class com.almasb.fxgl.notification.impl.NotificationServiceProvider
07:47:38.538 [FXGL Background Thread 3 ] DEBUG Engine               - class com.almasb.fxgl.achievement.AchievementService
07:47:38.541 [FXGL Background Thread 3 ] DEBUG Engine               - class com.almasb.fxgl.cutscene.CutsceneService
07:47:38.541 [FXGL Background Thread 3 ] DEBUG Engine               - class com.almasb.fxgl.minigames.MiniGameService
07:47:38.541 [FXGL Background Thread 3 ] DEBUG Engine               - class com.almasb.fxgl.net.NetService
07:47:38.542 [FXGL Background Thread 3 ] DEBUG Engine               - class com.almasb.fxgl.app.services.UpdaterService
07:47:38.542 [FXGL Background Thread 3 ] DEBUG Engine               - class com.almasb.fxgl.dev.DevService
07:47:40.769 [JavaFX Application Thread] DEBUG PrimaryStageWindow   - Push state: CustomPauseMenu
07:47:40.769 [JavaFX Application Thread] DEBUG Input                - Clearing active input actions
07:47:40.770 [JavaFX Application Thread] DEBUG GameApplicationServi - Removing overlay from GameScene and adding to CustomPauseMenu
07:47:40.770 [JavaFX Application Thread] DEBUG PrimaryStageWindow   - GameScene -> CustomPauseMenu
07:47:43.925 [JavaFX Application Thread] DEBUG Menu                 - fireExitToMainMenu()
07:47:43.935 [JavaFX Application Thread] DEBUG PrimaryStageWindow   - Push state: DialogSubScene
07:47:43.935 [JavaFX Application Thread] DEBUG Input                - Clearing active input actions
07:47:43.936 [JavaFX Application Thread] DEBUG GameApplicationServi - Removing overlay from CustomPauseMenu and adding to DialogSubScene
07:47:43.936 [JavaFX Application Thread] DEBUG PrimaryStageWindow   - CustomPauseMenu -> DialogSubScene
07:47:44.559 [JavaFX Application Thread] DEBUG PrimaryStageWindow   - Pop state: DialogSubScene
07:47:44.559 [JavaFX Application Thread] DEBUG Input                - Clearing active input actions
07:47:44.562 [JavaFX Application Thread] DEBUG GameApplicationServi - Removing overlay from DialogSubScene and adding to CustomPauseMenu
07:47:44.563 [JavaFX Application Thread] DEBUG PrimaryStageWindow   - CustomPauseMenu <- DialogSubScene
07:47:44.563 [JavaFX Application Thread] DEBUG PrimaryStageWindow   - Pop state: CustomPauseMenu
07:47:44.563 [JavaFX Application Thread] DEBUG Input                - Clearing active input actions
07:47:44.563 [JavaFX Application Thread] DEBUG GameApplicationServi - Removing overlay from CustomPauseMenu and adding to GameScene
07:47:44.564 [JavaFX Application Thread] DEBUG PrimaryStageWindow   - GameScene <- CustomPauseMenu
07:47:44.564 [JavaFX Application Thread] DEBUG Input                - Clearing active input actions
07:47:44.571 [JavaFX Application Thread] DEBUG GameApplicationServi - Removing overlay from GameScene and adding to FXGLMainMenuDummyScene
07:47:44.571 [JavaFX Application Thread] DEBUG PrimaryStageWindow   - GameScene -> FXGLMainMenuDummyScene
07:47:44.571 [JavaFX Application Thread] DEBUG PrimaryStageWindow   - Push state: CustomMainMenu
07:47:44.571 [JavaFX Application Thread] DEBUG Input                - Clearing active input actions
07:47:44.578 [JavaFX Application Thread] DEBUG GameApplicationServi - Removing overlay from FXGLMainMenuDummyScene and adding to CustomMainMenu
07:47:44.578 [JavaFX Application Thread] DEBUG PrimaryStageWindow   - FXGLMainMenuDummyScene -> CustomMainMenu
07:47:45.004 [JavaFX Application Thread] DEBUG Menu                 - fireNewGame()
07:47:45.004 [JavaFX Application Thread] DEBUG GameApplicationServi - Starting new game
07:47:45.004 [JavaFX Application Thread] DEBUG PrimaryStageWindow   - Pop state: CustomMainMenu
07:47:45.004 [JavaFX Application Thread] DEBUG Input                - Clearing active input actions
07:47:45.005 [JavaFX Application Thread] DEBUG GameApplicationServi - Removing overlay from CustomMainMenu and adding to FXGLMainMenuDummyScene
07:47:45.005 [JavaFX Application Thread] DEBUG PrimaryStageWindow   - FXGLMainMenuDummyScene <- CustomMainMenu
07:47:45.005 [JavaFX Application Thread] DEBUG Input                - Clearing active input actions
07:47:45.013 [JavaFX Application Thread] DEBUG GameApplicationServi - Removing overlay from FXGLMainMenuDummyScene and adding to FXGLLoadingScene
07:47:45.013 [JavaFX Application Thread] DEBUG PrimaryStageWindow   - FXGLMainMenuDummyScene -> FXGLLoadingScene
07:47:45.013 [JavaFX Application Thread] DEBUG GameApplicationServi - Clearing previous game
07:47:45.013 [JavaFX Application Thread] DEBUG GameScene            - Clearing game scene
07:47:45.013 [JavaFX Application Thread] DEBUG GameWorld            - Clearing game world
07:47:45.016 [JavaFX Application Thread] DEBUG PhysicsWorld         - Clearing physics world
07:47:45.016 [FXGL Background Thread 4 ] DEBUG FXGLApplication      - Initializing game
07:47:45.020 [FXGL Background Thread 4 ] WARN  TMXLevelLoader       - TiledMap generated from 1.11.2. Supported version: 1.2.3. Some features may not be parsed fully.
07:47:45.030 [FXGL Background Thread 4 ] DEBUG TMXLevelLoader       - Parsed TiledMap: file:/C:/Users/zyla/demoGame4OOP/target/classes/assets/levels/tmx/map6.tmx
07:47:45.030 [FXGL Background Thread 4 ] DEBUG TMXLevelLoader       - Creating tile layer entities
07:47:45.030 [FXGL Background Thread 4 ] DEBUG TilesetLoader        - Loading view for layer Tile Layer 1
07:47:45.036 [FXGL Background Thread 4 ] DEBUG TilesetLoader        - Created buffer with size 1920.0x1088.0
07:47:45.145 [FXGL Background Thread 4 ] DEBUG TMXLevelLoader       - Creating object layer entities
07:47:45.147 [FXGL Background Thread 4 ] DEBUG GameWorld            - Clearing removable entities
07:47:45.147 [FXGL Background Thread 4 ] DEBUG GameWorld            - Setting level: com.almasb.fxgl.entity.level.Level@2f80ed80
07:47:45.179 [FXGL Background Thread 4 ] INFO  FXGLApplication      - Game initialization took: 0.163 sec
07:47:45.180 [JavaFX Application Thread] DEBUG Input                - Clearing active input actions
07:47:45.185 [JavaFX Application Thread] DEBUG GameApplicationServi - Removing overlay from FXGLLoadingScene and adding to GameScene
07:47:45.185 [JavaFX Application Thread] DEBUG PrimaryStageWindow   - FXGLLoadingScene -> GameScene
07:47:50.080 [JavaFX Application Thread] DEBUG PrimaryStageWindow   - Push state: CustomPauseMenu
07:47:50.080 [JavaFX Application Thread] DEBUG Input                - Clearing active input actions
07:47:50.082 [JavaFX Application Thread] DEBUG GameApplicationServi - Removing overlay from GameScene and adding to CustomPauseMenu
07:47:50.083 [JavaFX Application Thread] DEBUG PrimaryStageWindow   - GameScene -> CustomPauseMenu
07:47:56.117 [JavaFX Application Thread] DEBUG PrimaryStageWindow   - Push state: DialogSubScene
07:47:56.117 [JavaFX Application Thread] DEBUG Input                - Clearing active input actions
07:47:56.118 [JavaFX Application Thread] DEBUG GameApplicationServi - Removing overlay from CustomPauseMenu and adding to DialogSubScene
07:47:56.119 [JavaFX Application Thread] DEBUG PrimaryStageWindow   - CustomPauseMenu -> DialogSubScene
07:47:56.996 [JavaFX Application Thread] DEBUG PrimaryStageWindow   - Pop state: DialogSubScene
07:47:56.996 [JavaFX Application Thread] DEBUG Input                - Clearing active input actions
07:47:56.996 [JavaFX Application Thread] DEBUG GameApplicationServi - Removing overlay from DialogSubScene and adding to CustomPauseMenu
07:47:56.996 [JavaFX Application Thread] DEBUG PrimaryStageWindow   - CustomPauseMenu <- DialogSubScene
07:47:56.996 [JavaFX Application Thread] DEBUG FXGLApplication      - Exiting FXGL
07:47:56.996 [JavaFX Application Thread] DEBUG LoopRunner           - Stopping loop
07:47:56.996 [JavaFX Application Thread] DEBUG SystemBundleService  - Saving FXGL system data
07:47:56.997 [JavaFX Application Thread] DEBUG FileSystemAccess     - Writing to: C:\Users\zyla\demoGame4OOP\system\fxgl.bundle
07:47:56.998 [JavaFX Application Thread] DEBUG Async                - Shutting down background threads
07:47:56.998 [JavaFX Application Thread] DEBUG PrimaryStageWindow   - Closing main window
07:47:57.019 [JavaFX Application Thread] DEBUG Logger               - Closing Logger
