09:42:18.527 [main                     ] DEBUG Logger               - Configured Logger
09:42:18.530 [main                     ] DEBUG GameApplication      - Logging settings
Title: Stictactics
Version: 0.0
Width: 1920
Height: 1080
Fullscreen: false
Intro: true
Profiling: false
Single step:false
App Mode: DEVELOPER
Menu Key: ESCAPE
Stage Style: DECORATED
Scene Factory: class com.example.demo.MySceneFactory

09:42:18.915 [JavaFX Application Thread] DEBUG FXGLApplication      - Initializing FXGL
09:42:18.916 [JavaFX Application Thread] INFO  Engine               - FXGL-11.17 (16.07.2021 15.46) on WINDOWS (J:23.0.2 FX:17.0.6)
09:42:18.917 [JavaFX Application Thread] DEBUG Engine               - JRE Vendor Name: Oracle Corporation
09:42:18.917 [JavaFX Application Thread] DEBUG Engine               - Running on OS: Windows 11 version 10.0
09:42:18.917 [JavaFX Application Thread] DEBUG Engine               - Architecture: amd64
09:42:18.917 [JavaFX Application Thread] INFO  Engine               - Source code and latest versions at: https://github.com/AlmasB/FXGL
09:42:18.917 [JavaFX Application Thread] INFO  Engine               -              Join the FXGL chat at: https://gitter.im/AlmasB/FXGL
09:42:19.025 [JavaFX Application Thread] DEBUG PrimaryStageWindow   - Creating a JavaFX scene
09:42:19.025 [JavaFX Application Thread] DEBUG PrimaryStageWindow   - Target size > screen size
09:42:19.082 [JavaFX Application Thread] DEBUG PrimaryStageWindow   - Target settings size: 1920.0 x 1080.0
09:42:19.082 [JavaFX Application Thread] DEBUG PrimaryStageWindow   - Scaled scene size:    1255.0 x 720.0
09:42:19.083 [JavaFX Application Thread] DEBUG PrimaryStageWindow   - Scaled ratio: (0.6536458333333334, 0.6666666666666666)
09:42:19.083 [JavaFX Application Thread] DEBUG PrimaryStageWindow   - Set initial scene to FXGLStartupScene
09:42:19.093 [JavaFX Application Thread] DEBUG PrimaryStageWindow   - Opening main window
09:42:19.222 [JavaFX Application Thread] DEBUG PrimaryStageWindow   - Window border size: (16.0, 39.0)
09:42:19.223 [JavaFX Application Thread] DEBUG PrimaryStageWindow   - Scaled size: 1255.0 x 720.0
09:42:19.223 [JavaFX Application Thread] DEBUG PrimaryStageWindow   - Scaled ratio: (0.6536458333333334, 0.6666666666666666)
09:42:19.223 [JavaFX Application Thread] DEBUG PrimaryStageWindow   - Scene size: 1255.0 x 720.0
09:42:19.223 [JavaFX Application Thread] DEBUG PrimaryStageWindow   - Stage size: 1271.0 x 759.0
09:42:19.249 [FXGL Background Thread 1 ] DEBUG Engine               - Initializing environment variables
09:42:19.387 [FXGL Background Thread 1 ] DEBUG FXGLAssetLoaderServi - User app class for loading assets: class com.example.demo.HelloApplication
09:42:19.387 [FXGL Background Thread 1 ] DEBUG GameApplicationServi - Applying CSS: fxgl_dark.css
09:42:19.388 [FXGL Background Thread 1 ] DEBUG FXGLAssetLoaderServi - Loading from file system: jar:file:///C:/Users/zyla/.m2/repository/com/github/almasb/fxgl/11.17/fxgl-11.17.jar!/fxglassets/ui/css/fxgl_dark.css
09:42:19.457 [FXGL Background Thread 1 ] DEBUG GameApplicationServi - Initializing application scenes
09:42:19.610 [FXGL Background Thread 1 ] DEBUG GameWorld            - Game world initialized
09:42:19.690 [FXGL Background Thread 1 ] DEBUG PhysicsWorld         - Physics world initialized: appHeight=1080, physics.ppm=50.0
09:42:19.690 [FXGL Background Thread 1 ] DEBUG PhysicsWorld         - Using strategy: BRUTE_FORCE
09:42:19.693 [FXGL Background Thread 1 ] DEBUG GameScene            - Game scene initialized: 1920x1080
09:42:19.871 [FXGL Background Thread 1 ] DEBUG GameApplicationServi - Application scenes initialized
09:42:19.887 [FXGL Background Thread 1 ] DEBUG SystemBundleService  - Loading FXGL system data
09:42:19.893 [FXGL Background Thread 1 ] DEBUG FileSystemAccess     - Reading from: C:\Users\zyla\demoGame4OOP\system\fxgl.bundle
09:42:19.904 [FXGL Background Thread 1 ] DEBUG SystemBundleService  - Bundle FXGL: {}
09:42:19.905 [FXGL Background Thread 1 ] DEBUG UpdaterService       - Checking for updates
09:42:19.931 [FXGL Background Thread 1 ] DEBUG FXGLApplication      - Loading default localization
09:42:19.931 [FXGL Background Thread 1 ] DEBUG FXGLAssetLoaderServi - Loading from file system: jar:file:///C:/Users/zyla/.m2/repository/com/github/almasb/fxgl/11.17/fxgl-11.17.jar!/fxglassets/languages/english.lang
09:42:19.947 [FXGL Background Thread 1 ] INFO  FXGLApplication      - FXGL initialization took: 0.699 sec
09:42:19.966 [JavaFX Application Thread] DEBUG Input                - Registered new binding: P1Left - A
09:42:19.968 [JavaFX Application Thread] DEBUG Input                - Registered new binding: P1Right - D
09:42:19.968 [JavaFX Application Thread] DEBUG Input                - Registered new binding: P1Jump - W
09:42:19.968 [JavaFX Application Thread] DEBUG Input                - Registered new binding: P1Punch - F
09:42:19.968 [JavaFX Application Thread] DEBUG Input                - Registered new binding: P2Left - J
09:42:19.969 [JavaFX Application Thread] DEBUG Input                - Registered new binding: P2Right - L
09:42:19.969 [JavaFX Application Thread] DEBUG Input                - Registered new binding: P2Jump - I
09:42:19.969 [JavaFX Application Thread] DEBUG Input                - Registered new binding: P2Punch - H
09:42:19.974 [JavaFX Application Thread] WARN  FXGLAssetLoaderServi - Asset "/assets/textures//assets/textures/background-intro.mp4" was not found!
09:42:19.974 [JavaFX Application Thread] WARN  FXGLAssetLoaderServi - Failed to load IMAGE
09:42:19.974 [FXGL Background Thread 4 ] DEBUG FXGLApplication      - Loading fonts
09:42:19.975 [FXGL Background Thread 4 ] DEBUG FXGLAssetLoaderServi - Loading from file system: jar:file:///C:/Users/zyla/.m2/repository/com/github/almasb/fxgl/11.17/fxgl-11.17.jar!/fxglassets/ui/fonts/VarelaRound-Regular.ttf
09:42:20.166 [JavaFX Application Thread] DEBUG FXGLAssetLoaderServi - Loading from file system: jar:file:///C:/Users/zyla/.m2/repository/com/github/almasb/fxgl/11.17/fxgl-11.17.jar!/fxglassets/textures/fxgl_icon.png
09:42:20.230 [JavaFX Application Thread] DEBUG FXGLAssetLoaderServi - Loading from file system: jar:file:///C:/Users/zyla/.m2/repository/com/github/almasb/fxgl/11.17/fxgl-11.17.jar!/fxglassets/textures/fxgl_default_cursor.png
09:42:20.240 [JavaFX Application Thread] DEBUG Input                - Registered new binding: Screenshot - CTRL+8
09:42:20.243 [JavaFX Application Thread] DEBUG Input                - Registered new binding: System info dump - CTRL+9
09:42:20.246 [JavaFX Application Thread] DEBUG Input                - Registered new binding: Restart - CTRL+R
09:42:20.247 [JavaFX Application Thread] DEBUG Input                - Registered new binding: Toggle Debug Camera - CTRL+C
09:42:20.268 [JavaFX Application Thread] DEBUG LoopRunner           - Starting loop
09:42:20.268 [JavaFX Application Thread] DEBUG LoopRunner           - Initializing JavaFX AnimationTimerLoop
09:42:20.279 [JavaFX Application Thread] DEBUG Input                - Clearing active input actions
09:42:20.302 [FXGL Background Thread 4 ] DEBUG FXGLAssetLoaderServi - Loading from file system: jar:file:///C:/Users/zyla/.m2/repository/com/github/almasb/fxgl/11.17/fxgl-11.17.jar!/fxglassets/ui/fonts/Abel-Regular.ttf
09:42:20.310 [JavaFX Application Thread] DEBUG GameApplicationServi - Removing overlay from FXGLStartupScene and adding to CustomIntro
09:42:20.311 [JavaFX Application Thread] DEBUG PrimaryStageWindow   - FXGLStartupScene -> CustomIntro
09:42:20.333 [FXGL Background Thread 4 ] DEBUG FXGLAssetLoaderServi - Loading from file system: jar:file:///C:/Users/zyla/.m2/repository/com/github/almasb/fxgl/11.17/fxgl-11.17.jar!/fxglassets/ui/fonts/lucida_console.ttf
09:42:20.356 [FXGL Background Thread 4 ] DEBUG FXGLAssetLoaderServi - Loading from file system: jar:file:///C:/Users/zyla/.m2/repository/com/github/almasb/fxgl/11.17/fxgl-11.17.jar!/fxglassets/ui/fonts/Courier-Prime.ttf
09:42:20.492 [JavaFX Application Thread] DEBUG FXGLApplication      - Registering font factories with UI factory
09:42:21.336 [FXGL Background Thread 2 ] INFO  UpdaterService       - Your current version:  11.17
09:42:21.336 [FXGL Background Thread 2 ] INFO  UpdaterService       - Latest stable version: 21.1
09:42:22.924 [FXGL Background Thread 3 ] DEBUG Engine               - Logging environment variables
09:42:22.924 [FXGL Background Thread 3 ] DEBUG Engine               - achievements: []
09:42:22.924 [FXGL Background Thread 3 ] DEBUG Engine               - actualHeight: 720.0
09:42:22.924 [FXGL Background Thread 3 ] DEBUG Engine               - actualHeightProperty: ReadOnlyDoubleProperty [value: 720.0]
09:42:22.924 [FXGL Background Thread 3 ] DEBUG Engine               - actualWidth: 1255.0
09:42:22.924 [FXGL Background Thread 3 ] DEBUG Engine               - actualWidthProperty: ReadOnlyDoubleProperty [value: 1255.0]
09:42:22.924 [FXGL Background Thread 3 ] DEBUG Engine               - appIcon: fxgl_icon.png
09:42:22.924 [FXGL Background Thread 3 ] DEBUG Engine               - applicationMode: DEVELOPER
09:42:22.924 [FXGL Background Thread 3 ] DEBUG Engine               - cSSList: [fxgl_dark.css]
09:42:22.924 [FXGL Background Thread 3 ] DEBUG Engine               - collisionDetectionStrategy: BRUTE_FORCE
09:42:22.924 [FXGL Background Thread 3 ] DEBUG Engine               - configClass: Optional.empty
09:42:22.925 [FXGL Background Thread 3 ] DEBUG Engine               - credits: []
09:42:22.925 [FXGL Background Thread 3 ] DEBUG Engine               - defaultCursor: CursorInfo(imageName=fxgl_default_cursor.png, hotspotX=7.0, hotspotY=6.0)
09:42:22.926 [FXGL Background Thread 3 ] DEBUG Engine               - devBBoxColorProperty: ObjectProperty [value: 0xff0000ff]
09:42:22.926 [FXGL Background Thread 3 ] DEBUG Engine               - devEnableDebugCameraProperty: BooleanProperty [value: false]
09:42:22.926 [FXGL Background Thread 3 ] DEBUG Engine               - devSensorColorProperty: ObjectProperty [value: 0xffff00ff]
09:42:22.926 [FXGL Background Thread 3 ] DEBUG Engine               - devShowBBoxProperty: BooleanProperty [value: false]
09:42:22.926 [FXGL Background Thread 3 ] DEBUG Engine               - devShowPositionProperty: BooleanProperty [value: false]
09:42:22.926 [FXGL Background Thread 3 ] DEBUG Engine               - enabledMenuItems: []
09:42:22.926 [FXGL Background Thread 3 ] DEBUG Engine               - engineServices: [class com.almasb.fxgl.app.services.FXGLAssetLoaderService, class com.almasb.fxgl.app.FXGLApplication$GameApplicationService, class com.almasb.fxgl.app.services.FXGLDialogService, class com.almasb.fxgl.app.services.IOTaskExecutorService, class com.almasb.fxgl.io.FileSystemService, class com.almasb.fxgl.localization.LocalizationService, class com.almasb.fxgl.app.services.SystemBundleService, class com.almasb.fxgl.profile.SaveLoadService, class com.almasb.fxgl.ui.FXGLUIFactoryServiceProvider, class com.almasb.fxgl.ui.FXGLDialogFactoryServiceProvider, class com.almasb.fxgl.audio.AudioPlayer, class com.almasb.fxgl.notification.impl.NotificationServiceProvider, class com.almasb.fxgl.achievement.AchievementService, class com.almasb.fxgl.cutscene.CutsceneService, class com.almasb.fxgl.minigames.MiniGameService, class com.almasb.fxgl.net.NetService, class com.almasb.fxgl.app.services.UpdaterService, class com.almasb.fxgl.dev.DevService]
09:42:22.926 [FXGL Background Thread 3 ] DEBUG Engine               - fontGame: Abel-Regular.ttf
09:42:22.926 [FXGL Background Thread 3 ] DEBUG Engine               - fontMono: lucida_console.ttf
09:42:22.926 [FXGL Background Thread 3 ] DEBUG Engine               - fontText: Courier-Prime.ttf
09:42:22.927 [FXGL Background Thread 3 ] DEBUG Engine               - fontUI: VarelaRound-Regular.ttf
09:42:22.927 [FXGL Background Thread 3 ] DEBUG Engine               - fullScreen: BooleanProperty [value: false]
09:42:22.927 [FXGL Background Thread 3 ] DEBUG Engine               - gameDifficulty: MEDIUM
09:42:22.927 [FXGL Background Thread 3 ] DEBUG Engine               - gameDifficultyProperty: ObjectProperty [value: MEDIUM]
09:42:22.927 [FXGL Background Thread 3 ] DEBUG Engine               - globalMusicVolume: 0.5
09:42:22.927 [FXGL Background Thread 3 ] DEBUG Engine               - globalMusicVolumeProperty: DoubleProperty [value: 0.5]
09:42:22.927 [FXGL Background Thread 3 ] DEBUG Engine               - globalSoundVolume: 0.5
09:42:22.927 [FXGL Background Thread 3 ] DEBUG Engine               - globalSoundVolumeProperty: DoubleProperty [value: 0.5]
09:42:22.927 [FXGL Background Thread 3 ] DEBUG Engine               - height: 1080
09:42:22.927 [FXGL Background Thread 3 ] DEBUG Engine               - is3D: false
09:42:22.927 [FXGL Background Thread 3 ] DEBUG Engine               - isAndroid: false
09:42:22.927 [FXGL Background Thread 3 ] DEBUG Engine               - isBrowser: false
09:42:22.927 [FXGL Background Thread 3 ] DEBUG Engine               - isClickFeedbackEnabled: false
09:42:22.927 [FXGL Background Thread 3 ] DEBUG Engine               - isCloseConfirmation: true
09:42:22.928 [FXGL Background Thread 3 ] DEBUG Engine               - isDesktop: true
09:42:22.928 [FXGL Background Thread 3 ] DEBUG Engine               - isDeveloperMenuEnabled: false
09:42:22.928 [FXGL Background Thread 3 ] DEBUG Engine               - isEntityPreloadEnabled: true
09:42:22.928 [FXGL Background Thread 3 ] DEBUG Engine               - isExperimentalTiledLargeMap: false
09:42:22.928 [FXGL Background Thread 3 ] DEBUG Engine               - isFileSystemWriteAllowed: true
09:42:22.928 [FXGL Background Thread 3 ] DEBUG Engine               - isFullScreenAllowed: false
09:42:22.928 [FXGL Background Thread 3 ] DEBUG Engine               - isFullScreenFromStart: false
09:42:22.928 [FXGL Background Thread 3 ] DEBUG Engine               - isGameMenuEnabled: false
09:42:22.928 [FXGL Background Thread 3 ] DEBUG Engine               - isIOS: false
09:42:22.928 [FXGL Background Thread 3 ] DEBUG Engine               - isIntroEnabled: true
09:42:22.928 [FXGL Background Thread 3 ] DEBUG Engine               - isLinux: false
09:42:22.928 [FXGL Background Thread 3 ] DEBUG Engine               - isMac: false
09:42:22.928 [FXGL Background Thread 3 ] DEBUG Engine               - isMainMenuEnabled: true
09:42:22.928 [FXGL Background Thread 3 ] DEBUG Engine               - isManualResizeEnabled: false
09:42:22.928 [FXGL Background Thread 3 ] DEBUG Engine               - isMobile: false
09:42:22.928 [FXGL Background Thread 3 ] DEBUG Engine               - isNative: false
09:42:22.928 [FXGL Background Thread 3 ] DEBUG Engine               - isPauseMusicWhenMinimized: true
09:42:22.929 [FXGL Background Thread 3 ] DEBUG Engine               - isPreserveResizeRatio: false
09:42:22.929 [FXGL Background Thread 3 ] DEBUG Engine               - isProfilingEnabled: false
09:42:22.929 [FXGL Background Thread 3 ] DEBUG Engine               - isScaleAffectedOnResize: true
09:42:22.929 [FXGL Background Thread 3 ] DEBUG Engine               - isSingleStep: false
09:42:22.929 [FXGL Background Thread 3 ] DEBUG Engine               - isUserProfileEnabled: false
09:42:22.929 [FXGL Background Thread 3 ] DEBUG Engine               - isWindows: true
09:42:22.929 [FXGL Background Thread 3 ] DEBUG Engine               - language: ObjectProperty [value: ENGLISH]
09:42:22.929 [FXGL Background Thread 3 ] DEBUG Engine               - menuKey: ESCAPE
09:42:22.929 [FXGL Background Thread 3 ] DEBUG Engine               - mouseSensitivity: 0.2
09:42:22.929 [FXGL Background Thread 3 ] DEBUG Engine               - notificationViewClass: class com.almasb.fxgl.notification.view.XboxNotificationView
09:42:22.929 [FXGL Background Thread 3 ] DEBUG Engine               - pixelsPerMeter: 50.0
09:42:22.929 [FXGL Background Thread 3 ] DEBUG Engine               - platform: WINDOWS
09:42:22.929 [FXGL Background Thread 3 ] DEBUG Engine               - prefHeightProperty: ReadOnlyDoubleProperty [value: 1080.0]
09:42:22.929 [FXGL Background Thread 3 ] DEBUG Engine               - prefWidthProperty: ReadOnlyDoubleProperty [value: 1920.0]
09:42:22.930 [FXGL Background Thread 3 ] DEBUG Engine               - profileDir: profiles/
09:42:22.930 [FXGL Background Thread 3 ] DEBUG Engine               - profileName: StringProperty [value: DEFAULT]
09:42:22.930 [FXGL Background Thread 3 ] DEBUG Engine               - randomSeed: -1
09:42:22.930 [FXGL Background Thread 3 ] DEBUG Engine               - runtimeInfo: RuntimeInfo(platform=WINDOWS, version=11.17, build=16.07.2021 15.46)
09:42:22.930 [FXGL Background Thread 3 ] DEBUG Engine               - saveFileExt: sav
09:42:22.930 [FXGL Background Thread 3 ] DEBUG Engine               - scaledHeightProp$fxgl: DoubleProperty [bound, value: 720.0]
09:42:22.930 [FXGL Background Thread 3 ] DEBUG Engine               - scaledWidthProp$fxgl: DoubleProperty [bound, value: 1255.0]
09:42:22.930 [FXGL Background Thread 3 ] DEBUG Engine               - sceneFactory: com.example.demo.MySceneFactory@77fb5a86
09:42:22.930 [FXGL Background Thread 3 ] DEBUG Engine               - secondsIn24h: 60
09:42:22.930 [FXGL Background Thread 3 ] DEBUG Engine               - soundMenuBack: menu/back.wav
09:42:22.930 [FXGL Background Thread 3 ] DEBUG Engine               - soundMenuPress: menu/press.wav
09:42:22.930 [FXGL Background Thread 3 ] DEBUG Engine               - soundMenuSelect: menu/select.wav
09:42:22.930 [FXGL Background Thread 3 ] DEBUG Engine               - soundNotification: core/notification.wav
09:42:22.930 [FXGL Background Thread 3 ] DEBUG Engine               - stageStyle: DECORATED
09:42:22.930 [FXGL Background Thread 3 ] DEBUG Engine               - supportedLanguages: [ENGLISH, FRENCH, GERMAN, HUNGARIAN, RUSSIAN]
09:42:22.930 [FXGL Background Thread 3 ] DEBUG Engine               - ticksPerSecond: -1
09:42:22.930 [FXGL Background Thread 3 ] DEBUG Engine               - title: Stictactics
09:42:22.930 [FXGL Background Thread 3 ] DEBUG Engine               - urlGithub: https://github.com/AlmasB/FXGL
09:42:22.930 [FXGL Background Thread 3 ] DEBUG Engine               - urlLeaderboard: http://fxgl-top.herokuapp.com/
09:42:22.930 [FXGL Background Thread 3 ] DEBUG Engine               - urlPOM: https://raw.githubusercontent.com/AlmasB/FXGL/release/README.md
09:42:22.930 [FXGL Background Thread 3 ] DEBUG Engine               - userAppClass: class com.example.demo.HelloApplication
09:42:22.931 [FXGL Background Thread 3 ] DEBUG Engine               - version: 0.0
09:42:22.931 [FXGL Background Thread 3 ] DEBUG Engine               - versionCheckDays: 7
09:42:22.931 [FXGL Background Thread 3 ] DEBUG Engine               - width: 1920
09:42:22.931 [FXGL Background Thread 3 ] DEBUG Engine               - Logging services
09:42:22.931 [FXGL Background Thread 3 ] DEBUG Engine               - class com.almasb.fxgl.app.services.FXGLAssetLoaderService
09:42:22.931 [FXGL Background Thread 3 ] DEBUG Engine               - class com.almasb.fxgl.app.FXGLApplication$GameApplicationService
09:42:22.931 [FXGL Background Thread 3 ] DEBUG Engine               - class com.almasb.fxgl.app.services.FXGLDialogService
09:42:22.931 [FXGL Background Thread 3 ] DEBUG Engine               - class com.almasb.fxgl.app.services.IOTaskExecutorService
09:42:22.931 [FXGL Background Thread 3 ] DEBUG Engine               - class com.almasb.fxgl.io.FileSystemService
09:42:22.931 [FXGL Background Thread 3 ] DEBUG Engine               - class com.almasb.fxgl.localization.LocalizationService
09:42:22.931 [FXGL Background Thread 3 ] DEBUG Engine               - class com.almasb.fxgl.app.services.SystemBundleService
09:42:22.931 [FXGL Background Thread 3 ] DEBUG Engine               - class com.almasb.fxgl.profile.SaveLoadService
09:42:22.931 [FXGL Background Thread 3 ] DEBUG Engine               - class com.almasb.fxgl.ui.FXGLUIFactoryServiceProvider
09:42:22.931 [FXGL Background Thread 3 ] DEBUG Engine               - class com.almasb.fxgl.ui.FXGLDialogFactoryServiceProvider
09:42:22.931 [FXGL Background Thread 3 ] DEBUG Engine               - class com.almasb.fxgl.audio.AudioPlayer
09:42:22.931 [FXGL Background Thread 3 ] DEBUG Engine               - class com.almasb.fxgl.notification.impl.NotificationServiceProvider
09:42:22.931 [FXGL Background Thread 3 ] DEBUG Engine               - class com.almasb.fxgl.achievement.AchievementService
09:42:22.931 [FXGL Background Thread 3 ] DEBUG Engine               - class com.almasb.fxgl.cutscene.CutsceneService
09:42:22.931 [FXGL Background Thread 3 ] DEBUG Engine               - class com.almasb.fxgl.minigames.MiniGameService
09:42:22.931 [FXGL Background Thread 3 ] DEBUG Engine               - class com.almasb.fxgl.net.NetService
09:42:22.931 [FXGL Background Thread 3 ] DEBUG Engine               - class com.almasb.fxgl.app.services.UpdaterService
09:42:22.931 [FXGL Background Thread 3 ] DEBUG Engine               - class com.almasb.fxgl.dev.DevService
09:42:23.451 [JavaFX Application Thread] DEBUG Input                - Clearing active input actions
09:42:23.458 [JavaFX Application Thread] DEBUG GameApplicationServi - Removing overlay from CustomIntro and adding to FXGLMainMenuDummyScene
09:42:23.459 [JavaFX Application Thread] DEBUG PrimaryStageWindow   - CustomIntro -> FXGLMainMenuDummyScene
09:42:23.459 [JavaFX Application Thread] DEBUG PrimaryStageWindow   - Push state: CustomMainMenu
09:42:23.459 [JavaFX Application Thread] DEBUG Input                - Clearing active input actions
09:42:23.465 [JavaFX Application Thread] DEBUG GameApplicationServi - Removing overlay from FXGLMainMenuDummyScene and adding to CustomMainMenu
09:42:23.465 [JavaFX Application Thread] DEBUG PrimaryStageWindow   - FXGLMainMenuDummyScene -> CustomMainMenu
09:42:26.809 [JavaFX Application Thread] DEBUG PrimaryStageWindow   - Push state: DialogSubScene
09:42:26.809 [JavaFX Application Thread] DEBUG Input                - Clearing active input actions
09:42:26.810 [JavaFX Application Thread] DEBUG GameApplicationServi - Removing overlay from CustomMainMenu and adding to DialogSubScene
09:42:26.810 [JavaFX Application Thread] DEBUG PrimaryStageWindow   - CustomMainMenu -> DialogSubScene
09:42:27.660 [JavaFX Application Thread] DEBUG PrimaryStageWindow   - Pop state: DialogSubScene
09:42:27.660 [JavaFX Application Thread] DEBUG Input                - Clearing active input actions
09:42:27.661 [JavaFX Application Thread] DEBUG GameApplicationServi - Removing overlay from DialogSubScene and adding to CustomMainMenu
09:42:27.661 [JavaFX Application Thread] DEBUG PrimaryStageWindow   - CustomMainMenu <- DialogSubScene
09:42:27.661 [JavaFX Application Thread] DEBUG FXGLApplication      - Exiting FXGL
09:42:27.661 [JavaFX Application Thread] DEBUG LoopRunner           - Stopping loop
09:42:27.662 [JavaFX Application Thread] DEBUG SystemBundleService  - Saving FXGL system data
09:42:27.663 [JavaFX Application Thread] DEBUG FileSystemAccess     - Writing to: C:\Users\zyla\demoGame4OOP\system\fxgl.bundle
09:42:27.667 [JavaFX Application Thread] DEBUG Async                - Shutting down background threads
09:42:27.667 [JavaFX Application Thread] DEBUG PrimaryStageWindow   - Closing main window
09:42:27.720 [JavaFX Application Thread] DEBUG Logger               - Closing Logger
