19:01:18.700 [main                     ] DEBUG Logger               - Configured Logger
19:01:18.702 [main                     ] DEBUG GameApplication      - Logging settings
Title: Stictactics
Version: 0.0
Width: 1920
Height: 1080
Fullscreen: false
Intro: false
Profiling: false
Single step:false
App Mode: DEVELOPER
Menu Key: ESCAPE
Stage Style: DECORATED
Scene Factory: class com.example.demo.MySceneFactory

19:01:19.096 [JavaFX Application Thread] DEBUG FXGLApplication      - Initializing FXGL
19:01:19.097 [JavaFX Application Thread] INFO  Engine               - FXGL-11.17 (16.07.2021 15.46) on WINDOWS (J:23.0.2 FX:17.0.6)
19:01:19.098 [JavaFX Application Thread] DEBUG Engine               - JRE Vendor Name: Amazon.com Inc.
19:01:19.098 [JavaFX Application Thread] DEBUG Engine               - Running on OS: Windows 11 version 10.0
19:01:19.098 [JavaFX Application Thread] DEBUG Engine               - Architecture: amd64
19:01:19.098 [JavaFX Application Thread] INFO  Engine               - Source code and latest versions at: https://github.com/AlmasB/FXGL
19:01:19.098 [JavaFX Application Thread] INFO  Engine               -              Join the FXGL chat at: https://gitter.im/AlmasB/FXGL
19:01:19.200 [JavaFX Application Thread] DEBUG PrimaryStageWindow   - Creating a JavaFX scene
19:01:19.201 [JavaFX Application Thread] DEBUG PrimaryStageWindow   - Target size > screen size
19:01:19.248 [JavaFX Application Thread] DEBUG PrimaryStageWindow   - Target settings size: 1920.0 x 1080.0
19:01:19.248 [JavaFX Application Thread] DEBUG PrimaryStageWindow   - Scaled scene size:    1255.0 x 720.0
19:01:19.248 [JavaFX Application Thread] DEBUG PrimaryStageWindow   - Scaled ratio: (0.6536458333333334, 0.6666666666666666)
19:01:19.249 [JavaFX Application Thread] DEBUG PrimaryStageWindow   - Set initial scene to FXGLStartupScene
19:01:19.257 [JavaFX Application Thread] DEBUG PrimaryStageWindow   - Opening main window
19:01:19.359 [JavaFX Application Thread] DEBUG PrimaryStageWindow   - Window border size: (16.0, 39.0)
19:01:19.360 [JavaFX Application Thread] DEBUG PrimaryStageWindow   - Scaled size: 1255.0 x 720.0
19:01:19.360 [JavaFX Application Thread] DEBUG PrimaryStageWindow   - Scaled ratio: (0.6536458333333334, 0.6666666666666666)
19:01:19.360 [JavaFX Application Thread] DEBUG PrimaryStageWindow   - Scene size: 1255.0 x 720.0
19:01:19.360 [JavaFX Application Thread] DEBUG PrimaryStageWindow   - Stage size: 1271.0 x 759.0
19:01:19.374 [FXGL Background Thread 1 ] DEBUG Engine               - Initializing environment variables
19:01:19.510 [FXGL Background Thread 1 ] DEBUG FXGLAssetLoaderServi - User app class for loading assets: class com.example.demo.HelloController
19:01:19.510 [FXGL Background Thread 1 ] DEBUG GameApplicationServi - Applying CSS: fxgl_dark.css
19:01:19.511 [FXGL Background Thread 1 ] DEBUG FXGLAssetLoaderServi - Loading from file system: jar:file:///C:/Users/zyla/.m2/repository/com/github/almasb/fxgl/11.17/fxgl-11.17.jar!/fxglassets/ui/css/fxgl_dark.css
19:01:19.572 [FXGL Background Thread 1 ] DEBUG GameApplicationServi - Initializing application scenes
19:01:19.687 [FXGL Background Thread 1 ] DEBUG GameWorld            - Game world initialized
19:01:19.765 [FXGL Background Thread 1 ] DEBUG PhysicsWorld         - Physics world initialized: appHeight=1080, physics.ppm=50.0
19:01:19.766 [FXGL Background Thread 1 ] DEBUG PhysicsWorld         - Using strategy: BRUTE_FORCE
19:01:19.770 [FXGL Background Thread 1 ] DEBUG GameScene            - Game scene initialized: 1920x1080
19:01:19.947 [FXGL Background Thread 1 ] DEBUG GameApplicationServi - Application scenes initialized
19:01:19.960 [FXGL Background Thread 1 ] DEBUG SystemBundleService  - Loading FXGL system data
19:01:19.965 [FXGL Background Thread 1 ] DEBUG FileSystemAccess     - Reading from: C:\Users\zyla\demoGame4OOP\system\fxgl.bundle
19:01:19.976 [FXGL Background Thread 1 ] DEBUG SystemBundleService  - Bundle FXGL: {}
19:01:19.976 [FXGL Background Thread 1 ] DEBUG UpdaterService       - Checking for updates
19:01:19.985 [FXGL Background Thread 1 ] DEBUG FXGLApplication      - Loading default localization
19:01:19.986 [FXGL Background Thread 1 ] DEBUG FXGLAssetLoaderServi - Loading from file system: jar:file:///C:/Users/zyla/.m2/repository/com/github/almasb/fxgl/11.17/fxgl-11.17.jar!/fxglassets/languages/english.lang
19:01:20.031 [FXGL Background Thread 1 ] INFO  FXGLApplication      - FXGL initialization took: 0.656 sec
19:01:20.049 [JavaFX Application Thread] DEBUG Input                - Registered new binding: Pause Game - Esc
19:01:20.049 [JavaFX Application Thread] DEBUG Input                - Registered new binding: P1Left - A
19:01:20.049 [JavaFX Application Thread] DEBUG Input                - Registered new binding: P1Right - D
19:01:20.049 [JavaFX Application Thread] DEBUG Input                - Registered new binding: P1Jump - W
19:01:20.050 [JavaFX Application Thread] DEBUG Input                - Registered new binding: P1Punch - F
19:01:20.050 [JavaFX Application Thread] DEBUG Input                - Registered new binding: P1EnhancedPunch - E
19:01:20.050 [JavaFX Application Thread] DEBUG Input                - Registered new binding: P1Ult - Q
19:01:20.050 [JavaFX Application Thread] DEBUG Input                - Registered new binding: P2Left - Left
19:01:20.050 [JavaFX Application Thread] DEBUG Input                - Registered new binding: P2Right - Right
19:01:20.051 [JavaFX Application Thread] DEBUG Input                - Registered new binding: P2Jump - Up
19:01:20.052 [JavaFX Application Thread] DEBUG Input                - Registered new binding: P2Punch - H
19:01:20.052 [JavaFX Application Thread] DEBUG Input                - Registered new binding: P2EnhancedPunch - U
19:01:20.053 [JavaFX Application Thread] DEBUG Input                - Registered new binding: P2Ult - O
19:01:20.066 [JavaFX Application Thread] WARN  FXGLAssetLoaderServi - Asset "/assets/textures//assets/textures/background-intro.mp4" was not found!
19:01:20.068 [JavaFX Application Thread] WARN  FXGLAssetLoaderServi - Failed to load IMAGE
19:01:20.093 [FXGL Background Thread 4 ] DEBUG FXGLApplication      - Loading fonts
19:01:20.094 [FXGL Background Thread 4 ] DEBUG FXGLAssetLoaderServi - Loading from file system: jar:file:///C:/Users/zyla/.m2/repository/com/github/almasb/fxgl/11.17/fxgl-11.17.jar!/fxglassets/ui/fonts/VarelaRound-Regular.ttf
19:01:20.122 [JavaFX Application Thread] DEBUG FXGLAssetLoaderServi - Loading from file system: jar:file:///C:/Users/zyla/.m2/repository/com/github/almasb/fxgl/11.17/fxgl-11.17.jar!/fxglassets/textures/fxgl_icon.png
19:01:20.202 [JavaFX Application Thread] DEBUG FXGLAssetLoaderServi - Loading from file system: jar:file:///C:/Users/zyla/.m2/repository/com/github/almasb/fxgl/11.17/fxgl-11.17.jar!/fxglassets/textures/fxgl_default_cursor.png
19:01:20.205 [JavaFX Application Thread] DEBUG Input                - Registered new binding: Screenshot - CTRL+8
19:01:20.205 [JavaFX Application Thread] DEBUG Input                - Registered new binding: System info dump - CTRL+9
19:01:20.206 [JavaFX Application Thread] DEBUG Input                - Registered new binding: Restart - CTRL+R
19:01:20.209 [JavaFX Application Thread] DEBUG Input                - Registered new binding: Toggle Debug Camera - CTRL+C
19:01:20.225 [JavaFX Application Thread] DEBUG LoopRunner           - Starting loop
19:01:20.225 [JavaFX Application Thread] DEBUG LoopRunner           - Initializing JavaFX AnimationTimerLoop
19:01:20.229 [JavaFX Application Thread] DEBUG Input                - Clearing active input actions
19:01:20.266 [JavaFX Application Thread] DEBUG GameApplicationServi - Removing overlay from FXGLStartupScene and adding to FXGLMainMenuDummyScene
19:01:20.266 [JavaFX Application Thread] DEBUG PrimaryStageWindow   - FXGLStartupScene -> FXGLMainMenuDummyScene
19:01:20.266 [JavaFX Application Thread] DEBUG PrimaryStageWindow   - Push state: CustomMainMenu
19:01:20.266 [JavaFX Application Thread] DEBUG Input                - Clearing active input actions
19:01:20.273 [FXGL Background Thread 4 ] DEBUG FXGLAssetLoaderServi - Loading from file system: jar:file:///C:/Users/zyla/.m2/repository/com/github/almasb/fxgl/11.17/fxgl-11.17.jar!/fxglassets/ui/fonts/Abel-Regular.ttf
19:01:20.289 [JavaFX Application Thread] DEBUG GameApplicationServi - Removing overlay from FXGLMainMenuDummyScene and adding to CustomMainMenu
19:01:20.289 [JavaFX Application Thread] DEBUG PrimaryStageWindow   - FXGLMainMenuDummyScene -> CustomMainMenu
19:01:20.297 [FXGL Background Thread 4 ] DEBUG FXGLAssetLoaderServi - Loading from file system: jar:file:///C:/Users/zyla/.m2/repository/com/github/almasb/fxgl/11.17/fxgl-11.17.jar!/fxglassets/ui/fonts/lucida_console.ttf
19:01:20.321 [FXGL Background Thread 4 ] DEBUG FXGLAssetLoaderServi - Loading from file system: jar:file:///C:/Users/zyla/.m2/repository/com/github/almasb/fxgl/11.17/fxgl-11.17.jar!/fxglassets/ui/fonts/Courier-Prime.ttf
19:01:20.466 [JavaFX Application Thread] DEBUG FXGLApplication      - Registering font factories with UI factory
19:01:21.052 [FXGL Background Thread 2 ] INFO  UpdaterService       - Your current version:  11.17
19:01:21.052 [FXGL Background Thread 2 ] INFO  UpdaterService       - Latest stable version: 21.1
19:01:21.305 [JavaFX Application Thread] DEBUG Menu                 - fireNewGame()
19:01:21.305 [JavaFX Application Thread] DEBUG GameApplicationServi - Starting new game
19:01:21.305 [JavaFX Application Thread] DEBUG PrimaryStageWindow   - Pop state: CustomMainMenu
19:01:21.305 [JavaFX Application Thread] DEBUG Input                - Clearing active input actions
19:01:21.306 [JavaFX Application Thread] DEBUG GameApplicationServi - Removing overlay from CustomMainMenu and adding to FXGLMainMenuDummyScene
19:01:21.307 [JavaFX Application Thread] DEBUG PrimaryStageWindow   - FXGLMainMenuDummyScene <- CustomMainMenu
19:01:21.307 [JavaFX Application Thread] DEBUG Input                - Clearing active input actions
19:01:21.318 [JavaFX Application Thread] DEBUG GameApplicationServi - Removing overlay from FXGLMainMenuDummyScene and adding to FXGLLoadingScene
19:01:21.319 [JavaFX Application Thread] DEBUG PrimaryStageWindow   - FXGLMainMenuDummyScene -> FXGLLoadingScene
19:01:21.319 [JavaFX Application Thread] DEBUG GameApplicationServi - Clearing previous game
19:01:21.319 [JavaFX Application Thread] DEBUG GameScene            - Clearing game scene
19:01:21.319 [JavaFX Application Thread] DEBUG GameWorld            - Clearing game world
19:01:21.319 [JavaFX Application Thread] DEBUG PhysicsWorld         - Clearing physics world
19:01:21.322 [FXGL Background Thread 2 ] DEBUG FXGLApplication      - Initializing game
19:01:21.448 [FXGL Background Thread 2 ] WARN  TMXLevelLoader       - TiledMap generated from 1.11.2. Supported version: 1.2.3. Some features may not be parsed fully.
19:01:21.467 [FXGL Background Thread 2 ] DEBUG TMXLevelLoader       - Parsed TiledMap: file:/C:/Users/zyla/demoGame4OOP/target/classes/assets/levels/tmx/map4.tmx
19:01:21.468 [FXGL Background Thread 2 ] DEBUG TMXLevelLoader       - Creating tile layer entities
19:01:21.469 [FXGL Background Thread 2 ] DEBUG TilesetLoader        - Loading view for layer Tile Layer 1
19:01:21.474 [FXGL Background Thread 2 ] DEBUG TilesetLoader        - Created buffer with size 1920.0x1088.0
19:01:21.698 [FXGL Background Thread 2 ] DEBUG TMXLevelLoader       - Creating object layer entities
19:01:21.740 [FXGL Background Thread 2 ] DEBUG GameWorld            - Clearing removable entities
19:01:21.740 [FXGL Background Thread 2 ] DEBUG GameWorld            - Setting level: com.almasb.fxgl.entity.level.Level@6edff831
19:01:21.799 [FXGL Background Thread 2 ] DEBUG FXGLAssetLoaderServi - Loading from file system: file:/C:/Users/zyla/demoGame4OOP/target/classes/assets/textures/character_2/knight_idle.png
19:01:21.847 [FXGL Background Thread 2 ] DEBUG FXGLAssetLoaderServi - Loading from file system: file:/C:/Users/zyla/demoGame4OOP/target/classes/assets/textures/character_2/knight_walk.png
19:01:21.888 [FXGL Background Thread 2 ] DEBUG FXGLAssetLoaderServi - Loading from file system: file:/C:/Users/zyla/demoGame4OOP/target/classes/assets/textures/fighter_attack_enhanced_p2.png
19:01:21.951 [FXGL Background Thread 2 ] DEBUG FXGLAssetLoaderServi - Loading from file system: file:/C:/Users/zyla/demoGame4OOP/target/classes/assets/textures/character_2/knight_jump.png
19:01:21.973 [FXGL Background Thread 2 ] DEBUG FXGLAssetLoaderServi - Loading from file system: file:/C:/Users/zyla/demoGame4OOP/target/classes/assets/textures/character_2/knight_combo.png
19:01:22.001 [FXGL Background Thread 2 ] DEBUG FXGLAssetLoaderServi - Loading from file system: file:/C:/Users/zyla/demoGame4OOP/target/classes/assets/textures/fighter_ult_P2.png
19:01:22.054 [FXGL Background Thread 2 ] DEBUG FXGLAssetLoaderServi - Loading from file system: file:/C:/Users/zyla/demoGame4OOP/target/classes/assets/textures/fighter_hit.png
19:01:22.074 [FXGL Background Thread 2 ] DEBUG FXGLAssetLoaderServi - Loading from file system: file:/C:/Users/zyla/demoGame4OOP/target/classes/assets/textures/fighter_idle_P2.png
19:01:22.094 [FXGL Background Thread 2 ] DEBUG FXGLAssetLoaderServi - Loading from file system: file:/C:/Users/zyla/demoGame4OOP/target/classes/assets/textures/fighter_walk_P2.png
19:01:22.102 [FXGL Background Thread 2 ] DEBUG FXGLAssetLoaderServi - Loading from file system: file:/C:/Users/zyla/demoGame4OOP/target/classes/assets/textures/fighter_jump_P2.png
19:01:22.111 [FXGL Background Thread 2 ] DEBUG FXGLAssetLoaderServi - Loading from file system: file:/C:/Users/zyla/demoGame4OOP/target/classes/assets/textures/fighter_attack_P2.png
19:01:22.136 [FXGL Background Thread 2 ] INFO  FXGLApplication      - Game initialization took: 0.815 sec
19:01:22.138 [JavaFX Application Thread] DEBUG Input                - Clearing active input actions
19:01:22.156 [JavaFX Application Thread] DEBUG GameApplicationServi - Removing overlay from FXGLLoadingScene and adding to GameScene
19:01:22.157 [JavaFX Application Thread] DEBUG PrimaryStageWindow   - FXGLLoadingScene -> GameScene
19:01:22.984 [FXGL Background Thread 3 ] DEBUG Engine               - Logging environment variables
19:01:22.986 [FXGL Background Thread 3 ] DEBUG Engine               - achievements: []
19:01:22.986 [FXGL Background Thread 3 ] DEBUG Engine               - actualHeight: 720.0
19:01:22.987 [FXGL Background Thread 3 ] DEBUG Engine               - actualHeightProperty: ReadOnlyDoubleProperty [value: 720.0]
19:01:22.987 [FXGL Background Thread 3 ] DEBUG Engine               - actualWidth: 1255.0
19:01:22.987 [FXGL Background Thread 3 ] DEBUG Engine               - actualWidthProperty: ReadOnlyDoubleProperty [value: 1255.0]
19:01:22.987 [FXGL Background Thread 3 ] DEBUG Engine               - appIcon: fxgl_icon.png
19:01:22.987 [FXGL Background Thread 3 ] DEBUG Engine               - applicationMode: DEVELOPER
19:01:22.987 [FXGL Background Thread 3 ] DEBUG Engine               - cSSList: [fxgl_dark.css]
19:01:22.987 [FXGL Background Thread 3 ] DEBUG Engine               - collisionDetectionStrategy: BRUTE_FORCE
19:01:22.987 [FXGL Background Thread 3 ] DEBUG Engine               - configClass: Optional.empty
19:01:22.987 [FXGL Background Thread 3 ] DEBUG Engine               - credits: []
19:01:22.988 [FXGL Background Thread 3 ] DEBUG Engine               - defaultCursor: CursorInfo(imageName=fxgl_default_cursor.png, hotspotX=7.0, hotspotY=6.0)
19:01:22.988 [FXGL Background Thread 3 ] DEBUG Engine               - devBBoxColorProperty: ObjectProperty [value: 0xff0000ff]
19:01:22.988 [FXGL Background Thread 3 ] DEBUG Engine               - devEnableDebugCameraProperty: BooleanProperty [value: false]
19:01:22.988 [FXGL Background Thread 3 ] DEBUG Engine               - devSensorColorProperty: ObjectProperty [value: 0xffff00ff]
19:01:22.988 [FXGL Background Thread 3 ] DEBUG Engine               - devShowBBoxProperty: BooleanProperty [value: false]
19:01:22.988 [FXGL Background Thread 3 ] DEBUG Engine               - devShowPositionProperty: BooleanProperty [value: false]
19:01:22.988 [FXGL Background Thread 3 ] DEBUG Engine               - enabledMenuItems: []
19:01:22.988 [FXGL Background Thread 3 ] DEBUG Engine               - engineServices: [class com.almasb.fxgl.app.services.FXGLAssetLoaderService, class com.almasb.fxgl.app.FXGLApplication$GameApplicationService, class com.almasb.fxgl.app.services.FXGLDialogService, class com.almasb.fxgl.app.services.IOTaskExecutorService, class com.almasb.fxgl.io.FileSystemService, class com.almasb.fxgl.localization.LocalizationService, class com.almasb.fxgl.app.services.SystemBundleService, class com.almasb.fxgl.profile.SaveLoadService, class com.almasb.fxgl.ui.FXGLUIFactoryServiceProvider, class com.almasb.fxgl.ui.FXGLDialogFactoryServiceProvider, class com.almasb.fxgl.audio.AudioPlayer, class com.almasb.fxgl.notification.impl.NotificationServiceProvider, class com.almasb.fxgl.achievement.AchievementService, class com.almasb.fxgl.cutscene.CutsceneService, class com.almasb.fxgl.minigames.MiniGameService, class com.almasb.fxgl.net.NetService, class com.almasb.fxgl.app.services.UpdaterService, class com.almasb.fxgl.dev.DevService]
19:01:22.988 [FXGL Background Thread 3 ] DEBUG Engine               - fontGame: Abel-Regular.ttf
19:01:22.988 [FXGL Background Thread 3 ] DEBUG Engine               - fontMono: lucida_console.ttf
19:01:22.988 [FXGL Background Thread 3 ] DEBUG Engine               - fontText: Courier-Prime.ttf
19:01:22.988 [FXGL Background Thread 3 ] DEBUG Engine               - fontUI: VarelaRound-Regular.ttf
19:01:22.989 [FXGL Background Thread 3 ] DEBUG Engine               - fullScreen: BooleanProperty [value: false]
19:01:22.989 [FXGL Background Thread 3 ] DEBUG Engine               - gameDifficulty: MEDIUM
19:01:22.989 [FXGL Background Thread 3 ] DEBUG Engine               - gameDifficultyProperty: ObjectProperty [value: MEDIUM]
19:01:22.989 [FXGL Background Thread 3 ] DEBUG Engine               - globalMusicVolume: 0.5
19:01:22.989 [FXGL Background Thread 3 ] DEBUG Engine               - globalMusicVolumeProperty: DoubleProperty [value: 0.5]
19:01:22.989 [FXGL Background Thread 3 ] DEBUG Engine               - globalSoundVolume: 0.5
19:01:22.989 [FXGL Background Thread 3 ] DEBUG Engine               - globalSoundVolumeProperty: DoubleProperty [value: 0.5]
19:01:22.989 [FXGL Background Thread 3 ] DEBUG Engine               - height: 1080
19:01:22.989 [FXGL Background Thread 3 ] DEBUG Engine               - is3D: false
19:01:22.989 [FXGL Background Thread 3 ] DEBUG Engine               - isAndroid: false
19:01:22.989 [FXGL Background Thread 3 ] DEBUG Engine               - isBrowser: false
19:01:22.989 [FXGL Background Thread 3 ] DEBUG Engine               - isClickFeedbackEnabled: false
19:01:22.989 [FXGL Background Thread 3 ] DEBUG Engine               - isCloseConfirmation: true
19:01:22.989 [FXGL Background Thread 3 ] DEBUG Engine               - isDesktop: true
19:01:22.989 [FXGL Background Thread 3 ] DEBUG Engine               - isDeveloperMenuEnabled: false
19:01:22.989 [FXGL Background Thread 3 ] DEBUG Engine               - isEntityPreloadEnabled: true
19:01:22.990 [FXGL Background Thread 3 ] DEBUG Engine               - isExperimentalTiledLargeMap: false
19:01:22.990 [FXGL Background Thread 3 ] DEBUG Engine               - isFileSystemWriteAllowed: true
19:01:22.990 [FXGL Background Thread 3 ] DEBUG Engine               - isFullScreenAllowed: false
19:01:22.990 [FXGL Background Thread 3 ] DEBUG Engine               - isFullScreenFromStart: false
19:01:22.990 [FXGL Background Thread 3 ] DEBUG Engine               - isGameMenuEnabled: false
19:01:22.990 [FXGL Background Thread 3 ] DEBUG Engine               - isIOS: false
19:01:22.990 [FXGL Background Thread 3 ] DEBUG Engine               - isIntroEnabled: false
19:01:22.990 [FXGL Background Thread 3 ] DEBUG Engine               - isLinux: false
19:01:22.990 [FXGL Background Thread 3 ] DEBUG Engine               - isMac: false
19:01:22.990 [FXGL Background Thread 3 ] DEBUG Engine               - isMainMenuEnabled: true
19:01:22.990 [FXGL Background Thread 3 ] DEBUG Engine               - isManualResizeEnabled: false
19:01:22.991 [FXGL Background Thread 3 ] DEBUG Engine               - isMobile: false
19:01:22.991 [FXGL Background Thread 3 ] DEBUG Engine               - isNative: false
19:01:22.991 [FXGL Background Thread 3 ] DEBUG Engine               - isPauseMusicWhenMinimized: true
19:01:22.991 [FXGL Background Thread 3 ] DEBUG Engine               - isPreserveResizeRatio: false
19:01:22.991 [FXGL Background Thread 3 ] DEBUG Engine               - isProfilingEnabled: false
19:01:22.991 [FXGL Background Thread 3 ] DEBUG Engine               - isScaleAffectedOnResize: true
19:01:22.991 [FXGL Background Thread 3 ] DEBUG Engine               - isSingleStep: false
19:01:22.991 [FXGL Background Thread 3 ] DEBUG Engine               - isUserProfileEnabled: false
19:01:22.991 [FXGL Background Thread 3 ] DEBUG Engine               - isWindows: true
19:01:22.991 [FXGL Background Thread 3 ] DEBUG Engine               - language: ObjectProperty [value: ENGLISH]
19:01:22.991 [FXGL Background Thread 3 ] DEBUG Engine               - menuKey: ESCAPE
19:01:22.991 [FXGL Background Thread 3 ] DEBUG Engine               - mouseSensitivity: 0.2
19:01:22.991 [FXGL Background Thread 3 ] DEBUG Engine               - notificationViewClass: class com.almasb.fxgl.notification.view.XboxNotificationView
19:01:22.991 [FXGL Background Thread 3 ] DEBUG Engine               - pixelsPerMeter: 50.0
19:01:22.991 [FXGL Background Thread 3 ] DEBUG Engine               - platform: WINDOWS
19:01:22.991 [FXGL Background Thread 3 ] DEBUG Engine               - prefHeightProperty: ReadOnlyDoubleProperty [value: 1080.0]
19:01:22.991 [FXGL Background Thread 3 ] DEBUG Engine               - prefWidthProperty: ReadOnlyDoubleProperty [value: 1920.0]
19:01:22.991 [FXGL Background Thread 3 ] DEBUG Engine               - profileDir: profiles/
19:01:22.991 [FXGL Background Thread 3 ] DEBUG Engine               - profileName: StringProperty [value: DEFAULT]
19:01:22.991 [FXGL Background Thread 3 ] DEBUG Engine               - randomSeed: -1
19:01:22.991 [FXGL Background Thread 3 ] DEBUG Engine               - runtimeInfo: RuntimeInfo(platform=WINDOWS, version=11.17, build=16.07.2021 15.46)
19:01:22.992 [FXGL Background Thread 3 ] DEBUG Engine               - saveFileExt: sav
19:01:22.992 [FXGL Background Thread 3 ] DEBUG Engine               - scaledHeightProp$fxgl: DoubleProperty [bound, value: 720.0]
19:01:22.992 [FXGL Background Thread 3 ] DEBUG Engine               - scaledWidthProp$fxgl: DoubleProperty [bound, value: 1255.0]
19:01:22.992 [FXGL Background Thread 3 ] DEBUG Engine               - sceneFactory: com.example.demo.MySceneFactory@61f61d10
19:01:22.992 [FXGL Background Thread 3 ] DEBUG Engine               - secondsIn24h: 60
19:01:22.992 [FXGL Background Thread 3 ] DEBUG Engine               - soundMenuBack: menu/back.wav
19:01:22.992 [FXGL Background Thread 3 ] DEBUG Engine               - soundMenuPress: menu/press.wav
19:01:22.992 [FXGL Background Thread 3 ] DEBUG Engine               - soundMenuSelect: menu/select.wav
19:01:22.992 [FXGL Background Thread 3 ] DEBUG Engine               - soundNotification: core/notification.wav
19:01:22.992 [FXGL Background Thread 3 ] DEBUG Engine               - stageStyle: DECORATED
19:01:22.992 [FXGL Background Thread 3 ] DEBUG Engine               - supportedLanguages: [ENGLISH, FRENCH, GERMAN, HUNGARIAN, RUSSIAN]
19:01:22.992 [FXGL Background Thread 3 ] DEBUG Engine               - ticksPerSecond: -1
19:01:22.992 [FXGL Background Thread 3 ] DEBUG Engine               - title: Stictactics
19:01:22.992 [FXGL Background Thread 3 ] DEBUG Engine               - urlGithub: https://github.com/AlmasB/FXGL
19:01:22.992 [FXGL Background Thread 3 ] DEBUG Engine               - urlLeaderboard: http://fxgl-top.herokuapp.com/
19:01:22.992 [FXGL Background Thread 3 ] DEBUG Engine               - urlPOM: https://raw.githubusercontent.com/AlmasB/FXGL/release/README.md
19:01:22.992 [FXGL Background Thread 3 ] DEBUG Engine               - userAppClass: class com.example.demo.HelloController
19:01:22.993 [FXGL Background Thread 3 ] DEBUG Engine               - version: 0.0
19:01:22.993 [FXGL Background Thread 3 ] DEBUG Engine               - versionCheckDays: 7
19:01:22.993 [FXGL Background Thread 3 ] DEBUG Engine               - width: 1920
19:01:22.993 [FXGL Background Thread 3 ] DEBUG Engine               - Logging services
19:01:22.993 [FXGL Background Thread 3 ] DEBUG Engine               - class com.almasb.fxgl.app.services.FXGLAssetLoaderService
19:01:22.993 [FXGL Background Thread 3 ] DEBUG Engine               - class com.almasb.fxgl.app.FXGLApplication$GameApplicationService
19:01:22.993 [FXGL Background Thread 3 ] DEBUG Engine               - class com.almasb.fxgl.app.services.FXGLDialogService
19:01:22.993 [FXGL Background Thread 3 ] DEBUG Engine               - class com.almasb.fxgl.app.services.IOTaskExecutorService
19:01:22.993 [FXGL Background Thread 3 ] DEBUG Engine               - class com.almasb.fxgl.io.FileSystemService
19:01:22.993 [FXGL Background Thread 3 ] DEBUG Engine               - class com.almasb.fxgl.localization.LocalizationService
19:01:22.993 [FXGL Background Thread 3 ] DEBUG Engine               - class com.almasb.fxgl.app.services.SystemBundleService
19:01:22.993 [FXGL Background Thread 3 ] DEBUG Engine               - class com.almasb.fxgl.profile.SaveLoadService
19:01:22.993 [FXGL Background Thread 3 ] DEBUG Engine               - class com.almasb.fxgl.ui.FXGLUIFactoryServiceProvider
19:01:22.993 [FXGL Background Thread 3 ] DEBUG Engine               - class com.almasb.fxgl.ui.FXGLDialogFactoryServiceProvider
19:01:22.993 [FXGL Background Thread 3 ] DEBUG Engine               - class com.almasb.fxgl.audio.AudioPlayer
19:01:22.993 [FXGL Background Thread 3 ] DEBUG Engine               - class com.almasb.fxgl.notification.impl.NotificationServiceProvider
19:01:22.993 [FXGL Background Thread 3 ] DEBUG Engine               - class com.almasb.fxgl.achievement.AchievementService
19:01:22.993 [FXGL Background Thread 3 ] DEBUG Engine               - class com.almasb.fxgl.cutscene.CutsceneService
19:01:22.994 [FXGL Background Thread 3 ] DEBUG Engine               - class com.almasb.fxgl.minigames.MiniGameService
19:01:22.994 [FXGL Background Thread 3 ] DEBUG Engine               - class com.almasb.fxgl.net.NetService
19:01:22.994 [FXGL Background Thread 3 ] DEBUG Engine               - class com.almasb.fxgl.app.services.UpdaterService
19:01:22.994 [FXGL Background Thread 3 ] DEBUG Engine               - class com.almasb.fxgl.dev.DevService
19:01:28.343 [JavaFX Application Thread] DEBUG PrimaryStageWindow   - Push state: DialogSubScene
19:01:28.343 [JavaFX Application Thread] DEBUG Input                - Clearing active input actions
19:01:28.344 [JavaFX Application Thread] DEBUG GameApplicationServi - Removing overlay from GameScene and adding to DialogSubScene
19:01:28.344 [JavaFX Application Thread] DEBUG PrimaryStageWindow   - GameScene -> DialogSubScene
19:01:28.919 [JavaFX Application Thread] DEBUG PrimaryStageWindow   - Pop state: DialogSubScene
19:01:28.919 [JavaFX Application Thread] DEBUG Input                - Clearing active input actions
19:01:28.920 [JavaFX Application Thread] DEBUG GameApplicationServi - Removing overlay from DialogSubScene and adding to GameScene
19:01:28.920 [JavaFX Application Thread] DEBUG PrimaryStageWindow   - GameScene <- DialogSubScene
19:01:28.921 [JavaFX Application Thread] DEBUG FXGLApplication      - Exiting FXGL
19:01:28.921 [JavaFX Application Thread] DEBUG LoopRunner           - Stopping loop
19:01:28.921 [JavaFX Application Thread] DEBUG SystemBundleService  - Saving FXGL system data
19:01:28.927 [JavaFX Application Thread] DEBUG FileSystemAccess     - Writing to: C:\Users\zyla\demoGame4OOP\system\fxgl.bundle
19:01:28.929 [JavaFX Application Thread] DEBUG Async                - Shutting down background threads
19:01:28.929 [JavaFX Application Thread] DEBUG PrimaryStageWindow   - Closing main window
19:01:28.961 [JavaFX Application Thread] DEBUG Logger               - Closing Logger
