18:00:11.425 [main                     ] DEBUG Logger               - Configured Logger
18:00:11.427 [main                     ] DEBUG GameApplication      - Logging settings
Title: Stictactics
Version: 0.0
Width: 1920
Height: 1080
Fullscreen: false
Intro: false
Profiling: false
Single step:false
App Mode: DEVELOPER
Menu Key: ESCAPE
Stage Style: DECORATED
Scene Factory: class com.example.demo.Factory.MySceneFactory

18:00:11.840 [JavaFX Application Thread] DEBUG FXGLApplication      - Initializing FXGL
18:00:11.842 [JavaFX Application Thread] INFO  Engine               - FXGL-11.17 (16.07.2021 15.46) on WINDOWS (J:23.0.2 FX:17.0.6)
18:00:11.842 [JavaFX Application Thread] DEBUG Engine               - JRE Vendor Name: Amazon.com Inc.
18:00:11.843 [JavaFX Application Thread] DEBUG Engine               - Running on OS: Windows 11 version 10.0
18:00:11.843 [JavaFX Application Thread] DEBUG Engine               - Architecture: amd64
18:00:11.843 [JavaFX Application Thread] INFO  Engine               - Source code and latest versions at: https://github.com/AlmasB/FXGL
18:00:11.843 [JavaFX Application Thread] INFO  Engine               -              Join the FXGL chat at: https://gitter.im/AlmasB/FXGL
18:00:11.949 [JavaFX Application Thread] DEBUG PrimaryStageWindow   - Creating a JavaFX scene
18:00:11.949 [JavaFX Application Thread] DEBUG PrimaryStageWindow   - Target size > screen size
18:00:12.001 [JavaFX Application Thread] DEBUG PrimaryStageWindow   - Target settings size: 1920.0 x 1080.0
18:00:12.001 [JavaFX Application Thread] DEBUG PrimaryStageWindow   - Scaled scene size:    1255.0 x 720.0
18:00:12.001 [JavaFX Application Thread] DEBUG PrimaryStageWindow   - Scaled ratio: (0.6536458333333334, 0.6666666666666666)
18:00:12.002 [JavaFX Application Thread] DEBUG PrimaryStageWindow   - Set initial scene to FXGLStartupScene
18:00:12.010 [JavaFX Application Thread] DEBUG PrimaryStageWindow   - Opening main window
18:00:12.115 [JavaFX Application Thread] DEBUG PrimaryStageWindow   - Window border size: (16.0, 39.0)
18:00:12.115 [JavaFX Application Thread] DEBUG PrimaryStageWindow   - Scaled size: 1255.0 x 720.0
18:00:12.115 [JavaFX Application Thread] DEBUG PrimaryStageWindow   - Scaled ratio: (0.6536458333333334, 0.6666666666666666)
18:00:12.115 [JavaFX Application Thread] DEBUG PrimaryStageWindow   - Scene size: 1255.0 x 720.0
18:00:12.116 [JavaFX Application Thread] DEBUG PrimaryStageWindow   - Stage size: 1271.0 x 759.0
18:00:12.126 [FXGL Background Thread 1 ] DEBUG Engine               - Initializing environment variables
18:00:12.277 [FXGL Background Thread 1 ] DEBUG FXGLAssetLoaderServi - User app class for loading assets: class com.example.demo.HelloController
18:00:12.277 [FXGL Background Thread 1 ] DEBUG GameApplicationServi - Applying CSS: fxgl_dark.css
18:00:12.278 [FXGL Background Thread 1 ] DEBUG FXGLAssetLoaderServi - Loading from file system: jar:file:///C:/Users/zyla/.m2/repository/com/github/almasb/fxgl/11.17/fxgl-11.17.jar!/fxglassets/ui/css/fxgl_dark.css
18:00:12.353 [FXGL Background Thread 1 ] DEBUG GameApplicationServi - Initializing application scenes
18:00:12.486 [FXGL Background Thread 1 ] DEBUG GameWorld            - Game world initialized
18:00:12.571 [FXGL Background Thread 1 ] DEBUG PhysicsWorld         - Physics world initialized: appHeight=1080, physics.ppm=50.0
18:00:12.572 [FXGL Background Thread 1 ] DEBUG PhysicsWorld         - Using strategy: BRUTE_FORCE
18:00:12.575 [FXGL Background Thread 1 ] DEBUG GameScene            - Game scene initialized: 1920x1080
18:00:12.741 [FXGL Background Thread 1 ] DEBUG GameApplicationServi - Application scenes initialized
18:00:12.765 [FXGL Background Thread 1 ] DEBUG SystemBundleService  - Loading FXGL system data
18:00:12.772 [FXGL Background Thread 1 ] DEBUG FileSystemAccess     - Reading from: C:\Users\zyla\demoGame4OOP\system\fxgl.bundle
18:00:12.781 [FXGL Background Thread 1 ] DEBUG SystemBundleService  - Bundle FXGL: {}
18:00:12.781 [FXGL Background Thread 1 ] DEBUG UpdaterService       - Checking for updates
18:00:12.789 [FXGL Background Thread 1 ] DEBUG FXGLApplication      - Loading default localization
18:00:12.790 [FXGL Background Thread 1 ] DEBUG FXGLAssetLoaderServi - Loading from file system: jar:file:///C:/Users/zyla/.m2/repository/com/github/almasb/fxgl/11.17/fxgl-11.17.jar!/fxglassets/languages/english.lang
18:00:12.826 [FXGL Background Thread 4 ] DEBUG FXGLApplication      - Loading fonts
18:00:12.827 [FXGL Background Thread 4 ] DEBUG FXGLAssetLoaderServi - Loading from file system: jar:file:///C:/Users/zyla/.m2/repository/com/github/almasb/fxgl/11.17/fxgl-11.17.jar!/fxglassets/ui/fonts/VarelaRound-Regular.ttf
18:00:12.827 [FXGL Background Thread 1 ] INFO  FXGLApplication      - FXGL initialization took: 0.701 sec
18:00:12.843 [JavaFX Application Thread] DEBUG Input                - Registered new binding: Pause Game - Esc
18:00:12.844 [JavaFX Application Thread] DEBUG Input                - Registered new binding: P1Left - A
18:00:12.844 [JavaFX Application Thread] DEBUG Input                - Registered new binding: P1Right - D
18:00:12.846 [JavaFX Application Thread] DEBUG Input                - Registered new binding: P1Jump - W
18:00:12.846 [JavaFX Application Thread] DEBUG Input                - Registered new binding: P1Punch - F
18:00:12.846 [JavaFX Application Thread] DEBUG Input                - Registered new binding: P1EnhancedPunch - E
18:00:12.846 [JavaFX Application Thread] DEBUG Input                - Registered new binding: P1Ult - Q
18:00:12.847 [JavaFX Application Thread] DEBUG Input                - Registered new binding: P2Left - Left
18:00:12.847 [JavaFX Application Thread] DEBUG Input                - Registered new binding: P2Right - Right
18:00:12.847 [JavaFX Application Thread] DEBUG Input                - Registered new binding: P2Jump - Up
18:00:12.850 [JavaFX Application Thread] DEBUG Input                - Registered new binding: P2Punch - H
18:00:12.859 [JavaFX Application Thread] DEBUG Input                - Registered new binding: P2EnhancedPunch - U
18:00:12.859 [JavaFX Application Thread] DEBUG Input                - Registered new binding: P2Ult - O
18:00:12.864 [JavaFX Application Thread] WARN  FXGLAssetLoaderServi - Asset "/assets/textures//assets/textures/background-intro.mp4" was not found!
18:00:12.865 [JavaFX Application Thread] WARN  FXGLAssetLoaderServi - Failed to load IMAGE
18:00:12.898 [JavaFX Application Thread] DEBUG FXGLAssetLoaderServi - Loading from file system: jar:file:///C:/Users/zyla/.m2/repository/com/github/almasb/fxgl/11.17/fxgl-11.17.jar!/fxglassets/textures/fxgl_icon.png
18:00:12.949 [FXGL Background Thread 4 ] DEBUG FXGLAssetLoaderServi - Loading from file system: jar:file:///C:/Users/zyla/.m2/repository/com/github/almasb/fxgl/11.17/fxgl-11.17.jar!/fxglassets/ui/fonts/Abel-Regular.ttf
18:00:12.974 [FXGL Background Thread 4 ] DEBUG FXGLAssetLoaderServi - Loading from file system: jar:file:///C:/Users/zyla/.m2/repository/com/github/almasb/fxgl/11.17/fxgl-11.17.jar!/fxglassets/ui/fonts/lucida_console.ttf
18:00:12.993 [FXGL Background Thread 4 ] DEBUG FXGLAssetLoaderServi - Loading from file system: jar:file:///C:/Users/zyla/.m2/repository/com/github/almasb/fxgl/11.17/fxgl-11.17.jar!/fxglassets/ui/fonts/Courier-Prime.ttf
18:00:13.048 [JavaFX Application Thread] DEBUG FXGLAssetLoaderServi - Loading from file system: jar:file:///C:/Users/zyla/.m2/repository/com/github/almasb/fxgl/11.17/fxgl-11.17.jar!/fxglassets/textures/fxgl_default_cursor.png
18:00:13.056 [JavaFX Application Thread] DEBUG Input                - Registered new binding: Screenshot - CTRL+8
18:00:13.064 [JavaFX Application Thread] DEBUG Input                - Registered new binding: System info dump - CTRL+9
18:00:13.064 [JavaFX Application Thread] DEBUG Input                - Registered new binding: Restart - CTRL+R
18:00:13.066 [JavaFX Application Thread] DEBUG Input                - Registered new binding: Toggle Debug Camera - CTRL+C
18:00:13.069 [JavaFX Application Thread] DEBUG LoopRunner           - Starting loop
18:00:13.069 [JavaFX Application Thread] DEBUG LoopRunner           - Initializing JavaFX AnimationTimerLoop
18:00:13.072 [JavaFX Application Thread] DEBUG Input                - Clearing active input actions
18:00:13.100 [JavaFX Application Thread] DEBUG GameApplicationServi - Removing overlay from FXGLStartupScene and adding to FXGLMainMenuDummyScene
18:00:13.101 [JavaFX Application Thread] DEBUG PrimaryStageWindow   - FXGLStartupScene -> FXGLMainMenuDummyScene
18:00:13.101 [JavaFX Application Thread] DEBUG PrimaryStageWindow   - Push state: CustomMainMenu
18:00:13.101 [JavaFX Application Thread] DEBUG Input                - Clearing active input actions
18:00:13.122 [JavaFX Application Thread] DEBUG GameApplicationServi - Removing overlay from FXGLMainMenuDummyScene and adding to CustomMainMenu
18:00:13.124 [JavaFX Application Thread] DEBUG PrimaryStageWindow   - FXGLMainMenuDummyScene -> CustomMainMenu
18:00:13.129 [JavaFX Application Thread] DEBUG FXGLApplication      - Registering font factories with UI factory
18:00:14.397 [FXGL Background Thread 2 ] INFO  UpdaterService       - Your current version:  11.17
18:00:14.398 [FXGL Background Thread 2 ] INFO  UpdaterService       - Latest stable version: 21.1
18:00:15.787 [FXGL Background Thread 3 ] DEBUG Engine               - Logging environment variables
18:00:15.787 [FXGL Background Thread 3 ] DEBUG Engine               - achievements: []
18:00:15.787 [FXGL Background Thread 3 ] DEBUG Engine               - actualHeight: 720.0
18:00:15.787 [FXGL Background Thread 3 ] DEBUG Engine               - actualHeightProperty: ReadOnlyDoubleProperty [value: 720.0]
18:00:15.787 [FXGL Background Thread 3 ] DEBUG Engine               - actualWidth: 1255.0
18:00:15.787 [FXGL Background Thread 3 ] DEBUG Engine               - actualWidthProperty: ReadOnlyDoubleProperty [value: 1255.0]
18:00:15.787 [FXGL Background Thread 3 ] DEBUG Engine               - appIcon: fxgl_icon.png
18:00:15.788 [FXGL Background Thread 3 ] DEBUG Engine               - applicationMode: DEVELOPER
18:00:15.789 [FXGL Background Thread 3 ] DEBUG Engine               - cSSList: [fxgl_dark.css]
18:00:15.790 [FXGL Background Thread 3 ] DEBUG Engine               - collisionDetectionStrategy: BRUTE_FORCE
18:00:15.790 [FXGL Background Thread 3 ] DEBUG Engine               - configClass: Optional.empty
18:00:15.790 [FXGL Background Thread 3 ] DEBUG Engine               - credits: []
18:00:15.790 [FXGL Background Thread 3 ] DEBUG Engine               - defaultCursor: CursorInfo(imageName=fxgl_default_cursor.png, hotspotX=7.0, hotspotY=6.0)
18:00:15.792 [FXGL Background Thread 3 ] DEBUG Engine               - devBBoxColorProperty: ObjectProperty [value: 0xff0000ff]
18:00:15.793 [FXGL Background Thread 3 ] DEBUG Engine               - devEnableDebugCameraProperty: BooleanProperty [value: false]
18:00:15.793 [FXGL Background Thread 3 ] DEBUG Engine               - devSensorColorProperty: ObjectProperty [value: 0xffff00ff]
18:00:15.794 [FXGL Background Thread 3 ] DEBUG Engine               - devShowBBoxProperty: BooleanProperty [value: false]
18:00:15.794 [FXGL Background Thread 3 ] DEBUG Engine               - devShowPositionProperty: BooleanProperty [value: false]
18:00:15.794 [FXGL Background Thread 3 ] DEBUG Engine               - enabledMenuItems: []
18:00:15.794 [FXGL Background Thread 3 ] DEBUG Engine               - engineServices: [class com.almasb.fxgl.app.services.FXGLAssetLoaderService, class com.almasb.fxgl.app.FXGLApplication$GameApplicationService, class com.almasb.fxgl.app.services.FXGLDialogService, class com.almasb.fxgl.app.services.IOTaskExecutorService, class com.almasb.fxgl.io.FileSystemService, class com.almasb.fxgl.localization.LocalizationService, class com.almasb.fxgl.app.services.SystemBundleService, class com.almasb.fxgl.profile.SaveLoadService, class com.almasb.fxgl.ui.FXGLUIFactoryServiceProvider, class com.almasb.fxgl.ui.FXGLDialogFactoryServiceProvider, class com.almasb.fxgl.audio.AudioPlayer, class com.almasb.fxgl.notification.impl.NotificationServiceProvider, class com.almasb.fxgl.achievement.AchievementService, class com.almasb.fxgl.cutscene.CutsceneService, class com.almasb.fxgl.minigames.MiniGameService, class com.almasb.fxgl.net.NetService, class com.almasb.fxgl.app.services.UpdaterService, class com.almasb.fxgl.dev.DevService]
18:00:15.794 [FXGL Background Thread 3 ] DEBUG Engine               - fontGame: Abel-Regular.ttf
18:00:15.794 [FXGL Background Thread 3 ] DEBUG Engine               - fontMono: lucida_console.ttf
18:00:15.795 [FXGL Background Thread 3 ] DEBUG Engine               - fontText: Courier-Prime.ttf
18:00:15.795 [FXGL Background Thread 3 ] DEBUG Engine               - fontUI: VarelaRound-Regular.ttf
18:00:15.795 [FXGL Background Thread 3 ] DEBUG Engine               - fullScreen: BooleanProperty [value: false]
18:00:15.795 [FXGL Background Thread 3 ] DEBUG Engine               - gameDifficulty: MEDIUM
18:00:15.795 [FXGL Background Thread 3 ] DEBUG Engine               - gameDifficultyProperty: ObjectProperty [value: MEDIUM]
18:00:15.795 [FXGL Background Thread 3 ] DEBUG Engine               - globalMusicVolume: 0.5
18:00:15.795 [FXGL Background Thread 3 ] DEBUG Engine               - globalMusicVolumeProperty: DoubleProperty [value: 0.5]
18:00:15.795 [FXGL Background Thread 3 ] DEBUG Engine               - globalSoundVolume: 0.5
18:00:15.795 [FXGL Background Thread 3 ] DEBUG Engine               - globalSoundVolumeProperty: DoubleProperty [value: 0.5]
18:00:15.795 [FXGL Background Thread 3 ] DEBUG Engine               - height: 1080
18:00:15.795 [FXGL Background Thread 3 ] DEBUG Engine               - is3D: false
18:00:15.795 [FXGL Background Thread 3 ] DEBUG Engine               - isAndroid: false
18:00:15.796 [FXGL Background Thread 3 ] DEBUG Engine               - isBrowser: false
18:00:15.796 [FXGL Background Thread 3 ] DEBUG Engine               - isClickFeedbackEnabled: false
18:00:15.796 [FXGL Background Thread 3 ] DEBUG Engine               - isCloseConfirmation: true
18:00:15.796 [FXGL Background Thread 3 ] DEBUG Engine               - isDesktop: true
18:00:15.796 [FXGL Background Thread 3 ] DEBUG Engine               - isDeveloperMenuEnabled: false
18:00:15.796 [FXGL Background Thread 3 ] DEBUG Engine               - isEntityPreloadEnabled: true
18:00:15.796 [FXGL Background Thread 3 ] DEBUG Engine               - isExperimentalTiledLargeMap: false
18:00:15.796 [FXGL Background Thread 3 ] DEBUG Engine               - isFileSystemWriteAllowed: true
18:00:15.797 [FXGL Background Thread 3 ] DEBUG Engine               - isFullScreenAllowed: false
18:00:15.797 [FXGL Background Thread 3 ] DEBUG Engine               - isFullScreenFromStart: false
18:00:15.797 [FXGL Background Thread 3 ] DEBUG Engine               - isGameMenuEnabled: false
18:00:15.797 [FXGL Background Thread 3 ] DEBUG Engine               - isIOS: false
18:00:15.798 [FXGL Background Thread 3 ] DEBUG Engine               - isIntroEnabled: false
18:00:15.798 [FXGL Background Thread 3 ] DEBUG Engine               - isLinux: false
18:00:15.798 [FXGL Background Thread 3 ] DEBUG Engine               - isMac: false
18:00:15.798 [FXGL Background Thread 3 ] DEBUG Engine               - isMainMenuEnabled: true
18:00:15.798 [FXGL Background Thread 3 ] DEBUG Engine               - isManualResizeEnabled: false
18:00:15.798 [FXGL Background Thread 3 ] DEBUG Engine               - isMobile: false
18:00:15.798 [FXGL Background Thread 3 ] DEBUG Engine               - isNative: false
18:00:15.798 [FXGL Background Thread 3 ] DEBUG Engine               - isPauseMusicWhenMinimized: true
18:00:15.798 [FXGL Background Thread 3 ] DEBUG Engine               - isPreserveResizeRatio: false
18:00:15.798 [FXGL Background Thread 3 ] DEBUG Engine               - isProfilingEnabled: false
18:00:15.799 [FXGL Background Thread 3 ] DEBUG Engine               - isScaleAffectedOnResize: true
18:00:15.799 [FXGL Background Thread 3 ] DEBUG Engine               - isSingleStep: false
18:00:15.799 [FXGL Background Thread 3 ] DEBUG Engine               - isUserProfileEnabled: false
18:00:15.799 [FXGL Background Thread 3 ] DEBUG Engine               - isWindows: true
18:00:15.799 [FXGL Background Thread 3 ] DEBUG Engine               - language: ObjectProperty [value: ENGLISH]
18:00:15.799 [FXGL Background Thread 3 ] DEBUG Engine               - menuKey: ESCAPE
18:00:15.799 [FXGL Background Thread 3 ] DEBUG Engine               - mouseSensitivity: 0.2
18:00:15.799 [FXGL Background Thread 3 ] DEBUG Engine               - notificationViewClass: class com.almasb.fxgl.notification.view.XboxNotificationView
18:00:15.799 [FXGL Background Thread 3 ] DEBUG Engine               - pixelsPerMeter: 50.0
18:00:15.799 [FXGL Background Thread 3 ] DEBUG Engine               - platform: WINDOWS
18:00:15.799 [FXGL Background Thread 3 ] DEBUG Engine               - prefHeightProperty: ReadOnlyDoubleProperty [value: 1080.0]
18:00:15.799 [FXGL Background Thread 3 ] DEBUG Engine               - prefWidthProperty: ReadOnlyDoubleProperty [value: 1920.0]
18:00:15.800 [FXGL Background Thread 3 ] DEBUG Engine               - profileDir: profiles/
18:00:15.802 [FXGL Background Thread 3 ] DEBUG Engine               - profileName: StringProperty [value: DEFAULT]
18:00:15.802 [FXGL Background Thread 3 ] DEBUG Engine               - randomSeed: -1
18:00:15.802 [FXGL Background Thread 3 ] DEBUG Engine               - runtimeInfo: RuntimeInfo(platform=WINDOWS, version=11.17, build=16.07.2021 15.46)
18:00:15.802 [FXGL Background Thread 3 ] DEBUG Engine               - saveFileExt: sav
18:00:15.802 [FXGL Background Thread 3 ] DEBUG Engine               - scaledHeightProp$fxgl: DoubleProperty [bound, value: 720.0]
18:00:15.802 [FXGL Background Thread 3 ] DEBUG Engine               - scaledWidthProp$fxgl: DoubleProperty [bound, value: 1255.0]
18:00:15.802 [FXGL Background Thread 3 ] DEBUG Engine               - sceneFactory: com.example.demo.Factory.MySceneFactory@78edca3f
18:00:15.803 [FXGL Background Thread 3 ] DEBUG Engine               - secondsIn24h: 60
18:00:15.803 [FXGL Background Thread 3 ] DEBUG Engine               - soundMenuBack: menu/back.wav
18:00:15.803 [FXGL Background Thread 3 ] DEBUG Engine               - soundMenuPress: menu/press.wav
18:00:15.803 [FXGL Background Thread 3 ] DEBUG Engine               - soundMenuSelect: menu/select.wav
18:00:15.803 [FXGL Background Thread 3 ] DEBUG Engine               - soundNotification: core/notification.wav
18:00:15.803 [FXGL Background Thread 3 ] DEBUG Engine               - stageStyle: DECORATED
18:00:15.804 [FXGL Background Thread 3 ] DEBUG Engine               - supportedLanguages: [ENGLISH, FRENCH, GERMAN, HUNGARIAN, RUSSIAN]
18:00:15.804 [FXGL Background Thread 3 ] DEBUG Engine               - ticksPerSecond: -1
18:00:15.805 [FXGL Background Thread 3 ] DEBUG Engine               - title: Stictactics
18:00:15.806 [FXGL Background Thread 3 ] DEBUG Engine               - urlGithub: https://github.com/AlmasB/FXGL
18:00:15.807 [FXGL Background Thread 3 ] DEBUG Engine               - urlLeaderboard: http://fxgl-top.herokuapp.com/
18:00:15.807 [FXGL Background Thread 3 ] DEBUG Engine               - urlPOM: https://raw.githubusercontent.com/AlmasB/FXGL/release/README.md
18:00:15.808 [FXGL Background Thread 3 ] DEBUG Engine               - userAppClass: class com.example.demo.HelloController
18:00:15.808 [FXGL Background Thread 3 ] DEBUG Engine               - version: 0.0
18:00:15.808 [FXGL Background Thread 3 ] DEBUG Engine               - versionCheckDays: 7
18:00:15.808 [FXGL Background Thread 3 ] DEBUG Engine               - width: 1920
18:00:15.808 [FXGL Background Thread 3 ] DEBUG Engine               - Logging services
18:00:15.808 [FXGL Background Thread 3 ] DEBUG Engine               - class com.almasb.fxgl.app.services.FXGLAssetLoaderService
18:00:15.808 [FXGL Background Thread 3 ] DEBUG Engine               - class com.almasb.fxgl.app.FXGLApplication$GameApplicationService
18:00:15.810 [FXGL Background Thread 3 ] DEBUG Engine               - class com.almasb.fxgl.app.services.FXGLDialogService
18:00:15.810 [FXGL Background Thread 3 ] DEBUG Engine               - class com.almasb.fxgl.app.services.IOTaskExecutorService
18:00:15.810 [FXGL Background Thread 3 ] DEBUG Engine               - class com.almasb.fxgl.io.FileSystemService
18:00:15.810 [FXGL Background Thread 3 ] DEBUG Engine               - class com.almasb.fxgl.localization.LocalizationService
18:00:15.810 [FXGL Background Thread 3 ] DEBUG Engine               - class com.almasb.fxgl.app.services.SystemBundleService
18:00:15.811 [FXGL Background Thread 3 ] DEBUG Engine               - class com.almasb.fxgl.profile.SaveLoadService
18:00:15.811 [FXGL Background Thread 3 ] DEBUG Engine               - class com.almasb.fxgl.ui.FXGLUIFactoryServiceProvider
18:00:15.811 [FXGL Background Thread 3 ] DEBUG Engine               - class com.almasb.fxgl.ui.FXGLDialogFactoryServiceProvider
18:00:15.811 [FXGL Background Thread 3 ] DEBUG Engine               - class com.almasb.fxgl.audio.AudioPlayer
18:00:15.811 [FXGL Background Thread 3 ] DEBUG Engine               - class com.almasb.fxgl.notification.impl.NotificationServiceProvider
18:00:15.811 [FXGL Background Thread 3 ] DEBUG Engine               - class com.almasb.fxgl.achievement.AchievementService
18:00:15.811 [FXGL Background Thread 3 ] DEBUG Engine               - class com.almasb.fxgl.cutscene.CutsceneService
18:00:15.811 [FXGL Background Thread 3 ] DEBUG Engine               - class com.almasb.fxgl.minigames.MiniGameService
18:00:15.811 [FXGL Background Thread 3 ] DEBUG Engine               - class com.almasb.fxgl.net.NetService
18:00:15.811 [FXGL Background Thread 3 ] DEBUG Engine               - class com.almasb.fxgl.app.services.UpdaterService
18:00:15.811 [FXGL Background Thread 3 ] DEBUG Engine               - class com.almasb.fxgl.dev.DevService
18:00:17.654 [JavaFX Application Thread] DEBUG Menu                 - fireNewGame()
18:00:17.654 [JavaFX Application Thread] DEBUG GameApplicationServi - Starting new game
18:00:17.655 [JavaFX Application Thread] DEBUG PrimaryStageWindow   - Pop state: CustomMainMenu
18:00:17.655 [JavaFX Application Thread] DEBUG Input                - Clearing active input actions
18:00:17.655 [JavaFX Application Thread] DEBUG GameApplicationServi - Removing overlay from CustomMainMenu and adding to FXGLMainMenuDummyScene
18:00:17.655 [JavaFX Application Thread] DEBUG PrimaryStageWindow   - FXGLMainMenuDummyScene <- CustomMainMenu
18:00:17.655 [JavaFX Application Thread] DEBUG Input                - Clearing active input actions
18:00:17.674 [JavaFX Application Thread] DEBUG GameApplicationServi - Removing overlay from FXGLMainMenuDummyScene and adding to FXGLLoadingScene
18:00:17.674 [JavaFX Application Thread] DEBUG PrimaryStageWindow   - FXGLMainMenuDummyScene -> FXGLLoadingScene
18:00:17.674 [JavaFX Application Thread] DEBUG GameApplicationServi - Clearing previous game
18:00:17.674 [JavaFX Application Thread] DEBUG GameScene            - Clearing game scene
18:00:17.674 [JavaFX Application Thread] DEBUG GameWorld            - Clearing game world
18:00:17.675 [JavaFX Application Thread] DEBUG PhysicsWorld         - Clearing physics world
18:00:17.696 [FXGL Background Thread 2 ] DEBUG FXGLApplication      - Initializing game
18:00:18.057 [FXGL Background Thread 2 ] WARN  TMXLevelLoader       - TiledMap generated from 1.11.2. Supported version: 1.2.3. Some features may not be parsed fully.
18:00:18.081 [FXGL Background Thread 2 ] DEBUG TMXLevelLoader       - Parsed TiledMap: file:/C:/Users/zyla/demoGame4OOP/target/classes/assets/levels/tmx/map3.tmx
18:00:18.084 [FXGL Background Thread 2 ] DEBUG TMXLevelLoader       - Creating tile layer entities
18:00:18.086 [FXGL Background Thread 2 ] DEBUG TilesetLoader        - Loading view for layer Tile Layer 1
18:00:18.091 [FXGL Background Thread 2 ] DEBUG TilesetLoader        - Created buffer with size 1920.0x1088.0
18:00:18.316 [FXGL Background Thread 2 ] DEBUG TMXLevelLoader       - Creating object layer entities
18:00:18.348 [FXGL Background Thread 2 ] DEBUG GameWorld            - Clearing removable entities
18:00:18.348 [FXGL Background Thread 2 ] DEBUG GameWorld            - Setting level: com.almasb.fxgl.entity.level.Level@7ef23c0c
18:00:18.433 [FXGL Background Thread 2 ] DEBUG FXGLAssetLoaderServi - Loading from file system: file:/C:/Users/zyla/demoGame4OOP/target/classes/assets/textures/elite/elite_idle.png
18:00:18.456 [FXGL Background Thread 2 ] DEBUG FXGLAssetLoaderServi - Loading from file system: file:/C:/Users/zyla/demoGame4OOP/target/classes/assets/textures/elite/elite_walk.png
18:00:18.468 [FXGL Background Thread 2 ] DEBUG FXGLAssetLoaderServi - Loading from file system: file:/C:/Users/zyla/demoGame4OOP/target/classes/assets/textures/elite/elite_attack_enhanced.png
18:00:18.500 [FXGL Background Thread 2 ] DEBUG FXGLAssetLoaderServi - Loading from file system: file:/C:/Users/zyla/demoGame4OOP/target/classes/assets/textures/elite/elite_jump.png
18:00:18.511 [FXGL Background Thread 2 ] DEBUG FXGLAssetLoaderServi - Loading from file system: file:/C:/Users/zyla/demoGame4OOP/target/classes/assets/textures/elite/elite_attack.png
18:00:18.521 [FXGL Background Thread 2 ] DEBUG FXGLAssetLoaderServi - Loading from file system: file:/C:/Users/zyla/demoGame4OOP/target/classes/assets/textures/elite/elite_ult.png
18:00:18.534 [FXGL Background Thread 2 ] DEBUG FXGLAssetLoaderServi - Loading from file system: file:/C:/Users/zyla/demoGame4OOP/target/classes/assets/textures/elite/elite_hit.png
18:00:18.580 [FXGL Background Thread 2 ] DEBUG FXGLAssetLoaderServi - Loading from file system: file:/C:/Users/zyla/demoGame4OOP/target/classes/assets/textures/female/female_idle.png
18:00:18.590 [FXGL Background Thread 2 ] DEBUG FXGLAssetLoaderServi - Loading from file system: file:/C:/Users/zyla/demoGame4OOP/target/classes/assets/textures/female/female_walk.png
18:00:18.605 [FXGL Background Thread 2 ] DEBUG FXGLAssetLoaderServi - Loading from file system: file:/C:/Users/zyla/demoGame4OOP/target/classes/assets/textures/female/female_attack_enhanced.png
18:00:18.643 [FXGL Background Thread 2 ] DEBUG FXGLAssetLoaderServi - Loading from file system: file:/C:/Users/zyla/demoGame4OOP/target/classes/assets/textures/female/female_jump.png
18:00:18.667 [FXGL Background Thread 2 ] DEBUG FXGLAssetLoaderServi - Loading from file system: file:/C:/Users/zyla/demoGame4OOP/target/classes/assets/textures/female/female_attack.png
18:00:18.682 [FXGL Background Thread 2 ] DEBUG FXGLAssetLoaderServi - Loading from file system: file:/C:/Users/zyla/demoGame4OOP/target/classes/assets/textures/female/female_ult.png
18:00:18.693 [FXGL Background Thread 2 ] DEBUG FXGLAssetLoaderServi - Loading from file system: file:/C:/Users/zyla/demoGame4OOP/target/classes/assets/textures/female/female_hit.png
18:00:18.713 [FXGL Background Thread 2 ] INFO  FXGLApplication      - Game initialization took: 1.016 sec
18:00:18.716 [JavaFX Application Thread] DEBUG Input                - Clearing active input actions
18:00:18.737 [JavaFX Application Thread] DEBUG GameApplicationServi - Removing overlay from FXGLLoadingScene and adding to GameScene
18:00:18.737 [JavaFX Application Thread] DEBUG PrimaryStageWindow   - FXGLLoadingScene -> GameScene
18:00:24.049 [JavaFX Application Thread] DEBUG PrimaryStageWindow   - Push state: CustomPauseMenu
18:00:24.051 [JavaFX Application Thread] DEBUG Input                - Clearing active input actions
18:00:24.053 [JavaFX Application Thread] DEBUG GameApplicationServi - Removing overlay from GameScene and adding to CustomPauseMenu
18:00:24.053 [JavaFX Application Thread] DEBUG PrimaryStageWindow   - GameScene -> CustomPauseMenu
18:00:25.485 [JavaFX Application Thread] DEBUG Menu                 - fireExitToMainMenu()
18:00:25.535 [JavaFX Application Thread] DEBUG PrimaryStageWindow   - Push state: DialogSubScene
18:00:25.536 [JavaFX Application Thread] DEBUG Input                - Clearing active input actions
18:00:25.537 [JavaFX Application Thread] DEBUG GameApplicationServi - Removing overlay from CustomPauseMenu and adding to DialogSubScene
18:00:25.538 [JavaFX Application Thread] DEBUG PrimaryStageWindow   - CustomPauseMenu -> DialogSubScene
18:00:26.301 [JavaFX Application Thread] DEBUG PrimaryStageWindow   - Pop state: DialogSubScene
18:00:26.301 [JavaFX Application Thread] DEBUG Input                - Clearing active input actions
18:00:26.302 [JavaFX Application Thread] DEBUG GameApplicationServi - Removing overlay from DialogSubScene and adding to CustomPauseMenu
18:00:26.302 [JavaFX Application Thread] DEBUG PrimaryStageWindow   - CustomPauseMenu <- DialogSubScene
18:00:26.302 [JavaFX Application Thread] DEBUG PrimaryStageWindow   - Pop state: CustomPauseMenu
18:00:26.302 [JavaFX Application Thread] DEBUG Input                - Clearing active input actions
18:00:26.302 [JavaFX Application Thread] DEBUG GameApplicationServi - Removing overlay from CustomPauseMenu and adding to GameScene
18:00:26.302 [JavaFX Application Thread] DEBUG PrimaryStageWindow   - GameScene <- CustomPauseMenu
18:00:26.303 [JavaFX Application Thread] DEBUG Input                - Clearing active input actions
18:00:26.310 [JavaFX Application Thread] DEBUG GameApplicationServi - Removing overlay from GameScene and adding to FXGLMainMenuDummyScene
18:00:26.310 [JavaFX Application Thread] DEBUG PrimaryStageWindow   - GameScene -> FXGLMainMenuDummyScene
18:00:26.310 [JavaFX Application Thread] DEBUG PrimaryStageWindow   - Push state: CustomMainMenu
18:00:26.310 [JavaFX Application Thread] DEBUG Input                - Clearing active input actions
18:00:26.314 [JavaFX Application Thread] DEBUG GameApplicationServi - Removing overlay from FXGLMainMenuDummyScene and adding to CustomMainMenu
18:00:26.315 [JavaFX Application Thread] DEBUG PrimaryStageWindow   - FXGLMainMenuDummyScene -> CustomMainMenu
18:00:27.438 [JavaFX Application Thread] DEBUG Menu                 - fireNewGame()
18:00:27.438 [JavaFX Application Thread] DEBUG GameApplicationServi - Starting new game
18:00:27.438 [JavaFX Application Thread] DEBUG PrimaryStageWindow   - Pop state: CustomMainMenu
18:00:27.438 [JavaFX Application Thread] DEBUG Input                - Clearing active input actions
18:00:27.438 [JavaFX Application Thread] DEBUG GameApplicationServi - Removing overlay from CustomMainMenu and adding to FXGLMainMenuDummyScene
18:00:27.438 [JavaFX Application Thread] DEBUG PrimaryStageWindow   - FXGLMainMenuDummyScene <- CustomMainMenu
18:00:27.438 [JavaFX Application Thread] DEBUG Input                - Clearing active input actions
18:00:27.444 [JavaFX Application Thread] DEBUG GameApplicationServi - Removing overlay from FXGLMainMenuDummyScene and adding to FXGLLoadingScene
18:00:27.444 [JavaFX Application Thread] DEBUG PrimaryStageWindow   - FXGLMainMenuDummyScene -> FXGLLoadingScene
18:00:27.444 [JavaFX Application Thread] DEBUG GameApplicationServi - Clearing previous game
18:00:27.444 [JavaFX Application Thread] DEBUG GameScene            - Clearing game scene
18:00:27.444 [JavaFX Application Thread] DEBUG GameWorld            - Clearing game world
18:00:27.447 [JavaFX Application Thread] DEBUG PhysicsWorld         - Clearing physics world
18:00:27.448 [FXGL Background Thread 2 ] DEBUG FXGLApplication      - Initializing game
18:00:27.471 [FXGL Background Thread 2 ] WARN  TMXLevelLoader       - TiledMap generated from 1.11.2. Supported version: 1.2.3. Some features may not be parsed fully.
18:00:27.478 [FXGL Background Thread 2 ] DEBUG TMXLevelLoader       - Parsed TiledMap: file:/C:/Users/zyla/demoGame4OOP/target/classes/assets/levels/tmx/map6.tmx
18:00:27.479 [FXGL Background Thread 2 ] DEBUG TMXLevelLoader       - Creating tile layer entities
18:00:27.480 [FXGL Background Thread 2 ] DEBUG TilesetLoader        - Loading view for layer Tile Layer 1
18:00:27.502 [FXGL Background Thread 2 ] DEBUG TilesetLoader        - Created buffer with size 1920.0x1088.0
18:00:27.650 [FXGL Background Thread 2 ] DEBUG TMXLevelLoader       - Creating object layer entities
18:00:27.651 [FXGL Background Thread 2 ] DEBUG GameWorld            - Clearing removable entities
18:00:27.652 [FXGL Background Thread 2 ] DEBUG GameWorld            - Setting level: com.almasb.fxgl.entity.level.Level@62e74501
18:00:27.661 [FXGL Background Thread 2 ] INFO  FXGLApplication      - Game initialization took: 0.212 sec
18:00:27.672 [JavaFX Application Thread] DEBUG Input                - Clearing active input actions
18:00:27.678 [JavaFX Application Thread] DEBUG GameApplicationServi - Removing overlay from FXGLLoadingScene and adding to GameScene
18:00:27.679 [JavaFX Application Thread] DEBUG PrimaryStageWindow   - FXGLLoadingScene -> GameScene
18:00:38.131 [JavaFX Application Thread] DEBUG PrimaryStageWindow   - Push state: CustomPauseMenu
18:00:38.131 [JavaFX Application Thread] DEBUG Input                - Clearing active input actions
18:00:38.133 [JavaFX Application Thread] DEBUG GameApplicationServi - Removing overlay from GameScene and adding to CustomPauseMenu
18:00:38.134 [JavaFX Application Thread] DEBUG PrimaryStageWindow   - GameScene -> CustomPauseMenu
18:00:38.987 [JavaFX Application Thread] DEBUG Menu                 - fireExitToMainMenu()
18:00:38.988 [JavaFX Application Thread] DEBUG PrimaryStageWindow   - Push state: DialogSubScene
18:00:38.988 [JavaFX Application Thread] DEBUG Input                - Clearing active input actions
18:00:38.989 [JavaFX Application Thread] DEBUG GameApplicationServi - Removing overlay from CustomPauseMenu and adding to DialogSubScene
18:00:38.989 [JavaFX Application Thread] DEBUG PrimaryStageWindow   - CustomPauseMenu -> DialogSubScene
18:00:39.586 [JavaFX Application Thread] DEBUG PrimaryStageWindow   - Pop state: DialogSubScene
18:00:39.586 [JavaFX Application Thread] DEBUG Input                - Clearing active input actions
18:00:39.587 [JavaFX Application Thread] DEBUG GameApplicationServi - Removing overlay from DialogSubScene and adding to CustomPauseMenu
18:00:39.587 [JavaFX Application Thread] DEBUG PrimaryStageWindow   - CustomPauseMenu <- DialogSubScene
18:00:39.589 [JavaFX Application Thread] DEBUG PrimaryStageWindow   - Pop state: CustomPauseMenu
18:00:39.589 [JavaFX Application Thread] DEBUG Input                - Clearing active input actions
18:00:39.589 [JavaFX Application Thread] DEBUG GameApplicationServi - Removing overlay from CustomPauseMenu and adding to GameScene
18:00:39.589 [JavaFX Application Thread] DEBUG PrimaryStageWindow   - GameScene <- CustomPauseMenu
18:00:39.589 [JavaFX Application Thread] DEBUG Input                - Clearing active input actions
18:00:39.593 [JavaFX Application Thread] DEBUG GameApplicationServi - Removing overlay from GameScene and adding to FXGLMainMenuDummyScene
18:00:39.593 [JavaFX Application Thread] DEBUG PrimaryStageWindow   - GameScene -> FXGLMainMenuDummyScene
18:00:39.593 [JavaFX Application Thread] DEBUG PrimaryStageWindow   - Push state: CustomMainMenu
18:00:39.593 [JavaFX Application Thread] DEBUG Input                - Clearing active input actions
18:00:39.595 [JavaFX Application Thread] DEBUG GameApplicationServi - Removing overlay from FXGLMainMenuDummyScene and adding to CustomMainMenu
18:00:39.595 [JavaFX Application Thread] DEBUG PrimaryStageWindow   - FXGLMainMenuDummyScene -> CustomMainMenu
18:00:41.403 [JavaFX Application Thread] DEBUG Menu                 - fireNewGame()
18:00:41.403 [JavaFX Application Thread] DEBUG GameApplicationServi - Starting new game
18:00:41.403 [JavaFX Application Thread] DEBUG PrimaryStageWindow   - Pop state: CustomMainMenu
18:00:41.403 [JavaFX Application Thread] DEBUG Input                - Clearing active input actions
18:00:41.404 [JavaFX Application Thread] DEBUG GameApplicationServi - Removing overlay from CustomMainMenu and adding to FXGLMainMenuDummyScene
18:00:41.405 [JavaFX Application Thread] DEBUG PrimaryStageWindow   - FXGLMainMenuDummyScene <- CustomMainMenu
18:00:41.405 [JavaFX Application Thread] DEBUG Input                - Clearing active input actions
18:00:41.412 [JavaFX Application Thread] DEBUG GameApplicationServi - Removing overlay from FXGLMainMenuDummyScene and adding to FXGLLoadingScene
18:00:41.413 [JavaFX Application Thread] DEBUG PrimaryStageWindow   - FXGLMainMenuDummyScene -> FXGLLoadingScene
18:00:41.413 [JavaFX Application Thread] DEBUG GameApplicationServi - Clearing previous game
18:00:41.413 [JavaFX Application Thread] DEBUG GameScene            - Clearing game scene
18:00:41.413 [JavaFX Application Thread] DEBUG GameWorld            - Clearing game world
18:00:41.414 [JavaFX Application Thread] DEBUG PhysicsWorld         - Clearing physics world
18:00:41.418 [FXGL Background Thread 2 ] DEBUG FXGLApplication      - Initializing game
18:00:41.465 [FXGL Background Thread 2 ] WARN  TMXLevelLoader       - TiledMap generated from 1.11.2. Supported version: 1.2.3. Some features may not be parsed fully.
18:00:41.472 [FXGL Background Thread 2 ] DEBUG TMXLevelLoader       - Parsed TiledMap: file:/C:/Users/zyla/demoGame4OOP/target/classes/assets/levels/tmx/map4.tmx
18:00:41.472 [FXGL Background Thread 2 ] DEBUG TMXLevelLoader       - Creating tile layer entities
18:00:41.472 [FXGL Background Thread 2 ] DEBUG TilesetLoader        - Loading view for layer Tile Layer 1
18:00:41.474 [FXGL Background Thread 2 ] DEBUG TilesetLoader        - Created buffer with size 1920.0x1088.0
18:00:41.609 [FXGL Background Thread 2 ] DEBUG TMXLevelLoader       - Creating object layer entities
18:00:41.610 [FXGL Background Thread 2 ] DEBUG GameWorld            - Clearing removable entities
18:00:41.611 [FXGL Background Thread 2 ] DEBUG GameWorld            - Setting level: com.almasb.fxgl.entity.level.Level@188d9497
18:00:41.620 [FXGL Background Thread 2 ] INFO  FXGLApplication      - Game initialization took: 0.201 sec
18:00:41.633 [JavaFX Application Thread] DEBUG Input                - Clearing active input actions
18:00:41.639 [JavaFX Application Thread] DEBUG GameApplicationServi - Removing overlay from FXGLLoadingScene and adding to GameScene
18:00:41.639 [JavaFX Application Thread] DEBUG PrimaryStageWindow   - FXGLLoadingScene -> GameScene
18:01:23.986 [JavaFX Application Thread] DEBUG PrimaryStageWindow   - Push state: CustomPauseMenu
18:01:23.986 [JavaFX Application Thread] DEBUG Input                - Clearing active input actions
18:01:23.987 [JavaFX Application Thread] DEBUG GameApplicationServi - Removing overlay from GameScene and adding to CustomPauseMenu
18:01:23.987 [JavaFX Application Thread] DEBUG PrimaryStageWindow   - GameScene -> CustomPauseMenu
18:01:24.799 [JavaFX Application Thread] DEBUG Menu                 - fireExitToMainMenu()
18:01:24.801 [JavaFX Application Thread] DEBUG PrimaryStageWindow   - Push state: DialogSubScene
18:01:24.801 [JavaFX Application Thread] DEBUG Input                - Clearing active input actions
18:01:24.801 [JavaFX Application Thread] DEBUG GameApplicationServi - Removing overlay from CustomPauseMenu and adding to DialogSubScene
18:01:24.802 [JavaFX Application Thread] DEBUG PrimaryStageWindow   - CustomPauseMenu -> DialogSubScene
18:01:25.366 [JavaFX Application Thread] DEBUG PrimaryStageWindow   - Pop state: DialogSubScene
18:01:25.366 [JavaFX Application Thread] DEBUG Input                - Clearing active input actions
18:01:25.367 [JavaFX Application Thread] DEBUG GameApplicationServi - Removing overlay from DialogSubScene and adding to CustomPauseMenu
18:01:25.367 [JavaFX Application Thread] DEBUG PrimaryStageWindow   - CustomPauseMenu <- DialogSubScene
18:01:25.368 [JavaFX Application Thread] DEBUG PrimaryStageWindow   - Pop state: CustomPauseMenu
18:01:25.368 [JavaFX Application Thread] DEBUG Input                - Clearing active input actions
18:01:25.368 [JavaFX Application Thread] DEBUG GameApplicationServi - Removing overlay from CustomPauseMenu and adding to GameScene
18:01:25.368 [JavaFX Application Thread] DEBUG PrimaryStageWindow   - GameScene <- CustomPauseMenu
18:01:25.368 [JavaFX Application Thread] DEBUG Input                - Clearing active input actions
18:01:25.374 [JavaFX Application Thread] DEBUG GameApplicationServi - Removing overlay from GameScene and adding to FXGLMainMenuDummyScene
18:01:25.375 [JavaFX Application Thread] DEBUG PrimaryStageWindow   - GameScene -> FXGLMainMenuDummyScene
18:01:25.375 [JavaFX Application Thread] DEBUG PrimaryStageWindow   - Push state: CustomMainMenu
18:01:25.375 [JavaFX Application Thread] DEBUG Input                - Clearing active input actions
18:01:25.377 [JavaFX Application Thread] DEBUG GameApplicationServi - Removing overlay from FXGLMainMenuDummyScene and adding to CustomMainMenu
18:01:25.377 [JavaFX Application Thread] DEBUG PrimaryStageWindow   - FXGLMainMenuDummyScene -> CustomMainMenu
18:01:26.085 [JavaFX Application Thread] DEBUG Menu                 - fireNewGame()
18:01:26.085 [JavaFX Application Thread] DEBUG GameApplicationServi - Starting new game
18:01:26.085 [JavaFX Application Thread] DEBUG PrimaryStageWindow   - Pop state: CustomMainMenu
18:01:26.085 [JavaFX Application Thread] DEBUG Input                - Clearing active input actions
18:01:26.086 [JavaFX Application Thread] DEBUG GameApplicationServi - Removing overlay from CustomMainMenu and adding to FXGLMainMenuDummyScene
18:01:26.087 [JavaFX Application Thread] DEBUG PrimaryStageWindow   - FXGLMainMenuDummyScene <- CustomMainMenu
18:01:26.087 [JavaFX Application Thread] DEBUG Input                - Clearing active input actions
18:01:26.092 [JavaFX Application Thread] DEBUG GameApplicationServi - Removing overlay from FXGLMainMenuDummyScene and adding to FXGLLoadingScene
18:01:26.093 [JavaFX Application Thread] DEBUG PrimaryStageWindow   - FXGLMainMenuDummyScene -> FXGLLoadingScene
18:01:26.093 [JavaFX Application Thread] DEBUG GameApplicationServi - Clearing previous game
18:01:26.093 [JavaFX Application Thread] DEBUG GameScene            - Clearing game scene
18:01:26.093 [JavaFX Application Thread] DEBUG GameWorld            - Clearing game world
18:01:26.094 [JavaFX Application Thread] DEBUG PhysicsWorld         - Clearing physics world
18:01:26.095 [FXGL Background Thread 2 ] DEBUG FXGLApplication      - Initializing game
18:01:26.142 [FXGL Background Thread 2 ] WARN  TMXLevelLoader       - TiledMap generated from 1.11.2. Supported version: 1.2.3. Some features may not be parsed fully.
18:01:26.148 [FXGL Background Thread 2 ] DEBUG TMXLevelLoader       - Parsed TiledMap: file:/C:/Users/zyla/demoGame4OOP/target/classes/assets/levels/tmx/map2.tmx
18:01:26.148 [FXGL Background Thread 2 ] DEBUG TMXLevelLoader       - Creating tile layer entities
18:01:26.149 [FXGL Background Thread 2 ] DEBUG TilesetLoader        - Loading view for layer Tile Layer 1
18:01:26.158 [FXGL Background Thread 2 ] DEBUG TilesetLoader        - Created buffer with size 1984.0x1088.0
18:01:26.319 [FXGL Background Thread 2 ] DEBUG TMXLevelLoader       - Creating object layer entities
18:01:26.322 [FXGL Background Thread 2 ] DEBUG GameWorld            - Clearing removable entities
18:01:26.322 [FXGL Background Thread 2 ] DEBUG GameWorld            - Setting level: com.almasb.fxgl.entity.level.Level@3ce03613
18:01:26.331 [FXGL Background Thread 2 ] INFO  FXGLApplication      - Game initialization took: 0.237 sec
18:01:26.335 [JavaFX Application Thread] DEBUG Input                - Clearing active input actions
18:01:26.342 [JavaFX Application Thread] DEBUG GameApplicationServi - Removing overlay from FXGLLoadingScene and adding to GameScene
18:01:26.342 [JavaFX Application Thread] DEBUG PrimaryStageWindow   - FXGLLoadingScene -> GameScene
18:01:26.643 [JavaFX Application Thread] DEBUG PrimaryStageWindow   - Push state: CustomPauseMenu
18:01:26.643 [JavaFX Application Thread] DEBUG Input                - Clearing active input actions
18:01:26.643 [JavaFX Application Thread] DEBUG GameApplicationServi - Removing overlay from GameScene and adding to CustomPauseMenu
18:01:26.643 [JavaFX Application Thread] DEBUG PrimaryStageWindow   - GameScene -> CustomPauseMenu
18:01:27.200 [JavaFX Application Thread] DEBUG Menu                 - fireExitToMainMenu()
18:01:27.201 [JavaFX Application Thread] DEBUG PrimaryStageWindow   - Push state: DialogSubScene
18:01:27.201 [JavaFX Application Thread] DEBUG Input                - Clearing active input actions
18:01:27.202 [JavaFX Application Thread] DEBUG GameApplicationServi - Removing overlay from CustomPauseMenu and adding to DialogSubScene
18:01:27.203 [JavaFX Application Thread] DEBUG PrimaryStageWindow   - CustomPauseMenu -> DialogSubScene
18:01:27.661 [JavaFX Application Thread] DEBUG PrimaryStageWindow   - Pop state: DialogSubScene
18:01:27.662 [JavaFX Application Thread] DEBUG Input                - Clearing active input actions
18:01:27.663 [JavaFX Application Thread] DEBUG GameApplicationServi - Removing overlay from DialogSubScene and adding to CustomPauseMenu
18:01:27.663 [JavaFX Application Thread] DEBUG PrimaryStageWindow   - CustomPauseMenu <- DialogSubScene
18:01:27.663 [JavaFX Application Thread] DEBUG PrimaryStageWindow   - Pop state: CustomPauseMenu
18:01:27.663 [JavaFX Application Thread] DEBUG Input                - Clearing active input actions
18:01:27.664 [JavaFX Application Thread] DEBUG GameApplicationServi - Removing overlay from CustomPauseMenu and adding to GameScene
18:01:27.664 [JavaFX Application Thread] DEBUG PrimaryStageWindow   - GameScene <- CustomPauseMenu
18:01:27.664 [JavaFX Application Thread] DEBUG Input                - Clearing active input actions
18:01:27.669 [JavaFX Application Thread] DEBUG GameApplicationServi - Removing overlay from GameScene and adding to FXGLMainMenuDummyScene
18:01:27.670 [JavaFX Application Thread] DEBUG PrimaryStageWindow   - GameScene -> FXGLMainMenuDummyScene
18:01:27.670 [JavaFX Application Thread] DEBUG PrimaryStageWindow   - Push state: CustomMainMenu
18:01:27.670 [JavaFX Application Thread] DEBUG Input                - Clearing active input actions
18:01:27.671 [JavaFX Application Thread] DEBUG GameApplicationServi - Removing overlay from FXGLMainMenuDummyScene and adding to CustomMainMenu
18:01:27.671 [JavaFX Application Thread] DEBUG PrimaryStageWindow   - FXGLMainMenuDummyScene -> CustomMainMenu
18:01:30.189 [JavaFX Application Thread] DEBUG Menu                 - fireNewGame()
18:01:30.189 [JavaFX Application Thread] DEBUG GameApplicationServi - Starting new game
18:01:30.189 [JavaFX Application Thread] DEBUG PrimaryStageWindow   - Pop state: CustomMainMenu
18:01:30.189 [JavaFX Application Thread] DEBUG Input                - Clearing active input actions
18:01:30.189 [JavaFX Application Thread] DEBUG GameApplicationServi - Removing overlay from CustomMainMenu and adding to FXGLMainMenuDummyScene
18:01:30.189 [JavaFX Application Thread] DEBUG PrimaryStageWindow   - FXGLMainMenuDummyScene <- CustomMainMenu
18:01:30.189 [JavaFX Application Thread] DEBUG Input                - Clearing active input actions
18:01:30.194 [JavaFX Application Thread] DEBUG GameApplicationServi - Removing overlay from FXGLMainMenuDummyScene and adding to FXGLLoadingScene
18:01:30.194 [JavaFX Application Thread] DEBUG PrimaryStageWindow   - FXGLMainMenuDummyScene -> FXGLLoadingScene
18:01:30.194 [JavaFX Application Thread] DEBUG GameApplicationServi - Clearing previous game
18:01:30.194 [JavaFX Application Thread] DEBUG GameScene            - Clearing game scene
18:01:30.194 [JavaFX Application Thread] DEBUG GameWorld            - Clearing game world
18:01:30.196 [JavaFX Application Thread] DEBUG PhysicsWorld         - Clearing physics world
18:01:30.196 [FXGL Background Thread 2 ] DEBUG FXGLApplication      - Initializing game
18:01:30.211 [FXGL Background Thread 2 ] WARN  TMXLevelLoader       - TiledMap generated from 1.11.2. Supported version: 1.2.3. Some features may not be parsed fully.
18:01:30.218 [FXGL Background Thread 2 ] DEBUG TMXLevelLoader       - Parsed TiledMap: file:/C:/Users/zyla/demoGame4OOP/target/classes/assets/levels/tmx/map5.tmx
18:01:30.218 [FXGL Background Thread 2 ] DEBUG TMXLevelLoader       - Creating tile layer entities
18:01:30.218 [FXGL Background Thread 2 ] DEBUG TilesetLoader        - Loading view for layer Tile Layer 1
18:01:30.223 [FXGL Background Thread 2 ] DEBUG TilesetLoader        - Created buffer with size 1920.0x1088.0
18:01:30.351 [FXGL Background Thread 2 ] DEBUG TMXLevelLoader       - Creating object layer entities
18:01:30.352 [FXGL Background Thread 2 ] DEBUG GameWorld            - Clearing removable entities
18:01:30.352 [FXGL Background Thread 2 ] DEBUG GameWorld            - Setting level: com.almasb.fxgl.entity.level.Level@7246cc4
18:01:30.367 [FXGL Background Thread 2 ] INFO  FXGLApplication      - Game initialization took: 0.171 sec
18:01:30.425 [JavaFX Application Thread] DEBUG Input                - Clearing active input actions
18:01:30.435 [JavaFX Application Thread] DEBUG GameApplicationServi - Removing overlay from FXGLLoadingScene and adding to GameScene
18:01:30.435 [JavaFX Application Thread] DEBUG PrimaryStageWindow   - FXGLLoadingScene -> GameScene
18:01:30.786 [JavaFX Application Thread] DEBUG PrimaryStageWindow   - Push state: CustomPauseMenu
18:01:30.786 [JavaFX Application Thread] DEBUG Input                - Clearing active input actions
18:01:30.787 [JavaFX Application Thread] DEBUG GameApplicationServi - Removing overlay from GameScene and adding to CustomPauseMenu
18:01:30.787 [JavaFX Application Thread] DEBUG PrimaryStageWindow   - GameScene -> CustomPauseMenu
18:01:31.372 [JavaFX Application Thread] DEBUG Menu                 - fireExitToMainMenu()
18:01:31.372 [JavaFX Application Thread] DEBUG PrimaryStageWindow   - Push state: DialogSubScene
18:01:31.372 [JavaFX Application Thread] DEBUG Input                - Clearing active input actions
18:01:31.373 [JavaFX Application Thread] DEBUG GameApplicationServi - Removing overlay from CustomPauseMenu and adding to DialogSubScene
18:01:31.373 [JavaFX Application Thread] DEBUG PrimaryStageWindow   - CustomPauseMenu -> DialogSubScene
18:01:31.788 [JavaFX Application Thread] DEBUG PrimaryStageWindow   - Pop state: DialogSubScene
18:01:31.788 [JavaFX Application Thread] DEBUG Input                - Clearing active input actions
18:01:31.788 [JavaFX Application Thread] DEBUG GameApplicationServi - Removing overlay from DialogSubScene and adding to CustomPauseMenu
18:01:31.789 [JavaFX Application Thread] DEBUG PrimaryStageWindow   - CustomPauseMenu <- DialogSubScene
18:01:31.789 [JavaFX Application Thread] DEBUG PrimaryStageWindow   - Pop state: CustomPauseMenu
18:01:31.789 [JavaFX Application Thread] DEBUG Input                - Clearing active input actions
18:01:31.789 [JavaFX Application Thread] DEBUG GameApplicationServi - Removing overlay from CustomPauseMenu and adding to GameScene
18:01:31.789 [JavaFX Application Thread] DEBUG PrimaryStageWindow   - GameScene <- CustomPauseMenu
18:01:31.789 [JavaFX Application Thread] DEBUG Input                - Clearing active input actions
18:01:31.799 [JavaFX Application Thread] DEBUG GameApplicationServi - Removing overlay from GameScene and adding to FXGLMainMenuDummyScene
18:01:31.799 [JavaFX Application Thread] DEBUG PrimaryStageWindow   - GameScene -> FXGLMainMenuDummyScene
18:01:31.799 [JavaFX Application Thread] DEBUG PrimaryStageWindow   - Push state: CustomMainMenu
18:01:31.799 [JavaFX Application Thread] DEBUG Input                - Clearing active input actions
18:01:31.800 [JavaFX Application Thread] DEBUG GameApplicationServi - Removing overlay from FXGLMainMenuDummyScene and adding to CustomMainMenu
18:01:31.800 [JavaFX Application Thread] DEBUG PrimaryStageWindow   - FXGLMainMenuDummyScene -> CustomMainMenu
18:01:32.717 [JavaFX Application Thread] DEBUG PrimaryStageWindow   - Push state: DialogSubScene
18:01:32.717 [JavaFX Application Thread] DEBUG Input                - Clearing active input actions
18:01:32.718 [JavaFX Application Thread] DEBUG GameApplicationServi - Removing overlay from CustomMainMenu and adding to DialogSubScene
18:01:32.718 [JavaFX Application Thread] DEBUG PrimaryStageWindow   - CustomMainMenu -> DialogSubScene
18:01:33.884 [JavaFX Application Thread] DEBUG PrimaryStageWindow   - Pop state: DialogSubScene
18:01:33.885 [JavaFX Application Thread] DEBUG Input                - Clearing active input actions
18:01:33.885 [JavaFX Application Thread] DEBUG GameApplicationServi - Removing overlay from DialogSubScene and adding to CustomMainMenu
18:01:33.885 [JavaFX Application Thread] DEBUG PrimaryStageWindow   - CustomMainMenu <- DialogSubScene
18:01:33.885 [JavaFX Application Thread] DEBUG FXGLApplication      - Exiting FXGL
18:01:33.885 [JavaFX Application Thread] DEBUG LoopRunner           - Stopping loop
18:01:33.886 [JavaFX Application Thread] DEBUG SystemBundleService  - Saving FXGL system data
18:01:33.890 [JavaFX Application Thread] DEBUG FileSystemAccess     - Writing to: C:\Users\zyla\demoGame4OOP\system\fxgl.bundle
18:01:33.894 [JavaFX Application Thread] DEBUG Async                - Shutting down background threads
18:01:33.895 [JavaFX Application Thread] DEBUG PrimaryStageWindow   - Closing main window
18:01:33.922 [JavaFX Application Thread] DEBUG Logger               - Closing Logger
