13:29:54.308 [main                     ] DEBUG Logger               - Configured Logger
13:29:54.310 [main                     ] DEBUG GameApplication      - Logging settings
Title: Stictactics
Version: 0.0
Width: 1984
Height: 1088
Fullscreen: false
Intro: false
Profiling: false
Single step:false
App Mode: DEVELOPER
Menu Key: ESCAPE
Stage Style: DECORATED
Scene Factory: class com.almasb.fxgl.app.scene.SceneFactory

13:29:54.707 [JavaFX Application Thread] DEBUG FXGLApplication      - Initializing FXGL
13:29:54.709 [JavaFX Application Thread] INFO  Engine               - FXGL-11.17 (16.07.2021 15.46) on WINDOWS (J:23.0.2 FX:17.0.6)
13:29:54.709 [JavaFX Application Thread] DEBUG Engine               - JRE Vendor Name: Oracle Corporation
13:29:54.710 [JavaFX Application Thread] DEBUG Engine               - Running on OS: Windows 11 version 10.0
13:29:54.710 [JavaFX Application Thread] DEBUG Engine               - Architecture: amd64
13:29:54.710 [JavaFX Application Thread] INFO  Engine               - Source code and latest versions at: https://github.com/AlmasB/FXGL
13:29:54.710 [JavaFX Application Thread] INFO  Engine               -              Join the FXGL chat at: https://gitter.im/AlmasB/FXGL
13:29:54.837 [JavaFX Application Thread] DEBUG PrimaryStageWindow   - Creating a JavaFX scene
13:29:54.837 [JavaFX Application Thread] DEBUG PrimaryStageWindow   - Target size > screen size
13:29:54.892 [JavaFX Application Thread] DEBUG PrimaryStageWindow   - Target settings size: 1984.0 x 1088.0
13:29:54.892 [JavaFX Application Thread] DEBUG PrimaryStageWindow   - Scaled scene size:    1287.0 x 719.0
13:29:54.892 [JavaFX Application Thread] DEBUG PrimaryStageWindow   - Scaled ratio: (0.6486895161290323, 0.6608455882352942)
13:29:54.893 [JavaFX Application Thread] DEBUG PrimaryStageWindow   - Set initial scene to FXGLStartupScene
13:29:54.901 [JavaFX Application Thread] DEBUG PrimaryStageWindow   - Opening main window
13:29:55.008 [JavaFX Application Thread] DEBUG PrimaryStageWindow   - Window border size: (16.0, 39.0)
13:29:55.008 [JavaFX Application Thread] DEBUG PrimaryStageWindow   - Scaled size: 1287.0 x 719.0
13:29:55.008 [JavaFX Application Thread] DEBUG PrimaryStageWindow   - Scaled ratio: (0.6486895161290323, 0.6608455882352942)
13:29:55.008 [JavaFX Application Thread] DEBUG PrimaryStageWindow   - Scene size: 1287.0 x 719.0
13:29:55.008 [JavaFX Application Thread] DEBUG PrimaryStageWindow   - Stage size: 1303.0 x 758.0
13:29:55.021 [FXGL Background Thread 1 ] DEBUG Engine               - Initializing environment variables
13:29:55.175 [FXGL Background Thread 1 ] DEBUG FXGLAssetLoaderServi - User app class for loading assets: class com.example.demo.HelloApplication
13:29:55.175 [FXGL Background Thread 1 ] DEBUG GameApplicationServi - Applying CSS: fxgl_dark.css
13:29:55.176 [FXGL Background Thread 1 ] DEBUG FXGLAssetLoaderServi - Loading from file system: jar:file:///C:/Users/zyla/.m2/repository/com/github/almasb/fxgl/11.17/fxgl-11.17.jar!/fxglassets/ui/css/fxgl_dark.css
13:29:55.256 [FXGL Background Thread 1 ] DEBUG GameApplicationServi - Initializing application scenes
13:29:55.444 [FXGL Background Thread 1 ] DEBUG GameWorld            - Game world initialized
13:29:55.526 [FXGL Background Thread 1 ] DEBUG PhysicsWorld         - Physics world initialized: appHeight=1088, physics.ppm=50.0
13:29:55.526 [FXGL Background Thread 1 ] DEBUG PhysicsWorld         - Using strategy: BRUTE_FORCE
13:29:55.529 [FXGL Background Thread 1 ] DEBUG GameScene            - Game scene initialized: 1984x1088
13:29:55.545 [FXGL Background Thread 1 ] DEBUG FXGL.DefaultMenu     - createMenuBodyMainMenu()
13:29:55.564 [FXGL Background Thread 1 ] DEBUG FXGL.DefaultMenu     - createOptionsMenu()
13:29:55.578 [FXGL Background Thread 1 ] DEBUG FXGLAssetLoaderServi - Loading from file system: jar:file:///C:/Users/zyla/.m2/repository/com/github/almasb/fxgl/11.17/fxgl-11.17.jar!/fxglassets/textures/particles/smoke.png
13:29:55.721 [FXGL Background Thread 1 ] DEBUG FXGLAssetLoaderServi - Loading from file system: jar:file:///C:/Users/zyla/.m2/repository/com/github/almasb/fxgl/11.17/fxgl-11.17.jar!/fxglassets/textures/particles/trace_horizontal.png
13:29:55.773 [FXGL Background Thread 1 ] DEBUG GameApplicationServi - Application scenes initialized
13:29:55.789 [FXGL Background Thread 1 ] DEBUG SystemBundleService  - Loading FXGL system data
13:29:55.802 [FXGL Background Thread 1 ] DEBUG FileSystemAccess     - Reading from: C:\Users\zyla\demo\system\fxgl.bundle
13:29:55.811 [FXGL Background Thread 1 ] DEBUG SystemBundleService  - Bundle FXGL: {}
13:29:55.811 [FXGL Background Thread 1 ] DEBUG UpdaterService       - Checking for updates
13:29:55.816 [FXGL Background Thread 4 ] DEBUG FXGLApplication      - Loading fonts
13:29:55.817 [FXGL Background Thread 1 ] DEBUG FXGLApplication      - Loading default localization
13:29:55.817 [FXGL Background Thread 4 ] DEBUG FXGLAssetLoaderServi - Loading from file system: jar:file:///C:/Users/zyla/.m2/repository/com/github/almasb/fxgl/11.17/fxgl-11.17.jar!/fxglassets/ui/fonts/VarelaRound-Regular.ttf
13:29:55.817 [FXGL Background Thread 1 ] DEBUG FXGLAssetLoaderServi - Loading from file system: jar:file:///C:/Users/zyla/.m2/repository/com/github/almasb/fxgl/11.17/fxgl-11.17.jar!/fxglassets/languages/english.lang
13:29:55.844 [FXGL Background Thread 1 ] INFO  FXGLApplication      - FXGL initialization took: 0.823 sec
13:29:55.856 [JavaFX Application Thread] DEBUG Input                - Registered new binding: P1Left - A
13:29:55.856 [JavaFX Application Thread] DEBUG Input                - Registered new binding: P1Right - D
13:29:55.857 [JavaFX Application Thread] DEBUG Input                - Registered new binding: P1Jump - W
13:29:55.857 [JavaFX Application Thread] DEBUG Input                - Registered new binding: P1Punch - F
13:29:55.857 [JavaFX Application Thread] DEBUG Input                - Registered new binding: P2Left - J
13:29:55.857 [JavaFX Application Thread] DEBUG Input                - Registered new binding: P2Right - L
13:29:55.857 [JavaFX Application Thread] DEBUG Input                - Registered new binding: P2Jump - I
13:29:55.858 [JavaFX Application Thread] DEBUG Input                - Registered new binding: P2Punch - H
13:29:55.859 [JavaFX Application Thread] DEBUG FXGLAssetLoaderServi - Loading from file system: jar:file:///C:/Users/zyla/.m2/repository/com/github/almasb/fxgl/11.17/fxgl-11.17.jar!/fxglassets/textures/fxgl_icon.png
13:29:55.893 [JavaFX Application Thread] DEBUG FXGLAssetLoaderServi - Loading from file system: jar:file:///C:/Users/zyla/.m2/repository/com/github/almasb/fxgl/11.17/fxgl-11.17.jar!/fxglassets/textures/fxgl_default_cursor.png
13:29:55.896 [JavaFX Application Thread] DEBUG Input                - Registered new binding: Screenshot - CTRL+8
13:29:55.897 [JavaFX Application Thread] DEBUG Input                - Registered new binding: System info dump - CTRL+9
13:29:55.897 [JavaFX Application Thread] DEBUG Input                - Registered new binding: Restart - CTRL+R
13:29:55.898 [JavaFX Application Thread] DEBUG Input                - Registered new binding: Toggle Debug Camera - CTRL+C
13:29:55.908 [JavaFX Application Thread] DEBUG LoopRunner           - Starting loop
13:29:55.908 [JavaFX Application Thread] DEBUG LoopRunner           - Initializing JavaFX AnimationTimerLoop
13:29:55.914 [JavaFX Application Thread] DEBUG Input                - Clearing active input actions
13:29:55.925 [JavaFX Application Thread] DEBUG GameApplicationServi - Removing overlay from FXGLStartupScene and adding to FXGLMainMenuDummyScene
13:29:55.925 [JavaFX Application Thread] DEBUG PrimaryStageWindow   - FXGLStartupScene -> FXGLMainMenuDummyScene
13:29:55.925 [JavaFX Application Thread] DEBUG PrimaryStageWindow   - Push state: FXGLDefaultMenu
13:29:55.937 [JavaFX Application Thread] DEBUG Input                - Clearing active input actions
13:29:55.948 [JavaFX Application Thread] DEBUG GameApplicationServi - Removing overlay from FXGLMainMenuDummyScene and adding to FXGLDefaultMenu
13:29:55.949 [JavaFX Application Thread] DEBUG PrimaryStageWindow   - FXGLMainMenuDummyScene -> FXGLDefaultMenu
13:29:56.176 [FXGL Background Thread 4 ] DEBUG FXGLAssetLoaderServi - Loading from file system: jar:file:///C:/Users/zyla/.m2/repository/com/github/almasb/fxgl/11.17/fxgl-11.17.jar!/fxglassets/ui/fonts/Abel-Regular.ttf
13:29:56.269 [FXGL Background Thread 4 ] DEBUG FXGLAssetLoaderServi - Loading from file system: jar:file:///C:/Users/zyla/.m2/repository/com/github/almasb/fxgl/11.17/fxgl-11.17.jar!/fxglassets/ui/fonts/lucida_console.ttf
13:29:56.290 [FXGL Background Thread 4 ] DEBUG FXGLAssetLoaderServi - Loading from file system: jar:file:///C:/Users/zyla/.m2/repository/com/github/almasb/fxgl/11.17/fxgl-11.17.jar!/fxglassets/ui/fonts/Courier-Prime.ttf
13:29:56.368 [JavaFX Application Thread] DEBUG FXGLApplication      - Registering font factories with UI factory
13:29:56.922 [JavaFX Application Thread] DEBUG PrimaryStageWindow   - Push state: DialogSubScene
13:29:56.922 [JavaFX Application Thread] DEBUG Input                - Clearing active input actions
13:29:56.923 [JavaFX Application Thread] DEBUG GameApplicationServi - Removing overlay from FXGLDefaultMenu and adding to DialogSubScene
13:29:56.923 [JavaFX Application Thread] DEBUG PrimaryStageWindow   - FXGLDefaultMenu -> DialogSubScene
13:29:57.574 [JavaFX Application Thread] DEBUG PrimaryStageWindow   - Pop state: DialogSubScene
13:29:57.574 [JavaFX Application Thread] DEBUG Input                - Clearing active input actions
13:29:57.575 [JavaFX Application Thread] DEBUG GameApplicationServi - Removing overlay from DialogSubScene and adding to FXGLDefaultMenu
13:29:57.575 [JavaFX Application Thread] DEBUG PrimaryStageWindow   - FXGLDefaultMenu <- DialogSubScene
13:29:57.576 [JavaFX Application Thread] DEBUG FXGLApplication      - Exiting FXGL
13:29:57.576 [JavaFX Application Thread] DEBUG LoopRunner           - Stopping loop
13:29:57.576 [JavaFX Application Thread] DEBUG SystemBundleService  - Saving FXGL system data
13:29:57.579 [JavaFX Application Thread] DEBUG FileSystemAccess     - Writing to: C:\Users\zyla\demo\system\fxgl.bundle
13:29:57.582 [JavaFX Application Thread] DEBUG Async                - Shutting down background threads
13:29:57.582 [JavaFX Application Thread] DEBUG PrimaryStageWindow   - Closing main window
13:29:57.601 [JavaFX Application Thread] DEBUG Logger               - Closing Logger
