19:36:04.517 [main                     ] DEBUG Logger               - Configured Logger
19:36:04.526 [main                     ] DEBUG GameApplication      - Logging settings
Title: Stictactics
Version: 0.0
Width: 1920
Height: 1080
Fullscreen: false
Intro: false
Profiling: false
Single step:false
App Mode: DEVELOPER
Menu Key: ESCAPE
Stage Style: DECORATED
Scene Factory: class com.example.demo.MySceneFactory

19:36:05.014 [JavaFX Application Thread] DEBUG FXGLApplication      - Initializing FXGL
19:36:05.018 [JavaFX Application Thread] INFO  Engine               - FXGL-11.17 (16.07.2021 15.46) on WINDOWS (J:23.0.2 FX:17.0.6)
19:36:05.018 [JavaFX Application Thread] DEBUG Engine               - JRE Vendor Name: Amazon.com Inc.
19:36:05.018 [JavaFX Application Thread] DEBUG Engine               - Running on OS: Windows 11 version 10.0
19:36:05.018 [JavaFX Application Thread] DEBUG Engine               - Architecture: amd64
19:36:05.018 [JavaFX Application Thread] INFO  Engine               - Source code and latest versions at: https://github.com/AlmasB/FXGL
19:36:05.020 [JavaFX Application Thread] INFO  Engine               -              Join the FXGL chat at: https://gitter.im/AlmasB/FXGL
19:36:05.135 [JavaFX Application Thread] DEBUG PrimaryStageWindow   - Creating a JavaFX scene
19:36:05.135 [JavaFX Application Thread] DEBUG PrimaryStageWindow   - Target size > screen size
19:36:05.196 [JavaFX Application Thread] DEBUG PrimaryStageWindow   - Target settings size: 1920.0 x 1080.0
19:36:05.196 [JavaFX Application Thread] DEBUG PrimaryStageWindow   - Scaled scene size:    1255.0 x 720.0
19:36:05.196 [JavaFX Application Thread] DEBUG PrimaryStageWindow   - Scaled ratio: (0.6536458333333334, 0.6666666666666666)
19:36:05.197 [JavaFX Application Thread] DEBUG PrimaryStageWindow   - Set initial scene to FXGLStartupScene
19:36:05.207 [JavaFX Application Thread] DEBUG PrimaryStageWindow   - Opening main window
19:36:05.340 [JavaFX Application Thread] DEBUG PrimaryStageWindow   - Window border size: (16.0, 39.0)
19:36:05.340 [JavaFX Application Thread] DEBUG PrimaryStageWindow   - Scaled size: 1255.0 x 720.0
19:36:05.340 [JavaFX Application Thread] DEBUG PrimaryStageWindow   - Scaled ratio: (0.6536458333333334, 0.6666666666666666)
19:36:05.340 [JavaFX Application Thread] DEBUG PrimaryStageWindow   - Scene size: 1255.0 x 720.0
19:36:05.340 [JavaFX Application Thread] DEBUG PrimaryStageWindow   - Stage size: 1271.0 x 759.0
19:36:05.362 [FXGL Background Thread 1 ] DEBUG Engine               - Initializing environment variables
19:36:05.508 [FXGL Background Thread 1 ] DEBUG FXGLAssetLoaderServi - User app class for loading assets: class com.example.demo.HelloApplication
19:36:05.509 [FXGL Background Thread 1 ] DEBUG GameApplicationServi - Applying CSS: fxgl_dark.css
19:36:05.509 [FXGL Background Thread 1 ] DEBUG FXGLAssetLoaderServi - Loading from file system: jar:file:///C:/Users/zyla/.m2/repository/com/github/almasb/fxgl/11.17/fxgl-11.17.jar!/fxglassets/ui/css/fxgl_dark.css
19:36:05.584 [FXGL Background Thread 1 ] DEBUG GameApplicationServi - Initializing application scenes
19:36:05.747 [FXGL Background Thread 1 ] DEBUG GameWorld            - Game world initialized
19:36:05.835 [FXGL Background Thread 1 ] DEBUG PhysicsWorld         - Physics world initialized: appHeight=1080, physics.ppm=50.0
19:36:05.835 [FXGL Background Thread 1 ] DEBUG PhysicsWorld         - Using strategy: BRUTE_FORCE
19:36:05.839 [FXGL Background Thread 1 ] DEBUG GameScene            - Game scene initialized: 1920x1080
19:36:06.024 [FXGL Background Thread 1 ] DEBUG GameApplicationServi - Application scenes initialized
19:36:06.041 [FXGL Background Thread 1 ] DEBUG SystemBundleService  - Loading FXGL system data
19:36:06.049 [FXGL Background Thread 1 ] DEBUG FileSystemAccess     - Reading from: C:\Users\zyla\demoGame4OOP\system\fxgl.bundle
19:36:06.061 [FXGL Background Thread 1 ] DEBUG SystemBundleService  - Bundle FXGL: {}
19:36:06.061 [FXGL Background Thread 1 ] DEBUG UpdaterService       - Checking for updates
19:36:06.069 [FXGL Background Thread 1 ] DEBUG FXGLApplication      - Loading default localization
19:36:06.069 [FXGL Background Thread 1 ] DEBUG FXGLAssetLoaderServi - Loading from file system: jar:file:///C:/Users/zyla/.m2/repository/com/github/almasb/fxgl/11.17/fxgl-11.17.jar!/fxglassets/languages/english.lang
19:36:06.074 [FXGL Background Thread 4 ] DEBUG FXGLApplication      - Loading fonts
19:36:06.077 [FXGL Background Thread 4 ] DEBUG FXGLAssetLoaderServi - Loading from file system: jar:file:///C:/Users/zyla/.m2/repository/com/github/almasb/fxgl/11.17/fxgl-11.17.jar!/fxglassets/ui/fonts/VarelaRound-Regular.ttf
19:36:06.116 [FXGL Background Thread 1 ] INFO  FXGLApplication      - FXGL initialization took: 0.753 sec
19:36:06.129 [JavaFX Application Thread] DEBUG Input                - Registered new binding: P1Left - A
19:36:06.130 [JavaFX Application Thread] DEBUG Input                - Registered new binding: P1Right - D
19:36:06.130 [JavaFX Application Thread] DEBUG Input                - Registered new binding: P1Jump - W
19:36:06.130 [JavaFX Application Thread] DEBUG Input                - Registered new binding: P1Punch - F
19:36:06.130 [JavaFX Application Thread] DEBUG Input                - Registered new binding: P1EnhancedPunch - E
19:36:06.130 [JavaFX Application Thread] DEBUG Input                - Registered new binding: P1Ult - Q
19:36:06.130 [JavaFX Application Thread] DEBUG Input                - Registered new binding: P2Left - J
19:36:06.130 [JavaFX Application Thread] DEBUG Input                - Registered new binding: P2Right - L
19:36:06.131 [JavaFX Application Thread] DEBUG Input                - Registered new binding: P2Jump - I
19:36:06.131 [JavaFX Application Thread] DEBUG Input                - Registered new binding: P2Punch - H
19:36:06.131 [JavaFX Application Thread] DEBUG Input                - Registered new binding: P2EnhancedPunch - U
19:36:06.132 [JavaFX Application Thread] DEBUG Input                - Registered new binding: P2Ult - O
19:36:06.136 [JavaFX Application Thread] WARN  FXGLAssetLoaderServi - Asset "/assets/textures//assets/textures/background-intro.mp4" was not found!
19:36:06.136 [JavaFX Application Thread] WARN  FXGLAssetLoaderServi - Failed to load IMAGE
19:36:06.170 [JavaFX Application Thread] DEBUG FXGLAssetLoaderServi - Loading from file system: jar:file:///C:/Users/zyla/.m2/repository/com/github/almasb/fxgl/11.17/fxgl-11.17.jar!/fxglassets/textures/fxgl_icon.png
19:36:06.238 [JavaFX Application Thread] DEBUG FXGLAssetLoaderServi - Loading from file system: jar:file:///C:/Users/zyla/.m2/repository/com/github/almasb/fxgl/11.17/fxgl-11.17.jar!/fxglassets/textures/fxgl_default_cursor.png
19:36:06.251 [JavaFX Application Thread] DEBUG Input                - Registered new binding: Screenshot - CTRL+8
19:36:06.252 [JavaFX Application Thread] DEBUG Input                - Registered new binding: System info dump - CTRL+9
19:36:06.252 [JavaFX Application Thread] DEBUG Input                - Registered new binding: Restart - CTRL+R
19:36:06.253 [JavaFX Application Thread] DEBUG Input                - Registered new binding: Toggle Debug Camera - CTRL+C
19:36:06.261 [JavaFX Application Thread] DEBUG LoopRunner           - Starting loop
19:36:06.262 [JavaFX Application Thread] DEBUG LoopRunner           - Initializing JavaFX AnimationTimerLoop
19:36:06.273 [JavaFX Application Thread] DEBUG Input                - Clearing active input actions
19:36:06.312 [JavaFX Application Thread] DEBUG GameApplicationServi - Removing overlay from FXGLStartupScene and adding to FXGLMainMenuDummyScene
19:36:06.312 [JavaFX Application Thread] DEBUG PrimaryStageWindow   - FXGLStartupScene -> FXGLMainMenuDummyScene
19:36:06.312 [JavaFX Application Thread] DEBUG PrimaryStageWindow   - Push state: CustomMainMenu
19:36:06.313 [JavaFX Application Thread] DEBUG Input                - Clearing active input actions
19:36:06.341 [JavaFX Application Thread] DEBUG GameApplicationServi - Removing overlay from FXGLMainMenuDummyScene and adding to CustomMainMenu
19:36:06.345 [JavaFX Application Thread] DEBUG PrimaryStageWindow   - FXGLMainMenuDummyScene -> CustomMainMenu
19:36:06.891 [FXGL Background Thread 4 ] DEBUG FXGLAssetLoaderServi - Loading from file system: jar:file:///C:/Users/zyla/.m2/repository/com/github/almasb/fxgl/11.17/fxgl-11.17.jar!/fxglassets/ui/fonts/Abel-Regular.ttf
19:36:06.908 [FXGL Background Thread 4 ] DEBUG FXGLAssetLoaderServi - Loading from file system: jar:file:///C:/Users/zyla/.m2/repository/com/github/almasb/fxgl/11.17/fxgl-11.17.jar!/fxglassets/ui/fonts/lucida_console.ttf
19:36:06.930 [FXGL Background Thread 4 ] DEBUG FXGLAssetLoaderServi - Loading from file system: jar:file:///C:/Users/zyla/.m2/repository/com/github/almasb/fxgl/11.17/fxgl-11.17.jar!/fxglassets/ui/fonts/Courier-Prime.ttf
19:36:06.970 [JavaFX Application Thread] DEBUG FXGLApplication      - Registering font factories with UI factory
19:36:07.028 [JavaFX Application Thread] DEBUG Menu                 - fireNewGame()
19:36:07.028 [JavaFX Application Thread] DEBUG GameApplicationServi - Starting new game
19:36:07.028 [JavaFX Application Thread] DEBUG PrimaryStageWindow   - Pop state: CustomMainMenu
19:36:07.028 [JavaFX Application Thread] DEBUG Input                - Clearing active input actions
19:36:07.029 [JavaFX Application Thread] DEBUG GameApplicationServi - Removing overlay from CustomMainMenu and adding to FXGLMainMenuDummyScene
19:36:07.029 [JavaFX Application Thread] DEBUG PrimaryStageWindow   - FXGLMainMenuDummyScene <- CustomMainMenu
19:36:07.030 [JavaFX Application Thread] DEBUG Input                - Clearing active input actions
19:36:07.042 [JavaFX Application Thread] DEBUG GameApplicationServi - Removing overlay from FXGLMainMenuDummyScene and adding to FXGLLoadingScene
19:36:07.042 [JavaFX Application Thread] DEBUG PrimaryStageWindow   - FXGLMainMenuDummyScene -> FXGLLoadingScene
19:36:07.042 [JavaFX Application Thread] DEBUG GameApplicationServi - Clearing previous game
19:36:07.044 [JavaFX Application Thread] DEBUG GameScene            - Clearing game scene
19:36:07.044 [JavaFX Application Thread] DEBUG GameWorld            - Clearing game world
19:36:07.044 [JavaFX Application Thread] DEBUG PhysicsWorld         - Clearing physics world
19:36:07.066 [FXGL Background Thread 4 ] DEBUG FXGLApplication      - Initializing game
19:36:07.289 [FXGL Background Thread 4 ] WARN  TMXLevelLoader       - TiledMap generated from 1.11.2. Supported version: 1.2.3. Some features may not be parsed fully.
19:36:07.307 [FXGL Background Thread 4 ] DEBUG TMXLevelLoader       - Parsed TiledMap: file:/C:/Users/zyla/demoGame4OOP/target/classes/assets/levels/tmx/map5.tmx
19:36:07.308 [FXGL Background Thread 4 ] DEBUG TMXLevelLoader       - Creating tile layer entities
19:36:07.309 [FXGL Background Thread 4 ] DEBUG TilesetLoader        - Loading view for layer Tile Layer 1
19:36:07.313 [FXGL Background Thread 4 ] DEBUG TilesetLoader        - Created buffer with size 1920.0x1088.0
19:36:07.652 [FXGL Background Thread 4 ] DEBUG TMXLevelLoader       - Creating object layer entities
19:36:07.705 [FXGL Background Thread 4 ] DEBUG GameWorld            - Clearing removable entities
19:36:07.708 [FXGL Background Thread 4 ] DEBUG GameWorld            - Setting level: com.almasb.fxgl.entity.level.Level@44a8ad31
19:36:07.718 [FXGL Background Thread 2 ] INFO  UpdaterService       - Your current version:  11.17
19:36:07.720 [FXGL Background Thread 2 ] INFO  UpdaterService       - Latest stable version: 21.1
19:36:07.770 [FXGL Background Thread 4 ] DEBUG FXGLAssetLoaderServi - Loading from file system: file:/C:/Users/zyla/demoGame4OOP/target/classes/assets/textures/fighter_idle.png
19:36:07.800 [FXGL Background Thread 4 ] DEBUG FXGLAssetLoaderServi - Loading from file system: file:/C:/Users/zyla/demoGame4OOP/target/classes/assets/textures/fighter_walk.png
19:36:07.814 [FXGL Background Thread 4 ] DEBUG FXGLAssetLoaderServi - Loading from file system: file:/C:/Users/zyla/demoGame4OOP/target/classes/assets/textures/fighter_jump.png
19:36:07.826 [FXGL Background Thread 4 ] DEBUG FXGLAssetLoaderServi - Loading from file system: file:/C:/Users/zyla/demoGame4OOP/target/classes/assets/textures/fighter_attack_enhanced.png
19:36:07.838 [FXGL Background Thread 4 ] DEBUG FXGLAssetLoaderServi - Loading from file system: file:/C:/Users/zyla/demoGame4OOP/target/classes/assets/textures/fighter_attack.png
19:36:07.847 [FXGL Background Thread 4 ] DEBUG FXGLAssetLoaderServi - Loading from file system: file:/C:/Users/zyla/demoGame4OOP/target/classes/assets/textures/fighter_ult.png
19:36:07.895 [FXGL Background Thread 4 ] DEBUG FXGLAssetLoaderServi - Loading from file system: file:/C:/Users/zyla/demoGame4OOP/target/classes/assets/textures/fighter_idle_P2.png
19:36:07.905 [FXGL Background Thread 4 ] DEBUG FXGLAssetLoaderServi - Loading from file system: file:/C:/Users/zyla/demoGame4OOP/target/classes/assets/textures/fighter_walk_P2.png
19:36:07.915 [FXGL Background Thread 4 ] DEBUG FXGLAssetLoaderServi - Loading from file system: file:/C:/Users/zyla/demoGame4OOP/target/classes/assets/textures/fighter_attack_enhanced_p2.png
19:36:07.923 [FXGL Background Thread 4 ] DEBUG FXGLAssetLoaderServi - Loading from file system: file:/C:/Users/zyla/demoGame4OOP/target/classes/assets/textures/fighter_jump_P2.png
19:36:07.929 [FXGL Background Thread 4 ] DEBUG FXGLAssetLoaderServi - Loading from file system: file:/C:/Users/zyla/demoGame4OOP/target/classes/assets/textures/fighter_attack_P2.png
19:36:07.937 [FXGL Background Thread 4 ] DEBUG FXGLAssetLoaderServi - Loading from file system: file:/C:/Users/zyla/demoGame4OOP/target/classes/assets/textures/fighter_ult_P2.png
19:36:07.970 [FXGL Background Thread 4 ] INFO  FXGLApplication      - Game initialization took: 0.904 sec
19:36:07.971 [JavaFX Application Thread] DEBUG Input                - Clearing active input actions
19:36:07.986 [JavaFX Application Thread] DEBUG GameApplicationServi - Removing overlay from FXGLLoadingScene and adding to GameScene
19:36:07.987 [JavaFX Application Thread] DEBUG PrimaryStageWindow   - FXGLLoadingScene -> GameScene
19:36:09.068 [FXGL Background Thread 3 ] DEBUG Engine               - Logging environment variables
19:36:09.068 [FXGL Background Thread 3 ] DEBUG Engine               - achievements: []
19:36:09.068 [FXGL Background Thread 3 ] DEBUG Engine               - actualHeight: 720.0
19:36:09.068 [FXGL Background Thread 3 ] DEBUG Engine               - actualHeightProperty: ReadOnlyDoubleProperty [value: 720.0]
19:36:09.069 [FXGL Background Thread 3 ] DEBUG Engine               - actualWidth: 1255.0
19:36:09.069 [FXGL Background Thread 3 ] DEBUG Engine               - actualWidthProperty: ReadOnlyDoubleProperty [value: 1255.0]
19:36:09.069 [FXGL Background Thread 3 ] DEBUG Engine               - appIcon: fxgl_icon.png
19:36:09.069 [FXGL Background Thread 3 ] DEBUG Engine               - applicationMode: DEVELOPER
19:36:09.069 [FXGL Background Thread 3 ] DEBUG Engine               - cSSList: [fxgl_dark.css]
19:36:09.069 [FXGL Background Thread 3 ] DEBUG Engine               - collisionDetectionStrategy: BRUTE_FORCE
19:36:09.069 [FXGL Background Thread 3 ] DEBUG Engine               - configClass: Optional.empty
19:36:09.069 [FXGL Background Thread 3 ] DEBUG Engine               - credits: []
19:36:09.069 [FXGL Background Thread 3 ] DEBUG Engine               - defaultCursor: CursorInfo(imageName=fxgl_default_cursor.png, hotspotX=7.0, hotspotY=6.0)
19:36:09.069 [FXGL Background Thread 3 ] DEBUG Engine               - devBBoxColorProperty: ObjectProperty [value: 0xff0000ff]
19:36:09.070 [FXGL Background Thread 3 ] DEBUG Engine               - devEnableDebugCameraProperty: BooleanProperty [value: false]
19:36:09.070 [FXGL Background Thread 3 ] DEBUG Engine               - devSensorColorProperty: ObjectProperty [value: 0xffff00ff]
19:36:09.070 [FXGL Background Thread 3 ] DEBUG Engine               - devShowBBoxProperty: BooleanProperty [value: false]
19:36:09.070 [FXGL Background Thread 3 ] DEBUG Engine               - devShowPositionProperty: BooleanProperty [value: false]
19:36:09.070 [FXGL Background Thread 3 ] DEBUG Engine               - enabledMenuItems: []
19:36:09.070 [FXGL Background Thread 3 ] DEBUG Engine               - engineServices: [class com.almasb.fxgl.app.services.FXGLAssetLoaderService, class com.almasb.fxgl.app.FXGLApplication$GameApplicationService, class com.almasb.fxgl.app.services.FXGLDialogService, class com.almasb.fxgl.app.services.IOTaskExecutorService, class com.almasb.fxgl.io.FileSystemService, class com.almasb.fxgl.localization.LocalizationService, class com.almasb.fxgl.app.services.SystemBundleService, class com.almasb.fxgl.profile.SaveLoadService, class com.almasb.fxgl.ui.FXGLUIFactoryServiceProvider, class com.almasb.fxgl.ui.FXGLDialogFactoryServiceProvider, class com.almasb.fxgl.audio.AudioPlayer, class com.almasb.fxgl.notification.impl.NotificationServiceProvider, class com.almasb.fxgl.achievement.AchievementService, class com.almasb.fxgl.cutscene.CutsceneService, class com.almasb.fxgl.minigames.MiniGameService, class com.almasb.fxgl.net.NetService, class com.almasb.fxgl.app.services.UpdaterService, class com.almasb.fxgl.dev.DevService]
19:36:09.070 [FXGL Background Thread 3 ] DEBUG Engine               - fontGame: Abel-Regular.ttf
19:36:09.070 [FXGL Background Thread 3 ] DEBUG Engine               - fontMono: lucida_console.ttf
19:36:09.070 [FXGL Background Thread 3 ] DEBUG Engine               - fontText: Courier-Prime.ttf
19:36:09.070 [FXGL Background Thread 3 ] DEBUG Engine               - fontUI: VarelaRound-Regular.ttf
19:36:09.070 [FXGL Background Thread 3 ] DEBUG Engine               - fullScreen: BooleanProperty [value: false]
19:36:09.070 [FXGL Background Thread 3 ] DEBUG Engine               - gameDifficulty: MEDIUM
19:36:09.070 [FXGL Background Thread 3 ] DEBUG Engine               - gameDifficultyProperty: ObjectProperty [value: MEDIUM]
19:36:09.070 [FXGL Background Thread 3 ] DEBUG Engine               - globalMusicVolume: 0.5
19:36:09.071 [FXGL Background Thread 3 ] DEBUG Engine               - globalMusicVolumeProperty: DoubleProperty [value: 0.5]
19:36:09.071 [FXGL Background Thread 3 ] DEBUG Engine               - globalSoundVolume: 0.5
19:36:09.071 [FXGL Background Thread 3 ] DEBUG Engine               - globalSoundVolumeProperty: DoubleProperty [value: 0.5]
19:36:09.071 [FXGL Background Thread 3 ] DEBUG Engine               - height: 1080
19:36:09.071 [FXGL Background Thread 3 ] DEBUG Engine               - is3D: false
19:36:09.071 [FXGL Background Thread 3 ] DEBUG Engine               - isAndroid: false
19:36:09.071 [FXGL Background Thread 3 ] DEBUG Engine               - isBrowser: false
19:36:09.071 [FXGL Background Thread 3 ] DEBUG Engine               - isClickFeedbackEnabled: false
19:36:09.071 [FXGL Background Thread 3 ] DEBUG Engine               - isCloseConfirmation: true
19:36:09.071 [FXGL Background Thread 3 ] DEBUG Engine               - isDesktop: true
19:36:09.072 [FXGL Background Thread 3 ] DEBUG Engine               - isDeveloperMenuEnabled: false
19:36:09.072 [FXGL Background Thread 3 ] DEBUG Engine               - isEntityPreloadEnabled: true
19:36:09.072 [FXGL Background Thread 3 ] DEBUG Engine               - isExperimentalTiledLargeMap: false
19:36:09.072 [FXGL Background Thread 3 ] DEBUG Engine               - isFileSystemWriteAllowed: true
19:36:09.072 [FXGL Background Thread 3 ] DEBUG Engine               - isFullScreenAllowed: false
19:36:09.072 [FXGL Background Thread 3 ] DEBUG Engine               - isFullScreenFromStart: false
19:36:09.073 [FXGL Background Thread 3 ] DEBUG Engine               - isGameMenuEnabled: false
19:36:09.073 [FXGL Background Thread 3 ] DEBUG Engine               - isIOS: false
19:36:09.073 [FXGL Background Thread 3 ] DEBUG Engine               - isIntroEnabled: false
19:36:09.073 [FXGL Background Thread 3 ] DEBUG Engine               - isLinux: false
19:36:09.073 [FXGL Background Thread 3 ] DEBUG Engine               - isMac: false
19:36:09.073 [FXGL Background Thread 3 ] DEBUG Engine               - isMainMenuEnabled: true
19:36:09.073 [FXGL Background Thread 3 ] DEBUG Engine               - isManualResizeEnabled: false
19:36:09.073 [FXGL Background Thread 3 ] DEBUG Engine               - isMobile: false
19:36:09.073 [FXGL Background Thread 3 ] DEBUG Engine               - isNative: false
19:36:09.073 [FXGL Background Thread 3 ] DEBUG Engine               - isPauseMusicWhenMinimized: true
19:36:09.073 [FXGL Background Thread 3 ] DEBUG Engine               - isPreserveResizeRatio: false
19:36:09.073 [FXGL Background Thread 3 ] DEBUG Engine               - isProfilingEnabled: false
19:36:09.073 [FXGL Background Thread 3 ] DEBUG Engine               - isScaleAffectedOnResize: true
19:36:09.073 [FXGL Background Thread 3 ] DEBUG Engine               - isSingleStep: false
19:36:09.074 [FXGL Background Thread 3 ] DEBUG Engine               - isUserProfileEnabled: false
19:36:09.074 [FXGL Background Thread 3 ] DEBUG Engine               - isWindows: true
19:36:09.074 [FXGL Background Thread 3 ] DEBUG Engine               - language: ObjectProperty [value: ENGLISH]
19:36:09.074 [FXGL Background Thread 3 ] DEBUG Engine               - menuKey: ESCAPE
19:36:09.074 [FXGL Background Thread 3 ] DEBUG Engine               - mouseSensitivity: 0.2
19:36:09.074 [FXGL Background Thread 3 ] DEBUG Engine               - notificationViewClass: class com.almasb.fxgl.notification.view.XboxNotificationView
19:36:09.074 [FXGL Background Thread 3 ] DEBUG Engine               - pixelsPerMeter: 50.0
19:36:09.074 [FXGL Background Thread 3 ] DEBUG Engine               - platform: WINDOWS
19:36:09.074 [FXGL Background Thread 3 ] DEBUG Engine               - prefHeightProperty: ReadOnlyDoubleProperty [value: 1080.0]
19:36:09.074 [FXGL Background Thread 3 ] DEBUG Engine               - prefWidthProperty: ReadOnlyDoubleProperty [value: 1920.0]
19:36:09.074 [FXGL Background Thread 3 ] DEBUG Engine               - profileDir: profiles/
19:36:09.074 [FXGL Background Thread 3 ] DEBUG Engine               - profileName: StringProperty [value: DEFAULT]
19:36:09.074 [FXGL Background Thread 3 ] DEBUG Engine               - randomSeed: -1
19:36:09.075 [FXGL Background Thread 3 ] DEBUG Engine               - runtimeInfo: RuntimeInfo(platform=WINDOWS, version=11.17, build=16.07.2021 15.46)
19:36:09.075 [FXGL Background Thread 3 ] DEBUG Engine               - saveFileExt: sav
19:36:09.075 [FXGL Background Thread 3 ] DEBUG Engine               - scaledHeightProp$fxgl: DoubleProperty [bound, value: 720.0]
19:36:09.075 [FXGL Background Thread 3 ] DEBUG Engine               - scaledWidthProp$fxgl: DoubleProperty [bound, value: 1255.0]
19:36:09.075 [FXGL Background Thread 3 ] DEBUG Engine               - sceneFactory: com.example.demo.MySceneFactory@62a08281
19:36:09.075 [FXGL Background Thread 3 ] DEBUG Engine               - secondsIn24h: 60
19:36:09.075 [FXGL Background Thread 3 ] DEBUG Engine               - soundMenuBack: menu/back.wav
19:36:09.075 [FXGL Background Thread 3 ] DEBUG Engine               - soundMenuPress: menu/press.wav
19:36:09.075 [FXGL Background Thread 3 ] DEBUG Engine               - soundMenuSelect: menu/select.wav
19:36:09.075 [FXGL Background Thread 3 ] DEBUG Engine               - soundNotification: core/notification.wav
19:36:09.075 [FXGL Background Thread 3 ] DEBUG Engine               - stageStyle: DECORATED
19:36:09.075 [FXGL Background Thread 3 ] DEBUG Engine               - supportedLanguages: [ENGLISH, FRENCH, GERMAN, HUNGARIAN, RUSSIAN]
19:36:09.075 [FXGL Background Thread 3 ] DEBUG Engine               - ticksPerSecond: -1
19:36:09.075 [FXGL Background Thread 3 ] DEBUG Engine               - title: Stictactics
19:36:09.075 [FXGL Background Thread 3 ] DEBUG Engine               - urlGithub: https://github.com/AlmasB/FXGL
19:36:09.075 [FXGL Background Thread 3 ] DEBUG Engine               - urlLeaderboard: http://fxgl-top.herokuapp.com/
19:36:09.076 [FXGL Background Thread 3 ] DEBUG Engine               - urlPOM: https://raw.githubusercontent.com/AlmasB/FXGL/release/README.md
19:36:09.076 [FXGL Background Thread 3 ] DEBUG Engine               - userAppClass: class com.example.demo.HelloApplication
19:36:09.076 [FXGL Background Thread 3 ] DEBUG Engine               - version: 0.0
19:36:09.076 [FXGL Background Thread 3 ] DEBUG Engine               - versionCheckDays: 7
19:36:09.076 [FXGL Background Thread 3 ] DEBUG Engine               - width: 1920
19:36:09.076 [FXGL Background Thread 3 ] DEBUG Engine               - Logging services
19:36:09.076 [FXGL Background Thread 3 ] DEBUG Engine               - class com.almasb.fxgl.app.services.FXGLAssetLoaderService
19:36:09.076 [FXGL Background Thread 3 ] DEBUG Engine               - class com.almasb.fxgl.app.FXGLApplication$GameApplicationService
19:36:09.076 [FXGL Background Thread 3 ] DEBUG Engine               - class com.almasb.fxgl.app.services.FXGLDialogService
19:36:09.076 [FXGL Background Thread 3 ] DEBUG Engine               - class com.almasb.fxgl.app.services.IOTaskExecutorService
19:36:09.076 [FXGL Background Thread 3 ] DEBUG Engine               - class com.almasb.fxgl.io.FileSystemService
19:36:09.076 [FXGL Background Thread 3 ] DEBUG Engine               - class com.almasb.fxgl.localization.LocalizationService
19:36:09.076 [FXGL Background Thread 3 ] DEBUG Engine               - class com.almasb.fxgl.app.services.SystemBundleService
19:36:09.076 [FXGL Background Thread 3 ] DEBUG Engine               - class com.almasb.fxgl.profile.SaveLoadService
19:36:09.076 [FXGL Background Thread 3 ] DEBUG Engine               - class com.almasb.fxgl.ui.FXGLUIFactoryServiceProvider
19:36:09.076 [FXGL Background Thread 3 ] DEBUG Engine               - class com.almasb.fxgl.ui.FXGLDialogFactoryServiceProvider
19:36:09.076 [FXGL Background Thread 3 ] DEBUG Engine               - class com.almasb.fxgl.audio.AudioPlayer
19:36:09.076 [FXGL Background Thread 3 ] DEBUG Engine               - class com.almasb.fxgl.notification.impl.NotificationServiceProvider
19:36:09.077 [FXGL Background Thread 3 ] DEBUG Engine               - class com.almasb.fxgl.achievement.AchievementService
19:36:09.077 [FXGL Background Thread 3 ] DEBUG Engine               - class com.almasb.fxgl.cutscene.CutsceneService
19:36:09.077 [FXGL Background Thread 3 ] DEBUG Engine               - class com.almasb.fxgl.minigames.MiniGameService
19:36:09.078 [FXGL Background Thread 3 ] DEBUG Engine               - class com.almasb.fxgl.net.NetService
19:36:09.078 [FXGL Background Thread 3 ] DEBUG Engine               - class com.almasb.fxgl.app.services.UpdaterService
19:36:09.078 [FXGL Background Thread 3 ] DEBUG Engine               - class com.almasb.fxgl.dev.DevService
19:36:13.358 [JavaFX Application Thread] DEBUG PrimaryStageWindow   - Push state: DialogSubScene
19:36:13.358 [JavaFX Application Thread] DEBUG Input                - Clearing active input actions
19:36:13.358 [JavaFX Application Thread] DEBUG GameApplicationServi - Removing overlay from GameScene and adding to DialogSubScene
19:36:13.360 [JavaFX Application Thread] DEBUG PrimaryStageWindow   - GameScene -> DialogSubScene
19:36:13.947 [JavaFX Application Thread] DEBUG PrimaryStageWindow   - Pop state: DialogSubScene
19:36:13.947 [JavaFX Application Thread] DEBUG Input                - Clearing active input actions
19:36:13.947 [JavaFX Application Thread] DEBUG GameApplicationServi - Removing overlay from DialogSubScene and adding to GameScene
19:36:13.948 [JavaFX Application Thread] DEBUG PrimaryStageWindow   - GameScene <- DialogSubScene
19:36:13.948 [JavaFX Application Thread] DEBUG FXGLApplication      - Exiting FXGL
19:36:13.948 [JavaFX Application Thread] DEBUG LoopRunner           - Stopping loop
19:36:13.948 [JavaFX Application Thread] DEBUG SystemBundleService  - Saving FXGL system data
19:36:13.952 [JavaFX Application Thread] DEBUG FileSystemAccess     - Writing to: C:\Users\zyla\demoGame4OOP\system\fxgl.bundle
19:36:13.955 [JavaFX Application Thread] DEBUG Async                - Shutting down background threads
19:36:13.956 [JavaFX Application Thread] DEBUG PrimaryStageWindow   - Closing main window
19:36:13.985 [JavaFX Application Thread] DEBUG Logger               - Closing Logger
