14:08:36.389 [main                     ] DEBUG Logger               - Configured Logger
14:08:36.392 [main                     ] DEBUG GameApplication      - Logging settings
Title: Stictactics
Version: 0.0
Width: 1920
Height: 1080
Fullscreen: false
Intro: false
Profiling: false
Single step:false
App Mode: DEVELOPER
Menu Key: ESCAPE
Stage Style: DECORATED
Scene Factory: class com.example.demo.MySceneFactory

14:08:36.894 [JavaFX Application Thread] DEBUG FXGLApplication      - Initializing FXGL
14:08:36.896 [JavaFX Application Thread] INFO  Engine               - FXGL-11.17 (16.07.2021 15.46) on WINDOWS (J:23.0.2 FX:17.0.6)
14:08:36.896 [JavaFX Application Thread] DEBUG Engine               - JRE Vendor Name: Amazon.com Inc.
14:08:36.896 [JavaFX Application Thread] DEBUG Engine               - Running on OS: Windows 11 version 10.0
14:08:36.897 [JavaFX Application Thread] DEBUG Engine               - Architecture: amd64
14:08:36.897 [JavaFX Application Thread] INFO  Engine               - Source code and latest versions at: https://github.com/AlmasB/FXGL
14:08:36.897 [JavaFX Application Thread] INFO  Engine               -              Join the FXGL chat at: https://gitter.im/AlmasB/FXGL
14:08:37.005 [JavaFX Application Thread] DEBUG PrimaryStageWindow   - Creating a JavaFX scene
14:08:37.005 [JavaFX Application Thread] DEBUG PrimaryStageWindow   - Target size > screen size
14:08:37.072 [JavaFX Application Thread] DEBUG PrimaryStageWindow   - Target settings size: 1920.0 x 1080.0
14:08:37.072 [JavaFX Application Thread] DEBUG PrimaryStageWindow   - Scaled scene size:    1255.0 x 720.0
14:08:37.072 [JavaFX Application Thread] DEBUG PrimaryStageWindow   - Scaled ratio: (0.6536458333333334, 0.6666666666666666)
14:08:37.073 [JavaFX Application Thread] DEBUG PrimaryStageWindow   - Set initial scene to FXGLStartupScene
14:08:37.082 [JavaFX Application Thread] DEBUG PrimaryStageWindow   - Opening main window
14:08:37.264 [JavaFX Application Thread] DEBUG PrimaryStageWindow   - Window border size: (16.0, 39.0)
14:08:37.264 [JavaFX Application Thread] DEBUG PrimaryStageWindow   - Scaled size: 1255.0 x 720.0
14:08:37.264 [JavaFX Application Thread] DEBUG PrimaryStageWindow   - Scaled ratio: (0.6536458333333334, 0.6666666666666666)
14:08:37.264 [JavaFX Application Thread] DEBUG PrimaryStageWindow   - Scene size: 1255.0 x 720.0
14:08:37.264 [JavaFX Application Thread] DEBUG PrimaryStageWindow   - Stage size: 1271.0 x 759.0
14:08:37.283 [FXGL Background Thread 1 ] DEBUG Engine               - Initializing environment variables
14:08:37.476 [FXGL Background Thread 1 ] DEBUG FXGLAssetLoaderServi - User app class for loading assets: class com.example.demo.HelloApplication
14:08:37.476 [FXGL Background Thread 1 ] DEBUG GameApplicationServi - Applying CSS: fxgl_dark.css
14:08:37.477 [FXGL Background Thread 1 ] DEBUG FXGLAssetLoaderServi - Loading from file system: jar:file:///C:/Users/zyla/.m2/repository/com/github/almasb/fxgl/11.17/fxgl-11.17.jar!/fxglassets/ui/css/fxgl_dark.css
14:08:37.547 [FXGL Background Thread 1 ] DEBUG GameApplicationServi - Initializing application scenes
14:08:37.756 [FXGL Background Thread 1 ] DEBUG GameWorld            - Game world initialized
14:08:37.909 [FXGL Background Thread 1 ] DEBUG PhysicsWorld         - Physics world initialized: appHeight=1080, physics.ppm=50.0
14:08:37.910 [FXGL Background Thread 1 ] DEBUG PhysicsWorld         - Using strategy: BRUTE_FORCE
14:08:37.912 [FXGL Background Thread 1 ] DEBUG GameScene            - Game scene initialized: 1920x1080
14:08:38.087 [FXGL Background Thread 1 ] DEBUG GameApplicationServi - Application scenes initialized
14:08:38.105 [FXGL Background Thread 1 ] DEBUG SystemBundleService  - Loading FXGL system data
14:08:38.116 [FXGL Background Thread 1 ] DEBUG FileSystemAccess     - Reading from: C:\Users\zyla\demoGame4OOP\system\fxgl.bundle
14:08:38.131 [FXGL Background Thread 1 ] DEBUG SystemBundleService  - Bundle FXGL: {}
14:08:38.131 [FXGL Background Thread 1 ] DEBUG UpdaterService       - Checking for updates
14:08:38.143 [FXGL Background Thread 1 ] DEBUG FXGLApplication      - Loading default localization
14:08:38.144 [FXGL Background Thread 1 ] DEBUG FXGLAssetLoaderServi - Loading from file system: jar:file:///C:/Users/zyla/.m2/repository/com/github/almasb/fxgl/11.17/fxgl-11.17.jar!/fxglassets/languages/english.lang
14:08:38.148 [FXGL Background Thread 4 ] DEBUG FXGLApplication      - Loading fonts
14:08:38.150 [FXGL Background Thread 4 ] DEBUG FXGLAssetLoaderServi - Loading from file system: jar:file:///C:/Users/zyla/.m2/repository/com/github/almasb/fxgl/11.17/fxgl-11.17.jar!/fxglassets/ui/fonts/VarelaRound-Regular.ttf
14:08:38.238 [FXGL Background Thread 1 ] INFO  FXGLApplication      - FXGL initialization took: 0.956 sec
14:08:38.253 [JavaFX Application Thread] DEBUG Input                - Registered new binding: P1Left - A
14:08:38.253 [JavaFX Application Thread] DEBUG Input                - Registered new binding: P1Right - D
14:08:38.254 [JavaFX Application Thread] DEBUG Input                - Registered new binding: P1Jump - W
14:08:38.254 [JavaFX Application Thread] DEBUG Input                - Registered new binding: P1Punch - F
14:08:38.254 [JavaFX Application Thread] DEBUG Input                - Registered new binding: P1EnhancedPunch - E
14:08:38.254 [JavaFX Application Thread] DEBUG Input                - Registered new binding: P1Ult - Q
14:08:38.254 [JavaFX Application Thread] DEBUG Input                - Registered new binding: P2Left - J
14:08:38.254 [JavaFX Application Thread] DEBUG Input                - Registered new binding: P2Right - L
14:08:38.255 [JavaFX Application Thread] DEBUG Input                - Registered new binding: P2Jump - I
14:08:38.255 [JavaFX Application Thread] DEBUG Input                - Registered new binding: P2Punch - H
14:08:38.255 [JavaFX Application Thread] DEBUG Input                - Registered new binding: P2EnhancedPunch - U
14:08:38.256 [JavaFX Application Thread] DEBUG Input                - Registered new binding: P2Ult - O
14:08:38.261 [JavaFX Application Thread] WARN  FXGLAssetLoaderServi - Asset "/assets/textures//assets/textures/background-intro.mp4" was not found!
14:08:38.261 [JavaFX Application Thread] WARN  FXGLAssetLoaderServi - Failed to load IMAGE
14:08:38.293 [FXGL Background Thread 4 ] DEBUG FXGLAssetLoaderServi - Loading from file system: jar:file:///C:/Users/zyla/.m2/repository/com/github/almasb/fxgl/11.17/fxgl-11.17.jar!/fxglassets/ui/fonts/Abel-Regular.ttf
14:08:38.293 [JavaFX Application Thread] DEBUG FXGLAssetLoaderServi - Loading from file system: jar:file:///C:/Users/zyla/.m2/repository/com/github/almasb/fxgl/11.17/fxgl-11.17.jar!/fxglassets/textures/fxgl_icon.png
14:08:38.428 [FXGL Background Thread 4 ] DEBUG FXGLAssetLoaderServi - Loading from file system: jar:file:///C:/Users/zyla/.m2/repository/com/github/almasb/fxgl/11.17/fxgl-11.17.jar!/fxglassets/ui/fonts/lucida_console.ttf
14:08:38.481 [JavaFX Application Thread] DEBUG FXGLAssetLoaderServi - Loading from file system: jar:file:///C:/Users/zyla/.m2/repository/com/github/almasb/fxgl/11.17/fxgl-11.17.jar!/fxglassets/textures/fxgl_default_cursor.png
14:08:38.486 [JavaFX Application Thread] DEBUG Input                - Registered new binding: Screenshot - CTRL+8
14:08:38.490 [FXGL Background Thread 4 ] DEBUG FXGLAssetLoaderServi - Loading from file system: jar:file:///C:/Users/zyla/.m2/repository/com/github/almasb/fxgl/11.17/fxgl-11.17.jar!/fxglassets/ui/fonts/Courier-Prime.ttf
14:08:38.530 [JavaFX Application Thread] DEBUG Input                - Registered new binding: System info dump - CTRL+9
14:08:38.541 [JavaFX Application Thread] DEBUG Input                - Registered new binding: Restart - CTRL+R
14:08:38.544 [JavaFX Application Thread] DEBUG Input                - Registered new binding: Toggle Debug Camera - CTRL+C
14:08:38.547 [JavaFX Application Thread] DEBUG LoopRunner           - Starting loop
14:08:38.547 [JavaFX Application Thread] DEBUG LoopRunner           - Initializing JavaFX AnimationTimerLoop
14:08:38.552 [JavaFX Application Thread] DEBUG Input                - Clearing active input actions
14:08:38.580 [JavaFX Application Thread] DEBUG GameApplicationServi - Removing overlay from FXGLStartupScene and adding to FXGLMainMenuDummyScene
14:08:38.581 [JavaFX Application Thread] DEBUG PrimaryStageWindow   - FXGLStartupScene -> FXGLMainMenuDummyScene
14:08:38.581 [JavaFX Application Thread] DEBUG PrimaryStageWindow   - Push state: CustomMainMenu
14:08:38.581 [JavaFX Application Thread] DEBUG Input                - Clearing active input actions
14:08:38.595 [JavaFX Application Thread] DEBUG GameApplicationServi - Removing overlay from FXGLMainMenuDummyScene and adding to CustomMainMenu
14:08:38.595 [JavaFX Application Thread] DEBUG PrimaryStageWindow   - FXGLMainMenuDummyScene -> CustomMainMenu
14:08:38.928 [JavaFX Application Thread] DEBUG FXGLApplication      - Registering font factories with UI factory
14:08:39.438 [JavaFX Application Thread] DEBUG Menu                 - fireNewGame()
14:08:39.438 [JavaFX Application Thread] DEBUG GameApplicationServi - Starting new game
14:08:39.438 [JavaFX Application Thread] DEBUG PrimaryStageWindow   - Pop state: CustomMainMenu
14:08:39.438 [JavaFX Application Thread] DEBUG Input                - Clearing active input actions
14:08:39.440 [JavaFX Application Thread] DEBUG GameApplicationServi - Removing overlay from CustomMainMenu and adding to FXGLMainMenuDummyScene
14:08:39.440 [JavaFX Application Thread] DEBUG PrimaryStageWindow   - FXGLMainMenuDummyScene <- CustomMainMenu
14:08:39.441 [JavaFX Application Thread] DEBUG Input                - Clearing active input actions
14:08:39.458 [JavaFX Application Thread] DEBUG GameApplicationServi - Removing overlay from FXGLMainMenuDummyScene and adding to FXGLLoadingScene
14:08:39.458 [JavaFX Application Thread] DEBUG PrimaryStageWindow   - FXGLMainMenuDummyScene -> FXGLLoadingScene
14:08:39.458 [JavaFX Application Thread] DEBUG GameApplicationServi - Clearing previous game
14:08:39.458 [JavaFX Application Thread] DEBUG GameScene            - Clearing game scene
14:08:39.458 [JavaFX Application Thread] DEBUG GameWorld            - Clearing game world
14:08:39.459 [JavaFX Application Thread] DEBUG PhysicsWorld         - Clearing physics world
14:08:39.464 [FXGL Background Thread 4 ] DEBUG FXGLApplication      - Initializing game
14:08:39.700 [FXGL Background Thread 2 ] INFO  UpdaterService       - Your current version:  11.17
14:08:39.700 [FXGL Background Thread 2 ] INFO  UpdaterService       - Latest stable version: 21.1
14:08:39.718 [FXGL Background Thread 4 ] WARN  TMXLevelLoader       - TiledMap generated from 1.11.2. Supported version: 1.2.3. Some features may not be parsed fully.
14:08:39.732 [FXGL Background Thread 4 ] DEBUG TMXLevelLoader       - Parsed TiledMap: file:/C:/Users/zyla/demoGame4OOP/target/classes/assets/levels/tmx/map.tmx
14:08:39.733 [FXGL Background Thread 4 ] DEBUG TMXLevelLoader       - Creating tile layer entities
14:08:39.735 [FXGL Background Thread 4 ] DEBUG TilesetLoader        - Loading view for layer Tile Layer 1
14:08:39.737 [FXGL Background Thread 4 ] DEBUG TilesetLoader        - Created buffer with size 1920.0x1088.0
14:08:39.842 [FXGL Background Thread 4 ] DEBUG TMXLevelLoader       - Creating object layer entities
14:08:39.876 [FXGL Background Thread 4 ] DEBUG GameWorld            - Clearing removable entities
14:08:39.876 [FXGL Background Thread 4 ] DEBUG GameWorld            - Setting level: com.almasb.fxgl.entity.level.Level@3f7d0bbf
14:08:39.894 [FXGL Background Thread 4 ] DEBUG FXGLAssetLoaderServi - Loading from file system: file:/C:/Users/zyla/demoGame4OOP/target/classes/assets/textures/fighter_idle.png
14:08:39.924 [FXGL Background Thread 4 ] DEBUG FXGLAssetLoaderServi - Loading from file system: file:/C:/Users/zyla/demoGame4OOP/target/classes/assets/textures/fighter_walk.png
14:08:39.938 [FXGL Background Thread 4 ] DEBUG FXGLAssetLoaderServi - Loading from file system: file:/C:/Users/zyla/demoGame4OOP/target/classes/assets/textures/fighter_jump.png
14:08:39.946 [FXGL Background Thread 4 ] DEBUG FXGLAssetLoaderServi - Loading from file system: file:/C:/Users/zyla/demoGame4OOP/target/classes/assets/textures/fighter_attack_enhanced.png
14:08:39.959 [FXGL Background Thread 4 ] DEBUG FXGLAssetLoaderServi - Loading from file system: file:/C:/Users/zyla/demoGame4OOP/target/classes/assets/textures/fighter_attack.png
14:08:39.968 [FXGL Background Thread 4 ] DEBUG FXGLAssetLoaderServi - Loading from file system: file:/C:/Users/zyla/demoGame4OOP/target/classes/assets/textures/fighter_ult.png
14:08:40.029 [FXGL Background Thread 4 ] DEBUG FXGLAssetLoaderServi - Loading from file system: file:/C:/Users/zyla/demoGame4OOP/target/classes/assets/textures/fighter_idle_P2.png
14:08:40.070 [FXGL Background Thread 4 ] DEBUG FXGLAssetLoaderServi - Loading from file system: file:/C:/Users/zyla/demoGame4OOP/target/classes/assets/textures/fighter_walk_P2.png
14:08:40.078 [FXGL Background Thread 4 ] DEBUG FXGLAssetLoaderServi - Loading from file system: file:/C:/Users/zyla/demoGame4OOP/target/classes/assets/textures/fighter_attack_enhanced_p2.png
14:08:40.090 [FXGL Background Thread 4 ] DEBUG FXGLAssetLoaderServi - Loading from file system: file:/C:/Users/zyla/demoGame4OOP/target/classes/assets/textures/fighter_jump_P2.png
14:08:40.098 [FXGL Background Thread 4 ] DEBUG FXGLAssetLoaderServi - Loading from file system: file:/C:/Users/zyla/demoGame4OOP/target/classes/assets/textures/fighter_attack_P2.png
14:08:40.107 [FXGL Background Thread 4 ] DEBUG FXGLAssetLoaderServi - Loading from file system: file:/C:/Users/zyla/demoGame4OOP/target/classes/assets/textures/fighter_ult_P2.png
14:08:40.140 [FXGL Background Thread 4 ] INFO  FXGLApplication      - Game initialization took: 0.676 sec
14:08:40.141 [JavaFX Application Thread] DEBUG Input                - Clearing active input actions
14:08:40.155 [JavaFX Application Thread] DEBUG GameApplicationServi - Removing overlay from FXGLLoadingScene and adding to GameScene
14:08:40.156 [JavaFX Application Thread] DEBUG PrimaryStageWindow   - FXGLLoadingScene -> GameScene
14:08:41.143 [FXGL Background Thread 3 ] DEBUG Engine               - Logging environment variables
14:08:41.143 [FXGL Background Thread 3 ] DEBUG Engine               - achievements: []
14:08:41.143 [FXGL Background Thread 3 ] DEBUG Engine               - actualHeight: 720.0
14:08:41.143 [FXGL Background Thread 3 ] DEBUG Engine               - actualHeightProperty: ReadOnlyDoubleProperty [value: 720.0]
14:08:41.143 [FXGL Background Thread 3 ] DEBUG Engine               - actualWidth: 1255.0
14:08:41.143 [FXGL Background Thread 3 ] DEBUG Engine               - actualWidthProperty: ReadOnlyDoubleProperty [value: 1255.0]
14:08:41.144 [FXGL Background Thread 3 ] DEBUG Engine               - appIcon: fxgl_icon.png
14:08:41.144 [FXGL Background Thread 3 ] DEBUG Engine               - applicationMode: DEVELOPER
14:08:41.144 [FXGL Background Thread 3 ] DEBUG Engine               - cSSList: [fxgl_dark.css]
14:08:41.144 [FXGL Background Thread 3 ] DEBUG Engine               - collisionDetectionStrategy: BRUTE_FORCE
14:08:41.144 [FXGL Background Thread 3 ] DEBUG Engine               - configClass: Optional.empty
14:08:41.144 [FXGL Background Thread 3 ] DEBUG Engine               - credits: []
14:08:41.144 [FXGL Background Thread 3 ] DEBUG Engine               - defaultCursor: CursorInfo(imageName=fxgl_default_cursor.png, hotspotX=7.0, hotspotY=6.0)
14:08:41.144 [FXGL Background Thread 3 ] DEBUG Engine               - devBBoxColorProperty: ObjectProperty [value: 0xff0000ff]
14:08:41.144 [FXGL Background Thread 3 ] DEBUG Engine               - devEnableDebugCameraProperty: BooleanProperty [value: false]
14:08:41.145 [FXGL Background Thread 3 ] DEBUG Engine               - devSensorColorProperty: ObjectProperty [value: 0xffff00ff]
14:08:41.145 [FXGL Background Thread 3 ] DEBUG Engine               - devShowBBoxProperty: BooleanProperty [value: false]
14:08:41.145 [FXGL Background Thread 3 ] DEBUG Engine               - devShowPositionProperty: BooleanProperty [value: false]
14:08:41.145 [FXGL Background Thread 3 ] DEBUG Engine               - enabledMenuItems: []
14:08:41.145 [FXGL Background Thread 3 ] DEBUG Engine               - engineServices: [class com.almasb.fxgl.app.services.FXGLAssetLoaderService, class com.almasb.fxgl.app.FXGLApplication$GameApplicationService, class com.almasb.fxgl.app.services.FXGLDialogService, class com.almasb.fxgl.app.services.IOTaskExecutorService, class com.almasb.fxgl.io.FileSystemService, class com.almasb.fxgl.localization.LocalizationService, class com.almasb.fxgl.app.services.SystemBundleService, class com.almasb.fxgl.profile.SaveLoadService, class com.almasb.fxgl.ui.FXGLUIFactoryServiceProvider, class com.almasb.fxgl.ui.FXGLDialogFactoryServiceProvider, class com.almasb.fxgl.audio.AudioPlayer, class com.almasb.fxgl.notification.impl.NotificationServiceProvider, class com.almasb.fxgl.achievement.AchievementService, class com.almasb.fxgl.cutscene.CutsceneService, class com.almasb.fxgl.minigames.MiniGameService, class com.almasb.fxgl.net.NetService, class com.almasb.fxgl.app.services.UpdaterService, class com.almasb.fxgl.dev.DevService]
14:08:41.145 [FXGL Background Thread 3 ] DEBUG Engine               - fontGame: Abel-Regular.ttf
14:08:41.145 [FXGL Background Thread 3 ] DEBUG Engine               - fontMono: lucida_console.ttf
14:08:41.145 [FXGL Background Thread 3 ] DEBUG Engine               - fontText: Courier-Prime.ttf
14:08:41.145 [FXGL Background Thread 3 ] DEBUG Engine               - fontUI: VarelaRound-Regular.ttf
14:08:41.145 [FXGL Background Thread 3 ] DEBUG Engine               - fullScreen: BooleanProperty [value: false]
14:08:41.145 [FXGL Background Thread 3 ] DEBUG Engine               - gameDifficulty: MEDIUM
14:08:41.145 [FXGL Background Thread 3 ] DEBUG Engine               - gameDifficultyProperty: ObjectProperty [value: MEDIUM]
14:08:41.145 [FXGL Background Thread 3 ] DEBUG Engine               - globalMusicVolume: 0.5
14:08:41.145 [FXGL Background Thread 3 ] DEBUG Engine               - globalMusicVolumeProperty: DoubleProperty [value: 0.5]
14:08:41.145 [FXGL Background Thread 3 ] DEBUG Engine               - globalSoundVolume: 0.5
14:08:41.145 [FXGL Background Thread 3 ] DEBUG Engine               - globalSoundVolumeProperty: DoubleProperty [value: 0.5]
14:08:41.146 [FXGL Background Thread 3 ] DEBUG Engine               - height: 1080
14:08:41.146 [FXGL Background Thread 3 ] DEBUG Engine               - is3D: false
14:08:41.146 [FXGL Background Thread 3 ] DEBUG Engine               - isAndroid: false
14:08:41.146 [FXGL Background Thread 3 ] DEBUG Engine               - isBrowser: false
14:08:41.146 [FXGL Background Thread 3 ] DEBUG Engine               - isClickFeedbackEnabled: false
14:08:41.146 [FXGL Background Thread 3 ] DEBUG Engine               - isCloseConfirmation: true
14:08:41.146 [FXGL Background Thread 3 ] DEBUG Engine               - isDesktop: true
14:08:41.146 [FXGL Background Thread 3 ] DEBUG Engine               - isDeveloperMenuEnabled: false
14:08:41.146 [FXGL Background Thread 3 ] DEBUG Engine               - isEntityPreloadEnabled: true
14:08:41.146 [FXGL Background Thread 3 ] DEBUG Engine               - isExperimentalTiledLargeMap: false
14:08:41.146 [FXGL Background Thread 3 ] DEBUG Engine               - isFileSystemWriteAllowed: true
14:08:41.146 [FXGL Background Thread 3 ] DEBUG Engine               - isFullScreenAllowed: false
14:08:41.146 [FXGL Background Thread 3 ] DEBUG Engine               - isFullScreenFromStart: false
14:08:41.146 [FXGL Background Thread 3 ] DEBUG Engine               - isGameMenuEnabled: false
14:08:41.146 [FXGL Background Thread 3 ] DEBUG Engine               - isIOS: false
14:08:41.146 [FXGL Background Thread 3 ] DEBUG Engine               - isIntroEnabled: false
14:08:41.146 [FXGL Background Thread 3 ] DEBUG Engine               - isLinux: false
14:08:41.146 [FXGL Background Thread 3 ] DEBUG Engine               - isMac: false
14:08:41.147 [FXGL Background Thread 3 ] DEBUG Engine               - isMainMenuEnabled: true
14:08:41.147 [FXGL Background Thread 3 ] DEBUG Engine               - isManualResizeEnabled: false
14:08:41.147 [FXGL Background Thread 3 ] DEBUG Engine               - isMobile: false
14:08:41.147 [FXGL Background Thread 3 ] DEBUG Engine               - isNative: false
14:08:41.147 [FXGL Background Thread 3 ] DEBUG Engine               - isPauseMusicWhenMinimized: true
14:08:41.147 [FXGL Background Thread 3 ] DEBUG Engine               - isPreserveResizeRatio: false
14:08:41.147 [FXGL Background Thread 3 ] DEBUG Engine               - isProfilingEnabled: false
14:08:41.147 [FXGL Background Thread 3 ] DEBUG Engine               - isScaleAffectedOnResize: true
14:08:41.147 [FXGL Background Thread 3 ] DEBUG Engine               - isSingleStep: false
14:08:41.147 [FXGL Background Thread 3 ] DEBUG Engine               - isUserProfileEnabled: false
14:08:41.147 [FXGL Background Thread 3 ] DEBUG Engine               - isWindows: true
14:08:41.147 [FXGL Background Thread 3 ] DEBUG Engine               - language: ObjectProperty [value: ENGLISH]
14:08:41.147 [FXGL Background Thread 3 ] DEBUG Engine               - menuKey: ESCAPE
14:08:41.147 [FXGL Background Thread 3 ] DEBUG Engine               - mouseSensitivity: 0.2
14:08:41.147 [FXGL Background Thread 3 ] DEBUG Engine               - notificationViewClass: class com.almasb.fxgl.notification.view.XboxNotificationView
14:08:41.147 [FXGL Background Thread 3 ] DEBUG Engine               - pixelsPerMeter: 50.0
14:08:41.147 [FXGL Background Thread 3 ] DEBUG Engine               - platform: WINDOWS
14:08:41.148 [FXGL Background Thread 3 ] DEBUG Engine               - prefHeightProperty: ReadOnlyDoubleProperty [value: 1080.0]
14:08:41.148 [FXGL Background Thread 3 ] DEBUG Engine               - prefWidthProperty: ReadOnlyDoubleProperty [value: 1920.0]
14:08:41.148 [FXGL Background Thread 3 ] DEBUG Engine               - profileDir: profiles/
14:08:41.148 [FXGL Background Thread 3 ] DEBUG Engine               - profileName: StringProperty [value: DEFAULT]
14:08:41.148 [FXGL Background Thread 3 ] DEBUG Engine               - randomSeed: -1
14:08:41.148 [FXGL Background Thread 3 ] DEBUG Engine               - runtimeInfo: RuntimeInfo(platform=WINDOWS, version=11.17, build=16.07.2021 15.46)
14:08:41.148 [FXGL Background Thread 3 ] DEBUG Engine               - saveFileExt: sav
14:08:41.148 [FXGL Background Thread 3 ] DEBUG Engine               - scaledHeightProp$fxgl: DoubleProperty [bound, value: 720.0]
14:08:41.148 [FXGL Background Thread 3 ] DEBUG Engine               - scaledWidthProp$fxgl: DoubleProperty [bound, value: 1255.0]
14:08:41.148 [FXGL Background Thread 3 ] DEBUG Engine               - sceneFactory: com.example.demo.MySceneFactory@2e6cf50d
14:08:41.148 [FXGL Background Thread 3 ] DEBUG Engine               - secondsIn24h: 60
14:08:41.148 [FXGL Background Thread 3 ] DEBUG Engine               - soundMenuBack: menu/back.wav
14:08:41.148 [FXGL Background Thread 3 ] DEBUG Engine               - soundMenuPress: menu/press.wav
14:08:41.148 [FXGL Background Thread 3 ] DEBUG Engine               - soundMenuSelect: menu/select.wav
14:08:41.148 [FXGL Background Thread 3 ] DEBUG Engine               - soundNotification: core/notification.wav
14:08:41.148 [FXGL Background Thread 3 ] DEBUG Engine               - stageStyle: DECORATED
14:08:41.149 [FXGL Background Thread 3 ] DEBUG Engine               - supportedLanguages: [ENGLISH, FRENCH, GERMAN, HUNGARIAN, RUSSIAN]
14:08:41.149 [FXGL Background Thread 3 ] DEBUG Engine               - ticksPerSecond: -1
14:08:41.149 [FXGL Background Thread 3 ] DEBUG Engine               - title: Stictactics
14:08:41.149 [FXGL Background Thread 3 ] DEBUG Engine               - urlGithub: https://github.com/AlmasB/FXGL
14:08:41.149 [FXGL Background Thread 3 ] DEBUG Engine               - urlLeaderboard: http://fxgl-top.herokuapp.com/
14:08:41.149 [FXGL Background Thread 3 ] DEBUG Engine               - urlPOM: https://raw.githubusercontent.com/AlmasB/FXGL/release/README.md
14:08:41.149 [FXGL Background Thread 3 ] DEBUG Engine               - userAppClass: class com.example.demo.HelloApplication
14:08:41.149 [FXGL Background Thread 3 ] DEBUG Engine               - version: 0.0
14:08:41.149 [FXGL Background Thread 3 ] DEBUG Engine               - versionCheckDays: 7
14:08:41.149 [FXGL Background Thread 3 ] DEBUG Engine               - width: 1920
14:08:41.149 [FXGL Background Thread 3 ] DEBUG Engine               - Logging services
14:08:41.149 [FXGL Background Thread 3 ] DEBUG Engine               - class com.almasb.fxgl.app.services.FXGLAssetLoaderService
14:08:41.149 [FXGL Background Thread 3 ] DEBUG Engine               - class com.almasb.fxgl.app.FXGLApplication$GameApplicationService
14:08:41.149 [FXGL Background Thread 3 ] DEBUG Engine               - class com.almasb.fxgl.app.services.FXGLDialogService
14:08:41.149 [FXGL Background Thread 3 ] DEBUG Engine               - class com.almasb.fxgl.app.services.IOTaskExecutorService
14:08:41.149 [FXGL Background Thread 3 ] DEBUG Engine               - class com.almasb.fxgl.io.FileSystemService
14:08:41.149 [FXGL Background Thread 3 ] DEBUG Engine               - class com.almasb.fxgl.localization.LocalizationService
14:08:41.149 [FXGL Background Thread 3 ] DEBUG Engine               - class com.almasb.fxgl.app.services.SystemBundleService
14:08:41.150 [FXGL Background Thread 3 ] DEBUG Engine               - class com.almasb.fxgl.profile.SaveLoadService
14:08:41.150 [FXGL Background Thread 3 ] DEBUG Engine               - class com.almasb.fxgl.ui.FXGLUIFactoryServiceProvider
14:08:41.150 [FXGL Background Thread 3 ] DEBUG Engine               - class com.almasb.fxgl.ui.FXGLDialogFactoryServiceProvider
14:08:41.150 [FXGL Background Thread 3 ] DEBUG Engine               - class com.almasb.fxgl.audio.AudioPlayer
14:08:41.150 [FXGL Background Thread 3 ] DEBUG Engine               - class com.almasb.fxgl.notification.impl.NotificationServiceProvider
14:08:41.150 [FXGL Background Thread 3 ] DEBUG Engine               - class com.almasb.fxgl.achievement.AchievementService
14:08:41.150 [FXGL Background Thread 3 ] DEBUG Engine               - class com.almasb.fxgl.cutscene.CutsceneService
14:08:41.150 [FXGL Background Thread 3 ] DEBUG Engine               - class com.almasb.fxgl.minigames.MiniGameService
14:08:41.150 [FXGL Background Thread 3 ] DEBUG Engine               - class com.almasb.fxgl.net.NetService
14:08:41.150 [FXGL Background Thread 3 ] DEBUG Engine               - class com.almasb.fxgl.app.services.UpdaterService
14:08:41.150 [FXGL Background Thread 3 ] DEBUG Engine               - class com.almasb.fxgl.dev.DevService
14:09:05.675 [JavaFX Application Thread] DEBUG PrimaryStageWindow   - Push state: DialogSubScene
14:09:05.675 [JavaFX Application Thread] DEBUG Input                - Clearing active input actions
14:09:05.676 [JavaFX Application Thread] DEBUG GameApplicationServi - Removing overlay from GameScene and adding to DialogSubScene
14:09:05.677 [JavaFX Application Thread] DEBUG PrimaryStageWindow   - GameScene -> DialogSubScene
14:09:07.002 [JavaFX Application Thread] DEBUG PrimaryStageWindow   - Pop state: DialogSubScene
14:09:07.002 [JavaFX Application Thread] DEBUG Input                - Clearing active input actions
14:09:07.002 [JavaFX Application Thread] DEBUG GameApplicationServi - Removing overlay from DialogSubScene and adding to GameScene
14:09:07.002 [JavaFX Application Thread] DEBUG PrimaryStageWindow   - GameScene <- DialogSubScene
14:09:07.002 [JavaFX Application Thread] DEBUG FXGLApplication      - Exiting FXGL
14:09:07.002 [JavaFX Application Thread] DEBUG LoopRunner           - Stopping loop
14:09:07.002 [JavaFX Application Thread] DEBUG SystemBundleService  - Saving FXGL system data
14:09:07.006 [JavaFX Application Thread] DEBUG FileSystemAccess     - Writing to: C:\Users\zyla\demoGame4OOP\system\fxgl.bundle
14:09:07.008 [JavaFX Application Thread] DEBUG Async                - Shutting down background threads
14:09:07.008 [JavaFX Application Thread] DEBUG PrimaryStageWindow   - Closing main window
14:09:07.025 [JavaFX Application Thread] DEBUG Logger               - Closing Logger
