08:50:04.952 [main                     ] DEBUG Logger               - Configured Logger
08:50:04.953 [main                     ] DEBUG GameApplication      - Logging settings
Title: Stictactics
Version: 0.0
Width: 1920
Height: 1080
Fullscreen: false
Intro: false
Profiling: false
Single step:false
App Mode: DEVELOPER
Menu Key: ESCAPE
Stage Style: DECORATED
Scene Factory: class com.example.demo.Factory.MySceneFactory

08:50:05.410 [JavaFX Application Thread] DEBUG FXGLApplication      - Initializing FXGL
08:50:05.412 [JavaFX Application Thread] INFO  Engine               - FXGL-11.17 (16.07.2021 15.46) on WINDOWS (J:23.0.2 FX:17.0.6)
08:50:05.413 [JavaFX Application Thread] DEBUG Engine               - JRE Vendor Name: Amazon.com Inc.
08:50:05.413 [JavaFX Application Thread] DEBUG Engine               - Running on OS: Windows 11 version 10.0
08:50:05.413 [JavaFX Application Thread] DEBUG Engine               - Architecture: amd64
08:50:05.413 [JavaFX Application Thread] INFO  Engine               - Source code and latest versions at: https://github.com/AlmasB/FXGL
08:50:05.413 [JavaFX Application Thread] INFO  Engine               -              Join the FXGL chat at: https://gitter.im/AlmasB/FXGL
08:50:05.524 [JavaFX Application Thread] DEBUG PrimaryStageWindow   - Creating a JavaFX scene
08:50:05.524 [JavaFX Application Thread] DEBUG PrimaryStageWindow   - Target size > screen size
08:50:05.584 [JavaFX Application Thread] DEBUG PrimaryStageWindow   - Target settings size: 1920.0 x 1080.0
08:50:05.584 [JavaFX Application Thread] DEBUG PrimaryStageWindow   - Scaled scene size:    1255.0 x 720.0
08:50:05.584 [JavaFX Application Thread] DEBUG PrimaryStageWindow   - Scaled ratio: (0.6536458333333334, 0.6666666666666666)
08:50:05.586 [JavaFX Application Thread] DEBUG PrimaryStageWindow   - Set initial scene to FXGLStartupScene
08:50:05.596 [JavaFX Application Thread] DEBUG PrimaryStageWindow   - Opening main window
08:50:05.710 [JavaFX Application Thread] DEBUG PrimaryStageWindow   - Window border size: (16.0, 39.0)
08:50:05.710 [JavaFX Application Thread] DEBUG PrimaryStageWindow   - Scaled size: 1255.0 x 720.0
08:50:05.710 [JavaFX Application Thread] DEBUG PrimaryStageWindow   - Scaled ratio: (0.6536458333333334, 0.6666666666666666)
08:50:05.710 [JavaFX Application Thread] DEBUG PrimaryStageWindow   - Scene size: 1255.0 x 720.0
08:50:05.711 [JavaFX Application Thread] DEBUG PrimaryStageWindow   - Stage size: 1271.0 x 759.0
08:50:05.736 [FXGL Background Thread 1 ] DEBUG Engine               - Initializing environment variables
08:50:05.871 [FXGL Background Thread 1 ] DEBUG FXGLAssetLoaderServi - User app class for loading assets: class com.example.demo.HelloController
08:50:05.871 [FXGL Background Thread 1 ] DEBUG GameApplicationServi - Applying CSS: fxgl_dark.css
08:50:05.872 [FXGL Background Thread 1 ] DEBUG FXGLAssetLoaderServi - Loading from file system: jar:file:///C:/Users/zyla/.m2/repository/com/github/almasb/fxgl/11.17/fxgl-11.17.jar!/fxglassets/ui/css/fxgl_dark.css
08:50:05.943 [FXGL Background Thread 1 ] DEBUG GameApplicationServi - Initializing application scenes
08:50:06.075 [FXGL Background Thread 1 ] DEBUG GameWorld            - Game world initialized
08:50:06.157 [FXGL Background Thread 1 ] DEBUG PhysicsWorld         - Physics world initialized: appHeight=1080, physics.ppm=50.0
08:50:06.158 [FXGL Background Thread 1 ] DEBUG PhysicsWorld         - Using strategy: BRUTE_FORCE
08:50:06.161 [FXGL Background Thread 1 ] DEBUG GameScene            - Game scene initialized: 1920x1080
08:50:06.335 [FXGL Background Thread 1 ] DEBUG GameApplicationServi - Application scenes initialized
08:50:06.350 [FXGL Background Thread 1 ] DEBUG SystemBundleService  - Loading FXGL system data
08:50:06.356 [FXGL Background Thread 1 ] DEBUG FileSystemAccess     - Reading from: C:\Users\zyla\demoGame4OOP\system\fxgl.bundle
08:50:06.369 [FXGL Background Thread 1 ] DEBUG SystemBundleService  - Bundle FXGL: {}
08:50:06.369 [FXGL Background Thread 1 ] DEBUG UpdaterService       - Checking for updates
08:50:06.375 [FXGL Background Thread 1 ] DEBUG FXGLApplication      - Loading default localization
08:50:06.376 [FXGL Background Thread 1 ] DEBUG FXGLAssetLoaderServi - Loading from file system: jar:file:///C:/Users/zyla/.m2/repository/com/github/almasb/fxgl/11.17/fxgl-11.17.jar!/fxglassets/languages/english.lang
08:50:06.376 [FXGL Background Thread 4 ] DEBUG FXGLApplication      - Loading fonts
08:50:06.376 [FXGL Background Thread 4 ] DEBUG FXGLAssetLoaderServi - Loading from file system: jar:file:///C:/Users/zyla/.m2/repository/com/github/almasb/fxgl/11.17/fxgl-11.17.jar!/fxglassets/ui/fonts/VarelaRound-Regular.ttf
08:50:06.394 [FXGL Background Thread 1 ] INFO  FXGLApplication      - FXGL initialization took: 0.658 sec
08:50:06.443 [JavaFX Application Thread] DEBUG Input                - Registered new binding: Pause Game - Esc
08:50:06.443 [JavaFX Application Thread] DEBUG Input                - Registered new binding: P1Left - A
08:50:06.443 [JavaFX Application Thread] DEBUG Input                - Registered new binding: P1Right - D
08:50:06.443 [JavaFX Application Thread] DEBUG Input                - Registered new binding: P1Jump - W
08:50:06.443 [JavaFX Application Thread] DEBUG Input                - Registered new binding: P1Punch - F
08:50:06.443 [JavaFX Application Thread] DEBUG Input                - Registered new binding: P1EnhancedPunch - E
08:50:06.444 [JavaFX Application Thread] DEBUG Input                - Registered new binding: P1Ult - Q
08:50:06.444 [JavaFX Application Thread] DEBUG Input                - Registered new binding: P2Left - Left
08:50:06.444 [JavaFX Application Thread] DEBUG Input                - Registered new binding: P2Right - Right
08:50:06.447 [JavaFX Application Thread] DEBUG Input                - Registered new binding: P2Jump - Up
08:50:06.447 [JavaFX Application Thread] DEBUG Input                - Registered new binding: P2Punch - H
08:50:06.448 [JavaFX Application Thread] DEBUG Input                - Registered new binding: P2EnhancedPunch - U
08:50:06.448 [JavaFX Application Thread] DEBUG Input                - Registered new binding: P2Ult - O
08:50:06.457 [JavaFX Application Thread] WARN  FXGLAssetLoaderServi - Asset "/assets/textures//assets/textures/background-intro.mp4" was not found!
08:50:06.457 [JavaFX Application Thread] WARN  FXGLAssetLoaderServi - Failed to load IMAGE
08:50:06.505 [JavaFX Application Thread] DEBUG FXGLAssetLoaderServi - Loading from file system: jar:file:///C:/Users/zyla/.m2/repository/com/github/almasb/fxgl/11.17/fxgl-11.17.jar!/fxglassets/textures/fxgl_icon.png
08:50:06.616 [JavaFX Application Thread] DEBUG FXGLAssetLoaderServi - Loading from file system: jar:file:///C:/Users/zyla/.m2/repository/com/github/almasb/fxgl/11.17/fxgl-11.17.jar!/fxglassets/textures/fxgl_default_cursor.png
08:50:06.621 [JavaFX Application Thread] DEBUG Input                - Registered new binding: Screenshot - CTRL+8
08:50:06.621 [JavaFX Application Thread] DEBUG Input                - Registered new binding: System info dump - CTRL+9
08:50:06.622 [JavaFX Application Thread] DEBUG Input                - Registered new binding: Restart - CTRL+R
08:50:06.622 [JavaFX Application Thread] DEBUG Input                - Registered new binding: Toggle Debug Camera - CTRL+C
08:50:06.627 [JavaFX Application Thread] DEBUG LoopRunner           - Starting loop
08:50:06.628 [JavaFX Application Thread] DEBUG LoopRunner           - Initializing JavaFX AnimationTimerLoop
08:50:06.633 [JavaFX Application Thread] DEBUG Input                - Clearing active input actions
08:50:06.655 [JavaFX Application Thread] DEBUG GameApplicationServi - Removing overlay from FXGLStartupScene and adding to FXGLMainMenuDummyScene
08:50:06.656 [JavaFX Application Thread] DEBUG PrimaryStageWindow   - FXGLStartupScene -> FXGLMainMenuDummyScene
08:50:06.656 [JavaFX Application Thread] DEBUG PrimaryStageWindow   - Push state: CustomMainMenu
08:50:06.656 [JavaFX Application Thread] DEBUG Input                - Clearing active input actions
08:50:06.664 [JavaFX Application Thread] DEBUG GameApplicationServi - Removing overlay from FXGLMainMenuDummyScene and adding to CustomMainMenu
08:50:06.664 [JavaFX Application Thread] DEBUG PrimaryStageWindow   - FXGLMainMenuDummyScene -> CustomMainMenu
08:50:06.770 [FXGL Background Thread 4 ] DEBUG FXGLAssetLoaderServi - Loading from file system: jar:file:///C:/Users/zyla/.m2/repository/com/github/almasb/fxgl/11.17/fxgl-11.17.jar!/fxglassets/ui/fonts/Abel-Regular.ttf
08:50:06.797 [FXGL Background Thread 4 ] DEBUG FXGLAssetLoaderServi - Loading from file system: jar:file:///C:/Users/zyla/.m2/repository/com/github/almasb/fxgl/11.17/fxgl-11.17.jar!/fxglassets/ui/fonts/lucida_console.ttf
08:50:06.831 [FXGL Background Thread 4 ] DEBUG FXGLAssetLoaderServi - Loading from file system: jar:file:///C:/Users/zyla/.m2/repository/com/github/almasb/fxgl/11.17/fxgl-11.17.jar!/fxglassets/ui/fonts/Courier-Prime.ttf
08:50:07.000 [JavaFX Application Thread] DEBUG FXGLApplication      - Registering font factories with UI factory
08:50:07.523 [JavaFX Application Thread] DEBUG Menu                 - fireNewGame()
08:50:07.523 [JavaFX Application Thread] DEBUG GameApplicationServi - Starting new game
08:50:07.524 [JavaFX Application Thread] DEBUG PrimaryStageWindow   - Pop state: CustomMainMenu
08:50:07.524 [JavaFX Application Thread] DEBUG Input                - Clearing active input actions
08:50:07.525 [JavaFX Application Thread] DEBUG GameApplicationServi - Removing overlay from CustomMainMenu and adding to FXGLMainMenuDummyScene
08:50:07.525 [JavaFX Application Thread] DEBUG PrimaryStageWindow   - FXGLMainMenuDummyScene <- CustomMainMenu
08:50:07.526 [JavaFX Application Thread] DEBUG Input                - Clearing active input actions
08:50:07.546 [JavaFX Application Thread] DEBUG GameApplicationServi - Removing overlay from FXGLMainMenuDummyScene and adding to FXGLLoadingScene
08:50:07.546 [JavaFX Application Thread] DEBUG PrimaryStageWindow   - FXGLMainMenuDummyScene -> FXGLLoadingScene
08:50:07.546 [JavaFX Application Thread] DEBUG GameApplicationServi - Clearing previous game
08:50:07.547 [JavaFX Application Thread] DEBUG GameScene            - Clearing game scene
08:50:07.547 [JavaFX Application Thread] DEBUG GameWorld            - Clearing game world
08:50:07.547 [JavaFX Application Thread] DEBUG PhysicsWorld         - Clearing physics world
08:50:07.551 [FXGL Background Thread 4 ] DEBUG FXGLApplication      - Initializing game
08:50:07.680 [FXGL Background Thread 2 ] INFO  UpdaterService       - Your current version:  11.17
08:50:07.680 [FXGL Background Thread 2 ] INFO  UpdaterService       - Latest stable version: 21.1
08:50:07.704 [FXGL Background Thread 4 ] WARN  TMXLevelLoader       - TiledMap generated from 1.11.2. Supported version: 1.2.3. Some features may not be parsed fully.
08:50:07.722 [FXGL Background Thread 4 ] DEBUG TMXLevelLoader       - Parsed TiledMap: file:/C:/Users/zyla/demoGame4OOP/target/classes/assets/levels/tmx/map5.tmx
08:50:07.724 [FXGL Background Thread 4 ] DEBUG TMXLevelLoader       - Creating tile layer entities
08:50:07.725 [FXGL Background Thread 4 ] DEBUG TilesetLoader        - Loading view for layer Tile Layer 1
08:50:07.729 [FXGL Background Thread 4 ] DEBUG TilesetLoader        - Created buffer with size 1920.0x1088.0
08:50:07.964 [FXGL Background Thread 4 ] DEBUG TMXLevelLoader       - Creating object layer entities
08:50:08.019 [FXGL Background Thread 4 ] DEBUG GameWorld            - Clearing removable entities
08:50:08.021 [FXGL Background Thread 4 ] DEBUG GameWorld            - Setting level: com.almasb.fxgl.entity.level.Level@615a0402
08:50:08.090 [FXGL Background Thread 4 ] DEBUG FXGLAssetLoaderServi - Loading from file system: file:/C:/Users/zyla/demoGame4OOP/target/classes/assets/textures/character_2/knight_idle.png
08:50:08.134 [FXGL Background Thread 4 ] DEBUG FXGLAssetLoaderServi - Loading from file system: file:/C:/Users/zyla/demoGame4OOP/target/classes/assets/textures/character_2/knight_walk.png
08:50:08.150 [FXGL Background Thread 4 ] DEBUG FXGLAssetLoaderServi - Loading from file system: file:/C:/Users/zyla/demoGame4OOP/target/classes/assets/textures/fighter_attack_enhanced_p2.png
08:50:08.168 [FXGL Background Thread 4 ] DEBUG FXGLAssetLoaderServi - Loading from file system: file:/C:/Users/zyla/demoGame4OOP/target/classes/assets/textures/character_2/knight_jump.png
08:50:08.185 [FXGL Background Thread 4 ] DEBUG FXGLAssetLoaderServi - Loading from file system: file:/C:/Users/zyla/demoGame4OOP/target/classes/assets/textures/character_2/knight_combo.png
08:50:08.215 [FXGL Background Thread 4 ] DEBUG FXGLAssetLoaderServi - Loading from file system: file:/C:/Users/zyla/demoGame4OOP/target/classes/assets/textures/fighter_ult_P2.png
08:50:08.250 [FXGL Background Thread 4 ] DEBUG FXGLAssetLoaderServi - Loading from file system: file:/C:/Users/zyla/demoGame4OOP/target/classes/assets/textures/fighter_hit.png
08:50:08.274 [FXGL Background Thread 4 ] DEBUG FXGLAssetLoaderServi - Loading from file system: file:/C:/Users/zyla/demoGame4OOP/target/classes/assets/textures/fighter_idle_P2.png
08:50:08.312 [FXGL Background Thread 4 ] DEBUG FXGLAssetLoaderServi - Loading from file system: file:/C:/Users/zyla/demoGame4OOP/target/classes/assets/textures/fighter_walk_P2.png
08:50:08.350 [FXGL Background Thread 4 ] DEBUG FXGLAssetLoaderServi - Loading from file system: file:/C:/Users/zyla/demoGame4OOP/target/classes/assets/textures/fighter_jump_P2.png
08:50:08.356 [FXGL Background Thread 4 ] DEBUG FXGLAssetLoaderServi - Loading from file system: file:/C:/Users/zyla/demoGame4OOP/target/classes/assets/textures/fighter_attack_P2.png
08:50:08.411 [FXGL Background Thread 4 ] INFO  FXGLApplication      - Game initialization took: 0.860 sec
08:50:08.414 [JavaFX Application Thread] DEBUG Input                - Clearing active input actions
08:50:08.429 [JavaFX Application Thread] DEBUG GameApplicationServi - Removing overlay from FXGLLoadingScene and adding to GameScene
08:50:08.432 [JavaFX Application Thread] DEBUG PrimaryStageWindow   - FXGLLoadingScene -> GameScene
08:50:09.374 [FXGL Background Thread 3 ] DEBUG Engine               - Logging environment variables
08:50:09.375 [FXGL Background Thread 3 ] DEBUG Engine               - achievements: []
08:50:09.375 [FXGL Background Thread 3 ] DEBUG Engine               - actualHeight: 720.0
08:50:09.375 [FXGL Background Thread 3 ] DEBUG Engine               - actualHeightProperty: ReadOnlyDoubleProperty [value: 720.0]
08:50:09.375 [FXGL Background Thread 3 ] DEBUG Engine               - actualWidth: 1255.0
08:50:09.375 [FXGL Background Thread 3 ] DEBUG Engine               - actualWidthProperty: ReadOnlyDoubleProperty [value: 1255.0]
08:50:09.375 [FXGL Background Thread 3 ] DEBUG Engine               - appIcon: fxgl_icon.png
08:50:09.375 [FXGL Background Thread 3 ] DEBUG Engine               - applicationMode: DEVELOPER
08:50:09.377 [FXGL Background Thread 3 ] DEBUG Engine               - cSSList: [fxgl_dark.css]
08:50:09.377 [FXGL Background Thread 3 ] DEBUG Engine               - collisionDetectionStrategy: BRUTE_FORCE
08:50:09.377 [FXGL Background Thread 3 ] DEBUG Engine               - configClass: Optional.empty
08:50:09.377 [FXGL Background Thread 3 ] DEBUG Engine               - credits: []
08:50:09.377 [FXGL Background Thread 3 ] DEBUG Engine               - defaultCursor: CursorInfo(imageName=fxgl_default_cursor.png, hotspotX=7.0, hotspotY=6.0)
08:50:09.377 [FXGL Background Thread 3 ] DEBUG Engine               - devBBoxColorProperty: ObjectProperty [value: 0xff0000ff]
08:50:09.377 [FXGL Background Thread 3 ] DEBUG Engine               - devEnableDebugCameraProperty: BooleanProperty [value: false]
08:50:09.378 [FXGL Background Thread 3 ] DEBUG Engine               - devSensorColorProperty: ObjectProperty [value: 0xffff00ff]
08:50:09.378 [FXGL Background Thread 3 ] DEBUG Engine               - devShowBBoxProperty: BooleanProperty [value: false]
08:50:09.378 [FXGL Background Thread 3 ] DEBUG Engine               - devShowPositionProperty: BooleanProperty [value: false]
08:50:09.378 [FXGL Background Thread 3 ] DEBUG Engine               - enabledMenuItems: []
08:50:09.378 [FXGL Background Thread 3 ] DEBUG Engine               - engineServices: [class com.almasb.fxgl.app.services.FXGLAssetLoaderService, class com.almasb.fxgl.app.FXGLApplication$GameApplicationService, class com.almasb.fxgl.app.services.FXGLDialogService, class com.almasb.fxgl.app.services.IOTaskExecutorService, class com.almasb.fxgl.io.FileSystemService, class com.almasb.fxgl.localization.LocalizationService, class com.almasb.fxgl.app.services.SystemBundleService, class com.almasb.fxgl.profile.SaveLoadService, class com.almasb.fxgl.ui.FXGLUIFactoryServiceProvider, class com.almasb.fxgl.ui.FXGLDialogFactoryServiceProvider, class com.almasb.fxgl.audio.AudioPlayer, class com.almasb.fxgl.notification.impl.NotificationServiceProvider, class com.almasb.fxgl.achievement.AchievementService, class com.almasb.fxgl.cutscene.CutsceneService, class com.almasb.fxgl.minigames.MiniGameService, class com.almasb.fxgl.net.NetService, class com.almasb.fxgl.app.services.UpdaterService, class com.almasb.fxgl.dev.DevService]
08:50:09.378 [FXGL Background Thread 3 ] DEBUG Engine               - fontGame: Abel-Regular.ttf
08:50:09.378 [FXGL Background Thread 3 ] DEBUG Engine               - fontMono: lucida_console.ttf
08:50:09.378 [FXGL Background Thread 3 ] DEBUG Engine               - fontText: Courier-Prime.ttf
08:50:09.378 [FXGL Background Thread 3 ] DEBUG Engine               - fontUI: VarelaRound-Regular.ttf
08:50:09.378 [FXGL Background Thread 3 ] DEBUG Engine               - fullScreen: BooleanProperty [value: false]
08:50:09.378 [FXGL Background Thread 3 ] DEBUG Engine               - gameDifficulty: MEDIUM
08:50:09.378 [FXGL Background Thread 3 ] DEBUG Engine               - gameDifficultyProperty: ObjectProperty [value: MEDIUM]
08:50:09.378 [FXGL Background Thread 3 ] DEBUG Engine               - globalMusicVolume: 0.5
08:50:09.378 [FXGL Background Thread 3 ] DEBUG Engine               - globalMusicVolumeProperty: DoubleProperty [value: 0.5]
08:50:09.378 [FXGL Background Thread 3 ] DEBUG Engine               - globalSoundVolume: 0.5
08:50:09.379 [FXGL Background Thread 3 ] DEBUG Engine               - globalSoundVolumeProperty: DoubleProperty [value: 0.5]
08:50:09.379 [FXGL Background Thread 3 ] DEBUG Engine               - height: 1080
08:50:09.379 [FXGL Background Thread 3 ] DEBUG Engine               - is3D: false
08:50:09.379 [FXGL Background Thread 3 ] DEBUG Engine               - isAndroid: false
08:50:09.379 [FXGL Background Thread 3 ] DEBUG Engine               - isBrowser: false
08:50:09.379 [FXGL Background Thread 3 ] DEBUG Engine               - isClickFeedbackEnabled: false
08:50:09.379 [FXGL Background Thread 3 ] DEBUG Engine               - isCloseConfirmation: true
08:50:09.379 [FXGL Background Thread 3 ] DEBUG Engine               - isDesktop: true
08:50:09.379 [FXGL Background Thread 3 ] DEBUG Engine               - isDeveloperMenuEnabled: false
08:50:09.379 [FXGL Background Thread 3 ] DEBUG Engine               - isEntityPreloadEnabled: true
08:50:09.379 [FXGL Background Thread 3 ] DEBUG Engine               - isExperimentalTiledLargeMap: false
08:50:09.379 [FXGL Background Thread 3 ] DEBUG Engine               - isFileSystemWriteAllowed: true
08:50:09.379 [FXGL Background Thread 3 ] DEBUG Engine               - isFullScreenAllowed: false
08:50:09.379 [FXGL Background Thread 3 ] DEBUG Engine               - isFullScreenFromStart: false
08:50:09.379 [FXGL Background Thread 3 ] DEBUG Engine               - isGameMenuEnabled: false
08:50:09.379 [FXGL Background Thread 3 ] DEBUG Engine               - isIOS: false
08:50:09.379 [FXGL Background Thread 3 ] DEBUG Engine               - isIntroEnabled: false
08:50:09.380 [FXGL Background Thread 3 ] DEBUG Engine               - isLinux: false
08:50:09.380 [FXGL Background Thread 3 ] DEBUG Engine               - isMac: false
08:50:09.380 [FXGL Background Thread 3 ] DEBUG Engine               - isMainMenuEnabled: true
08:50:09.380 [FXGL Background Thread 3 ] DEBUG Engine               - isManualResizeEnabled: false
08:50:09.380 [FXGL Background Thread 3 ] DEBUG Engine               - isMobile: false
08:50:09.380 [FXGL Background Thread 3 ] DEBUG Engine               - isNative: false
08:50:09.380 [FXGL Background Thread 3 ] DEBUG Engine               - isPauseMusicWhenMinimized: true
08:50:09.380 [FXGL Background Thread 3 ] DEBUG Engine               - isPreserveResizeRatio: false
08:50:09.380 [FXGL Background Thread 3 ] DEBUG Engine               - isProfilingEnabled: false
08:50:09.380 [FXGL Background Thread 3 ] DEBUG Engine               - isScaleAffectedOnResize: true
08:50:09.380 [FXGL Background Thread 3 ] DEBUG Engine               - isSingleStep: false
08:50:09.380 [FXGL Background Thread 3 ] DEBUG Engine               - isUserProfileEnabled: false
08:50:09.380 [FXGL Background Thread 3 ] DEBUG Engine               - isWindows: true
08:50:09.380 [FXGL Background Thread 3 ] DEBUG Engine               - language: ObjectProperty [value: ENGLISH]
08:50:09.380 [FXGL Background Thread 3 ] DEBUG Engine               - menuKey: ESCAPE
08:50:09.380 [FXGL Background Thread 3 ] DEBUG Engine               - mouseSensitivity: 0.2
08:50:09.381 [FXGL Background Thread 3 ] DEBUG Engine               - notificationViewClass: class com.almasb.fxgl.notification.view.XboxNotificationView
08:50:09.381 [FXGL Background Thread 3 ] DEBUG Engine               - pixelsPerMeter: 50.0
08:50:09.381 [FXGL Background Thread 3 ] DEBUG Engine               - platform: WINDOWS
08:50:09.381 [FXGL Background Thread 3 ] DEBUG Engine               - prefHeightProperty: ReadOnlyDoubleProperty [value: 1080.0]
08:50:09.381 [FXGL Background Thread 3 ] DEBUG Engine               - prefWidthProperty: ReadOnlyDoubleProperty [value: 1920.0]
08:50:09.381 [FXGL Background Thread 3 ] DEBUG Engine               - profileDir: profiles/
08:50:09.381 [FXGL Background Thread 3 ] DEBUG Engine               - profileName: StringProperty [value: DEFAULT]
08:50:09.381 [FXGL Background Thread 3 ] DEBUG Engine               - randomSeed: -1
08:50:09.381 [FXGL Background Thread 3 ] DEBUG Engine               - runtimeInfo: RuntimeInfo(platform=WINDOWS, version=11.17, build=16.07.2021 15.46)
08:50:09.381 [FXGL Background Thread 3 ] DEBUG Engine               - saveFileExt: sav
08:50:09.382 [FXGL Background Thread 3 ] DEBUG Engine               - scaledHeightProp$fxgl: DoubleProperty [bound, value: 720.0]
08:50:09.382 [FXGL Background Thread 3 ] DEBUG Engine               - scaledWidthProp$fxgl: DoubleProperty [bound, value: 1255.0]
08:50:09.382 [FXGL Background Thread 3 ] DEBUG Engine               - sceneFactory: com.example.demo.Factory.MySceneFactory@19547247
08:50:09.382 [FXGL Background Thread 3 ] DEBUG Engine               - secondsIn24h: 60
08:50:09.382 [FXGL Background Thread 3 ] DEBUG Engine               - soundMenuBack: menu/back.wav
08:50:09.382 [FXGL Background Thread 3 ] DEBUG Engine               - soundMenuPress: menu/press.wav
08:50:09.382 [FXGL Background Thread 3 ] DEBUG Engine               - soundMenuSelect: menu/select.wav
08:50:09.382 [FXGL Background Thread 3 ] DEBUG Engine               - soundNotification: core/notification.wav
08:50:09.382 [FXGL Background Thread 3 ] DEBUG Engine               - stageStyle: DECORATED
08:50:09.382 [FXGL Background Thread 3 ] DEBUG Engine               - supportedLanguages: [ENGLISH, FRENCH, GERMAN, HUNGARIAN, RUSSIAN]
08:50:09.382 [FXGL Background Thread 3 ] DEBUG Engine               - ticksPerSecond: -1
08:50:09.382 [FXGL Background Thread 3 ] DEBUG Engine               - title: Stictactics
08:50:09.382 [FXGL Background Thread 3 ] DEBUG Engine               - urlGithub: https://github.com/AlmasB/FXGL
08:50:09.383 [FXGL Background Thread 3 ] DEBUG Engine               - urlLeaderboard: http://fxgl-top.herokuapp.com/
08:50:09.383 [FXGL Background Thread 3 ] DEBUG Engine               - urlPOM: https://raw.githubusercontent.com/AlmasB/FXGL/release/README.md
08:50:09.383 [FXGL Background Thread 3 ] DEBUG Engine               - userAppClass: class com.example.demo.HelloController
08:50:09.383 [FXGL Background Thread 3 ] DEBUG Engine               - version: 0.0
08:50:09.383 [FXGL Background Thread 3 ] DEBUG Engine               - versionCheckDays: 7
08:50:09.383 [FXGL Background Thread 3 ] DEBUG Engine               - width: 1920
08:50:09.383 [FXGL Background Thread 3 ] DEBUG Engine               - Logging services
08:50:09.383 [FXGL Background Thread 3 ] DEBUG Engine               - class com.almasb.fxgl.app.services.FXGLAssetLoaderService
08:50:09.383 [FXGL Background Thread 3 ] DEBUG Engine               - class com.almasb.fxgl.app.FXGLApplication$GameApplicationService
08:50:09.383 [FXGL Background Thread 3 ] DEBUG Engine               - class com.almasb.fxgl.app.services.FXGLDialogService
08:50:09.383 [FXGL Background Thread 3 ] DEBUG Engine               - class com.almasb.fxgl.app.services.IOTaskExecutorService
08:50:09.383 [FXGL Background Thread 3 ] DEBUG Engine               - class com.almasb.fxgl.io.FileSystemService
08:50:09.383 [FXGL Background Thread 3 ] DEBUG Engine               - class com.almasb.fxgl.localization.LocalizationService
08:50:09.383 [FXGL Background Thread 3 ] DEBUG Engine               - class com.almasb.fxgl.app.services.SystemBundleService
08:50:09.383 [FXGL Background Thread 3 ] DEBUG Engine               - class com.almasb.fxgl.profile.SaveLoadService
08:50:09.383 [FXGL Background Thread 3 ] DEBUG Engine               - class com.almasb.fxgl.ui.FXGLUIFactoryServiceProvider
08:50:09.383 [FXGL Background Thread 3 ] DEBUG Engine               - class com.almasb.fxgl.ui.FXGLDialogFactoryServiceProvider
08:50:09.384 [FXGL Background Thread 3 ] DEBUG Engine               - class com.almasb.fxgl.audio.AudioPlayer
08:50:09.384 [FXGL Background Thread 3 ] DEBUG Engine               - class com.almasb.fxgl.notification.impl.NotificationServiceProvider
08:50:09.384 [FXGL Background Thread 3 ] DEBUG Engine               - class com.almasb.fxgl.achievement.AchievementService
08:50:09.384 [FXGL Background Thread 3 ] DEBUG Engine               - class com.almasb.fxgl.cutscene.CutsceneService
08:50:09.384 [FXGL Background Thread 3 ] DEBUG Engine               - class com.almasb.fxgl.minigames.MiniGameService
08:50:09.384 [FXGL Background Thread 3 ] DEBUG Engine               - class com.almasb.fxgl.net.NetService
08:50:09.384 [FXGL Background Thread 3 ] DEBUG Engine               - class com.almasb.fxgl.app.services.UpdaterService
08:50:09.384 [FXGL Background Thread 3 ] DEBUG Engine               - class com.almasb.fxgl.dev.DevService
08:50:21.638 [JavaFX Application Thread] DEBUG LoopRunner           - Pausing loop
08:50:21.648 [JavaFX Application Thread] DEBUG LoopRunner           - Pausing loop
08:50:23.091 [JavaFX Application Thread] DEBUG LoopRunner           - Resuming loop
08:50:23.091 [JavaFX Application Thread] DEBUG GameApplicationServi - Starting new game
08:50:23.091 [JavaFX Application Thread] DEBUG Input                - Clearing active input actions
08:50:23.102 [JavaFX Application Thread] DEBUG GameApplicationServi - Removing overlay from GameScene and adding to FXGLLoadingScene
08:50:23.102 [JavaFX Application Thread] DEBUG PrimaryStageWindow   - GameScene -> FXGLLoadingScene
08:50:23.102 [JavaFX Application Thread] DEBUG GameApplicationServi - Clearing previous game
08:50:23.102 [JavaFX Application Thread] DEBUG GameScene            - Clearing game scene
08:50:23.103 [JavaFX Application Thread] DEBUG GameWorld            - Clearing game world
08:50:23.104 [JavaFX Application Thread] DEBUG PhysicsWorld         - Clearing physics world
08:50:23.105 [FXGL Background Thread 4 ] DEBUG FXGLApplication      - Initializing game
08:50:23.117 [FXGL Background Thread 4 ] WARN  TMXLevelLoader       - TiledMap generated from 1.11.2. Supported version: 1.2.3. Some features may not be parsed fully.
08:50:23.125 [FXGL Background Thread 4 ] DEBUG TMXLevelLoader       - Parsed TiledMap: file:/C:/Users/zyla/demoGame4OOP/target/classes/assets/levels/tmx/map6.tmx
08:50:23.125 [FXGL Background Thread 4 ] DEBUG TMXLevelLoader       - Creating tile layer entities
08:50:23.126 [FXGL Background Thread 4 ] DEBUG TilesetLoader        - Loading view for layer Tile Layer 1
08:50:23.133 [FXGL Background Thread 4 ] DEBUG TilesetLoader        - Created buffer with size 1920.0x1088.0
08:50:23.295 [FXGL Background Thread 4 ] DEBUG TMXLevelLoader       - Creating object layer entities
08:50:23.298 [FXGL Background Thread 4 ] DEBUG GameWorld            - Clearing removable entities
08:50:23.298 [FXGL Background Thread 4 ] DEBUG GameWorld            - Setting level: com.almasb.fxgl.entity.level.Level@3aa44402
08:50:23.322 [FXGL Background Thread 4 ] INFO  FXGLApplication      - Game initialization took: 0.218 sec
08:50:23.347 [JavaFX Application Thread] DEBUG Input                - Clearing active input actions
08:50:23.354 [JavaFX Application Thread] DEBUG GameApplicationServi - Removing overlay from FXGLLoadingScene and adding to GameScene
08:50:23.357 [JavaFX Application Thread] DEBUG PrimaryStageWindow   - FXGLLoadingScene -> GameScene
08:50:27.767 [JavaFX Application Thread] DEBUG PrimaryStageWindow   - Push state: CustomPauseMenu
08:50:27.767 [JavaFX Application Thread] DEBUG Input                - Clearing active input actions
08:50:27.770 [JavaFX Application Thread] DEBUG GameApplicationServi - Removing overlay from GameScene and adding to CustomPauseMenu
08:50:27.770 [JavaFX Application Thread] DEBUG PrimaryStageWindow   - GameScene -> CustomPauseMenu
08:50:28.500 [JavaFX Application Thread] DEBUG Menu                 - fireExitToMainMenu()
08:50:28.508 [JavaFX Application Thread] DEBUG PrimaryStageWindow   - Push state: DialogSubScene
08:50:28.508 [JavaFX Application Thread] DEBUG Input                - Clearing active input actions
08:50:28.509 [JavaFX Application Thread] DEBUG GameApplicationServi - Removing overlay from CustomPauseMenu and adding to DialogSubScene
08:50:28.509 [JavaFX Application Thread] DEBUG PrimaryStageWindow   - CustomPauseMenu -> DialogSubScene
08:50:29.414 [JavaFX Application Thread] DEBUG PrimaryStageWindow   - Pop state: DialogSubScene
08:50:29.414 [JavaFX Application Thread] DEBUG Input                - Clearing active input actions
08:50:29.417 [JavaFX Application Thread] DEBUG GameApplicationServi - Removing overlay from DialogSubScene and adding to CustomPauseMenu
08:50:29.417 [JavaFX Application Thread] DEBUG PrimaryStageWindow   - CustomPauseMenu <- DialogSubScene
08:50:29.417 [JavaFX Application Thread] DEBUG PrimaryStageWindow   - Pop state: CustomPauseMenu
08:50:29.417 [JavaFX Application Thread] DEBUG Input                - Clearing active input actions
08:50:29.417 [JavaFX Application Thread] DEBUG GameApplicationServi - Removing overlay from CustomPauseMenu and adding to GameScene
08:50:29.418 [JavaFX Application Thread] DEBUG PrimaryStageWindow   - GameScene <- CustomPauseMenu
08:50:29.418 [JavaFX Application Thread] DEBUG Input                - Clearing active input actions
08:50:29.421 [JavaFX Application Thread] DEBUG GameApplicationServi - Removing overlay from GameScene and adding to FXGLMainMenuDummyScene
08:50:29.422 [JavaFX Application Thread] DEBUG PrimaryStageWindow   - GameScene -> FXGLMainMenuDummyScene
08:50:29.422 [JavaFX Application Thread] DEBUG PrimaryStageWindow   - Push state: CustomMainMenu
08:50:29.422 [JavaFX Application Thread] DEBUG Input                - Clearing active input actions
08:50:29.423 [JavaFX Application Thread] DEBUG GameApplicationServi - Removing overlay from FXGLMainMenuDummyScene and adding to CustomMainMenu
08:50:29.423 [JavaFX Application Thread] DEBUG PrimaryStageWindow   - FXGLMainMenuDummyScene -> CustomMainMenu
08:50:29.858 [JavaFX Application Thread] DEBUG Menu                 - fireNewGame()
08:50:29.858 [JavaFX Application Thread] DEBUG GameApplicationServi - Starting new game
08:50:29.858 [JavaFX Application Thread] DEBUG PrimaryStageWindow   - Pop state: CustomMainMenu
08:50:29.858 [JavaFX Application Thread] DEBUG Input                - Clearing active input actions
08:50:29.860 [JavaFX Application Thread] DEBUG GameApplicationServi - Removing overlay from CustomMainMenu and adding to FXGLMainMenuDummyScene
08:50:29.860 [JavaFX Application Thread] DEBUG PrimaryStageWindow   - FXGLMainMenuDummyScene <- CustomMainMenu
08:50:29.860 [JavaFX Application Thread] DEBUG Input                - Clearing active input actions
08:50:29.872 [JavaFX Application Thread] DEBUG GameApplicationServi - Removing overlay from FXGLMainMenuDummyScene and adding to FXGLLoadingScene
08:50:29.872 [JavaFX Application Thread] DEBUG PrimaryStageWindow   - FXGLMainMenuDummyScene -> FXGLLoadingScene
08:50:29.872 [JavaFX Application Thread] DEBUG GameApplicationServi - Clearing previous game
08:50:29.872 [JavaFX Application Thread] DEBUG GameScene            - Clearing game scene
08:50:29.872 [JavaFX Application Thread] DEBUG GameWorld            - Clearing game world
08:50:29.873 [JavaFX Application Thread] DEBUG PhysicsWorld         - Clearing physics world
08:50:29.878 [FXGL Background Thread 4 ] DEBUG FXGLApplication      - Initializing game
08:50:29.887 [FXGL Background Thread 4 ] WARN  TMXLevelLoader       - TiledMap generated from 1.11.2. Supported version: 1.2.3. Some features may not be parsed fully.
08:50:29.897 [FXGL Background Thread 4 ] DEBUG TMXLevelLoader       - Parsed TiledMap: file:/C:/Users/zyla/demoGame4OOP/target/classes/assets/levels/tmx/map2.tmx
08:50:29.897 [FXGL Background Thread 4 ] DEBUG TMXLevelLoader       - Creating tile layer entities
08:50:29.898 [FXGL Background Thread 4 ] DEBUG TilesetLoader        - Loading view for layer Tile Layer 1
08:50:29.934 [FXGL Background Thread 4 ] DEBUG TilesetLoader        - Created buffer with size 1984.0x1088.0
08:50:30.087 [FXGL Background Thread 4 ] DEBUG TMXLevelLoader       - Creating object layer entities
08:50:30.088 [FXGL Background Thread 4 ] DEBUG GameWorld            - Clearing removable entities
08:50:30.088 [FXGL Background Thread 4 ] DEBUG GameWorld            - Setting level: com.almasb.fxgl.entity.level.Level@2610b81c
08:50:30.097 [FXGL Background Thread 4 ] INFO  FXGLApplication      - Game initialization took: 0.220 sec
08:50:30.133 [JavaFX Application Thread] DEBUG Input                - Clearing active input actions
08:50:30.139 [JavaFX Application Thread] DEBUG GameApplicationServi - Removing overlay from FXGLLoadingScene and adding to GameScene
08:50:30.139 [JavaFX Application Thread] DEBUG PrimaryStageWindow   - FXGLLoadingScene -> GameScene
08:50:44.551 [JavaFX Application Thread] DEBUG LoopRunner           - Pausing loop
08:50:44.553 [JavaFX Application Thread] DEBUG LoopRunner           - Pausing loop
08:50:45.809 [JavaFX Application Thread] DEBUG LoopRunner           - Resuming loop
08:50:45.810 [JavaFX Application Thread] DEBUG GameApplicationServi - Starting new game
08:50:45.810 [JavaFX Application Thread] DEBUG Input                - Clearing active input actions
08:50:45.815 [JavaFX Application Thread] DEBUG GameApplicationServi - Removing overlay from GameScene and adding to FXGLLoadingScene
08:50:45.815 [JavaFX Application Thread] DEBUG PrimaryStageWindow   - GameScene -> FXGLLoadingScene
08:50:45.816 [JavaFX Application Thread] DEBUG GameApplicationServi - Clearing previous game
08:50:45.816 [JavaFX Application Thread] DEBUG GameScene            - Clearing game scene
08:50:45.816 [JavaFX Application Thread] DEBUG GameWorld            - Clearing game world
08:50:45.817 [JavaFX Application Thread] DEBUG PhysicsWorld         - Clearing physics world
08:50:45.818 [FXGL Background Thread 4 ] DEBUG FXGLApplication      - Initializing game
08:50:45.829 [FXGL Background Thread 4 ] WARN  TMXLevelLoader       - TiledMap generated from 1.11.2. Supported version: 1.2.3. Some features may not be parsed fully.
08:50:45.836 [FXGL Background Thread 4 ] DEBUG TMXLevelLoader       - Parsed TiledMap: file:/C:/Users/zyla/demoGame4OOP/target/classes/assets/levels/tmx/map2.tmx
08:50:45.836 [FXGL Background Thread 4 ] DEBUG TMXLevelLoader       - Creating tile layer entities
08:50:45.837 [FXGL Background Thread 4 ] DEBUG TilesetLoader        - Loading view for layer Tile Layer 1
08:50:45.847 [FXGL Background Thread 4 ] DEBUG TilesetLoader        - Created buffer with size 1984.0x1088.0
08:50:46.003 [FXGL Background Thread 4 ] DEBUG TMXLevelLoader       - Creating object layer entities
08:50:46.005 [FXGL Background Thread 4 ] DEBUG GameWorld            - Clearing removable entities
08:50:46.005 [FXGL Background Thread 4 ] DEBUG GameWorld            - Setting level: com.almasb.fxgl.entity.level.Level@28c9c2b2
08:50:46.019 [FXGL Background Thread 4 ] INFO  FXGLApplication      - Game initialization took: 0.201 sec
08:50:46.021 [JavaFX Application Thread] DEBUG Input                - Clearing active input actions
08:50:46.030 [JavaFX Application Thread] DEBUG GameApplicationServi - Removing overlay from FXGLLoadingScene and adding to GameScene
08:50:46.031 [JavaFX Application Thread] DEBUG PrimaryStageWindow   - FXGLLoadingScene -> GameScene
08:50:57.696 [JavaFX Application Thread] DEBUG PrimaryStageWindow   - Push state: DialogSubScene
08:50:57.697 [JavaFX Application Thread] DEBUG Input                - Clearing active input actions
08:50:57.698 [JavaFX Application Thread] DEBUG GameApplicationServi - Removing overlay from GameScene and adding to DialogSubScene
08:50:57.698 [JavaFX Application Thread] DEBUG PrimaryStageWindow   - GameScene -> DialogSubScene
08:50:58.702 [JavaFX Application Thread] DEBUG PrimaryStageWindow   - Pop state: DialogSubScene
08:50:58.702 [JavaFX Application Thread] DEBUG Input                - Clearing active input actions
08:50:58.703 [JavaFX Application Thread] DEBUG GameApplicationServi - Removing overlay from DialogSubScene and adding to GameScene
08:50:58.704 [JavaFX Application Thread] DEBUG PrimaryStageWindow   - GameScene <- DialogSubScene
08:50:58.704 [JavaFX Application Thread] DEBUG FXGLApplication      - Exiting FXGL
08:50:58.704 [JavaFX Application Thread] DEBUG LoopRunner           - Stopping loop
08:50:58.704 [JavaFX Application Thread] DEBUG SystemBundleService  - Saving FXGL system data
08:50:58.707 [JavaFX Application Thread] DEBUG FileSystemAccess     - Writing to: C:\Users\zyla\demoGame4OOP\system\fxgl.bundle
08:50:58.714 [JavaFX Application Thread] DEBUG Async                - Shutting down background threads
08:50:58.714 [JavaFX Application Thread] DEBUG PrimaryStageWindow   - Closing main window
08:50:58.763 [JavaFX Application Thread] DEBUG Logger               - Closing Logger
