16:18:48.731 [main                     ] DEBUG Logger               - Configured Logger
16:18:48.733 [main                     ] DEBUG GameApplication      - Logging settings
Title: Stictactics
Version: 0.0
Width: 1920
Height: 1080
Fullscreen: false
Intro: false
Profiling: false
Single step:false
App Mode: DEVELOPER
Menu Key: ESCAPE
Stage Style: DECORATED
Scene Factory: class com.example.demo.MySceneFactory

16:18:49.391 [JavaFX Application Thread] DEBUG FXGLApplication      - Initializing FXGL
16:18:49.393 [JavaFX Application Thread] INFO  Engine               - FXGL-11.17 (16.07.2021 15.46) on WINDOWS (J:23.0.2 FX:17.0.6)
16:18:49.393 [JavaFX Application Thread] DEBUG Engine               - JRE Vendor Name: Amazon.com Inc.
16:18:49.393 [JavaFX Application Thread] DEBUG Engine               - Running on OS: Windows 11 version 10.0
16:18:49.393 [JavaFX Application Thread] DEBUG Engine               - Architecture: amd64
16:18:49.393 [JavaFX Application Thread] INFO  Engine               - Source code and latest versions at: https://github.com/AlmasB/FXGL
16:18:49.393 [JavaFX Application Thread] INFO  Engine               -              Join the FXGL chat at: https://gitter.im/AlmasB/FXGL
16:18:49.557 [JavaFX Application Thread] DEBUG PrimaryStageWindow   - Creating a JavaFX scene
16:18:49.558 [JavaFX Application Thread] DEBUG PrimaryStageWindow   - Target size > screen size
16:18:49.670 [JavaFX Application Thread] DEBUG PrimaryStageWindow   - Target settings size: 1920.0 x 1080.0
16:18:49.671 [JavaFX Application Thread] DEBUG PrimaryStageWindow   - Scaled scene size:    1255.0 x 720.0
16:18:49.672 [JavaFX Application Thread] DEBUG PrimaryStageWindow   - Scaled ratio: (0.6536458333333334, 0.6666666666666666)
16:18:49.675 [JavaFX Application Thread] DEBUG PrimaryStageWindow   - Set initial scene to FXGLStartupScene
16:18:49.690 [JavaFX Application Thread] DEBUG PrimaryStageWindow   - Opening main window
16:18:49.867 [JavaFX Application Thread] DEBUG PrimaryStageWindow   - Window border size: (16.0, 39.0)
16:18:49.867 [JavaFX Application Thread] DEBUG PrimaryStageWindow   - Scaled size: 1255.0 x 720.0
16:18:49.867 [JavaFX Application Thread] DEBUG PrimaryStageWindow   - Scaled ratio: (0.6536458333333334, 0.6666666666666666)
16:18:49.867 [JavaFX Application Thread] DEBUG PrimaryStageWindow   - Scene size: 1255.0 x 720.0
16:18:49.867 [JavaFX Application Thread] DEBUG PrimaryStageWindow   - Stage size: 1271.0 x 759.0
16:18:49.884 [FXGL Background Thread 1 ] DEBUG Engine               - Initializing environment variables
16:18:50.048 [FXGL Background Thread 1 ] DEBUG FXGLAssetLoaderServi - User app class for loading assets: class com.example.demo.HelloController
16:18:50.048 [FXGL Background Thread 1 ] DEBUG GameApplicationServi - Applying CSS: fxgl_dark.css
16:18:50.050 [FXGL Background Thread 1 ] DEBUG FXGLAssetLoaderServi - Loading from file system: jar:file:///C:/Users/zyla/.m2/repository/com/github/almasb/fxgl/11.17/fxgl-11.17.jar!/fxglassets/ui/css/fxgl_dark.css
16:18:50.132 [FXGL Background Thread 1 ] DEBUG GameApplicationServi - Initializing application scenes
16:18:50.278 [FXGL Background Thread 1 ] DEBUG GameWorld            - Game world initialized
16:18:50.369 [FXGL Background Thread 1 ] DEBUG PhysicsWorld         - Physics world initialized: appHeight=1080, physics.ppm=50.0
16:18:50.369 [FXGL Background Thread 1 ] DEBUG PhysicsWorld         - Using strategy: BRUTE_FORCE
16:18:50.375 [FXGL Background Thread 1 ] DEBUG GameScene            - Game scene initialized: 1920x1080
16:18:50.601 [FXGL Background Thread 1 ] DEBUG GameApplicationServi - Application scenes initialized
16:18:50.616 [FXGL Background Thread 1 ] DEBUG SystemBundleService  - Loading FXGL system data
16:18:50.625 [FXGL Background Thread 1 ] DEBUG FileSystemAccess     - Reading from: C:\Users\zyla\demoGame4OOP\system\fxgl.bundle
16:18:50.638 [FXGL Background Thread 1 ] DEBUG SystemBundleService  - Bundle FXGL: {}
16:18:50.638 [FXGL Background Thread 1 ] DEBUG UpdaterService       - Checking for updates
16:18:50.646 [FXGL Background Thread 4 ] DEBUG FXGLApplication      - Loading fonts
16:18:50.646 [FXGL Background Thread 1 ] DEBUG FXGLApplication      - Loading default localization
16:18:50.647 [FXGL Background Thread 1 ] DEBUG FXGLAssetLoaderServi - Loading from file system: jar:file:///C:/Users/zyla/.m2/repository/com/github/almasb/fxgl/11.17/fxgl-11.17.jar!/fxglassets/languages/english.lang
16:18:50.647 [FXGL Background Thread 4 ] DEBUG FXGLAssetLoaderServi - Loading from file system: jar:file:///C:/Users/zyla/.m2/repository/com/github/almasb/fxgl/11.17/fxgl-11.17.jar!/fxglassets/ui/fonts/VarelaRound-Regular.ttf
16:18:50.686 [FXGL Background Thread 1 ] INFO  FXGLApplication      - FXGL initialization took: 0.802 sec
16:18:50.700 [JavaFX Application Thread] DEBUG Input                - Registered new binding: Pause Game - Esc
16:18:50.700 [JavaFX Application Thread] DEBUG Input                - Registered new binding: P1Left - A
16:18:50.700 [JavaFX Application Thread] DEBUG Input                - Registered new binding: P1Right - D
16:18:50.700 [JavaFX Application Thread] DEBUG Input                - Registered new binding: P1Jump - W
16:18:50.700 [JavaFX Application Thread] DEBUG Input                - Registered new binding: P1Punch - F
16:18:50.701 [JavaFX Application Thread] DEBUG Input                - Registered new binding: P1EnhancedPunch - E
16:18:50.701 [JavaFX Application Thread] DEBUG Input                - Registered new binding: P1Ult - Q
16:18:50.701 [JavaFX Application Thread] DEBUG Input                - Registered new binding: P2Left - Left
16:18:50.701 [JavaFX Application Thread] DEBUG Input                - Registered new binding: P2Right - Right
16:18:50.701 [JavaFX Application Thread] DEBUG Input                - Registered new binding: P2Jump - Up
16:18:50.701 [JavaFX Application Thread] DEBUG Input                - Registered new binding: P2Punch - H
16:18:50.701 [JavaFX Application Thread] DEBUG Input                - Registered new binding: P2EnhancedPunch - U
16:18:50.702 [JavaFX Application Thread] DEBUG Input                - Registered new binding: P2Ult - O
16:18:50.708 [JavaFX Application Thread] WARN  FXGLAssetLoaderServi - Asset "/assets/textures//assets/textures/background-intro.mp4" was not found!
16:18:50.708 [JavaFX Application Thread] WARN  FXGLAssetLoaderServi - Failed to load IMAGE
16:18:50.745 [JavaFX Application Thread] DEBUG FXGLAssetLoaderServi - Loading from file system: jar:file:///C:/Users/zyla/.m2/repository/com/github/almasb/fxgl/11.17/fxgl-11.17.jar!/fxglassets/textures/fxgl_icon.png
16:18:50.785 [FXGL Background Thread 4 ] DEBUG FXGLAssetLoaderServi - Loading from file system: jar:file:///C:/Users/zyla/.m2/repository/com/github/almasb/fxgl/11.17/fxgl-11.17.jar!/fxglassets/ui/fonts/Abel-Regular.ttf
16:18:50.806 [FXGL Background Thread 4 ] DEBUG FXGLAssetLoaderServi - Loading from file system: jar:file:///C:/Users/zyla/.m2/repository/com/github/almasb/fxgl/11.17/fxgl-11.17.jar!/fxglassets/ui/fonts/lucida_console.ttf
16:18:50.808 [JavaFX Application Thread] DEBUG FXGLAssetLoaderServi - Loading from file system: jar:file:///C:/Users/zyla/.m2/repository/com/github/almasb/fxgl/11.17/fxgl-11.17.jar!/fxglassets/textures/fxgl_default_cursor.png
16:18:50.812 [JavaFX Application Thread] DEBUG Input                - Registered new binding: Screenshot - CTRL+8
16:18:50.812 [JavaFX Application Thread] DEBUG Input                - Registered new binding: System info dump - CTRL+9
16:18:50.813 [JavaFX Application Thread] DEBUG Input                - Registered new binding: Restart - CTRL+R
16:18:50.813 [JavaFX Application Thread] DEBUG Input                - Registered new binding: Toggle Debug Camera - CTRL+C
16:18:50.830 [JavaFX Application Thread] DEBUG LoopRunner           - Starting loop
16:18:50.830 [JavaFX Application Thread] DEBUG LoopRunner           - Initializing JavaFX AnimationTimerLoop
16:18:50.834 [JavaFX Application Thread] DEBUG Input                - Clearing active input actions
16:18:50.839 [FXGL Background Thread 4 ] DEBUG FXGLAssetLoaderServi - Loading from file system: jar:file:///C:/Users/zyla/.m2/repository/com/github/almasb/fxgl/11.17/fxgl-11.17.jar!/fxglassets/ui/fonts/Courier-Prime.ttf
16:18:50.858 [JavaFX Application Thread] DEBUG GameApplicationServi - Removing overlay from FXGLStartupScene and adding to FXGLMainMenuDummyScene
16:18:50.858 [JavaFX Application Thread] DEBUG PrimaryStageWindow   - FXGLStartupScene -> FXGLMainMenuDummyScene
16:18:50.858 [JavaFX Application Thread] DEBUG PrimaryStageWindow   - Push state: CustomMainMenu
16:18:50.858 [JavaFX Application Thread] DEBUG Input                - Clearing active input actions
16:18:50.876 [JavaFX Application Thread] DEBUG GameApplicationServi - Removing overlay from FXGLMainMenuDummyScene and adding to CustomMainMenu
16:18:50.876 [JavaFX Application Thread] DEBUG PrimaryStageWindow   - FXGLMainMenuDummyScene -> CustomMainMenu
16:18:51.093 [JavaFX Application Thread] DEBUG FXGLApplication      - Registering font factories with UI factory
16:18:52.322 [FXGL Background Thread 2 ] INFO  UpdaterService       - Your current version:  11.17
16:18:52.324 [FXGL Background Thread 2 ] INFO  UpdaterService       - Latest stable version: 21.1
16:18:52.339 [JavaFX Application Thread] DEBUG Menu                 - fireNewGame()
16:18:52.340 [JavaFX Application Thread] DEBUG GameApplicationServi - Starting new game
16:18:52.340 [JavaFX Application Thread] DEBUG PrimaryStageWindow   - Pop state: CustomMainMenu
16:18:52.340 [JavaFX Application Thread] DEBUG Input                - Clearing active input actions
16:18:52.341 [JavaFX Application Thread] DEBUG GameApplicationServi - Removing overlay from CustomMainMenu and adding to FXGLMainMenuDummyScene
16:18:52.341 [JavaFX Application Thread] DEBUG PrimaryStageWindow   - FXGLMainMenuDummyScene <- CustomMainMenu
16:18:52.341 [JavaFX Application Thread] DEBUG Input                - Clearing active input actions
16:18:52.349 [JavaFX Application Thread] DEBUG GameApplicationServi - Removing overlay from FXGLMainMenuDummyScene and adding to FXGLLoadingScene
16:18:52.350 [JavaFX Application Thread] DEBUG PrimaryStageWindow   - FXGLMainMenuDummyScene -> FXGLLoadingScene
16:18:52.350 [JavaFX Application Thread] DEBUG GameApplicationServi - Clearing previous game
16:18:52.350 [JavaFX Application Thread] DEBUG GameScene            - Clearing game scene
16:18:52.350 [JavaFX Application Thread] DEBUG GameWorld            - Clearing game world
16:18:52.350 [JavaFX Application Thread] DEBUG PhysicsWorld         - Clearing physics world
16:18:52.352 [FXGL Background Thread 2 ] DEBUG FXGLApplication      - Initializing game
16:18:52.546 [FXGL Background Thread 2 ] WARN  TMXLevelLoader       - TiledMap generated from 1.11.2. Supported version: 1.2.3. Some features may not be parsed fully.
16:18:52.559 [FXGL Background Thread 2 ] DEBUG TMXLevelLoader       - Parsed TiledMap: file:/C:/Users/zyla/demoGame4OOP/target/classes/assets/levels/tmx/map3.tmx
16:18:52.560 [FXGL Background Thread 2 ] DEBUG TMXLevelLoader       - Creating tile layer entities
16:18:52.561 [FXGL Background Thread 2 ] DEBUG TilesetLoader        - Loading view for layer Tile Layer 1
16:18:52.565 [FXGL Background Thread 2 ] DEBUG TilesetLoader        - Created buffer with size 1920.0x1088.0
16:18:52.729 [FXGL Background Thread 2 ] DEBUG TMXLevelLoader       - Creating object layer entities
16:18:52.767 [FXGL Background Thread 2 ] DEBUG GameWorld            - Clearing removable entities
16:18:52.767 [FXGL Background Thread 2 ] DEBUG GameWorld            - Setting level: com.almasb.fxgl.entity.level.Level@1ba37dc3
16:18:52.801 [FXGL Background Thread 2 ] DEBUG FXGLAssetLoaderServi - Loading from file system: file:/C:/Users/zyla/demoGame4OOP/target/classes/assets/textures/character_2/knight_idle.png
16:18:52.834 [FXGL Background Thread 2 ] DEBUG FXGLAssetLoaderServi - Loading from file system: file:/C:/Users/zyla/demoGame4OOP/target/classes/assets/textures/character_2/knight_walk.png
16:18:52.851 [FXGL Background Thread 2 ] DEBUG FXGLAssetLoaderServi - Loading from file system: file:/C:/Users/zyla/demoGame4OOP/target/classes/assets/textures/fighter_attack_enhanced_p2.png
16:18:52.862 [FXGL Background Thread 2 ] DEBUG FXGLAssetLoaderServi - Loading from file system: file:/C:/Users/zyla/demoGame4OOP/target/classes/assets/textures/character_2/knight_jump.png
16:18:52.876 [FXGL Background Thread 2 ] DEBUG FXGLAssetLoaderServi - Loading from file system: file:/C:/Users/zyla/demoGame4OOP/target/classes/assets/textures/character_2/knight_combo.png
16:18:52.889 [FXGL Background Thread 2 ] DEBUG FXGLAssetLoaderServi - Loading from file system: file:/C:/Users/zyla/demoGame4OOP/target/classes/assets/textures/fighter_ult_P2.png
16:18:52.948 [FXGL Background Thread 2 ] DEBUG FXGLAssetLoaderServi - Loading from file system: file:/C:/Users/zyla/demoGame4OOP/target/classes/assets/textures/fighter_hit.png
16:18:52.963 [FXGL Background Thread 2 ] DEBUG FXGLAssetLoaderServi - Loading from file system: file:/C:/Users/zyla/demoGame4OOP/target/classes/assets/textures/fighter_idle_P2.png
16:18:52.977 [FXGL Background Thread 2 ] DEBUG FXGLAssetLoaderServi - Loading from file system: file:/C:/Users/zyla/demoGame4OOP/target/classes/assets/textures/fighter_walk_P2.png
16:18:52.986 [FXGL Background Thread 2 ] DEBUG FXGLAssetLoaderServi - Loading from file system: file:/C:/Users/zyla/demoGame4OOP/target/classes/assets/textures/fighter_jump_P2.png
16:18:52.996 [FXGL Background Thread 2 ] DEBUG FXGLAssetLoaderServi - Loading from file system: file:/C:/Users/zyla/demoGame4OOP/target/classes/assets/textures/fighter_attack_P2.png
16:18:53.046 [FXGL Background Thread 2 ] INFO  FXGLApplication      - Game initialization took: 0.693 sec
16:18:53.046 [JavaFX Application Thread] DEBUG Input                - Clearing active input actions
16:18:53.069 [JavaFX Application Thread] DEBUG GameApplicationServi - Removing overlay from FXGLLoadingScene and adding to GameScene
16:18:53.072 [JavaFX Application Thread] DEBUG PrimaryStageWindow   - FXGLLoadingScene -> GameScene
16:18:53.647 [FXGL Background Thread 3 ] DEBUG Engine               - Logging environment variables
16:18:53.648 [FXGL Background Thread 3 ] DEBUG Engine               - achievements: []
16:18:53.648 [FXGL Background Thread 3 ] DEBUG Engine               - actualHeight: 720.0
16:18:53.648 [FXGL Background Thread 3 ] DEBUG Engine               - actualHeightProperty: ReadOnlyDoubleProperty [value: 720.0]
16:18:53.648 [FXGL Background Thread 3 ] DEBUG Engine               - actualWidth: 1255.0
16:18:53.648 [FXGL Background Thread 3 ] DEBUG Engine               - actualWidthProperty: ReadOnlyDoubleProperty [value: 1255.0]
16:18:53.649 [FXGL Background Thread 3 ] DEBUG Engine               - appIcon: fxgl_icon.png
16:18:53.649 [FXGL Background Thread 3 ] DEBUG Engine               - applicationMode: DEVELOPER
16:18:53.649 [FXGL Background Thread 3 ] DEBUG Engine               - cSSList: [fxgl_dark.css]
16:18:53.649 [FXGL Background Thread 3 ] DEBUG Engine               - collisionDetectionStrategy: BRUTE_FORCE
16:18:53.649 [FXGL Background Thread 3 ] DEBUG Engine               - configClass: Optional.empty
16:18:53.649 [FXGL Background Thread 3 ] DEBUG Engine               - credits: []
16:18:53.649 [FXGL Background Thread 3 ] DEBUG Engine               - defaultCursor: CursorInfo(imageName=fxgl_default_cursor.png, hotspotX=7.0, hotspotY=6.0)
16:18:53.649 [FXGL Background Thread 3 ] DEBUG Engine               - devBBoxColorProperty: ObjectProperty [value: 0xff0000ff]
16:18:53.656 [FXGL Background Thread 3 ] DEBUG Engine               - devEnableDebugCameraProperty: BooleanProperty [value: false]
16:18:53.656 [FXGL Background Thread 3 ] DEBUG Engine               - devSensorColorProperty: ObjectProperty [value: 0xffff00ff]
16:18:53.657 [FXGL Background Thread 3 ] DEBUG Engine               - devShowBBoxProperty: BooleanProperty [value: false]
16:18:53.657 [FXGL Background Thread 3 ] DEBUG Engine               - devShowPositionProperty: BooleanProperty [value: false]
16:18:53.657 [FXGL Background Thread 3 ] DEBUG Engine               - enabledMenuItems: []
16:18:53.657 [FXGL Background Thread 3 ] DEBUG Engine               - engineServices: [class com.almasb.fxgl.app.services.FXGLAssetLoaderService, class com.almasb.fxgl.app.FXGLApplication$GameApplicationService, class com.almasb.fxgl.app.services.FXGLDialogService, class com.almasb.fxgl.app.services.IOTaskExecutorService, class com.almasb.fxgl.io.FileSystemService, class com.almasb.fxgl.localization.LocalizationService, class com.almasb.fxgl.app.services.SystemBundleService, class com.almasb.fxgl.profile.SaveLoadService, class com.almasb.fxgl.ui.FXGLUIFactoryServiceProvider, class com.almasb.fxgl.ui.FXGLDialogFactoryServiceProvider, class com.almasb.fxgl.audio.AudioPlayer, class com.almasb.fxgl.notification.impl.NotificationServiceProvider, class com.almasb.fxgl.achievement.AchievementService, class com.almasb.fxgl.cutscene.CutsceneService, class com.almasb.fxgl.minigames.MiniGameService, class com.almasb.fxgl.net.NetService, class com.almasb.fxgl.app.services.UpdaterService, class com.almasb.fxgl.dev.DevService]
16:18:53.657 [FXGL Background Thread 3 ] DEBUG Engine               - fontGame: Abel-Regular.ttf
16:18:53.657 [FXGL Background Thread 3 ] DEBUG Engine               - fontMono: lucida_console.ttf
16:18:53.657 [FXGL Background Thread 3 ] DEBUG Engine               - fontText: Courier-Prime.ttf
16:18:53.660 [FXGL Background Thread 3 ] DEBUG Engine               - fontUI: VarelaRound-Regular.ttf
16:18:53.660 [FXGL Background Thread 3 ] DEBUG Engine               - fullScreen: BooleanProperty [value: false]
16:18:53.660 [FXGL Background Thread 3 ] DEBUG Engine               - gameDifficulty: MEDIUM
16:18:53.660 [FXGL Background Thread 3 ] DEBUG Engine               - gameDifficultyProperty: ObjectProperty [value: MEDIUM]
16:18:53.660 [FXGL Background Thread 3 ] DEBUG Engine               - globalMusicVolume: 0.5
16:18:53.660 [FXGL Background Thread 3 ] DEBUG Engine               - globalMusicVolumeProperty: DoubleProperty [value: 0.5]
16:18:53.660 [FXGL Background Thread 3 ] DEBUG Engine               - globalSoundVolume: 0.5
16:18:53.660 [FXGL Background Thread 3 ] DEBUG Engine               - globalSoundVolumeProperty: DoubleProperty [value: 0.5]
16:18:53.661 [FXGL Background Thread 3 ] DEBUG Engine               - height: 1080
16:18:53.661 [FXGL Background Thread 3 ] DEBUG Engine               - is3D: false
16:18:53.661 [FXGL Background Thread 3 ] DEBUG Engine               - isAndroid: false
16:18:53.661 [FXGL Background Thread 3 ] DEBUG Engine               - isBrowser: false
16:18:53.661 [FXGL Background Thread 3 ] DEBUG Engine               - isClickFeedbackEnabled: false
16:18:53.661 [FXGL Background Thread 3 ] DEBUG Engine               - isCloseConfirmation: true
16:18:53.661 [FXGL Background Thread 3 ] DEBUG Engine               - isDesktop: true
16:18:53.661 [FXGL Background Thread 3 ] DEBUG Engine               - isDeveloperMenuEnabled: false
16:18:53.661 [FXGL Background Thread 3 ] DEBUG Engine               - isEntityPreloadEnabled: true
16:18:53.661 [FXGL Background Thread 3 ] DEBUG Engine               - isExperimentalTiledLargeMap: false
16:18:53.661 [FXGL Background Thread 3 ] DEBUG Engine               - isFileSystemWriteAllowed: true
16:18:53.661 [FXGL Background Thread 3 ] DEBUG Engine               - isFullScreenAllowed: false
16:18:53.661 [FXGL Background Thread 3 ] DEBUG Engine               - isFullScreenFromStart: false
16:18:53.661 [FXGL Background Thread 3 ] DEBUG Engine               - isGameMenuEnabled: false
16:18:53.661 [FXGL Background Thread 3 ] DEBUG Engine               - isIOS: false
16:18:53.661 [FXGL Background Thread 3 ] DEBUG Engine               - isIntroEnabled: false
16:18:53.661 [FXGL Background Thread 3 ] DEBUG Engine               - isLinux: false
16:18:53.662 [FXGL Background Thread 3 ] DEBUG Engine               - isMac: false
16:18:53.662 [FXGL Background Thread 3 ] DEBUG Engine               - isMainMenuEnabled: true
16:18:53.662 [FXGL Background Thread 3 ] DEBUG Engine               - isManualResizeEnabled: false
16:18:53.662 [FXGL Background Thread 3 ] DEBUG Engine               - isMobile: false
16:18:53.662 [FXGL Background Thread 3 ] DEBUG Engine               - isNative: false
16:18:53.662 [FXGL Background Thread 3 ] DEBUG Engine               - isPauseMusicWhenMinimized: true
16:18:53.662 [FXGL Background Thread 3 ] DEBUG Engine               - isPreserveResizeRatio: false
16:18:53.662 [FXGL Background Thread 3 ] DEBUG Engine               - isProfilingEnabled: false
16:18:53.662 [FXGL Background Thread 3 ] DEBUG Engine               - isScaleAffectedOnResize: true
16:18:53.662 [FXGL Background Thread 3 ] DEBUG Engine               - isSingleStep: false
16:18:53.662 [FXGL Background Thread 3 ] DEBUG Engine               - isUserProfileEnabled: false
16:18:53.667 [FXGL Background Thread 3 ] DEBUG Engine               - isWindows: true
16:18:53.667 [FXGL Background Thread 3 ] DEBUG Engine               - language: ObjectProperty [value: ENGLISH]
16:18:53.668 [FXGL Background Thread 3 ] DEBUG Engine               - menuKey: ESCAPE
16:18:53.668 [FXGL Background Thread 3 ] DEBUG Engine               - mouseSensitivity: 0.2
16:18:53.668 [FXGL Background Thread 3 ] DEBUG Engine               - notificationViewClass: class com.almasb.fxgl.notification.view.XboxNotificationView
16:18:53.668 [FXGL Background Thread 3 ] DEBUG Engine               - pixelsPerMeter: 50.0
16:18:53.668 [FXGL Background Thread 3 ] DEBUG Engine               - platform: WINDOWS
16:18:53.668 [FXGL Background Thread 3 ] DEBUG Engine               - prefHeightProperty: ReadOnlyDoubleProperty [value: 1080.0]
16:18:53.668 [FXGL Background Thread 3 ] DEBUG Engine               - prefWidthProperty: ReadOnlyDoubleProperty [value: 1920.0]
16:18:53.668 [FXGL Background Thread 3 ] DEBUG Engine               - profileDir: profiles/
16:18:53.668 [FXGL Background Thread 3 ] DEBUG Engine               - profileName: StringProperty [value: DEFAULT]
16:18:53.668 [FXGL Background Thread 3 ] DEBUG Engine               - randomSeed: -1
16:18:53.669 [FXGL Background Thread 3 ] DEBUG Engine               - runtimeInfo: RuntimeInfo(platform=WINDOWS, version=11.17, build=16.07.2021 15.46)
16:18:53.669 [FXGL Background Thread 3 ] DEBUG Engine               - saveFileExt: sav
16:18:53.669 [FXGL Background Thread 3 ] DEBUG Engine               - scaledHeightProp$fxgl: DoubleProperty [bound, value: 720.0]
16:18:53.669 [FXGL Background Thread 3 ] DEBUG Engine               - scaledWidthProp$fxgl: DoubleProperty [bound, value: 1255.0]
16:18:53.669 [FXGL Background Thread 3 ] DEBUG Engine               - sceneFactory: com.example.demo.MySceneFactory@54b25277
16:18:53.669 [FXGL Background Thread 3 ] DEBUG Engine               - secondsIn24h: 60
16:18:53.669 [FXGL Background Thread 3 ] DEBUG Engine               - soundMenuBack: menu/back.wav
16:18:53.669 [FXGL Background Thread 3 ] DEBUG Engine               - soundMenuPress: menu/press.wav
16:18:53.669 [FXGL Background Thread 3 ] DEBUG Engine               - soundMenuSelect: menu/select.wav
16:18:53.669 [FXGL Background Thread 3 ] DEBUG Engine               - soundNotification: core/notification.wav
16:18:53.669 [FXGL Background Thread 3 ] DEBUG Engine               - stageStyle: DECORATED
16:18:53.669 [FXGL Background Thread 3 ] DEBUG Engine               - supportedLanguages: [ENGLISH, FRENCH, GERMAN, HUNGARIAN, RUSSIAN]
16:18:53.669 [FXGL Background Thread 3 ] DEBUG Engine               - ticksPerSecond: -1
16:18:53.669 [FXGL Background Thread 3 ] DEBUG Engine               - title: Stictactics
16:18:53.669 [FXGL Background Thread 3 ] DEBUG Engine               - urlGithub: https://github.com/AlmasB/FXGL
16:18:53.669 [FXGL Background Thread 3 ] DEBUG Engine               - urlLeaderboard: http://fxgl-top.herokuapp.com/
16:18:53.669 [FXGL Background Thread 3 ] DEBUG Engine               - urlPOM: https://raw.githubusercontent.com/AlmasB/FXGL/release/README.md
16:18:53.669 [FXGL Background Thread 3 ] DEBUG Engine               - userAppClass: class com.example.demo.HelloController
16:18:53.669 [FXGL Background Thread 3 ] DEBUG Engine               - version: 0.0
16:18:53.669 [FXGL Background Thread 3 ] DEBUG Engine               - versionCheckDays: 7
16:18:53.669 [FXGL Background Thread 3 ] DEBUG Engine               - width: 1920
16:18:53.669 [FXGL Background Thread 3 ] DEBUG Engine               - Logging services
16:18:53.670 [FXGL Background Thread 3 ] DEBUG Engine               - class com.almasb.fxgl.app.services.FXGLAssetLoaderService
16:18:53.672 [FXGL Background Thread 3 ] DEBUG Engine               - class com.almasb.fxgl.app.FXGLApplication$GameApplicationService
16:18:53.672 [FXGL Background Thread 3 ] DEBUG Engine               - class com.almasb.fxgl.app.services.FXGLDialogService
16:18:53.672 [FXGL Background Thread 3 ] DEBUG Engine               - class com.almasb.fxgl.app.services.IOTaskExecutorService
16:18:53.672 [FXGL Background Thread 3 ] DEBUG Engine               - class com.almasb.fxgl.io.FileSystemService
16:18:53.672 [FXGL Background Thread 3 ] DEBUG Engine               - class com.almasb.fxgl.localization.LocalizationService
16:18:53.672 [FXGL Background Thread 3 ] DEBUG Engine               - class com.almasb.fxgl.app.services.SystemBundleService
16:18:53.672 [FXGL Background Thread 3 ] DEBUG Engine               - class com.almasb.fxgl.profile.SaveLoadService
16:18:53.673 [FXGL Background Thread 3 ] DEBUG Engine               - class com.almasb.fxgl.ui.FXGLUIFactoryServiceProvider
16:18:53.673 [FXGL Background Thread 3 ] DEBUG Engine               - class com.almasb.fxgl.ui.FXGLDialogFactoryServiceProvider
16:18:53.673 [FXGL Background Thread 3 ] DEBUG Engine               - class com.almasb.fxgl.audio.AudioPlayer
16:18:53.673 [FXGL Background Thread 3 ] DEBUG Engine               - class com.almasb.fxgl.notification.impl.NotificationServiceProvider
16:18:53.673 [FXGL Background Thread 3 ] DEBUG Engine               - class com.almasb.fxgl.achievement.AchievementService
16:18:53.673 [FXGL Background Thread 3 ] DEBUG Engine               - class com.almasb.fxgl.cutscene.CutsceneService
16:18:53.673 [FXGL Background Thread 3 ] DEBUG Engine               - class com.almasb.fxgl.minigames.MiniGameService
16:18:53.673 [FXGL Background Thread 3 ] DEBUG Engine               - class com.almasb.fxgl.net.NetService
16:18:53.673 [FXGL Background Thread 3 ] DEBUG Engine               - class com.almasb.fxgl.app.services.UpdaterService
16:18:53.673 [FXGL Background Thread 3 ] DEBUG Engine               - class com.almasb.fxgl.dev.DevService
16:19:09.329 [JavaFX Application Thread] DEBUG PrimaryStageWindow   - Push state: DialogSubScene
16:19:09.329 [JavaFX Application Thread] DEBUG Input                - Clearing active input actions
16:19:09.330 [JavaFX Application Thread] DEBUG GameApplicationServi - Removing overlay from GameScene and adding to DialogSubScene
16:19:09.331 [JavaFX Application Thread] DEBUG PrimaryStageWindow   - GameScene -> DialogSubScene
16:19:09.863 [JavaFX Application Thread] DEBUG PrimaryStageWindow   - Pop state: DialogSubScene
16:19:09.863 [JavaFX Application Thread] DEBUG Input                - Clearing active input actions
16:19:09.863 [JavaFX Application Thread] DEBUG GameApplicationServi - Removing overlay from DialogSubScene and adding to GameScene
16:19:09.865 [JavaFX Application Thread] DEBUG PrimaryStageWindow   - GameScene <- DialogSubScene
16:19:09.865 [JavaFX Application Thread] DEBUG FXGLApplication      - Exiting FXGL
16:19:09.865 [JavaFX Application Thread] DEBUG LoopRunner           - Stopping loop
16:19:09.865 [JavaFX Application Thread] DEBUG SystemBundleService  - Saving FXGL system data
16:19:09.871 [JavaFX Application Thread] DEBUG FileSystemAccess     - Writing to: C:\Users\zyla\demoGame4OOP\system\fxgl.bundle
16:19:09.877 [JavaFX Application Thread] DEBUG Async                - Shutting down background threads
16:19:09.878 [JavaFX Application Thread] DEBUG PrimaryStageWindow   - Closing main window
16:19:09.932 [JavaFX Application Thread] DEBUG Logger               - Closing Logger
