08:23:47.603 [main                     ] DEBUG Logger               - Configured Logger
08:23:47.604 [main                     ] DEBUG GameApplication      - Logging settings
Title: Stictactics
Version: 0.0
Width: 1920
Height: 1080
Fullscreen: false
Intro: true
Profiling: false
Single step:false
App Mode: DEVELOPER
Menu Key: ESCAPE
Stage Style: DECORATED
Scene Factory: class com.example.demo.MySceneFactory

08:23:47.996 [JavaFX Application Thread] DEBUG FXGLApplication      - Initializing FXGL
08:23:47.997 [JavaFX Application Thread] INFO  Engine               - FXGL-11.17 (16.07.2021 15.46) on WINDOWS (J:23.0.2 FX:17.0.6)
08:23:47.997 [JavaFX Application Thread] DEBUG Engine               - JRE Vendor Name: Oracle Corporation
08:23:47.997 [JavaFX Application Thread] DEBUG Engine               - Running on OS: Windows 11 version 10.0
08:23:47.997 [JavaFX Application Thread] DEBUG Engine               - Architecture: amd64
08:23:47.998 [JavaFX Application Thread] INFO  Engine               - Source code and latest versions at: https://github.com/AlmasB/FXGL
08:23:47.998 [JavaFX Application Thread] INFO  Engine               -              Join the FXGL chat at: https://gitter.im/AlmasB/FXGL
08:23:48.099 [JavaFX Application Thread] DEBUG PrimaryStageWindow   - Creating a JavaFX scene
08:23:48.099 [JavaFX Application Thread] DEBUG PrimaryStageWindow   - Target size > screen size
08:23:48.149 [JavaFX Application Thread] DEBUG PrimaryStageWindow   - Target settings size: 1920.0 x 1080.0
08:23:48.151 [JavaFX Application Thread] DEBUG PrimaryStageWindow   - Scaled scene size:    1255.0 x 720.0
08:23:48.151 [JavaFX Application Thread] DEBUG PrimaryStageWindow   - Scaled ratio: (0.6536458333333334, 0.6666666666666666)
08:23:48.151 [JavaFX Application Thread] DEBUG PrimaryStageWindow   - Set initial scene to FXGLStartupScene
08:23:48.160 [JavaFX Application Thread] DEBUG PrimaryStageWindow   - Opening main window
08:23:48.258 [JavaFX Application Thread] DEBUG PrimaryStageWindow   - Window border size: (16.0, 39.0)
08:23:48.258 [JavaFX Application Thread] DEBUG PrimaryStageWindow   - Scaled size: 1255.0 x 720.0
08:23:48.258 [JavaFX Application Thread] DEBUG PrimaryStageWindow   - Scaled ratio: (0.6536458333333334, 0.6666666666666666)
08:23:48.258 [JavaFX Application Thread] DEBUG PrimaryStageWindow   - Scene size: 1255.0 x 720.0
08:23:48.258 [JavaFX Application Thread] DEBUG PrimaryStageWindow   - Stage size: 1271.0 x 759.0
08:23:48.272 [FXGL Background Thread 1 ] DEBUG Engine               - Initializing environment variables
08:23:48.401 [FXGL Background Thread 1 ] DEBUG FXGLAssetLoaderServi - User app class for loading assets: class com.example.demo.HelloApplication
08:23:48.401 [FXGL Background Thread 1 ] DEBUG GameApplicationServi - Applying CSS: fxgl_dark.css
08:23:48.401 [FXGL Background Thread 1 ] DEBUG FXGLAssetLoaderServi - Loading from file system: jar:file:///C:/Users/zyla/.m2/repository/com/github/almasb/fxgl/11.17/fxgl-11.17.jar!/fxglassets/ui/css/fxgl_dark.css
08:23:48.466 [FXGL Background Thread 1 ] DEBUG GameApplicationServi - Initializing application scenes
08:23:48.576 [FXGL Background Thread 1 ] DEBUG GameWorld            - Game world initialized
08:23:48.659 [FXGL Background Thread 1 ] DEBUG PhysicsWorld         - Physics world initialized: appHeight=1080, physics.ppm=50.0
08:23:48.659 [FXGL Background Thread 1 ] DEBUG PhysicsWorld         - Using strategy: BRUTE_FORCE
08:23:48.662 [FXGL Background Thread 1 ] DEBUG GameScene            - Game scene initialized: 1920x1080
08:23:48.828 [FXGL Background Thread 1 ] DEBUG GameApplicationServi - Application scenes initialized
08:23:48.843 [FXGL Background Thread 1 ] DEBUG SystemBundleService  - Loading FXGL system data
08:23:48.850 [FXGL Background Thread 1 ] DEBUG FileSystemAccess     - Reading from: C:\Users\zyla\demoGame4OOP\system\fxgl.bundle
08:23:48.861 [FXGL Background Thread 1 ] DEBUG SystemBundleService  - Bundle FXGL: {}
08:23:48.861 [FXGL Background Thread 1 ] DEBUG UpdaterService       - Checking for updates
08:23:48.868 [FXGL Background Thread 1 ] DEBUG FXGLApplication      - Loading default localization
08:23:48.868 [FXGL Background Thread 4 ] DEBUG FXGLApplication      - Loading fonts
08:23:48.868 [FXGL Background Thread 1 ] DEBUG FXGLAssetLoaderServi - Loading from file system: jar:file:///C:/Users/zyla/.m2/repository/com/github/almasb/fxgl/11.17/fxgl-11.17.jar!/fxglassets/languages/english.lang
08:23:48.868 [FXGL Background Thread 4 ] DEBUG FXGLAssetLoaderServi - Loading from file system: jar:file:///C:/Users/zyla/.m2/repository/com/github/almasb/fxgl/11.17/fxgl-11.17.jar!/fxglassets/ui/fonts/VarelaRound-Regular.ttf
08:23:48.900 [FXGL Background Thread 1 ] INFO  FXGLApplication      - FXGL initialization took: 0.629 sec
08:23:48.914 [JavaFX Application Thread] DEBUG Input                - Registered new binding: P1Left - A
08:23:48.915 [JavaFX Application Thread] DEBUG Input                - Registered new binding: P1Right - D
08:23:48.915 [JavaFX Application Thread] DEBUG Input                - Registered new binding: P1Jump - W
08:23:48.916 [JavaFX Application Thread] DEBUG Input                - Registered new binding: P1Punch - F
08:23:48.916 [JavaFX Application Thread] DEBUG Input                - Registered new binding: P2Left - J
08:23:48.916 [JavaFX Application Thread] DEBUG Input                - Registered new binding: P2Right - L
08:23:48.916 [JavaFX Application Thread] DEBUG Input                - Registered new binding: P2Jump - I
08:23:48.917 [JavaFX Application Thread] DEBUG Input                - Registered new binding: P2Punch - H
08:23:48.932 [JavaFX Application Thread] WARN  FXGLAssetLoaderServi - Asset "/assets/textures//assets/textures/background-intro.mp4" was not found!
08:23:48.932 [JavaFX Application Thread] WARN  FXGLAssetLoaderServi - Failed to load IMAGE
08:23:48.965 [JavaFX Application Thread] DEBUG FXGLAssetLoaderServi - Loading from file system: jar:file:///C:/Users/zyla/.m2/repository/com/github/almasb/fxgl/11.17/fxgl-11.17.jar!/fxglassets/textures/fxgl_icon.png
08:23:49.056 [JavaFX Application Thread] DEBUG FXGLAssetLoaderServi - Loading from file system: jar:file:///C:/Users/zyla/.m2/repository/com/github/almasb/fxgl/11.17/fxgl-11.17.jar!/fxglassets/textures/fxgl_default_cursor.png
08:23:49.070 [JavaFX Application Thread] DEBUG Input                - Registered new binding: Screenshot - CTRL+8
08:23:49.072 [FXGL Background Thread 4 ] DEBUG FXGLAssetLoaderServi - Loading from file system: jar:file:///C:/Users/zyla/.m2/repository/com/github/almasb/fxgl/11.17/fxgl-11.17.jar!/fxglassets/ui/fonts/Abel-Regular.ttf
08:23:49.072 [JavaFX Application Thread] DEBUG Input                - Registered new binding: System info dump - CTRL+9
08:23:49.073 [JavaFX Application Thread] DEBUG Input                - Registered new binding: Restart - CTRL+R
08:23:49.082 [JavaFX Application Thread] DEBUG Input                - Registered new binding: Toggle Debug Camera - CTRL+C
08:23:49.085 [JavaFX Application Thread] DEBUG LoopRunner           - Starting loop
08:23:49.085 [JavaFX Application Thread] DEBUG LoopRunner           - Initializing JavaFX AnimationTimerLoop
08:23:49.095 [FXGL Background Thread 4 ] DEBUG FXGLAssetLoaderServi - Loading from file system: jar:file:///C:/Users/zyla/.m2/repository/com/github/almasb/fxgl/11.17/fxgl-11.17.jar!/fxglassets/ui/fonts/lucida_console.ttf
08:23:49.118 [JavaFX Application Thread] DEBUG Input                - Clearing active input actions
08:23:49.138 [FXGL Background Thread 4 ] DEBUG FXGLAssetLoaderServi - Loading from file system: jar:file:///C:/Users/zyla/.m2/repository/com/github/almasb/fxgl/11.17/fxgl-11.17.jar!/fxglassets/ui/fonts/Courier-Prime.ttf
08:23:49.145 [JavaFX Application Thread] DEBUG GameApplicationServi - Removing overlay from FXGLStartupScene and adding to CustomIntro
08:23:49.145 [JavaFX Application Thread] DEBUG PrimaryStageWindow   - FXGLStartupScene -> CustomIntro
08:23:49.255 [JavaFX Application Thread] DEBUG FXGLApplication      - Registering font factories with UI factory
08:23:49.813 [FXGL Background Thread 2 ] INFO  UpdaterService       - Your current version:  11.17
08:23:49.814 [FXGL Background Thread 2 ] INFO  UpdaterService       - Latest stable version: 21.1
08:23:51.867 [FXGL Background Thread 3 ] DEBUG Engine               - Logging environment variables
08:23:51.867 [FXGL Background Thread 3 ] DEBUG Engine               - achievements: []
08:23:51.868 [FXGL Background Thread 3 ] DEBUG Engine               - actualHeight: 720.0
08:23:51.868 [FXGL Background Thread 3 ] DEBUG Engine               - actualHeightProperty: ReadOnlyDoubleProperty [value: 720.0]
08:23:51.868 [FXGL Background Thread 3 ] DEBUG Engine               - actualWidth: 1255.0
08:23:51.868 [FXGL Background Thread 3 ] DEBUG Engine               - actualWidthProperty: ReadOnlyDoubleProperty [value: 1255.0]
08:23:51.868 [FXGL Background Thread 3 ] DEBUG Engine               - appIcon: fxgl_icon.png
08:23:51.868 [FXGL Background Thread 3 ] DEBUG Engine               - applicationMode: DEVELOPER
08:23:51.869 [FXGL Background Thread 3 ] DEBUG Engine               - cSSList: [fxgl_dark.css]
08:23:51.869 [FXGL Background Thread 3 ] DEBUG Engine               - collisionDetectionStrategy: BRUTE_FORCE
08:23:51.869 [FXGL Background Thread 3 ] DEBUG Engine               - configClass: Optional.empty
08:23:51.869 [FXGL Background Thread 3 ] DEBUG Engine               - credits: []
08:23:51.870 [FXGL Background Thread 3 ] DEBUG Engine               - defaultCursor: CursorInfo(imageName=fxgl_default_cursor.png, hotspotX=7.0, hotspotY=6.0)
08:23:51.870 [FXGL Background Thread 3 ] DEBUG Engine               - devBBoxColorProperty: ObjectProperty [value: 0xff0000ff]
08:23:51.870 [FXGL Background Thread 3 ] DEBUG Engine               - devEnableDebugCameraProperty: BooleanProperty [value: false]
08:23:51.871 [FXGL Background Thread 3 ] DEBUG Engine               - devSensorColorProperty: ObjectProperty [value: 0xffff00ff]
08:23:51.871 [FXGL Background Thread 3 ] DEBUG Engine               - devShowBBoxProperty: BooleanProperty [value: false]
08:23:51.871 [FXGL Background Thread 3 ] DEBUG Engine               - devShowPositionProperty: BooleanProperty [value: false]
08:23:51.871 [FXGL Background Thread 3 ] DEBUG Engine               - enabledMenuItems: []
08:23:51.871 [FXGL Background Thread 3 ] DEBUG Engine               - engineServices: [class com.almasb.fxgl.app.services.FXGLAssetLoaderService, class com.almasb.fxgl.app.FXGLApplication$GameApplicationService, class com.almasb.fxgl.app.services.FXGLDialogService, class com.almasb.fxgl.app.services.IOTaskExecutorService, class com.almasb.fxgl.io.FileSystemService, class com.almasb.fxgl.localization.LocalizationService, class com.almasb.fxgl.app.services.SystemBundleService, class com.almasb.fxgl.profile.SaveLoadService, class com.almasb.fxgl.ui.FXGLUIFactoryServiceProvider, class com.almasb.fxgl.ui.FXGLDialogFactoryServiceProvider, class com.almasb.fxgl.audio.AudioPlayer, class com.almasb.fxgl.notification.impl.NotificationServiceProvider, class com.almasb.fxgl.achievement.AchievementService, class com.almasb.fxgl.cutscene.CutsceneService, class com.almasb.fxgl.minigames.MiniGameService, class com.almasb.fxgl.net.NetService, class com.almasb.fxgl.app.services.UpdaterService, class com.almasb.fxgl.dev.DevService]
08:23:51.871 [FXGL Background Thread 3 ] DEBUG Engine               - fontGame: Abel-Regular.ttf
08:23:51.872 [FXGL Background Thread 3 ] DEBUG Engine               - fontMono: lucida_console.ttf
08:23:51.872 [FXGL Background Thread 3 ] DEBUG Engine               - fontText: Courier-Prime.ttf
08:23:51.872 [FXGL Background Thread 3 ] DEBUG Engine               - fontUI: VarelaRound-Regular.ttf
08:23:51.872 [FXGL Background Thread 3 ] DEBUG Engine               - fullScreen: BooleanProperty [value: false]
08:23:51.872 [FXGL Background Thread 3 ] DEBUG Engine               - gameDifficulty: MEDIUM
08:23:51.872 [FXGL Background Thread 3 ] DEBUG Engine               - gameDifficultyProperty: ObjectProperty [value: MEDIUM]
08:23:51.872 [FXGL Background Thread 3 ] DEBUG Engine               - globalMusicVolume: 0.5
08:23:51.873 [FXGL Background Thread 3 ] DEBUG Engine               - globalMusicVolumeProperty: DoubleProperty [value: 0.5]
08:23:51.873 [FXGL Background Thread 3 ] DEBUG Engine               - globalSoundVolume: 0.5
08:23:51.873 [FXGL Background Thread 3 ] DEBUG Engine               - globalSoundVolumeProperty: DoubleProperty [value: 0.5]
08:23:51.873 [FXGL Background Thread 3 ] DEBUG Engine               - height: 1080
08:23:51.873 [FXGL Background Thread 3 ] DEBUG Engine               - is3D: false
08:23:51.873 [FXGL Background Thread 3 ] DEBUG Engine               - isAndroid: false
08:23:51.873 [FXGL Background Thread 3 ] DEBUG Engine               - isBrowser: false
08:23:51.873 [FXGL Background Thread 3 ] DEBUG Engine               - isClickFeedbackEnabled: false
08:23:51.874 [FXGL Background Thread 3 ] DEBUG Engine               - isCloseConfirmation: true
08:23:51.874 [FXGL Background Thread 3 ] DEBUG Engine               - isDesktop: true
08:23:51.874 [FXGL Background Thread 3 ] DEBUG Engine               - isDeveloperMenuEnabled: false
08:23:51.874 [FXGL Background Thread 3 ] DEBUG Engine               - isEntityPreloadEnabled: true
08:23:51.874 [FXGL Background Thread 3 ] DEBUG Engine               - isExperimentalTiledLargeMap: false
08:23:51.874 [FXGL Background Thread 3 ] DEBUG Engine               - isFileSystemWriteAllowed: true
08:23:51.874 [FXGL Background Thread 3 ] DEBUG Engine               - isFullScreenAllowed: false
08:23:51.874 [FXGL Background Thread 3 ] DEBUG Engine               - isFullScreenFromStart: false
08:23:51.875 [FXGL Background Thread 3 ] DEBUG Engine               - isGameMenuEnabled: false
08:23:51.875 [FXGL Background Thread 3 ] DEBUG Engine               - isIOS: false
08:23:51.875 [FXGL Background Thread 3 ] DEBUG Engine               - isIntroEnabled: true
08:23:51.875 [FXGL Background Thread 3 ] DEBUG Engine               - isLinux: false
08:23:51.875 [FXGL Background Thread 3 ] DEBUG Engine               - isMac: false
08:23:51.875 [FXGL Background Thread 3 ] DEBUG Engine               - isMainMenuEnabled: true
08:23:51.875 [FXGL Background Thread 3 ] DEBUG Engine               - isManualResizeEnabled: false
08:23:51.875 [FXGL Background Thread 3 ] DEBUG Engine               - isMobile: false
08:23:51.876 [FXGL Background Thread 3 ] DEBUG Engine               - isNative: false
08:23:51.876 [FXGL Background Thread 3 ] DEBUG Engine               - isPauseMusicWhenMinimized: true
08:23:51.876 [FXGL Background Thread 3 ] DEBUG Engine               - isPreserveResizeRatio: false
08:23:51.876 [FXGL Background Thread 3 ] DEBUG Engine               - isProfilingEnabled: false
08:23:51.876 [FXGL Background Thread 3 ] DEBUG Engine               - isScaleAffectedOnResize: true
08:23:51.876 [FXGL Background Thread 3 ] DEBUG Engine               - isSingleStep: false
08:23:51.876 [FXGL Background Thread 3 ] DEBUG Engine               - isUserProfileEnabled: false
08:23:51.876 [FXGL Background Thread 3 ] DEBUG Engine               - isWindows: true
08:23:51.876 [FXGL Background Thread 3 ] DEBUG Engine               - language: ObjectProperty [value: ENGLISH]
08:23:51.877 [FXGL Background Thread 3 ] DEBUG Engine               - menuKey: ESCAPE
08:23:51.877 [FXGL Background Thread 3 ] DEBUG Engine               - mouseSensitivity: 0.2
08:23:51.877 [FXGL Background Thread 3 ] DEBUG Engine               - notificationViewClass: class com.almasb.fxgl.notification.view.XboxNotificationView
08:23:51.877 [FXGL Background Thread 3 ] DEBUG Engine               - pixelsPerMeter: 50.0
08:23:51.877 [FXGL Background Thread 3 ] DEBUG Engine               - platform: WINDOWS
08:23:51.878 [FXGL Background Thread 3 ] DEBUG Engine               - prefHeightProperty: ReadOnlyDoubleProperty [value: 1080.0]
08:23:51.878 [FXGL Background Thread 3 ] DEBUG Engine               - prefWidthProperty: ReadOnlyDoubleProperty [value: 1920.0]
08:23:51.878 [FXGL Background Thread 3 ] DEBUG Engine               - profileDir: profiles/
08:23:51.878 [FXGL Background Thread 3 ] DEBUG Engine               - profileName: StringProperty [value: DEFAULT]
08:23:51.878 [FXGL Background Thread 3 ] DEBUG Engine               - randomSeed: -1
08:23:51.878 [FXGL Background Thread 3 ] DEBUG Engine               - runtimeInfo: RuntimeInfo(platform=WINDOWS, version=11.17, build=16.07.2021 15.46)
08:23:51.878 [FXGL Background Thread 3 ] DEBUG Engine               - saveFileExt: sav
08:23:51.879 [FXGL Background Thread 3 ] DEBUG Engine               - scaledHeightProp$fxgl: DoubleProperty [bound, value: 720.0]
08:23:51.879 [FXGL Background Thread 3 ] DEBUG Engine               - scaledWidthProp$fxgl: DoubleProperty [bound, value: 1255.0]
08:23:51.879 [FXGL Background Thread 3 ] DEBUG Engine               - sceneFactory: com.example.demo.MySceneFactory@67017f6a
08:23:51.879 [FXGL Background Thread 3 ] DEBUG Engine               - secondsIn24h: 60
08:23:51.879 [FXGL Background Thread 3 ] DEBUG Engine               - soundMenuBack: menu/back.wav
08:23:51.879 [FXGL Background Thread 3 ] DEBUG Engine               - soundMenuPress: menu/press.wav
08:23:51.879 [FXGL Background Thread 3 ] DEBUG Engine               - soundMenuSelect: menu/select.wav
08:23:51.879 [FXGL Background Thread 3 ] DEBUG Engine               - soundNotification: core/notification.wav
08:23:51.879 [FXGL Background Thread 3 ] DEBUG Engine               - stageStyle: DECORATED
08:23:51.880 [FXGL Background Thread 3 ] DEBUG Engine               - supportedLanguages: [ENGLISH, FRENCH, GERMAN, HUNGARIAN, RUSSIAN]
08:23:51.880 [FXGL Background Thread 3 ] DEBUG Engine               - ticksPerSecond: -1
08:23:51.880 [FXGL Background Thread 3 ] DEBUG Engine               - title: Stictactics
08:23:51.880 [FXGL Background Thread 3 ] DEBUG Engine               - urlGithub: https://github.com/AlmasB/FXGL
08:23:51.880 [FXGL Background Thread 3 ] DEBUG Engine               - urlLeaderboard: http://fxgl-top.herokuapp.com/
08:23:51.880 [FXGL Background Thread 3 ] DEBUG Engine               - urlPOM: https://raw.githubusercontent.com/AlmasB/FXGL/release/README.md
08:23:51.880 [FXGL Background Thread 3 ] DEBUG Engine               - userAppClass: class com.example.demo.HelloApplication
08:23:51.880 [FXGL Background Thread 3 ] DEBUG Engine               - version: 0.0
08:23:51.881 [FXGL Background Thread 3 ] DEBUG Engine               - versionCheckDays: 7
08:23:51.881 [FXGL Background Thread 3 ] DEBUG Engine               - width: 1920
08:23:51.881 [FXGL Background Thread 3 ] DEBUG Engine               - Logging services
08:23:51.881 [FXGL Background Thread 3 ] DEBUG Engine               - class com.almasb.fxgl.app.services.FXGLAssetLoaderService
08:23:51.881 [FXGL Background Thread 3 ] DEBUG Engine               - class com.almasb.fxgl.app.FXGLApplication$GameApplicationService
08:23:51.881 [FXGL Background Thread 3 ] DEBUG Engine               - class com.almasb.fxgl.app.services.FXGLDialogService
08:23:51.881 [FXGL Background Thread 3 ] DEBUG Engine               - class com.almasb.fxgl.app.services.IOTaskExecutorService
08:23:51.881 [FXGL Background Thread 3 ] DEBUG Engine               - class com.almasb.fxgl.io.FileSystemService
08:23:51.881 [FXGL Background Thread 3 ] DEBUG Engine               - class com.almasb.fxgl.localization.LocalizationService
08:23:51.882 [FXGL Background Thread 3 ] DEBUG Engine               - class com.almasb.fxgl.app.services.SystemBundleService
08:23:51.882 [FXGL Background Thread 3 ] DEBUG Engine               - class com.almasb.fxgl.profile.SaveLoadService
08:23:51.882 [FXGL Background Thread 3 ] DEBUG Engine               - class com.almasb.fxgl.ui.FXGLUIFactoryServiceProvider
08:23:51.882 [FXGL Background Thread 3 ] DEBUG Engine               - class com.almasb.fxgl.ui.FXGLDialogFactoryServiceProvider
08:23:51.882 [FXGL Background Thread 3 ] DEBUG Engine               - class com.almasb.fxgl.audio.AudioPlayer
08:23:51.882 [FXGL Background Thread 3 ] DEBUG Engine               - class com.almasb.fxgl.notification.impl.NotificationServiceProvider
08:23:51.883 [FXGL Background Thread 3 ] DEBUG Engine               - class com.almasb.fxgl.achievement.AchievementService
08:23:51.883 [FXGL Background Thread 3 ] DEBUG Engine               - class com.almasb.fxgl.cutscene.CutsceneService
08:23:51.883 [FXGL Background Thread 3 ] DEBUG Engine               - class com.almasb.fxgl.minigames.MiniGameService
08:23:51.883 [FXGL Background Thread 3 ] DEBUG Engine               - class com.almasb.fxgl.net.NetService
08:23:51.883 [FXGL Background Thread 3 ] DEBUG Engine               - class com.almasb.fxgl.app.services.UpdaterService
08:23:51.883 [FXGL Background Thread 3 ] DEBUG Engine               - class com.almasb.fxgl.dev.DevService
08:23:52.130 [JavaFX Application Thread] DEBUG Input                - Clearing active input actions
08:23:52.153 [JavaFX Application Thread] DEBUG GameApplicationServi - Removing overlay from CustomIntro and adding to FXGLMainMenuDummyScene
08:23:52.153 [JavaFX Application Thread] DEBUG PrimaryStageWindow   - CustomIntro -> FXGLMainMenuDummyScene
08:23:52.154 [JavaFX Application Thread] DEBUG PrimaryStageWindow   - Push state: CustomMainMenu
08:23:52.154 [JavaFX Application Thread] DEBUG Input                - Clearing active input actions
08:23:52.156 [JavaFX Application Thread] DEBUG GameApplicationServi - Removing overlay from FXGLMainMenuDummyScene and adding to CustomMainMenu
08:23:52.156 [JavaFX Application Thread] DEBUG PrimaryStageWindow   - FXGLMainMenuDummyScene -> CustomMainMenu
08:23:54.481 [JavaFX Application Thread] DEBUG PrimaryStageWindow   - Push state: DialogSubScene
08:23:54.482 [JavaFX Application Thread] DEBUG Input                - Clearing active input actions
08:23:54.482 [JavaFX Application Thread] DEBUG GameApplicationServi - Removing overlay from CustomMainMenu and adding to DialogSubScene
08:23:54.482 [JavaFX Application Thread] DEBUG PrimaryStageWindow   - CustomMainMenu -> DialogSubScene
08:23:57.904 [JavaFX Application Thread] DEBUG PrimaryStageWindow   - Pop state: DialogSubScene
08:23:57.904 [JavaFX Application Thread] DEBUG Input                - Clearing active input actions
08:23:57.905 [JavaFX Application Thread] DEBUG GameApplicationServi - Removing overlay from DialogSubScene and adding to CustomMainMenu
08:23:57.905 [JavaFX Application Thread] DEBUG PrimaryStageWindow   - CustomMainMenu <- DialogSubScene
08:23:57.905 [JavaFX Application Thread] DEBUG FXGLApplication      - Exiting FXGL
08:23:57.905 [JavaFX Application Thread] DEBUG LoopRunner           - Stopping loop
08:23:57.905 [JavaFX Application Thread] DEBUG SystemBundleService  - Saving FXGL system data
08:23:57.908 [JavaFX Application Thread] DEBUG FileSystemAccess     - Writing to: C:\Users\zyla\demoGame4OOP\system\fxgl.bundle
08:23:57.910 [JavaFX Application Thread] DEBUG Async                - Shutting down background threads
08:23:57.910 [JavaFX Application Thread] DEBUG PrimaryStageWindow   - Closing main window
08:23:57.936 [JavaFX Application Thread] DEBUG Logger               - Closing Logger
