07:41:42.153 [main                     ] DEBUG Logger               - Configured Logger
07:41:42.155 [main                     ] DEBUG GameApplication      - Logging settings
Title: Stictactics
Version: 0.0
Width: 1920
Height: 1080
Fullscreen: false
Intro: false
Profiling: false
Single step:false
App Mode: DEVELOPER
Menu Key: ESCAPE
Stage Style: DECORATED
Scene Factory: class com.example.demo.Factory.MySceneFactory

07:41:42.557 [JavaFX Application Thread] DEBUG FXGLApplication      - Initializing FXGL
07:41:42.558 [JavaFX Application Thread] INFO  Engine               - FXGL-11.17 (16.07.2021 15.46) on WINDOWS (J:23.0.2 FX:17.0.6)
07:41:42.559 [JavaFX Application Thread] DEBUG Engine               - JRE Vendor Name: Amazon.com Inc.
07:41:42.559 [JavaFX Application Thread] DEBUG Engine               - Running on OS: Windows 11 version 10.0
07:41:42.559 [JavaFX Application Thread] DEBUG Engine               - Architecture: amd64
07:41:42.559 [JavaFX Application Thread] INFO  Engine               - Source code and latest versions at: https://github.com/AlmasB/FXGL
07:41:42.559 [JavaFX Application Thread] INFO  Engine               -              Join the FXGL chat at: https://gitter.im/AlmasB/FXGL
07:41:42.655 [JavaFX Application Thread] DEBUG PrimaryStageWindow   - Creating a JavaFX scene
07:41:42.655 [JavaFX Application Thread] DEBUG PrimaryStageWindow   - Target size > screen size
07:41:42.706 [JavaFX Application Thread] DEBUG PrimaryStageWindow   - Target settings size: 1920.0 x 1080.0
07:41:42.706 [JavaFX Application Thread] DEBUG PrimaryStageWindow   - Scaled scene size:    1255.0 x 720.0
07:41:42.706 [JavaFX Application Thread] DEBUG PrimaryStageWindow   - Scaled ratio: (0.6536458333333334, 0.6666666666666666)
07:41:42.706 [JavaFX Application Thread] DEBUG PrimaryStageWindow   - Set initial scene to FXGLStartupScene
07:41:42.714 [JavaFX Application Thread] DEBUG PrimaryStageWindow   - Opening main window
07:41:42.831 [JavaFX Application Thread] DEBUG PrimaryStageWindow   - Window border size: (16.0, 39.0)
07:41:42.831 [JavaFX Application Thread] DEBUG PrimaryStageWindow   - Scaled size: 1255.0 x 720.0
07:41:42.831 [JavaFX Application Thread] DEBUG PrimaryStageWindow   - Scaled ratio: (0.6536458333333334, 0.6666666666666666)
07:41:42.832 [JavaFX Application Thread] DEBUG PrimaryStageWindow   - Scene size: 1255.0 x 720.0
07:41:42.832 [JavaFX Application Thread] DEBUG PrimaryStageWindow   - Stage size: 1271.0 x 759.0
07:41:42.869 [FXGL Background Thread 1 ] DEBUG Engine               - Initializing environment variables
07:41:42.993 [FXGL Background Thread 1 ] DEBUG FXGLAssetLoaderServi - User app class for loading assets: class com.example.demo.HelloController
07:41:42.993 [FXGL Background Thread 1 ] DEBUG GameApplicationServi - Applying CSS: fxgl_dark.css
07:41:42.994 [FXGL Background Thread 1 ] DEBUG FXGLAssetLoaderServi - Loading from file system: jar:file:///C:/Users/zyla/.m2/repository/com/github/almasb/fxgl/11.17/fxgl-11.17.jar!/fxglassets/ui/css/fxgl_dark.css
07:41:43.054 [FXGL Background Thread 1 ] DEBUG GameApplicationServi - Initializing application scenes
07:41:43.172 [FXGL Background Thread 1 ] DEBUG GameWorld            - Game world initialized
07:41:43.250 [FXGL Background Thread 1 ] DEBUG PhysicsWorld         - Physics world initialized: appHeight=1080, physics.ppm=50.0
07:41:43.251 [FXGL Background Thread 1 ] DEBUG PhysicsWorld         - Using strategy: BRUTE_FORCE
07:41:43.254 [FXGL Background Thread 1 ] DEBUG GameScene            - Game scene initialized: 1920x1080
07:41:43.416 [FXGL Background Thread 1 ] DEBUG GameApplicationServi - Application scenes initialized
07:41:43.430 [FXGL Background Thread 1 ] DEBUG SystemBundleService  - Loading FXGL system data
07:41:43.436 [FXGL Background Thread 1 ] DEBUG FileSystemAccess     - Reading from: C:\Users\zyla\demoGame4OOP\system\fxgl.bundle
07:41:43.446 [FXGL Background Thread 1 ] DEBUG SystemBundleService  - Bundle FXGL: {}
07:41:43.446 [FXGL Background Thread 1 ] DEBUG UpdaterService       - Checking for updates
07:41:43.455 [FXGL Background Thread 1 ] DEBUG FXGLApplication      - Loading default localization
07:41:43.455 [FXGL Background Thread 1 ] DEBUG FXGLAssetLoaderServi - Loading from file system: jar:file:///C:/Users/zyla/.m2/repository/com/github/almasb/fxgl/11.17/fxgl-11.17.jar!/fxglassets/languages/english.lang
07:41:43.496 [FXGL Background Thread 4 ] DEBUG FXGLApplication      - Loading fonts
07:41:43.499 [FXGL Background Thread 4 ] DEBUG FXGLAssetLoaderServi - Loading from file system: jar:file:///C:/Users/zyla/.m2/repository/com/github/almasb/fxgl/11.17/fxgl-11.17.jar!/fxglassets/ui/fonts/VarelaRound-Regular.ttf
07:41:43.524 [FXGL Background Thread 1 ] INFO  FXGLApplication      - FXGL initialization took: 0.654 sec
07:41:43.567 [JavaFX Application Thread] DEBUG Input                - Registered new binding: Pause Game - Esc
07:41:43.568 [JavaFX Application Thread] DEBUG Input                - Registered new binding: P1Left - A
07:41:43.568 [JavaFX Application Thread] DEBUG Input                - Registered new binding: P1Right - D
07:41:43.568 [JavaFX Application Thread] DEBUG Input                - Registered new binding: P1Jump - W
07:41:43.568 [JavaFX Application Thread] DEBUG Input                - Registered new binding: P1Punch - F
07:41:43.568 [JavaFX Application Thread] DEBUG Input                - Registered new binding: P1EnhancedPunch - E
07:41:43.569 [JavaFX Application Thread] DEBUG Input                - Registered new binding: P1Ult - Q
07:41:43.569 [JavaFX Application Thread] DEBUG Input                - Registered new binding: P2Left - Left
07:41:43.569 [JavaFX Application Thread] DEBUG Input                - Registered new binding: P2Right - Right
07:41:43.569 [JavaFX Application Thread] DEBUG Input                - Registered new binding: P2Jump - Up
07:41:43.569 [JavaFX Application Thread] DEBUG Input                - Registered new binding: P2Punch - H
07:41:43.569 [JavaFX Application Thread] DEBUG Input                - Registered new binding: P2EnhancedPunch - U
07:41:43.570 [JavaFX Application Thread] DEBUG Input                - Registered new binding: P2Ult - O
07:41:43.575 [JavaFX Application Thread] WARN  FXGLAssetLoaderServi - Asset "/assets/textures//assets/textures/background-intro.mp4" was not found!
07:41:43.576 [JavaFX Application Thread] WARN  FXGLAssetLoaderServi - Failed to load IMAGE
07:41:43.624 [JavaFX Application Thread] DEBUG FXGLAssetLoaderServi - Loading from file system: jar:file:///C:/Users/zyla/.m2/repository/com/github/almasb/fxgl/11.17/fxgl-11.17.jar!/fxglassets/textures/fxgl_icon.png
07:41:43.720 [JavaFX Application Thread] DEBUG FXGLAssetLoaderServi - Loading from file system: jar:file:///C:/Users/zyla/.m2/repository/com/github/almasb/fxgl/11.17/fxgl-11.17.jar!/fxglassets/textures/fxgl_default_cursor.png
07:41:43.723 [JavaFX Application Thread] DEBUG Input                - Registered new binding: Screenshot - CTRL+8
07:41:43.724 [JavaFX Application Thread] DEBUG Input                - Registered new binding: System info dump - CTRL+9
07:41:43.725 [JavaFX Application Thread] DEBUG Input                - Registered new binding: Restart - CTRL+R
07:41:43.725 [JavaFX Application Thread] DEBUG Input                - Registered new binding: Toggle Debug Camera - CTRL+C
07:41:43.729 [JavaFX Application Thread] DEBUG LoopRunner           - Starting loop
07:41:43.729 [JavaFX Application Thread] DEBUG LoopRunner           - Initializing JavaFX AnimationTimerLoop
07:41:43.733 [JavaFX Application Thread] DEBUG Input                - Clearing active input actions
07:41:43.753 [JavaFX Application Thread] DEBUG GameApplicationServi - Removing overlay from FXGLStartupScene and adding to FXGLMainMenuDummyScene
07:41:43.753 [JavaFX Application Thread] DEBUG PrimaryStageWindow   - FXGLStartupScene -> FXGLMainMenuDummyScene
07:41:43.753 [JavaFX Application Thread] DEBUG PrimaryStageWindow   - Push state: CustomMainMenu
07:41:43.754 [JavaFX Application Thread] DEBUG Input                - Clearing active input actions
07:41:43.767 [JavaFX Application Thread] DEBUG GameApplicationServi - Removing overlay from FXGLMainMenuDummyScene and adding to CustomMainMenu
07:41:43.768 [JavaFX Application Thread] DEBUG PrimaryStageWindow   - FXGLMainMenuDummyScene -> CustomMainMenu
07:41:44.058 [FXGL Background Thread 4 ] DEBUG FXGLAssetLoaderServi - Loading from file system: jar:file:///C:/Users/zyla/.m2/repository/com/github/almasb/fxgl/11.17/fxgl-11.17.jar!/fxglassets/ui/fonts/Abel-Regular.ttf
07:41:44.083 [FXGL Background Thread 4 ] DEBUG FXGLAssetLoaderServi - Loading from file system: jar:file:///C:/Users/zyla/.m2/repository/com/github/almasb/fxgl/11.17/fxgl-11.17.jar!/fxglassets/ui/fonts/lucida_console.ttf
07:41:44.106 [FXGL Background Thread 4 ] DEBUG FXGLAssetLoaderServi - Loading from file system: jar:file:///C:/Users/zyla/.m2/repository/com/github/almasb/fxgl/11.17/fxgl-11.17.jar!/fxglassets/ui/fonts/Courier-Prime.ttf
07:41:44.128 [JavaFX Application Thread] DEBUG FXGLApplication      - Registering font factories with UI factory
07:41:44.397 [JavaFX Application Thread] DEBUG Menu                 - fireNewGame()
07:41:44.397 [JavaFX Application Thread] DEBUG GameApplicationServi - Starting new game
07:41:44.398 [JavaFX Application Thread] DEBUG PrimaryStageWindow   - Pop state: CustomMainMenu
07:41:44.398 [JavaFX Application Thread] DEBUG Input                - Clearing active input actions
07:41:44.400 [JavaFX Application Thread] DEBUG GameApplicationServi - Removing overlay from CustomMainMenu and adding to FXGLMainMenuDummyScene
07:41:44.401 [JavaFX Application Thread] DEBUG PrimaryStageWindow   - FXGLMainMenuDummyScene <- CustomMainMenu
07:41:44.401 [JavaFX Application Thread] DEBUG Input                - Clearing active input actions
07:41:44.418 [JavaFX Application Thread] DEBUG GameApplicationServi - Removing overlay from FXGLMainMenuDummyScene and adding to FXGLLoadingScene
07:41:44.419 [JavaFX Application Thread] DEBUG PrimaryStageWindow   - FXGLMainMenuDummyScene -> FXGLLoadingScene
07:41:44.419 [JavaFX Application Thread] DEBUG GameApplicationServi - Clearing previous game
07:41:44.419 [JavaFX Application Thread] DEBUG GameScene            - Clearing game scene
07:41:44.419 [JavaFX Application Thread] DEBUG GameWorld            - Clearing game world
07:41:44.419 [JavaFX Application Thread] DEBUG PhysicsWorld         - Clearing physics world
07:41:44.422 [FXGL Background Thread 4 ] DEBUG FXGLApplication      - Initializing game
07:41:44.655 [FXGL Background Thread 4 ] WARN  TMXLevelLoader       - TiledMap generated from 1.11.2. Supported version: 1.2.3. Some features may not be parsed fully.
07:41:44.675 [FXGL Background Thread 4 ] DEBUG TMXLevelLoader       - Parsed TiledMap: file:/C:/Users/zyla/demoGame4OOP/target/classes/assets/levels/tmx/map.tmx
07:41:44.676 [FXGL Background Thread 4 ] DEBUG TMXLevelLoader       - Creating tile layer entities
07:41:44.678 [FXGL Background Thread 4 ] DEBUG TilesetLoader        - Loading view for layer Tile Layer 1
07:41:44.687 [FXGL Background Thread 4 ] DEBUG TilesetLoader        - Created buffer with size 1920.0x1088.0
07:41:44.700 [FXGL Background Thread 2 ] INFO  UpdaterService       - Your current version:  11.17
07:41:44.700 [FXGL Background Thread 2 ] INFO  UpdaterService       - Latest stable version: 21.1
07:41:44.808 [FXGL Background Thread 4 ] DEBUG TMXLevelLoader       - Creating object layer entities
07:41:44.884 [FXGL Background Thread 4 ] DEBUG GameWorld            - Clearing removable entities
07:41:44.884 [FXGL Background Thread 4 ] DEBUG GameWorld            - Setting level: com.almasb.fxgl.entity.level.Level@23a6a268
07:41:44.919 [FXGL Background Thread 4 ] DEBUG FXGLAssetLoaderServi - Loading from file system: file:/C:/Users/zyla/demoGame4OOP/target/classes/assets/textures/character_2/knight_idle.png
07:41:44.943 [FXGL Background Thread 4 ] DEBUG FXGLAssetLoaderServi - Loading from file system: file:/C:/Users/zyla/demoGame4OOP/target/classes/assets/textures/character_2/knight_walk.png
07:41:44.955 [FXGL Background Thread 4 ] DEBUG FXGLAssetLoaderServi - Loading from file system: file:/C:/Users/zyla/demoGame4OOP/target/classes/assets/textures/fighter_attack_enhanced_p2.png
07:41:44.966 [FXGL Background Thread 4 ] DEBUG FXGLAssetLoaderServi - Loading from file system: file:/C:/Users/zyla/demoGame4OOP/target/classes/assets/textures/character_2/knight_jump.png
07:41:44.972 [FXGL Background Thread 4 ] DEBUG FXGLAssetLoaderServi - Loading from file system: file:/C:/Users/zyla/demoGame4OOP/target/classes/assets/textures/character_2/knight_combo.png
07:41:44.981 [FXGL Background Thread 4 ] DEBUG FXGLAssetLoaderServi - Loading from file system: file:/C:/Users/zyla/demoGame4OOP/target/classes/assets/textures/fighter_ult_P2.png
07:41:44.998 [FXGL Background Thread 4 ] DEBUG FXGLAssetLoaderServi - Loading from file system: file:/C:/Users/zyla/demoGame4OOP/target/classes/assets/textures/fighter_hit.png
07:41:45.006 [FXGL Background Thread 4 ] DEBUG FXGLAssetLoaderServi - Loading from file system: file:/C:/Users/zyla/demoGame4OOP/target/classes/assets/textures/fighter_idle_P2.png
07:41:45.025 [FXGL Background Thread 4 ] DEBUG FXGLAssetLoaderServi - Loading from file system: file:/C:/Users/zyla/demoGame4OOP/target/classes/assets/textures/fighter_walk_P2.png
07:41:45.032 [FXGL Background Thread 4 ] DEBUG FXGLAssetLoaderServi - Loading from file system: file:/C:/Users/zyla/demoGame4OOP/target/classes/assets/textures/fighter_jump_P2.png
07:41:45.037 [FXGL Background Thread 4 ] DEBUG FXGLAssetLoaderServi - Loading from file system: file:/C:/Users/zyla/demoGame4OOP/target/classes/assets/textures/fighter_attack_P2.png
07:41:45.064 [FXGL Background Thread 4 ] INFO  FXGLApplication      - Game initialization took: 0.643 sec
07:41:45.068 [JavaFX Application Thread] DEBUG Input                - Clearing active input actions
07:41:45.089 [JavaFX Application Thread] DEBUG GameApplicationServi - Removing overlay from FXGLLoadingScene and adding to GameScene
07:41:45.091 [JavaFX Application Thread] DEBUG PrimaryStageWindow   - FXGLLoadingScene -> GameScene
07:41:46.451 [FXGL Background Thread 3 ] DEBUG Engine               - Logging environment variables
07:41:46.451 [FXGL Background Thread 3 ] DEBUG Engine               - achievements: []
07:41:46.451 [FXGL Background Thread 3 ] DEBUG Engine               - actualHeight: 720.0
07:41:46.451 [FXGL Background Thread 3 ] DEBUG Engine               - actualHeightProperty: ReadOnlyDoubleProperty [value: 720.0]
07:41:46.451 [FXGL Background Thread 3 ] DEBUG Engine               - actualWidth: 1255.0
07:41:46.453 [FXGL Background Thread 3 ] DEBUG Engine               - actualWidthProperty: ReadOnlyDoubleProperty [value: 1255.0]
07:41:46.453 [FXGL Background Thread 3 ] DEBUG Engine               - appIcon: fxgl_icon.png
07:41:46.453 [FXGL Background Thread 3 ] DEBUG Engine               - applicationMode: DEVELOPER
07:41:46.453 [FXGL Background Thread 3 ] DEBUG Engine               - cSSList: [fxgl_dark.css]
07:41:46.453 [FXGL Background Thread 3 ] DEBUG Engine               - collisionDetectionStrategy: BRUTE_FORCE
07:41:46.453 [FXGL Background Thread 3 ] DEBUG Engine               - configClass: Optional.empty
07:41:46.454 [FXGL Background Thread 3 ] DEBUG Engine               - credits: []
07:41:46.454 [FXGL Background Thread 3 ] DEBUG Engine               - defaultCursor: CursorInfo(imageName=fxgl_default_cursor.png, hotspotX=7.0, hotspotY=6.0)
07:41:46.456 [FXGL Background Thread 3 ] DEBUG Engine               - devBBoxColorProperty: ObjectProperty [value: 0xff0000ff]
07:41:46.457 [FXGL Background Thread 3 ] DEBUG Engine               - devEnableDebugCameraProperty: BooleanProperty [value: false]
07:41:46.461 [FXGL Background Thread 3 ] DEBUG Engine               - devSensorColorProperty: ObjectProperty [value: 0xffff00ff]
07:41:46.461 [FXGL Background Thread 3 ] DEBUG Engine               - devShowBBoxProperty: BooleanProperty [value: false]
07:41:46.461 [FXGL Background Thread 3 ] DEBUG Engine               - devShowPositionProperty: BooleanProperty [value: false]
07:41:46.461 [FXGL Background Thread 3 ] DEBUG Engine               - enabledMenuItems: []
07:41:46.461 [FXGL Background Thread 3 ] DEBUG Engine               - engineServices: [class com.almasb.fxgl.app.services.FXGLAssetLoaderService, class com.almasb.fxgl.app.FXGLApplication$GameApplicationService, class com.almasb.fxgl.app.services.FXGLDialogService, class com.almasb.fxgl.app.services.IOTaskExecutorService, class com.almasb.fxgl.io.FileSystemService, class com.almasb.fxgl.localization.LocalizationService, class com.almasb.fxgl.app.services.SystemBundleService, class com.almasb.fxgl.profile.SaveLoadService, class com.almasb.fxgl.ui.FXGLUIFactoryServiceProvider, class com.almasb.fxgl.ui.FXGLDialogFactoryServiceProvider, class com.almasb.fxgl.audio.AudioPlayer, class com.almasb.fxgl.notification.impl.NotificationServiceProvider, class com.almasb.fxgl.achievement.AchievementService, class com.almasb.fxgl.cutscene.CutsceneService, class com.almasb.fxgl.minigames.MiniGameService, class com.almasb.fxgl.net.NetService, class com.almasb.fxgl.app.services.UpdaterService, class com.almasb.fxgl.dev.DevService]
07:41:46.461 [FXGL Background Thread 3 ] DEBUG Engine               - fontGame: Abel-Regular.ttf
07:41:46.461 [FXGL Background Thread 3 ] DEBUG Engine               - fontMono: lucida_console.ttf
07:41:46.461 [FXGL Background Thread 3 ] DEBUG Engine               - fontText: Courier-Prime.ttf
07:41:46.461 [FXGL Background Thread 3 ] DEBUG Engine               - fontUI: VarelaRound-Regular.ttf
07:41:46.462 [FXGL Background Thread 3 ] DEBUG Engine               - fullScreen: BooleanProperty [value: false]
07:41:46.462 [FXGL Background Thread 3 ] DEBUG Engine               - gameDifficulty: MEDIUM
07:41:46.462 [FXGL Background Thread 3 ] DEBUG Engine               - gameDifficultyProperty: ObjectProperty [value: MEDIUM]
07:41:46.462 [FXGL Background Thread 3 ] DEBUG Engine               - globalMusicVolume: 0.5
07:41:46.462 [FXGL Background Thread 3 ] DEBUG Engine               - globalMusicVolumeProperty: DoubleProperty [value: 0.5]
07:41:46.462 [FXGL Background Thread 3 ] DEBUG Engine               - globalSoundVolume: 0.5
07:41:46.462 [FXGL Background Thread 3 ] DEBUG Engine               - globalSoundVolumeProperty: DoubleProperty [value: 0.5]
07:41:46.462 [FXGL Background Thread 3 ] DEBUG Engine               - height: 1080
07:41:46.462 [FXGL Background Thread 3 ] DEBUG Engine               - is3D: false
07:41:46.462 [FXGL Background Thread 3 ] DEBUG Engine               - isAndroid: false
07:41:46.462 [FXGL Background Thread 3 ] DEBUG Engine               - isBrowser: false
07:41:46.462 [FXGL Background Thread 3 ] DEBUG Engine               - isClickFeedbackEnabled: false
07:41:46.462 [FXGL Background Thread 3 ] DEBUG Engine               - isCloseConfirmation: true
07:41:46.462 [FXGL Background Thread 3 ] DEBUG Engine               - isDesktop: true
07:41:46.462 [FXGL Background Thread 3 ] DEBUG Engine               - isDeveloperMenuEnabled: false
07:41:46.462 [FXGL Background Thread 3 ] DEBUG Engine               - isEntityPreloadEnabled: true
07:41:46.462 [FXGL Background Thread 3 ] DEBUG Engine               - isExperimentalTiledLargeMap: false
07:41:46.462 [FXGL Background Thread 3 ] DEBUG Engine               - isFileSystemWriteAllowed: true
07:41:46.462 [FXGL Background Thread 3 ] DEBUG Engine               - isFullScreenAllowed: false
07:41:46.462 [FXGL Background Thread 3 ] DEBUG Engine               - isFullScreenFromStart: false
07:41:46.463 [FXGL Background Thread 3 ] DEBUG Engine               - isGameMenuEnabled: false
07:41:46.463 [FXGL Background Thread 3 ] DEBUG Engine               - isIOS: false
07:41:46.463 [FXGL Background Thread 3 ] DEBUG Engine               - isIntroEnabled: false
07:41:46.464 [FXGL Background Thread 3 ] DEBUG Engine               - isLinux: false
07:41:46.464 [FXGL Background Thread 3 ] DEBUG Engine               - isMac: false
07:41:46.464 [FXGL Background Thread 3 ] DEBUG Engine               - isMainMenuEnabled: true
07:41:46.464 [FXGL Background Thread 3 ] DEBUG Engine               - isManualResizeEnabled: false
07:41:46.464 [FXGL Background Thread 3 ] DEBUG Engine               - isMobile: false
07:41:46.464 [FXGL Background Thread 3 ] DEBUG Engine               - isNative: false
07:41:46.470 [FXGL Background Thread 3 ] DEBUG Engine               - isPauseMusicWhenMinimized: true
07:41:46.470 [FXGL Background Thread 3 ] DEBUG Engine               - isPreserveResizeRatio: false
07:41:46.470 [FXGL Background Thread 3 ] DEBUG Engine               - isProfilingEnabled: false
07:41:46.470 [FXGL Background Thread 3 ] DEBUG Engine               - isScaleAffectedOnResize: true
07:41:46.470 [FXGL Background Thread 3 ] DEBUG Engine               - isSingleStep: false
07:41:46.470 [FXGL Background Thread 3 ] DEBUG Engine               - isUserProfileEnabled: false
07:41:46.471 [FXGL Background Thread 3 ] DEBUG Engine               - isWindows: true
07:41:46.471 [FXGL Background Thread 3 ] DEBUG Engine               - language: ObjectProperty [value: ENGLISH]
07:41:46.471 [FXGL Background Thread 3 ] DEBUG Engine               - menuKey: ESCAPE
07:41:46.471 [FXGL Background Thread 3 ] DEBUG Engine               - mouseSensitivity: 0.2
07:41:46.471 [FXGL Background Thread 3 ] DEBUG Engine               - notificationViewClass: class com.almasb.fxgl.notification.view.XboxNotificationView
07:41:46.471 [FXGL Background Thread 3 ] DEBUG Engine               - pixelsPerMeter: 50.0
07:41:46.471 [FXGL Background Thread 3 ] DEBUG Engine               - platform: WINDOWS
07:41:46.471 [FXGL Background Thread 3 ] DEBUG Engine               - prefHeightProperty: ReadOnlyDoubleProperty [value: 1080.0]
07:41:46.471 [FXGL Background Thread 3 ] DEBUG Engine               - prefWidthProperty: ReadOnlyDoubleProperty [value: 1920.0]
07:41:46.471 [FXGL Background Thread 3 ] DEBUG Engine               - profileDir: profiles/
07:41:46.471 [FXGL Background Thread 3 ] DEBUG Engine               - profileName: StringProperty [value: DEFAULT]
07:41:46.471 [FXGL Background Thread 3 ] DEBUG Engine               - randomSeed: -1
07:41:46.471 [FXGL Background Thread 3 ] DEBUG Engine               - runtimeInfo: RuntimeInfo(platform=WINDOWS, version=11.17, build=16.07.2021 15.46)
07:41:46.471 [FXGL Background Thread 3 ] DEBUG Engine               - saveFileExt: sav
07:41:46.471 [FXGL Background Thread 3 ] DEBUG Engine               - scaledHeightProp$fxgl: DoubleProperty [bound, value: 720.0]
07:41:46.471 [FXGL Background Thread 3 ] DEBUG Engine               - scaledWidthProp$fxgl: DoubleProperty [bound, value: 1255.0]
07:41:46.471 [FXGL Background Thread 3 ] DEBUG Engine               - sceneFactory: com.example.demo.Factory.MySceneFactory@47231fc1
07:41:46.471 [FXGL Background Thread 3 ] DEBUG Engine               - secondsIn24h: 60
07:41:46.471 [FXGL Background Thread 3 ] DEBUG Engine               - soundMenuBack: menu/back.wav
07:41:46.471 [FXGL Background Thread 3 ] DEBUG Engine               - soundMenuPress: menu/press.wav
07:41:46.471 [FXGL Background Thread 3 ] DEBUG Engine               - soundMenuSelect: menu/select.wav
07:41:46.472 [FXGL Background Thread 3 ] DEBUG Engine               - soundNotification: core/notification.wav
07:41:46.472 [FXGL Background Thread 3 ] DEBUG Engine               - stageStyle: DECORATED
07:41:46.472 [FXGL Background Thread 3 ] DEBUG Engine               - supportedLanguages: [ENGLISH, FRENCH, GERMAN, HUNGARIAN, RUSSIAN]
07:41:46.472 [FXGL Background Thread 3 ] DEBUG Engine               - ticksPerSecond: -1
07:41:46.472 [FXGL Background Thread 3 ] DEBUG Engine               - title: Stictactics
07:41:46.472 [FXGL Background Thread 3 ] DEBUG Engine               - urlGithub: https://github.com/AlmasB/FXGL
07:41:46.472 [FXGL Background Thread 3 ] DEBUG Engine               - urlLeaderboard: http://fxgl-top.herokuapp.com/
07:41:46.472 [FXGL Background Thread 3 ] DEBUG Engine               - urlPOM: https://raw.githubusercontent.com/AlmasB/FXGL/release/README.md
07:41:46.472 [FXGL Background Thread 3 ] DEBUG Engine               - userAppClass: class com.example.demo.HelloController
07:41:46.472 [FXGL Background Thread 3 ] DEBUG Engine               - version: 0.0
07:41:46.472 [FXGL Background Thread 3 ] DEBUG Engine               - versionCheckDays: 7
07:41:46.472 [FXGL Background Thread 3 ] DEBUG Engine               - width: 1920
07:41:46.472 [FXGL Background Thread 3 ] DEBUG Engine               - Logging services
07:41:46.472 [FXGL Background Thread 3 ] DEBUG Engine               - class com.almasb.fxgl.app.services.FXGLAssetLoaderService
07:41:46.472 [FXGL Background Thread 3 ] DEBUG Engine               - class com.almasb.fxgl.app.FXGLApplication$GameApplicationService
07:41:46.472 [FXGL Background Thread 3 ] DEBUG Engine               - class com.almasb.fxgl.app.services.FXGLDialogService
07:41:46.472 [FXGL Background Thread 3 ] DEBUG Engine               - class com.almasb.fxgl.app.services.IOTaskExecutorService
07:41:46.472 [FXGL Background Thread 3 ] DEBUG Engine               - class com.almasb.fxgl.io.FileSystemService
07:41:46.472 [FXGL Background Thread 3 ] DEBUG Engine               - class com.almasb.fxgl.localization.LocalizationService
07:41:46.472 [FXGL Background Thread 3 ] DEBUG Engine               - class com.almasb.fxgl.app.services.SystemBundleService
07:41:46.472 [FXGL Background Thread 3 ] DEBUG Engine               - class com.almasb.fxgl.profile.SaveLoadService
07:41:46.472 [FXGL Background Thread 3 ] DEBUG Engine               - class com.almasb.fxgl.ui.FXGLUIFactoryServiceProvider
07:41:46.472 [FXGL Background Thread 3 ] DEBUG Engine               - class com.almasb.fxgl.ui.FXGLDialogFactoryServiceProvider
07:41:46.473 [FXGL Background Thread 3 ] DEBUG Engine               - class com.almasb.fxgl.audio.AudioPlayer
07:41:46.473 [FXGL Background Thread 3 ] DEBUG Engine               - class com.almasb.fxgl.notification.impl.NotificationServiceProvider
07:41:46.473 [FXGL Background Thread 3 ] DEBUG Engine               - class com.almasb.fxgl.achievement.AchievementService
07:41:46.473 [FXGL Background Thread 3 ] DEBUG Engine               - class com.almasb.fxgl.cutscene.CutsceneService
07:41:46.473 [FXGL Background Thread 3 ] DEBUG Engine               - class com.almasb.fxgl.minigames.MiniGameService
07:41:46.473 [FXGL Background Thread 3 ] DEBUG Engine               - class com.almasb.fxgl.net.NetService
07:41:46.473 [FXGL Background Thread 3 ] DEBUG Engine               - class com.almasb.fxgl.app.services.UpdaterService
07:41:46.473 [FXGL Background Thread 3 ] DEBUG Engine               - class com.almasb.fxgl.dev.DevService
07:41:57.888 [JavaFX Application Thread] DEBUG PrimaryStageWindow   - Push state: CustomPauseMenu
07:41:57.888 [JavaFX Application Thread] DEBUG Input                - Clearing active input actions
07:41:57.890 [JavaFX Application Thread] DEBUG GameApplicationServi - Removing overlay from GameScene and adding to CustomPauseMenu
07:41:57.890 [JavaFX Application Thread] DEBUG PrimaryStageWindow   - GameScene -> CustomPauseMenu
07:42:02.490 [JavaFX Application Thread] DEBUG Menu                 - fireExitToMainMenu()
07:42:02.498 [JavaFX Application Thread] DEBUG PrimaryStageWindow   - Push state: DialogSubScene
07:42:02.499 [JavaFX Application Thread] DEBUG Input                - Clearing active input actions
07:42:02.499 [JavaFX Application Thread] DEBUG GameApplicationServi - Removing overlay from CustomPauseMenu and adding to DialogSubScene
07:42:02.499 [JavaFX Application Thread] DEBUG PrimaryStageWindow   - CustomPauseMenu -> DialogSubScene
07:42:03.080 [JavaFX Application Thread] DEBUG PrimaryStageWindow   - Pop state: DialogSubScene
07:42:03.080 [JavaFX Application Thread] DEBUG Input                - Clearing active input actions
07:42:03.081 [JavaFX Application Thread] DEBUG GameApplicationServi - Removing overlay from DialogSubScene and adding to CustomPauseMenu
07:42:03.081 [JavaFX Application Thread] DEBUG PrimaryStageWindow   - CustomPauseMenu <- DialogSubScene
07:42:03.081 [JavaFX Application Thread] DEBUG PrimaryStageWindow   - Pop state: CustomPauseMenu
07:42:03.081 [JavaFX Application Thread] DEBUG Input                - Clearing active input actions
07:42:03.081 [JavaFX Application Thread] DEBUG GameApplicationServi - Removing overlay from CustomPauseMenu and adding to GameScene
07:42:03.081 [JavaFX Application Thread] DEBUG PrimaryStageWindow   - GameScene <- CustomPauseMenu
07:42:03.081 [JavaFX Application Thread] DEBUG Input                - Clearing active input actions
07:42:03.085 [JavaFX Application Thread] DEBUG GameApplicationServi - Removing overlay from GameScene and adding to FXGLMainMenuDummyScene
07:42:03.087 [JavaFX Application Thread] DEBUG PrimaryStageWindow   - GameScene -> FXGLMainMenuDummyScene
07:42:03.087 [JavaFX Application Thread] DEBUG PrimaryStageWindow   - Push state: CustomMainMenu
07:42:03.087 [JavaFX Application Thread] DEBUG Input                - Clearing active input actions
07:42:03.090 [JavaFX Application Thread] DEBUG GameApplicationServi - Removing overlay from FXGLMainMenuDummyScene and adding to CustomMainMenu
07:42:03.090 [JavaFX Application Thread] DEBUG PrimaryStageWindow   - FXGLMainMenuDummyScene -> CustomMainMenu
07:42:04.887 [JavaFX Application Thread] DEBUG Menu                 - fireNewGame()
07:42:04.887 [JavaFX Application Thread] DEBUG GameApplicationServi - Starting new game
07:42:04.887 [JavaFX Application Thread] DEBUG PrimaryStageWindow   - Pop state: CustomMainMenu
07:42:04.887 [JavaFX Application Thread] DEBUG Input                - Clearing active input actions
07:42:04.887 [JavaFX Application Thread] DEBUG GameApplicationServi - Removing overlay from CustomMainMenu and adding to FXGLMainMenuDummyScene
07:42:04.887 [JavaFX Application Thread] DEBUG PrimaryStageWindow   - FXGLMainMenuDummyScene <- CustomMainMenu
07:42:04.887 [JavaFX Application Thread] DEBUG Input                - Clearing active input actions
07:42:04.892 [JavaFX Application Thread] DEBUG GameApplicationServi - Removing overlay from FXGLMainMenuDummyScene and adding to FXGLLoadingScene
07:42:04.892 [JavaFX Application Thread] DEBUG PrimaryStageWindow   - FXGLMainMenuDummyScene -> FXGLLoadingScene
07:42:04.892 [JavaFX Application Thread] DEBUG GameApplicationServi - Clearing previous game
07:42:04.892 [JavaFX Application Thread] DEBUG GameScene            - Clearing game scene
07:42:04.892 [JavaFX Application Thread] DEBUG GameWorld            - Clearing game world
07:42:04.893 [JavaFX Application Thread] DEBUG PhysicsWorld         - Clearing physics world
07:42:04.893 [FXGL Background Thread 4 ] DEBUG FXGLApplication      - Initializing game
07:42:04.895 [FXGL Background Thread 4 ] WARN  TMXLevelLoader       - TiledMap generated from 1.11.2. Supported version: 1.2.3. Some features may not be parsed fully.
07:42:04.899 [FXGL Background Thread 4 ] DEBUG TMXLevelLoader       - Parsed TiledMap: file:/C:/Users/zyla/demoGame4OOP/target/classes/assets/levels/tmx/map.tmx
07:42:04.899 [FXGL Background Thread 4 ] DEBUG TMXLevelLoader       - Creating tile layer entities
07:42:04.899 [FXGL Background Thread 4 ] DEBUG TilesetLoader        - Loading view for layer Tile Layer 1
07:42:04.904 [FXGL Background Thread 4 ] DEBUG TilesetLoader        - Created buffer with size 1920.0x1088.0
07:42:04.944 [FXGL Background Thread 4 ] DEBUG TMXLevelLoader       - Creating object layer entities
07:42:04.945 [FXGL Background Thread 4 ] DEBUG GameWorld            - Clearing removable entities
07:42:04.945 [FXGL Background Thread 4 ] DEBUG GameWorld            - Setting level: com.almasb.fxgl.entity.level.Level@9eed4cc
07:42:04.966 [FXGL Background Thread 4 ] INFO  FXGLApplication      - Game initialization took: 0.073 sec
07:42:04.973 [JavaFX Application Thread] DEBUG Input                - Clearing active input actions
07:42:04.977 [JavaFX Application Thread] DEBUG GameApplicationServi - Removing overlay from FXGLLoadingScene and adding to GameScene
07:42:04.978 [JavaFX Application Thread] DEBUG PrimaryStageWindow   - FXGLLoadingScene -> GameScene
07:42:09.945 [JavaFX Application Thread] DEBUG PrimaryStageWindow   - Push state: DialogSubScene
07:42:09.945 [JavaFX Application Thread] DEBUG Input                - Clearing active input actions
07:42:09.947 [JavaFX Application Thread] DEBUG GameApplicationServi - Removing overlay from GameScene and adding to DialogSubScene
07:42:09.947 [JavaFX Application Thread] DEBUG PrimaryStageWindow   - GameScene -> DialogSubScene
07:42:10.792 [JavaFX Application Thread] DEBUG PrimaryStageWindow   - Pop state: DialogSubScene
07:42:10.792 [JavaFX Application Thread] DEBUG Input                - Clearing active input actions
07:42:10.792 [JavaFX Application Thread] DEBUG GameApplicationServi - Removing overlay from DialogSubScene and adding to GameScene
07:42:10.793 [JavaFX Application Thread] DEBUG PrimaryStageWindow   - GameScene <- DialogSubScene
07:42:10.793 [JavaFX Application Thread] DEBUG FXGLApplication      - Exiting FXGL
07:42:10.793 [JavaFX Application Thread] DEBUG LoopRunner           - Stopping loop
07:42:10.793 [JavaFX Application Thread] DEBUG SystemBundleService  - Saving FXGL system data
07:42:10.794 [JavaFX Application Thread] DEBUG FileSystemAccess     - Writing to: C:\Users\zyla\demoGame4OOP\system\fxgl.bundle
07:42:10.795 [JavaFX Application Thread] DEBUG Async                - Shutting down background threads
07:42:10.795 [JavaFX Application Thread] DEBUG PrimaryStageWindow   - Closing main window
07:42:10.817 [JavaFX Application Thread] DEBUG Logger               - Closing Logger
