22:58:29.854 [main                     ] DEBUG Logger               - Configured Logger
22:58:29.855 [main                     ] DEBUG GameApplication      - Logging settings
Title: Stictactics
Version: 0.0
Width: 1920
Height: 1080
Fullscreen: false
Intro: true
Profiling: false
Single step:false
App Mode: DEVELOPER
Menu Key: ESCAPE
Stage Style: DECORATED
Scene Factory: class com.example.demo.MySceneFactory

22:58:30.348 [JavaFX Application Thread] DEBUG FXGLApplication      - Initializing FXGL
22:58:30.349 [JavaFX Application Thread] INFO  Engine               - FXGL-11.17 (16.07.2021 15.46) on WINDOWS (J:23 FX:17.0.6)
22:58:30.350 [JavaFX Application Thread] DEBUG Engine               - JRE Vendor Name: Oracle Corporation
22:58:30.350 [JavaFX Application Thread] DEBUG Engine               - Running on OS: Windows 11 version 10.0
22:58:30.350 [JavaFX Application Thread] DEBUG Engine               - Architecture: amd64
22:58:30.350 [JavaFX Application Thread] INFO  Engine               - Source code and latest versions at: https://github.com/AlmasB/FXGL
22:58:30.350 [JavaFX Application Thread] INFO  Engine               -              Join the FXGL chat at: https://gitter.im/AlmasB/FXGL
22:58:30.408 [JavaFX Application Thread] DEBUG PrimaryStageWindow   - Creating a JavaFX scene
22:58:30.443 [JavaFX Application Thread] DEBUG PrimaryStageWindow   - Target settings size: 1920.0 x 1080.0
22:58:30.443 [JavaFX Application Thread] DEBUG PrimaryStageWindow   - Scaled scene size:    1920.0 x 1080.0
22:58:30.443 [JavaFX Application Thread] DEBUG PrimaryStageWindow   - Scaled ratio: (1.0, 1.0)
22:58:30.443 [JavaFX Application Thread] DEBUG PrimaryStageWindow   - Set initial scene to FXGLStartupScene
22:58:30.447 [JavaFX Application Thread] DEBUG PrimaryStageWindow   - Opening main window
22:58:30.512 [JavaFX Application Thread] DEBUG PrimaryStageWindow   - Window border size: (16.0, 39.0)
22:58:30.512 [JavaFX Application Thread] DEBUG PrimaryStageWindow   - Scaled size: 1920.0 x 1080.0
22:58:30.512 [JavaFX Application Thread] DEBUG PrimaryStageWindow   - Scaled ratio: (1.0, 1.0)
22:58:30.512 [JavaFX Application Thread] DEBUG PrimaryStageWindow   - Scene size: 1920.0 x 1080.0
22:58:30.512 [JavaFX Application Thread] DEBUG PrimaryStageWindow   - Stage size: 1936.0 x 1119.0
22:58:30.520 [FXGL Background Thread 1 ] DEBUG Engine               - Initializing environment variables
22:58:30.613 [FXGL Background Thread 1 ] DEBUG FXGLAssetLoaderServi - User app class for loading assets: class com.example.demo.HelloApplication
22:58:30.614 [FXGL Background Thread 1 ] DEBUG GameApplicationServi - Applying CSS: fxgl_dark.css
22:58:30.614 [FXGL Background Thread 1 ] DEBUG FXGLAssetLoaderServi - Loading from file system: jar:file:///C:/Users/jazph/.m2/repository/com/github/almasb/fxgl/11.17/fxgl-11.17.jar!/fxglassets/ui/css/fxgl_dark.css
22:58:30.651 [FXGL Background Thread 1 ] DEBUG GameApplicationServi - Initializing application scenes
22:58:30.689 [FXGL Background Thread 1 ] DEBUG GameWorld            - Game world initialized
22:58:30.748 [FXGL Background Thread 1 ] DEBUG PhysicsWorld         - Physics world initialized: appHeight=1080, physics.ppm=50.0
22:58:30.748 [FXGL Background Thread 1 ] DEBUG PhysicsWorld         - Using strategy: BRUTE_FORCE
22:58:30.750 [FXGL Background Thread 1 ] DEBUG GameScene            - Game scene initialized: 1920x1080
22:58:30.851 [FXGL Background Thread 1 ] DEBUG GameApplicationServi - Application scenes initialized
22:58:30.864 [FXGL Background Thread 1 ] DEBUG SystemBundleService  - Loading FXGL system data
22:58:30.870 [FXGL Background Thread 1 ] DEBUG FileSystemAccess     - Reading from: C:\Users\jazph\OneDrive\Desktop\demoGame4OOP\system\fxgl.bundle
22:58:30.876 [FXGL Background Thread 1 ] DEBUG SystemBundleService  - Bundle FXGL: {}
22:58:30.876 [FXGL Background Thread 1 ] DEBUG UpdaterService       - Checking for updates
22:58:30.882 [FXGL Background Thread 4 ] DEBUG FXGLApplication      - Loading fonts
22:58:30.887 [FXGL Background Thread 1 ] DEBUG FXGLApplication      - Loading default localization
22:58:30.887 [FXGL Background Thread 1 ] DEBUG FXGLAssetLoaderServi - Loading from file system: jar:file:///C:/Users/jazph/.m2/repository/com/github/almasb/fxgl/11.17/fxgl-11.17.jar!/fxglassets/languages/english.lang
22:58:30.887 [FXGL Background Thread 4 ] DEBUG FXGLAssetLoaderServi - Loading from file system: jar:file:///C:/Users/jazph/.m2/repository/com/github/almasb/fxgl/11.17/fxgl-11.17.jar!/fxglassets/ui/fonts/VarelaRound-Regular.ttf
22:58:30.916 [FXGL Background Thread 1 ] INFO  FXGLApplication      - FXGL initialization took: 0.396 sec
22:58:30.933 [JavaFX Application Thread] DEBUG Input                - Registered new binding: P1Left - A
22:58:30.933 [JavaFX Application Thread] DEBUG Input                - Registered new binding: P1Right - D
22:58:30.934 [JavaFX Application Thread] DEBUG Input                - Registered new binding: P1Jump - W
22:58:30.934 [JavaFX Application Thread] DEBUG Input                - Registered new binding: P1Punch - F
22:58:30.934 [JavaFX Application Thread] DEBUG Input                - Registered new binding: P2Left - J
22:58:30.934 [JavaFX Application Thread] DEBUG Input                - Registered new binding: P2Right - L
22:58:30.934 [JavaFX Application Thread] DEBUG Input                - Registered new binding: P2Jump - I
22:58:30.934 [JavaFX Application Thread] DEBUG Input                - Registered new binding: P2Punch - H
22:58:30.939 [JavaFX Application Thread] WARN  FXGLAssetLoaderServi - Asset "/assets/textures//assets/textures/background-intro.mp4" was not found!
22:58:30.939 [JavaFX Application Thread] WARN  FXGLAssetLoaderServi - Failed to load IMAGE
22:58:30.949 [FXGL Background Thread 4 ] DEBUG FXGLAssetLoaderServi - Loading from file system: jar:file:///C:/Users/jazph/.m2/repository/com/github/almasb/fxgl/11.17/fxgl-11.17.jar!/fxglassets/ui/fonts/Abel-Regular.ttf
22:58:30.967 [JavaFX Application Thread] DEBUG FXGLAssetLoaderServi - Loading from file system: jar:file:///C:/Users/jazph/.m2/repository/com/github/almasb/fxgl/11.17/fxgl-11.17.jar!/fxglassets/textures/fxgl_icon.png
22:58:30.968 [FXGL Background Thread 4 ] DEBUG FXGLAssetLoaderServi - Loading from file system: jar:file:///C:/Users/jazph/.m2/repository/com/github/almasb/fxgl/11.17/fxgl-11.17.jar!/fxglassets/ui/fonts/lucida_console.ttf
22:58:30.993 [FXGL Background Thread 4 ] DEBUG FXGLAssetLoaderServi - Loading from file system: jar:file:///C:/Users/jazph/.m2/repository/com/github/almasb/fxgl/11.17/fxgl-11.17.jar!/fxglassets/ui/fonts/Courier-Prime.ttf
22:58:31.029 [JavaFX Application Thread] DEBUG FXGLAssetLoaderServi - Loading from file system: jar:file:///C:/Users/jazph/.m2/repository/com/github/almasb/fxgl/11.17/fxgl-11.17.jar!/fxglassets/textures/fxgl_default_cursor.png
22:58:31.032 [JavaFX Application Thread] DEBUG Input                - Registered new binding: Screenshot - CTRL+8
22:58:31.033 [JavaFX Application Thread] DEBUG Input                - Registered new binding: System info dump - CTRL+9
22:58:31.033 [JavaFX Application Thread] DEBUG Input                - Registered new binding: Restart - CTRL+R
22:58:31.034 [JavaFX Application Thread] DEBUG Input                - Registered new binding: Toggle Debug Camera - CTRL+C
22:58:31.039 [JavaFX Application Thread] DEBUG LoopRunner           - Starting loop
22:58:31.040 [JavaFX Application Thread] DEBUG LoopRunner           - Initializing JavaFX AnimationTimerLoop
22:58:31.050 [JavaFX Application Thread] DEBUG Input                - Clearing active input actions
22:58:31.061 [JavaFX Application Thread] DEBUG GameApplicationServi - Removing overlay from FXGLStartupScene and adding to CustomIntro
22:58:31.061 [JavaFX Application Thread] DEBUG PrimaryStageWindow   - FXGLStartupScene -> CustomIntro
22:58:31.177 [JavaFX Application Thread] DEBUG FXGLApplication      - Registering font factories with UI factory
22:58:31.973 [FXGL Background Thread 2 ] INFO  UpdaterService       - Your current version:  11.17
22:58:31.973 [FXGL Background Thread 2 ] INFO  UpdaterService       - Latest stable version: 21.1
22:58:33.882 [FXGL Background Thread 3 ] DEBUG Engine               - Logging environment variables
22:58:33.882 [FXGL Background Thread 3 ] DEBUG Engine               - achievements: []
22:58:33.883 [FXGL Background Thread 3 ] DEBUG Engine               - actualHeight: 1080.0
22:58:33.883 [FXGL Background Thread 3 ] DEBUG Engine               - actualHeightProperty: ReadOnlyDoubleProperty [value: 1080.0]
22:58:33.883 [FXGL Background Thread 3 ] DEBUG Engine               - actualWidth: 1920.0
22:58:33.883 [FXGL Background Thread 3 ] DEBUG Engine               - actualWidthProperty: ReadOnlyDoubleProperty [value: 1920.0]
22:58:33.883 [FXGL Background Thread 3 ] DEBUG Engine               - appIcon: fxgl_icon.png
22:58:33.883 [FXGL Background Thread 3 ] DEBUG Engine               - applicationMode: DEVELOPER
22:58:33.883 [FXGL Background Thread 3 ] DEBUG Engine               - cSSList: [fxgl_dark.css]
22:58:33.883 [FXGL Background Thread 3 ] DEBUG Engine               - collisionDetectionStrategy: BRUTE_FORCE
22:58:33.883 [FXGL Background Thread 3 ] DEBUG Engine               - configClass: Optional.empty
22:58:33.883 [FXGL Background Thread 3 ] DEBUG Engine               - credits: []
22:58:33.883 [FXGL Background Thread 3 ] DEBUG Engine               - defaultCursor: CursorInfo(imageName=fxgl_default_cursor.png, hotspotX=7.0, hotspotY=6.0)
22:58:33.884 [FXGL Background Thread 3 ] DEBUG Engine               - devBBoxColorProperty: ObjectProperty [value: 0xff0000ff]
22:58:33.884 [FXGL Background Thread 3 ] DEBUG Engine               - devEnableDebugCameraProperty: BooleanProperty [value: false]
22:58:33.884 [FXGL Background Thread 3 ] DEBUG Engine               - devSensorColorProperty: ObjectProperty [value: 0xffff00ff]
22:58:33.884 [FXGL Background Thread 3 ] DEBUG Engine               - devShowBBoxProperty: BooleanProperty [value: false]
22:58:33.884 [FXGL Background Thread 3 ] DEBUG Engine               - devShowPositionProperty: BooleanProperty [value: false]
22:58:33.884 [FXGL Background Thread 3 ] DEBUG Engine               - enabledMenuItems: []
22:58:33.884 [FXGL Background Thread 3 ] DEBUG Engine               - engineServices: [class com.almasb.fxgl.app.services.FXGLAssetLoaderService, class com.almasb.fxgl.app.FXGLApplication$GameApplicationService, class com.almasb.fxgl.app.services.FXGLDialogService, class com.almasb.fxgl.app.services.IOTaskExecutorService, class com.almasb.fxgl.io.FileSystemService, class com.almasb.fxgl.localization.LocalizationService, class com.almasb.fxgl.app.services.SystemBundleService, class com.almasb.fxgl.profile.SaveLoadService, class com.almasb.fxgl.ui.FXGLUIFactoryServiceProvider, class com.almasb.fxgl.ui.FXGLDialogFactoryServiceProvider, class com.almasb.fxgl.audio.AudioPlayer, class com.almasb.fxgl.notification.impl.NotificationServiceProvider, class com.almasb.fxgl.achievement.AchievementService, class com.almasb.fxgl.cutscene.CutsceneService, class com.almasb.fxgl.minigames.MiniGameService, class com.almasb.fxgl.net.NetService, class com.almasb.fxgl.app.services.UpdaterService, class com.almasb.fxgl.dev.DevService]
22:58:33.884 [FXGL Background Thread 3 ] DEBUG Engine               - fontGame: Abel-Regular.ttf
22:58:33.885 [FXGL Background Thread 3 ] DEBUG Engine               - fontMono: lucida_console.ttf
22:58:33.885 [FXGL Background Thread 3 ] DEBUG Engine               - fontText: Courier-Prime.ttf
22:58:33.885 [FXGL Background Thread 3 ] DEBUG Engine               - fontUI: VarelaRound-Regular.ttf
22:58:33.885 [FXGL Background Thread 3 ] DEBUG Engine               - fullScreen: BooleanProperty [value: false]
22:58:33.885 [FXGL Background Thread 3 ] DEBUG Engine               - gameDifficulty: MEDIUM
22:58:33.885 [FXGL Background Thread 3 ] DEBUG Engine               - gameDifficultyProperty: ObjectProperty [value: MEDIUM]
22:58:33.885 [FXGL Background Thread 3 ] DEBUG Engine               - globalMusicVolume: 0.5
22:58:33.885 [FXGL Background Thread 3 ] DEBUG Engine               - globalMusicVolumeProperty: DoubleProperty [value: 0.5]
22:58:33.885 [FXGL Background Thread 3 ] DEBUG Engine               - globalSoundVolume: 0.5
22:58:33.885 [FXGL Background Thread 3 ] DEBUG Engine               - globalSoundVolumeProperty: DoubleProperty [value: 0.5]
22:58:33.885 [FXGL Background Thread 3 ] DEBUG Engine               - height: 1080
22:58:33.885 [FXGL Background Thread 3 ] DEBUG Engine               - is3D: false
22:58:33.885 [FXGL Background Thread 3 ] DEBUG Engine               - isAndroid: false
22:58:33.885 [FXGL Background Thread 3 ] DEBUG Engine               - isBrowser: false
22:58:33.885 [FXGL Background Thread 3 ] DEBUG Engine               - isClickFeedbackEnabled: false
22:58:33.885 [FXGL Background Thread 3 ] DEBUG Engine               - isCloseConfirmation: true
22:58:33.885 [FXGL Background Thread 3 ] DEBUG Engine               - isDesktop: true
22:58:33.885 [FXGL Background Thread 3 ] DEBUG Engine               - isDeveloperMenuEnabled: false
22:58:33.885 [FXGL Background Thread 3 ] DEBUG Engine               - isEntityPreloadEnabled: true
22:58:33.886 [FXGL Background Thread 3 ] DEBUG Engine               - isExperimentalTiledLargeMap: false
22:58:33.886 [FXGL Background Thread 3 ] DEBUG Engine               - isFileSystemWriteAllowed: true
22:58:33.886 [FXGL Background Thread 3 ] DEBUG Engine               - isFullScreenAllowed: false
22:58:33.886 [FXGL Background Thread 3 ] DEBUG Engine               - isFullScreenFromStart: false
22:58:33.886 [FXGL Background Thread 3 ] DEBUG Engine               - isGameMenuEnabled: false
22:58:33.886 [FXGL Background Thread 3 ] DEBUG Engine               - isIOS: false
22:58:33.886 [FXGL Background Thread 3 ] DEBUG Engine               - isIntroEnabled: true
22:58:33.886 [FXGL Background Thread 3 ] DEBUG Engine               - isLinux: false
22:58:33.886 [FXGL Background Thread 3 ] DEBUG Engine               - isMac: false
22:58:33.886 [FXGL Background Thread 3 ] DEBUG Engine               - isMainMenuEnabled: true
22:58:33.886 [FXGL Background Thread 3 ] DEBUG Engine               - isManualResizeEnabled: false
22:58:33.886 [FXGL Background Thread 3 ] DEBUG Engine               - isMobile: false
22:58:33.886 [FXGL Background Thread 3 ] DEBUG Engine               - isNative: false
22:58:33.886 [FXGL Background Thread 3 ] DEBUG Engine               - isPauseMusicWhenMinimized: true
22:58:33.886 [FXGL Background Thread 3 ] DEBUG Engine               - isPreserveResizeRatio: false
22:58:33.886 [FXGL Background Thread 3 ] DEBUG Engine               - isProfilingEnabled: false
22:58:33.886 [FXGL Background Thread 3 ] DEBUG Engine               - isScaleAffectedOnResize: true
22:58:33.886 [FXGL Background Thread 3 ] DEBUG Engine               - isSingleStep: false
22:58:33.886 [FXGL Background Thread 3 ] DEBUG Engine               - isUserProfileEnabled: false
22:58:33.886 [FXGL Background Thread 3 ] DEBUG Engine               - isWindows: true
22:58:33.886 [FXGL Background Thread 3 ] DEBUG Engine               - language: ObjectProperty [value: ENGLISH]
22:58:33.887 [FXGL Background Thread 3 ] DEBUG Engine               - menuKey: ESCAPE
22:58:33.887 [FXGL Background Thread 3 ] DEBUG Engine               - mouseSensitivity: 0.2
22:58:33.887 [FXGL Background Thread 3 ] DEBUG Engine               - notificationViewClass: class com.almasb.fxgl.notification.view.XboxNotificationView
22:58:33.887 [FXGL Background Thread 3 ] DEBUG Engine               - pixelsPerMeter: 50.0
22:58:33.887 [FXGL Background Thread 3 ] DEBUG Engine               - platform: WINDOWS
22:58:33.887 [FXGL Background Thread 3 ] DEBUG Engine               - prefHeightProperty: ReadOnlyDoubleProperty [value: 1080.0]
22:58:33.887 [FXGL Background Thread 3 ] DEBUG Engine               - prefWidthProperty: ReadOnlyDoubleProperty [value: 1920.0]
22:58:33.887 [FXGL Background Thread 3 ] DEBUG Engine               - profileDir: profiles/
22:58:33.887 [FXGL Background Thread 3 ] DEBUG Engine               - profileName: StringProperty [value: DEFAULT]
22:58:33.887 [FXGL Background Thread 3 ] DEBUG Engine               - randomSeed: -1
22:58:33.888 [FXGL Background Thread 3 ] DEBUG Engine               - runtimeInfo: RuntimeInfo(platform=WINDOWS, version=11.17, build=16.07.2021 15.46)
22:58:33.888 [FXGL Background Thread 3 ] DEBUG Engine               - saveFileExt: sav
22:58:33.888 [FXGL Background Thread 3 ] DEBUG Engine               - scaledHeightProp$fxgl: DoubleProperty [bound, value: 1080.0]
22:58:33.888 [FXGL Background Thread 3 ] DEBUG Engine               - scaledWidthProp$fxgl: DoubleProperty [bound, value: 1920.0]
22:58:33.888 [FXGL Background Thread 3 ] DEBUG Engine               - sceneFactory: com.example.demo.MySceneFactory@7877681
22:58:33.888 [FXGL Background Thread 3 ] DEBUG Engine               - secondsIn24h: 60
22:58:33.888 [FXGL Background Thread 3 ] DEBUG Engine               - soundMenuBack: menu/back.wav
22:58:33.888 [FXGL Background Thread 3 ] DEBUG Engine               - soundMenuPress: menu/press.wav
22:58:33.888 [FXGL Background Thread 3 ] DEBUG Engine               - soundMenuSelect: menu/select.wav
22:58:33.888 [FXGL Background Thread 3 ] DEBUG Engine               - soundNotification: core/notification.wav
22:58:33.888 [FXGL Background Thread 3 ] DEBUG Engine               - stageStyle: DECORATED
22:58:33.888 [FXGL Background Thread 3 ] DEBUG Engine               - supportedLanguages: [ENGLISH, FRENCH, GERMAN, HUNGARIAN, RUSSIAN]
22:58:33.888 [FXGL Background Thread 3 ] DEBUG Engine               - ticksPerSecond: -1
22:58:33.888 [FXGL Background Thread 3 ] DEBUG Engine               - title: Stictactics
22:58:33.888 [FXGL Background Thread 3 ] DEBUG Engine               - urlGithub: https://github.com/AlmasB/FXGL
22:58:33.888 [FXGL Background Thread 3 ] DEBUG Engine               - urlLeaderboard: http://fxgl-top.herokuapp.com/
22:58:33.888 [FXGL Background Thread 3 ] DEBUG Engine               - urlPOM: https://raw.githubusercontent.com/AlmasB/FXGL/release/README.md
22:58:33.888 [FXGL Background Thread 3 ] DEBUG Engine               - userAppClass: class com.example.demo.HelloApplication
22:58:33.888 [FXGL Background Thread 3 ] DEBUG Engine               - version: 0.0
22:58:33.888 [FXGL Background Thread 3 ] DEBUG Engine               - versionCheckDays: 7
22:58:33.889 [FXGL Background Thread 3 ] DEBUG Engine               - width: 1920
22:58:33.889 [FXGL Background Thread 3 ] DEBUG Engine               - Logging services
22:58:33.889 [FXGL Background Thread 3 ] DEBUG Engine               - class com.almasb.fxgl.app.services.FXGLAssetLoaderService
22:58:33.889 [FXGL Background Thread 3 ] DEBUG Engine               - class com.almasb.fxgl.app.FXGLApplication$GameApplicationService
22:58:33.889 [FXGL Background Thread 3 ] DEBUG Engine               - class com.almasb.fxgl.app.services.FXGLDialogService
22:58:33.889 [FXGL Background Thread 3 ] DEBUG Engine               - class com.almasb.fxgl.app.services.IOTaskExecutorService
22:58:33.889 [FXGL Background Thread 3 ] DEBUG Engine               - class com.almasb.fxgl.io.FileSystemService
22:58:33.889 [FXGL Background Thread 3 ] DEBUG Engine               - class com.almasb.fxgl.localization.LocalizationService
22:58:33.889 [FXGL Background Thread 3 ] DEBUG Engine               - class com.almasb.fxgl.app.services.SystemBundleService
22:58:33.889 [FXGL Background Thread 3 ] DEBUG Engine               - class com.almasb.fxgl.profile.SaveLoadService
22:58:33.889 [FXGL Background Thread 3 ] DEBUG Engine               - class com.almasb.fxgl.ui.FXGLUIFactoryServiceProvider
22:58:33.889 [FXGL Background Thread 3 ] DEBUG Engine               - class com.almasb.fxgl.ui.FXGLDialogFactoryServiceProvider
22:58:33.889 [FXGL Background Thread 3 ] DEBUG Engine               - class com.almasb.fxgl.audio.AudioPlayer
22:58:33.889 [FXGL Background Thread 3 ] DEBUG Engine               - class com.almasb.fxgl.notification.impl.NotificationServiceProvider
22:58:33.889 [FXGL Background Thread 3 ] DEBUG Engine               - class com.almasb.fxgl.achievement.AchievementService
22:58:33.889 [FXGL Background Thread 3 ] DEBUG Engine               - class com.almasb.fxgl.cutscene.CutsceneService
22:58:33.890 [FXGL Background Thread 3 ] DEBUG Engine               - class com.almasb.fxgl.minigames.MiniGameService
22:58:33.890 [FXGL Background Thread 3 ] DEBUG Engine               - class com.almasb.fxgl.net.NetService
22:58:33.890 [FXGL Background Thread 3 ] DEBUG Engine               - class com.almasb.fxgl.app.services.UpdaterService
22:58:33.890 [FXGL Background Thread 3 ] DEBUG Engine               - class com.almasb.fxgl.dev.DevService
22:58:38.133 [JavaFX Application Thread] DEBUG Input                - Clearing active input actions
22:58:38.143 [JavaFX Application Thread] DEBUG GameApplicationServi - Removing overlay from CustomIntro and adding to FXGLMainMenuDummyScene
22:58:38.144 [JavaFX Application Thread] DEBUG PrimaryStageWindow   - CustomIntro -> FXGLMainMenuDummyScene
22:58:38.144 [JavaFX Application Thread] DEBUG PrimaryStageWindow   - Push state: CustomMainMenu
22:58:38.144 [JavaFX Application Thread] DEBUG Input                - Clearing active input actions
22:58:38.152 [JavaFX Application Thread] DEBUG GameApplicationServi - Removing overlay from FXGLMainMenuDummyScene and adding to CustomMainMenu
22:58:38.152 [JavaFX Application Thread] DEBUG PrimaryStageWindow   - FXGLMainMenuDummyScene -> CustomMainMenu
22:58:38.858 [JavaFX Application Thread] DEBUG Menu                 - fireNewGame()
22:58:38.858 [JavaFX Application Thread] DEBUG GameApplicationServi - Starting new game
22:58:38.858 [JavaFX Application Thread] DEBUG PrimaryStageWindow   - Pop state: CustomMainMenu
22:58:38.858 [JavaFX Application Thread] DEBUG Input                - Clearing active input actions
22:58:38.859 [JavaFX Application Thread] DEBUG GameApplicationServi - Removing overlay from CustomMainMenu and adding to FXGLMainMenuDummyScene
22:58:38.859 [JavaFX Application Thread] DEBUG PrimaryStageWindow   - FXGLMainMenuDummyScene <- CustomMainMenu
22:58:38.859 [JavaFX Application Thread] DEBUG Input                - Clearing active input actions
22:58:38.870 [JavaFX Application Thread] DEBUG GameApplicationServi - Removing overlay from FXGLMainMenuDummyScene and adding to FXGLLoadingScene
22:58:38.870 [JavaFX Application Thread] DEBUG PrimaryStageWindow   - FXGLMainMenuDummyScene -> FXGLLoadingScene
22:58:38.870 [JavaFX Application Thread] DEBUG GameApplicationServi - Clearing previous game
22:58:38.870 [JavaFX Application Thread] DEBUG GameScene            - Clearing game scene
22:58:38.870 [JavaFX Application Thread] DEBUG GameWorld            - Clearing game world
22:58:38.871 [JavaFX Application Thread] DEBUG PhysicsWorld         - Clearing physics world
22:58:38.874 [FXGL Background Thread 2 ] DEBUG FXGLApplication      - Initializing game
22:58:38.951 [FXGL Background Thread 2 ] WARN  TMXLevelLoader       - TiledMap generated from 1.11.2. Supported version: 1.2.3. Some features may not be parsed fully.
22:58:38.964 [FXGL Background Thread 2 ] DEBUG TMXLevelLoader       - Parsed TiledMap: file:/C:/Users/jazph/OneDrive/Desktop/demoGame4OOP/target/classes/assets/levels/tmx/idkbackground.tmx
22:58:38.965 [FXGL Background Thread 2 ] DEBUG TMXLevelLoader       - Creating tile layer entities
22:58:38.966 [FXGL Background Thread 2 ] DEBUG TilesetLoader        - Loading view for layer Tile Layer 1
22:58:38.971 [FXGL Background Thread 2 ] DEBUG TilesetLoader        - Created buffer with size 1984.0x1088.0
22:58:39.071 [FXGL Background Thread 2 ] DEBUG TMXLevelLoader       - Creating object layer entities
22:58:39.108 [FXGL Background Thread 2 ] DEBUG GameWorld            - Clearing removable entities
22:58:39.109 [FXGL Background Thread 2 ] DEBUG GameWorld            - Setting level: com.almasb.fxgl.entity.level.Level@1108c9e5
22:58:39.160 [FXGL Background Thread 2 ] DEBUG FXGLAssetLoaderServi - Loading from file system: file:/C:/Users/jazph/OneDrive/Desktop/demoGame4OOP/target/classes/assets/textures/p1_idle.png
22:58:39.907 [FXGL Background Thread 2 ] DEBUG FXGLAssetLoaderServi - Loading from file system: file:/C:/Users/jazph/OneDrive/Desktop/demoGame4OOP/target/classes/assets/textures/walking.png
22:58:39.910 [FXGL Background Thread 2 ] DEBUG FXGLAssetLoaderServi - Loading from file system: file:/C:/Users/jazph/OneDrive/Desktop/demoGame4OOP/target/classes/assets/textures/jump.png
22:58:39.912 [FXGL Background Thread 2 ] DEBUG FXGLAssetLoaderServi - Loading from file system: file:/C:/Users/jazph/OneDrive/Desktop/demoGame4OOP/target/classes/assets/textures/punch.png
22:58:39.922 [FXGL Background Thread 2 ] DEBUG FXGLAssetLoaderServi - Loading from file system: file:/C:/Users/jazph/OneDrive/Desktop/demoGame4OOP/target/classes/assets/textures/idle_punk.png
22:58:39.924 [FXGL Background Thread 2 ] DEBUG FXGLAssetLoaderServi - Loading from file system: file:/C:/Users/jazph/OneDrive/Desktop/demoGame4OOP/target/classes/assets/textures/walk_punk.png
22:58:39.928 [FXGL Background Thread 2 ] DEBUG FXGLAssetLoaderServi - Loading from file system: file:/C:/Users/jazph/OneDrive/Desktop/demoGame4OOP/target/classes/assets/textures/punch_punk.png
22:58:39.935 [FXGL Background Thread 2 ] INFO  FXGLApplication      - Game initialization took: 1.061 sec
22:58:39.938 [JavaFX Application Thread] DEBUG Input                - Clearing active input actions
22:58:39.948 [JavaFX Application Thread] DEBUG GameApplicationServi - Removing overlay from FXGLLoadingScene and adding to GameScene
22:58:39.949 [JavaFX Application Thread] DEBUG PrimaryStageWindow   - FXGLLoadingScene -> GameScene
22:59:00.934 [JavaFX Application Thread] DEBUG LoopRunner           - Pausing loop
22:59:06.951 [JavaFX Application Thread] DEBUG LoopRunner           - Resuming loop
22:59:06.951 [JavaFX Application Thread] DEBUG GameApplicationServi - Starting new game
22:59:06.951 [JavaFX Application Thread] DEBUG Input                - Clearing active input actions
22:59:06.959 [JavaFX Application Thread] DEBUG GameApplicationServi - Removing overlay from GameScene and adding to FXGLLoadingScene
22:59:06.960 [JavaFX Application Thread] DEBUG PrimaryStageWindow   - GameScene -> FXGLLoadingScene
22:59:06.960 [JavaFX Application Thread] DEBUG GameApplicationServi - Clearing previous game
22:59:06.960 [JavaFX Application Thread] DEBUG GameScene            - Clearing game scene
22:59:06.960 [JavaFX Application Thread] DEBUG GameWorld            - Clearing game world
22:59:06.963 [JavaFX Application Thread] DEBUG PhysicsWorld         - Clearing physics world
22:59:06.964 [FXGL Background Thread 2 ] DEBUG FXGLApplication      - Initializing game
22:59:06.966 [FXGL Background Thread 2 ] WARN  TMXLevelLoader       - TiledMap generated from 1.11.2. Supported version: 1.2.3. Some features may not be parsed fully.
22:59:06.973 [FXGL Background Thread 2 ] DEBUG TMXLevelLoader       - Parsed TiledMap: file:/C:/Users/jazph/OneDrive/Desktop/demoGame4OOP/target/classes/assets/levels/tmx/idkbackground.tmx
22:59:06.973 [FXGL Background Thread 2 ] DEBUG TMXLevelLoader       - Creating tile layer entities
22:59:06.974 [FXGL Background Thread 2 ] DEBUG TilesetLoader        - Loading view for layer Tile Layer 1
22:59:06.978 [FXGL Background Thread 2 ] DEBUG TilesetLoader        - Created buffer with size 1984.0x1088.0
22:59:07.040 [FXGL Background Thread 2 ] DEBUG TMXLevelLoader       - Creating object layer entities
22:59:07.045 [FXGL Background Thread 2 ] DEBUG GameWorld            - Clearing removable entities
22:59:07.045 [FXGL Background Thread 2 ] DEBUG GameWorld            - Setting level: com.almasb.fxgl.entity.level.Level@3a824529
22:59:07.050 [FXGL Background Thread 2 ] INFO  FXGLApplication      - Game initialization took: 0.086 sec
22:59:07.086 [JavaFX Application Thread] DEBUG Input                - Clearing active input actions
22:59:07.094 [JavaFX Application Thread] DEBUG GameApplicationServi - Removing overlay from FXGLLoadingScene and adding to GameScene
22:59:07.094 [JavaFX Application Thread] DEBUG PrimaryStageWindow   - FXGLLoadingScene -> GameScene
22:59:08.789 [JavaFX Application Thread] DEBUG PrimaryStageWindow   - Push state: DialogSubScene
22:59:08.789 [JavaFX Application Thread] DEBUG Input                - Clearing active input actions
22:59:08.790 [JavaFX Application Thread] DEBUG GameApplicationServi - Removing overlay from GameScene and adding to DialogSubScene
22:59:08.790 [JavaFX Application Thread] DEBUG PrimaryStageWindow   - GameScene -> DialogSubScene
22:59:10.558 [JavaFX Application Thread] DEBUG PrimaryStageWindow   - Pop state: DialogSubScene
22:59:10.558 [JavaFX Application Thread] DEBUG Input                - Clearing active input actions
22:59:10.559 [JavaFX Application Thread] DEBUG GameApplicationServi - Removing overlay from DialogSubScene and adding to GameScene
22:59:10.559 [JavaFX Application Thread] DEBUG PrimaryStageWindow   - GameScene <- DialogSubScene
22:59:10.560 [JavaFX Application Thread] DEBUG FXGLApplication      - Exiting FXGL
22:59:10.560 [JavaFX Application Thread] DEBUG LoopRunner           - Stopping loop
22:59:10.560 [JavaFX Application Thread] DEBUG SystemBundleService  - Saving FXGL system data
22:59:10.563 [JavaFX Application Thread] DEBUG FileSystemAccess     - Writing to: C:\Users\jazph\OneDrive\Desktop\demoGame4OOP\system\fxgl.bundle
22:59:10.566 [JavaFX Application Thread] DEBUG Async                - Shutting down background threads
22:59:10.566 [JavaFX Application Thread] DEBUG PrimaryStageWindow   - Closing main window
22:59:10.596 [JavaFX Application Thread] DEBUG Logger               - Closing Logger
