19:41:28.601 [main                     ] DEBUG Logger               - Configured Logger
19:41:28.603 [main                     ] DEBUG GameApplication      - Logging settings
Title: Stictactics
Version: 0.0
Width: 1920
Height: 1080
Fullscreen: false
Intro: false
Profiling: false
Single step:false
App Mode: DEVELOPER
Menu Key: ESCAPE
Stage Style: DECORATED
Scene Factory: class com.example.demo.MySceneFactory

19:41:29.254 [JavaFX Application Thread] DEBUG FXGLApplication      - Initializing FXGL
19:41:29.258 [JavaFX Application Thread] INFO  Engine               - FXGL-11.17 (16.07.2021 15.46) on WINDOWS (J:23.0.2 FX:17.0.6)
19:41:29.259 [JavaFX Application Thread] DEBUG Engine               - JRE Vendor Name: Amazon.com Inc.
19:41:29.259 [JavaFX Application Thread] DEBUG Engine               - Running on OS: Windows 11 version 10.0
19:41:29.259 [JavaFX Application Thread] DEBUG Engine               - Architecture: amd64
19:41:29.259 [JavaFX Application Thread] INFO  Engine               - Source code and latest versions at: https://github.com/AlmasB/FXGL
19:41:29.260 [JavaFX Application Thread] INFO  Engine               -              Join the FXGL chat at: https://gitter.im/AlmasB/FXGL
19:41:29.569 [JavaFX Application Thread] DEBUG PrimaryStageWindow   - Creating a JavaFX scene
19:41:29.569 [JavaFX Application Thread] DEBUG PrimaryStageWindow   - Target size > screen size
19:41:29.648 [JavaFX Application Thread] DEBUG PrimaryStageWindow   - Target settings size: 1920.0 x 1080.0
19:41:29.648 [JavaFX Application Thread] DEBUG PrimaryStageWindow   - Scaled scene size:    1255.0 x 720.0
19:41:29.648 [JavaFX Application Thread] DEBUG PrimaryStageWindow   - Scaled ratio: (0.6536458333333334, 0.6666666666666666)
19:41:29.649 [JavaFX Application Thread] DEBUG PrimaryStageWindow   - Set initial scene to FXGLStartupScene
19:41:29.659 [JavaFX Application Thread] DEBUG PrimaryStageWindow   - Opening main window
19:41:29.746 [JavaFX Application Thread] DEBUG PrimaryStageWindow   - Window border size: (16.0, 39.0)
19:41:29.747 [JavaFX Application Thread] DEBUG PrimaryStageWindow   - Scaled size: 1255.0 x 720.0
19:41:29.747 [JavaFX Application Thread] DEBUG PrimaryStageWindow   - Scaled ratio: (0.6536458333333334, 0.6666666666666666)
19:41:29.747 [JavaFX Application Thread] DEBUG PrimaryStageWindow   - Scene size: 1255.0 x 720.0
19:41:29.747 [JavaFX Application Thread] DEBUG PrimaryStageWindow   - Stage size: 1271.0 x 759.0
19:41:29.756 [FXGL Background Thread 1 ] DEBUG Engine               - Initializing environment variables
19:41:29.972 [FXGL Background Thread 1 ] DEBUG FXGLAssetLoaderServi - User app class for loading assets: class com.example.demo.HelloController
19:41:29.972 [FXGL Background Thread 1 ] DEBUG GameApplicationServi - Applying CSS: fxgl_dark.css
19:41:29.973 [FXGL Background Thread 1 ] DEBUG FXGLAssetLoaderServi - Loading from file system: jar:file:///C:/Users/zyla/.m2/repository/com/github/almasb/fxgl/11.17/fxgl-11.17.jar!/fxglassets/ui/css/fxgl_dark.css
19:41:30.051 [FXGL Background Thread 1 ] DEBUG GameApplicationServi - Initializing application scenes
19:41:30.184 [FXGL Background Thread 1 ] DEBUG GameWorld            - Game world initialized
19:41:30.270 [FXGL Background Thread 1 ] DEBUG PhysicsWorld         - Physics world initialized: appHeight=1080, physics.ppm=50.0
19:41:30.270 [FXGL Background Thread 1 ] DEBUG PhysicsWorld         - Using strategy: BRUTE_FORCE
19:41:30.275 [FXGL Background Thread 1 ] DEBUG GameScene            - Game scene initialized: 1920x1080
19:41:30.511 [FXGL Background Thread 1 ] DEBUG GameApplicationServi - Application scenes initialized
19:41:30.542 [FXGL Background Thread 1 ] DEBUG SystemBundleService  - Loading FXGL system data
19:41:30.547 [FXGL Background Thread 1 ] DEBUG FileSystemAccess     - Reading from: C:\Users\zyla\demoGame4OOP\system\fxgl.bundle
19:41:30.560 [FXGL Background Thread 1 ] DEBUG SystemBundleService  - Bundle FXGL: {}
19:41:30.561 [FXGL Background Thread 1 ] DEBUG UpdaterService       - Checking for updates
19:41:30.568 [FXGL Background Thread 1 ] DEBUG FXGLApplication      - Loading default localization
19:41:30.569 [FXGL Background Thread 1 ] DEBUG FXGLAssetLoaderServi - Loading from file system: jar:file:///C:/Users/zyla/.m2/repository/com/github/almasb/fxgl/11.17/fxgl-11.17.jar!/fxglassets/languages/english.lang
19:41:30.570 [FXGL Background Thread 4 ] DEBUG FXGLApplication      - Loading fonts
19:41:30.570 [FXGL Background Thread 4 ] DEBUG FXGLAssetLoaderServi - Loading from file system: jar:file:///C:/Users/zyla/.m2/repository/com/github/almasb/fxgl/11.17/fxgl-11.17.jar!/fxglassets/ui/fonts/VarelaRound-Regular.ttf
19:41:30.584 [FXGL Background Thread 1 ] INFO  FXGLApplication      - FXGL initialization took: 0.829 sec
19:41:30.596 [JavaFX Application Thread] DEBUG Input                - Registered new binding: Pause Game - Esc
19:41:30.596 [JavaFX Application Thread] DEBUG Input                - Registered new binding: P1Left - A
19:41:30.597 [JavaFX Application Thread] DEBUG Input                - Registered new binding: P1Right - D
19:41:30.597 [JavaFX Application Thread] DEBUG Input                - Registered new binding: P1Jump - W
19:41:30.597 [JavaFX Application Thread] DEBUG Input                - Registered new binding: P1Punch - F
19:41:30.597 [JavaFX Application Thread] DEBUG Input                - Registered new binding: P1EnhancedPunch - E
19:41:30.597 [JavaFX Application Thread] DEBUG Input                - Registered new binding: P1Ult - Q
19:41:30.597 [JavaFX Application Thread] DEBUG Input                - Registered new binding: P2Left - Left
19:41:30.597 [JavaFX Application Thread] DEBUG Input                - Registered new binding: P2Right - Right
19:41:30.598 [JavaFX Application Thread] DEBUG Input                - Registered new binding: P2Jump - Up
19:41:30.598 [JavaFX Application Thread] DEBUG Input                - Registered new binding: P2Punch - H
19:41:30.598 [JavaFX Application Thread] DEBUG Input                - Registered new binding: P2EnhancedPunch - U
19:41:30.598 [JavaFX Application Thread] DEBUG Input                - Registered new binding: P2Ult - O
19:41:30.602 [JavaFX Application Thread] WARN  FXGLAssetLoaderServi - Asset "/assets/textures//assets/textures/background-intro.mp4" was not found!
19:41:30.602 [JavaFX Application Thread] WARN  FXGLAssetLoaderServi - Failed to load IMAGE
19:41:30.650 [JavaFX Application Thread] DEBUG FXGLAssetLoaderServi - Loading from file system: jar:file:///C:/Users/zyla/.m2/repository/com/github/almasb/fxgl/11.17/fxgl-11.17.jar!/fxglassets/textures/fxgl_icon.png
19:41:30.712 [FXGL Background Thread 4 ] DEBUG FXGLAssetLoaderServi - Loading from file system: jar:file:///C:/Users/zyla/.m2/repository/com/github/almasb/fxgl/11.17/fxgl-11.17.jar!/fxglassets/ui/fonts/Abel-Regular.ttf
19:41:30.713 [JavaFX Application Thread] DEBUG FXGLAssetLoaderServi - Loading from file system: jar:file:///C:/Users/zyla/.m2/repository/com/github/almasb/fxgl/11.17/fxgl-11.17.jar!/fxglassets/textures/fxgl_default_cursor.png
19:41:30.717 [JavaFX Application Thread] DEBUG Input                - Registered new binding: Screenshot - CTRL+8
19:41:30.717 [JavaFX Application Thread] DEBUG Input                - Registered new binding: System info dump - CTRL+9
19:41:30.718 [JavaFX Application Thread] DEBUG Input                - Registered new binding: Restart - CTRL+R
19:41:30.719 [JavaFX Application Thread] DEBUG Input                - Registered new binding: Toggle Debug Camera - CTRL+C
19:41:30.729 [JavaFX Application Thread] DEBUG LoopRunner           - Starting loop
19:41:30.731 [JavaFX Application Thread] DEBUG LoopRunner           - Initializing JavaFX AnimationTimerLoop
19:41:30.735 [JavaFX Application Thread] DEBUG Input                - Clearing active input actions
19:41:30.781 [JavaFX Application Thread] DEBUG GameApplicationServi - Removing overlay from FXGLStartupScene and adding to FXGLMainMenuDummyScene
19:41:30.783 [JavaFX Application Thread] DEBUG PrimaryStageWindow   - FXGLStartupScene -> FXGLMainMenuDummyScene
19:41:30.783 [JavaFX Application Thread] DEBUG PrimaryStageWindow   - Push state: CustomMainMenu
19:41:30.807 [JavaFX Application Thread] DEBUG Input                - Clearing active input actions
19:41:30.848 [JavaFX Application Thread] DEBUG GameApplicationServi - Removing overlay from FXGLMainMenuDummyScene and adding to CustomMainMenu
19:41:30.851 [JavaFX Application Thread] DEBUG PrimaryStageWindow   - FXGLMainMenuDummyScene -> CustomMainMenu
19:41:30.943 [FXGL Background Thread 4 ] DEBUG FXGLAssetLoaderServi - Loading from file system: jar:file:///C:/Users/zyla/.m2/repository/com/github/almasb/fxgl/11.17/fxgl-11.17.jar!/fxglassets/ui/fonts/lucida_console.ttf
19:41:30.973 [FXGL Background Thread 4 ] DEBUG FXGLAssetLoaderServi - Loading from file system: jar:file:///C:/Users/zyla/.m2/repository/com/github/almasb/fxgl/11.17/fxgl-11.17.jar!/fxglassets/ui/fonts/Courier-Prime.ttf
19:41:31.502 [JavaFX Application Thread] DEBUG FXGLApplication      - Registering font factories with UI factory
19:41:31.974 [FXGL Background Thread 2 ] INFO  UpdaterService       - Your current version:  11.17
19:41:31.974 [FXGL Background Thread 2 ] INFO  UpdaterService       - Latest stable version: 21.1
19:41:33.567 [FXGL Background Thread 3 ] DEBUG Engine               - Logging environment variables
19:41:33.567 [FXGL Background Thread 3 ] DEBUG Engine               - achievements: []
19:41:33.568 [FXGL Background Thread 3 ] DEBUG Engine               - actualHeight: 720.0
19:41:33.568 [FXGL Background Thread 3 ] DEBUG Engine               - actualHeightProperty: ReadOnlyDoubleProperty [value: 720.0]
19:41:33.568 [FXGL Background Thread 3 ] DEBUG Engine               - actualWidth: 1255.0
19:41:33.568 [FXGL Background Thread 3 ] DEBUG Engine               - actualWidthProperty: ReadOnlyDoubleProperty [value: 1255.0]
19:41:33.568 [FXGL Background Thread 3 ] DEBUG Engine               - appIcon: fxgl_icon.png
19:41:33.568 [FXGL Background Thread 3 ] DEBUG Engine               - applicationMode: DEVELOPER
19:41:33.568 [FXGL Background Thread 3 ] DEBUG Engine               - cSSList: [fxgl_dark.css]
19:41:33.568 [FXGL Background Thread 3 ] DEBUG Engine               - collisionDetectionStrategy: BRUTE_FORCE
19:41:33.569 [FXGL Background Thread 3 ] DEBUG Engine               - configClass: Optional.empty
19:41:33.569 [FXGL Background Thread 3 ] DEBUG Engine               - credits: []
19:41:33.569 [FXGL Background Thread 3 ] DEBUG Engine               - defaultCursor: CursorInfo(imageName=fxgl_default_cursor.png, hotspotX=7.0, hotspotY=6.0)
19:41:33.569 [FXGL Background Thread 3 ] DEBUG Engine               - devBBoxColorProperty: ObjectProperty [value: 0xff0000ff]
19:41:33.569 [FXGL Background Thread 3 ] DEBUG Engine               - devEnableDebugCameraProperty: BooleanProperty [value: false]
19:41:33.569 [FXGL Background Thread 3 ] DEBUG Engine               - devSensorColorProperty: ObjectProperty [value: 0xffff00ff]
19:41:33.570 [FXGL Background Thread 3 ] DEBUG Engine               - devShowBBoxProperty: BooleanProperty [value: false]
19:41:33.570 [FXGL Background Thread 3 ] DEBUG Engine               - devShowPositionProperty: BooleanProperty [value: false]
19:41:33.570 [FXGL Background Thread 3 ] DEBUG Engine               - enabledMenuItems: []
19:41:33.570 [FXGL Background Thread 3 ] DEBUG Engine               - engineServices: [class com.almasb.fxgl.app.services.FXGLAssetLoaderService, class com.almasb.fxgl.app.FXGLApplication$GameApplicationService, class com.almasb.fxgl.app.services.FXGLDialogService, class com.almasb.fxgl.app.services.IOTaskExecutorService, class com.almasb.fxgl.io.FileSystemService, class com.almasb.fxgl.localization.LocalizationService, class com.almasb.fxgl.app.services.SystemBundleService, class com.almasb.fxgl.profile.SaveLoadService, class com.almasb.fxgl.ui.FXGLUIFactoryServiceProvider, class com.almasb.fxgl.ui.FXGLDialogFactoryServiceProvider, class com.almasb.fxgl.audio.AudioPlayer, class com.almasb.fxgl.notification.impl.NotificationServiceProvider, class com.almasb.fxgl.achievement.AchievementService, class com.almasb.fxgl.cutscene.CutsceneService, class com.almasb.fxgl.minigames.MiniGameService, class com.almasb.fxgl.net.NetService, class com.almasb.fxgl.app.services.UpdaterService, class com.almasb.fxgl.dev.DevService]
19:41:33.570 [FXGL Background Thread 3 ] DEBUG Engine               - fontGame: Abel-Regular.ttf
19:41:33.570 [FXGL Background Thread 3 ] DEBUG Engine               - fontMono: lucida_console.ttf
19:41:33.570 [FXGL Background Thread 3 ] DEBUG Engine               - fontText: Courier-Prime.ttf
19:41:33.570 [FXGL Background Thread 3 ] DEBUG Engine               - fontUI: VarelaRound-Regular.ttf
19:41:33.570 [FXGL Background Thread 3 ] DEBUG Engine               - fullScreen: BooleanProperty [value: false]
19:41:33.570 [FXGL Background Thread 3 ] DEBUG Engine               - gameDifficulty: MEDIUM
19:41:33.570 [FXGL Background Thread 3 ] DEBUG Engine               - gameDifficultyProperty: ObjectProperty [value: MEDIUM]
19:41:33.570 [FXGL Background Thread 3 ] DEBUG Engine               - globalMusicVolume: 0.5
19:41:33.571 [FXGL Background Thread 3 ] DEBUG Engine               - globalMusicVolumeProperty: DoubleProperty [value: 0.5]
19:41:33.571 [FXGL Background Thread 3 ] DEBUG Engine               - globalSoundVolume: 0.5
19:41:33.571 [FXGL Background Thread 3 ] DEBUG Engine               - globalSoundVolumeProperty: DoubleProperty [value: 0.5]
19:41:33.571 [FXGL Background Thread 3 ] DEBUG Engine               - height: 1080
19:41:33.571 [FXGL Background Thread 3 ] DEBUG Engine               - is3D: false
19:41:33.571 [FXGL Background Thread 3 ] DEBUG Engine               - isAndroid: false
19:41:33.571 [FXGL Background Thread 3 ] DEBUG Engine               - isBrowser: false
19:41:33.571 [FXGL Background Thread 3 ] DEBUG Engine               - isClickFeedbackEnabled: false
19:41:33.571 [FXGL Background Thread 3 ] DEBUG Engine               - isCloseConfirmation: true
19:41:33.571 [FXGL Background Thread 3 ] DEBUG Engine               - isDesktop: true
19:41:33.571 [FXGL Background Thread 3 ] DEBUG Engine               - isDeveloperMenuEnabled: false
19:41:33.571 [FXGL Background Thread 3 ] DEBUG Engine               - isEntityPreloadEnabled: true
19:41:33.572 [FXGL Background Thread 3 ] DEBUG Engine               - isExperimentalTiledLargeMap: false
19:41:33.572 [FXGL Background Thread 3 ] DEBUG Engine               - isFileSystemWriteAllowed: true
19:41:33.572 [FXGL Background Thread 3 ] DEBUG Engine               - isFullScreenAllowed: false
19:41:33.572 [FXGL Background Thread 3 ] DEBUG Engine               - isFullScreenFromStart: false
19:41:33.572 [FXGL Background Thread 3 ] DEBUG Engine               - isGameMenuEnabled: false
19:41:33.572 [FXGL Background Thread 3 ] DEBUG Engine               - isIOS: false
19:41:33.572 [FXGL Background Thread 3 ] DEBUG Engine               - isIntroEnabled: false
19:41:33.572 [FXGL Background Thread 3 ] DEBUG Engine               - isLinux: false
19:41:33.573 [FXGL Background Thread 3 ] DEBUG Engine               - isMac: false
19:41:33.573 [FXGL Background Thread 3 ] DEBUG Engine               - isMainMenuEnabled: true
19:41:33.573 [FXGL Background Thread 3 ] DEBUG Engine               - isManualResizeEnabled: false
19:41:33.573 [FXGL Background Thread 3 ] DEBUG Engine               - isMobile: false
19:41:33.573 [FXGL Background Thread 3 ] DEBUG Engine               - isNative: false
19:41:33.573 [FXGL Background Thread 3 ] DEBUG Engine               - isPauseMusicWhenMinimized: true
19:41:33.573 [FXGL Background Thread 3 ] DEBUG Engine               - isPreserveResizeRatio: false
19:41:33.573 [FXGL Background Thread 3 ] DEBUG Engine               - isProfilingEnabled: false
19:41:33.573 [FXGL Background Thread 3 ] DEBUG Engine               - isScaleAffectedOnResize: true
19:41:33.573 [FXGL Background Thread 3 ] DEBUG Engine               - isSingleStep: false
19:41:33.573 [FXGL Background Thread 3 ] DEBUG Engine               - isUserProfileEnabled: false
19:41:33.574 [FXGL Background Thread 3 ] DEBUG Engine               - isWindows: true
19:41:33.574 [FXGL Background Thread 3 ] DEBUG Engine               - language: ObjectProperty [value: ENGLISH]
19:41:33.574 [FXGL Background Thread 3 ] DEBUG Engine               - menuKey: ESCAPE
19:41:33.574 [FXGL Background Thread 3 ] DEBUG Engine               - mouseSensitivity: 0.2
19:41:33.574 [FXGL Background Thread 3 ] DEBUG Engine               - notificationViewClass: class com.almasb.fxgl.notification.view.XboxNotificationView
19:41:33.574 [FXGL Background Thread 3 ] DEBUG Engine               - pixelsPerMeter: 50.0
19:41:33.574 [FXGL Background Thread 3 ] DEBUG Engine               - platform: WINDOWS
19:41:33.574 [FXGL Background Thread 3 ] DEBUG Engine               - prefHeightProperty: ReadOnlyDoubleProperty [value: 1080.0]
19:41:33.574 [FXGL Background Thread 3 ] DEBUG Engine               - prefWidthProperty: ReadOnlyDoubleProperty [value: 1920.0]
19:41:33.574 [FXGL Background Thread 3 ] DEBUG Engine               - profileDir: profiles/
19:41:33.575 [FXGL Background Thread 3 ] DEBUG Engine               - profileName: StringProperty [value: DEFAULT]
19:41:33.575 [FXGL Background Thread 3 ] DEBUG Engine               - randomSeed: -1
19:41:33.575 [FXGL Background Thread 3 ] DEBUG Engine               - runtimeInfo: RuntimeInfo(platform=WINDOWS, version=11.17, build=16.07.2021 15.46)
19:41:33.575 [FXGL Background Thread 3 ] DEBUG Engine               - saveFileExt: sav
19:41:33.575 [FXGL Background Thread 3 ] DEBUG Engine               - scaledHeightProp$fxgl: DoubleProperty [bound, value: 720.0]
19:41:33.575 [FXGL Background Thread 3 ] DEBUG Engine               - scaledWidthProp$fxgl: DoubleProperty [bound, value: 1255.0]
19:41:33.575 [FXGL Background Thread 3 ] DEBUG Engine               - sceneFactory: com.example.demo.MySceneFactory@3a1391be
19:41:33.575 [FXGL Background Thread 3 ] DEBUG Engine               - secondsIn24h: 60
19:41:33.575 [FXGL Background Thread 3 ] DEBUG Engine               - soundMenuBack: menu/back.wav
19:41:33.575 [FXGL Background Thread 3 ] DEBUG Engine               - soundMenuPress: menu/press.wav
19:41:33.575 [FXGL Background Thread 3 ] DEBUG Engine               - soundMenuSelect: menu/select.wav
19:41:33.575 [FXGL Background Thread 3 ] DEBUG Engine               - soundNotification: core/notification.wav
19:41:33.575 [FXGL Background Thread 3 ] DEBUG Engine               - stageStyle: DECORATED
19:41:33.575 [FXGL Background Thread 3 ] DEBUG Engine               - supportedLanguages: [ENGLISH, FRENCH, GERMAN, HUNGARIAN, RUSSIAN]
19:41:33.575 [FXGL Background Thread 3 ] DEBUG Engine               - ticksPerSecond: -1
19:41:33.576 [FXGL Background Thread 3 ] DEBUG Engine               - title: Stictactics
19:41:33.576 [FXGL Background Thread 3 ] DEBUG Engine               - urlGithub: https://github.com/AlmasB/FXGL
19:41:33.576 [FXGL Background Thread 3 ] DEBUG Engine               - urlLeaderboard: http://fxgl-top.herokuapp.com/
19:41:33.576 [FXGL Background Thread 3 ] DEBUG Engine               - urlPOM: https://raw.githubusercontent.com/AlmasB/FXGL/release/README.md
19:41:33.576 [FXGL Background Thread 3 ] DEBUG Engine               - userAppClass: class com.example.demo.HelloController
19:41:33.576 [FXGL Background Thread 3 ] DEBUG Engine               - version: 0.0
19:41:33.576 [FXGL Background Thread 3 ] DEBUG Engine               - versionCheckDays: 7
19:41:33.576 [FXGL Background Thread 3 ] DEBUG Engine               - width: 1920
19:41:33.576 [FXGL Background Thread 3 ] DEBUG Engine               - Logging services
19:41:33.576 [FXGL Background Thread 3 ] DEBUG Engine               - class com.almasb.fxgl.app.services.FXGLAssetLoaderService
19:41:33.576 [FXGL Background Thread 3 ] DEBUG Engine               - class com.almasb.fxgl.app.FXGLApplication$GameApplicationService
19:41:33.576 [FXGL Background Thread 3 ] DEBUG Engine               - class com.almasb.fxgl.app.services.FXGLDialogService
19:41:33.576 [FXGL Background Thread 3 ] DEBUG Engine               - class com.almasb.fxgl.app.services.IOTaskExecutorService
19:41:33.576 [FXGL Background Thread 3 ] DEBUG Engine               - class com.almasb.fxgl.io.FileSystemService
19:41:33.576 [FXGL Background Thread 3 ] DEBUG Engine               - class com.almasb.fxgl.localization.LocalizationService
19:41:33.576 [FXGL Background Thread 3 ] DEBUG Engine               - class com.almasb.fxgl.app.services.SystemBundleService
19:41:33.577 [FXGL Background Thread 3 ] DEBUG Engine               - class com.almasb.fxgl.profile.SaveLoadService
19:41:33.577 [FXGL Background Thread 3 ] DEBUG Engine               - class com.almasb.fxgl.ui.FXGLUIFactoryServiceProvider
19:41:33.577 [FXGL Background Thread 3 ] DEBUG Engine               - class com.almasb.fxgl.ui.FXGLDialogFactoryServiceProvider
19:41:33.577 [FXGL Background Thread 3 ] DEBUG Engine               - class com.almasb.fxgl.audio.AudioPlayer
19:41:33.577 [FXGL Background Thread 3 ] DEBUG Engine               - class com.almasb.fxgl.notification.impl.NotificationServiceProvider
19:41:33.577 [FXGL Background Thread 3 ] DEBUG Engine               - class com.almasb.fxgl.achievement.AchievementService
19:41:33.577 [FXGL Background Thread 3 ] DEBUG Engine               - class com.almasb.fxgl.cutscene.CutsceneService
19:41:33.577 [FXGL Background Thread 3 ] DEBUG Engine               - class com.almasb.fxgl.minigames.MiniGameService
19:41:33.577 [FXGL Background Thread 3 ] DEBUG Engine               - class com.almasb.fxgl.net.NetService
19:41:33.577 [FXGL Background Thread 3 ] DEBUG Engine               - class com.almasb.fxgl.app.services.UpdaterService
19:41:33.577 [FXGL Background Thread 3 ] DEBUG Engine               - class com.almasb.fxgl.dev.DevService
19:41:34.331 [JavaFX Application Thread] DEBUG Menu                 - fireNewGame()
19:41:34.331 [JavaFX Application Thread] DEBUG GameApplicationServi - Starting new game
19:41:34.331 [JavaFX Application Thread] DEBUG PrimaryStageWindow   - Pop state: CustomMainMenu
19:41:34.331 [JavaFX Application Thread] DEBUG Input                - Clearing active input actions
19:41:34.332 [JavaFX Application Thread] DEBUG GameApplicationServi - Removing overlay from CustomMainMenu and adding to FXGLMainMenuDummyScene
19:41:34.332 [JavaFX Application Thread] DEBUG PrimaryStageWindow   - FXGLMainMenuDummyScene <- CustomMainMenu
19:41:34.332 [JavaFX Application Thread] DEBUG Input                - Clearing active input actions
19:41:34.344 [JavaFX Application Thread] DEBUG GameApplicationServi - Removing overlay from FXGLMainMenuDummyScene and adding to FXGLLoadingScene
19:41:34.344 [JavaFX Application Thread] DEBUG PrimaryStageWindow   - FXGLMainMenuDummyScene -> FXGLLoadingScene
19:41:34.344 [JavaFX Application Thread] DEBUG GameApplicationServi - Clearing previous game
19:41:34.345 [JavaFX Application Thread] DEBUG GameScene            - Clearing game scene
19:41:34.345 [JavaFX Application Thread] DEBUG GameWorld            - Clearing game world
19:41:34.345 [JavaFX Application Thread] DEBUG PhysicsWorld         - Clearing physics world
19:41:34.350 [FXGL Background Thread 2 ] DEBUG FXGLApplication      - Initializing game
19:41:34.519 [FXGL Background Thread 2 ] WARN  TMXLevelLoader       - TiledMap generated from 1.11.2. Supported version: 1.2.3. Some features may not be parsed fully.
19:41:34.548 [FXGL Background Thread 2 ] DEBUG TMXLevelLoader       - Parsed TiledMap: file:/C:/Users/zyla/demoGame4OOP/target/classes/assets/levels/tmx/map.tmx
19:41:34.549 [FXGL Background Thread 2 ] DEBUG TMXLevelLoader       - Creating tile layer entities
19:41:34.550 [FXGL Background Thread 2 ] DEBUG TilesetLoader        - Loading view for layer Tile Layer 1
19:41:34.554 [FXGL Background Thread 2 ] DEBUG TilesetLoader        - Created buffer with size 1920.0x1088.0
19:41:34.676 [FXGL Background Thread 2 ] DEBUG TMXLevelLoader       - Creating object layer entities
19:41:34.731 [FXGL Background Thread 2 ] DEBUG GameWorld            - Clearing removable entities
19:41:34.731 [FXGL Background Thread 2 ] DEBUG GameWorld            - Setting level: com.almasb.fxgl.entity.level.Level@270a2fdc
19:41:34.747 [JavaFX Application Thread] DEBUG LoopRunner           - Stopping loop
19:41:34.752 [JavaFX Application Thread] FATAL FXGLApplication      - Uncaught Exception:
java.lang.RuntimeException: Initialization failed
	at com.almasb.fxgl.all/com.almasb.fxgl.app.FXGLApplication$InitAppTask.failed(FXGLApplication.kt:343)
	at javafx.graphics/javafx.concurrent.Task.setState(Task.java:710)
	at javafx.graphics/javafx.concurrent.Task$TaskCallable.lambda$call$2(Task.java:1456)
	at javafx.graphics/com.sun.javafx.application.PlatformImpl.lambda$runLater$10(PlatformImpl.java:457)
	at java.base/java.security.AccessController.doPrivileged(AccessController.java:400)
	at javafx.graphics/com.sun.javafx.application.PlatformImpl.lambda$runLater$11(PlatformImpl.java:456)
	at javafx.graphics/com.sun.glass.ui.InvokeLaterDispatcher$Future.run(InvokeLaterDispatcher.java:96)
	at javafx.graphics/com.sun.glass.ui.win.WinApplication._runLoop(Native Method)
	at javafx.graphics/com.sun.glass.ui.win.WinApplication.lambda$runLoop$3(WinApplication.java:184)
	at java.base/java.lang.Thread.run(Thread.java:1575)
Caused by: java.lang.NullPointerException: Cannot invoke "javafx.scene.text.Text.setTranslateX(double)" because "this.matchTimerText" is null
	at com.example.demo/com.example.demo.HelloController.initGame(HelloController.java:260)
	at com.almasb.fxgl.all/com.almasb.fxgl.app.FXGLApplication$InitAppTask.initGame(FXGLApplication.kt:339)
	at com.almasb.fxgl.all/com.almasb.fxgl.app.FXGLApplication$InitAppTask.call(FXGLApplication.kt:319)
	at com.almasb.fxgl.all/com.almasb.fxgl.app.FXGLApplication$InitAppTask.call(FXGLApplication.kt:311)
	at javafx.graphics/javafx.concurrent.Task$TaskCallable.call(Task.java:1426)
	at java.base/java.util.concurrent.FutureTask.run(FutureTask.java:317)
	at java.base/java.util.concurrent.Executors$RunnableAdapter.call(Executors.java:572)
	at java.base/java.util.concurrent.FutureTask.run(FutureTask.java:317)
	at java.base/java.util.concurrent.ThreadPoolExecutor.runWorker(ThreadPoolExecutor.java:1144)
	at java.base/java.util.concurrent.ThreadPoolExecutor$Worker.run(ThreadPoolExecutor.java:642)
	... 1 more

19:41:34.753 [JavaFX Application Thread] FATAL FXGLApplication      - Application will now exit
19:41:34.776 [JavaFX Application Thread] DEBUG PrimaryStageWindow   - Push state: ErrorSubScene
19:41:34.776 [JavaFX Application Thread] DEBUG Input                - Clearing active input actions
19:41:34.779 [JavaFX Application Thread] DEBUG GameApplicationServi - Removing overlay from FXGLLoadingScene and adding to ErrorSubScene
19:41:34.780 [JavaFX Application Thread] DEBUG PrimaryStageWindow   - FXGLLoadingScene -> ErrorSubScene
19:41:36.418 [JavaFX Application Thread] DEBUG PrimaryStageWindow   - Push state: DialogSubScene
19:41:36.418 [JavaFX Application Thread] DEBUG Input                - Clearing active input actions
19:41:36.419 [JavaFX Application Thread] DEBUG GameApplicationServi - Removing overlay from ErrorSubScene and adding to DialogSubScene
19:41:36.420 [JavaFX Application Thread] DEBUG PrimaryStageWindow   - ErrorSubScene -> DialogSubScene
19:41:37.014 [JavaFX Application Thread] DEBUG PrimaryStageWindow   - Pop state: DialogSubScene
19:41:37.014 [JavaFX Application Thread] DEBUG Input                - Clearing active input actions
19:41:37.015 [JavaFX Application Thread] DEBUG GameApplicationServi - Removing overlay from DialogSubScene and adding to ErrorSubScene
19:41:37.015 [JavaFX Application Thread] DEBUG PrimaryStageWindow   - ErrorSubScene <- DialogSubScene
19:41:37.015 [JavaFX Application Thread] DEBUG FXGLApplication      - Exiting FXGL
19:41:37.015 [JavaFX Application Thread] DEBUG Async                - Shutting down background threads
19:41:37.015 [JavaFX Application Thread] DEBUG PrimaryStageWindow   - Closing main window
19:41:37.046 [JavaFX Application Thread] DEBUG Logger               - Closing Logger
