16:57:16.593 [main                     ] DEBUG Logger               - Configured Logger
16:57:16.595 [main                     ] DEBUG GameApplication      - Logging settings
Title: Stictactics
Version: 0.0
Width: 1920
Height: 1080
Fullscreen: false
Intro: false
Profiling: false
Single step:false
App Mode: DEVELOPER
Menu Key: ESCAPE
Stage Style: DECORATED
Scene Factory: class com.example.demo.Factory.MySceneFactory

16:57:17.027 [JavaFX Application Thread] DEBUG FXGLApplication      - Initializing FXGL
16:57:17.029 [JavaFX Application Thread] INFO  Engine               - FXGL-11.17 (16.07.2021 15.46) on WINDOWS (J:23.0.2 FX:17.0.6)
16:57:17.029 [JavaFX Application Thread] DEBUG Engine               - JRE Vendor Name: Amazon.com Inc.
16:57:17.029 [JavaFX Application Thread] DEBUG Engine               - Running on OS: Windows 11 version 10.0
16:57:17.029 [JavaFX Application Thread] DEBUG Engine               - Architecture: amd64
16:57:17.029 [JavaFX Application Thread] INFO  Engine               - Source code and latest versions at: https://github.com/AlmasB/FXGL
16:57:17.029 [JavaFX Application Thread] INFO  Engine               -              Join the FXGL chat at: https://gitter.im/AlmasB/FXGL
16:57:17.141 [JavaFX Application Thread] DEBUG PrimaryStageWindow   - Creating a JavaFX scene
16:57:17.141 [JavaFX Application Thread] DEBUG PrimaryStageWindow   - Target size > screen size
16:57:17.189 [JavaFX Application Thread] DEBUG PrimaryStageWindow   - Target settings size: 1920.0 x 1080.0
16:57:17.189 [JavaFX Application Thread] DEBUG PrimaryStageWindow   - Scaled scene size:    1255.0 x 720.0
16:57:17.191 [JavaFX Application Thread] DEBUG PrimaryStageWindow   - Scaled ratio: (0.6536458333333334, 0.6666666666666666)
16:57:17.191 [JavaFX Application Thread] DEBUG PrimaryStageWindow   - Set initial scene to FXGLStartupScene
16:57:17.197 [JavaFX Application Thread] DEBUG PrimaryStageWindow   - Opening main window
16:57:17.308 [JavaFX Application Thread] DEBUG PrimaryStageWindow   - Window border size: (16.0, 39.0)
16:57:17.308 [JavaFX Application Thread] DEBUG PrimaryStageWindow   - Scaled size: 1255.0 x 720.0
16:57:17.308 [JavaFX Application Thread] DEBUG PrimaryStageWindow   - Scaled ratio: (0.6536458333333334, 0.6666666666666666)
16:57:17.308 [JavaFX Application Thread] DEBUG PrimaryStageWindow   - Scene size: 1255.0 x 720.0
16:57:17.309 [JavaFX Application Thread] DEBUG PrimaryStageWindow   - Stage size: 1271.0 x 759.0
16:57:17.376 [FXGL Background Thread 1 ] DEBUG Engine               - Initializing environment variables
16:57:17.490 [FXGL Background Thread 1 ] DEBUG FXGLAssetLoaderServi - User app class for loading assets: class com.example.demo.HelloController
16:57:17.490 [FXGL Background Thread 1 ] DEBUG GameApplicationServi - Applying CSS: fxgl_dark.css
16:57:17.491 [FXGL Background Thread 1 ] DEBUG FXGLAssetLoaderServi - Loading from file system: jar:file:///C:/Users/zyla/.m2/repository/com/github/almasb/fxgl/11.17/fxgl-11.17.jar!/fxglassets/ui/css/fxgl_dark.css
16:57:17.560 [FXGL Background Thread 1 ] DEBUG GameApplicationServi - Initializing application scenes
16:57:17.680 [FXGL Background Thread 1 ] DEBUG GameWorld            - Game world initialized
16:57:17.748 [FXGL Background Thread 1 ] DEBUG PhysicsWorld         - Physics world initialized: appHeight=1080, physics.ppm=50.0
16:57:17.748 [FXGL Background Thread 1 ] DEBUG PhysicsWorld         - Using strategy: BRUTE_FORCE
16:57:17.751 [FXGL Background Thread 1 ] DEBUG GameScene            - Game scene initialized: 1920x1080
16:57:17.913 [FXGL Background Thread 1 ] DEBUG GameApplicationServi - Application scenes initialized
16:57:17.929 [FXGL Background Thread 1 ] DEBUG SystemBundleService  - Loading FXGL system data
16:57:17.936 [FXGL Background Thread 1 ] DEBUG FileSystemAccess     - Reading from: C:\Users\zyla\demoGame4OOP\system\fxgl.bundle
16:57:17.947 [FXGL Background Thread 1 ] DEBUG SystemBundleService  - Bundle FXGL: {}
16:57:17.947 [FXGL Background Thread 1 ] DEBUG UpdaterService       - Checking for updates
16:57:17.955 [FXGL Background Thread 1 ] DEBUG FXGLApplication      - Loading default localization
16:57:17.955 [FXGL Background Thread 1 ] DEBUG FXGLAssetLoaderServi - Loading from file system: jar:file:///C:/Users/zyla/.m2/repository/com/github/almasb/fxgl/11.17/fxgl-11.17.jar!/fxglassets/languages/english.lang
16:57:17.983 [FXGL Background Thread 4 ] DEBUG FXGLApplication      - Loading fonts
16:57:17.983 [FXGL Background Thread 4 ] DEBUG FXGLAssetLoaderServi - Loading from file system: jar:file:///C:/Users/zyla/.m2/repository/com/github/almasb/fxgl/11.17/fxgl-11.17.jar!/fxglassets/ui/fonts/VarelaRound-Regular.ttf
16:57:18.004 [FXGL Background Thread 1 ] INFO  FXGLApplication      - FXGL initialization took: 0.627 sec
16:57:18.035 [JavaFX Application Thread] DEBUG Input                - Registered new binding: Pause Game - Esc
16:57:18.038 [JavaFX Application Thread] DEBUG Input                - Registered new binding: P1Left - A
16:57:18.038 [JavaFX Application Thread] DEBUG Input                - Registered new binding: P1Right - D
16:57:18.038 [JavaFX Application Thread] DEBUG Input                - Registered new binding: P1Jump - W
16:57:18.038 [JavaFX Application Thread] DEBUG Input                - Registered new binding: P1Punch - F
16:57:18.039 [JavaFX Application Thread] DEBUG Input                - Registered new binding: P1EnhancedPunch - E
16:57:18.039 [JavaFX Application Thread] DEBUG Input                - Registered new binding: P1Ult - Q
16:57:18.039 [JavaFX Application Thread] DEBUG Input                - Registered new binding: P2Left - Left
16:57:18.039 [JavaFX Application Thread] DEBUG Input                - Registered new binding: P2Right - Right
16:57:18.039 [JavaFX Application Thread] DEBUG Input                - Registered new binding: P2Jump - Up
16:57:18.039 [JavaFX Application Thread] DEBUG Input                - Registered new binding: P2Punch - H
16:57:18.039 [JavaFX Application Thread] DEBUG Input                - Registered new binding: P2EnhancedPunch - U
16:57:18.040 [JavaFX Application Thread] DEBUG Input                - Registered new binding: P2Ult - O
16:57:18.045 [JavaFX Application Thread] WARN  FXGLAssetLoaderServi - Asset "/assets/textures//assets/textures/background-intro.mp4" was not found!
16:57:18.045 [JavaFX Application Thread] WARN  FXGLAssetLoaderServi - Failed to load IMAGE
16:57:18.087 [JavaFX Application Thread] DEBUG FXGLAssetLoaderServi - Loading from file system: jar:file:///C:/Users/zyla/.m2/repository/com/github/almasb/fxgl/11.17/fxgl-11.17.jar!/fxglassets/textures/fxgl_icon.png
16:57:18.160 [JavaFX Application Thread] DEBUG FXGLAssetLoaderServi - Loading from file system: jar:file:///C:/Users/zyla/.m2/repository/com/github/almasb/fxgl/11.17/fxgl-11.17.jar!/fxglassets/textures/fxgl_default_cursor.png
16:57:18.169 [JavaFX Application Thread] DEBUG Input                - Registered new binding: Screenshot - CTRL+8
16:57:18.169 [JavaFX Application Thread] DEBUG Input                - Registered new binding: System info dump - CTRL+9
16:57:18.170 [JavaFX Application Thread] DEBUG Input                - Registered new binding: Restart - CTRL+R
16:57:18.170 [JavaFX Application Thread] DEBUG Input                - Registered new binding: Toggle Debug Camera - CTRL+C
16:57:18.176 [JavaFX Application Thread] DEBUG LoopRunner           - Starting loop
16:57:18.176 [JavaFX Application Thread] DEBUG LoopRunner           - Initializing JavaFX AnimationTimerLoop
16:57:18.179 [JavaFX Application Thread] DEBUG Input                - Clearing active input actions
16:57:18.209 [JavaFX Application Thread] DEBUG GameApplicationServi - Removing overlay from FXGLStartupScene and adding to FXGLMainMenuDummyScene
16:57:18.209 [JavaFX Application Thread] DEBUG PrimaryStageWindow   - FXGLStartupScene -> FXGLMainMenuDummyScene
16:57:18.209 [JavaFX Application Thread] DEBUG PrimaryStageWindow   - Push state: CustomMainMenu
16:57:18.209 [JavaFX Application Thread] DEBUG Input                - Clearing active input actions
16:57:18.229 [JavaFX Application Thread] DEBUG GameApplicationServi - Removing overlay from FXGLMainMenuDummyScene and adding to CustomMainMenu
16:57:18.229 [JavaFX Application Thread] DEBUG PrimaryStageWindow   - FXGLMainMenuDummyScene -> CustomMainMenu
16:57:18.541 [FXGL Background Thread 4 ] DEBUG FXGLAssetLoaderServi - Loading from file system: jar:file:///C:/Users/zyla/.m2/repository/com/github/almasb/fxgl/11.17/fxgl-11.17.jar!/fxglassets/ui/fonts/Abel-Regular.ttf
16:57:18.573 [FXGL Background Thread 4 ] DEBUG FXGLAssetLoaderServi - Loading from file system: jar:file:///C:/Users/zyla/.m2/repository/com/github/almasb/fxgl/11.17/fxgl-11.17.jar!/fxglassets/ui/fonts/lucida_console.ttf
16:57:18.600 [FXGL Background Thread 4 ] DEBUG FXGLAssetLoaderServi - Loading from file system: jar:file:///C:/Users/zyla/.m2/repository/com/github/almasb/fxgl/11.17/fxgl-11.17.jar!/fxglassets/ui/fonts/Courier-Prime.ttf
16:57:18.624 [JavaFX Application Thread] DEBUG FXGLApplication      - Registering font factories with UI factory
16:57:18.865 [JavaFX Application Thread] DEBUG Menu                 - fireNewGame()
16:57:18.865 [JavaFX Application Thread] DEBUG GameApplicationServi - Starting new game
16:57:18.866 [JavaFX Application Thread] DEBUG PrimaryStageWindow   - Pop state: CustomMainMenu
16:57:18.866 [JavaFX Application Thread] DEBUG Input                - Clearing active input actions
16:57:18.867 [JavaFX Application Thread] DEBUG GameApplicationServi - Removing overlay from CustomMainMenu and adding to FXGLMainMenuDummyScene
16:57:18.868 [JavaFX Application Thread] DEBUG PrimaryStageWindow   - FXGLMainMenuDummyScene <- CustomMainMenu
16:57:18.868 [JavaFX Application Thread] DEBUG Input                - Clearing active input actions
16:57:18.886 [JavaFX Application Thread] DEBUG GameApplicationServi - Removing overlay from FXGLMainMenuDummyScene and adding to FXGLLoadingScene
16:57:18.886 [JavaFX Application Thread] DEBUG PrimaryStageWindow   - FXGLMainMenuDummyScene -> FXGLLoadingScene
16:57:18.886 [JavaFX Application Thread] DEBUG GameApplicationServi - Clearing previous game
16:57:18.886 [JavaFX Application Thread] DEBUG GameScene            - Clearing game scene
16:57:18.887 [JavaFX Application Thread] DEBUG GameWorld            - Clearing game world
16:57:18.887 [JavaFX Application Thread] DEBUG PhysicsWorld         - Clearing physics world
16:57:18.889 [FXGL Background Thread 4 ] DEBUG FXGLApplication      - Initializing game
16:57:19.096 [FXGL Background Thread 4 ] WARN  TMXLevelLoader       - TiledMap generated from 1.11.2. Supported version: 1.2.3. Some features may not be parsed fully.
16:57:19.116 [FXGL Background Thread 4 ] DEBUG TMXLevelLoader       - Parsed TiledMap: file:/C:/Users/zyla/demoGame4OOP/target/classes/assets/levels/tmx/map5.tmx
16:57:19.117 [FXGL Background Thread 4 ] DEBUG TMXLevelLoader       - Creating tile layer entities
16:57:19.118 [FXGL Background Thread 4 ] DEBUG TilesetLoader        - Loading view for layer Tile Layer 1
16:57:19.121 [FXGL Background Thread 4 ] DEBUG TilesetLoader        - Created buffer with size 1920.0x1088.0
16:57:19.336 [FXGL Background Thread 4 ] DEBUG TMXLevelLoader       - Creating object layer entities
16:57:19.388 [FXGL Background Thread 4 ] DEBUG GameWorld            - Clearing removable entities
16:57:19.389 [FXGL Background Thread 4 ] DEBUG GameWorld            - Setting level: com.almasb.fxgl.entity.level.Level@23a6a268
16:57:19.431 [FXGL Background Thread 4 ] DEBUG FXGLAssetLoaderServi - Loading from file system: file:/C:/Users/zyla/demoGame4OOP/target/classes/assets/textures/elite/elite_idle.png
16:57:19.439 [FXGL Background Thread 2 ] INFO  UpdaterService       - Your current version:  11.17
16:57:19.441 [FXGL Background Thread 2 ] INFO  UpdaterService       - Latest stable version: 21.1
16:57:19.455 [FXGL Background Thread 4 ] DEBUG FXGLAssetLoaderServi - Loading from file system: file:/C:/Users/zyla/demoGame4OOP/target/classes/assets/textures/elite/elite_walk.png
16:57:19.464 [FXGL Background Thread 4 ] DEBUG FXGLAssetLoaderServi - Loading from file system: file:/C:/Users/zyla/demoGame4OOP/target/classes/assets/textures/elite/elite_attack_enhanced.png
16:57:19.474 [FXGL Background Thread 4 ] DEBUG FXGLAssetLoaderServi - Loading from file system: file:/C:/Users/zyla/demoGame4OOP/target/classes/assets/textures/elite/elite_jump.png
16:57:19.479 [FXGL Background Thread 4 ] DEBUG FXGLAssetLoaderServi - Loading from file system: file:/C:/Users/zyla/demoGame4OOP/target/classes/assets/textures/elite/elite_attack.png
16:57:19.491 [FXGL Background Thread 4 ] DEBUG FXGLAssetLoaderServi - Loading from file system: file:/C:/Users/zyla/demoGame4OOP/target/classes/assets/textures/elite/elite_ult.png
16:57:19.506 [FXGL Background Thread 4 ] DEBUG FXGLAssetLoaderServi - Loading from file system: file:/C:/Users/zyla/demoGame4OOP/target/classes/assets/textures/elite/elite_hit.png
16:57:19.546 [FXGL Background Thread 4 ] DEBUG FXGLAssetLoaderServi - Loading from file system: file:/C:/Users/zyla/demoGame4OOP/target/classes/assets/textures/female/female_idle.png
16:57:19.555 [FXGL Background Thread 4 ] DEBUG FXGLAssetLoaderServi - Loading from file system: file:/C:/Users/zyla/demoGame4OOP/target/classes/assets/textures/female/female_walk.png
16:57:19.562 [FXGL Background Thread 4 ] DEBUG FXGLAssetLoaderServi - Loading from file system: file:/C:/Users/zyla/demoGame4OOP/target/classes/assets/textures/female/female_attack_enhanced.png
16:57:19.569 [FXGL Background Thread 4 ] DEBUG FXGLAssetLoaderServi - Loading from file system: file:/C:/Users/zyla/demoGame4OOP/target/classes/assets/textures/female/female_jump.png
16:57:19.577 [FXGL Background Thread 4 ] DEBUG FXGLAssetLoaderServi - Loading from file system: file:/C:/Users/zyla/demoGame4OOP/target/classes/assets/textures/female/female_attack.png
16:57:19.582 [FXGL Background Thread 4 ] DEBUG FXGLAssetLoaderServi - Loading from file system: file:/C:/Users/zyla/demoGame4OOP/target/classes/assets/textures/female/female_ult.png
16:57:19.591 [FXGL Background Thread 4 ] DEBUG FXGLAssetLoaderServi - Loading from file system: file:/C:/Users/zyla/demoGame4OOP/target/classes/assets/textures/female/female_hit.png
16:57:19.611 [FXGL Background Thread 4 ] INFO  FXGLApplication      - Game initialization took: 0.721 sec
16:57:19.621 [JavaFX Application Thread] DEBUG Input                - Clearing active input actions
16:57:19.633 [JavaFX Application Thread] DEBUG GameApplicationServi - Removing overlay from FXGLLoadingScene and adding to GameScene
16:57:19.634 [JavaFX Application Thread] DEBUG PrimaryStageWindow   - FXGLLoadingScene -> GameScene
16:57:20.953 [FXGL Background Thread 3 ] DEBUG Engine               - Logging environment variables
16:57:20.954 [FXGL Background Thread 3 ] DEBUG Engine               - achievements: []
16:57:20.954 [FXGL Background Thread 3 ] DEBUG Engine               - actualHeight: 720.0
16:57:20.955 [FXGL Background Thread 3 ] DEBUG Engine               - actualHeightProperty: ReadOnlyDoubleProperty [value: 720.0]
16:57:20.955 [FXGL Background Thread 3 ] DEBUG Engine               - actualWidth: 1255.0
16:57:20.955 [FXGL Background Thread 3 ] DEBUG Engine               - actualWidthProperty: ReadOnlyDoubleProperty [value: 1255.0]
16:57:20.955 [FXGL Background Thread 3 ] DEBUG Engine               - appIcon: fxgl_icon.png
16:57:20.955 [FXGL Background Thread 3 ] DEBUG Engine               - applicationMode: DEVELOPER
16:57:20.955 [FXGL Background Thread 3 ] DEBUG Engine               - cSSList: [fxgl_dark.css]
16:57:20.955 [FXGL Background Thread 3 ] DEBUG Engine               - collisionDetectionStrategy: BRUTE_FORCE
16:57:20.955 [FXGL Background Thread 3 ] DEBUG Engine               - configClass: Optional.empty
16:57:20.955 [FXGL Background Thread 3 ] DEBUG Engine               - credits: []
16:57:20.955 [FXGL Background Thread 3 ] DEBUG Engine               - defaultCursor: CursorInfo(imageName=fxgl_default_cursor.png, hotspotX=7.0, hotspotY=6.0)
16:57:20.956 [FXGL Background Thread 3 ] DEBUG Engine               - devBBoxColorProperty: ObjectProperty [value: 0xff0000ff]
16:57:20.956 [FXGL Background Thread 3 ] DEBUG Engine               - devEnableDebugCameraProperty: BooleanProperty [value: false]
16:57:20.956 [FXGL Background Thread 3 ] DEBUG Engine               - devSensorColorProperty: ObjectProperty [value: 0xffff00ff]
16:57:20.956 [FXGL Background Thread 3 ] DEBUG Engine               - devShowBBoxProperty: BooleanProperty [value: false]
16:57:20.956 [FXGL Background Thread 3 ] DEBUG Engine               - devShowPositionProperty: BooleanProperty [value: false]
16:57:20.956 [FXGL Background Thread 3 ] DEBUG Engine               - enabledMenuItems: []
16:57:20.956 [FXGL Background Thread 3 ] DEBUG Engine               - engineServices: [class com.almasb.fxgl.app.services.FXGLAssetLoaderService, class com.almasb.fxgl.app.FXGLApplication$GameApplicationService, class com.almasb.fxgl.app.services.FXGLDialogService, class com.almasb.fxgl.app.services.IOTaskExecutorService, class com.almasb.fxgl.io.FileSystemService, class com.almasb.fxgl.localization.LocalizationService, class com.almasb.fxgl.app.services.SystemBundleService, class com.almasb.fxgl.profile.SaveLoadService, class com.almasb.fxgl.ui.FXGLUIFactoryServiceProvider, class com.almasb.fxgl.ui.FXGLDialogFactoryServiceProvider, class com.almasb.fxgl.audio.AudioPlayer, class com.almasb.fxgl.notification.impl.NotificationServiceProvider, class com.almasb.fxgl.achievement.AchievementService, class com.almasb.fxgl.cutscene.CutsceneService, class com.almasb.fxgl.minigames.MiniGameService, class com.almasb.fxgl.net.NetService, class com.almasb.fxgl.app.services.UpdaterService, class com.almasb.fxgl.dev.DevService]
16:57:20.956 [FXGL Background Thread 3 ] DEBUG Engine               - fontGame: Abel-Regular.ttf
16:57:20.957 [FXGL Background Thread 3 ] DEBUG Engine               - fontMono: lucida_console.ttf
16:57:20.957 [FXGL Background Thread 3 ] DEBUG Engine               - fontText: Courier-Prime.ttf
16:57:20.957 [FXGL Background Thread 3 ] DEBUG Engine               - fontUI: VarelaRound-Regular.ttf
16:57:20.957 [FXGL Background Thread 3 ] DEBUG Engine               - fullScreen: BooleanProperty [value: false]
16:57:20.957 [FXGL Background Thread 3 ] DEBUG Engine               - gameDifficulty: MEDIUM
16:57:20.957 [FXGL Background Thread 3 ] DEBUG Engine               - gameDifficultyProperty: ObjectProperty [value: MEDIUM]
16:57:20.957 [FXGL Background Thread 3 ] DEBUG Engine               - globalMusicVolume: 0.5
16:57:20.957 [FXGL Background Thread 3 ] DEBUG Engine               - globalMusicVolumeProperty: DoubleProperty [value: 0.5]
16:57:20.957 [FXGL Background Thread 3 ] DEBUG Engine               - globalSoundVolume: 0.5
16:57:20.957 [FXGL Background Thread 3 ] DEBUG Engine               - globalSoundVolumeProperty: DoubleProperty [value: 0.5]
16:57:20.957 [FXGL Background Thread 3 ] DEBUG Engine               - height: 1080
16:57:20.957 [FXGL Background Thread 3 ] DEBUG Engine               - is3D: false
16:57:20.957 [FXGL Background Thread 3 ] DEBUG Engine               - isAndroid: false
16:57:20.957 [FXGL Background Thread 3 ] DEBUG Engine               - isBrowser: false
16:57:20.957 [FXGL Background Thread 3 ] DEBUG Engine               - isClickFeedbackEnabled: false
16:57:20.957 [FXGL Background Thread 3 ] DEBUG Engine               - isCloseConfirmation: true
16:57:20.957 [FXGL Background Thread 3 ] DEBUG Engine               - isDesktop: true
16:57:20.958 [FXGL Background Thread 3 ] DEBUG Engine               - isDeveloperMenuEnabled: false
16:57:20.958 [FXGL Background Thread 3 ] DEBUG Engine               - isEntityPreloadEnabled: true
16:57:20.958 [FXGL Background Thread 3 ] DEBUG Engine               - isExperimentalTiledLargeMap: false
16:57:20.958 [FXGL Background Thread 3 ] DEBUG Engine               - isFileSystemWriteAllowed: true
16:57:20.958 [FXGL Background Thread 3 ] DEBUG Engine               - isFullScreenAllowed: false
16:57:20.958 [FXGL Background Thread 3 ] DEBUG Engine               - isFullScreenFromStart: false
16:57:20.958 [FXGL Background Thread 3 ] DEBUG Engine               - isGameMenuEnabled: false
16:57:20.958 [FXGL Background Thread 3 ] DEBUG Engine               - isIOS: false
16:57:20.958 [FXGL Background Thread 3 ] DEBUG Engine               - isIntroEnabled: false
16:57:20.958 [FXGL Background Thread 3 ] DEBUG Engine               - isLinux: false
16:57:20.958 [FXGL Background Thread 3 ] DEBUG Engine               - isMac: false
16:57:20.958 [FXGL Background Thread 3 ] DEBUG Engine               - isMainMenuEnabled: true
16:57:20.958 [FXGL Background Thread 3 ] DEBUG Engine               - isManualResizeEnabled: false
16:57:20.958 [FXGL Background Thread 3 ] DEBUG Engine               - isMobile: false
16:57:20.958 [FXGL Background Thread 3 ] DEBUG Engine               - isNative: false
16:57:20.958 [FXGL Background Thread 3 ] DEBUG Engine               - isPauseMusicWhenMinimized: true
16:57:20.958 [FXGL Background Thread 3 ] DEBUG Engine               - isPreserveResizeRatio: false
16:57:20.958 [FXGL Background Thread 3 ] DEBUG Engine               - isProfilingEnabled: false
16:57:20.958 [FXGL Background Thread 3 ] DEBUG Engine               - isScaleAffectedOnResize: true
16:57:20.959 [FXGL Background Thread 3 ] DEBUG Engine               - isSingleStep: false
16:57:20.959 [FXGL Background Thread 3 ] DEBUG Engine               - isUserProfileEnabled: false
16:57:20.959 [FXGL Background Thread 3 ] DEBUG Engine               - isWindows: true
16:57:20.959 [FXGL Background Thread 3 ] DEBUG Engine               - language: ObjectProperty [value: ENGLISH]
16:57:20.959 [FXGL Background Thread 3 ] DEBUG Engine               - menuKey: ESCAPE
16:57:20.959 [FXGL Background Thread 3 ] DEBUG Engine               - mouseSensitivity: 0.2
16:57:20.959 [FXGL Background Thread 3 ] DEBUG Engine               - notificationViewClass: class com.almasb.fxgl.notification.view.XboxNotificationView
16:57:20.959 [FXGL Background Thread 3 ] DEBUG Engine               - pixelsPerMeter: 50.0
16:57:20.959 [FXGL Background Thread 3 ] DEBUG Engine               - platform: WINDOWS
16:57:20.959 [FXGL Background Thread 3 ] DEBUG Engine               - prefHeightProperty: ReadOnlyDoubleProperty [value: 1080.0]
16:57:20.959 [FXGL Background Thread 3 ] DEBUG Engine               - prefWidthProperty: ReadOnlyDoubleProperty [value: 1920.0]
16:57:20.959 [FXGL Background Thread 3 ] DEBUG Engine               - profileDir: profiles/
16:57:20.959 [FXGL Background Thread 3 ] DEBUG Engine               - profileName: StringProperty [value: DEFAULT]
16:57:20.959 [FXGL Background Thread 3 ] DEBUG Engine               - randomSeed: -1
16:57:20.959 [FXGL Background Thread 3 ] DEBUG Engine               - runtimeInfo: RuntimeInfo(platform=WINDOWS, version=11.17, build=16.07.2021 15.46)
16:57:20.959 [FXGL Background Thread 3 ] DEBUG Engine               - saveFileExt: sav
16:57:20.959 [FXGL Background Thread 3 ] DEBUG Engine               - scaledHeightProp$fxgl: DoubleProperty [bound, value: 720.0]
16:57:20.959 [FXGL Background Thread 3 ] DEBUG Engine               - scaledWidthProp$fxgl: DoubleProperty [bound, value: 1255.0]
16:57:20.959 [FXGL Background Thread 3 ] DEBUG Engine               - sceneFactory: com.example.demo.Factory.MySceneFactory@4be344f1
16:57:20.959 [FXGL Background Thread 3 ] DEBUG Engine               - secondsIn24h: 60
16:57:20.959 [FXGL Background Thread 3 ] DEBUG Engine               - soundMenuBack: menu/back.wav
16:57:20.959 [FXGL Background Thread 3 ] DEBUG Engine               - soundMenuPress: menu/press.wav
16:57:20.959 [FXGL Background Thread 3 ] DEBUG Engine               - soundMenuSelect: menu/select.wav
16:57:20.959 [FXGL Background Thread 3 ] DEBUG Engine               - soundNotification: core/notification.wav
16:57:20.959 [FXGL Background Thread 3 ] DEBUG Engine               - stageStyle: DECORATED
16:57:20.959 [FXGL Background Thread 3 ] DEBUG Engine               - supportedLanguages: [ENGLISH, FRENCH, GERMAN, HUNGARIAN, RUSSIAN]
16:57:20.959 [FXGL Background Thread 3 ] DEBUG Engine               - ticksPerSecond: -1
16:57:20.961 [FXGL Background Thread 3 ] DEBUG Engine               - title: Stictactics
16:57:20.961 [FXGL Background Thread 3 ] DEBUG Engine               - urlGithub: https://github.com/AlmasB/FXGL
16:57:20.961 [FXGL Background Thread 3 ] DEBUG Engine               - urlLeaderboard: http://fxgl-top.herokuapp.com/
16:57:20.961 [FXGL Background Thread 3 ] DEBUG Engine               - urlPOM: https://raw.githubusercontent.com/AlmasB/FXGL/release/README.md
16:57:20.961 [FXGL Background Thread 3 ] DEBUG Engine               - userAppClass: class com.example.demo.HelloController
16:57:20.961 [FXGL Background Thread 3 ] DEBUG Engine               - version: 0.0
16:57:20.961 [FXGL Background Thread 3 ] DEBUG Engine               - versionCheckDays: 7
16:57:20.961 [FXGL Background Thread 3 ] DEBUG Engine               - width: 1920
16:57:20.961 [FXGL Background Thread 3 ] DEBUG Engine               - Logging services
16:57:20.961 [FXGL Background Thread 3 ] DEBUG Engine               - class com.almasb.fxgl.app.services.FXGLAssetLoaderService
16:57:20.961 [FXGL Background Thread 3 ] DEBUG Engine               - class com.almasb.fxgl.app.FXGLApplication$GameApplicationService
16:57:20.961 [FXGL Background Thread 3 ] DEBUG Engine               - class com.almasb.fxgl.app.services.FXGLDialogService
16:57:20.961 [FXGL Background Thread 3 ] DEBUG Engine               - class com.almasb.fxgl.app.services.IOTaskExecutorService
16:57:20.961 [FXGL Background Thread 3 ] DEBUG Engine               - class com.almasb.fxgl.io.FileSystemService
16:57:20.961 [FXGL Background Thread 3 ] DEBUG Engine               - class com.almasb.fxgl.localization.LocalizationService
16:57:20.961 [FXGL Background Thread 3 ] DEBUG Engine               - class com.almasb.fxgl.app.services.SystemBundleService
16:57:20.961 [FXGL Background Thread 3 ] DEBUG Engine               - class com.almasb.fxgl.profile.SaveLoadService
16:57:20.961 [FXGL Background Thread 3 ] DEBUG Engine               - class com.almasb.fxgl.ui.FXGLUIFactoryServiceProvider
16:57:20.961 [FXGL Background Thread 3 ] DEBUG Engine               - class com.almasb.fxgl.ui.FXGLDialogFactoryServiceProvider
16:57:20.961 [FXGL Background Thread 3 ] DEBUG Engine               - class com.almasb.fxgl.audio.AudioPlayer
16:57:20.961 [FXGL Background Thread 3 ] DEBUG Engine               - class com.almasb.fxgl.notification.impl.NotificationServiceProvider
16:57:20.961 [FXGL Background Thread 3 ] DEBUG Engine               - class com.almasb.fxgl.achievement.AchievementService
16:57:20.962 [FXGL Background Thread 3 ] DEBUG Engine               - class com.almasb.fxgl.cutscene.CutsceneService
16:57:20.962 [FXGL Background Thread 3 ] DEBUG Engine               - class com.almasb.fxgl.minigames.MiniGameService
16:57:20.962 [FXGL Background Thread 3 ] DEBUG Engine               - class com.almasb.fxgl.net.NetService
16:57:20.962 [FXGL Background Thread 3 ] DEBUG Engine               - class com.almasb.fxgl.app.services.UpdaterService
16:57:20.962 [FXGL Background Thread 3 ] DEBUG Engine               - class com.almasb.fxgl.dev.DevService
16:57:38.678 [JavaFX Application Thread] DEBUG LoopRunner           - Pausing loop
16:57:38.687 [JavaFX Application Thread] DEBUG LoopRunner           - Pausing loop
16:57:39.710 [JavaFX Application Thread] DEBUG LoopRunner           - Resuming loop
16:57:39.710 [JavaFX Application Thread] DEBUG GameApplicationServi - Starting new game
16:57:39.710 [JavaFX Application Thread] DEBUG Input                - Clearing active input actions
16:57:39.720 [JavaFX Application Thread] DEBUG GameApplicationServi - Removing overlay from GameScene and adding to FXGLLoadingScene
16:57:39.720 [JavaFX Application Thread] DEBUG PrimaryStageWindow   - GameScene -> FXGLLoadingScene
16:57:39.720 [JavaFX Application Thread] DEBUG GameApplicationServi - Clearing previous game
16:57:39.720 [JavaFX Application Thread] DEBUG GameScene            - Clearing game scene
16:57:39.720 [JavaFX Application Thread] DEBUG GameWorld            - Clearing game world
16:57:39.723 [JavaFX Application Thread] DEBUG PhysicsWorld         - Clearing physics world
16:57:39.723 [FXGL Background Thread 4 ] DEBUG FXGLApplication      - Initializing game
16:57:39.732 [FXGL Background Thread 4 ] WARN  TMXLevelLoader       - TiledMap generated from 1.11.2. Supported version: 1.2.3. Some features may not be parsed fully.
16:57:39.743 [FXGL Background Thread 4 ] DEBUG TMXLevelLoader       - Parsed TiledMap: file:/C:/Users/zyla/demoGame4OOP/target/classes/assets/levels/tmx/map3.tmx
16:57:39.743 [FXGL Background Thread 4 ] DEBUG TMXLevelLoader       - Creating tile layer entities
16:57:39.744 [FXGL Background Thread 4 ] DEBUG TilesetLoader        - Loading view for layer Tile Layer 1
16:57:39.745 [FXGL Background Thread 4 ] DEBUG TilesetLoader        - Created buffer with size 1920.0x1088.0
16:57:39.855 [FXGL Background Thread 4 ] DEBUG TMXLevelLoader       - Creating object layer entities
16:57:39.857 [FXGL Background Thread 4 ] DEBUG GameWorld            - Clearing removable entities
16:57:39.857 [FXGL Background Thread 4 ] DEBUG GameWorld            - Setting level: com.almasb.fxgl.entity.level.Level@3590d953
16:57:39.865 [FXGL Background Thread 4 ] INFO  FXGLApplication      - Game initialization took: 0.143 sec
16:57:39.869 [JavaFX Application Thread] DEBUG Input                - Clearing active input actions
16:57:39.876 [JavaFX Application Thread] DEBUG GameApplicationServi - Removing overlay from FXGLLoadingScene and adding to GameScene
16:57:39.876 [JavaFX Application Thread] DEBUG PrimaryStageWindow   - FXGLLoadingScene -> GameScene
16:57:40.416 [JavaFX Application Thread] DEBUG PrimaryStageWindow   - Push state: DialogSubScene
16:57:40.416 [JavaFX Application Thread] DEBUG Input                - Clearing active input actions
16:57:40.417 [JavaFX Application Thread] DEBUG GameApplicationServi - Removing overlay from GameScene and adding to DialogSubScene
16:57:40.417 [JavaFX Application Thread] DEBUG PrimaryStageWindow   - GameScene -> DialogSubScene
16:57:41.091 [JavaFX Application Thread] DEBUG PrimaryStageWindow   - Pop state: DialogSubScene
16:57:41.091 [JavaFX Application Thread] DEBUG Input                - Clearing active input actions
16:57:41.091 [JavaFX Application Thread] DEBUG GameApplicationServi - Removing overlay from DialogSubScene and adding to GameScene
16:57:41.092 [JavaFX Application Thread] DEBUG PrimaryStageWindow   - GameScene <- DialogSubScene
16:57:41.092 [JavaFX Application Thread] DEBUG FXGLApplication      - Exiting FXGL
16:57:41.092 [JavaFX Application Thread] DEBUG LoopRunner           - Stopping loop
16:57:41.092 [JavaFX Application Thread] DEBUG SystemBundleService  - Saving FXGL system data
16:57:41.094 [JavaFX Application Thread] DEBUG FileSystemAccess     - Writing to: C:\Users\zyla\demoGame4OOP\system\fxgl.bundle
16:57:41.097 [JavaFX Application Thread] DEBUG Async                - Shutting down background threads
16:57:41.097 [JavaFX Application Thread] DEBUG PrimaryStageWindow   - Closing main window
16:57:41.122 [JavaFX Application Thread] DEBUG Logger               - Closing Logger
