08:33:32.430 [main                     ] DEBUG Logger               - Configured Logger
08:33:32.432 [main                     ] DEBUG GameApplication      - Logging settings
Title: Stictactics
Version: 0.0
Width: 1920
Height: 1080
Fullscreen: false
Intro: false
Profiling: false
Single step:false
App Mode: DEVELOPER
Menu Key: ESCAPE
Stage Style: DECORATED
Scene Factory: class com.example.demo.Factory.MySceneFactory

08:33:32.837 [JavaFX Application Thread] DEBUG FXGLApplication      - Initializing FXGL
08:33:32.839 [JavaFX Application Thread] INFO  Engine               - FXGL-11.17 (16.07.2021 15.46) on WINDOWS (J:23.0.2 FX:17.0.6)
08:33:32.839 [JavaFX Application Thread] DEBUG Engine               - JRE Vendor Name: Amazon.com Inc.
08:33:32.839 [JavaFX Application Thread] DEBUG Engine               - Running on OS: Windows 11 version 10.0
08:33:32.839 [JavaFX Application Thread] DEBUG Engine               - Architecture: amd64
08:33:32.841 [JavaFX Application Thread] INFO  Engine               - Source code and latest versions at: https://github.com/AlmasB/FXGL
08:33:32.841 [JavaFX Application Thread] INFO  Engine               -              Join the FXGL chat at: https://gitter.im/AlmasB/FXGL
08:33:32.943 [JavaFX Application Thread] DEBUG PrimaryStageWindow   - Creating a JavaFX scene
08:33:32.943 [JavaFX Application Thread] DEBUG PrimaryStageWindow   - Target size > screen size
08:33:32.996 [JavaFX Application Thread] DEBUG PrimaryStageWindow   - Target settings size: 1920.0 x 1080.0
08:33:32.996 [JavaFX Application Thread] DEBUG PrimaryStageWindow   - Scaled scene size:    1255.0 x 720.0
08:33:32.996 [JavaFX Application Thread] DEBUG PrimaryStageWindow   - Scaled ratio: (0.6536458333333334, 0.6666666666666666)
08:33:32.997 [JavaFX Application Thread] DEBUG PrimaryStageWindow   - Set initial scene to FXGLStartupScene
08:33:33.006 [JavaFX Application Thread] DEBUG PrimaryStageWindow   - Opening main window
08:33:33.109 [JavaFX Application Thread] DEBUG PrimaryStageWindow   - Window border size: (16.0, 39.0)
08:33:33.109 [JavaFX Application Thread] DEBUG PrimaryStageWindow   - Scaled size: 1255.0 x 720.0
08:33:33.109 [JavaFX Application Thread] DEBUG PrimaryStageWindow   - Scaled ratio: (0.6536458333333334, 0.6666666666666666)
08:33:33.110 [JavaFX Application Thread] DEBUG PrimaryStageWindow   - Scene size: 1255.0 x 720.0
08:33:33.111 [JavaFX Application Thread] DEBUG PrimaryStageWindow   - Stage size: 1271.0 x 759.0
08:33:33.122 [FXGL Background Thread 1 ] DEBUG Engine               - Initializing environment variables
08:33:33.256 [FXGL Background Thread 1 ] DEBUG FXGLAssetLoaderServi - User app class for loading assets: class com.example.demo.HelloController
08:33:33.257 [FXGL Background Thread 1 ] DEBUG GameApplicationServi - Applying CSS: fxgl_dark.css
08:33:33.257 [FXGL Background Thread 1 ] DEBUG FXGLAssetLoaderServi - Loading from file system: jar:file:///C:/Users/zyla/.m2/repository/com/github/almasb/fxgl/11.17/fxgl-11.17.jar!/fxglassets/ui/css/fxgl_dark.css
08:33:33.322 [FXGL Background Thread 1 ] DEBUG GameApplicationServi - Initializing application scenes
08:33:33.442 [FXGL Background Thread 1 ] DEBUG GameWorld            - Game world initialized
08:33:33.528 [FXGL Background Thread 1 ] DEBUG PhysicsWorld         - Physics world initialized: appHeight=1080, physics.ppm=50.0
08:33:33.528 [FXGL Background Thread 1 ] DEBUG PhysicsWorld         - Using strategy: BRUTE_FORCE
08:33:33.531 [FXGL Background Thread 1 ] DEBUG GameScene            - Game scene initialized: 1920x1080
08:33:33.710 [FXGL Background Thread 1 ] DEBUG GameApplicationServi - Application scenes initialized
08:33:33.726 [FXGL Background Thread 1 ] DEBUG SystemBundleService  - Loading FXGL system data
08:33:33.733 [FXGL Background Thread 1 ] DEBUG FileSystemAccess     - Reading from: C:\Users\zyla\demoGame4OOP\system\fxgl.bundle
08:33:33.745 [FXGL Background Thread 1 ] DEBUG SystemBundleService  - Bundle FXGL: {}
08:33:33.745 [FXGL Background Thread 1 ] DEBUG UpdaterService       - Checking for updates
08:33:33.753 [FXGL Background Thread 1 ] DEBUG FXGLApplication      - Loading default localization
08:33:33.753 [FXGL Background Thread 1 ] DEBUG FXGLAssetLoaderServi - Loading from file system: jar:file:///C:/Users/zyla/.m2/repository/com/github/almasb/fxgl/11.17/fxgl-11.17.jar!/fxglassets/languages/english.lang
08:33:33.754 [FXGL Background Thread 4 ] DEBUG FXGLApplication      - Loading fonts
08:33:33.755 [FXGL Background Thread 4 ] DEBUG FXGLAssetLoaderServi - Loading from file system: jar:file:///C:/Users/zyla/.m2/repository/com/github/almasb/fxgl/11.17/fxgl-11.17.jar!/fxglassets/ui/fonts/VarelaRound-Regular.ttf
08:33:33.790 [FXGL Background Thread 1 ] INFO  FXGLApplication      - FXGL initialization took: 0.667 sec
08:33:33.813 [JavaFX Application Thread] DEBUG Input                - Registered new binding: Pause Game - Esc
08:33:33.813 [JavaFX Application Thread] DEBUG Input                - Registered new binding: P1Left - A
08:33:33.813 [JavaFX Application Thread] DEBUG Input                - Registered new binding: P1Right - D
08:33:33.813 [JavaFX Application Thread] DEBUG Input                - Registered new binding: P1Jump - W
08:33:33.814 [JavaFX Application Thread] DEBUG Input                - Registered new binding: P1Punch - F
08:33:33.814 [JavaFX Application Thread] DEBUG Input                - Registered new binding: P1EnhancedPunch - E
08:33:33.814 [JavaFX Application Thread] DEBUG Input                - Registered new binding: P1Ult - Q
08:33:33.814 [JavaFX Application Thread] DEBUG Input                - Registered new binding: P2Left - Left
08:33:33.815 [JavaFX Application Thread] DEBUG Input                - Registered new binding: P2Right - Right
08:33:33.815 [JavaFX Application Thread] DEBUG Input                - Registered new binding: P2Jump - Up
08:33:33.815 [JavaFX Application Thread] DEBUG Input                - Registered new binding: P2Punch - H
08:33:33.815 [JavaFX Application Thread] DEBUG Input                - Registered new binding: P2EnhancedPunch - U
08:33:33.815 [JavaFX Application Thread] DEBUG Input                - Registered new binding: P2Ult - O
08:33:33.825 [JavaFX Application Thread] WARN  FXGLAssetLoaderServi - Asset "/assets/textures//assets/textures/background-intro.mp4" was not found!
08:33:33.826 [JavaFX Application Thread] WARN  FXGLAssetLoaderServi - Failed to load IMAGE
08:33:33.861 [JavaFX Application Thread] DEBUG FXGLAssetLoaderServi - Loading from file system: jar:file:///C:/Users/zyla/.m2/repository/com/github/almasb/fxgl/11.17/fxgl-11.17.jar!/fxglassets/textures/fxgl_icon.png
08:33:33.935 [JavaFX Application Thread] DEBUG FXGLAssetLoaderServi - Loading from file system: jar:file:///C:/Users/zyla/.m2/repository/com/github/almasb/fxgl/11.17/fxgl-11.17.jar!/fxglassets/textures/fxgl_default_cursor.png
08:33:33.940 [JavaFX Application Thread] DEBUG Input                - Registered new binding: Screenshot - CTRL+8
08:33:33.941 [JavaFX Application Thread] DEBUG Input                - Registered new binding: System info dump - CTRL+9
08:33:33.943 [JavaFX Application Thread] DEBUG Input                - Registered new binding: Restart - CTRL+R
08:33:33.945 [JavaFX Application Thread] DEBUG Input                - Registered new binding: Toggle Debug Camera - CTRL+C
08:33:33.950 [JavaFX Application Thread] DEBUG LoopRunner           - Starting loop
08:33:33.950 [JavaFX Application Thread] DEBUG LoopRunner           - Initializing JavaFX AnimationTimerLoop
08:33:33.967 [JavaFX Application Thread] DEBUG Input                - Clearing active input actions
08:33:34.020 [JavaFX Application Thread] DEBUG GameApplicationServi - Removing overlay from FXGLStartupScene and adding to FXGLMainMenuDummyScene
08:33:34.021 [JavaFX Application Thread] DEBUG PrimaryStageWindow   - FXGLStartupScene -> FXGLMainMenuDummyScene
08:33:34.021 [JavaFX Application Thread] DEBUG PrimaryStageWindow   - Push state: CustomMainMenu
08:33:34.021 [JavaFX Application Thread] DEBUG Input                - Clearing active input actions
08:33:34.038 [JavaFX Application Thread] DEBUG GameApplicationServi - Removing overlay from FXGLMainMenuDummyScene and adding to CustomMainMenu
08:33:34.039 [JavaFX Application Thread] DEBUG PrimaryStageWindow   - FXGLMainMenuDummyScene -> CustomMainMenu
08:33:34.369 [FXGL Background Thread 4 ] DEBUG FXGLAssetLoaderServi - Loading from file system: jar:file:///C:/Users/zyla/.m2/repository/com/github/almasb/fxgl/11.17/fxgl-11.17.jar!/fxglassets/ui/fonts/Abel-Regular.ttf
08:33:34.390 [FXGL Background Thread 4 ] DEBUG FXGLAssetLoaderServi - Loading from file system: jar:file:///C:/Users/zyla/.m2/repository/com/github/almasb/fxgl/11.17/fxgl-11.17.jar!/fxglassets/ui/fonts/lucida_console.ttf
08:33:34.415 [FXGL Background Thread 4 ] DEBUG FXGLAssetLoaderServi - Loading from file system: jar:file:///C:/Users/zyla/.m2/repository/com/github/almasb/fxgl/11.17/fxgl-11.17.jar!/fxglassets/ui/fonts/Courier-Prime.ttf
08:33:34.441 [JavaFX Application Thread] DEBUG FXGLApplication      - Registering font factories with UI factory
08:33:34.969 [JavaFX Application Thread] DEBUG Menu                 - fireNewGame()
08:33:34.969 [JavaFX Application Thread] DEBUG GameApplicationServi - Starting new game
08:33:34.969 [JavaFX Application Thread] DEBUG PrimaryStageWindow   - Pop state: CustomMainMenu
08:33:34.969 [JavaFX Application Thread] DEBUG Input                - Clearing active input actions
08:33:34.970 [JavaFX Application Thread] DEBUG GameApplicationServi - Removing overlay from CustomMainMenu and adding to FXGLMainMenuDummyScene
08:33:34.972 [JavaFX Application Thread] DEBUG PrimaryStageWindow   - FXGLMainMenuDummyScene <- CustomMainMenu
08:33:34.972 [JavaFX Application Thread] DEBUG Input                - Clearing active input actions
08:33:34.986 [JavaFX Application Thread] DEBUG GameApplicationServi - Removing overlay from FXGLMainMenuDummyScene and adding to FXGLLoadingScene
08:33:34.986 [JavaFX Application Thread] DEBUG PrimaryStageWindow   - FXGLMainMenuDummyScene -> FXGLLoadingScene
08:33:34.986 [JavaFX Application Thread] DEBUG GameApplicationServi - Clearing previous game
08:33:34.986 [JavaFX Application Thread] DEBUG GameScene            - Clearing game scene
08:33:34.986 [JavaFX Application Thread] DEBUG GameWorld            - Clearing game world
08:33:34.986 [JavaFX Application Thread] DEBUG PhysicsWorld         - Clearing physics world
08:33:34.993 [FXGL Background Thread 4 ] DEBUG FXGLApplication      - Initializing game
08:33:35.248 [FXGL Background Thread 4 ] WARN  TMXLevelLoader       - TiledMap generated from 1.11.2. Supported version: 1.2.3. Some features may not be parsed fully.
08:33:35.273 [FXGL Background Thread 4 ] DEBUG TMXLevelLoader       - Parsed TiledMap: file:/C:/Users/zyla/demoGame4OOP/target/classes/assets/levels/tmx/map6.tmx
08:33:35.274 [FXGL Background Thread 4 ] DEBUG TMXLevelLoader       - Creating tile layer entities
08:33:35.275 [FXGL Background Thread 4 ] DEBUG TilesetLoader        - Loading view for layer Tile Layer 1
08:33:35.277 [FXGL Background Thread 4 ] DEBUG TilesetLoader        - Created buffer with size 1920.0x1088.0
08:33:35.480 [FXGL Background Thread 4 ] DEBUG TMXLevelLoader       - Creating object layer entities
08:33:35.516 [FXGL Background Thread 4 ] DEBUG GameWorld            - Clearing removable entities
08:33:35.518 [FXGL Background Thread 4 ] DEBUG GameWorld            - Setting level: com.almasb.fxgl.entity.level.Level@755ea53
08:33:35.559 [FXGL Background Thread 4 ] DEBUG FXGLAssetLoaderServi - Loading from file system: file:/C:/Users/zyla/demoGame4OOP/target/classes/assets/textures/character_2/knight_idle.png
08:33:35.565 [FXGL Background Thread 2 ] INFO  UpdaterService       - Your current version:  11.17
08:33:35.565 [FXGL Background Thread 2 ] INFO  UpdaterService       - Latest stable version: 21.1
08:33:35.575 [FXGL Background Thread 4 ] DEBUG FXGLAssetLoaderServi - Loading from file system: file:/C:/Users/zyla/demoGame4OOP/target/classes/assets/textures/character_2/knight_walk.png
08:33:35.587 [FXGL Background Thread 4 ] DEBUG FXGLAssetLoaderServi - Loading from file system: file:/C:/Users/zyla/demoGame4OOP/target/classes/assets/textures/fighter_attack_enhanced_p2.png
08:33:35.600 [FXGL Background Thread 4 ] DEBUG FXGLAssetLoaderServi - Loading from file system: file:/C:/Users/zyla/demoGame4OOP/target/classes/assets/textures/character_2/knight_jump.png
08:33:35.606 [FXGL Background Thread 4 ] DEBUG FXGLAssetLoaderServi - Loading from file system: file:/C:/Users/zyla/demoGame4OOP/target/classes/assets/textures/character_2/knight_combo.png
08:33:35.617 [FXGL Background Thread 4 ] DEBUG FXGLAssetLoaderServi - Loading from file system: file:/C:/Users/zyla/demoGame4OOP/target/classes/assets/textures/fighter_ult_P2.png
08:33:35.657 [FXGL Background Thread 4 ] DEBUG FXGLAssetLoaderServi - Loading from file system: file:/C:/Users/zyla/demoGame4OOP/target/classes/assets/textures/fighter_hit.png
08:33:35.674 [FXGL Background Thread 4 ] DEBUG FXGLAssetLoaderServi - Loading from file system: file:/C:/Users/zyla/demoGame4OOP/target/classes/assets/textures/fighter_idle_P2.png
08:33:35.683 [FXGL Background Thread 4 ] DEBUG FXGLAssetLoaderServi - Loading from file system: file:/C:/Users/zyla/demoGame4OOP/target/classes/assets/textures/fighter_walk_P2.png
08:33:35.699 [FXGL Background Thread 4 ] DEBUG FXGLAssetLoaderServi - Loading from file system: file:/C:/Users/zyla/demoGame4OOP/target/classes/assets/textures/fighter_jump_P2.png
08:33:35.708 [FXGL Background Thread 4 ] DEBUG FXGLAssetLoaderServi - Loading from file system: file:/C:/Users/zyla/demoGame4OOP/target/classes/assets/textures/fighter_attack_P2.png
08:33:35.739 [FXGL Background Thread 4 ] INFO  FXGLApplication      - Game initialization took: 0.746 sec
08:33:35.749 [JavaFX Application Thread] DEBUG Input                - Clearing active input actions
08:33:35.773 [JavaFX Application Thread] DEBUG GameApplicationServi - Removing overlay from FXGLLoadingScene and adding to GameScene
08:33:35.774 [JavaFX Application Thread] DEBUG PrimaryStageWindow   - FXGLLoadingScene -> GameScene
08:33:36.750 [FXGL Background Thread 3 ] DEBUG Engine               - Logging environment variables
08:33:36.751 [FXGL Background Thread 3 ] DEBUG Engine               - achievements: []
08:33:36.751 [FXGL Background Thread 3 ] DEBUG Engine               - actualHeight: 720.0
08:33:36.751 [FXGL Background Thread 3 ] DEBUG Engine               - actualHeightProperty: ReadOnlyDoubleProperty [value: 720.0]
08:33:36.751 [FXGL Background Thread 3 ] DEBUG Engine               - actualWidth: 1255.0
08:33:36.751 [FXGL Background Thread 3 ] DEBUG Engine               - actualWidthProperty: ReadOnlyDoubleProperty [value: 1255.0]
08:33:36.751 [FXGL Background Thread 3 ] DEBUG Engine               - appIcon: fxgl_icon.png
08:33:36.751 [FXGL Background Thread 3 ] DEBUG Engine               - applicationMode: DEVELOPER
08:33:36.751 [FXGL Background Thread 3 ] DEBUG Engine               - cSSList: [fxgl_dark.css]
08:33:36.752 [FXGL Background Thread 3 ] DEBUG Engine               - collisionDetectionStrategy: BRUTE_FORCE
08:33:36.752 [FXGL Background Thread 3 ] DEBUG Engine               - configClass: Optional.empty
08:33:36.752 [FXGL Background Thread 3 ] DEBUG Engine               - credits: []
08:33:36.752 [FXGL Background Thread 3 ] DEBUG Engine               - defaultCursor: CursorInfo(imageName=fxgl_default_cursor.png, hotspotX=7.0, hotspotY=6.0)
08:33:36.752 [FXGL Background Thread 3 ] DEBUG Engine               - devBBoxColorProperty: ObjectProperty [value: 0xff0000ff]
08:33:36.752 [FXGL Background Thread 3 ] DEBUG Engine               - devEnableDebugCameraProperty: BooleanProperty [value: false]
08:33:36.753 [FXGL Background Thread 3 ] DEBUG Engine               - devSensorColorProperty: ObjectProperty [value: 0xffff00ff]
08:33:36.753 [FXGL Background Thread 3 ] DEBUG Engine               - devShowBBoxProperty: BooleanProperty [value: false]
08:33:36.753 [FXGL Background Thread 3 ] DEBUG Engine               - devShowPositionProperty: BooleanProperty [value: false]
08:33:36.753 [FXGL Background Thread 3 ] DEBUG Engine               - enabledMenuItems: []
08:33:36.753 [FXGL Background Thread 3 ] DEBUG Engine               - engineServices: [class com.almasb.fxgl.app.services.FXGLAssetLoaderService, class com.almasb.fxgl.app.FXGLApplication$GameApplicationService, class com.almasb.fxgl.app.services.FXGLDialogService, class com.almasb.fxgl.app.services.IOTaskExecutorService, class com.almasb.fxgl.io.FileSystemService, class com.almasb.fxgl.localization.LocalizationService, class com.almasb.fxgl.app.services.SystemBundleService, class com.almasb.fxgl.profile.SaveLoadService, class com.almasb.fxgl.ui.FXGLUIFactoryServiceProvider, class com.almasb.fxgl.ui.FXGLDialogFactoryServiceProvider, class com.almasb.fxgl.audio.AudioPlayer, class com.almasb.fxgl.notification.impl.NotificationServiceProvider, class com.almasb.fxgl.achievement.AchievementService, class com.almasb.fxgl.cutscene.CutsceneService, class com.almasb.fxgl.minigames.MiniGameService, class com.almasb.fxgl.net.NetService, class com.almasb.fxgl.app.services.UpdaterService, class com.almasb.fxgl.dev.DevService]
08:33:36.753 [FXGL Background Thread 3 ] DEBUG Engine               - fontGame: Abel-Regular.ttf
08:33:36.753 [FXGL Background Thread 3 ] DEBUG Engine               - fontMono: lucida_console.ttf
08:33:36.753 [FXGL Background Thread 3 ] DEBUG Engine               - fontText: Courier-Prime.ttf
08:33:36.753 [FXGL Background Thread 3 ] DEBUG Engine               - fontUI: VarelaRound-Regular.ttf
08:33:36.753 [FXGL Background Thread 3 ] DEBUG Engine               - fullScreen: BooleanProperty [value: false]
08:33:36.753 [FXGL Background Thread 3 ] DEBUG Engine               - gameDifficulty: MEDIUM
08:33:36.753 [FXGL Background Thread 3 ] DEBUG Engine               - gameDifficultyProperty: ObjectProperty [value: MEDIUM]
08:33:36.753 [FXGL Background Thread 3 ] DEBUG Engine               - globalMusicVolume: 0.5
08:33:36.754 [FXGL Background Thread 3 ] DEBUG Engine               - globalMusicVolumeProperty: DoubleProperty [value: 0.5]
08:33:36.754 [FXGL Background Thread 3 ] DEBUG Engine               - globalSoundVolume: 0.5
08:33:36.754 [FXGL Background Thread 3 ] DEBUG Engine               - globalSoundVolumeProperty: DoubleProperty [value: 0.5]
08:33:36.754 [FXGL Background Thread 3 ] DEBUG Engine               - height: 1080
08:33:36.754 [FXGL Background Thread 3 ] DEBUG Engine               - is3D: false
08:33:36.754 [FXGL Background Thread 3 ] DEBUG Engine               - isAndroid: false
08:33:36.754 [FXGL Background Thread 3 ] DEBUG Engine               - isBrowser: false
08:33:36.754 [FXGL Background Thread 3 ] DEBUG Engine               - isClickFeedbackEnabled: false
08:33:36.754 [FXGL Background Thread 3 ] DEBUG Engine               - isCloseConfirmation: true
08:33:36.754 [FXGL Background Thread 3 ] DEBUG Engine               - isDesktop: true
08:33:36.754 [FXGL Background Thread 3 ] DEBUG Engine               - isDeveloperMenuEnabled: false
08:33:36.754 [FXGL Background Thread 3 ] DEBUG Engine               - isEntityPreloadEnabled: true
08:33:36.754 [FXGL Background Thread 3 ] DEBUG Engine               - isExperimentalTiledLargeMap: false
08:33:36.754 [FXGL Background Thread 3 ] DEBUG Engine               - isFileSystemWriteAllowed: true
08:33:36.754 [FXGL Background Thread 3 ] DEBUG Engine               - isFullScreenAllowed: false
08:33:36.754 [FXGL Background Thread 3 ] DEBUG Engine               - isFullScreenFromStart: false
08:33:36.754 [FXGL Background Thread 3 ] DEBUG Engine               - isGameMenuEnabled: false
08:33:36.755 [FXGL Background Thread 3 ] DEBUG Engine               - isIOS: false
08:33:36.755 [FXGL Background Thread 3 ] DEBUG Engine               - isIntroEnabled: false
08:33:36.755 [FXGL Background Thread 3 ] DEBUG Engine               - isLinux: false
08:33:36.755 [FXGL Background Thread 3 ] DEBUG Engine               - isMac: false
08:33:36.755 [FXGL Background Thread 3 ] DEBUG Engine               - isMainMenuEnabled: true
08:33:36.755 [FXGL Background Thread 3 ] DEBUG Engine               - isManualResizeEnabled: false
08:33:36.755 [FXGL Background Thread 3 ] DEBUG Engine               - isMobile: false
08:33:36.755 [FXGL Background Thread 3 ] DEBUG Engine               - isNative: false
08:33:36.755 [FXGL Background Thread 3 ] DEBUG Engine               - isPauseMusicWhenMinimized: true
08:33:36.755 [FXGL Background Thread 3 ] DEBUG Engine               - isPreserveResizeRatio: false
08:33:36.755 [FXGL Background Thread 3 ] DEBUG Engine               - isProfilingEnabled: false
08:33:36.755 [FXGL Background Thread 3 ] DEBUG Engine               - isScaleAffectedOnResize: true
08:33:36.755 [FXGL Background Thread 3 ] DEBUG Engine               - isSingleStep: false
08:33:36.755 [FXGL Background Thread 3 ] DEBUG Engine               - isUserProfileEnabled: false
08:33:36.755 [FXGL Background Thread 3 ] DEBUG Engine               - isWindows: true
08:33:36.756 [FXGL Background Thread 3 ] DEBUG Engine               - language: ObjectProperty [value: ENGLISH]
08:33:36.756 [FXGL Background Thread 3 ] DEBUG Engine               - menuKey: ESCAPE
08:33:36.756 [FXGL Background Thread 3 ] DEBUG Engine               - mouseSensitivity: 0.2
08:33:36.756 [FXGL Background Thread 3 ] DEBUG Engine               - notificationViewClass: class com.almasb.fxgl.notification.view.XboxNotificationView
08:33:36.756 [FXGL Background Thread 3 ] DEBUG Engine               - pixelsPerMeter: 50.0
08:33:36.756 [FXGL Background Thread 3 ] DEBUG Engine               - platform: WINDOWS
08:33:36.756 [FXGL Background Thread 3 ] DEBUG Engine               - prefHeightProperty: ReadOnlyDoubleProperty [value: 1080.0]
08:33:36.756 [FXGL Background Thread 3 ] DEBUG Engine               - prefWidthProperty: ReadOnlyDoubleProperty [value: 1920.0]
08:33:36.756 [FXGL Background Thread 3 ] DEBUG Engine               - profileDir: profiles/
08:33:36.756 [FXGL Background Thread 3 ] DEBUG Engine               - profileName: StringProperty [value: DEFAULT]
08:33:36.756 [FXGL Background Thread 3 ] DEBUG Engine               - randomSeed: -1
08:33:36.756 [FXGL Background Thread 3 ] DEBUG Engine               - runtimeInfo: RuntimeInfo(platform=WINDOWS, version=11.17, build=16.07.2021 15.46)
08:33:36.756 [FXGL Background Thread 3 ] DEBUG Engine               - saveFileExt: sav
08:33:36.756 [FXGL Background Thread 3 ] DEBUG Engine               - scaledHeightProp$fxgl: DoubleProperty [bound, value: 720.0]
08:33:36.757 [FXGL Background Thread 3 ] DEBUG Engine               - scaledWidthProp$fxgl: DoubleProperty [bound, value: 1255.0]
08:33:36.757 [FXGL Background Thread 3 ] DEBUG Engine               - sceneFactory: com.example.demo.Factory.MySceneFactory@74120a9a
08:33:36.757 [FXGL Background Thread 3 ] DEBUG Engine               - secondsIn24h: 60
08:33:36.757 [FXGL Background Thread 3 ] DEBUG Engine               - soundMenuBack: menu/back.wav
08:33:36.757 [FXGL Background Thread 3 ] DEBUG Engine               - soundMenuPress: menu/press.wav
08:33:36.757 [FXGL Background Thread 3 ] DEBUG Engine               - soundMenuSelect: menu/select.wav
08:33:36.757 [FXGL Background Thread 3 ] DEBUG Engine               - soundNotification: core/notification.wav
08:33:36.757 [FXGL Background Thread 3 ] DEBUG Engine               - stageStyle: DECORATED
08:33:36.757 [FXGL Background Thread 3 ] DEBUG Engine               - supportedLanguages: [ENGLISH, FRENCH, GERMAN, HUNGARIAN, RUSSIAN]
08:33:36.757 [FXGL Background Thread 3 ] DEBUG Engine               - ticksPerSecond: -1
08:33:36.757 [FXGL Background Thread 3 ] DEBUG Engine               - title: Stictactics
08:33:36.757 [FXGL Background Thread 3 ] DEBUG Engine               - urlGithub: https://github.com/AlmasB/FXGL
08:33:36.757 [FXGL Background Thread 3 ] DEBUG Engine               - urlLeaderboard: http://fxgl-top.herokuapp.com/
08:33:36.757 [FXGL Background Thread 3 ] DEBUG Engine               - urlPOM: https://raw.githubusercontent.com/AlmasB/FXGL/release/README.md
08:33:36.757 [FXGL Background Thread 3 ] DEBUG Engine               - userAppClass: class com.example.demo.HelloController
08:33:36.757 [FXGL Background Thread 3 ] DEBUG Engine               - version: 0.0
08:33:36.757 [FXGL Background Thread 3 ] DEBUG Engine               - versionCheckDays: 7
08:33:36.758 [FXGL Background Thread 3 ] DEBUG Engine               - width: 1920
08:33:36.758 [FXGL Background Thread 3 ] DEBUG Engine               - Logging services
08:33:36.758 [FXGL Background Thread 3 ] DEBUG Engine               - class com.almasb.fxgl.app.services.FXGLAssetLoaderService
08:33:36.758 [FXGL Background Thread 3 ] DEBUG Engine               - class com.almasb.fxgl.app.FXGLApplication$GameApplicationService
08:33:36.758 [FXGL Background Thread 3 ] DEBUG Engine               - class com.almasb.fxgl.app.services.FXGLDialogService
08:33:36.758 [FXGL Background Thread 3 ] DEBUG Engine               - class com.almasb.fxgl.app.services.IOTaskExecutorService
08:33:36.758 [FXGL Background Thread 3 ] DEBUG Engine               - class com.almasb.fxgl.io.FileSystemService
08:33:36.758 [FXGL Background Thread 3 ] DEBUG Engine               - class com.almasb.fxgl.localization.LocalizationService
08:33:36.758 [FXGL Background Thread 3 ] DEBUG Engine               - class com.almasb.fxgl.app.services.SystemBundleService
08:33:36.758 [FXGL Background Thread 3 ] DEBUG Engine               - class com.almasb.fxgl.profile.SaveLoadService
08:33:36.758 [FXGL Background Thread 3 ] DEBUG Engine               - class com.almasb.fxgl.ui.FXGLUIFactoryServiceProvider
08:33:36.758 [FXGL Background Thread 3 ] DEBUG Engine               - class com.almasb.fxgl.ui.FXGLDialogFactoryServiceProvider
08:33:36.758 [FXGL Background Thread 3 ] DEBUG Engine               - class com.almasb.fxgl.audio.AudioPlayer
08:33:36.758 [FXGL Background Thread 3 ] DEBUG Engine               - class com.almasb.fxgl.notification.impl.NotificationServiceProvider
08:33:36.758 [FXGL Background Thread 3 ] DEBUG Engine               - class com.almasb.fxgl.achievement.AchievementService
08:33:36.758 [FXGL Background Thread 3 ] DEBUG Engine               - class com.almasb.fxgl.cutscene.CutsceneService
08:33:36.758 [FXGL Background Thread 3 ] DEBUG Engine               - class com.almasb.fxgl.minigames.MiniGameService
08:33:36.759 [FXGL Background Thread 3 ] DEBUG Engine               - class com.almasb.fxgl.net.NetService
08:33:36.759 [FXGL Background Thread 3 ] DEBUG Engine               - class com.almasb.fxgl.app.services.UpdaterService
08:33:36.759 [FXGL Background Thread 3 ] DEBUG Engine               - class com.almasb.fxgl.dev.DevService
08:33:49.002 [JavaFX Application Thread] DEBUG LoopRunner           - Pausing loop
08:33:49.013 [JavaFX Application Thread] DEBUG LoopRunner           - Pausing loop
08:33:50.179 [JavaFX Application Thread] DEBUG LoopRunner           - Resuming loop
08:33:50.179 [JavaFX Application Thread] DEBUG GameApplicationServi - Starting new game
08:33:50.179 [JavaFX Application Thread] DEBUG Input                - Clearing active input actions
08:33:50.189 [JavaFX Application Thread] DEBUG GameApplicationServi - Removing overlay from GameScene and adding to FXGLLoadingScene
08:33:50.189 [JavaFX Application Thread] DEBUG PrimaryStageWindow   - GameScene -> FXGLLoadingScene
08:33:50.189 [JavaFX Application Thread] DEBUG GameApplicationServi - Clearing previous game
08:33:50.189 [JavaFX Application Thread] DEBUG GameScene            - Clearing game scene
08:33:50.189 [JavaFX Application Thread] DEBUG GameWorld            - Clearing game world
08:33:50.191 [JavaFX Application Thread] DEBUG PhysicsWorld         - Clearing physics world
08:33:50.192 [FXGL Background Thread 4 ] DEBUG FXGLApplication      - Initializing game
08:33:50.201 [FXGL Background Thread 4 ] WARN  TMXLevelLoader       - TiledMap generated from 1.11.2. Supported version: 1.2.3. Some features may not be parsed fully.
08:33:50.210 [FXGL Background Thread 4 ] DEBUG TMXLevelLoader       - Parsed TiledMap: file:/C:/Users/zyla/demoGame4OOP/target/classes/assets/levels/tmx/map6.tmx
08:33:50.210 [FXGL Background Thread 4 ] DEBUG TMXLevelLoader       - Creating tile layer entities
08:33:50.211 [FXGL Background Thread 4 ] DEBUG TilesetLoader        - Loading view for layer Tile Layer 1
08:33:50.216 [FXGL Background Thread 4 ] DEBUG TilesetLoader        - Created buffer with size 1920.0x1088.0
08:33:50.350 [FXGL Background Thread 4 ] DEBUG TMXLevelLoader       - Creating object layer entities
08:33:50.351 [FXGL Background Thread 4 ] DEBUG GameWorld            - Clearing removable entities
08:33:50.351 [FXGL Background Thread 4 ] DEBUG GameWorld            - Setting level: com.almasb.fxgl.entity.level.Level@4a0e956b
08:33:50.358 [FXGL Background Thread 4 ] INFO  FXGLApplication      - Game initialization took: 0.167 sec
08:33:50.361 [JavaFX Application Thread] DEBUG Input                - Clearing active input actions
08:33:50.367 [JavaFX Application Thread] DEBUG GameApplicationServi - Removing overlay from FXGLLoadingScene and adding to GameScene
08:33:50.367 [JavaFX Application Thread] DEBUG PrimaryStageWindow   - FXGLLoadingScene -> GameScene
08:34:01.226 [JavaFX Application Thread] DEBUG LoopRunner           - Pausing loop
08:34:01.230 [JavaFX Application Thread] DEBUG LoopRunner           - Pausing loop
08:34:01.725 [JavaFX Application Thread] DEBUG LoopRunner           - Resuming loop
08:34:01.725 [JavaFX Application Thread] DEBUG GameApplicationServi - Starting new game
08:34:01.725 [JavaFX Application Thread] DEBUG Input                - Clearing active input actions
08:34:01.733 [JavaFX Application Thread] DEBUG GameApplicationServi - Removing overlay from GameScene and adding to FXGLLoadingScene
08:34:01.733 [JavaFX Application Thread] DEBUG PrimaryStageWindow   - GameScene -> FXGLLoadingScene
08:34:01.733 [JavaFX Application Thread] DEBUG GameApplicationServi - Clearing previous game
08:34:01.733 [JavaFX Application Thread] DEBUG GameScene            - Clearing game scene
08:34:01.733 [JavaFX Application Thread] DEBUG GameWorld            - Clearing game world
08:34:01.734 [JavaFX Application Thread] DEBUG PhysicsWorld         - Clearing physics world
08:34:01.735 [FXGL Background Thread 4 ] DEBUG FXGLApplication      - Initializing game
08:34:01.744 [FXGL Background Thread 4 ] WARN  TMXLevelLoader       - TiledMap generated from 1.11.2. Supported version: 1.2.3. Some features may not be parsed fully.
08:34:01.751 [FXGL Background Thread 4 ] DEBUG TMXLevelLoader       - Parsed TiledMap: file:/C:/Users/zyla/demoGame4OOP/target/classes/assets/levels/tmx/map5.tmx
08:34:01.751 [FXGL Background Thread 4 ] DEBUG TMXLevelLoader       - Creating tile layer entities
08:34:01.751 [FXGL Background Thread 4 ] DEBUG TilesetLoader        - Loading view for layer Tile Layer 1
08:34:01.758 [FXGL Background Thread 4 ] DEBUG TilesetLoader        - Created buffer with size 1920.0x1088.0
08:34:01.856 [FXGL Background Thread 4 ] DEBUG TMXLevelLoader       - Creating object layer entities
08:34:01.857 [FXGL Background Thread 4 ] DEBUG GameWorld            - Clearing removable entities
08:34:01.857 [FXGL Background Thread 4 ] DEBUG GameWorld            - Setting level: com.almasb.fxgl.entity.level.Level@44d3acf4
08:34:01.867 [FXGL Background Thread 4 ] INFO  FXGLApplication      - Game initialization took: 0.132 sec
08:34:01.877 [JavaFX Application Thread] DEBUG Input                - Clearing active input actions
08:34:01.882 [JavaFX Application Thread] DEBUG GameApplicationServi - Removing overlay from FXGLLoadingScene and adding to GameScene
08:34:01.882 [JavaFX Application Thread] DEBUG PrimaryStageWindow   - FXGLLoadingScene -> GameScene
08:34:04.297 [JavaFX Application Thread] DEBUG PrimaryStageWindow   - Push state: CustomPauseMenu
08:34:04.297 [JavaFX Application Thread] DEBUG Input                - Clearing active input actions
08:34:04.298 [JavaFX Application Thread] DEBUG GameApplicationServi - Removing overlay from GameScene and adding to CustomPauseMenu
08:34:04.298 [JavaFX Application Thread] DEBUG PrimaryStageWindow   - GameScene -> CustomPauseMenu
08:34:05.765 [JavaFX Application Thread] DEBUG Menu                 - fireExitToMainMenu()
08:34:05.771 [JavaFX Application Thread] DEBUG PrimaryStageWindow   - Push state: DialogSubScene
08:34:05.771 [JavaFX Application Thread] DEBUG Input                - Clearing active input actions
08:34:05.771 [JavaFX Application Thread] DEBUG GameApplicationServi - Removing overlay from CustomPauseMenu and adding to DialogSubScene
08:34:05.771 [JavaFX Application Thread] DEBUG PrimaryStageWindow   - CustomPauseMenu -> DialogSubScene
08:34:06.329 [JavaFX Application Thread] DEBUG PrimaryStageWindow   - Pop state: DialogSubScene
08:34:06.329 [JavaFX Application Thread] DEBUG Input                - Clearing active input actions
08:34:06.330 [JavaFX Application Thread] DEBUG GameApplicationServi - Removing overlay from DialogSubScene and adding to CustomPauseMenu
08:34:06.330 [JavaFX Application Thread] DEBUG PrimaryStageWindow   - CustomPauseMenu <- DialogSubScene
08:34:06.331 [JavaFX Application Thread] DEBUG PrimaryStageWindow   - Pop state: CustomPauseMenu
08:34:06.331 [JavaFX Application Thread] DEBUG Input                - Clearing active input actions
08:34:06.331 [JavaFX Application Thread] DEBUG GameApplicationServi - Removing overlay from CustomPauseMenu and adding to GameScene
08:34:06.331 [JavaFX Application Thread] DEBUG PrimaryStageWindow   - GameScene <- CustomPauseMenu
08:34:06.331 [JavaFX Application Thread] DEBUG Input                - Clearing active input actions
08:34:06.336 [JavaFX Application Thread] DEBUG GameApplicationServi - Removing overlay from GameScene and adding to FXGLMainMenuDummyScene
08:34:06.336 [JavaFX Application Thread] DEBUG PrimaryStageWindow   - GameScene -> FXGLMainMenuDummyScene
08:34:06.336 [JavaFX Application Thread] DEBUG PrimaryStageWindow   - Push state: CustomMainMenu
08:34:06.336 [JavaFX Application Thread] DEBUG Input                - Clearing active input actions
08:34:06.339 [JavaFX Application Thread] DEBUG GameApplicationServi - Removing overlay from FXGLMainMenuDummyScene and adding to CustomMainMenu
08:34:06.339 [JavaFX Application Thread] DEBUG PrimaryStageWindow   - FXGLMainMenuDummyScene -> CustomMainMenu
08:34:07.157 [JavaFX Application Thread] DEBUG Menu                 - fireNewGame()
08:34:07.157 [JavaFX Application Thread] DEBUG GameApplicationServi - Starting new game
08:34:07.157 [JavaFX Application Thread] DEBUG PrimaryStageWindow   - Pop state: CustomMainMenu
08:34:07.157 [JavaFX Application Thread] DEBUG Input                - Clearing active input actions
08:34:07.157 [JavaFX Application Thread] DEBUG GameApplicationServi - Removing overlay from CustomMainMenu and adding to FXGLMainMenuDummyScene
08:34:07.158 [JavaFX Application Thread] DEBUG PrimaryStageWindow   - FXGLMainMenuDummyScene <- CustomMainMenu
08:34:07.158 [JavaFX Application Thread] DEBUG Input                - Clearing active input actions
08:34:07.163 [JavaFX Application Thread] DEBUG GameApplicationServi - Removing overlay from FXGLMainMenuDummyScene and adding to FXGLLoadingScene
08:34:07.163 [JavaFX Application Thread] DEBUG PrimaryStageWindow   - FXGLMainMenuDummyScene -> FXGLLoadingScene
08:34:07.163 [JavaFX Application Thread] DEBUG GameApplicationServi - Clearing previous game
08:34:07.163 [JavaFX Application Thread] DEBUG GameScene            - Clearing game scene
08:34:07.163 [JavaFX Application Thread] DEBUG GameWorld            - Clearing game world
08:34:07.164 [JavaFX Application Thread] DEBUG PhysicsWorld         - Clearing physics world
08:34:07.165 [FXGL Background Thread 4 ] DEBUG FXGLApplication      - Initializing game
08:34:07.175 [FXGL Background Thread 4 ] WARN  TMXLevelLoader       - TiledMap generated from 1.11.2. Supported version: 1.2.3. Some features may not be parsed fully.
08:34:07.183 [FXGL Background Thread 4 ] DEBUG TMXLevelLoader       - Parsed TiledMap: file:/C:/Users/zyla/demoGame4OOP/target/classes/assets/levels/tmx/map6.tmx
08:34:07.183 [FXGL Background Thread 4 ] DEBUG TMXLevelLoader       - Creating tile layer entities
08:34:07.184 [FXGL Background Thread 4 ] DEBUG TilesetLoader        - Loading view for layer Tile Layer 1
08:34:07.188 [FXGL Background Thread 4 ] DEBUG TilesetLoader        - Created buffer with size 1920.0x1088.0
08:34:07.326 [FXGL Background Thread 4 ] DEBUG TMXLevelLoader       - Creating object layer entities
08:34:07.329 [FXGL Background Thread 4 ] DEBUG GameWorld            - Clearing removable entities
08:34:07.329 [FXGL Background Thread 4 ] DEBUG GameWorld            - Setting level: com.almasb.fxgl.entity.level.Level@559bc0bf
08:34:07.336 [FXGL Background Thread 4 ] INFO  FXGLApplication      - Game initialization took: 0.172 sec
08:34:07.351 [JavaFX Application Thread] DEBUG Input                - Clearing active input actions
08:34:07.364 [JavaFX Application Thread] DEBUG GameApplicationServi - Removing overlay from FXGLLoadingScene and adding to GameScene
08:34:07.364 [JavaFX Application Thread] DEBUG PrimaryStageWindow   - FXGLLoadingScene -> GameScene
08:34:14.487 [JavaFX Application Thread] DEBUG PrimaryStageWindow   - Push state: DialogSubScene
08:34:14.487 [JavaFX Application Thread] DEBUG Input                - Clearing active input actions
08:34:14.488 [JavaFX Application Thread] DEBUG GameApplicationServi - Removing overlay from GameScene and adding to DialogSubScene
08:34:14.488 [JavaFX Application Thread] DEBUG PrimaryStageWindow   - GameScene -> DialogSubScene
08:34:22.515 [JavaFX Application Thread] DEBUG PrimaryStageWindow   - Pop state: DialogSubScene
08:34:22.515 [JavaFX Application Thread] DEBUG Input                - Clearing active input actions
08:34:22.516 [JavaFX Application Thread] DEBUG GameApplicationServi - Removing overlay from DialogSubScene and adding to GameScene
08:34:22.516 [JavaFX Application Thread] DEBUG PrimaryStageWindow   - GameScene <- DialogSubScene
08:34:22.517 [JavaFX Application Thread] DEBUG FXGLApplication      - Exiting FXGL
08:34:22.517 [JavaFX Application Thread] DEBUG LoopRunner           - Stopping loop
08:34:22.517 [JavaFX Application Thread] DEBUG SystemBundleService  - Saving FXGL system data
08:34:22.519 [JavaFX Application Thread] DEBUG FileSystemAccess     - Writing to: C:\Users\zyla\demoGame4OOP\system\fxgl.bundle
08:34:22.522 [JavaFX Application Thread] DEBUG Async                - Shutting down background threads
08:34:22.523 [JavaFX Application Thread] DEBUG PrimaryStageWindow   - Closing main window
08:34:22.560 [JavaFX Application Thread] DEBUG Logger               - Closing Logger
