13:31:21.871 [main                     ] DEBUG Logger               - Configured Logger
13:31:21.872 [main                     ] DEBUG GameApplication      - Logging settings
Title: Stictactics
Version: 0.0
Width: 1984
Height: 1088
Fullscreen: false
Intro: false
Profiling: false
Single step:false
App Mode: DEVELOPER
Menu Key: ESCAPE
Stage Style: DECORATED
Scene Factory: class com.example.demo.MySceneFactory

13:31:22.276 [JavaFX Application Thread] DEBUG FXGLApplication      - Initializing FXGL
13:31:22.279 [JavaFX Application Thread] INFO  Engine               - FXGL-11.17 (16.07.2021 15.46) on WINDOWS (J:23.0.2 FX:17.0.6)
13:31:22.280 [JavaFX Application Thread] DEBUG Engine               - JRE Vendor Name: Oracle Corporation
13:31:22.280 [JavaFX Application Thread] DEBUG Engine               - Running on OS: Windows 11 version 10.0
13:31:22.280 [JavaFX Application Thread] DEBUG Engine               - Architecture: amd64
13:31:22.280 [JavaFX Application Thread] INFO  Engine               - Source code and latest versions at: https://github.com/AlmasB/FXGL
13:31:22.280 [JavaFX Application Thread] INFO  Engine               -              Join the FXGL chat at: https://gitter.im/AlmasB/FXGL
13:31:22.413 [JavaFX Application Thread] DEBUG PrimaryStageWindow   - Creating a JavaFX scene
13:31:22.413 [JavaFX Application Thread] DEBUG PrimaryStageWindow   - Target size > screen size
13:31:22.475 [JavaFX Application Thread] DEBUG PrimaryStageWindow   - Target settings size: 1984.0 x 1088.0
13:31:22.475 [JavaFX Application Thread] DEBUG PrimaryStageWindow   - Scaled scene size:    1287.0 x 719.0
13:31:22.475 [JavaFX Application Thread] DEBUG PrimaryStageWindow   - Scaled ratio: (0.6486895161290323, 0.6608455882352942)
13:31:22.477 [JavaFX Application Thread] DEBUG PrimaryStageWindow   - Set initial scene to FXGLStartupScene
13:31:22.485 [JavaFX Application Thread] DEBUG PrimaryStageWindow   - Opening main window
13:31:22.595 [JavaFX Application Thread] DEBUG PrimaryStageWindow   - Window border size: (16.0, 39.0)
13:31:22.595 [JavaFX Application Thread] DEBUG PrimaryStageWindow   - Scaled size: 1287.0 x 719.0
13:31:22.595 [JavaFX Application Thread] DEBUG PrimaryStageWindow   - Scaled ratio: (0.6486895161290323, 0.6608455882352942)
13:31:22.596 [JavaFX Application Thread] DEBUG PrimaryStageWindow   - Scene size: 1287.0 x 719.0
13:31:22.596 [JavaFX Application Thread] DEBUG PrimaryStageWindow   - Stage size: 1303.0 x 758.0
13:31:22.606 [FXGL Background Thread 1 ] DEBUG Engine               - Initializing environment variables
13:31:22.741 [FXGL Background Thread 1 ] DEBUG FXGLAssetLoaderServi - User app class for loading assets: class com.example.demo.HelloApplication
13:31:22.741 [FXGL Background Thread 1 ] DEBUG GameApplicationServi - Applying CSS: fxgl_dark.css
13:31:22.742 [FXGL Background Thread 1 ] DEBUG FXGLAssetLoaderServi - Loading from file system: jar:file:///C:/Users/zyla/.m2/repository/com/github/almasb/fxgl/11.17/fxgl-11.17.jar!/fxglassets/ui/css/fxgl_dark.css
13:31:22.814 [FXGL Background Thread 1 ] DEBUG GameApplicationServi - Initializing application scenes
13:31:22.934 [FXGL Background Thread 1 ] DEBUG GameWorld            - Game world initialized
13:31:23.026 [FXGL Background Thread 1 ] DEBUG PhysicsWorld         - Physics world initialized: appHeight=1088, physics.ppm=50.0
13:31:23.026 [FXGL Background Thread 1 ] DEBUG PhysicsWorld         - Using strategy: BRUTE_FORCE
13:31:23.030 [FXGL Background Thread 1 ] DEBUG GameScene            - Game scene initialized: 1984x1088
13:31:23.035 [FXGL Background Thread 1 ] DEBUG FXGLAssetLoaderServi - Loading from file system: file:/C:/Users/zyla/demo/target/classes/assets/textures/mainmenu.png
13:31:23.095 [FXGL Background Thread 1 ] DEBUG GameApplicationServi - Application scenes initialized
13:31:23.114 [FXGL Background Thread 1 ] DEBUG SystemBundleService  - Loading FXGL system data
13:31:23.122 [FXGL Background Thread 1 ] DEBUG FileSystemAccess     - Reading from: C:\Users\zyla\demo\system\fxgl.bundle
13:31:23.132 [FXGL Background Thread 1 ] DEBUG SystemBundleService  - Bundle FXGL: {}
13:31:23.132 [FXGL Background Thread 1 ] DEBUG UpdaterService       - Checking for updates
13:31:23.142 [FXGL Background Thread 1 ] DEBUG FXGLApplication      - Loading default localization
13:31:23.145 [FXGL Background Thread 1 ] DEBUG FXGLAssetLoaderServi - Loading from file system: jar:file:///C:/Users/zyla/.m2/repository/com/github/almasb/fxgl/11.17/fxgl-11.17.jar!/fxglassets/languages/english.lang
13:31:23.169 [FXGL Background Thread 4 ] DEBUG FXGLApplication      - Loading fonts
13:31:23.170 [FXGL Background Thread 4 ] DEBUG FXGLAssetLoaderServi - Loading from file system: jar:file:///C:/Users/zyla/.m2/repository/com/github/almasb/fxgl/11.17/fxgl-11.17.jar!/fxglassets/ui/fonts/VarelaRound-Regular.ttf
13:31:23.183 [FXGL Background Thread 1 ] INFO  FXGLApplication      - FXGL initialization took: 0.577 sec
13:31:23.207 [JavaFX Application Thread] DEBUG Input                - Registered new binding: P1Left - A
13:31:23.208 [JavaFX Application Thread] DEBUG Input                - Registered new binding: P1Right - D
13:31:23.208 [JavaFX Application Thread] DEBUG Input                - Registered new binding: P1Jump - W
13:31:23.208 [JavaFX Application Thread] DEBUG Input                - Registered new binding: P1Punch - F
13:31:23.210 [JavaFX Application Thread] DEBUG Input                - Registered new binding: P2Left - J
13:31:23.210 [JavaFX Application Thread] DEBUG Input                - Registered new binding: P2Right - L
13:31:23.210 [JavaFX Application Thread] DEBUG Input                - Registered new binding: P2Jump - I
13:31:23.210 [JavaFX Application Thread] DEBUG Input                - Registered new binding: P2Punch - H
13:31:23.210 [JavaFX Application Thread] DEBUG FXGLAssetLoaderServi - Loading from file system: jar:file:///C:/Users/zyla/.m2/repository/com/github/almasb/fxgl/11.17/fxgl-11.17.jar!/fxglassets/textures/fxgl_icon.png
13:31:23.254 [JavaFX Application Thread] DEBUG FXGLAssetLoaderServi - Loading from file system: jar:file:///C:/Users/zyla/.m2/repository/com/github/almasb/fxgl/11.17/fxgl-11.17.jar!/fxglassets/textures/fxgl_default_cursor.png
13:31:23.258 [JavaFX Application Thread] DEBUG Input                - Registered new binding: Screenshot - CTRL+8
13:31:23.261 [JavaFX Application Thread] DEBUG Input                - Registered new binding: System info dump - CTRL+9
13:31:23.261 [JavaFX Application Thread] DEBUG Input                - Registered new binding: Restart - CTRL+R
13:31:23.262 [JavaFX Application Thread] DEBUG Input                - Registered new binding: Toggle Debug Camera - CTRL+C
13:31:23.265 [JavaFX Application Thread] DEBUG LoopRunner           - Starting loop
13:31:23.265 [JavaFX Application Thread] DEBUG LoopRunner           - Initializing JavaFX AnimationTimerLoop
13:31:23.269 [JavaFX Application Thread] DEBUG Input                - Clearing active input actions
13:31:23.287 [JavaFX Application Thread] DEBUG GameApplicationServi - Removing overlay from FXGLStartupScene and adding to FXGLMainMenuDummyScene
13:31:23.290 [JavaFX Application Thread] DEBUG PrimaryStageWindow   - FXGLStartupScene -> FXGLMainMenuDummyScene
13:31:23.290 [JavaFX Application Thread] DEBUG PrimaryStageWindow   - Push state: CustomMainMenu
13:31:23.291 [JavaFX Application Thread] DEBUG Input                - Clearing active input actions
13:31:23.300 [JavaFX Application Thread] DEBUG GameApplicationServi - Removing overlay from FXGLMainMenuDummyScene and adding to CustomMainMenu
13:31:23.301 [JavaFX Application Thread] DEBUG PrimaryStageWindow   - FXGLMainMenuDummyScene -> CustomMainMenu
13:31:23.364 [FXGL Background Thread 4 ] DEBUG FXGLAssetLoaderServi - Loading from file system: jar:file:///C:/Users/zyla/.m2/repository/com/github/almasb/fxgl/11.17/fxgl-11.17.jar!/fxglassets/ui/fonts/Abel-Regular.ttf
13:31:23.385 [FXGL Background Thread 4 ] DEBUG FXGLAssetLoaderServi - Loading from file system: jar:file:///C:/Users/zyla/.m2/repository/com/github/almasb/fxgl/11.17/fxgl-11.17.jar!/fxglassets/ui/fonts/lucida_console.ttf
13:31:23.407 [FXGL Background Thread 4 ] DEBUG FXGLAssetLoaderServi - Loading from file system: jar:file:///C:/Users/zyla/.m2/repository/com/github/almasb/fxgl/11.17/fxgl-11.17.jar!/fxglassets/ui/fonts/Courier-Prime.ttf
13:31:23.487 [JavaFX Application Thread] DEBUG FXGLApplication      - Registering font factories with UI factory
13:31:24.592 [JavaFX Application Thread] DEBUG PrimaryStageWindow   - Push state: DialogSubScene
13:31:24.593 [JavaFX Application Thread] DEBUG Input                - Clearing active input actions
13:31:24.594 [JavaFX Application Thread] DEBUG GameApplicationServi - Removing overlay from CustomMainMenu and adding to DialogSubScene
13:31:24.594 [JavaFX Application Thread] DEBUG PrimaryStageWindow   - CustomMainMenu -> DialogSubScene
13:31:25.184 [FXGL Background Thread 2 ] INFO  UpdaterService       - Your current version:  11.17
13:31:25.184 [FXGL Background Thread 2 ] INFO  UpdaterService       - Latest stable version: 21.1
13:31:26.138 [FXGL Background Thread 3 ] DEBUG Engine               - Logging environment variables
13:31:26.139 [FXGL Background Thread 3 ] DEBUG Engine               - achievements: []
13:31:26.140 [FXGL Background Thread 3 ] DEBUG Engine               - actualHeight: 719.0
13:31:26.140 [FXGL Background Thread 3 ] DEBUG Engine               - actualHeightProperty: ReadOnlyDoubleProperty [value: 719.0]
13:31:26.140 [FXGL Background Thread 3 ] DEBUG Engine               - actualWidth: 1287.0
13:31:26.140 [FXGL Background Thread 3 ] DEBUG Engine               - actualWidthProperty: ReadOnlyDoubleProperty [value: 1287.0]
13:31:26.141 [FXGL Background Thread 3 ] DEBUG Engine               - appIcon: fxgl_icon.png
13:31:26.141 [FXGL Background Thread 3 ] DEBUG Engine               - applicationMode: DEVELOPER
13:31:26.141 [FXGL Background Thread 3 ] DEBUG Engine               - cSSList: [fxgl_dark.css]
13:31:26.141 [FXGL Background Thread 3 ] DEBUG Engine               - collisionDetectionStrategy: BRUTE_FORCE
13:31:26.141 [FXGL Background Thread 3 ] DEBUG Engine               - configClass: Optional.empty
13:31:26.142 [FXGL Background Thread 3 ] DEBUG Engine               - credits: []
13:31:26.142 [FXGL Background Thread 3 ] DEBUG Engine               - defaultCursor: CursorInfo(imageName=fxgl_default_cursor.png, hotspotX=7.0, hotspotY=6.0)
13:31:26.142 [FXGL Background Thread 3 ] DEBUG Engine               - devBBoxColorProperty: ObjectProperty [value: 0xff0000ff]
13:31:26.143 [FXGL Background Thread 3 ] DEBUG Engine               - devEnableDebugCameraProperty: BooleanProperty [value: false]
13:31:26.143 [FXGL Background Thread 3 ] DEBUG Engine               - devSensorColorProperty: ObjectProperty [value: 0xffff00ff]
13:31:26.143 [FXGL Background Thread 3 ] DEBUG Engine               - devShowBBoxProperty: BooleanProperty [value: false]
13:31:26.143 [FXGL Background Thread 3 ] DEBUG Engine               - devShowPositionProperty: BooleanProperty [value: false]
13:31:26.144 [FXGL Background Thread 3 ] DEBUG Engine               - enabledMenuItems: []
13:31:26.144 [FXGL Background Thread 3 ] DEBUG Engine               - engineServices: [class com.almasb.fxgl.app.services.FXGLAssetLoaderService, class com.almasb.fxgl.app.FXGLApplication$GameApplicationService, class com.almasb.fxgl.app.services.FXGLDialogService, class com.almasb.fxgl.app.services.IOTaskExecutorService, class com.almasb.fxgl.io.FileSystemService, class com.almasb.fxgl.localization.LocalizationService, class com.almasb.fxgl.app.services.SystemBundleService, class com.almasb.fxgl.profile.SaveLoadService, class com.almasb.fxgl.ui.FXGLUIFactoryServiceProvider, class com.almasb.fxgl.ui.FXGLDialogFactoryServiceProvider, class com.almasb.fxgl.audio.AudioPlayer, class com.almasb.fxgl.notification.impl.NotificationServiceProvider, class com.almasb.fxgl.achievement.AchievementService, class com.almasb.fxgl.cutscene.CutsceneService, class com.almasb.fxgl.minigames.MiniGameService, class com.almasb.fxgl.net.NetService, class com.almasb.fxgl.app.services.UpdaterService, class com.almasb.fxgl.dev.DevService]
13:31:26.144 [FXGL Background Thread 3 ] DEBUG Engine               - fontGame: Abel-Regular.ttf
13:31:26.144 [FXGL Background Thread 3 ] DEBUG Engine               - fontMono: lucida_console.ttf
13:31:26.145 [FXGL Background Thread 3 ] DEBUG Engine               - fontText: Courier-Prime.ttf
13:31:26.145 [FXGL Background Thread 3 ] DEBUG Engine               - fontUI: VarelaRound-Regular.ttf
13:31:26.145 [FXGL Background Thread 3 ] DEBUG Engine               - fullScreen: BooleanProperty [value: false]
13:31:26.145 [FXGL Background Thread 3 ] DEBUG Engine               - gameDifficulty: MEDIUM
13:31:26.145 [FXGL Background Thread 3 ] DEBUG Engine               - gameDifficultyProperty: ObjectProperty [value: MEDIUM]
13:31:26.146 [FXGL Background Thread 3 ] DEBUG Engine               - globalMusicVolume: 0.5
13:31:26.146 [FXGL Background Thread 3 ] DEBUG Engine               - globalMusicVolumeProperty: DoubleProperty [value: 0.5]
13:31:26.146 [FXGL Background Thread 3 ] DEBUG Engine               - globalSoundVolume: 0.5
13:31:26.147 [FXGL Background Thread 3 ] DEBUG Engine               - globalSoundVolumeProperty: DoubleProperty [value: 0.5]
13:31:26.147 [FXGL Background Thread 3 ] DEBUG Engine               - height: 1088
13:31:26.147 [FXGL Background Thread 3 ] DEBUG Engine               - is3D: false
13:31:26.147 [FXGL Background Thread 3 ] DEBUG Engine               - isAndroid: false
13:31:26.147 [FXGL Background Thread 3 ] DEBUG Engine               - isBrowser: false
13:31:26.148 [FXGL Background Thread 3 ] DEBUG Engine               - isClickFeedbackEnabled: false
13:31:26.148 [FXGL Background Thread 3 ] DEBUG Engine               - isCloseConfirmation: true
13:31:26.148 [FXGL Background Thread 3 ] DEBUG Engine               - isDesktop: true
13:31:26.148 [FXGL Background Thread 3 ] DEBUG Engine               - isDeveloperMenuEnabled: false
13:31:26.149 [FXGL Background Thread 3 ] DEBUG Engine               - isEntityPreloadEnabled: true
13:31:26.149 [FXGL Background Thread 3 ] DEBUG Engine               - isExperimentalTiledLargeMap: false
13:31:26.149 [FXGL Background Thread 3 ] DEBUG Engine               - isFileSystemWriteAllowed: true
13:31:26.149 [FXGL Background Thread 3 ] DEBUG Engine               - isFullScreenAllowed: false
13:31:26.149 [FXGL Background Thread 3 ] DEBUG Engine               - isFullScreenFromStart: false
13:31:26.150 [FXGL Background Thread 3 ] DEBUG Engine               - isGameMenuEnabled: false
13:31:26.150 [FXGL Background Thread 3 ] DEBUG Engine               - isIOS: false
13:31:26.150 [FXGL Background Thread 3 ] DEBUG Engine               - isIntroEnabled: false
13:31:26.150 [FXGL Background Thread 3 ] DEBUG Engine               - isLinux: false
13:31:26.150 [FXGL Background Thread 3 ] DEBUG Engine               - isMac: false
13:31:26.151 [FXGL Background Thread 3 ] DEBUG Engine               - isMainMenuEnabled: true
13:31:26.151 [FXGL Background Thread 3 ] DEBUG Engine               - isManualResizeEnabled: false
13:31:26.151 [FXGL Background Thread 3 ] DEBUG Engine               - isMobile: false
13:31:26.151 [FXGL Background Thread 3 ] DEBUG Engine               - isNative: false
13:31:26.151 [FXGL Background Thread 3 ] DEBUG Engine               - isPauseMusicWhenMinimized: true
13:31:26.151 [FXGL Background Thread 3 ] DEBUG Engine               - isPreserveResizeRatio: false
13:31:26.151 [FXGL Background Thread 3 ] DEBUG Engine               - isProfilingEnabled: false
13:31:26.151 [FXGL Background Thread 3 ] DEBUG Engine               - isScaleAffectedOnResize: true
13:31:26.151 [FXGL Background Thread 3 ] DEBUG Engine               - isSingleStep: false
13:31:26.151 [FXGL Background Thread 3 ] DEBUG Engine               - isUserProfileEnabled: false
13:31:26.151 [FXGL Background Thread 3 ] DEBUG Engine               - isWindows: true
13:31:26.152 [FXGL Background Thread 3 ] DEBUG Engine               - language: ObjectProperty [value: ENGLISH]
13:31:26.152 [FXGL Background Thread 3 ] DEBUG Engine               - menuKey: ESCAPE
13:31:26.152 [FXGL Background Thread 3 ] DEBUG Engine               - mouseSensitivity: 0.2
13:31:26.152 [FXGL Background Thread 3 ] DEBUG Engine               - notificationViewClass: class com.almasb.fxgl.notification.view.XboxNotificationView
13:31:26.152 [FXGL Background Thread 3 ] DEBUG Engine               - pixelsPerMeter: 50.0
13:31:26.152 [FXGL Background Thread 3 ] DEBUG Engine               - platform: WINDOWS
13:31:26.152 [FXGL Background Thread 3 ] DEBUG Engine               - prefHeightProperty: ReadOnlyDoubleProperty [value: 1088.0]
13:31:26.152 [FXGL Background Thread 3 ] DEBUG Engine               - prefWidthProperty: ReadOnlyDoubleProperty [value: 1984.0]
13:31:26.152 [FXGL Background Thread 3 ] DEBUG Engine               - profileDir: profiles/
13:31:26.152 [FXGL Background Thread 3 ] DEBUG Engine               - profileName: StringProperty [value: DEFAULT]
13:31:26.152 [FXGL Background Thread 3 ] DEBUG Engine               - randomSeed: -1
13:31:26.152 [FXGL Background Thread 3 ] DEBUG Engine               - runtimeInfo: RuntimeInfo(platform=WINDOWS, version=11.17, build=16.07.2021 15.46)
13:31:26.152 [FXGL Background Thread 3 ] DEBUG Engine               - saveFileExt: sav
13:31:26.152 [FXGL Background Thread 3 ] DEBUG Engine               - scaledHeightProp$fxgl: DoubleProperty [bound, value: 719.0]
13:31:26.152 [FXGL Background Thread 3 ] DEBUG Engine               - scaledWidthProp$fxgl: DoubleProperty [bound, value: 1287.0]
13:31:26.152 [FXGL Background Thread 3 ] DEBUG Engine               - sceneFactory: com.example.demo.MySceneFactory@72e2b1e5
13:31:26.152 [FXGL Background Thread 3 ] DEBUG Engine               - secondsIn24h: 60
13:31:26.152 [FXGL Background Thread 3 ] DEBUG Engine               - soundMenuBack: menu/back.wav
13:31:26.152 [FXGL Background Thread 3 ] DEBUG Engine               - soundMenuPress: menu/press.wav
13:31:26.152 [FXGL Background Thread 3 ] DEBUG Engine               - soundMenuSelect: menu/select.wav
13:31:26.154 [FXGL Background Thread 3 ] DEBUG Engine               - soundNotification: core/notification.wav
13:31:26.154 [FXGL Background Thread 3 ] DEBUG Engine               - stageStyle: DECORATED
13:31:26.154 [FXGL Background Thread 3 ] DEBUG Engine               - supportedLanguages: [ENGLISH, FRENCH, GERMAN, HUNGARIAN, RUSSIAN]
13:31:26.154 [FXGL Background Thread 3 ] DEBUG Engine               - ticksPerSecond: -1
13:31:26.154 [FXGL Background Thread 3 ] DEBUG Engine               - title: Stictactics
13:31:26.154 [FXGL Background Thread 3 ] DEBUG Engine               - urlGithub: https://github.com/AlmasB/FXGL
13:31:26.154 [FXGL Background Thread 3 ] DEBUG Engine               - urlLeaderboard: http://fxgl-top.herokuapp.com/
13:31:26.154 [FXGL Background Thread 3 ] DEBUG Engine               - urlPOM: https://raw.githubusercontent.com/AlmasB/FXGL/release/README.md
13:31:26.154 [FXGL Background Thread 3 ] DEBUG Engine               - userAppClass: class com.example.demo.HelloApplication
13:31:26.154 [FXGL Background Thread 3 ] DEBUG Engine               - version: 0.0
13:31:26.154 [FXGL Background Thread 3 ] DEBUG Engine               - versionCheckDays: 7
13:31:26.154 [FXGL Background Thread 3 ] DEBUG Engine               - width: 1984
13:31:26.154 [FXGL Background Thread 3 ] DEBUG Engine               - Logging services
13:31:26.154 [FXGL Background Thread 3 ] DEBUG Engine               - class com.almasb.fxgl.app.services.FXGLAssetLoaderService
13:31:26.154 [FXGL Background Thread 3 ] DEBUG Engine               - class com.almasb.fxgl.app.FXGLApplication$GameApplicationService
13:31:26.155 [FXGL Background Thread 3 ] DEBUG Engine               - class com.almasb.fxgl.app.services.FXGLDialogService
13:31:26.155 [FXGL Background Thread 3 ] DEBUG Engine               - class com.almasb.fxgl.app.services.IOTaskExecutorService
13:31:26.155 [FXGL Background Thread 3 ] DEBUG Engine               - class com.almasb.fxgl.io.FileSystemService
13:31:26.155 [FXGL Background Thread 3 ] DEBUG Engine               - class com.almasb.fxgl.localization.LocalizationService
13:31:26.155 [FXGL Background Thread 3 ] DEBUG Engine               - class com.almasb.fxgl.app.services.SystemBundleService
13:31:26.155 [FXGL Background Thread 3 ] DEBUG Engine               - class com.almasb.fxgl.profile.SaveLoadService
13:31:26.155 [FXGL Background Thread 3 ] DEBUG Engine               - class com.almasb.fxgl.ui.FXGLUIFactoryServiceProvider
13:31:26.155 [FXGL Background Thread 3 ] DEBUG Engine               - class com.almasb.fxgl.ui.FXGLDialogFactoryServiceProvider
13:31:26.155 [FXGL Background Thread 3 ] DEBUG Engine               - class com.almasb.fxgl.audio.AudioPlayer
13:31:26.155 [FXGL Background Thread 3 ] DEBUG Engine               - class com.almasb.fxgl.notification.impl.NotificationServiceProvider
13:31:26.155 [FXGL Background Thread 3 ] DEBUG Engine               - class com.almasb.fxgl.achievement.AchievementService
13:31:26.155 [FXGL Background Thread 3 ] DEBUG Engine               - class com.almasb.fxgl.cutscene.CutsceneService
13:31:26.155 [FXGL Background Thread 3 ] DEBUG Engine               - class com.almasb.fxgl.minigames.MiniGameService
13:31:26.155 [FXGL Background Thread 3 ] DEBUG Engine               - class com.almasb.fxgl.net.NetService
13:31:26.156 [FXGL Background Thread 3 ] DEBUG Engine               - class com.almasb.fxgl.app.services.UpdaterService
13:31:26.156 [FXGL Background Thread 3 ] DEBUG Engine               - class com.almasb.fxgl.dev.DevService
13:31:35.106 [JavaFX Application Thread] DEBUG PrimaryStageWindow   - Pop state: DialogSubScene
13:31:35.108 [JavaFX Application Thread] DEBUG Input                - Clearing active input actions
13:31:35.108 [JavaFX Application Thread] DEBUG GameApplicationServi - Removing overlay from DialogSubScene and adding to CustomMainMenu
13:31:35.109 [JavaFX Application Thread] DEBUG PrimaryStageWindow   - CustomMainMenu <- DialogSubScene
13:31:36.088 [JavaFX Application Thread] DEBUG PrimaryStageWindow   - Push state: DialogSubScene
13:31:36.088 [JavaFX Application Thread] DEBUG Input                - Clearing active input actions
13:31:36.091 [JavaFX Application Thread] DEBUG GameApplicationServi - Removing overlay from CustomMainMenu and adding to DialogSubScene
13:31:36.091 [JavaFX Application Thread] DEBUG PrimaryStageWindow   - CustomMainMenu -> DialogSubScene
13:31:36.615 [JavaFX Application Thread] DEBUG PrimaryStageWindow   - Pop state: DialogSubScene
13:31:36.616 [JavaFX Application Thread] DEBUG Input                - Clearing active input actions
13:31:36.616 [JavaFX Application Thread] DEBUG GameApplicationServi - Removing overlay from DialogSubScene and adding to CustomMainMenu
13:31:36.617 [JavaFX Application Thread] DEBUG PrimaryStageWindow   - CustomMainMenu <- DialogSubScene
13:31:36.617 [JavaFX Application Thread] DEBUG FXGLApplication      - Exiting FXGL
13:31:36.617 [JavaFX Application Thread] DEBUG LoopRunner           - Stopping loop
13:31:36.617 [JavaFX Application Thread] DEBUG SystemBundleService  - Saving FXGL system data
13:31:36.621 [JavaFX Application Thread] DEBUG FileSystemAccess     - Writing to: C:\Users\zyla\demo\system\fxgl.bundle
13:31:36.625 [JavaFX Application Thread] DEBUG Async                - Shutting down background threads
13:31:36.625 [JavaFX Application Thread] DEBUG PrimaryStageWindow   - Closing main window
13:31:36.657 [JavaFX Application Thread] DEBUG Logger               - Closing Logger
