14:27:38.387 [main                     ] DEBUG Logger               - Configured Logger
14:27:38.389 [main                     ] DEBUG GameApplication      - Logging settings
Title: Stictactics
Version: 0.0
Width: 1920
Height: 1080
Fullscreen: false
Intro: false
Profiling: false
Single step:false
App Mode: DEVELOPER
Menu Key: ESCAPE
Stage Style: DECORATED
Scene Factory: class com.example.demo.Factory.MySceneFactory

14:27:38.800 [JavaFX Application Thread] DEBUG FXGLApplication      - Initializing FXGL
14:27:38.801 [JavaFX Application Thread] INFO  Engine               - FXGL-11.17 (16.07.2021 15.46) on WINDOWS (J:23.0.2 FX:17.0.6)
14:27:38.802 [JavaFX Application Thread] DEBUG Engine               - JRE Vendor Name: Amazon.com Inc.
14:27:38.802 [JavaFX Application Thread] DEBUG Engine               - Running on OS: Windows 11 version 10.0
14:27:38.802 [JavaFX Application Thread] DEBUG Engine               - Architecture: amd64
14:27:38.802 [JavaFX Application Thread] INFO  Engine               - Source code and latest versions at: https://github.com/AlmasB/FXGL
14:27:38.802 [JavaFX Application Thread] INFO  Engine               -              Join the FXGL chat at: https://gitter.im/AlmasB/FXGL
14:27:38.913 [JavaFX Application Thread] DEBUG PrimaryStageWindow   - Creating a JavaFX scene
14:27:38.914 [JavaFX Application Thread] DEBUG PrimaryStageWindow   - Target size > screen size
14:27:38.969 [JavaFX Application Thread] DEBUG PrimaryStageWindow   - Target settings size: 1920.0 x 1080.0
14:27:38.969 [JavaFX Application Thread] DEBUG PrimaryStageWindow   - Scaled scene size:    1255.0 x 720.0
14:27:38.969 [JavaFX Application Thread] DEBUG PrimaryStageWindow   - Scaled ratio: (0.6536458333333334, 0.6666666666666666)
14:27:38.969 [JavaFX Application Thread] DEBUG PrimaryStageWindow   - Set initial scene to FXGLStartupScene
14:27:38.977 [JavaFX Application Thread] DEBUG PrimaryStageWindow   - Opening main window
14:27:39.089 [JavaFX Application Thread] DEBUG PrimaryStageWindow   - Window border size: (16.0, 39.0)
14:27:39.090 [JavaFX Application Thread] DEBUG PrimaryStageWindow   - Scaled size: 1255.0 x 720.0
14:27:39.090 [JavaFX Application Thread] DEBUG PrimaryStageWindow   - Scaled ratio: (0.6536458333333334, 0.6666666666666666)
14:27:39.090 [JavaFX Application Thread] DEBUG PrimaryStageWindow   - Scene size: 1255.0 x 720.0
14:27:39.090 [JavaFX Application Thread] DEBUG PrimaryStageWindow   - Stage size: 1271.0 x 759.0
14:27:39.102 [FXGL Background Thread 1 ] DEBUG Engine               - Initializing environment variables
14:27:39.257 [FXGL Background Thread 1 ] DEBUG FXGLAssetLoaderServi - User app class for loading assets: class com.example.demo.HelloController
14:27:39.258 [FXGL Background Thread 1 ] DEBUG GameApplicationServi - Applying CSS: fxgl_dark.css
14:27:39.259 [FXGL Background Thread 1 ] DEBUG FXGLAssetLoaderServi - Loading from file system: jar:file:///C:/Users/zyla/.m2/repository/com/github/almasb/fxgl/11.17/fxgl-11.17.jar!/fxglassets/ui/css/fxgl_dark.css
14:27:39.330 [FXGL Background Thread 1 ] DEBUG GameApplicationServi - Initializing application scenes
14:27:39.468 [FXGL Background Thread 1 ] DEBUG GameWorld            - Game world initialized
14:27:39.548 [FXGL Background Thread 1 ] DEBUG PhysicsWorld         - Physics world initialized: appHeight=1080, physics.ppm=50.0
14:27:39.548 [FXGL Background Thread 1 ] DEBUG PhysicsWorld         - Using strategy: BRUTE_FORCE
14:27:39.552 [FXGL Background Thread 1 ] DEBUG GameScene            - Game scene initialized: 1920x1080
14:27:39.729 [FXGL Background Thread 1 ] DEBUG GameApplicationServi - Application scenes initialized
14:27:39.745 [FXGL Background Thread 1 ] DEBUG SystemBundleService  - Loading FXGL system data
14:27:39.752 [FXGL Background Thread 1 ] DEBUG FileSystemAccess     - Reading from: C:\Users\zyla\demoGame4OOP\system\fxgl.bundle
14:27:39.764 [FXGL Background Thread 1 ] DEBUG SystemBundleService  - Bundle FXGL: {}
14:27:39.764 [FXGL Background Thread 1 ] DEBUG UpdaterService       - Checking for updates
14:27:39.772 [FXGL Background Thread 1 ] DEBUG FXGLApplication      - Loading default localization
14:27:39.772 [FXGL Background Thread 4 ] DEBUG FXGLApplication      - Loading fonts
14:27:39.773 [FXGL Background Thread 1 ] DEBUG FXGLAssetLoaderServi - Loading from file system: jar:file:///C:/Users/zyla/.m2/repository/com/github/almasb/fxgl/11.17/fxgl-11.17.jar!/fxglassets/languages/english.lang
14:27:39.775 [FXGL Background Thread 4 ] DEBUG FXGLAssetLoaderServi - Loading from file system: jar:file:///C:/Users/zyla/.m2/repository/com/github/almasb/fxgl/11.17/fxgl-11.17.jar!/fxglassets/ui/fonts/VarelaRound-Regular.ttf
14:27:39.809 [FXGL Background Thread 1 ] INFO  FXGLApplication      - FXGL initialization took: 0.706 sec
14:27:39.838 [JavaFX Application Thread] DEBUG Input                - Registered new binding: Pause Game - Esc
14:27:39.838 [JavaFX Application Thread] DEBUG Input                - Registered new binding: P1Left - A
14:27:39.839 [JavaFX Application Thread] DEBUG Input                - Registered new binding: P1Right - D
14:27:39.839 [JavaFX Application Thread] DEBUG Input                - Registered new binding: P1Jump - W
14:27:39.839 [JavaFX Application Thread] DEBUG Input                - Registered new binding: P1Punch - F
14:27:39.839 [JavaFX Application Thread] DEBUG Input                - Registered new binding: P1EnhancedPunch - E
14:27:39.839 [JavaFX Application Thread] DEBUG Input                - Registered new binding: P1Ult - Q
14:27:39.839 [JavaFX Application Thread] DEBUG Input                - Registered new binding: P2Left - Left
14:27:39.839 [JavaFX Application Thread] DEBUG Input                - Registered new binding: P2Right - Right
14:27:39.839 [JavaFX Application Thread] DEBUG Input                - Registered new binding: P2Jump - Up
14:27:39.840 [JavaFX Application Thread] DEBUG Input                - Registered new binding: P2Punch - H
14:27:39.840 [JavaFX Application Thread] DEBUG Input                - Registered new binding: P2EnhancedPunch - U
14:27:39.840 [JavaFX Application Thread] DEBUG Input                - Registered new binding: P2Ult - O
14:27:39.851 [JavaFX Application Thread] WARN  FXGLAssetLoaderServi - Asset "/assets/textures//assets/textures/background-intro.mp4" was not found!
14:27:39.852 [JavaFX Application Thread] WARN  FXGLAssetLoaderServi - Failed to load IMAGE
14:27:39.923 [JavaFX Application Thread] DEBUG FXGLAssetLoaderServi - Loading from file system: jar:file:///C:/Users/zyla/.m2/repository/com/github/almasb/fxgl/11.17/fxgl-11.17.jar!/fxglassets/textures/fxgl_icon.png
14:27:40.038 [JavaFX Application Thread] DEBUG FXGLAssetLoaderServi - Loading from file system: jar:file:///C:/Users/zyla/.m2/repository/com/github/almasb/fxgl/11.17/fxgl-11.17.jar!/fxglassets/textures/fxgl_default_cursor.png
14:27:40.043 [JavaFX Application Thread] DEBUG Input                - Registered new binding: Screenshot - CTRL+8
14:27:40.044 [JavaFX Application Thread] DEBUG Input                - Registered new binding: System info dump - CTRL+9
14:27:40.044 [JavaFX Application Thread] DEBUG Input                - Registered new binding: Restart - CTRL+R
14:27:40.045 [JavaFX Application Thread] DEBUG Input                - Registered new binding: Toggle Debug Camera - CTRL+C
14:27:40.048 [JavaFX Application Thread] DEBUG LoopRunner           - Starting loop
14:27:40.048 [JavaFX Application Thread] DEBUG LoopRunner           - Initializing JavaFX AnimationTimerLoop
14:27:40.050 [JavaFX Application Thread] DEBUG Input                - Clearing active input actions
14:27:40.089 [JavaFX Application Thread] DEBUG GameApplicationServi - Removing overlay from FXGLStartupScene and adding to FXGLMainMenuDummyScene
14:27:40.090 [JavaFX Application Thread] DEBUG PrimaryStageWindow   - FXGLStartupScene -> FXGLMainMenuDummyScene
14:27:40.090 [JavaFX Application Thread] DEBUG PrimaryStageWindow   - Push state: CustomMainMenu
14:27:40.090 [JavaFX Application Thread] DEBUG Input                - Clearing active input actions
14:27:40.099 [JavaFX Application Thread] DEBUG GameApplicationServi - Removing overlay from FXGLMainMenuDummyScene and adding to CustomMainMenu
14:27:40.099 [JavaFX Application Thread] DEBUG PrimaryStageWindow   - FXGLMainMenuDummyScene -> CustomMainMenu
14:27:40.233 [FXGL Background Thread 4 ] DEBUG FXGLAssetLoaderServi - Loading from file system: jar:file:///C:/Users/zyla/.m2/repository/com/github/almasb/fxgl/11.17/fxgl-11.17.jar!/fxglassets/ui/fonts/Abel-Regular.ttf
14:27:40.313 [FXGL Background Thread 4 ] DEBUG FXGLAssetLoaderServi - Loading from file system: jar:file:///C:/Users/zyla/.m2/repository/com/github/almasb/fxgl/11.17/fxgl-11.17.jar!/fxglassets/ui/fonts/lucida_console.ttf
14:27:40.337 [FXGL Background Thread 4 ] DEBUG FXGLAssetLoaderServi - Loading from file system: jar:file:///C:/Users/zyla/.m2/repository/com/github/almasb/fxgl/11.17/fxgl-11.17.jar!/fxglassets/ui/fonts/Courier-Prime.ttf
14:27:40.413 [JavaFX Application Thread] DEBUG FXGLApplication      - Registering font factories with UI factory
14:27:40.902 [JavaFX Application Thread] DEBUG Menu                 - fireNewGame()
14:27:40.902 [JavaFX Application Thread] DEBUG GameApplicationServi - Starting new game
14:27:40.902 [JavaFX Application Thread] DEBUG PrimaryStageWindow   - Pop state: CustomMainMenu
14:27:40.903 [JavaFX Application Thread] DEBUG Input                - Clearing active input actions
14:27:40.904 [JavaFX Application Thread] DEBUG GameApplicationServi - Removing overlay from CustomMainMenu and adding to FXGLMainMenuDummyScene
14:27:40.904 [JavaFX Application Thread] DEBUG PrimaryStageWindow   - FXGLMainMenuDummyScene <- CustomMainMenu
14:27:40.905 [JavaFX Application Thread] DEBUG Input                - Clearing active input actions
14:27:40.918 [JavaFX Application Thread] DEBUG GameApplicationServi - Removing overlay from FXGLMainMenuDummyScene and adding to FXGLLoadingScene
14:27:40.919 [JavaFX Application Thread] DEBUG PrimaryStageWindow   - FXGLMainMenuDummyScene -> FXGLLoadingScene
14:27:40.919 [JavaFX Application Thread] DEBUG GameApplicationServi - Clearing previous game
14:27:40.919 [JavaFX Application Thread] DEBUG GameScene            - Clearing game scene
14:27:40.919 [JavaFX Application Thread] DEBUG GameWorld            - Clearing game world
14:27:40.920 [JavaFX Application Thread] DEBUG PhysicsWorld         - Clearing physics world
14:27:40.930 [FXGL Background Thread 4 ] DEBUG FXGLApplication      - Initializing game
14:27:41.163 [FXGL Background Thread 4 ] WARN  TMXLevelLoader       - TiledMap generated from 1.11.2. Supported version: 1.2.3. Some features may not be parsed fully.
14:27:41.217 [FXGL Background Thread 4 ] DEBUG TMXLevelLoader       - Parsed TiledMap: file:/C:/Users/zyla/demoGame4OOP/target/classes/assets/levels/tmx/map2.tmx
14:27:41.220 [FXGL Background Thread 4 ] DEBUG TMXLevelLoader       - Creating tile layer entities
14:27:41.222 [FXGL Background Thread 4 ] DEBUG TilesetLoader        - Loading view for layer Tile Layer 1
14:27:41.226 [FXGL Background Thread 4 ] DEBUG TilesetLoader        - Created buffer with size 1984.0x1088.0
14:27:41.483 [FXGL Background Thread 4 ] DEBUG TMXLevelLoader       - Creating object layer entities
14:27:41.501 [FXGL Background Thread 2 ] INFO  UpdaterService       - Your current version:  11.17
14:27:41.502 [FXGL Background Thread 2 ] INFO  UpdaterService       - Latest stable version: 21.1
14:27:41.573 [FXGL Background Thread 4 ] DEBUG GameWorld            - Clearing removable entities
14:27:41.574 [FXGL Background Thread 4 ] DEBUG GameWorld            - Setting level: com.almasb.fxgl.entity.level.Level@4a0ba5cf
14:27:41.718 [FXGL Background Thread 4 ] DEBUG FXGLAssetLoaderServi - Loading from file system: file:/C:/Users/zyla/demoGame4OOP/target/classes/assets/textures/knight/knight_idle.png
14:27:41.749 [FXGL Background Thread 4 ] DEBUG FXGLAssetLoaderServi - Loading from file system: file:/C:/Users/zyla/demoGame4OOP/target/classes/assets/textures/knight/knight_walk.png
14:27:41.758 [FXGL Background Thread 4 ] DEBUG FXGLAssetLoaderServi - Loading from file system: file:/C:/Users/zyla/demoGame4OOP/target/classes/assets/textures/knight/knight_attack_enhanced.png
14:27:41.770 [FXGL Background Thread 4 ] DEBUG FXGLAssetLoaderServi - Loading from file system: file:/C:/Users/zyla/demoGame4OOP/target/classes/assets/textures/knight/knight_jump.png
14:27:41.782 [FXGL Background Thread 4 ] DEBUG FXGLAssetLoaderServi - Loading from file system: file:/C:/Users/zyla/demoGame4OOP/target/classes/assets/textures/knight/knight_combo.png
14:27:41.799 [FXGL Background Thread 4 ] DEBUG FXGLAssetLoaderServi - Loading from file system: file:/C:/Users/zyla/demoGame4OOP/target/classes/assets/textures/knight/knight_ult.png
14:27:41.886 [FXGL Background Thread 4 ] DEBUG FXGLAssetLoaderServi - Loading from file system: file:/C:/Users/zyla/demoGame4OOP/target/classes/assets/textures/knight/knight_hit.png
14:27:41.907 [FXGL Background Thread 4 ] DEBUG FXGLAssetLoaderServi - Loading from file system: file:/C:/Users/zyla/demoGame4OOP/target/classes/assets/textures/ninja/ninja_idle.png
14:27:41.968 [FXGL Background Thread 4 ] DEBUG FXGLAssetLoaderServi - Loading from file system: file:/C:/Users/zyla/demoGame4OOP/target/classes/assets/textures/ninja/ninja_walk.png
14:27:41.975 [FXGL Background Thread 4 ] DEBUG FXGLAssetLoaderServi - Loading from file system: file:/C:/Users/zyla/demoGame4OOP/target/classes/assets/textures/ninja/ninja_attack.png
14:27:41.987 [FXGL Background Thread 4 ] DEBUG FXGLAssetLoaderServi - Loading from file system: file:/C:/Users/zyla/demoGame4OOP/target/classes/assets/textures/ninja/ninja_jump.png
14:27:42.021 [FXGL Background Thread 4 ] DEBUG FXGLAssetLoaderServi - Loading from file system: file:/C:/Users/zyla/demoGame4OOP/target/classes/assets/textures/ninja/ninja_hit.png
14:27:42.056 [FXGL Background Thread 4 ] INFO  FXGLApplication      - Game initialization took: 1.126 sec
14:27:42.057 [JavaFX Application Thread] DEBUG Input                - Clearing active input actions
14:27:42.106 [JavaFX Application Thread] DEBUG GameApplicationServi - Removing overlay from FXGLLoadingScene and adding to GameScene
14:27:42.106 [JavaFX Application Thread] DEBUG PrimaryStageWindow   - FXGLLoadingScene -> GameScene
14:27:42.771 [FXGL Background Thread 3 ] DEBUG Engine               - Logging environment variables
14:27:42.771 [FXGL Background Thread 3 ] DEBUG Engine               - achievements: []
14:27:42.771 [FXGL Background Thread 3 ] DEBUG Engine               - actualHeight: 720.0
14:27:42.771 [FXGL Background Thread 3 ] DEBUG Engine               - actualHeightProperty: ReadOnlyDoubleProperty [value: 720.0]
14:27:42.771 [FXGL Background Thread 3 ] DEBUG Engine               - actualWidth: 1255.0
14:27:42.772 [FXGL Background Thread 3 ] DEBUG Engine               - actualWidthProperty: ReadOnlyDoubleProperty [value: 1255.0]
14:27:42.772 [FXGL Background Thread 3 ] DEBUG Engine               - appIcon: fxgl_icon.png
14:27:42.772 [FXGL Background Thread 3 ] DEBUG Engine               - applicationMode: DEVELOPER
14:27:42.772 [FXGL Background Thread 3 ] DEBUG Engine               - cSSList: [fxgl_dark.css]
14:27:42.772 [FXGL Background Thread 3 ] DEBUG Engine               - collisionDetectionStrategy: BRUTE_FORCE
14:27:42.772 [FXGL Background Thread 3 ] DEBUG Engine               - configClass: Optional.empty
14:27:42.772 [FXGL Background Thread 3 ] DEBUG Engine               - credits: []
14:27:42.772 [FXGL Background Thread 3 ] DEBUG Engine               - defaultCursor: CursorInfo(imageName=fxgl_default_cursor.png, hotspotX=7.0, hotspotY=6.0)
14:27:42.772 [FXGL Background Thread 3 ] DEBUG Engine               - devBBoxColorProperty: ObjectProperty [value: 0xff0000ff]
14:27:42.772 [FXGL Background Thread 3 ] DEBUG Engine               - devEnableDebugCameraProperty: BooleanProperty [value: false]
14:27:42.773 [FXGL Background Thread 3 ] DEBUG Engine               - devSensorColorProperty: ObjectProperty [value: 0xffff00ff]
14:27:42.773 [FXGL Background Thread 3 ] DEBUG Engine               - devShowBBoxProperty: BooleanProperty [value: false]
14:27:42.773 [FXGL Background Thread 3 ] DEBUG Engine               - devShowPositionProperty: BooleanProperty [value: false]
14:27:42.773 [FXGL Background Thread 3 ] DEBUG Engine               - enabledMenuItems: []
14:27:42.773 [FXGL Background Thread 3 ] DEBUG Engine               - engineServices: [class com.almasb.fxgl.app.services.FXGLAssetLoaderService, class com.almasb.fxgl.app.FXGLApplication$GameApplicationService, class com.almasb.fxgl.app.services.FXGLDialogService, class com.almasb.fxgl.app.services.IOTaskExecutorService, class com.almasb.fxgl.io.FileSystemService, class com.almasb.fxgl.localization.LocalizationService, class com.almasb.fxgl.app.services.SystemBundleService, class com.almasb.fxgl.profile.SaveLoadService, class com.almasb.fxgl.ui.FXGLUIFactoryServiceProvider, class com.almasb.fxgl.ui.FXGLDialogFactoryServiceProvider, class com.almasb.fxgl.audio.AudioPlayer, class com.almasb.fxgl.notification.impl.NotificationServiceProvider, class com.almasb.fxgl.achievement.AchievementService, class com.almasb.fxgl.cutscene.CutsceneService, class com.almasb.fxgl.minigames.MiniGameService, class com.almasb.fxgl.net.NetService, class com.almasb.fxgl.app.services.UpdaterService, class com.almasb.fxgl.dev.DevService]
14:27:42.773 [FXGL Background Thread 3 ] DEBUG Engine               - fontGame: Abel-Regular.ttf
14:27:42.773 [FXGL Background Thread 3 ] DEBUG Engine               - fontMono: lucida_console.ttf
14:27:42.773 [FXGL Background Thread 3 ] DEBUG Engine               - fontText: Courier-Prime.ttf
14:27:42.773 [FXGL Background Thread 3 ] DEBUG Engine               - fontUI: VarelaRound-Regular.ttf
14:27:42.773 [FXGL Background Thread 3 ] DEBUG Engine               - fullScreen: BooleanProperty [value: false]
14:27:42.773 [FXGL Background Thread 3 ] DEBUG Engine               - gameDifficulty: MEDIUM
14:27:42.773 [FXGL Background Thread 3 ] DEBUG Engine               - gameDifficultyProperty: ObjectProperty [value: MEDIUM]
14:27:42.773 [FXGL Background Thread 3 ] DEBUG Engine               - globalMusicVolume: 0.5
14:27:42.773 [FXGL Background Thread 3 ] DEBUG Engine               - globalMusicVolumeProperty: DoubleProperty [value: 0.5]
14:27:42.774 [FXGL Background Thread 3 ] DEBUG Engine               - globalSoundVolume: 0.5
14:27:42.774 [FXGL Background Thread 3 ] DEBUG Engine               - globalSoundVolumeProperty: DoubleProperty [value: 0.5]
14:27:42.774 [FXGL Background Thread 3 ] DEBUG Engine               - height: 1080
14:27:42.774 [FXGL Background Thread 3 ] DEBUG Engine               - is3D: false
14:27:42.774 [FXGL Background Thread 3 ] DEBUG Engine               - isAndroid: false
14:27:42.774 [FXGL Background Thread 3 ] DEBUG Engine               - isBrowser: false
14:27:42.774 [FXGL Background Thread 3 ] DEBUG Engine               - isClickFeedbackEnabled: false
14:27:42.774 [FXGL Background Thread 3 ] DEBUG Engine               - isCloseConfirmation: true
14:27:42.775 [FXGL Background Thread 3 ] DEBUG Engine               - isDesktop: true
14:27:42.775 [FXGL Background Thread 3 ] DEBUG Engine               - isDeveloperMenuEnabled: false
14:27:42.775 [FXGL Background Thread 3 ] DEBUG Engine               - isEntityPreloadEnabled: true
14:27:42.775 [FXGL Background Thread 3 ] DEBUG Engine               - isExperimentalTiledLargeMap: false
14:27:42.777 [FXGL Background Thread 3 ] DEBUG Engine               - isFileSystemWriteAllowed: true
14:27:42.777 [FXGL Background Thread 3 ] DEBUG Engine               - isFullScreenAllowed: false
14:27:42.777 [FXGL Background Thread 3 ] DEBUG Engine               - isFullScreenFromStart: false
14:27:42.778 [FXGL Background Thread 3 ] DEBUG Engine               - isGameMenuEnabled: false
14:27:42.778 [FXGL Background Thread 3 ] DEBUG Engine               - isIOS: false
14:27:42.782 [FXGL Background Thread 3 ] DEBUG Engine               - isIntroEnabled: false
14:27:42.790 [FXGL Background Thread 3 ] DEBUG Engine               - isLinux: false
14:27:42.790 [FXGL Background Thread 3 ] DEBUG Engine               - isMac: false
14:27:42.790 [FXGL Background Thread 3 ] DEBUG Engine               - isMainMenuEnabled: true
14:27:42.790 [FXGL Background Thread 3 ] DEBUG Engine               - isManualResizeEnabled: false
14:27:42.790 [FXGL Background Thread 3 ] DEBUG Engine               - isMobile: false
14:27:42.790 [FXGL Background Thread 3 ] DEBUG Engine               - isNative: false
14:27:42.790 [FXGL Background Thread 3 ] DEBUG Engine               - isPauseMusicWhenMinimized: true
14:27:42.790 [FXGL Background Thread 3 ] DEBUG Engine               - isPreserveResizeRatio: false
14:27:42.791 [FXGL Background Thread 3 ] DEBUG Engine               - isProfilingEnabled: false
14:27:42.791 [FXGL Background Thread 3 ] DEBUG Engine               - isScaleAffectedOnResize: true
14:27:42.791 [FXGL Background Thread 3 ] DEBUG Engine               - isSingleStep: false
14:27:42.791 [FXGL Background Thread 3 ] DEBUG Engine               - isUserProfileEnabled: false
14:27:42.791 [FXGL Background Thread 3 ] DEBUG Engine               - isWindows: true
14:27:42.791 [FXGL Background Thread 3 ] DEBUG Engine               - language: ObjectProperty [value: ENGLISH]
14:27:42.791 [FXGL Background Thread 3 ] DEBUG Engine               - menuKey: ESCAPE
14:27:42.791 [FXGL Background Thread 3 ] DEBUG Engine               - mouseSensitivity: 0.2
14:27:42.791 [FXGL Background Thread 3 ] DEBUG Engine               - notificationViewClass: class com.almasb.fxgl.notification.view.XboxNotificationView
14:27:42.791 [FXGL Background Thread 3 ] DEBUG Engine               - pixelsPerMeter: 50.0
14:27:42.791 [FXGL Background Thread 3 ] DEBUG Engine               - platform: WINDOWS
14:27:42.791 [FXGL Background Thread 3 ] DEBUG Engine               - prefHeightProperty: ReadOnlyDoubleProperty [value: 1080.0]
14:27:42.791 [FXGL Background Thread 3 ] DEBUG Engine               - prefWidthProperty: ReadOnlyDoubleProperty [value: 1920.0]
14:27:42.791 [FXGL Background Thread 3 ] DEBUG Engine               - profileDir: profiles/
14:27:42.792 [FXGL Background Thread 3 ] DEBUG Engine               - profileName: StringProperty [value: DEFAULT]
14:27:42.792 [FXGL Background Thread 3 ] DEBUG Engine               - randomSeed: -1
14:27:42.792 [FXGL Background Thread 3 ] DEBUG Engine               - runtimeInfo: RuntimeInfo(platform=WINDOWS, version=11.17, build=16.07.2021 15.46)
14:27:42.792 [FXGL Background Thread 3 ] DEBUG Engine               - saveFileExt: sav
14:27:42.797 [FXGL Background Thread 3 ] DEBUG Engine               - scaledHeightProp$fxgl: DoubleProperty [bound, value: 720.0]
14:27:42.797 [FXGL Background Thread 3 ] DEBUG Engine               - scaledWidthProp$fxgl: DoubleProperty [bound, value: 1255.0]
14:27:42.797 [FXGL Background Thread 3 ] DEBUG Engine               - sceneFactory: com.example.demo.Factory.MySceneFactory@50f254cc
14:27:42.797 [FXGL Background Thread 3 ] DEBUG Engine               - secondsIn24h: 60
14:27:42.797 [FXGL Background Thread 3 ] DEBUG Engine               - soundMenuBack: menu/back.wav
14:27:42.797 [FXGL Background Thread 3 ] DEBUG Engine               - soundMenuPress: menu/press.wav
14:27:42.798 [FXGL Background Thread 3 ] DEBUG Engine               - soundMenuSelect: menu/select.wav
14:27:42.798 [FXGL Background Thread 3 ] DEBUG Engine               - soundNotification: core/notification.wav
14:27:42.798 [FXGL Background Thread 3 ] DEBUG Engine               - stageStyle: DECORATED
14:27:42.798 [FXGL Background Thread 3 ] DEBUG Engine               - supportedLanguages: [ENGLISH, FRENCH, GERMAN, HUNGARIAN, RUSSIAN]
14:27:42.798 [FXGL Background Thread 3 ] DEBUG Engine               - ticksPerSecond: -1
14:27:42.798 [FXGL Background Thread 3 ] DEBUG Engine               - title: Stictactics
14:27:42.798 [FXGL Background Thread 3 ] DEBUG Engine               - urlGithub: https://github.com/AlmasB/FXGL
14:27:42.798 [FXGL Background Thread 3 ] DEBUG Engine               - urlLeaderboard: http://fxgl-top.herokuapp.com/
14:27:42.798 [FXGL Background Thread 3 ] DEBUG Engine               - urlPOM: https://raw.githubusercontent.com/AlmasB/FXGL/release/README.md
14:27:42.798 [FXGL Background Thread 3 ] DEBUG Engine               - userAppClass: class com.example.demo.HelloController
14:27:42.798 [FXGL Background Thread 3 ] DEBUG Engine               - version: 0.0
14:27:42.798 [FXGL Background Thread 3 ] DEBUG Engine               - versionCheckDays: 7
14:27:42.798 [FXGL Background Thread 3 ] DEBUG Engine               - width: 1920
14:27:42.798 [FXGL Background Thread 3 ] DEBUG Engine               - Logging services
14:27:42.813 [FXGL Background Thread 3 ] DEBUG Engine               - class com.almasb.fxgl.app.services.FXGLAssetLoaderService
14:27:42.813 [FXGL Background Thread 3 ] DEBUG Engine               - class com.almasb.fxgl.app.FXGLApplication$GameApplicationService
14:27:42.813 [FXGL Background Thread 3 ] DEBUG Engine               - class com.almasb.fxgl.app.services.FXGLDialogService
14:27:42.813 [FXGL Background Thread 3 ] DEBUG Engine               - class com.almasb.fxgl.app.services.IOTaskExecutorService
14:27:42.813 [FXGL Background Thread 3 ] DEBUG Engine               - class com.almasb.fxgl.io.FileSystemService
14:27:42.813 [FXGL Background Thread 3 ] DEBUG Engine               - class com.almasb.fxgl.localization.LocalizationService
14:27:42.813 [FXGL Background Thread 3 ] DEBUG Engine               - class com.almasb.fxgl.app.services.SystemBundleService
14:27:42.813 [FXGL Background Thread 3 ] DEBUG Engine               - class com.almasb.fxgl.profile.SaveLoadService
14:27:42.813 [FXGL Background Thread 3 ] DEBUG Engine               - class com.almasb.fxgl.ui.FXGLUIFactoryServiceProvider
14:27:42.813 [FXGL Background Thread 3 ] DEBUG Engine               - class com.almasb.fxgl.ui.FXGLDialogFactoryServiceProvider
14:27:42.813 [FXGL Background Thread 3 ] DEBUG Engine               - class com.almasb.fxgl.audio.AudioPlayer
14:27:42.813 [FXGL Background Thread 3 ] DEBUG Engine               - class com.almasb.fxgl.notification.impl.NotificationServiceProvider
14:27:42.813 [FXGL Background Thread 3 ] DEBUG Engine               - class com.almasb.fxgl.achievement.AchievementService
14:27:42.813 [FXGL Background Thread 3 ] DEBUG Engine               - class com.almasb.fxgl.cutscene.CutsceneService
14:27:42.813 [FXGL Background Thread 3 ] DEBUG Engine               - class com.almasb.fxgl.minigames.MiniGameService
14:27:42.813 [FXGL Background Thread 3 ] DEBUG Engine               - class com.almasb.fxgl.net.NetService
14:27:42.813 [FXGL Background Thread 3 ] DEBUG Engine               - class com.almasb.fxgl.app.services.UpdaterService
14:27:42.813 [FXGL Background Thread 3 ] DEBUG Engine               - class com.almasb.fxgl.dev.DevService
14:27:52.802 [JavaFX Application Thread] DEBUG PrimaryStageWindow   - Push state: DialogSubScene
14:27:52.802 [JavaFX Application Thread] DEBUG Input                - Clearing active input actions
14:27:52.803 [JavaFX Application Thread] DEBUG GameApplicationServi - Removing overlay from GameScene and adding to DialogSubScene
14:27:52.803 [JavaFX Application Thread] DEBUG PrimaryStageWindow   - GameScene -> DialogSubScene
14:27:53.710 [JavaFX Application Thread] DEBUG PrimaryStageWindow   - Pop state: DialogSubScene
14:27:53.710 [JavaFX Application Thread] DEBUG Input                - Clearing active input actions
14:27:53.711 [JavaFX Application Thread] DEBUG GameApplicationServi - Removing overlay from DialogSubScene and adding to GameScene
14:27:53.712 [JavaFX Application Thread] DEBUG PrimaryStageWindow   - GameScene <- DialogSubScene
14:27:53.712 [JavaFX Application Thread] DEBUG FXGLApplication      - Exiting FXGL
14:27:53.712 [JavaFX Application Thread] DEBUG LoopRunner           - Stopping loop
14:27:53.713 [JavaFX Application Thread] DEBUG SystemBundleService  - Saving FXGL system data
14:27:53.715 [JavaFX Application Thread] DEBUG FileSystemAccess     - Writing to: C:\Users\zyla\demoGame4OOP\system\fxgl.bundle
14:27:53.718 [JavaFX Application Thread] DEBUG Async                - Shutting down background threads
14:27:53.718 [JavaFX Application Thread] DEBUG PrimaryStageWindow   - Closing main window
14:27:53.780 [JavaFX Application Thread] DEBUG Logger               - Closing Logger
