20:12:38.160 [main                     ] DEBUG Logger               - Configured Logger
20:12:38.162 [main                     ] DEBUG GameApplication      - Logging settings
Title: Stictactics
Version: 0.0
Width: 1920
Height: 1080
Fullscreen: false
Intro: false
Profiling: false
Single step:false
App Mode: DEVELOPER
Menu Key: ESCAPE
Stage Style: DECORATED
Scene Factory: class com.example.demo.MySceneFactory

20:12:38.529 [JavaFX Application Thread] DEBUG FXGLApplication      - Initializing FXGL
20:12:38.530 [JavaFX Application Thread] INFO  Engine               - FXGL-11.17 (16.07.2021 15.46) on WINDOWS (J:23.0.2 FX:17.0.6)
20:12:38.531 [JavaFX Application Thread] DEBUG Engine               - JRE Vendor Name: Amazon.com Inc.
20:12:38.531 [JavaFX Application Thread] DEBUG Engine               - Running on OS: Windows 11 version 10.0
20:12:38.531 [JavaFX Application Thread] DEBUG Engine               - Architecture: amd64
20:12:38.531 [JavaFX Application Thread] INFO  Engine               - Source code and latest versions at: https://github.com/AlmasB/FXGL
20:12:38.531 [JavaFX Application Thread] INFO  Engine               -              Join the FXGL chat at: https://gitter.im/AlmasB/FXGL
20:12:38.680 [JavaFX Application Thread] DEBUG PrimaryStageWindow   - Creating a JavaFX scene
20:12:38.680 [JavaFX Application Thread] DEBUG PrimaryStageWindow   - Target size > screen size
20:12:38.771 [JavaFX Application Thread] DEBUG PrimaryStageWindow   - Target settings size: 1920.0 x 1080.0
20:12:38.771 [JavaFX Application Thread] DEBUG PrimaryStageWindow   - Scaled scene size:    1255.0 x 720.0
20:12:38.771 [JavaFX Application Thread] DEBUG PrimaryStageWindow   - Scaled ratio: (0.6536458333333334, 0.6666666666666666)
20:12:38.772 [JavaFX Application Thread] DEBUG PrimaryStageWindow   - Set initial scene to FXGLStartupScene
20:12:38.785 [JavaFX Application Thread] DEBUG PrimaryStageWindow   - Opening main window
20:12:38.905 [JavaFX Application Thread] DEBUG PrimaryStageWindow   - Window border size: (16.0, 39.0)
20:12:38.905 [JavaFX Application Thread] DEBUG PrimaryStageWindow   - Scaled size: 1255.0 x 720.0
20:12:38.906 [JavaFX Application Thread] DEBUG PrimaryStageWindow   - Scaled ratio: (0.6536458333333334, 0.6666666666666666)
20:12:38.906 [JavaFX Application Thread] DEBUG PrimaryStageWindow   - Scene size: 1255.0 x 720.0
20:12:38.906 [JavaFX Application Thread] DEBUG PrimaryStageWindow   - Stage size: 1271.0 x 759.0
20:12:38.922 [FXGL Background Thread 1 ] DEBUG Engine               - Initializing environment variables
20:12:39.066 [FXGL Background Thread 1 ] DEBUG FXGLAssetLoaderServi - User app class for loading assets: class com.example.demo.HelloApplication
20:12:39.066 [FXGL Background Thread 1 ] DEBUG GameApplicationServi - Applying CSS: fxgl_dark.css
20:12:39.067 [FXGL Background Thread 1 ] DEBUG FXGLAssetLoaderServi - Loading from file system: jar:file:///C:/Users/zyla/.m2/repository/com/github/almasb/fxgl/11.17/fxgl-11.17.jar!/fxglassets/ui/css/fxgl_dark.css
20:12:39.136 [FXGL Background Thread 1 ] DEBUG GameApplicationServi - Initializing application scenes
20:12:39.264 [FXGL Background Thread 1 ] DEBUG GameWorld            - Game world initialized
20:12:39.333 [FXGL Background Thread 1 ] DEBUG PhysicsWorld         - Physics world initialized: appHeight=1080, physics.ppm=50.0
20:12:39.335 [FXGL Background Thread 1 ] DEBUG PhysicsWorld         - Using strategy: BRUTE_FORCE
20:12:39.337 [FXGL Background Thread 1 ] DEBUG GameScene            - Game scene initialized: 1920x1080
20:12:39.493 [FXGL Background Thread 1 ] DEBUG GameApplicationServi - Application scenes initialized
20:12:39.507 [FXGL Background Thread 1 ] DEBUG SystemBundleService  - Loading FXGL system data
20:12:39.514 [FXGL Background Thread 1 ] DEBUG FileSystemAccess     - Reading from: C:\Users\zyla\demoGame4OOP\system\fxgl.bundle
20:12:39.525 [FXGL Background Thread 1 ] DEBUG SystemBundleService  - Bundle FXGL: {}
20:12:39.525 [FXGL Background Thread 1 ] DEBUG UpdaterService       - Checking for updates
20:12:39.532 [FXGL Background Thread 1 ] DEBUG FXGLApplication      - Loading default localization
20:12:39.533 [FXGL Background Thread 1 ] DEBUG FXGLAssetLoaderServi - Loading from file system: jar:file:///C:/Users/zyla/.m2/repository/com/github/almasb/fxgl/11.17/fxgl-11.17.jar!/fxglassets/languages/english.lang
20:12:39.533 [FXGL Background Thread 4 ] DEBUG FXGLApplication      - Loading fonts
20:12:39.533 [FXGL Background Thread 4 ] DEBUG FXGLAssetLoaderServi - Loading from file system: jar:file:///C:/Users/zyla/.m2/repository/com/github/almasb/fxgl/11.17/fxgl-11.17.jar!/fxglassets/ui/fonts/VarelaRound-Regular.ttf
20:12:39.577 [FXGL Background Thread 1 ] INFO  FXGLApplication      - FXGL initialization took: 0.654 sec
20:12:39.598 [JavaFX Application Thread] DEBUG Input                - Registered new binding: P1Left - A
20:12:39.598 [JavaFX Application Thread] DEBUG Input                - Registered new binding: P1Right - D
20:12:39.598 [JavaFX Application Thread] DEBUG Input                - Registered new binding: P1Jump - W
20:12:39.598 [JavaFX Application Thread] DEBUG Input                - Registered new binding: P1Punch - F
20:12:39.598 [JavaFX Application Thread] DEBUG Input                - Registered new binding: P1EnhancedPunch - E
20:12:39.599 [JavaFX Application Thread] DEBUG Input                - Registered new binding: P1Ult - Q
20:12:39.599 [JavaFX Application Thread] DEBUG Input                - Registered new binding: P2Left - J
20:12:39.599 [JavaFX Application Thread] DEBUG Input                - Registered new binding: P2Right - L
20:12:39.599 [JavaFX Application Thread] DEBUG Input                - Registered new binding: P2Jump - I
20:12:39.599 [JavaFX Application Thread] DEBUG Input                - Registered new binding: P2Punch - H
20:12:39.599 [JavaFX Application Thread] DEBUG Input                - Registered new binding: P2EnhancedPunch - U
20:12:39.600 [JavaFX Application Thread] DEBUG Input                - Registered new binding: P2Ult - O
20:12:39.615 [JavaFX Application Thread] WARN  FXGLAssetLoaderServi - Asset "/assets/textures//assets/textures/background-intro.mp4" was not found!
20:12:39.616 [JavaFX Application Thread] WARN  FXGLAssetLoaderServi - Failed to load IMAGE
20:12:39.703 [JavaFX Application Thread] DEBUG FXGLAssetLoaderServi - Loading from file system: jar:file:///C:/Users/zyla/.m2/repository/com/github/almasb/fxgl/11.17/fxgl-11.17.jar!/fxglassets/textures/fxgl_icon.png
20:12:39.783 [JavaFX Application Thread] DEBUG FXGLAssetLoaderServi - Loading from file system: jar:file:///C:/Users/zyla/.m2/repository/com/github/almasb/fxgl/11.17/fxgl-11.17.jar!/fxglassets/textures/fxgl_default_cursor.png
20:12:39.786 [JavaFX Application Thread] DEBUG Input                - Registered new binding: Screenshot - CTRL+8
20:12:39.786 [JavaFX Application Thread] DEBUG Input                - Registered new binding: System info dump - CTRL+9
20:12:39.787 [JavaFX Application Thread] DEBUG Input                - Registered new binding: Restart - CTRL+R
20:12:39.788 [JavaFX Application Thread] DEBUG Input                - Registered new binding: Toggle Debug Camera - CTRL+C
20:12:39.791 [JavaFX Application Thread] DEBUG LoopRunner           - Starting loop
20:12:39.791 [JavaFX Application Thread] DEBUG LoopRunner           - Initializing JavaFX AnimationTimerLoop
20:12:39.797 [JavaFX Application Thread] DEBUG Input                - Clearing active input actions
20:12:39.819 [FXGL Background Thread 4 ] DEBUG FXGLAssetLoaderServi - Loading from file system: jar:file:///C:/Users/zyla/.m2/repository/com/github/almasb/fxgl/11.17/fxgl-11.17.jar!/fxglassets/ui/fonts/Abel-Regular.ttf
20:12:39.844 [JavaFX Application Thread] DEBUG GameApplicationServi - Removing overlay from FXGLStartupScene and adding to FXGLMainMenuDummyScene
20:12:39.845 [JavaFX Application Thread] DEBUG PrimaryStageWindow   - FXGLStartupScene -> FXGLMainMenuDummyScene
20:12:39.845 [JavaFX Application Thread] DEBUG PrimaryStageWindow   - Push state: CustomMainMenu
20:12:39.845 [JavaFX Application Thread] DEBUG Input                - Clearing active input actions
20:12:39.848 [FXGL Background Thread 4 ] DEBUG FXGLAssetLoaderServi - Loading from file system: jar:file:///C:/Users/zyla/.m2/repository/com/github/almasb/fxgl/11.17/fxgl-11.17.jar!/fxglassets/ui/fonts/lucida_console.ttf
20:12:39.855 [JavaFX Application Thread] DEBUG GameApplicationServi - Removing overlay from FXGLMainMenuDummyScene and adding to CustomMainMenu
20:12:39.857 [JavaFX Application Thread] DEBUG PrimaryStageWindow   - FXGLMainMenuDummyScene -> CustomMainMenu
20:12:39.879 [FXGL Background Thread 4 ] DEBUG FXGLAssetLoaderServi - Loading from file system: jar:file:///C:/Users/zyla/.m2/repository/com/github/almasb/fxgl/11.17/fxgl-11.17.jar!/fxglassets/ui/fonts/Courier-Prime.ttf
20:12:40.038 [JavaFX Application Thread] DEBUG FXGLApplication      - Registering font factories with UI factory
20:12:40.491 [FXGL Background Thread 2 ] INFO  UpdaterService       - Your current version:  11.17
20:12:40.491 [FXGL Background Thread 2 ] INFO  UpdaterService       - Latest stable version: 21.1
20:12:40.678 [JavaFX Application Thread] DEBUG Menu                 - fireNewGame()
20:12:40.678 [JavaFX Application Thread] DEBUG GameApplicationServi - Starting new game
20:12:40.678 [JavaFX Application Thread] DEBUG PrimaryStageWindow   - Pop state: CustomMainMenu
20:12:40.678 [JavaFX Application Thread] DEBUG Input                - Clearing active input actions
20:12:40.679 [JavaFX Application Thread] DEBUG GameApplicationServi - Removing overlay from CustomMainMenu and adding to FXGLMainMenuDummyScene
20:12:40.679 [JavaFX Application Thread] DEBUG PrimaryStageWindow   - FXGLMainMenuDummyScene <- CustomMainMenu
20:12:40.679 [JavaFX Application Thread] DEBUG Input                - Clearing active input actions
20:12:40.690 [JavaFX Application Thread] DEBUG GameApplicationServi - Removing overlay from FXGLMainMenuDummyScene and adding to FXGLLoadingScene
20:12:40.690 [JavaFX Application Thread] DEBUG PrimaryStageWindow   - FXGLMainMenuDummyScene -> FXGLLoadingScene
20:12:40.691 [JavaFX Application Thread] DEBUG GameApplicationServi - Clearing previous game
20:12:40.691 [JavaFX Application Thread] DEBUG GameScene            - Clearing game scene
20:12:40.691 [JavaFX Application Thread] DEBUG GameWorld            - Clearing game world
20:12:40.691 [JavaFX Application Thread] DEBUG PhysicsWorld         - Clearing physics world
20:12:40.693 [FXGL Background Thread 2 ] DEBUG FXGLApplication      - Initializing game
20:12:40.862 [FXGL Background Thread 2 ] WARN  TMXLevelLoader       - TiledMap generated from 1.11.2. Supported version: 1.2.3. Some features may not be parsed fully.
20:12:40.876 [FXGL Background Thread 2 ] DEBUG TMXLevelLoader       - Parsed TiledMap: file:/C:/Users/zyla/demoGame4OOP/target/classes/assets/levels/tmx/map5.tmx
20:12:40.877 [FXGL Background Thread 2 ] DEBUG TMXLevelLoader       - Creating tile layer entities
20:12:40.877 [FXGL Background Thread 2 ] DEBUG TilesetLoader        - Loading view for layer Tile Layer 1
20:12:40.881 [FXGL Background Thread 2 ] DEBUG TilesetLoader        - Created buffer with size 1920.0x1088.0
20:12:41.034 [FXGL Background Thread 2 ] DEBUG TMXLevelLoader       - Creating object layer entities
20:12:41.062 [FXGL Background Thread 2 ] DEBUG GameWorld            - Clearing removable entities
20:12:41.063 [FXGL Background Thread 2 ] DEBUG GameWorld            - Setting level: com.almasb.fxgl.entity.level.Level@621819c4
20:12:41.105 [FXGL Background Thread 2 ] DEBUG FXGLAssetLoaderServi - Loading from file system: file:/C:/Users/zyla/demoGame4OOP/target/classes/assets/textures/fighter_idle.png
20:12:41.127 [FXGL Background Thread 2 ] DEBUG FXGLAssetLoaderServi - Loading from file system: file:/C:/Users/zyla/demoGame4OOP/target/classes/assets/textures/fighter_walk.png
20:12:41.136 [FXGL Background Thread 2 ] DEBUG FXGLAssetLoaderServi - Loading from file system: file:/C:/Users/zyla/demoGame4OOP/target/classes/assets/textures/fighter_jump.png
20:12:41.143 [FXGL Background Thread 2 ] DEBUG FXGLAssetLoaderServi - Loading from file system: file:/C:/Users/zyla/demoGame4OOP/target/classes/assets/textures/fighter_attack_enhanced.png
20:12:41.158 [FXGL Background Thread 2 ] DEBUG FXGLAssetLoaderServi - Loading from file system: file:/C:/Users/zyla/demoGame4OOP/target/classes/assets/textures/fighter_attack.png
20:12:41.168 [FXGL Background Thread 2 ] DEBUG FXGLAssetLoaderServi - Loading from file system: file:/C:/Users/zyla/demoGame4OOP/target/classes/assets/textures/fighter_ult.png
20:12:41.206 [FXGL Background Thread 2 ] DEBUG FXGLAssetLoaderServi - Loading from file system: file:/C:/Users/zyla/demoGame4OOP/target/classes/assets/textures/fighter_idle_P2.png
20:12:41.214 [FXGL Background Thread 2 ] DEBUG FXGLAssetLoaderServi - Loading from file system: file:/C:/Users/zyla/demoGame4OOP/target/classes/assets/textures/fighter_walk_P2.png
20:12:41.223 [FXGL Background Thread 2 ] DEBUG FXGLAssetLoaderServi - Loading from file system: file:/C:/Users/zyla/demoGame4OOP/target/classes/assets/textures/fighter_attack_enhanced_p2.png
20:12:41.253 [FXGL Background Thread 2 ] DEBUG FXGLAssetLoaderServi - Loading from file system: file:/C:/Users/zyla/demoGame4OOP/target/classes/assets/textures/fighter_jump_P2.png
20:12:41.269 [FXGL Background Thread 2 ] DEBUG FXGLAssetLoaderServi - Loading from file system: file:/C:/Users/zyla/demoGame4OOP/target/classes/assets/textures/fighter_attack_P2.png
20:12:41.295 [FXGL Background Thread 2 ] DEBUG FXGLAssetLoaderServi - Loading from file system: file:/C:/Users/zyla/demoGame4OOP/target/classes/assets/textures/fighter_ult_P2.png
20:12:41.321 [FXGL Background Thread 2 ] INFO  FXGLApplication      - Game initialization took: 0.627 sec
20:12:41.327 [JavaFX Application Thread] DEBUG Input                - Clearing active input actions
20:12:41.345 [JavaFX Application Thread] DEBUG GameApplicationServi - Removing overlay from FXGLLoadingScene and adding to GameScene
20:12:41.346 [JavaFX Application Thread] DEBUG PrimaryStageWindow   - FXGLLoadingScene -> GameScene
20:12:42.530 [FXGL Background Thread 3 ] DEBUG Engine               - Logging environment variables
20:12:42.530 [FXGL Background Thread 3 ] DEBUG Engine               - achievements: []
20:12:42.530 [FXGL Background Thread 3 ] DEBUG Engine               - actualHeight: 720.0
20:12:42.530 [FXGL Background Thread 3 ] DEBUG Engine               - actualHeightProperty: ReadOnlyDoubleProperty [value: 720.0]
20:12:42.530 [FXGL Background Thread 3 ] DEBUG Engine               - actualWidth: 1255.0
20:12:42.530 [FXGL Background Thread 3 ] DEBUG Engine               - actualWidthProperty: ReadOnlyDoubleProperty [value: 1255.0]
20:12:42.531 [FXGL Background Thread 3 ] DEBUG Engine               - appIcon: fxgl_icon.png
20:12:42.531 [FXGL Background Thread 3 ] DEBUG Engine               - applicationMode: DEVELOPER
20:12:42.531 [FXGL Background Thread 3 ] DEBUG Engine               - cSSList: [fxgl_dark.css]
20:12:42.531 [FXGL Background Thread 3 ] DEBUG Engine               - collisionDetectionStrategy: BRUTE_FORCE
20:12:42.531 [FXGL Background Thread 3 ] DEBUG Engine               - configClass: Optional.empty
20:12:42.531 [FXGL Background Thread 3 ] DEBUG Engine               - credits: []
20:12:42.531 [FXGL Background Thread 3 ] DEBUG Engine               - defaultCursor: CursorInfo(imageName=fxgl_default_cursor.png, hotspotX=7.0, hotspotY=6.0)
20:12:42.531 [FXGL Background Thread 3 ] DEBUG Engine               - devBBoxColorProperty: ObjectProperty [value: 0xff0000ff]
20:12:42.531 [FXGL Background Thread 3 ] DEBUG Engine               - devEnableDebugCameraProperty: BooleanProperty [value: false]
20:12:42.531 [FXGL Background Thread 3 ] DEBUG Engine               - devSensorColorProperty: ObjectProperty [value: 0xffff00ff]
20:12:42.531 [FXGL Background Thread 3 ] DEBUG Engine               - devShowBBoxProperty: BooleanProperty [value: false]
20:12:42.531 [FXGL Background Thread 3 ] DEBUG Engine               - devShowPositionProperty: BooleanProperty [value: false]
20:12:42.531 [FXGL Background Thread 3 ] DEBUG Engine               - enabledMenuItems: []
20:12:42.533 [FXGL Background Thread 3 ] DEBUG Engine               - engineServices: [class com.almasb.fxgl.app.services.FXGLAssetLoaderService, class com.almasb.fxgl.app.FXGLApplication$GameApplicationService, class com.almasb.fxgl.app.services.FXGLDialogService, class com.almasb.fxgl.app.services.IOTaskExecutorService, class com.almasb.fxgl.io.FileSystemService, class com.almasb.fxgl.localization.LocalizationService, class com.almasb.fxgl.app.services.SystemBundleService, class com.almasb.fxgl.profile.SaveLoadService, class com.almasb.fxgl.ui.FXGLUIFactoryServiceProvider, class com.almasb.fxgl.ui.FXGLDialogFactoryServiceProvider, class com.almasb.fxgl.audio.AudioPlayer, class com.almasb.fxgl.notification.impl.NotificationServiceProvider, class com.almasb.fxgl.achievement.AchievementService, class com.almasb.fxgl.cutscene.CutsceneService, class com.almasb.fxgl.minigames.MiniGameService, class com.almasb.fxgl.net.NetService, class com.almasb.fxgl.app.services.UpdaterService, class com.almasb.fxgl.dev.DevService]
20:12:42.533 [FXGL Background Thread 3 ] DEBUG Engine               - fontGame: Abel-Regular.ttf
20:12:42.533 [FXGL Background Thread 3 ] DEBUG Engine               - fontMono: lucida_console.ttf
20:12:42.533 [FXGL Background Thread 3 ] DEBUG Engine               - fontText: Courier-Prime.ttf
20:12:42.533 [FXGL Background Thread 3 ] DEBUG Engine               - fontUI: VarelaRound-Regular.ttf
20:12:42.533 [FXGL Background Thread 3 ] DEBUG Engine               - fullScreen: BooleanProperty [value: false]
20:12:42.533 [FXGL Background Thread 3 ] DEBUG Engine               - gameDifficulty: MEDIUM
20:12:42.533 [FXGL Background Thread 3 ] DEBUG Engine               - gameDifficultyProperty: ObjectProperty [value: MEDIUM]
20:12:42.533 [FXGL Background Thread 3 ] DEBUG Engine               - globalMusicVolume: 0.5
20:12:42.533 [FXGL Background Thread 3 ] DEBUG Engine               - globalMusicVolumeProperty: DoubleProperty [value: 0.5]
20:12:42.533 [FXGL Background Thread 3 ] DEBUG Engine               - globalSoundVolume: 0.5
20:12:42.533 [FXGL Background Thread 3 ] DEBUG Engine               - globalSoundVolumeProperty: DoubleProperty [value: 0.5]
20:12:42.533 [FXGL Background Thread 3 ] DEBUG Engine               - height: 1080
20:12:42.533 [FXGL Background Thread 3 ] DEBUG Engine               - is3D: false
20:12:42.534 [FXGL Background Thread 3 ] DEBUG Engine               - isAndroid: false
20:12:42.534 [FXGL Background Thread 3 ] DEBUG Engine               - isBrowser: false
20:12:42.534 [FXGL Background Thread 3 ] DEBUG Engine               - isClickFeedbackEnabled: false
20:12:42.534 [FXGL Background Thread 3 ] DEBUG Engine               - isCloseConfirmation: true
20:12:42.534 [FXGL Background Thread 3 ] DEBUG Engine               - isDesktop: true
20:12:42.534 [FXGL Background Thread 3 ] DEBUG Engine               - isDeveloperMenuEnabled: false
20:12:42.534 [FXGL Background Thread 3 ] DEBUG Engine               - isEntityPreloadEnabled: true
20:12:42.534 [FXGL Background Thread 3 ] DEBUG Engine               - isExperimentalTiledLargeMap: false
20:12:42.534 [FXGL Background Thread 3 ] DEBUG Engine               - isFileSystemWriteAllowed: true
20:12:42.534 [FXGL Background Thread 3 ] DEBUG Engine               - isFullScreenAllowed: false
20:12:42.534 [FXGL Background Thread 3 ] DEBUG Engine               - isFullScreenFromStart: false
20:12:42.534 [FXGL Background Thread 3 ] DEBUG Engine               - isGameMenuEnabled: false
20:12:42.534 [FXGL Background Thread 3 ] DEBUG Engine               - isIOS: false
20:12:42.534 [FXGL Background Thread 3 ] DEBUG Engine               - isIntroEnabled: false
20:12:42.534 [FXGL Background Thread 3 ] DEBUG Engine               - isLinux: false
20:12:42.534 [FXGL Background Thread 3 ] DEBUG Engine               - isMac: false
20:12:42.534 [FXGL Background Thread 3 ] DEBUG Engine               - isMainMenuEnabled: true
20:12:42.534 [FXGL Background Thread 3 ] DEBUG Engine               - isManualResizeEnabled: false
20:12:42.534 [FXGL Background Thread 3 ] DEBUG Engine               - isMobile: false
20:12:42.534 [FXGL Background Thread 3 ] DEBUG Engine               - isNative: false
20:12:42.534 [FXGL Background Thread 3 ] DEBUG Engine               - isPauseMusicWhenMinimized: true
20:12:42.534 [FXGL Background Thread 3 ] DEBUG Engine               - isPreserveResizeRatio: false
20:12:42.535 [FXGL Background Thread 3 ] DEBUG Engine               - isProfilingEnabled: false
20:12:42.535 [FXGL Background Thread 3 ] DEBUG Engine               - isScaleAffectedOnResize: true
20:12:42.535 [FXGL Background Thread 3 ] DEBUG Engine               - isSingleStep: false
20:12:42.535 [FXGL Background Thread 3 ] DEBUG Engine               - isUserProfileEnabled: false
20:12:42.535 [FXGL Background Thread 3 ] DEBUG Engine               - isWindows: true
20:12:42.535 [FXGL Background Thread 3 ] DEBUG Engine               - language: ObjectProperty [value: ENGLISH]
20:12:42.535 [FXGL Background Thread 3 ] DEBUG Engine               - menuKey: ESCAPE
20:12:42.535 [FXGL Background Thread 3 ] DEBUG Engine               - mouseSensitivity: 0.2
20:12:42.535 [FXGL Background Thread 3 ] DEBUG Engine               - notificationViewClass: class com.almasb.fxgl.notification.view.XboxNotificationView
20:12:42.535 [FXGL Background Thread 3 ] DEBUG Engine               - pixelsPerMeter: 50.0
20:12:42.535 [FXGL Background Thread 3 ] DEBUG Engine               - platform: WINDOWS
20:12:42.535 [FXGL Background Thread 3 ] DEBUG Engine               - prefHeightProperty: ReadOnlyDoubleProperty [value: 1080.0]
20:12:42.535 [FXGL Background Thread 3 ] DEBUG Engine               - prefWidthProperty: ReadOnlyDoubleProperty [value: 1920.0]
20:12:42.535 [FXGL Background Thread 3 ] DEBUG Engine               - profileDir: profiles/
20:12:42.536 [FXGL Background Thread 3 ] DEBUG Engine               - profileName: StringProperty [value: DEFAULT]
20:12:42.536 [FXGL Background Thread 3 ] DEBUG Engine               - randomSeed: -1
20:12:42.536 [FXGL Background Thread 3 ] DEBUG Engine               - runtimeInfo: RuntimeInfo(platform=WINDOWS, version=11.17, build=16.07.2021 15.46)
20:12:42.536 [FXGL Background Thread 3 ] DEBUG Engine               - saveFileExt: sav
20:12:42.536 [FXGL Background Thread 3 ] DEBUG Engine               - scaledHeightProp$fxgl: DoubleProperty [bound, value: 720.0]
20:12:42.536 [FXGL Background Thread 3 ] DEBUG Engine               - scaledWidthProp$fxgl: DoubleProperty [bound, value: 1255.0]
20:12:42.536 [FXGL Background Thread 3 ] DEBUG Engine               - sceneFactory: com.example.demo.MySceneFactory@22a1c4de
20:12:42.536 [FXGL Background Thread 3 ] DEBUG Engine               - secondsIn24h: 60
20:12:42.536 [FXGL Background Thread 3 ] DEBUG Engine               - soundMenuBack: menu/back.wav
20:12:42.536 [FXGL Background Thread 3 ] DEBUG Engine               - soundMenuPress: menu/press.wav
20:12:42.536 [FXGL Background Thread 3 ] DEBUG Engine               - soundMenuSelect: menu/select.wav
20:12:42.536 [FXGL Background Thread 3 ] DEBUG Engine               - soundNotification: core/notification.wav
20:12:42.536 [FXGL Background Thread 3 ] DEBUG Engine               - stageStyle: DECORATED
20:12:42.537 [FXGL Background Thread 3 ] DEBUG Engine               - supportedLanguages: [ENGLISH, FRENCH, GERMAN, HUNGARIAN, RUSSIAN]
20:12:42.537 [FXGL Background Thread 3 ] DEBUG Engine               - ticksPerSecond: -1
20:12:42.537 [FXGL Background Thread 3 ] DEBUG Engine               - title: Stictactics
20:12:42.537 [FXGL Background Thread 3 ] DEBUG Engine               - urlGithub: https://github.com/AlmasB/FXGL
20:12:42.537 [FXGL Background Thread 3 ] DEBUG Engine               - urlLeaderboard: http://fxgl-top.herokuapp.com/
20:12:42.537 [FXGL Background Thread 3 ] DEBUG Engine               - urlPOM: https://raw.githubusercontent.com/AlmasB/FXGL/release/README.md
20:12:42.537 [FXGL Background Thread 3 ] DEBUG Engine               - userAppClass: class com.example.demo.HelloApplication
20:12:42.537 [FXGL Background Thread 3 ] DEBUG Engine               - version: 0.0
20:12:42.537 [FXGL Background Thread 3 ] DEBUG Engine               - versionCheckDays: 7
20:12:42.537 [FXGL Background Thread 3 ] DEBUG Engine               - width: 1920
20:12:42.537 [FXGL Background Thread 3 ] DEBUG Engine               - Logging services
20:12:42.537 [FXGL Background Thread 3 ] DEBUG Engine               - class com.almasb.fxgl.app.services.FXGLAssetLoaderService
20:12:42.537 [FXGL Background Thread 3 ] DEBUG Engine               - class com.almasb.fxgl.app.FXGLApplication$GameApplicationService
20:12:42.537 [FXGL Background Thread 3 ] DEBUG Engine               - class com.almasb.fxgl.app.services.FXGLDialogService
20:12:42.537 [FXGL Background Thread 3 ] DEBUG Engine               - class com.almasb.fxgl.app.services.IOTaskExecutorService
20:12:42.537 [FXGL Background Thread 3 ] DEBUG Engine               - class com.almasb.fxgl.io.FileSystemService
20:12:42.537 [FXGL Background Thread 3 ] DEBUG Engine               - class com.almasb.fxgl.localization.LocalizationService
20:12:42.537 [FXGL Background Thread 3 ] DEBUG Engine               - class com.almasb.fxgl.app.services.SystemBundleService
20:12:42.537 [FXGL Background Thread 3 ] DEBUG Engine               - class com.almasb.fxgl.profile.SaveLoadService
20:12:42.537 [FXGL Background Thread 3 ] DEBUG Engine               - class com.almasb.fxgl.ui.FXGLUIFactoryServiceProvider
20:12:42.537 [FXGL Background Thread 3 ] DEBUG Engine               - class com.almasb.fxgl.ui.FXGLDialogFactoryServiceProvider
20:12:42.537 [FXGL Background Thread 3 ] DEBUG Engine               - class com.almasb.fxgl.audio.AudioPlayer
20:12:42.537 [FXGL Background Thread 3 ] DEBUG Engine               - class com.almasb.fxgl.notification.impl.NotificationServiceProvider
20:12:42.537 [FXGL Background Thread 3 ] DEBUG Engine               - class com.almasb.fxgl.achievement.AchievementService
20:12:42.537 [FXGL Background Thread 3 ] DEBUG Engine               - class com.almasb.fxgl.cutscene.CutsceneService
20:12:42.539 [FXGL Background Thread 3 ] DEBUG Engine               - class com.almasb.fxgl.minigames.MiniGameService
20:12:42.539 [FXGL Background Thread 3 ] DEBUG Engine               - class com.almasb.fxgl.net.NetService
20:12:42.539 [FXGL Background Thread 3 ] DEBUG Engine               - class com.almasb.fxgl.app.services.UpdaterService
20:12:42.539 [FXGL Background Thread 3 ] DEBUG Engine               - class com.almasb.fxgl.dev.DevService
20:12:50.072 [JavaFX Application Thread] DEBUG LoopRunner           - Pausing loop
20:12:50.086 [JavaFX Application Thread] DEBUG LoopRunner           - Pausing loop
20:12:51.733 [JavaFX Application Thread] DEBUG PrimaryStageWindow   - Push state: DialogSubScene
20:12:51.733 [JavaFX Application Thread] DEBUG Input                - Clearing active input actions
20:12:51.734 [JavaFX Application Thread] DEBUG GameApplicationServi - Removing overlay from GameScene and adding to DialogSubScene
20:12:51.734 [JavaFX Application Thread] DEBUG PrimaryStageWindow   - GameScene -> DialogSubScene
20:12:52.454 [JavaFX Application Thread] DEBUG PrimaryStageWindow   - Pop state: DialogSubScene
20:12:52.455 [JavaFX Application Thread] DEBUG Input                - Clearing active input actions
20:12:52.456 [JavaFX Application Thread] DEBUG GameApplicationServi - Removing overlay from DialogSubScene and adding to GameScene
20:12:52.456 [JavaFX Application Thread] DEBUG PrimaryStageWindow   - GameScene <- DialogSubScene
20:12:52.456 [JavaFX Application Thread] DEBUG FXGLApplication      - Exiting FXGL
20:12:52.456 [JavaFX Application Thread] DEBUG LoopRunner           - Stopping loop
20:12:52.456 [JavaFX Application Thread] DEBUG SystemBundleService  - Saving FXGL system data
20:12:52.460 [JavaFX Application Thread] DEBUG FileSystemAccess     - Writing to: C:\Users\zyla\demoGame4OOP\system\fxgl.bundle
20:12:52.464 [JavaFX Application Thread] DEBUG Async                - Shutting down background threads
20:12:52.465 [JavaFX Application Thread] DEBUG PrimaryStageWindow   - Closing main window
20:12:52.486 [JavaFX Application Thread] DEBUG Logger               - Closing Logger
