22:52:38.289 [main                     ] DEBUG Logger               - Configured Logger
22:52:38.291 [main                     ] DEBUG GameApplication      - Logging settings
Title: Stictactics
Version: 0.0
Width: 1920
Height: 1080
Fullscreen: false
Intro: true
Profiling: false
Single step:false
App Mode: DEVELOPER
Menu Key: ESCAPE
Stage Style: DECORATED
Scene Factory: class com.example.demo.MySceneFactory

22:52:38.958 [JavaFX Application Thread] DEBUG FXGLApplication      - Initializing FXGL
22:52:38.960 [JavaFX Application Thread] INFO  Engine               - FXGL-11.17 (16.07.2021 15.46) on WINDOWS (J:23 FX:17.0.6)
22:52:38.961 [JavaFX Application Thread] DEBUG Engine               - JRE Vendor Name: Oracle Corporation
22:52:38.961 [JavaFX Application Thread] DEBUG Engine               - Running on OS: Windows 11 version 10.0
22:52:38.961 [JavaFX Application Thread] DEBUG Engine               - Architecture: amd64
22:52:38.961 [JavaFX Application Thread] INFO  Engine               - Source code and latest versions at: https://github.com/AlmasB/FXGL
22:52:38.961 [JavaFX Application Thread] INFO  Engine               -              Join the FXGL chat at: https://gitter.im/AlmasB/FXGL
22:52:39.042 [JavaFX Application Thread] DEBUG PrimaryStageWindow   - Creating a JavaFX scene
22:52:39.088 [JavaFX Application Thread] DEBUG PrimaryStageWindow   - Target settings size: 1920.0 x 1080.0
22:52:39.088 [JavaFX Application Thread] DEBUG PrimaryStageWindow   - Scaled scene size:    1920.0 x 1080.0
22:52:39.088 [JavaFX Application Thread] DEBUG PrimaryStageWindow   - Scaled ratio: (1.0, 1.0)
22:52:39.089 [JavaFX Application Thread] DEBUG PrimaryStageWindow   - Set initial scene to FXGLStartupScene
22:52:39.095 [JavaFX Application Thread] DEBUG PrimaryStageWindow   - Opening main window
22:52:39.165 [JavaFX Application Thread] DEBUG PrimaryStageWindow   - Window border size: (16.0, 39.0)
22:52:39.165 [JavaFX Application Thread] DEBUG PrimaryStageWindow   - Scaled size: 1920.0 x 1080.0
22:52:39.165 [JavaFX Application Thread] DEBUG PrimaryStageWindow   - Scaled ratio: (1.0, 1.0)
22:52:39.165 [JavaFX Application Thread] DEBUG PrimaryStageWindow   - Scene size: 1920.0 x 1080.0
22:52:39.165 [JavaFX Application Thread] DEBUG PrimaryStageWindow   - Stage size: 1936.0 x 1119.0
22:52:39.173 [FXGL Background Thread 1 ] DEBUG Engine               - Initializing environment variables
22:52:39.257 [FXGL Background Thread 1 ] DEBUG FXGLAssetLoaderServi - User app class for loading assets: class com.example.demo.HelloApplication
22:52:39.257 [FXGL Background Thread 1 ] DEBUG GameApplicationServi - Applying CSS: fxgl_dark.css
22:52:39.258 [FXGL Background Thread 1 ] DEBUG FXGLAssetLoaderServi - Loading from file system: jar:file:///C:/Users/jazph/.m2/repository/com/github/almasb/fxgl/11.17/fxgl-11.17.jar!/fxglassets/ui/css/fxgl_dark.css
22:52:39.303 [FXGL Background Thread 1 ] DEBUG GameApplicationServi - Initializing application scenes
22:52:39.343 [FXGL Background Thread 1 ] DEBUG GameWorld            - Game world initialized
22:52:39.411 [FXGL Background Thread 1 ] DEBUG PhysicsWorld         - Physics world initialized: appHeight=1080, physics.ppm=50.0
22:52:39.411 [FXGL Background Thread 1 ] DEBUG PhysicsWorld         - Using strategy: BRUTE_FORCE
22:52:39.414 [FXGL Background Thread 1 ] DEBUG GameScene            - Game scene initialized: 1920x1080
22:52:39.543 [FXGL Background Thread 1 ] DEBUG GameApplicationServi - Application scenes initialized
22:52:39.555 [FXGL Background Thread 1 ] DEBUG SystemBundleService  - Loading FXGL system data
22:52:39.561 [FXGL Background Thread 1 ] DEBUG FileSystemAccess     - Reading from: C:\Users\jazph\OneDrive\Desktop\demoGame4OOP\system\fxgl.bundle
22:52:39.570 [FXGL Background Thread 1 ] DEBUG SystemBundleService  - Bundle FXGL: {}
22:52:39.570 [FXGL Background Thread 1 ] DEBUG UpdaterService       - Checking for updates
22:52:39.576 [FXGL Background Thread 4 ] DEBUG FXGLApplication      - Loading fonts
22:52:39.576 [FXGL Background Thread 1 ] DEBUG FXGLApplication      - Loading default localization
22:52:39.577 [FXGL Background Thread 1 ] DEBUG FXGLAssetLoaderServi - Loading from file system: jar:file:///C:/Users/jazph/.m2/repository/com/github/almasb/fxgl/11.17/fxgl-11.17.jar!/fxglassets/languages/english.lang
22:52:39.577 [FXGL Background Thread 4 ] DEBUG FXGLAssetLoaderServi - Loading from file system: jar:file:///C:/Users/jazph/.m2/repository/com/github/almasb/fxgl/11.17/fxgl-11.17.jar!/fxglassets/ui/fonts/VarelaRound-Regular.ttf
22:52:39.606 [FXGL Background Thread 1 ] INFO  FXGLApplication      - FXGL initialization took: 0.432 sec
22:52:39.618 [JavaFX Application Thread] DEBUG Input                - Registered new binding: P1Left - A
22:52:39.618 [JavaFX Application Thread] DEBUG Input                - Registered new binding: P1Right - D
22:52:39.618 [JavaFX Application Thread] DEBUG Input                - Registered new binding: P1Jump - W
22:52:39.618 [JavaFX Application Thread] DEBUG Input                - Registered new binding: P1Punch - F
22:52:39.618 [JavaFX Application Thread] DEBUG Input                - Registered new binding: P2Left - J
22:52:39.619 [JavaFX Application Thread] DEBUG Input                - Registered new binding: P2Right - L
22:52:39.619 [JavaFX Application Thread] DEBUG Input                - Registered new binding: P2Jump - I
22:52:39.619 [JavaFX Application Thread] DEBUG Input                - Registered new binding: P2Punch - H
22:52:39.625 [JavaFX Application Thread] WARN  FXGLAssetLoaderServi - Asset "/assets/textures//assets/textures/background-intro.mp4" was not found!
22:52:39.625 [JavaFX Application Thread] WARN  FXGLAssetLoaderServi - Failed to load IMAGE
22:52:39.638 [FXGL Background Thread 4 ] DEBUG FXGLAssetLoaderServi - Loading from file system: jar:file:///C:/Users/jazph/.m2/repository/com/github/almasb/fxgl/11.17/fxgl-11.17.jar!/fxglassets/ui/fonts/Abel-Regular.ttf
22:52:39.650 [JavaFX Application Thread] DEBUG FXGLAssetLoaderServi - Loading from file system: jar:file:///C:/Users/jazph/.m2/repository/com/github/almasb/fxgl/11.17/fxgl-11.17.jar!/fxglassets/textures/fxgl_icon.png
22:52:39.659 [FXGL Background Thread 4 ] DEBUG FXGLAssetLoaderServi - Loading from file system: jar:file:///C:/Users/jazph/.m2/repository/com/github/almasb/fxgl/11.17/fxgl-11.17.jar!/fxglassets/ui/fonts/lucida_console.ttf
22:52:39.682 [FXGL Background Thread 4 ] DEBUG FXGLAssetLoaderServi - Loading from file system: jar:file:///C:/Users/jazph/.m2/repository/com/github/almasb/fxgl/11.17/fxgl-11.17.jar!/fxglassets/ui/fonts/Courier-Prime.ttf
22:52:39.708 [JavaFX Application Thread] DEBUG FXGLAssetLoaderServi - Loading from file system: jar:file:///C:/Users/jazph/.m2/repository/com/github/almasb/fxgl/11.17/fxgl-11.17.jar!/fxglassets/textures/fxgl_default_cursor.png
22:52:39.711 [JavaFX Application Thread] DEBUG Input                - Registered new binding: Screenshot - CTRL+8
22:52:39.711 [JavaFX Application Thread] DEBUG Input                - Registered new binding: System info dump - CTRL+9
22:52:39.712 [JavaFX Application Thread] DEBUG Input                - Registered new binding: Restart - CTRL+R
22:52:39.713 [JavaFX Application Thread] DEBUG Input                - Registered new binding: Toggle Debug Camera - CTRL+C
22:52:39.716 [JavaFX Application Thread] DEBUG LoopRunner           - Starting loop
22:52:39.716 [JavaFX Application Thread] DEBUG LoopRunner           - Initializing JavaFX AnimationTimerLoop
22:52:39.728 [JavaFX Application Thread] DEBUG Input                - Clearing active input actions
22:52:39.748 [JavaFX Application Thread] DEBUG GameApplicationServi - Removing overlay from FXGLStartupScene and adding to CustomIntro
22:52:39.749 [JavaFX Application Thread] DEBUG PrimaryStageWindow   - FXGLStartupScene -> CustomIntro
22:52:39.768 [JavaFX Application Thread] DEBUG FXGLApplication      - Registering font factories with UI factory
22:52:40.183 [FXGL Background Thread 2 ] INFO  UpdaterService       - Your current version:  11.17
22:52:40.184 [FXGL Background Thread 2 ] INFO  UpdaterService       - Latest stable version: 21.1
22:52:42.574 [FXGL Background Thread 3 ] DEBUG Engine               - Logging environment variables
22:52:42.574 [FXGL Background Thread 3 ] DEBUG Engine               - achievements: []
22:52:42.574 [FXGL Background Thread 3 ] DEBUG Engine               - actualHeight: 1080.0
22:52:42.574 [FXGL Background Thread 3 ] DEBUG Engine               - actualHeightProperty: ReadOnlyDoubleProperty [value: 1080.0]
22:52:42.574 [FXGL Background Thread 3 ] DEBUG Engine               - actualWidth: 1920.0
22:52:42.574 [FXGL Background Thread 3 ] DEBUG Engine               - actualWidthProperty: ReadOnlyDoubleProperty [value: 1920.0]
22:52:42.574 [FXGL Background Thread 3 ] DEBUG Engine               - appIcon: fxgl_icon.png
22:52:42.574 [FXGL Background Thread 3 ] DEBUG Engine               - applicationMode: DEVELOPER
22:52:42.574 [FXGL Background Thread 3 ] DEBUG Engine               - cSSList: [fxgl_dark.css]
22:52:42.574 [FXGL Background Thread 3 ] DEBUG Engine               - collisionDetectionStrategy: BRUTE_FORCE
22:52:42.575 [FXGL Background Thread 3 ] DEBUG Engine               - configClass: Optional.empty
22:52:42.575 [FXGL Background Thread 3 ] DEBUG Engine               - credits: []
22:52:42.575 [FXGL Background Thread 3 ] DEBUG Engine               - defaultCursor: CursorInfo(imageName=fxgl_default_cursor.png, hotspotX=7.0, hotspotY=6.0)
22:52:42.575 [FXGL Background Thread 3 ] DEBUG Engine               - devBBoxColorProperty: ObjectProperty [value: 0xff0000ff]
22:52:42.575 [FXGL Background Thread 3 ] DEBUG Engine               - devEnableDebugCameraProperty: BooleanProperty [value: false]
22:52:42.575 [FXGL Background Thread 3 ] DEBUG Engine               - devSensorColorProperty: ObjectProperty [value: 0xffff00ff]
22:52:42.575 [FXGL Background Thread 3 ] DEBUG Engine               - devShowBBoxProperty: BooleanProperty [value: false]
22:52:42.575 [FXGL Background Thread 3 ] DEBUG Engine               - devShowPositionProperty: BooleanProperty [value: false]
22:52:42.575 [FXGL Background Thread 3 ] DEBUG Engine               - enabledMenuItems: []
22:52:42.575 [FXGL Background Thread 3 ] DEBUG Engine               - engineServices: [class com.almasb.fxgl.app.services.FXGLAssetLoaderService, class com.almasb.fxgl.app.FXGLApplication$GameApplicationService, class com.almasb.fxgl.app.services.FXGLDialogService, class com.almasb.fxgl.app.services.IOTaskExecutorService, class com.almasb.fxgl.io.FileSystemService, class com.almasb.fxgl.localization.LocalizationService, class com.almasb.fxgl.app.services.SystemBundleService, class com.almasb.fxgl.profile.SaveLoadService, class com.almasb.fxgl.ui.FXGLUIFactoryServiceProvider, class com.almasb.fxgl.ui.FXGLDialogFactoryServiceProvider, class com.almasb.fxgl.audio.AudioPlayer, class com.almasb.fxgl.notification.impl.NotificationServiceProvider, class com.almasb.fxgl.achievement.AchievementService, class com.almasb.fxgl.cutscene.CutsceneService, class com.almasb.fxgl.minigames.MiniGameService, class com.almasb.fxgl.net.NetService, class com.almasb.fxgl.app.services.UpdaterService, class com.almasb.fxgl.dev.DevService]
22:52:42.575 [FXGL Background Thread 3 ] DEBUG Engine               - fontGame: Abel-Regular.ttf
22:52:42.575 [FXGL Background Thread 3 ] DEBUG Engine               - fontMono: lucida_console.ttf
22:52:42.575 [FXGL Background Thread 3 ] DEBUG Engine               - fontText: Courier-Prime.ttf
22:52:42.575 [FXGL Background Thread 3 ] DEBUG Engine               - fontUI: VarelaRound-Regular.ttf
22:52:42.575 [FXGL Background Thread 3 ] DEBUG Engine               - fullScreen: BooleanProperty [value: false]
22:52:42.575 [FXGL Background Thread 3 ] DEBUG Engine               - gameDifficulty: MEDIUM
22:52:42.575 [FXGL Background Thread 3 ] DEBUG Engine               - gameDifficultyProperty: ObjectProperty [value: MEDIUM]
22:52:42.575 [FXGL Background Thread 3 ] DEBUG Engine               - globalMusicVolume: 0.5
22:52:42.575 [FXGL Background Thread 3 ] DEBUG Engine               - globalMusicVolumeProperty: DoubleProperty [value: 0.5]
22:52:42.575 [FXGL Background Thread 3 ] DEBUG Engine               - globalSoundVolume: 0.5
22:52:42.575 [FXGL Background Thread 3 ] DEBUG Engine               - globalSoundVolumeProperty: DoubleProperty [value: 0.5]
22:52:42.575 [FXGL Background Thread 3 ] DEBUG Engine               - height: 1080
22:52:42.576 [FXGL Background Thread 3 ] DEBUG Engine               - is3D: false
22:52:42.576 [FXGL Background Thread 3 ] DEBUG Engine               - isAndroid: false
22:52:42.576 [FXGL Background Thread 3 ] DEBUG Engine               - isBrowser: false
22:52:42.576 [FXGL Background Thread 3 ] DEBUG Engine               - isClickFeedbackEnabled: false
22:52:42.576 [FXGL Background Thread 3 ] DEBUG Engine               - isCloseConfirmation: true
22:52:42.576 [FXGL Background Thread 3 ] DEBUG Engine               - isDesktop: true
22:52:42.576 [FXGL Background Thread 3 ] DEBUG Engine               - isDeveloperMenuEnabled: false
22:52:42.576 [FXGL Background Thread 3 ] DEBUG Engine               - isEntityPreloadEnabled: true
22:52:42.576 [FXGL Background Thread 3 ] DEBUG Engine               - isExperimentalTiledLargeMap: false
22:52:42.576 [FXGL Background Thread 3 ] DEBUG Engine               - isFileSystemWriteAllowed: true
22:52:42.576 [FXGL Background Thread 3 ] DEBUG Engine               - isFullScreenAllowed: false
22:52:42.576 [FXGL Background Thread 3 ] DEBUG Engine               - isFullScreenFromStart: false
22:52:42.576 [FXGL Background Thread 3 ] DEBUG Engine               - isGameMenuEnabled: false
22:52:42.576 [FXGL Background Thread 3 ] DEBUG Engine               - isIOS: false
22:52:42.576 [FXGL Background Thread 3 ] DEBUG Engine               - isIntroEnabled: true
22:52:42.576 [FXGL Background Thread 3 ] DEBUG Engine               - isLinux: false
22:52:42.576 [FXGL Background Thread 3 ] DEBUG Engine               - isMac: false
22:52:42.576 [FXGL Background Thread 3 ] DEBUG Engine               - isMainMenuEnabled: true
22:52:42.576 [FXGL Background Thread 3 ] DEBUG Engine               - isManualResizeEnabled: false
22:52:42.576 [FXGL Background Thread 3 ] DEBUG Engine               - isMobile: false
22:52:42.576 [FXGL Background Thread 3 ] DEBUG Engine               - isNative: false
22:52:42.576 [FXGL Background Thread 3 ] DEBUG Engine               - isPauseMusicWhenMinimized: true
22:52:42.576 [FXGL Background Thread 3 ] DEBUG Engine               - isPreserveResizeRatio: false
22:52:42.576 [FXGL Background Thread 3 ] DEBUG Engine               - isProfilingEnabled: false
22:52:42.576 [FXGL Background Thread 3 ] DEBUG Engine               - isScaleAffectedOnResize: true
22:52:42.576 [FXGL Background Thread 3 ] DEBUG Engine               - isSingleStep: false
22:52:42.576 [FXGL Background Thread 3 ] DEBUG Engine               - isUserProfileEnabled: false
22:52:42.576 [FXGL Background Thread 3 ] DEBUG Engine               - isWindows: true
22:52:42.576 [FXGL Background Thread 3 ] DEBUG Engine               - language: ObjectProperty [value: ENGLISH]
22:52:42.577 [FXGL Background Thread 3 ] DEBUG Engine               - menuKey: ESCAPE
22:52:42.577 [FXGL Background Thread 3 ] DEBUG Engine               - mouseSensitivity: 0.2
22:52:42.577 [FXGL Background Thread 3 ] DEBUG Engine               - notificationViewClass: class com.almasb.fxgl.notification.view.XboxNotificationView
22:52:42.577 [FXGL Background Thread 3 ] DEBUG Engine               - pixelsPerMeter: 50.0
22:52:42.577 [FXGL Background Thread 3 ] DEBUG Engine               - platform: WINDOWS
22:52:42.577 [FXGL Background Thread 3 ] DEBUG Engine               - prefHeightProperty: ReadOnlyDoubleProperty [value: 1080.0]
22:52:42.577 [FXGL Background Thread 3 ] DEBUG Engine               - prefWidthProperty: ReadOnlyDoubleProperty [value: 1920.0]
22:52:42.577 [FXGL Background Thread 3 ] DEBUG Engine               - profileDir: profiles/
22:52:42.577 [FXGL Background Thread 3 ] DEBUG Engine               - profileName: StringProperty [value: DEFAULT]
22:52:42.577 [FXGL Background Thread 3 ] DEBUG Engine               - randomSeed: -1
22:52:42.577 [FXGL Background Thread 3 ] DEBUG Engine               - runtimeInfo: RuntimeInfo(platform=WINDOWS, version=11.17, build=16.07.2021 15.46)
22:52:42.577 [FXGL Background Thread 3 ] DEBUG Engine               - saveFileExt: sav
22:52:42.577 [FXGL Background Thread 3 ] DEBUG Engine               - scaledHeightProp$fxgl: DoubleProperty [bound, value: 1080.0]
22:52:42.577 [FXGL Background Thread 3 ] DEBUG Engine               - scaledWidthProp$fxgl: DoubleProperty [bound, value: 1920.0]
22:52:42.577 [FXGL Background Thread 3 ] DEBUG Engine               - sceneFactory: com.example.demo.MySceneFactory@4f931a8b
22:52:42.577 [FXGL Background Thread 3 ] DEBUG Engine               - secondsIn24h: 60
22:52:42.577 [FXGL Background Thread 3 ] DEBUG Engine               - soundMenuBack: menu/back.wav
22:52:42.577 [FXGL Background Thread 3 ] DEBUG Engine               - soundMenuPress: menu/press.wav
22:52:42.577 [FXGL Background Thread 3 ] DEBUG Engine               - soundMenuSelect: menu/select.wav
22:52:42.577 [FXGL Background Thread 3 ] DEBUG Engine               - soundNotification: core/notification.wav
22:52:42.577 [FXGL Background Thread 3 ] DEBUG Engine               - stageStyle: DECORATED
22:52:42.577 [FXGL Background Thread 3 ] DEBUG Engine               - supportedLanguages: [ENGLISH, FRENCH, GERMAN, HUNGARIAN, RUSSIAN]
22:52:42.577 [FXGL Background Thread 3 ] DEBUG Engine               - ticksPerSecond: -1
22:52:42.577 [FXGL Background Thread 3 ] DEBUG Engine               - title: Stictactics
22:52:42.577 [FXGL Background Thread 3 ] DEBUG Engine               - urlGithub: https://github.com/AlmasB/FXGL
22:52:42.577 [FXGL Background Thread 3 ] DEBUG Engine               - urlLeaderboard: http://fxgl-top.herokuapp.com/
22:52:42.578 [FXGL Background Thread 3 ] DEBUG Engine               - urlPOM: https://raw.githubusercontent.com/AlmasB/FXGL/release/README.md
22:52:42.578 [FXGL Background Thread 3 ] DEBUG Engine               - userAppClass: class com.example.demo.HelloApplication
22:52:42.578 [FXGL Background Thread 3 ] DEBUG Engine               - version: 0.0
22:52:42.578 [FXGL Background Thread 3 ] DEBUG Engine               - versionCheckDays: 7
22:52:42.578 [FXGL Background Thread 3 ] DEBUG Engine               - width: 1920
22:52:42.578 [FXGL Background Thread 3 ] DEBUG Engine               - Logging services
22:52:42.578 [FXGL Background Thread 3 ] DEBUG Engine               - class com.almasb.fxgl.app.services.FXGLAssetLoaderService
22:52:42.578 [FXGL Background Thread 3 ] DEBUG Engine               - class com.almasb.fxgl.app.FXGLApplication$GameApplicationService
22:52:42.578 [FXGL Background Thread 3 ] DEBUG Engine               - class com.almasb.fxgl.app.services.FXGLDialogService
22:52:42.578 [FXGL Background Thread 3 ] DEBUG Engine               - class com.almasb.fxgl.app.services.IOTaskExecutorService
22:52:42.578 [FXGL Background Thread 3 ] DEBUG Engine               - class com.almasb.fxgl.io.FileSystemService
22:52:42.578 [FXGL Background Thread 3 ] DEBUG Engine               - class com.almasb.fxgl.localization.LocalizationService
22:52:42.578 [FXGL Background Thread 3 ] DEBUG Engine               - class com.almasb.fxgl.app.services.SystemBundleService
22:52:42.578 [FXGL Background Thread 3 ] DEBUG Engine               - class com.almasb.fxgl.profile.SaveLoadService
22:52:42.578 [FXGL Background Thread 3 ] DEBUG Engine               - class com.almasb.fxgl.ui.FXGLUIFactoryServiceProvider
22:52:42.578 [FXGL Background Thread 3 ] DEBUG Engine               - class com.almasb.fxgl.ui.FXGLDialogFactoryServiceProvider
22:52:42.578 [FXGL Background Thread 3 ] DEBUG Engine               - class com.almasb.fxgl.audio.AudioPlayer
22:52:42.578 [FXGL Background Thread 3 ] DEBUG Engine               - class com.almasb.fxgl.notification.impl.NotificationServiceProvider
22:52:42.578 [FXGL Background Thread 3 ] DEBUG Engine               - class com.almasb.fxgl.achievement.AchievementService
22:52:42.578 [FXGL Background Thread 3 ] DEBUG Engine               - class com.almasb.fxgl.cutscene.CutsceneService
22:52:42.578 [FXGL Background Thread 3 ] DEBUG Engine               - class com.almasb.fxgl.minigames.MiniGameService
22:52:42.578 [FXGL Background Thread 3 ] DEBUG Engine               - class com.almasb.fxgl.net.NetService
22:52:42.578 [FXGL Background Thread 3 ] DEBUG Engine               - class com.almasb.fxgl.app.services.UpdaterService
22:52:42.578 [FXGL Background Thread 3 ] DEBUG Engine               - class com.almasb.fxgl.dev.DevService
22:52:46.782 [JavaFX Application Thread] DEBUG Input                - Clearing active input actions
22:52:46.789 [JavaFX Application Thread] DEBUG GameApplicationServi - Removing overlay from CustomIntro and adding to FXGLMainMenuDummyScene
22:52:46.789 [JavaFX Application Thread] DEBUG PrimaryStageWindow   - CustomIntro -> FXGLMainMenuDummyScene
22:52:46.790 [JavaFX Application Thread] DEBUG PrimaryStageWindow   - Push state: CustomMainMenu
22:52:46.790 [JavaFX Application Thread] DEBUG Input                - Clearing active input actions
22:52:46.793 [JavaFX Application Thread] DEBUG GameApplicationServi - Removing overlay from FXGLMainMenuDummyScene and adding to CustomMainMenu
22:52:46.794 [JavaFX Application Thread] DEBUG PrimaryStageWindow   - FXGLMainMenuDummyScene -> CustomMainMenu
22:52:52.005 [JavaFX Application Thread] DEBUG PrimaryStageWindow   - Push state: DialogSubScene
22:52:52.006 [JavaFX Application Thread] DEBUG Input                - Clearing active input actions
22:52:52.006 [JavaFX Application Thread] DEBUG GameApplicationServi - Removing overlay from CustomMainMenu and adding to DialogSubScene
22:52:52.006 [JavaFX Application Thread] DEBUG PrimaryStageWindow   - CustomMainMenu -> DialogSubScene
22:52:53.299 [JavaFX Application Thread] DEBUG PrimaryStageWindow   - Pop state: DialogSubScene
22:52:53.299 [JavaFX Application Thread] DEBUG Input                - Clearing active input actions
22:52:53.300 [JavaFX Application Thread] DEBUG GameApplicationServi - Removing overlay from DialogSubScene and adding to CustomMainMenu
22:52:53.300 [JavaFX Application Thread] DEBUG PrimaryStageWindow   - CustomMainMenu <- DialogSubScene
22:52:54.257 [JavaFX Application Thread] DEBUG Menu                 - fireNewGame()
22:52:54.258 [JavaFX Application Thread] DEBUG GameApplicationServi - Starting new game
22:52:54.258 [JavaFX Application Thread] DEBUG PrimaryStageWindow   - Pop state: CustomMainMenu
22:52:54.258 [JavaFX Application Thread] DEBUG Input                - Clearing active input actions
22:52:54.258 [JavaFX Application Thread] DEBUG GameApplicationServi - Removing overlay from CustomMainMenu and adding to FXGLMainMenuDummyScene
22:52:54.258 [JavaFX Application Thread] DEBUG PrimaryStageWindow   - FXGLMainMenuDummyScene <- CustomMainMenu
22:52:54.258 [JavaFX Application Thread] DEBUG Input                - Clearing active input actions
22:52:54.262 [JavaFX Application Thread] DEBUG GameApplicationServi - Removing overlay from FXGLMainMenuDummyScene and adding to FXGLLoadingScene
22:52:54.262 [JavaFX Application Thread] DEBUG PrimaryStageWindow   - FXGLMainMenuDummyScene -> FXGLLoadingScene
22:52:54.262 [JavaFX Application Thread] DEBUG GameApplicationServi - Clearing previous game
22:52:54.262 [JavaFX Application Thread] DEBUG GameScene            - Clearing game scene
22:52:54.262 [JavaFX Application Thread] DEBUG GameWorld            - Clearing game world
22:52:54.262 [JavaFX Application Thread] DEBUG PhysicsWorld         - Clearing physics world
22:52:54.264 [FXGL Background Thread 2 ] DEBUG FXGLApplication      - Initializing game
22:52:54.308 [FXGL Background Thread 2 ] WARN  TMXLevelLoader       - TiledMap generated from 1.11.2. Supported version: 1.2.3. Some features may not be parsed fully.
22:52:54.315 [FXGL Background Thread 2 ] DEBUG TMXLevelLoader       - Parsed TiledMap: file:/C:/Users/jazph/OneDrive/Desktop/demoGame4OOP/target/classes/assets/levels/tmx/idkbackground.tmx
22:52:54.316 [FXGL Background Thread 2 ] DEBUG TMXLevelLoader       - Creating tile layer entities
22:52:54.317 [FXGL Background Thread 2 ] DEBUG TilesetLoader        - Loading view for layer Tile Layer 1
22:52:54.319 [FXGL Background Thread 2 ] DEBUG TilesetLoader        - Created buffer with size 1984.0x1088.0
22:52:54.379 [FXGL Background Thread 2 ] DEBUG TMXLevelLoader       - Creating object layer entities
22:52:54.403 [FXGL Background Thread 2 ] DEBUG GameWorld            - Clearing removable entities
22:52:54.404 [FXGL Background Thread 2 ] DEBUG GameWorld            - Setting level: com.almasb.fxgl.entity.level.Level@49940dc5
22:52:54.414 [FXGL Background Thread 2 ] DEBUG FXGLAssetLoaderServi - Loading from file system: file:/C:/Users/jazph/OneDrive/Desktop/demoGame4OOP/target/classes/assets/textures/p1_idle.png
22:52:54.821 [FXGL Background Thread 2 ] DEBUG FXGLAssetLoaderServi - Loading from file system: file:/C:/Users/jazph/OneDrive/Desktop/demoGame4OOP/target/classes/assets/textures/walking.png
22:52:54.824 [FXGL Background Thread 2 ] DEBUG FXGLAssetLoaderServi - Loading from file system: file:/C:/Users/jazph/OneDrive/Desktop/demoGame4OOP/target/classes/assets/textures/jump.png
22:52:54.826 [FXGL Background Thread 2 ] DEBUG FXGLAssetLoaderServi - Loading from file system: file:/C:/Users/jazph/OneDrive/Desktop/demoGame4OOP/target/classes/assets/textures/punch.png
22:52:54.831 [FXGL Background Thread 2 ] DEBUG FXGLAssetLoaderServi - Loading from file system: file:/C:/Users/jazph/OneDrive/Desktop/demoGame4OOP/target/classes/assets/textures/idle_punk.png
22:52:54.832 [FXGL Background Thread 2 ] DEBUG FXGLAssetLoaderServi - Loading from file system: file:/C:/Users/jazph/OneDrive/Desktop/demoGame4OOP/target/classes/assets/textures/walk_punk.png
22:52:54.833 [FXGL Background Thread 2 ] DEBUG FXGLAssetLoaderServi - Loading from file system: file:/C:/Users/jazph/OneDrive/Desktop/demoGame4OOP/target/classes/assets/textures/punch_punk.png
22:52:54.837 [FXGL Background Thread 2 ] INFO  FXGLApplication      - Game initialization took: 0.573 sec
22:52:54.840 [JavaFX Application Thread] DEBUG Input                - Clearing active input actions
22:52:54.845 [JavaFX Application Thread] DEBUG GameApplicationServi - Removing overlay from FXGLLoadingScene and adding to GameScene
22:52:54.845 [JavaFX Application Thread] DEBUG PrimaryStageWindow   - FXGLLoadingScene -> GameScene
22:53:13.969 [JavaFX Application Thread] DEBUG GameApplicationServi - Starting new game
22:53:13.970 [JavaFX Application Thread] DEBUG Input                - Clearing active input actions
22:53:13.973 [JavaFX Application Thread] DEBUG GameApplicationServi - Removing overlay from GameScene and adding to FXGLLoadingScene
22:53:13.974 [JavaFX Application Thread] DEBUG PrimaryStageWindow   - GameScene -> FXGLLoadingScene
22:53:13.974 [JavaFX Application Thread] DEBUG GameApplicationServi - Clearing previous game
22:53:13.974 [JavaFX Application Thread] DEBUG GameScene            - Clearing game scene
22:53:13.974 [JavaFX Application Thread] DEBUG GameWorld            - Clearing game world
22:53:13.977 [JavaFX Application Thread] DEBUG PhysicsWorld         - Clearing physics world
22:53:13.977 [FXGL Background Thread 2 ] DEBUG FXGLApplication      - Initializing game
22:53:13.978 [FXGL Background Thread 2 ] WARN  TMXLevelLoader       - TiledMap generated from 1.11.2. Supported version: 1.2.3. Some features may not be parsed fully.
22:53:13.981 [FXGL Background Thread 2 ] DEBUG TMXLevelLoader       - Parsed TiledMap: file:/C:/Users/jazph/OneDrive/Desktop/demoGame4OOP/target/classes/assets/levels/tmx/idkbackground.tmx
22:53:13.981 [FXGL Background Thread 2 ] DEBUG TMXLevelLoader       - Creating tile layer entities
22:53:13.982 [FXGL Background Thread 2 ] DEBUG TilesetLoader        - Loading view for layer Tile Layer 1
22:53:13.984 [FXGL Background Thread 2 ] DEBUG TilesetLoader        - Created buffer with size 1984.0x1088.0
22:53:14.016 [FXGL Background Thread 2 ] DEBUG TMXLevelLoader       - Creating object layer entities
22:53:14.021 [FXGL Background Thread 2 ] DEBUG GameWorld            - Clearing removable entities
22:53:14.021 [FXGL Background Thread 2 ] DEBUG GameWorld            - Setting level: com.almasb.fxgl.entity.level.Level@2b64b9cb
22:53:14.027 [FXGL Background Thread 2 ] INFO  FXGLApplication      - Game initialization took: 0.051 sec
22:53:14.028 [JavaFX Application Thread] DEBUG Input                - Clearing active input actions
22:53:14.033 [JavaFX Application Thread] DEBUG GameApplicationServi - Removing overlay from FXGLLoadingScene and adding to GameScene
22:53:14.033 [JavaFX Application Thread] DEBUG PrimaryStageWindow   - FXGLLoadingScene -> GameScene
22:53:15.525 [JavaFX Application Thread] DEBUG PrimaryStageWindow   - Push state: DialogSubScene
22:53:15.525 [JavaFX Application Thread] DEBUG Input                - Clearing active input actions
22:53:15.526 [JavaFX Application Thread] DEBUG GameApplicationServi - Removing overlay from GameScene and adding to DialogSubScene
22:53:15.526 [JavaFX Application Thread] DEBUG PrimaryStageWindow   - GameScene -> DialogSubScene
22:53:16.352 [JavaFX Application Thread] DEBUG PrimaryStageWindow   - Pop state: DialogSubScene
22:53:16.352 [JavaFX Application Thread] DEBUG Input                - Clearing active input actions
22:53:16.352 [JavaFX Application Thread] DEBUG GameApplicationServi - Removing overlay from DialogSubScene and adding to GameScene
22:53:16.353 [JavaFX Application Thread] DEBUG PrimaryStageWindow   - GameScene <- DialogSubScene
22:53:16.353 [JavaFX Application Thread] DEBUG FXGLApplication      - Exiting FXGL
22:53:16.353 [JavaFX Application Thread] DEBUG LoopRunner           - Stopping loop
22:53:16.353 [JavaFX Application Thread] DEBUG SystemBundleService  - Saving FXGL system data
22:53:16.354 [JavaFX Application Thread] DEBUG FileSystemAccess     - Writing to: C:\Users\jazph\OneDrive\Desktop\demoGame4OOP\system\fxgl.bundle
22:53:16.356 [JavaFX Application Thread] DEBUG Async                - Shutting down background threads
22:53:16.356 [JavaFX Application Thread] DEBUG PrimaryStageWindow   - Closing main window
22:53:16.368 [JavaFX Application Thread] DEBUG Logger               - Closing Logger
