23:01:59.498 [main                     ] DEBUG Logger               - Configured Logger
23:01:59.500 [main                     ] DEBUG GameApplication      - Logging settings
Title: Stictactics
Version: 0.0
Width: 1920
Height: 1080
Fullscreen: false
Intro: true
Profiling: false
Single step:false
App Mode: DEVELOPER
Menu Key: ESCAPE
Stage Style: DECORATED
Scene Factory: class com.example.demo.MySceneFactory

23:02:00.120 [JavaFX Application Thread] DEBUG FXGLApplication      - Initializing FXGL
23:02:00.122 [JavaFX Application Thread] INFO  Engine               - FXGL-11.17 (16.07.2021 15.46) on WINDOWS (J:23 FX:17.0.6)
23:02:00.122 [JavaFX Application Thread] DEBUG Engine               - JRE Vendor Name: Oracle Corporation
23:02:00.122 [JavaFX Application Thread] DEBUG Engine               - Running on OS: Windows 11 version 10.0
23:02:00.122 [JavaFX Application Thread] DEBUG Engine               - Architecture: amd64
23:02:00.122 [JavaFX Application Thread] INFO  Engine               - Source code and latest versions at: https://github.com/AlmasB/FXGL
23:02:00.123 [JavaFX Application Thread] INFO  Engine               -              Join the FXGL chat at: https://gitter.im/AlmasB/FXGL
23:02:00.194 [JavaFX Application Thread] DEBUG PrimaryStageWindow   - Creating a JavaFX scene
23:02:00.236 [JavaFX Application Thread] DEBUG PrimaryStageWindow   - Target settings size: 1920.0 x 1080.0
23:02:00.236 [JavaFX Application Thread] DEBUG PrimaryStageWindow   - Scaled scene size:    1920.0 x 1080.0
23:02:00.236 [JavaFX Application Thread] DEBUG PrimaryStageWindow   - Scaled ratio: (1.0, 1.0)
23:02:00.237 [JavaFX Application Thread] DEBUG PrimaryStageWindow   - Set initial scene to FXGLStartupScene
23:02:00.242 [JavaFX Application Thread] DEBUG PrimaryStageWindow   - Opening main window
23:02:00.316 [JavaFX Application Thread] DEBUG PrimaryStageWindow   - Window border size: (16.0, 39.0)
23:02:00.316 [JavaFX Application Thread] DEBUG PrimaryStageWindow   - Scaled size: 1920.0 x 1080.0
23:02:00.316 [JavaFX Application Thread] DEBUG PrimaryStageWindow   - Scaled ratio: (1.0, 1.0)
23:02:00.316 [JavaFX Application Thread] DEBUG PrimaryStageWindow   - Scene size: 1920.0 x 1080.0
23:02:00.316 [JavaFX Application Thread] DEBUG PrimaryStageWindow   - Stage size: 1936.0 x 1119.0
23:02:00.323 [FXGL Background Thread 1 ] DEBUG Engine               - Initializing environment variables
23:02:00.426 [FXGL Background Thread 1 ] DEBUG FXGLAssetLoaderServi - User app class for loading assets: class com.example.demo.HelloApplication
23:02:00.426 [FXGL Background Thread 1 ] DEBUG GameApplicationServi - Applying CSS: fxgl_dark.css
23:02:00.427 [FXGL Background Thread 1 ] DEBUG FXGLAssetLoaderServi - Loading from file system: jar:file:///C:/Users/jazph/.m2/repository/com/github/almasb/fxgl/11.17/fxgl-11.17.jar!/fxglassets/ui/css/fxgl_dark.css
23:02:00.474 [FXGL Background Thread 1 ] DEBUG GameApplicationServi - Initializing application scenes
23:02:00.528 [FXGL Background Thread 1 ] DEBUG GameWorld            - Game world initialized
23:02:00.597 [FXGL Background Thread 1 ] DEBUG PhysicsWorld         - Physics world initialized: appHeight=1080, physics.ppm=50.0
23:02:00.597 [FXGL Background Thread 1 ] DEBUG PhysicsWorld         - Using strategy: BRUTE_FORCE
23:02:00.600 [FXGL Background Thread 1 ] DEBUG GameScene            - Game scene initialized: 1920x1080
23:02:00.721 [FXGL Background Thread 1 ] DEBUG GameApplicationServi - Application scenes initialized
23:02:00.736 [FXGL Background Thread 1 ] DEBUG SystemBundleService  - Loading FXGL system data
23:02:00.742 [FXGL Background Thread 1 ] DEBUG FileSystemAccess     - Reading from: C:\Users\jazph\OneDrive\Desktop\demoGame4OOP\system\fxgl.bundle
23:02:00.753 [FXGL Background Thread 1 ] DEBUG SystemBundleService  - Bundle FXGL: {}
23:02:00.753 [FXGL Background Thread 1 ] DEBUG UpdaterService       - Checking for updates
23:02:00.759 [FXGL Background Thread 4 ] DEBUG FXGLApplication      - Loading fonts
23:02:00.760 [FXGL Background Thread 1 ] DEBUG FXGLApplication      - Loading default localization
23:02:00.760 [FXGL Background Thread 4 ] DEBUG FXGLAssetLoaderServi - Loading from file system: jar:file:///C:/Users/jazph/.m2/repository/com/github/almasb/fxgl/11.17/fxgl-11.17.jar!/fxglassets/ui/fonts/VarelaRound-Regular.ttf
23:02:00.760 [FXGL Background Thread 1 ] DEBUG FXGLAssetLoaderServi - Loading from file system: jar:file:///C:/Users/jazph/.m2/repository/com/github/almasb/fxgl/11.17/fxgl-11.17.jar!/fxglassets/languages/english.lang
23:02:00.794 [FXGL Background Thread 1 ] INFO  FXGLApplication      - FXGL initialization took: 0.471 sec
23:02:00.805 [JavaFX Application Thread] DEBUG Input                - Registered new binding: P1Left - A
23:02:00.805 [JavaFX Application Thread] DEBUG Input                - Registered new binding: P1Right - D
23:02:00.805 [JavaFX Application Thread] DEBUG Input                - Registered new binding: P1Jump - W
23:02:00.805 [JavaFX Application Thread] DEBUG Input                - Registered new binding: P1Punch - F
23:02:00.806 [JavaFX Application Thread] DEBUG Input                - Registered new binding: P2Left - J
23:02:00.806 [JavaFX Application Thread] DEBUG Input                - Registered new binding: P2Right - L
23:02:00.806 [JavaFX Application Thread] DEBUG Input                - Registered new binding: P2Jump - I
23:02:00.806 [JavaFX Application Thread] DEBUG Input                - Registered new binding: P2Punch - H
23:02:00.812 [JavaFX Application Thread] WARN  FXGLAssetLoaderServi - Asset "/assets/textures//assets/textures/background-intro.mp4" was not found!
23:02:00.812 [JavaFX Application Thread] WARN  FXGLAssetLoaderServi - Failed to load IMAGE
23:02:00.816 [FXGL Background Thread 4 ] DEBUG FXGLAssetLoaderServi - Loading from file system: jar:file:///C:/Users/jazph/.m2/repository/com/github/almasb/fxgl/11.17/fxgl-11.17.jar!/fxglassets/ui/fonts/Abel-Regular.ttf
23:02:00.830 [FXGL Background Thread 4 ] DEBUG FXGLAssetLoaderServi - Loading from file system: jar:file:///C:/Users/jazph/.m2/repository/com/github/almasb/fxgl/11.17/fxgl-11.17.jar!/fxglassets/ui/fonts/lucida_console.ttf
23:02:00.834 [JavaFX Application Thread] DEBUG FXGLAssetLoaderServi - Loading from file system: jar:file:///C:/Users/jazph/.m2/repository/com/github/almasb/fxgl/11.17/fxgl-11.17.jar!/fxglassets/textures/fxgl_icon.png
23:02:00.847 [FXGL Background Thread 4 ] DEBUG FXGLAssetLoaderServi - Loading from file system: jar:file:///C:/Users/jazph/.m2/repository/com/github/almasb/fxgl/11.17/fxgl-11.17.jar!/fxglassets/ui/fonts/Courier-Prime.ttf
23:02:00.881 [JavaFX Application Thread] DEBUG FXGLAssetLoaderServi - Loading from file system: jar:file:///C:/Users/jazph/.m2/repository/com/github/almasb/fxgl/11.17/fxgl-11.17.jar!/fxglassets/textures/fxgl_default_cursor.png
23:02:00.884 [JavaFX Application Thread] DEBUG Input                - Registered new binding: Screenshot - CTRL+8
23:02:00.884 [JavaFX Application Thread] DEBUG Input                - Registered new binding: System info dump - CTRL+9
23:02:00.885 [JavaFX Application Thread] DEBUG Input                - Registered new binding: Restart - CTRL+R
23:02:00.886 [JavaFX Application Thread] DEBUG Input                - Registered new binding: Toggle Debug Camera - CTRL+C
23:02:00.890 [JavaFX Application Thread] DEBUG LoopRunner           - Starting loop
23:02:00.890 [JavaFX Application Thread] DEBUG LoopRunner           - Initializing JavaFX AnimationTimerLoop
23:02:00.903 [JavaFX Application Thread] DEBUG Input                - Clearing active input actions
23:02:00.922 [JavaFX Application Thread] DEBUG GameApplicationServi - Removing overlay from FXGLStartupScene and adding to CustomIntro
23:02:00.922 [JavaFX Application Thread] DEBUG PrimaryStageWindow   - FXGLStartupScene -> CustomIntro
23:02:00.938 [JavaFX Application Thread] DEBUG FXGLApplication      - Registering font factories with UI factory
23:02:01.303 [FXGL Background Thread 2 ] INFO  UpdaterService       - Your current version:  11.17
23:02:01.303 [FXGL Background Thread 2 ] INFO  UpdaterService       - Latest stable version: 21.1
23:02:03.758 [FXGL Background Thread 3 ] DEBUG Engine               - Logging environment variables
23:02:03.758 [FXGL Background Thread 3 ] DEBUG Engine               - achievements: []
23:02:03.758 [FXGL Background Thread 3 ] DEBUG Engine               - actualHeight: 1080.0
23:02:03.758 [FXGL Background Thread 3 ] DEBUG Engine               - actualHeightProperty: ReadOnlyDoubleProperty [value: 1080.0]
23:02:03.758 [FXGL Background Thread 3 ] DEBUG Engine               - actualWidth: 1920.0
23:02:03.758 [FXGL Background Thread 3 ] DEBUG Engine               - actualWidthProperty: ReadOnlyDoubleProperty [value: 1920.0]
23:02:03.758 [FXGL Background Thread 3 ] DEBUG Engine               - appIcon: fxgl_icon.png
23:02:03.758 [FXGL Background Thread 3 ] DEBUG Engine               - applicationMode: DEVELOPER
23:02:03.758 [FXGL Background Thread 3 ] DEBUG Engine               - cSSList: [fxgl_dark.css]
23:02:03.758 [FXGL Background Thread 3 ] DEBUG Engine               - collisionDetectionStrategy: BRUTE_FORCE
23:02:03.758 [FXGL Background Thread 3 ] DEBUG Engine               - configClass: Optional.empty
23:02:03.758 [FXGL Background Thread 3 ] DEBUG Engine               - credits: []
23:02:03.759 [FXGL Background Thread 3 ] DEBUG Engine               - defaultCursor: CursorInfo(imageName=fxgl_default_cursor.png, hotspotX=7.0, hotspotY=6.0)
23:02:03.759 [FXGL Background Thread 3 ] DEBUG Engine               - devBBoxColorProperty: ObjectProperty [value: 0xff0000ff]
23:02:03.759 [FXGL Background Thread 3 ] DEBUG Engine               - devEnableDebugCameraProperty: BooleanProperty [value: false]
23:02:03.759 [FXGL Background Thread 3 ] DEBUG Engine               - devSensorColorProperty: ObjectProperty [value: 0xffff00ff]
23:02:03.759 [FXGL Background Thread 3 ] DEBUG Engine               - devShowBBoxProperty: BooleanProperty [value: false]
23:02:03.759 [FXGL Background Thread 3 ] DEBUG Engine               - devShowPositionProperty: BooleanProperty [value: false]
23:02:03.759 [FXGL Background Thread 3 ] DEBUG Engine               - enabledMenuItems: []
23:02:03.759 [FXGL Background Thread 3 ] DEBUG Engine               - engineServices: [class com.almasb.fxgl.app.services.FXGLAssetLoaderService, class com.almasb.fxgl.app.FXGLApplication$GameApplicationService, class com.almasb.fxgl.app.services.FXGLDialogService, class com.almasb.fxgl.app.services.IOTaskExecutorService, class com.almasb.fxgl.io.FileSystemService, class com.almasb.fxgl.localization.LocalizationService, class com.almasb.fxgl.app.services.SystemBundleService, class com.almasb.fxgl.profile.SaveLoadService, class com.almasb.fxgl.ui.FXGLUIFactoryServiceProvider, class com.almasb.fxgl.ui.FXGLDialogFactoryServiceProvider, class com.almasb.fxgl.audio.AudioPlayer, class com.almasb.fxgl.notification.impl.NotificationServiceProvider, class com.almasb.fxgl.achievement.AchievementService, class com.almasb.fxgl.cutscene.CutsceneService, class com.almasb.fxgl.minigames.MiniGameService, class com.almasb.fxgl.net.NetService, class com.almasb.fxgl.app.services.UpdaterService, class com.almasb.fxgl.dev.DevService]
23:02:03.759 [FXGL Background Thread 3 ] DEBUG Engine               - fontGame: Abel-Regular.ttf
23:02:03.759 [FXGL Background Thread 3 ] DEBUG Engine               - fontMono: lucida_console.ttf
23:02:03.759 [FXGL Background Thread 3 ] DEBUG Engine               - fontText: Courier-Prime.ttf
23:02:03.759 [FXGL Background Thread 3 ] DEBUG Engine               - fontUI: VarelaRound-Regular.ttf
23:02:03.759 [FXGL Background Thread 3 ] DEBUG Engine               - fullScreen: BooleanProperty [value: false]
23:02:03.759 [FXGL Background Thread 3 ] DEBUG Engine               - gameDifficulty: MEDIUM
23:02:03.759 [FXGL Background Thread 3 ] DEBUG Engine               - gameDifficultyProperty: ObjectProperty [value: MEDIUM]
23:02:03.759 [FXGL Background Thread 3 ] DEBUG Engine               - globalMusicVolume: 0.5
23:02:03.759 [FXGL Background Thread 3 ] DEBUG Engine               - globalMusicVolumeProperty: DoubleProperty [value: 0.5]
23:02:03.759 [FXGL Background Thread 3 ] DEBUG Engine               - globalSoundVolume: 0.5
23:02:03.759 [FXGL Background Thread 3 ] DEBUG Engine               - globalSoundVolumeProperty: DoubleProperty [value: 0.5]
23:02:03.759 [FXGL Background Thread 3 ] DEBUG Engine               - height: 1080
23:02:03.759 [FXGL Background Thread 3 ] DEBUG Engine               - is3D: false
23:02:03.759 [FXGL Background Thread 3 ] DEBUG Engine               - isAndroid: false
23:02:03.760 [FXGL Background Thread 3 ] DEBUG Engine               - isBrowser: false
23:02:03.760 [FXGL Background Thread 3 ] DEBUG Engine               - isClickFeedbackEnabled: false
23:02:03.760 [FXGL Background Thread 3 ] DEBUG Engine               - isCloseConfirmation: true
23:02:03.760 [FXGL Background Thread 3 ] DEBUG Engine               - isDesktop: true
23:02:03.760 [FXGL Background Thread 3 ] DEBUG Engine               - isDeveloperMenuEnabled: false
23:02:03.760 [FXGL Background Thread 3 ] DEBUG Engine               - isEntityPreloadEnabled: true
23:02:03.760 [FXGL Background Thread 3 ] DEBUG Engine               - isExperimentalTiledLargeMap: false
23:02:03.760 [FXGL Background Thread 3 ] DEBUG Engine               - isFileSystemWriteAllowed: true
23:02:03.760 [FXGL Background Thread 3 ] DEBUG Engine               - isFullScreenAllowed: false
23:02:03.760 [FXGL Background Thread 3 ] DEBUG Engine               - isFullScreenFromStart: false
23:02:03.760 [FXGL Background Thread 3 ] DEBUG Engine               - isGameMenuEnabled: false
23:02:03.760 [FXGL Background Thread 3 ] DEBUG Engine               - isIOS: false
23:02:03.760 [FXGL Background Thread 3 ] DEBUG Engine               - isIntroEnabled: true
23:02:03.760 [FXGL Background Thread 3 ] DEBUG Engine               - isLinux: false
23:02:03.760 [FXGL Background Thread 3 ] DEBUG Engine               - isMac: false
23:02:03.760 [FXGL Background Thread 3 ] DEBUG Engine               - isMainMenuEnabled: true
23:02:03.760 [FXGL Background Thread 3 ] DEBUG Engine               - isManualResizeEnabled: false
23:02:03.760 [FXGL Background Thread 3 ] DEBUG Engine               - isMobile: false
23:02:03.760 [FXGL Background Thread 3 ] DEBUG Engine               - isNative: false
23:02:03.760 [FXGL Background Thread 3 ] DEBUG Engine               - isPauseMusicWhenMinimized: true
23:02:03.760 [FXGL Background Thread 3 ] DEBUG Engine               - isPreserveResizeRatio: false
23:02:03.760 [FXGL Background Thread 3 ] DEBUG Engine               - isProfilingEnabled: false
23:02:03.760 [FXGL Background Thread 3 ] DEBUG Engine               - isScaleAffectedOnResize: true
23:02:03.760 [FXGL Background Thread 3 ] DEBUG Engine               - isSingleStep: false
23:02:03.760 [FXGL Background Thread 3 ] DEBUG Engine               - isUserProfileEnabled: false
23:02:03.760 [FXGL Background Thread 3 ] DEBUG Engine               - isWindows: true
23:02:03.760 [FXGL Background Thread 3 ] DEBUG Engine               - language: ObjectProperty [value: ENGLISH]
23:02:03.760 [FXGL Background Thread 3 ] DEBUG Engine               - menuKey: ESCAPE
23:02:03.761 [FXGL Background Thread 3 ] DEBUG Engine               - mouseSensitivity: 0.2
23:02:03.761 [FXGL Background Thread 3 ] DEBUG Engine               - notificationViewClass: class com.almasb.fxgl.notification.view.XboxNotificationView
23:02:03.761 [FXGL Background Thread 3 ] DEBUG Engine               - pixelsPerMeter: 50.0
23:02:03.761 [FXGL Background Thread 3 ] DEBUG Engine               - platform: WINDOWS
23:02:03.761 [FXGL Background Thread 3 ] DEBUG Engine               - prefHeightProperty: ReadOnlyDoubleProperty [value: 1080.0]
23:02:03.761 [FXGL Background Thread 3 ] DEBUG Engine               - prefWidthProperty: ReadOnlyDoubleProperty [value: 1920.0]
23:02:03.761 [FXGL Background Thread 3 ] DEBUG Engine               - profileDir: profiles/
23:02:03.761 [FXGL Background Thread 3 ] DEBUG Engine               - profileName: StringProperty [value: DEFAULT]
23:02:03.761 [FXGL Background Thread 3 ] DEBUG Engine               - randomSeed: -1
23:02:03.761 [FXGL Background Thread 3 ] DEBUG Engine               - runtimeInfo: RuntimeInfo(platform=WINDOWS, version=11.17, build=16.07.2021 15.46)
23:02:03.761 [FXGL Background Thread 3 ] DEBUG Engine               - saveFileExt: sav
23:02:03.761 [FXGL Background Thread 3 ] DEBUG Engine               - scaledHeightProp$fxgl: DoubleProperty [bound, value: 1080.0]
23:02:03.761 [FXGL Background Thread 3 ] DEBUG Engine               - scaledWidthProp$fxgl: DoubleProperty [bound, value: 1920.0]
23:02:03.761 [FXGL Background Thread 3 ] DEBUG Engine               - sceneFactory: com.example.demo.MySceneFactory@75658dbd
23:02:03.761 [FXGL Background Thread 3 ] DEBUG Engine               - secondsIn24h: 60
23:02:03.761 [FXGL Background Thread 3 ] DEBUG Engine               - soundMenuBack: menu/back.wav
23:02:03.761 [FXGL Background Thread 3 ] DEBUG Engine               - soundMenuPress: menu/press.wav
23:02:03.761 [FXGL Background Thread 3 ] DEBUG Engine               - soundMenuSelect: menu/select.wav
23:02:03.761 [FXGL Background Thread 3 ] DEBUG Engine               - soundNotification: core/notification.wav
23:02:03.761 [FXGL Background Thread 3 ] DEBUG Engine               - stageStyle: DECORATED
23:02:03.761 [FXGL Background Thread 3 ] DEBUG Engine               - supportedLanguages: [ENGLISH, FRENCH, GERMAN, HUNGARIAN, RUSSIAN]
23:02:03.761 [FXGL Background Thread 3 ] DEBUG Engine               - ticksPerSecond: -1
23:02:03.761 [FXGL Background Thread 3 ] DEBUG Engine               - title: Stictactics
23:02:03.761 [FXGL Background Thread 3 ] DEBUG Engine               - urlGithub: https://github.com/AlmasB/FXGL
23:02:03.761 [FXGL Background Thread 3 ] DEBUG Engine               - urlLeaderboard: http://fxgl-top.herokuapp.com/
23:02:03.761 [FXGL Background Thread 3 ] DEBUG Engine               - urlPOM: https://raw.githubusercontent.com/AlmasB/FXGL/release/README.md
23:02:03.761 [FXGL Background Thread 3 ] DEBUG Engine               - userAppClass: class com.example.demo.HelloApplication
23:02:03.761 [FXGL Background Thread 3 ] DEBUG Engine               - version: 0.0
23:02:03.761 [FXGL Background Thread 3 ] DEBUG Engine               - versionCheckDays: 7
23:02:03.762 [FXGL Background Thread 3 ] DEBUG Engine               - width: 1920
23:02:03.762 [FXGL Background Thread 3 ] DEBUG Engine               - Logging services
23:02:03.762 [FXGL Background Thread 3 ] DEBUG Engine               - class com.almasb.fxgl.app.services.FXGLAssetLoaderService
23:02:03.762 [FXGL Background Thread 3 ] DEBUG Engine               - class com.almasb.fxgl.app.FXGLApplication$GameApplicationService
23:02:03.762 [FXGL Background Thread 3 ] DEBUG Engine               - class com.almasb.fxgl.app.services.FXGLDialogService
23:02:03.762 [FXGL Background Thread 3 ] DEBUG Engine               - class com.almasb.fxgl.app.services.IOTaskExecutorService
23:02:03.762 [FXGL Background Thread 3 ] DEBUG Engine               - class com.almasb.fxgl.io.FileSystemService
23:02:03.762 [FXGL Background Thread 3 ] DEBUG Engine               - class com.almasb.fxgl.localization.LocalizationService
23:02:03.762 [FXGL Background Thread 3 ] DEBUG Engine               - class com.almasb.fxgl.app.services.SystemBundleService
23:02:03.762 [FXGL Background Thread 3 ] DEBUG Engine               - class com.almasb.fxgl.profile.SaveLoadService
23:02:03.762 [FXGL Background Thread 3 ] DEBUG Engine               - class com.almasb.fxgl.ui.FXGLUIFactoryServiceProvider
23:02:03.762 [FXGL Background Thread 3 ] DEBUG Engine               - class com.almasb.fxgl.ui.FXGLDialogFactoryServiceProvider
23:02:03.762 [FXGL Background Thread 3 ] DEBUG Engine               - class com.almasb.fxgl.audio.AudioPlayer
23:02:03.762 [FXGL Background Thread 3 ] DEBUG Engine               - class com.almasb.fxgl.notification.impl.NotificationServiceProvider
23:02:03.762 [FXGL Background Thread 3 ] DEBUG Engine               - class com.almasb.fxgl.achievement.AchievementService
23:02:03.762 [FXGL Background Thread 3 ] DEBUG Engine               - class com.almasb.fxgl.cutscene.CutsceneService
23:02:03.762 [FXGL Background Thread 3 ] DEBUG Engine               - class com.almasb.fxgl.minigames.MiniGameService
23:02:03.762 [FXGL Background Thread 3 ] DEBUG Engine               - class com.almasb.fxgl.net.NetService
23:02:03.762 [FXGL Background Thread 3 ] DEBUG Engine               - class com.almasb.fxgl.app.services.UpdaterService
23:02:03.762 [FXGL Background Thread 3 ] DEBUG Engine               - class com.almasb.fxgl.dev.DevService
23:02:07.962 [JavaFX Application Thread] DEBUG Input                - Clearing active input actions
23:02:07.966 [JavaFX Application Thread] DEBUG GameApplicationServi - Removing overlay from CustomIntro and adding to FXGLMainMenuDummyScene
23:02:07.966 [JavaFX Application Thread] DEBUG PrimaryStageWindow   - CustomIntro -> FXGLMainMenuDummyScene
23:02:07.966 [JavaFX Application Thread] DEBUG PrimaryStageWindow   - Push state: CustomMainMenu
23:02:07.967 [JavaFX Application Thread] DEBUG Input                - Clearing active input actions
23:02:07.971 [JavaFX Application Thread] DEBUG GameApplicationServi - Removing overlay from FXGLMainMenuDummyScene and adding to CustomMainMenu
23:02:07.971 [JavaFX Application Thread] DEBUG PrimaryStageWindow   - FXGLMainMenuDummyScene -> CustomMainMenu
23:02:11.003 [JavaFX Application Thread] DEBUG Menu                 - fireNewGame()
23:02:11.003 [JavaFX Application Thread] DEBUG GameApplicationServi - Starting new game
23:02:11.003 [JavaFX Application Thread] DEBUG PrimaryStageWindow   - Pop state: CustomMainMenu
23:02:11.003 [JavaFX Application Thread] DEBUG Input                - Clearing active input actions
23:02:11.004 [JavaFX Application Thread] DEBUG GameApplicationServi - Removing overlay from CustomMainMenu and adding to FXGLMainMenuDummyScene
23:02:11.004 [JavaFX Application Thread] DEBUG PrimaryStageWindow   - FXGLMainMenuDummyScene <- CustomMainMenu
23:02:11.004 [JavaFX Application Thread] DEBUG Input                - Clearing active input actions
23:02:11.009 [JavaFX Application Thread] DEBUG GameApplicationServi - Removing overlay from FXGLMainMenuDummyScene and adding to FXGLLoadingScene
23:02:11.009 [JavaFX Application Thread] DEBUG PrimaryStageWindow   - FXGLMainMenuDummyScene -> FXGLLoadingScene
23:02:11.009 [JavaFX Application Thread] DEBUG GameApplicationServi - Clearing previous game
23:02:11.009 [JavaFX Application Thread] DEBUG GameScene            - Clearing game scene
23:02:11.009 [JavaFX Application Thread] DEBUG GameWorld            - Clearing game world
23:02:11.009 [JavaFX Application Thread] DEBUG PhysicsWorld         - Clearing physics world
23:02:11.011 [FXGL Background Thread 2 ] DEBUG FXGLApplication      - Initializing game
23:02:11.054 [FXGL Background Thread 2 ] WARN  TMXLevelLoader       - TiledMap generated from 1.11.2. Supported version: 1.2.3. Some features may not be parsed fully.
23:02:11.061 [FXGL Background Thread 2 ] DEBUG TMXLevelLoader       - Parsed TiledMap: file:/C:/Users/jazph/OneDrive/Desktop/demoGame4OOP/target/classes/assets/levels/tmx/idkbackground.tmx
23:02:11.061 [FXGL Background Thread 2 ] DEBUG TMXLevelLoader       - Creating tile layer entities
23:02:11.062 [FXGL Background Thread 2 ] DEBUG TilesetLoader        - Loading view for layer Tile Layer 1
23:02:11.064 [FXGL Background Thread 2 ] DEBUG TilesetLoader        - Created buffer with size 1984.0x1088.0
23:02:11.135 [FXGL Background Thread 2 ] DEBUG TMXLevelLoader       - Creating object layer entities
23:02:11.162 [FXGL Background Thread 2 ] DEBUG GameWorld            - Clearing removable entities
23:02:11.163 [FXGL Background Thread 2 ] DEBUG GameWorld            - Setting level: com.almasb.fxgl.entity.level.Level@1ef9ff98
23:02:11.188 [FXGL Background Thread 2 ] DEBUG FXGLAssetLoaderServi - Loading from file system: file:/C:/Users/jazph/OneDrive/Desktop/demoGame4OOP/target/classes/assets/textures/p1_idle.png
23:02:11.481 [FXGL Background Thread 2 ] DEBUG FXGLAssetLoaderServi - Loading from file system: file:/C:/Users/jazph/OneDrive/Desktop/demoGame4OOP/target/classes/assets/textures/walking.png
23:02:11.483 [FXGL Background Thread 2 ] DEBUG FXGLAssetLoaderServi - Loading from file system: file:/C:/Users/jazph/OneDrive/Desktop/demoGame4OOP/target/classes/assets/textures/jump.png
23:02:11.484 [FXGL Background Thread 2 ] DEBUG FXGLAssetLoaderServi - Loading from file system: file:/C:/Users/jazph/OneDrive/Desktop/demoGame4OOP/target/classes/assets/textures/punch.png
23:02:11.490 [FXGL Background Thread 2 ] DEBUG FXGLAssetLoaderServi - Loading from file system: file:/C:/Users/jazph/OneDrive/Desktop/demoGame4OOP/target/classes/assets/textures/idle_punk.png
23:02:11.492 [FXGL Background Thread 2 ] DEBUG FXGLAssetLoaderServi - Loading from file system: file:/C:/Users/jazph/OneDrive/Desktop/demoGame4OOP/target/classes/assets/textures/walk_punk.png
23:02:11.494 [FXGL Background Thread 2 ] DEBUG FXGLAssetLoaderServi - Loading from file system: file:/C:/Users/jazph/OneDrive/Desktop/demoGame4OOP/target/classes/assets/textures/punch_punk.png
23:02:11.496 [FXGL Background Thread 2 ] INFO  FXGLApplication      - Game initialization took: 0.485 sec
23:02:11.496 [JavaFX Application Thread] DEBUG Input                - Clearing active input actions
23:02:11.501 [JavaFX Application Thread] DEBUG GameApplicationServi - Removing overlay from FXGLLoadingScene and adding to GameScene
23:02:11.502 [JavaFX Application Thread] DEBUG PrimaryStageWindow   - FXGLLoadingScene -> GameScene
23:02:28.733 [JavaFX Application Thread] DEBUG LoopRunner           - Pausing loop
23:03:55.195 [JavaFX Application Thread] DEBUG PrimaryStageWindow   - Push state: DialogSubScene
23:03:55.196 [JavaFX Application Thread] DEBUG Input                - Clearing active input actions
23:03:55.196 [JavaFX Application Thread] DEBUG GameApplicationServi - Removing overlay from GameScene and adding to DialogSubScene
23:03:55.196 [JavaFX Application Thread] DEBUG PrimaryStageWindow   - GameScene -> DialogSubScene
23:03:57.328 [JavaFX Application Thread] DEBUG PrimaryStageWindow   - Pop state: DialogSubScene
23:03:57.328 [JavaFX Application Thread] DEBUG Input                - Clearing active input actions
23:03:57.329 [JavaFX Application Thread] DEBUG GameApplicationServi - Removing overlay from DialogSubScene and adding to GameScene
23:03:57.329 [JavaFX Application Thread] DEBUG PrimaryStageWindow   - GameScene <- DialogSubScene
23:03:59.126 [JavaFX Application Thread] DEBUG LoopRunner           - Resuming loop
23:03:59.126 [JavaFX Application Thread] DEBUG GameApplicationServi - Starting new game
23:03:59.126 [JavaFX Application Thread] DEBUG Input                - Clearing active input actions
23:03:59.130 [JavaFX Application Thread] DEBUG GameApplicationServi - Removing overlay from GameScene and adding to FXGLLoadingScene
23:03:59.130 [JavaFX Application Thread] DEBUG PrimaryStageWindow   - GameScene -> FXGLLoadingScene
23:03:59.130 [JavaFX Application Thread] DEBUG GameApplicationServi - Clearing previous game
23:03:59.130 [JavaFX Application Thread] DEBUG GameScene            - Clearing game scene
23:03:59.130 [JavaFX Application Thread] DEBUG GameWorld            - Clearing game world
23:03:59.132 [JavaFX Application Thread] DEBUG PhysicsWorld         - Clearing physics world
23:03:59.134 [FXGL Background Thread 5 ] DEBUG FXGLApplication      - Initializing game
23:03:59.135 [FXGL Background Thread 5 ] WARN  TMXLevelLoader       - TiledMap generated from 1.11.2. Supported version: 1.2.3. Some features may not be parsed fully.
23:03:59.138 [FXGL Background Thread 5 ] DEBUG TMXLevelLoader       - Parsed TiledMap: file:/C:/Users/jazph/OneDrive/Desktop/demoGame4OOP/target/classes/assets/levels/tmx/idkbackground.tmx
23:03:59.138 [FXGL Background Thread 5 ] DEBUG TMXLevelLoader       - Creating tile layer entities
23:03:59.138 [FXGL Background Thread 5 ] DEBUG TilesetLoader        - Loading view for layer Tile Layer 1
23:03:59.141 [FXGL Background Thread 5 ] DEBUG TilesetLoader        - Created buffer with size 1984.0x1088.0
23:03:59.233 [FXGL Background Thread 5 ] DEBUG TMXLevelLoader       - Creating object layer entities
23:03:59.235 [FXGL Background Thread 5 ] DEBUG GameWorld            - Clearing removable entities
23:03:59.235 [FXGL Background Thread 5 ] DEBUG GameWorld            - Setting level: com.almasb.fxgl.entity.level.Level@5176c0d0
23:03:59.237 [FXGL Background Thread 5 ] INFO  FXGLApplication      - Game initialization took: 0.105 sec
23:03:59.238 [JavaFX Application Thread] DEBUG Input                - Clearing active input actions
23:03:59.241 [JavaFX Application Thread] DEBUG GameApplicationServi - Removing overlay from FXGLLoadingScene and adding to GameScene
23:03:59.241 [JavaFX Application Thread] DEBUG PrimaryStageWindow   - FXGLLoadingScene -> GameScene
23:04:00.928 [JavaFX Application Thread] DEBUG PrimaryStageWindow   - Push state: DialogSubScene
23:04:00.928 [JavaFX Application Thread] DEBUG Input                - Clearing active input actions
23:04:00.929 [JavaFX Application Thread] DEBUG GameApplicationServi - Removing overlay from GameScene and adding to DialogSubScene
23:04:00.929 [JavaFX Application Thread] DEBUG PrimaryStageWindow   - GameScene -> DialogSubScene
23:04:02.768 [JavaFX Application Thread] DEBUG PrimaryStageWindow   - Pop state: DialogSubScene
23:04:02.768 [JavaFX Application Thread] DEBUG Input                - Clearing active input actions
23:04:02.768 [JavaFX Application Thread] DEBUG GameApplicationServi - Removing overlay from DialogSubScene and adding to GameScene
23:04:02.769 [JavaFX Application Thread] DEBUG PrimaryStageWindow   - GameScene <- DialogSubScene
23:04:02.769 [JavaFX Application Thread] DEBUG FXGLApplication      - Exiting FXGL
23:04:02.769 [JavaFX Application Thread] DEBUG LoopRunner           - Stopping loop
23:04:02.769 [JavaFX Application Thread] DEBUG SystemBundleService  - Saving FXGL system data
23:04:02.771 [JavaFX Application Thread] DEBUG FileSystemAccess     - Writing to: C:\Users\jazph\OneDrive\Desktop\demoGame4OOP\system\fxgl.bundle
23:04:02.772 [JavaFX Application Thread] DEBUG Async                - Shutting down background threads
23:04:02.772 [JavaFX Application Thread] DEBUG PrimaryStageWindow   - Closing main window
23:04:02.788 [JavaFX Application Thread] DEBUG Logger               - Closing Logger
