08:30:52.238 [main                     ] DEBUG Logger               - Configured Logger
08:30:52.240 [main                     ] DEBUG GameApplication      - Logging settings
Title: Stictactics
Version: 0.0
Width: 1920
Height: 1080
Fullscreen: false
Intro: false
Profiling: false
Single step:false
App Mode: DEVELOPER
Menu Key: ESCAPE
Stage Style: DECORATED
Scene Factory: class com.example.demo.Factory.MySceneFactory

08:30:52.665 [JavaFX Application Thread] DEBUG FXGLApplication      - Initializing FXGL
08:30:52.668 [JavaFX Application Thread] INFO  Engine               - FXGL-11.17 (16.07.2021 15.46) on WINDOWS (J:23.0.2 FX:17.0.6)
08:30:52.669 [JavaFX Application Thread] DEBUG Engine               - JRE Vendor Name: Amazon.com Inc.
08:30:52.669 [JavaFX Application Thread] DEBUG Engine               - Running on OS: Windows 11 version 10.0
08:30:52.669 [JavaFX Application Thread] DEBUG Engine               - Architecture: amd64
08:30:52.669 [JavaFX Application Thread] INFO  Engine               - Source code and latest versions at: https://github.com/AlmasB/FXGL
08:30:52.669 [JavaFX Application Thread] INFO  Engine               -              Join the FXGL chat at: https://gitter.im/AlmasB/FXGL
08:30:52.779 [JavaFX Application Thread] DEBUG PrimaryStageWindow   - Creating a JavaFX scene
08:30:52.779 [JavaFX Application Thread] DEBUG PrimaryStageWindow   - Target size > screen size
08:30:52.835 [JavaFX Application Thread] DEBUG PrimaryStageWindow   - Target settings size: 1920.0 x 1080.0
08:30:52.835 [JavaFX Application Thread] DEBUG PrimaryStageWindow   - Scaled scene size:    1255.0 x 720.0
08:30:52.836 [JavaFX Application Thread] DEBUG PrimaryStageWindow   - Scaled ratio: (0.6536458333333334, 0.6666666666666666)
08:30:52.836 [JavaFX Application Thread] DEBUG PrimaryStageWindow   - Set initial scene to FXGLStartupScene
08:30:52.845 [JavaFX Application Thread] DEBUG PrimaryStageWindow   - Opening main window
08:30:52.959 [JavaFX Application Thread] DEBUG PrimaryStageWindow   - Window border size: (16.0, 39.0)
08:30:52.960 [JavaFX Application Thread] DEBUG PrimaryStageWindow   - Scaled size: 1255.0 x 720.0
08:30:52.960 [JavaFX Application Thread] DEBUG PrimaryStageWindow   - Scaled ratio: (0.6536458333333334, 0.6666666666666666)
08:30:52.960 [JavaFX Application Thread] DEBUG PrimaryStageWindow   - Scene size: 1255.0 x 720.0
08:30:52.960 [JavaFX Application Thread] DEBUG PrimaryStageWindow   - Stage size: 1271.0 x 759.0
08:30:52.969 [FXGL Background Thread 1 ] DEBUG Engine               - Initializing environment variables
08:30:53.115 [FXGL Background Thread 1 ] DEBUG FXGLAssetLoaderServi - User app class for loading assets: class com.example.demo.HelloController
08:30:53.116 [FXGL Background Thread 1 ] DEBUG GameApplicationServi - Applying CSS: fxgl_dark.css
08:30:53.116 [FXGL Background Thread 1 ] DEBUG FXGLAssetLoaderServi - Loading from file system: jar:file:///C:/Users/zyla/.m2/repository/com/github/almasb/fxgl/11.17/fxgl-11.17.jar!/fxglassets/ui/css/fxgl_dark.css
08:30:53.187 [FXGL Background Thread 1 ] DEBUG GameApplicationServi - Initializing application scenes
08:30:53.297 [FXGL Background Thread 1 ] DEBUG GameWorld            - Game world initialized
08:30:53.379 [FXGL Background Thread 1 ] DEBUG PhysicsWorld         - Physics world initialized: appHeight=1080, physics.ppm=50.0
08:30:53.380 [FXGL Background Thread 1 ] DEBUG PhysicsWorld         - Using strategy: BRUTE_FORCE
08:30:53.382 [FXGL Background Thread 1 ] DEBUG GameScene            - Game scene initialized: 1920x1080
08:30:53.550 [FXGL Background Thread 1 ] DEBUG GameApplicationServi - Application scenes initialized
08:30:53.566 [FXGL Background Thread 1 ] DEBUG SystemBundleService  - Loading FXGL system data
08:30:53.574 [FXGL Background Thread 1 ] DEBUG FileSystemAccess     - Reading from: C:\Users\zyla\demoGame4OOP\system\fxgl.bundle
08:30:53.586 [FXGL Background Thread 1 ] DEBUG SystemBundleService  - Bundle FXGL: {}
08:30:53.586 [FXGL Background Thread 1 ] DEBUG UpdaterService       - Checking for updates
08:30:53.602 [FXGL Background Thread 1 ] DEBUG FXGLApplication      - Loading default localization
08:30:53.603 [FXGL Background Thread 1 ] DEBUG FXGLAssetLoaderServi - Loading from file system: jar:file:///C:/Users/zyla/.m2/repository/com/github/almasb/fxgl/11.17/fxgl-11.17.jar!/fxglassets/languages/english.lang
08:30:53.626 [FXGL Background Thread 4 ] DEBUG FXGLApplication      - Loading fonts
08:30:53.626 [FXGL Background Thread 4 ] DEBUG FXGLAssetLoaderServi - Loading from file system: jar:file:///C:/Users/zyla/.m2/repository/com/github/almasb/fxgl/11.17/fxgl-11.17.jar!/fxglassets/ui/fonts/VarelaRound-Regular.ttf
08:30:53.642 [FXGL Background Thread 1 ] INFO  FXGLApplication      - FXGL initialization took: 0.673 sec
08:30:53.686 [JavaFX Application Thread] DEBUG Input                - Registered new binding: Pause Game - Esc
08:30:53.686 [JavaFX Application Thread] DEBUG Input                - Registered new binding: P1Left - A
08:30:53.687 [JavaFX Application Thread] DEBUG Input                - Registered new binding: P1Right - D
08:30:53.687 [JavaFX Application Thread] DEBUG Input                - Registered new binding: P1Jump - W
08:30:53.687 [JavaFX Application Thread] DEBUG Input                - Registered new binding: P1Punch - F
08:30:53.688 [JavaFX Application Thread] DEBUG Input                - Registered new binding: P1EnhancedPunch - E
08:30:53.688 [JavaFX Application Thread] DEBUG Input                - Registered new binding: P1Ult - Q
08:30:53.688 [JavaFX Application Thread] DEBUG Input                - Registered new binding: P2Left - Left
08:30:53.688 [JavaFX Application Thread] DEBUG Input                - Registered new binding: P2Right - Right
08:30:53.689 [JavaFX Application Thread] DEBUG Input                - Registered new binding: P2Jump - Up
08:30:53.689 [JavaFX Application Thread] DEBUG Input                - Registered new binding: P2Punch - H
08:30:53.689 [JavaFX Application Thread] DEBUG Input                - Registered new binding: P2EnhancedPunch - U
08:30:53.689 [JavaFX Application Thread] DEBUG Input                - Registered new binding: P2Ult - O
08:30:53.695 [JavaFX Application Thread] WARN  FXGLAssetLoaderServi - Asset "/assets/textures//assets/textures/background-intro.mp4" was not found!
08:30:53.695 [JavaFX Application Thread] WARN  FXGLAssetLoaderServi - Failed to load IMAGE
08:30:53.743 [JavaFX Application Thread] DEBUG FXGLAssetLoaderServi - Loading from file system: jar:file:///C:/Users/zyla/.m2/repository/com/github/almasb/fxgl/11.17/fxgl-11.17.jar!/fxglassets/textures/fxgl_icon.png
08:30:53.820 [JavaFX Application Thread] DEBUG FXGLAssetLoaderServi - Loading from file system: jar:file:///C:/Users/zyla/.m2/repository/com/github/almasb/fxgl/11.17/fxgl-11.17.jar!/fxglassets/textures/fxgl_default_cursor.png
08:30:53.826 [JavaFX Application Thread] DEBUG Input                - Registered new binding: Screenshot - CTRL+8
08:30:53.827 [JavaFX Application Thread] DEBUG Input                - Registered new binding: System info dump - CTRL+9
08:30:53.827 [JavaFX Application Thread] DEBUG Input                - Registered new binding: Restart - CTRL+R
08:30:53.828 [JavaFX Application Thread] DEBUG Input                - Registered new binding: Toggle Debug Camera - CTRL+C
08:30:53.834 [JavaFX Application Thread] DEBUG LoopRunner           - Starting loop
08:30:53.835 [JavaFX Application Thread] DEBUG LoopRunner           - Initializing JavaFX AnimationTimerLoop
08:30:53.840 [FXGL Background Thread 4 ] DEBUG FXGLAssetLoaderServi - Loading from file system: jar:file:///C:/Users/zyla/.m2/repository/com/github/almasb/fxgl/11.17/fxgl-11.17.jar!/fxglassets/ui/fonts/Abel-Regular.ttf
08:30:53.845 [JavaFX Application Thread] DEBUG Input                - Clearing active input actions
08:30:53.881 [FXGL Background Thread 4 ] DEBUG FXGLAssetLoaderServi - Loading from file system: jar:file:///C:/Users/zyla/.m2/repository/com/github/almasb/fxgl/11.17/fxgl-11.17.jar!/fxglassets/ui/fonts/lucida_console.ttf
08:30:53.895 [JavaFX Application Thread] DEBUG GameApplicationServi - Removing overlay from FXGLStartupScene and adding to FXGLMainMenuDummyScene
08:30:53.895 [JavaFX Application Thread] DEBUG PrimaryStageWindow   - FXGLStartupScene -> FXGLMainMenuDummyScene
08:30:53.895 [JavaFX Application Thread] DEBUG PrimaryStageWindow   - Push state: CustomMainMenu
08:30:53.895 [JavaFX Application Thread] DEBUG Input                - Clearing active input actions
08:30:53.923 [JavaFX Application Thread] DEBUG GameApplicationServi - Removing overlay from FXGLMainMenuDummyScene and adding to CustomMainMenu
08:30:53.924 [JavaFX Application Thread] DEBUG PrimaryStageWindow   - FXGLMainMenuDummyScene -> CustomMainMenu
08:30:53.932 [FXGL Background Thread 4 ] DEBUG FXGLAssetLoaderServi - Loading from file system: jar:file:///C:/Users/zyla/.m2/repository/com/github/almasb/fxgl/11.17/fxgl-11.17.jar!/fxglassets/ui/fonts/Courier-Prime.ttf
08:30:54.108 [JavaFX Application Thread] DEBUG FXGLApplication      - Registering font factories with UI factory
08:30:54.641 [JavaFX Application Thread] DEBUG Menu                 - fireNewGame()
08:30:54.642 [JavaFX Application Thread] DEBUG GameApplicationServi - Starting new game
08:30:54.642 [JavaFX Application Thread] DEBUG PrimaryStageWindow   - Pop state: CustomMainMenu
08:30:54.644 [JavaFX Application Thread] DEBUG Input                - Clearing active input actions
08:30:54.646 [JavaFX Application Thread] DEBUG GameApplicationServi - Removing overlay from CustomMainMenu and adding to FXGLMainMenuDummyScene
08:30:54.646 [JavaFX Application Thread] DEBUG PrimaryStageWindow   - FXGLMainMenuDummyScene <- CustomMainMenu
08:30:54.646 [JavaFX Application Thread] DEBUG Input                - Clearing active input actions
08:30:54.660 [JavaFX Application Thread] DEBUG GameApplicationServi - Removing overlay from FXGLMainMenuDummyScene and adding to FXGLLoadingScene
08:30:54.661 [JavaFX Application Thread] DEBUG PrimaryStageWindow   - FXGLMainMenuDummyScene -> FXGLLoadingScene
08:30:54.661 [JavaFX Application Thread] DEBUG GameApplicationServi - Clearing previous game
08:30:54.661 [JavaFX Application Thread] DEBUG GameScene            - Clearing game scene
08:30:54.661 [JavaFX Application Thread] DEBUG GameWorld            - Clearing game world
08:30:54.661 [JavaFX Application Thread] DEBUG PhysicsWorld         - Clearing physics world
08:30:54.664 [FXGL Background Thread 4 ] DEBUG FXGLApplication      - Initializing game
08:30:54.853 [FXGL Background Thread 4 ] WARN  TMXLevelLoader       - TiledMap generated from 1.11.2. Supported version: 1.2.3. Some features may not be parsed fully.
08:30:54.866 [FXGL Background Thread 4 ] DEBUG TMXLevelLoader       - Parsed TiledMap: file:/C:/Users/zyla/demoGame4OOP/target/classes/assets/levels/tmx/map3.tmx
08:30:54.868 [FXGL Background Thread 4 ] DEBUG TMXLevelLoader       - Creating tile layer entities
08:30:54.870 [FXGL Background Thread 4 ] DEBUG TilesetLoader        - Loading view for layer Tile Layer 1
08:30:54.881 [FXGL Background Thread 4 ] DEBUG TilesetLoader        - Created buffer with size 1920.0x1088.0
08:30:55.104 [FXGL Background Thread 4 ] DEBUG TMXLevelLoader       - Creating object layer entities
08:30:55.131 [FXGL Background Thread 2 ] INFO  UpdaterService       - Your current version:  11.17
08:30:55.132 [FXGL Background Thread 2 ] INFO  UpdaterService       - Latest stable version: 21.1
08:30:55.144 [FXGL Background Thread 4 ] DEBUG GameWorld            - Clearing removable entities
08:30:55.144 [FXGL Background Thread 4 ] DEBUG GameWorld            - Setting level: com.almasb.fxgl.entity.level.Level@640796f0
08:30:55.205 [FXGL Background Thread 4 ] DEBUG FXGLAssetLoaderServi - Loading from file system: file:/C:/Users/zyla/demoGame4OOP/target/classes/assets/textures/character_2/knight_idle.png
08:30:55.249 [FXGL Background Thread 4 ] DEBUG FXGLAssetLoaderServi - Loading from file system: file:/C:/Users/zyla/demoGame4OOP/target/classes/assets/textures/character_2/knight_walk.png
08:30:55.262 [FXGL Background Thread 4 ] DEBUG FXGLAssetLoaderServi - Loading from file system: file:/C:/Users/zyla/demoGame4OOP/target/classes/assets/textures/fighter_attack_enhanced_p2.png
08:30:55.278 [FXGL Background Thread 4 ] DEBUG FXGLAssetLoaderServi - Loading from file system: file:/C:/Users/zyla/demoGame4OOP/target/classes/assets/textures/character_2/knight_jump.png
08:30:55.288 [FXGL Background Thread 4 ] DEBUG FXGLAssetLoaderServi - Loading from file system: file:/C:/Users/zyla/demoGame4OOP/target/classes/assets/textures/character_2/knight_combo.png
08:30:55.297 [FXGL Background Thread 4 ] DEBUG FXGLAssetLoaderServi - Loading from file system: file:/C:/Users/zyla/demoGame4OOP/target/classes/assets/textures/fighter_ult_P2.png
08:30:55.323 [FXGL Background Thread 4 ] DEBUG FXGLAssetLoaderServi - Loading from file system: file:/C:/Users/zyla/demoGame4OOP/target/classes/assets/textures/fighter_hit.png
08:30:55.352 [FXGL Background Thread 4 ] DEBUG FXGLAssetLoaderServi - Loading from file system: file:/C:/Users/zyla/demoGame4OOP/target/classes/assets/textures/fighter_idle_P2.png
08:30:55.406 [FXGL Background Thread 4 ] DEBUG FXGLAssetLoaderServi - Loading from file system: file:/C:/Users/zyla/demoGame4OOP/target/classes/assets/textures/fighter_walk_P2.png
08:30:55.434 [FXGL Background Thread 4 ] DEBUG FXGLAssetLoaderServi - Loading from file system: file:/C:/Users/zyla/demoGame4OOP/target/classes/assets/textures/fighter_jump_P2.png
08:30:55.443 [FXGL Background Thread 4 ] DEBUG FXGLAssetLoaderServi - Loading from file system: file:/C:/Users/zyla/demoGame4OOP/target/classes/assets/textures/fighter_attack_P2.png
08:30:55.557 [FXGL Background Thread 4 ] INFO  FXGLApplication      - Game initialization took: 0.893 sec
08:30:55.563 [JavaFX Application Thread] DEBUG Input                - Clearing active input actions
08:30:55.582 [JavaFX Application Thread] DEBUG GameApplicationServi - Removing overlay from FXGLLoadingScene and adding to GameScene
08:30:55.582 [JavaFX Application Thread] DEBUG PrimaryStageWindow   - FXGLLoadingScene -> GameScene
08:30:56.592 [FXGL Background Thread 3 ] DEBUG Engine               - Logging environment variables
08:30:56.593 [FXGL Background Thread 3 ] DEBUG Engine               - achievements: []
08:30:56.593 [FXGL Background Thread 3 ] DEBUG Engine               - actualHeight: 720.0
08:30:56.593 [FXGL Background Thread 3 ] DEBUG Engine               - actualHeightProperty: ReadOnlyDoubleProperty [value: 720.0]
08:30:56.593 [FXGL Background Thread 3 ] DEBUG Engine               - actualWidth: 1255.0
08:30:56.593 [FXGL Background Thread 3 ] DEBUG Engine               - actualWidthProperty: ReadOnlyDoubleProperty [value: 1255.0]
08:30:56.593 [FXGL Background Thread 3 ] DEBUG Engine               - appIcon: fxgl_icon.png
08:30:56.593 [FXGL Background Thread 3 ] DEBUG Engine               - applicationMode: DEVELOPER
08:30:56.593 [FXGL Background Thread 3 ] DEBUG Engine               - cSSList: [fxgl_dark.css]
08:30:56.593 [FXGL Background Thread 3 ] DEBUG Engine               - collisionDetectionStrategy: BRUTE_FORCE
08:30:56.593 [FXGL Background Thread 3 ] DEBUG Engine               - configClass: Optional.empty
08:30:56.594 [FXGL Background Thread 3 ] DEBUG Engine               - credits: []
08:30:56.594 [FXGL Background Thread 3 ] DEBUG Engine               - defaultCursor: CursorInfo(imageName=fxgl_default_cursor.png, hotspotX=7.0, hotspotY=6.0)
08:30:56.594 [FXGL Background Thread 3 ] DEBUG Engine               - devBBoxColorProperty: ObjectProperty [value: 0xff0000ff]
08:30:56.594 [FXGL Background Thread 3 ] DEBUG Engine               - devEnableDebugCameraProperty: BooleanProperty [value: false]
08:30:56.594 [FXGL Background Thread 3 ] DEBUG Engine               - devSensorColorProperty: ObjectProperty [value: 0xffff00ff]
08:30:56.594 [FXGL Background Thread 3 ] DEBUG Engine               - devShowBBoxProperty: BooleanProperty [value: false]
08:30:56.594 [FXGL Background Thread 3 ] DEBUG Engine               - devShowPositionProperty: BooleanProperty [value: false]
08:30:56.594 [FXGL Background Thread 3 ] DEBUG Engine               - enabledMenuItems: []
08:30:56.595 [FXGL Background Thread 3 ] DEBUG Engine               - engineServices: [class com.almasb.fxgl.app.services.FXGLAssetLoaderService, class com.almasb.fxgl.app.FXGLApplication$GameApplicationService, class com.almasb.fxgl.app.services.FXGLDialogService, class com.almasb.fxgl.app.services.IOTaskExecutorService, class com.almasb.fxgl.io.FileSystemService, class com.almasb.fxgl.localization.LocalizationService, class com.almasb.fxgl.app.services.SystemBundleService, class com.almasb.fxgl.profile.SaveLoadService, class com.almasb.fxgl.ui.FXGLUIFactoryServiceProvider, class com.almasb.fxgl.ui.FXGLDialogFactoryServiceProvider, class com.almasb.fxgl.audio.AudioPlayer, class com.almasb.fxgl.notification.impl.NotificationServiceProvider, class com.almasb.fxgl.achievement.AchievementService, class com.almasb.fxgl.cutscene.CutsceneService, class com.almasb.fxgl.minigames.MiniGameService, class com.almasb.fxgl.net.NetService, class com.almasb.fxgl.app.services.UpdaterService, class com.almasb.fxgl.dev.DevService]
08:30:56.595 [FXGL Background Thread 3 ] DEBUG Engine               - fontGame: Abel-Regular.ttf
08:30:56.595 [FXGL Background Thread 3 ] DEBUG Engine               - fontMono: lucida_console.ttf
08:30:56.595 [FXGL Background Thread 3 ] DEBUG Engine               - fontText: Courier-Prime.ttf
08:30:56.595 [FXGL Background Thread 3 ] DEBUG Engine               - fontUI: VarelaRound-Regular.ttf
08:30:56.595 [FXGL Background Thread 3 ] DEBUG Engine               - fullScreen: BooleanProperty [value: false]
08:30:56.595 [FXGL Background Thread 3 ] DEBUG Engine               - gameDifficulty: MEDIUM
08:30:56.595 [FXGL Background Thread 3 ] DEBUG Engine               - gameDifficultyProperty: ObjectProperty [value: MEDIUM]
08:30:56.595 [FXGL Background Thread 3 ] DEBUG Engine               - globalMusicVolume: 0.5
08:30:56.595 [FXGL Background Thread 3 ] DEBUG Engine               - globalMusicVolumeProperty: DoubleProperty [value: 0.5]
08:30:56.595 [FXGL Background Thread 3 ] DEBUG Engine               - globalSoundVolume: 0.5
08:30:56.595 [FXGL Background Thread 3 ] DEBUG Engine               - globalSoundVolumeProperty: DoubleProperty [value: 0.5]
08:30:56.595 [FXGL Background Thread 3 ] DEBUG Engine               - height: 1080
08:30:56.595 [FXGL Background Thread 3 ] DEBUG Engine               - is3D: false
08:30:56.596 [FXGL Background Thread 3 ] DEBUG Engine               - isAndroid: false
08:30:56.596 [FXGL Background Thread 3 ] DEBUG Engine               - isBrowser: false
08:30:56.596 [FXGL Background Thread 3 ] DEBUG Engine               - isClickFeedbackEnabled: false
08:30:56.596 [FXGL Background Thread 3 ] DEBUG Engine               - isCloseConfirmation: true
08:30:56.596 [FXGL Background Thread 3 ] DEBUG Engine               - isDesktop: true
08:30:56.596 [FXGL Background Thread 3 ] DEBUG Engine               - isDeveloperMenuEnabled: false
08:30:56.596 [FXGL Background Thread 3 ] DEBUG Engine               - isEntityPreloadEnabled: true
08:30:56.596 [FXGL Background Thread 3 ] DEBUG Engine               - isExperimentalTiledLargeMap: false
08:30:56.596 [FXGL Background Thread 3 ] DEBUG Engine               - isFileSystemWriteAllowed: true
08:30:56.596 [FXGL Background Thread 3 ] DEBUG Engine               - isFullScreenAllowed: false
08:30:56.596 [FXGL Background Thread 3 ] DEBUG Engine               - isFullScreenFromStart: false
08:30:56.596 [FXGL Background Thread 3 ] DEBUG Engine               - isGameMenuEnabled: false
08:30:56.596 [FXGL Background Thread 3 ] DEBUG Engine               - isIOS: false
08:30:56.596 [FXGL Background Thread 3 ] DEBUG Engine               - isIntroEnabled: false
08:30:56.596 [FXGL Background Thread 3 ] DEBUG Engine               - isLinux: false
08:30:56.596 [FXGL Background Thread 3 ] DEBUG Engine               - isMac: false
08:30:56.596 [FXGL Background Thread 3 ] DEBUG Engine               - isMainMenuEnabled: true
08:30:56.596 [FXGL Background Thread 3 ] DEBUG Engine               - isManualResizeEnabled: false
08:30:56.596 [FXGL Background Thread 3 ] DEBUG Engine               - isMobile: false
08:30:56.596 [FXGL Background Thread 3 ] DEBUG Engine               - isNative: false
08:30:56.596 [FXGL Background Thread 3 ] DEBUG Engine               - isPauseMusicWhenMinimized: true
08:30:56.596 [FXGL Background Thread 3 ] DEBUG Engine               - isPreserveResizeRatio: false
08:30:56.596 [FXGL Background Thread 3 ] DEBUG Engine               - isProfilingEnabled: false
08:30:56.596 [FXGL Background Thread 3 ] DEBUG Engine               - isScaleAffectedOnResize: true
08:30:56.596 [FXGL Background Thread 3 ] DEBUG Engine               - isSingleStep: false
08:30:56.597 [FXGL Background Thread 3 ] DEBUG Engine               - isUserProfileEnabled: false
08:30:56.597 [FXGL Background Thread 3 ] DEBUG Engine               - isWindows: true
08:30:56.597 [FXGL Background Thread 3 ] DEBUG Engine               - language: ObjectProperty [value: ENGLISH]
08:30:56.597 [FXGL Background Thread 3 ] DEBUG Engine               - menuKey: ESCAPE
08:30:56.597 [FXGL Background Thread 3 ] DEBUG Engine               - mouseSensitivity: 0.2
08:30:56.597 [FXGL Background Thread 3 ] DEBUG Engine               - notificationViewClass: class com.almasb.fxgl.notification.view.XboxNotificationView
08:30:56.597 [FXGL Background Thread 3 ] DEBUG Engine               - pixelsPerMeter: 50.0
08:30:56.597 [FXGL Background Thread 3 ] DEBUG Engine               - platform: WINDOWS
08:30:56.597 [FXGL Background Thread 3 ] DEBUG Engine               - prefHeightProperty: ReadOnlyDoubleProperty [value: 1080.0]
08:30:56.597 [FXGL Background Thread 3 ] DEBUG Engine               - prefWidthProperty: ReadOnlyDoubleProperty [value: 1920.0]
08:30:56.597 [FXGL Background Thread 3 ] DEBUG Engine               - profileDir: profiles/
08:30:56.597 [FXGL Background Thread 3 ] DEBUG Engine               - profileName: StringProperty [value: DEFAULT]
08:30:56.597 [FXGL Background Thread 3 ] DEBUG Engine               - randomSeed: -1
08:30:56.598 [FXGL Background Thread 3 ] DEBUG Engine               - runtimeInfo: RuntimeInfo(platform=WINDOWS, version=11.17, build=16.07.2021 15.46)
08:30:56.598 [FXGL Background Thread 3 ] DEBUG Engine               - saveFileExt: sav
08:30:56.598 [FXGL Background Thread 3 ] DEBUG Engine               - scaledHeightProp$fxgl: DoubleProperty [bound, value: 720.0]
08:30:56.598 [FXGL Background Thread 3 ] DEBUG Engine               - scaledWidthProp$fxgl: DoubleProperty [bound, value: 1255.0]
08:30:56.598 [FXGL Background Thread 3 ] DEBUG Engine               - sceneFactory: com.example.demo.Factory.MySceneFactory@75658dbd
08:30:56.598 [FXGL Background Thread 3 ] DEBUG Engine               - secondsIn24h: 60
08:30:56.598 [FXGL Background Thread 3 ] DEBUG Engine               - soundMenuBack: menu/back.wav
08:30:56.598 [FXGL Background Thread 3 ] DEBUG Engine               - soundMenuPress: menu/press.wav
08:30:56.598 [FXGL Background Thread 3 ] DEBUG Engine               - soundMenuSelect: menu/select.wav
08:30:56.598 [FXGL Background Thread 3 ] DEBUG Engine               - soundNotification: core/notification.wav
08:30:56.598 [FXGL Background Thread 3 ] DEBUG Engine               - stageStyle: DECORATED
08:30:56.598 [FXGL Background Thread 3 ] DEBUG Engine               - supportedLanguages: [ENGLISH, FRENCH, GERMAN, HUNGARIAN, RUSSIAN]
08:30:56.598 [FXGL Background Thread 3 ] DEBUG Engine               - ticksPerSecond: -1
08:30:56.598 [FXGL Background Thread 3 ] DEBUG Engine               - title: Stictactics
08:30:56.598 [FXGL Background Thread 3 ] DEBUG Engine               - urlGithub: https://github.com/AlmasB/FXGL
08:30:56.598 [FXGL Background Thread 3 ] DEBUG Engine               - urlLeaderboard: http://fxgl-top.herokuapp.com/
08:30:56.598 [FXGL Background Thread 3 ] DEBUG Engine               - urlPOM: https://raw.githubusercontent.com/AlmasB/FXGL/release/README.md
08:30:56.599 [FXGL Background Thread 3 ] DEBUG Engine               - userAppClass: class com.example.demo.HelloController
08:30:56.599 [FXGL Background Thread 3 ] DEBUG Engine               - version: 0.0
08:30:56.599 [FXGL Background Thread 3 ] DEBUG Engine               - versionCheckDays: 7
08:30:56.599 [FXGL Background Thread 3 ] DEBUG Engine               - width: 1920
08:30:56.599 [FXGL Background Thread 3 ] DEBUG Engine               - Logging services
08:30:56.599 [FXGL Background Thread 3 ] DEBUG Engine               - class com.almasb.fxgl.app.services.FXGLAssetLoaderService
08:30:56.599 [FXGL Background Thread 3 ] DEBUG Engine               - class com.almasb.fxgl.app.FXGLApplication$GameApplicationService
08:30:56.599 [FXGL Background Thread 3 ] DEBUG Engine               - class com.almasb.fxgl.app.services.FXGLDialogService
08:30:56.599 [FXGL Background Thread 3 ] DEBUG Engine               - class com.almasb.fxgl.app.services.IOTaskExecutorService
08:30:56.599 [FXGL Background Thread 3 ] DEBUG Engine               - class com.almasb.fxgl.io.FileSystemService
08:30:56.602 [FXGL Background Thread 3 ] DEBUG Engine               - class com.almasb.fxgl.localization.LocalizationService
08:30:56.603 [FXGL Background Thread 3 ] DEBUG Engine               - class com.almasb.fxgl.app.services.SystemBundleService
08:30:56.603 [FXGL Background Thread 3 ] DEBUG Engine               - class com.almasb.fxgl.profile.SaveLoadService
08:30:56.603 [FXGL Background Thread 3 ] DEBUG Engine               - class com.almasb.fxgl.ui.FXGLUIFactoryServiceProvider
08:30:56.603 [FXGL Background Thread 3 ] DEBUG Engine               - class com.almasb.fxgl.ui.FXGLDialogFactoryServiceProvider
08:30:56.603 [FXGL Background Thread 3 ] DEBUG Engine               - class com.almasb.fxgl.audio.AudioPlayer
08:30:56.603 [FXGL Background Thread 3 ] DEBUG Engine               - class com.almasb.fxgl.notification.impl.NotificationServiceProvider
08:30:56.603 [FXGL Background Thread 3 ] DEBUG Engine               - class com.almasb.fxgl.achievement.AchievementService
08:30:56.604 [FXGL Background Thread 3 ] DEBUG Engine               - class com.almasb.fxgl.cutscene.CutsceneService
08:30:56.604 [FXGL Background Thread 3 ] DEBUG Engine               - class com.almasb.fxgl.minigames.MiniGameService
08:30:56.604 [FXGL Background Thread 3 ] DEBUG Engine               - class com.almasb.fxgl.net.NetService
08:30:56.604 [FXGL Background Thread 3 ] DEBUG Engine               - class com.almasb.fxgl.app.services.UpdaterService
08:30:56.604 [FXGL Background Thread 3 ] DEBUG Engine               - class com.almasb.fxgl.dev.DevService
08:31:14.445 [JavaFX Application Thread] DEBUG PrimaryStageWindow   - Push state: CustomPauseMenu
08:31:14.445 [JavaFX Application Thread] DEBUG Input                - Clearing active input actions
08:31:14.446 [JavaFX Application Thread] DEBUG GameApplicationServi - Removing overlay from GameScene and adding to CustomPauseMenu
08:31:14.446 [JavaFX Application Thread] DEBUG PrimaryStageWindow   - GameScene -> CustomPauseMenu
08:31:18.136 [JavaFX Application Thread] DEBUG Menu                 - fireExitToMainMenu()
08:31:18.150 [JavaFX Application Thread] DEBUG PrimaryStageWindow   - Push state: DialogSubScene
08:31:18.150 [JavaFX Application Thread] DEBUG Input                - Clearing active input actions
08:31:18.151 [JavaFX Application Thread] DEBUG GameApplicationServi - Removing overlay from CustomPauseMenu and adding to DialogSubScene
08:31:18.151 [JavaFX Application Thread] DEBUG PrimaryStageWindow   - CustomPauseMenu -> DialogSubScene
08:31:18.716 [JavaFX Application Thread] DEBUG PrimaryStageWindow   - Pop state: DialogSubScene
08:31:18.716 [JavaFX Application Thread] DEBUG Input                - Clearing active input actions
08:31:18.717 [JavaFX Application Thread] DEBUG GameApplicationServi - Removing overlay from DialogSubScene and adding to CustomPauseMenu
08:31:18.717 [JavaFX Application Thread] DEBUG PrimaryStageWindow   - CustomPauseMenu <- DialogSubScene
08:31:18.718 [JavaFX Application Thread] DEBUG PrimaryStageWindow   - Pop state: CustomPauseMenu
08:31:18.718 [JavaFX Application Thread] DEBUG Input                - Clearing active input actions
08:31:18.719 [JavaFX Application Thread] DEBUG GameApplicationServi - Removing overlay from CustomPauseMenu and adding to GameScene
08:31:18.719 [JavaFX Application Thread] DEBUG PrimaryStageWindow   - GameScene <- CustomPauseMenu
08:31:18.719 [JavaFX Application Thread] DEBUG Input                - Clearing active input actions
08:31:18.725 [JavaFX Application Thread] DEBUG GameApplicationServi - Removing overlay from GameScene and adding to FXGLMainMenuDummyScene
08:31:18.726 [JavaFX Application Thread] DEBUG PrimaryStageWindow   - GameScene -> FXGLMainMenuDummyScene
08:31:18.726 [JavaFX Application Thread] DEBUG PrimaryStageWindow   - Push state: CustomMainMenu
08:31:18.726 [JavaFX Application Thread] DEBUG Input                - Clearing active input actions
08:31:18.729 [JavaFX Application Thread] DEBUG GameApplicationServi - Removing overlay from FXGLMainMenuDummyScene and adding to CustomMainMenu
08:31:18.729 [JavaFX Application Thread] DEBUG PrimaryStageWindow   - FXGLMainMenuDummyScene -> CustomMainMenu
08:31:19.147 [JavaFX Application Thread] DEBUG Menu                 - fireNewGame()
08:31:19.148 [JavaFX Application Thread] DEBUG GameApplicationServi - Starting new game
08:31:19.148 [JavaFX Application Thread] DEBUG PrimaryStageWindow   - Pop state: CustomMainMenu
08:31:19.148 [JavaFX Application Thread] DEBUG Input                - Clearing active input actions
08:31:19.149 [JavaFX Application Thread] DEBUG GameApplicationServi - Removing overlay from CustomMainMenu and adding to FXGLMainMenuDummyScene
08:31:19.150 [JavaFX Application Thread] DEBUG PrimaryStageWindow   - FXGLMainMenuDummyScene <- CustomMainMenu
08:31:19.150 [JavaFX Application Thread] DEBUG Input                - Clearing active input actions
08:31:19.162 [JavaFX Application Thread] DEBUG GameApplicationServi - Removing overlay from FXGLMainMenuDummyScene and adding to FXGLLoadingScene
08:31:19.163 [JavaFX Application Thread] DEBUG PrimaryStageWindow   - FXGLMainMenuDummyScene -> FXGLLoadingScene
08:31:19.163 [JavaFX Application Thread] DEBUG GameApplicationServi - Clearing previous game
08:31:19.163 [JavaFX Application Thread] DEBUG GameScene            - Clearing game scene
08:31:19.163 [JavaFX Application Thread] DEBUG GameWorld            - Clearing game world
08:31:19.168 [JavaFX Application Thread] DEBUG PhysicsWorld         - Clearing physics world
08:31:19.176 [FXGL Background Thread 4 ] DEBUG FXGLApplication      - Initializing game
08:31:19.180 [FXGL Background Thread 4 ] WARN  TMXLevelLoader       - TiledMap generated from 1.11.2. Supported version: 1.2.3. Some features may not be parsed fully.
08:31:19.190 [FXGL Background Thread 4 ] DEBUG TMXLevelLoader       - Parsed TiledMap: file:/C:/Users/zyla/demoGame4OOP/target/classes/assets/levels/tmx/map3.tmx
08:31:19.190 [FXGL Background Thread 4 ] DEBUG TMXLevelLoader       - Creating tile layer entities
08:31:19.190 [FXGL Background Thread 4 ] DEBUG TilesetLoader        - Loading view for layer Tile Layer 1
08:31:19.222 [FXGL Background Thread 4 ] DEBUG TilesetLoader        - Created buffer with size 1920.0x1088.0
08:31:19.343 [FXGL Background Thread 4 ] DEBUG TMXLevelLoader       - Creating object layer entities
08:31:19.344 [FXGL Background Thread 4 ] DEBUG GameWorld            - Clearing removable entities
08:31:19.344 [FXGL Background Thread 4 ] DEBUG GameWorld            - Setting level: com.almasb.fxgl.entity.level.Level@7b3c8d0
08:31:19.369 [FXGL Background Thread 4 ] INFO  FXGLApplication      - Game initialization took: 0.193 sec
08:31:19.369 [JavaFX Application Thread] DEBUG Input                - Clearing active input actions
08:31:19.375 [JavaFX Application Thread] DEBUG GameApplicationServi - Removing overlay from FXGLLoadingScene and adding to GameScene
08:31:19.376 [JavaFX Application Thread] DEBUG PrimaryStageWindow   - FXGLLoadingScene -> GameScene
08:31:22.477 [JavaFX Application Thread] DEBUG LoopRunner           - Pausing loop
08:31:22.479 [JavaFX Application Thread] DEBUG LoopRunner           - Pausing loop
08:31:23.357 [JavaFX Application Thread] DEBUG LoopRunner           - Resuming loop
08:31:23.358 [JavaFX Application Thread] DEBUG GameApplicationServi - Starting new game
08:31:23.358 [JavaFX Application Thread] DEBUG Input                - Clearing active input actions
08:31:23.363 [JavaFX Application Thread] DEBUG GameApplicationServi - Removing overlay from GameScene and adding to FXGLLoadingScene
08:31:23.363 [JavaFX Application Thread] DEBUG PrimaryStageWindow   - GameScene -> FXGLLoadingScene
08:31:23.363 [JavaFX Application Thread] DEBUG GameApplicationServi - Clearing previous game
08:31:23.363 [JavaFX Application Thread] DEBUG GameScene            - Clearing game scene
08:31:23.363 [JavaFX Application Thread] DEBUG GameWorld            - Clearing game world
08:31:23.364 [JavaFX Application Thread] DEBUG PhysicsWorld         - Clearing physics world
08:31:23.364 [FXGL Background Thread 4 ] DEBUG FXGLApplication      - Initializing game
08:31:23.372 [FXGL Background Thread 4 ] WARN  TMXLevelLoader       - TiledMap generated from 1.11.2. Supported version: 1.2.3. Some features may not be parsed fully.
08:31:23.381 [FXGL Background Thread 4 ] DEBUG TMXLevelLoader       - Parsed TiledMap: file:/C:/Users/zyla/demoGame4OOP/target/classes/assets/levels/tmx/map3.tmx
08:31:23.381 [FXGL Background Thread 4 ] DEBUG TMXLevelLoader       - Creating tile layer entities
08:31:23.381 [FXGL Background Thread 4 ] DEBUG TilesetLoader        - Loading view for layer Tile Layer 1
08:31:23.386 [FXGL Background Thread 4 ] DEBUG TilesetLoader        - Created buffer with size 1920.0x1088.0
08:31:23.528 [FXGL Background Thread 4 ] DEBUG TMXLevelLoader       - Creating object layer entities
08:31:23.534 [FXGL Background Thread 4 ] DEBUG GameWorld            - Clearing removable entities
08:31:23.534 [FXGL Background Thread 4 ] DEBUG GameWorld            - Setting level: com.almasb.fxgl.entity.level.Level@338ace4e
08:31:23.544 [FXGL Background Thread 4 ] INFO  FXGLApplication      - Game initialization took: 0.179 sec
08:31:23.546 [JavaFX Application Thread] DEBUG Input                - Clearing active input actions
08:31:23.553 [JavaFX Application Thread] DEBUG GameApplicationServi - Removing overlay from FXGLLoadingScene and adding to GameScene
08:31:23.553 [JavaFX Application Thread] DEBUG PrimaryStageWindow   - FXGLLoadingScene -> GameScene
08:31:27.916 [JavaFX Application Thread] DEBUG PrimaryStageWindow   - Push state: CustomPauseMenu
08:31:27.917 [JavaFX Application Thread] DEBUG Input                - Clearing active input actions
08:31:27.918 [JavaFX Application Thread] DEBUG GameApplicationServi - Removing overlay from GameScene and adding to CustomPauseMenu
08:31:27.919 [JavaFX Application Thread] DEBUG PrimaryStageWindow   - GameScene -> CustomPauseMenu
08:31:28.634 [JavaFX Application Thread] DEBUG Menu                 - fireExitToMainMenu()
08:31:28.637 [JavaFX Application Thread] DEBUG PrimaryStageWindow   - Push state: DialogSubScene
08:31:28.638 [JavaFX Application Thread] DEBUG Input                - Clearing active input actions
08:31:28.638 [JavaFX Application Thread] DEBUG GameApplicationServi - Removing overlay from CustomPauseMenu and adding to DialogSubScene
08:31:28.639 [JavaFX Application Thread] DEBUG PrimaryStageWindow   - CustomPauseMenu -> DialogSubScene
08:31:29.419 [JavaFX Application Thread] DEBUG PrimaryStageWindow   - Pop state: DialogSubScene
08:31:29.419 [JavaFX Application Thread] DEBUG Input                - Clearing active input actions
08:31:29.420 [JavaFX Application Thread] DEBUG GameApplicationServi - Removing overlay from DialogSubScene and adding to CustomPauseMenu
08:31:29.421 [JavaFX Application Thread] DEBUG PrimaryStageWindow   - CustomPauseMenu <- DialogSubScene
08:31:29.421 [JavaFX Application Thread] DEBUG PrimaryStageWindow   - Pop state: CustomPauseMenu
08:31:29.421 [JavaFX Application Thread] DEBUG Input                - Clearing active input actions
08:31:29.421 [JavaFX Application Thread] DEBUG GameApplicationServi - Removing overlay from CustomPauseMenu and adding to GameScene
08:31:29.421 [JavaFX Application Thread] DEBUG PrimaryStageWindow   - GameScene <- CustomPauseMenu
08:31:29.421 [JavaFX Application Thread] DEBUG Input                - Clearing active input actions
08:31:29.425 [JavaFX Application Thread] DEBUG GameApplicationServi - Removing overlay from GameScene and adding to FXGLMainMenuDummyScene
08:31:29.426 [JavaFX Application Thread] DEBUG PrimaryStageWindow   - GameScene -> FXGLMainMenuDummyScene
08:31:29.426 [JavaFX Application Thread] DEBUG PrimaryStageWindow   - Push state: CustomMainMenu
08:31:29.426 [JavaFX Application Thread] DEBUG Input                - Clearing active input actions
08:31:29.427 [JavaFX Application Thread] DEBUG GameApplicationServi - Removing overlay from FXGLMainMenuDummyScene and adding to CustomMainMenu
08:31:29.427 [JavaFX Application Thread] DEBUG PrimaryStageWindow   - FXGLMainMenuDummyScene -> CustomMainMenu
08:31:29.949 [JavaFX Application Thread] DEBUG Menu                 - fireNewGame()
08:31:29.949 [JavaFX Application Thread] DEBUG GameApplicationServi - Starting new game
08:31:29.949 [JavaFX Application Thread] DEBUG PrimaryStageWindow   - Pop state: CustomMainMenu
08:31:29.949 [JavaFX Application Thread] DEBUG Input                - Clearing active input actions
08:31:29.949 [JavaFX Application Thread] DEBUG GameApplicationServi - Removing overlay from CustomMainMenu and adding to FXGLMainMenuDummyScene
08:31:29.949 [JavaFX Application Thread] DEBUG PrimaryStageWindow   - FXGLMainMenuDummyScene <- CustomMainMenu
08:31:29.949 [JavaFX Application Thread] DEBUG Input                - Clearing active input actions
08:31:29.954 [JavaFX Application Thread] DEBUG GameApplicationServi - Removing overlay from FXGLMainMenuDummyScene and adding to FXGLLoadingScene
08:31:29.954 [JavaFX Application Thread] DEBUG PrimaryStageWindow   - FXGLMainMenuDummyScene -> FXGLLoadingScene
08:31:29.954 [JavaFX Application Thread] DEBUG GameApplicationServi - Clearing previous game
08:31:29.955 [JavaFX Application Thread] DEBUG GameScene            - Clearing game scene
08:31:29.955 [JavaFX Application Thread] DEBUG GameWorld            - Clearing game world
08:31:29.956 [JavaFX Application Thread] DEBUG PhysicsWorld         - Clearing physics world
08:31:29.957 [FXGL Background Thread 4 ] DEBUG FXGLApplication      - Initializing game
08:31:29.966 [FXGL Background Thread 4 ] WARN  TMXLevelLoader       - TiledMap generated from 1.11.2. Supported version: 1.2.3. Some features may not be parsed fully.
08:31:29.972 [FXGL Background Thread 4 ] DEBUG TMXLevelLoader       - Parsed TiledMap: file:/C:/Users/zyla/demoGame4OOP/target/classes/assets/levels/tmx/map.tmx
08:31:29.972 [FXGL Background Thread 4 ] DEBUG TMXLevelLoader       - Creating tile layer entities
08:31:29.973 [FXGL Background Thread 4 ] DEBUG TilesetLoader        - Loading view for layer Tile Layer 1
08:31:29.980 [FXGL Background Thread 4 ] DEBUG TilesetLoader        - Created buffer with size 1920.0x1088.0
08:31:30.077 [FXGL Background Thread 4 ] DEBUG TMXLevelLoader       - Creating object layer entities
08:31:30.078 [FXGL Background Thread 4 ] DEBUG GameWorld            - Clearing removable entities
08:31:30.078 [FXGL Background Thread 4 ] DEBUG GameWorld            - Setting level: com.almasb.fxgl.entity.level.Level@4496901d
08:31:30.085 [FXGL Background Thread 4 ] INFO  FXGLApplication      - Game initialization took: 0.129 sec
08:31:30.088 [JavaFX Application Thread] DEBUG Input                - Clearing active input actions
08:31:30.094 [JavaFX Application Thread] DEBUG GameApplicationServi - Removing overlay from FXGLLoadingScene and adding to GameScene
08:31:30.094 [JavaFX Application Thread] DEBUG PrimaryStageWindow   - FXGLLoadingScene -> GameScene
08:31:35.957 [JavaFX Application Thread] DEBUG PrimaryStageWindow   - Push state: DialogSubScene
08:31:35.957 [JavaFX Application Thread] DEBUG Input                - Clearing active input actions
08:31:35.957 [JavaFX Application Thread] DEBUG GameApplicationServi - Removing overlay from GameScene and adding to DialogSubScene
08:31:35.957 [JavaFX Application Thread] DEBUG PrimaryStageWindow   - GameScene -> DialogSubScene
08:31:36.773 [JavaFX Application Thread] DEBUG PrimaryStageWindow   - Pop state: DialogSubScene
08:31:36.773 [JavaFX Application Thread] DEBUG Input                - Clearing active input actions
08:31:36.774 [JavaFX Application Thread] DEBUG GameApplicationServi - Removing overlay from DialogSubScene and adding to GameScene
08:31:36.774 [JavaFX Application Thread] DEBUG PrimaryStageWindow   - GameScene <- DialogSubScene
08:31:36.774 [JavaFX Application Thread] DEBUG FXGLApplication      - Exiting FXGL
08:31:36.774 [JavaFX Application Thread] DEBUG LoopRunner           - Stopping loop
08:31:36.774 [JavaFX Application Thread] DEBUG SystemBundleService  - Saving FXGL system data
08:31:36.776 [JavaFX Application Thread] DEBUG FileSystemAccess     - Writing to: C:\Users\zyla\demoGame4OOP\system\fxgl.bundle
08:31:36.776 [JavaFX Application Thread] DEBUG Async                - Shutting down background threads
08:31:36.776 [JavaFX Application Thread] DEBUG PrimaryStageWindow   - Closing main window
08:31:36.811 [JavaFX Application Thread] DEBUG Logger               - Closing Logger
