16:21:06.791 [main                     ] DEBUG Logger               - Configured Logger
16:21:06.792 [main                     ] DEBUG GameApplication      - Logging settings
Title: Stictactics
Version: 0.0
Width: 1920
Height: 1080
Fullscreen: false
Intro: false
Profiling: false
Single step:false
App Mode: DEVELOPER
Menu Key: ESCAPE
Stage Style: DECORATED
Scene Factory: class com.example.demo.MySceneFactory

16:21:07.402 [JavaFX Application Thread] DEBUG FXGLApplication      - Initializing FXGL
16:21:07.405 [JavaFX Application Thread] INFO  Engine               - FXGL-11.17 (16.07.2021 15.46) on WINDOWS (J:23.0.2 FX:17.0.6)
16:21:07.406 [JavaFX Application Thread] DEBUG Engine               - JRE Vendor Name: Amazon.com Inc.
16:21:07.406 [JavaFX Application Thread] DEBUG Engine               - Running on OS: Windows 11 version 10.0
16:21:07.406 [JavaFX Application Thread] DEBUG Engine               - Architecture: amd64
16:21:07.406 [JavaFX Application Thread] INFO  Engine               - Source code and latest versions at: https://github.com/AlmasB/FXGL
16:21:07.406 [JavaFX Application Thread] INFO  Engine               -              Join the FXGL chat at: https://gitter.im/AlmasB/FXGL
16:21:07.599 [JavaFX Application Thread] DEBUG PrimaryStageWindow   - Creating a JavaFX scene
16:21:07.600 [JavaFX Application Thread] DEBUG PrimaryStageWindow   - Target size > screen size
16:21:07.683 [JavaFX Application Thread] DEBUG PrimaryStageWindow   - Target settings size: 1920.0 x 1080.0
16:21:07.684 [JavaFX Application Thread] DEBUG PrimaryStageWindow   - Scaled scene size:    1255.0 x 720.0
16:21:07.684 [JavaFX Application Thread] DEBUG PrimaryStageWindow   - Scaled ratio: (0.6536458333333334, 0.6666666666666666)
16:21:07.685 [JavaFX Application Thread] DEBUG PrimaryStageWindow   - Set initial scene to FXGLStartupScene
16:21:07.695 [JavaFX Application Thread] DEBUG PrimaryStageWindow   - Opening main window
16:21:07.836 [JavaFX Application Thread] DEBUG PrimaryStageWindow   - Window border size: (16.0, 39.0)
16:21:07.836 [JavaFX Application Thread] DEBUG PrimaryStageWindow   - Scaled size: 1255.0 x 720.0
16:21:07.836 [JavaFX Application Thread] DEBUG PrimaryStageWindow   - Scaled ratio: (0.6536458333333334, 0.6666666666666666)
16:21:07.836 [JavaFX Application Thread] DEBUG PrimaryStageWindow   - Scene size: 1255.0 x 720.0
16:21:07.837 [JavaFX Application Thread] DEBUG PrimaryStageWindow   - Stage size: 1271.0 x 759.0
16:21:07.854 [FXGL Background Thread 1 ] DEBUG Engine               - Initializing environment variables
16:21:08.044 [FXGL Background Thread 1 ] DEBUG FXGLAssetLoaderServi - User app class for loading assets: class com.example.demo.HelloController
16:21:08.044 [FXGL Background Thread 1 ] DEBUG GameApplicationServi - Applying CSS: fxgl_dark.css
16:21:08.045 [FXGL Background Thread 1 ] DEBUG FXGLAssetLoaderServi - Loading from file system: jar:file:///C:/Users/zyla/.m2/repository/com/github/almasb/fxgl/11.17/fxgl-11.17.jar!/fxglassets/ui/css/fxgl_dark.css
16:21:08.128 [FXGL Background Thread 1 ] DEBUG GameApplicationServi - Initializing application scenes
16:21:08.282 [FXGL Background Thread 1 ] DEBUG GameWorld            - Game world initialized
16:21:08.380 [FXGL Background Thread 1 ] DEBUG PhysicsWorld         - Physics world initialized: appHeight=1080, physics.ppm=50.0
16:21:08.381 [FXGL Background Thread 1 ] DEBUG PhysicsWorld         - Using strategy: BRUTE_FORCE
16:21:08.387 [FXGL Background Thread 1 ] DEBUG GameScene            - Game scene initialized: 1920x1080
16:21:08.618 [FXGL Background Thread 1 ] DEBUG GameApplicationServi - Application scenes initialized
16:21:08.641 [FXGL Background Thread 1 ] DEBUG SystemBundleService  - Loading FXGL system data
16:21:08.652 [FXGL Background Thread 1 ] DEBUG FileSystemAccess     - Reading from: C:\Users\zyla\demoGame4OOP\system\fxgl.bundle
16:21:08.668 [FXGL Background Thread 1 ] DEBUG SystemBundleService  - Bundle FXGL: {}
16:21:08.668 [FXGL Background Thread 1 ] DEBUG UpdaterService       - Checking for updates
16:21:08.679 [FXGL Background Thread 1 ] DEBUG FXGLApplication      - Loading default localization
16:21:08.680 [FXGL Background Thread 1 ] DEBUG FXGLAssetLoaderServi - Loading from file system: jar:file:///C:/Users/zyla/.m2/repository/com/github/almasb/fxgl/11.17/fxgl-11.17.jar!/fxglassets/languages/english.lang
16:21:08.685 [FXGL Background Thread 4 ] DEBUG FXGLApplication      - Loading fonts
16:21:08.687 [FXGL Background Thread 4 ] DEBUG FXGLAssetLoaderServi - Loading from file system: jar:file:///C:/Users/zyla/.m2/repository/com/github/almasb/fxgl/11.17/fxgl-11.17.jar!/fxglassets/ui/fonts/VarelaRound-Regular.ttf
16:21:08.742 [FXGL Background Thread 1 ] INFO  FXGLApplication      - FXGL initialization took: 0.889 sec
16:21:08.767 [JavaFX Application Thread] DEBUG Input                - Registered new binding: Pause Game - Esc
16:21:08.767 [JavaFX Application Thread] DEBUG Input                - Registered new binding: P1Left - A
16:21:08.768 [JavaFX Application Thread] DEBUG Input                - Registered new binding: P1Right - D
16:21:08.769 [JavaFX Application Thread] DEBUG Input                - Registered new binding: P1Jump - W
16:21:08.769 [JavaFX Application Thread] DEBUG Input                - Registered new binding: P1Punch - F
16:21:08.770 [JavaFX Application Thread] DEBUG Input                - Registered new binding: P1EnhancedPunch - E
16:21:08.770 [JavaFX Application Thread] DEBUG Input                - Registered new binding: P1Ult - Q
16:21:08.770 [JavaFX Application Thread] DEBUG Input                - Registered new binding: P2Left - Left
16:21:08.770 [JavaFX Application Thread] DEBUG Input                - Registered new binding: P2Right - Right
16:21:08.770 [JavaFX Application Thread] DEBUG Input                - Registered new binding: P2Jump - Up
16:21:08.770 [JavaFX Application Thread] DEBUG Input                - Registered new binding: P2Punch - H
16:21:08.770 [JavaFX Application Thread] DEBUG Input                - Registered new binding: P2EnhancedPunch - U
16:21:08.771 [JavaFX Application Thread] DEBUG Input                - Registered new binding: P2Ult - O
16:21:08.789 [JavaFX Application Thread] WARN  FXGLAssetLoaderServi - Asset "/assets/textures//assets/textures/background-intro.mp4" was not found!
16:21:08.789 [JavaFX Application Thread] WARN  FXGLAssetLoaderServi - Failed to load IMAGE
16:21:08.873 [JavaFX Application Thread] DEBUG FXGLAssetLoaderServi - Loading from file system: jar:file:///C:/Users/zyla/.m2/repository/com/github/almasb/fxgl/11.17/fxgl-11.17.jar!/fxglassets/textures/fxgl_icon.png
16:21:08.949 [JavaFX Application Thread] DEBUG FXGLAssetLoaderServi - Loading from file system: jar:file:///C:/Users/zyla/.m2/repository/com/github/almasb/fxgl/11.17/fxgl-11.17.jar!/fxglassets/textures/fxgl_default_cursor.png
16:21:08.957 [JavaFX Application Thread] DEBUG Input                - Registered new binding: Screenshot - CTRL+8
16:21:08.958 [JavaFX Application Thread] DEBUG Input                - Registered new binding: System info dump - CTRL+9
16:21:08.958 [JavaFX Application Thread] DEBUG Input                - Registered new binding: Restart - CTRL+R
16:21:08.971 [JavaFX Application Thread] DEBUG Input                - Registered new binding: Toggle Debug Camera - CTRL+C
16:21:08.975 [JavaFX Application Thread] DEBUG LoopRunner           - Starting loop
16:21:08.975 [JavaFX Application Thread] DEBUG LoopRunner           - Initializing JavaFX AnimationTimerLoop
16:21:08.983 [JavaFX Application Thread] DEBUG Input                - Clearing active input actions
16:21:09.062 [JavaFX Application Thread] DEBUG GameApplicationServi - Removing overlay from FXGLStartupScene and adding to FXGLMainMenuDummyScene
16:21:09.063 [JavaFX Application Thread] DEBUG PrimaryStageWindow   - FXGLStartupScene -> FXGLMainMenuDummyScene
16:21:09.064 [JavaFX Application Thread] DEBUG PrimaryStageWindow   - Push state: CustomMainMenu
16:21:09.065 [JavaFX Application Thread] DEBUG Input                - Clearing active input actions
16:21:09.081 [JavaFX Application Thread] DEBUG GameApplicationServi - Removing overlay from FXGLMainMenuDummyScene and adding to CustomMainMenu
16:21:09.082 [JavaFX Application Thread] DEBUG PrimaryStageWindow   - FXGLMainMenuDummyScene -> CustomMainMenu
16:21:09.513 [FXGL Background Thread 4 ] DEBUG FXGLAssetLoaderServi - Loading from file system: jar:file:///C:/Users/zyla/.m2/repository/com/github/almasb/fxgl/11.17/fxgl-11.17.jar!/fxglassets/ui/fonts/Abel-Regular.ttf
16:21:09.543 [FXGL Background Thread 4 ] DEBUG FXGLAssetLoaderServi - Loading from file system: jar:file:///C:/Users/zyla/.m2/repository/com/github/almasb/fxgl/11.17/fxgl-11.17.jar!/fxglassets/ui/fonts/lucida_console.ttf
16:21:09.576 [FXGL Background Thread 4 ] DEBUG FXGLAssetLoaderServi - Loading from file system: jar:file:///C:/Users/zyla/.m2/repository/com/github/almasb/fxgl/11.17/fxgl-11.17.jar!/fxglassets/ui/fonts/Courier-Prime.ttf
16:21:09.612 [JavaFX Application Thread] DEBUG FXGLApplication      - Registering font factories with UI factory
16:21:09.856 [JavaFX Application Thread] DEBUG Menu                 - fireNewGame()
16:21:09.856 [JavaFX Application Thread] DEBUG GameApplicationServi - Starting new game
16:21:09.856 [JavaFX Application Thread] DEBUG PrimaryStageWindow   - Pop state: CustomMainMenu
16:21:09.856 [JavaFX Application Thread] DEBUG Input                - Clearing active input actions
16:21:09.860 [JavaFX Application Thread] DEBUG GameApplicationServi - Removing overlay from CustomMainMenu and adding to FXGLMainMenuDummyScene
16:21:09.861 [JavaFX Application Thread] DEBUG PrimaryStageWindow   - FXGLMainMenuDummyScene <- CustomMainMenu
16:21:09.861 [JavaFX Application Thread] DEBUG Input                - Clearing active input actions
16:21:09.883 [JavaFX Application Thread] DEBUG GameApplicationServi - Removing overlay from FXGLMainMenuDummyScene and adding to FXGLLoadingScene
16:21:09.883 [JavaFX Application Thread] DEBUG PrimaryStageWindow   - FXGLMainMenuDummyScene -> FXGLLoadingScene
16:21:09.883 [JavaFX Application Thread] DEBUG GameApplicationServi - Clearing previous game
16:21:09.883 [JavaFX Application Thread] DEBUG GameScene            - Clearing game scene
16:21:09.883 [JavaFX Application Thread] DEBUG GameWorld            - Clearing game world
16:21:09.885 [JavaFX Application Thread] DEBUG PhysicsWorld         - Clearing physics world
16:21:09.893 [FXGL Background Thread 4 ] DEBUG FXGLApplication      - Initializing game
16:21:10.400 [FXGL Background Thread 4 ] WARN  TMXLevelLoader       - TiledMap generated from 1.11.2. Supported version: 1.2.3. Some features may not be parsed fully.
16:21:10.495 [FXGL Background Thread 4 ] DEBUG TMXLevelLoader       - Parsed TiledMap: file:/C:/Users/zyla/demoGame4OOP/target/classes/assets/levels/tmx/map4.tmx
16:21:10.540 [FXGL Background Thread 4 ] DEBUG TMXLevelLoader       - Creating tile layer entities
16:21:10.545 [FXGL Background Thread 4 ] DEBUG TilesetLoader        - Loading view for layer Tile Layer 1
16:21:10.556 [FXGL Background Thread 4 ] DEBUG TilesetLoader        - Created buffer with size 1920.0x1088.0
16:21:10.788 [FXGL Background Thread 2 ] INFO  UpdaterService       - Your current version:  11.17
16:21:10.789 [FXGL Background Thread 2 ] INFO  UpdaterService       - Latest stable version: 21.1
16:21:10.862 [FXGL Background Thread 4 ] DEBUG TMXLevelLoader       - Creating object layer entities
16:21:10.929 [FXGL Background Thread 4 ] DEBUG GameWorld            - Clearing removable entities
16:21:10.935 [FXGL Background Thread 4 ] DEBUG GameWorld            - Setting level: com.almasb.fxgl.entity.level.Level@19a67b5e
16:21:10.963 [FXGL Background Thread 4 ] DEBUG FXGLAssetLoaderServi - Loading from file system: file:/C:/Users/zyla/demoGame4OOP/target/classes/assets/textures/character_2/knight_idle.png
16:21:11.058 [FXGL Background Thread 4 ] DEBUG FXGLAssetLoaderServi - Loading from file system: file:/C:/Users/zyla/demoGame4OOP/target/classes/assets/textures/character_2/knight_walk.png
16:21:11.079 [FXGL Background Thread 4 ] DEBUG FXGLAssetLoaderServi - Loading from file system: file:/C:/Users/zyla/demoGame4OOP/target/classes/assets/textures/fighter_attack_enhanced_p2.png
16:21:11.102 [FXGL Background Thread 4 ] DEBUG FXGLAssetLoaderServi - Loading from file system: file:/C:/Users/zyla/demoGame4OOP/target/classes/assets/textures/character_2/knight_jump.png
16:21:11.139 [FXGL Background Thread 4 ] DEBUG FXGLAssetLoaderServi - Loading from file system: file:/C:/Users/zyla/demoGame4OOP/target/classes/assets/textures/character_2/knight_combo.png
16:21:11.181 [FXGL Background Thread 4 ] DEBUG FXGLAssetLoaderServi - Loading from file system: file:/C:/Users/zyla/demoGame4OOP/target/classes/assets/textures/fighter_ult_P2.png
16:21:11.235 [FXGL Background Thread 4 ] DEBUG FXGLAssetLoaderServi - Loading from file system: file:/C:/Users/zyla/demoGame4OOP/target/classes/assets/textures/fighter_hit.png
16:21:11.308 [FXGL Background Thread 4 ] DEBUG FXGLAssetLoaderServi - Loading from file system: file:/C:/Users/zyla/demoGame4OOP/target/classes/assets/textures/fighter_idle_P2.png
16:21:11.383 [FXGL Background Thread 4 ] DEBUG FXGLAssetLoaderServi - Loading from file system: file:/C:/Users/zyla/demoGame4OOP/target/classes/assets/textures/fighter_walk_P2.png
16:21:11.399 [FXGL Background Thread 4 ] DEBUG FXGLAssetLoaderServi - Loading from file system: file:/C:/Users/zyla/demoGame4OOP/target/classes/assets/textures/fighter_jump_P2.png
16:21:11.406 [FXGL Background Thread 4 ] DEBUG FXGLAssetLoaderServi - Loading from file system: file:/C:/Users/zyla/demoGame4OOP/target/classes/assets/textures/fighter_attack_P2.png
16:21:11.507 [FXGL Background Thread 4 ] INFO  FXGLApplication      - Game initialization took: 1.614 sec
16:21:11.512 [JavaFX Application Thread] DEBUG Input                - Clearing active input actions
16:21:11.530 [JavaFX Application Thread] DEBUG GameApplicationServi - Removing overlay from FXGLLoadingScene and adding to GameScene
16:21:11.531 [JavaFX Application Thread] DEBUG PrimaryStageWindow   - FXGLLoadingScene -> GameScene
16:21:11.677 [FXGL Background Thread 3 ] DEBUG Engine               - Logging environment variables
16:21:11.677 [FXGL Background Thread 3 ] DEBUG Engine               - achievements: []
16:21:11.677 [FXGL Background Thread 3 ] DEBUG Engine               - actualHeight: 720.0
16:21:11.677 [FXGL Background Thread 3 ] DEBUG Engine               - actualHeightProperty: ReadOnlyDoubleProperty [value: 720.0]
16:21:11.677 [FXGL Background Thread 3 ] DEBUG Engine               - actualWidth: 1255.0
16:21:11.678 [FXGL Background Thread 3 ] DEBUG Engine               - actualWidthProperty: ReadOnlyDoubleProperty [value: 1255.0]
16:21:11.678 [FXGL Background Thread 3 ] DEBUG Engine               - appIcon: fxgl_icon.png
16:21:11.678 [FXGL Background Thread 3 ] DEBUG Engine               - applicationMode: DEVELOPER
16:21:11.678 [FXGL Background Thread 3 ] DEBUG Engine               - cSSList: [fxgl_dark.css]
16:21:11.678 [FXGL Background Thread 3 ] DEBUG Engine               - collisionDetectionStrategy: BRUTE_FORCE
16:21:11.678 [FXGL Background Thread 3 ] DEBUG Engine               - configClass: Optional.empty
16:21:11.678 [FXGL Background Thread 3 ] DEBUG Engine               - credits: []
16:21:11.678 [FXGL Background Thread 3 ] DEBUG Engine               - defaultCursor: CursorInfo(imageName=fxgl_default_cursor.png, hotspotX=7.0, hotspotY=6.0)
16:21:11.678 [FXGL Background Thread 3 ] DEBUG Engine               - devBBoxColorProperty: ObjectProperty [value: 0xff0000ff]
16:21:11.678 [FXGL Background Thread 3 ] DEBUG Engine               - devEnableDebugCameraProperty: BooleanProperty [value: false]
16:21:11.679 [FXGL Background Thread 3 ] DEBUG Engine               - devSensorColorProperty: ObjectProperty [value: 0xffff00ff]
16:21:11.679 [FXGL Background Thread 3 ] DEBUG Engine               - devShowBBoxProperty: BooleanProperty [value: false]
16:21:11.679 [FXGL Background Thread 3 ] DEBUG Engine               - devShowPositionProperty: BooleanProperty [value: false]
16:21:11.679 [FXGL Background Thread 3 ] DEBUG Engine               - enabledMenuItems: []
16:21:11.679 [FXGL Background Thread 3 ] DEBUG Engine               - engineServices: [class com.almasb.fxgl.app.services.FXGLAssetLoaderService, class com.almasb.fxgl.app.FXGLApplication$GameApplicationService, class com.almasb.fxgl.app.services.FXGLDialogService, class com.almasb.fxgl.app.services.IOTaskExecutorService, class com.almasb.fxgl.io.FileSystemService, class com.almasb.fxgl.localization.LocalizationService, class com.almasb.fxgl.app.services.SystemBundleService, class com.almasb.fxgl.profile.SaveLoadService, class com.almasb.fxgl.ui.FXGLUIFactoryServiceProvider, class com.almasb.fxgl.ui.FXGLDialogFactoryServiceProvider, class com.almasb.fxgl.audio.AudioPlayer, class com.almasb.fxgl.notification.impl.NotificationServiceProvider, class com.almasb.fxgl.achievement.AchievementService, class com.almasb.fxgl.cutscene.CutsceneService, class com.almasb.fxgl.minigames.MiniGameService, class com.almasb.fxgl.net.NetService, class com.almasb.fxgl.app.services.UpdaterService, class com.almasb.fxgl.dev.DevService]
16:21:11.679 [FXGL Background Thread 3 ] DEBUG Engine               - fontGame: Abel-Regular.ttf
16:21:11.679 [FXGL Background Thread 3 ] DEBUG Engine               - fontMono: lucida_console.ttf
16:21:11.679 [FXGL Background Thread 3 ] DEBUG Engine               - fontText: Courier-Prime.ttf
16:21:11.679 [FXGL Background Thread 3 ] DEBUG Engine               - fontUI: VarelaRound-Regular.ttf
16:21:11.684 [FXGL Background Thread 3 ] DEBUG Engine               - fullScreen: BooleanProperty [value: false]
16:21:11.684 [FXGL Background Thread 3 ] DEBUG Engine               - gameDifficulty: MEDIUM
16:21:11.684 [FXGL Background Thread 3 ] DEBUG Engine               - gameDifficultyProperty: ObjectProperty [value: MEDIUM]
16:21:11.686 [FXGL Background Thread 3 ] DEBUG Engine               - globalMusicVolume: 0.5
16:21:11.689 [FXGL Background Thread 3 ] DEBUG Engine               - globalMusicVolumeProperty: DoubleProperty [value: 0.5]
16:21:11.689 [FXGL Background Thread 3 ] DEBUG Engine               - globalSoundVolume: 0.5
16:21:11.689 [FXGL Background Thread 3 ] DEBUG Engine               - globalSoundVolumeProperty: DoubleProperty [value: 0.5]
16:21:11.689 [FXGL Background Thread 3 ] DEBUG Engine               - height: 1080
16:21:11.689 [FXGL Background Thread 3 ] DEBUG Engine               - is3D: false
16:21:11.690 [FXGL Background Thread 3 ] DEBUG Engine               - isAndroid: false
16:21:11.690 [FXGL Background Thread 3 ] DEBUG Engine               - isBrowser: false
16:21:11.690 [FXGL Background Thread 3 ] DEBUG Engine               - isClickFeedbackEnabled: false
16:21:11.690 [FXGL Background Thread 3 ] DEBUG Engine               - isCloseConfirmation: true
16:21:11.690 [FXGL Background Thread 3 ] DEBUG Engine               - isDesktop: true
16:21:11.690 [FXGL Background Thread 3 ] DEBUG Engine               - isDeveloperMenuEnabled: false
16:21:11.690 [FXGL Background Thread 3 ] DEBUG Engine               - isEntityPreloadEnabled: true
16:21:11.690 [FXGL Background Thread 3 ] DEBUG Engine               - isExperimentalTiledLargeMap: false
16:21:11.690 [FXGL Background Thread 3 ] DEBUG Engine               - isFileSystemWriteAllowed: true
16:21:11.690 [FXGL Background Thread 3 ] DEBUG Engine               - isFullScreenAllowed: false
16:21:11.690 [FXGL Background Thread 3 ] DEBUG Engine               - isFullScreenFromStart: false
16:21:11.690 [FXGL Background Thread 3 ] DEBUG Engine               - isGameMenuEnabled: false
16:21:11.690 [FXGL Background Thread 3 ] DEBUG Engine               - isIOS: false
16:21:11.690 [FXGL Background Thread 3 ] DEBUG Engine               - isIntroEnabled: false
16:21:11.691 [FXGL Background Thread 3 ] DEBUG Engine               - isLinux: false
16:21:11.691 [FXGL Background Thread 3 ] DEBUG Engine               - isMac: false
16:21:11.691 [FXGL Background Thread 3 ] DEBUG Engine               - isMainMenuEnabled: true
16:21:11.691 [FXGL Background Thread 3 ] DEBUG Engine               - isManualResizeEnabled: false
16:21:11.691 [FXGL Background Thread 3 ] DEBUG Engine               - isMobile: false
16:21:11.691 [FXGL Background Thread 3 ] DEBUG Engine               - isNative: false
16:21:11.691 [FXGL Background Thread 3 ] DEBUG Engine               - isPauseMusicWhenMinimized: true
16:21:11.691 [FXGL Background Thread 3 ] DEBUG Engine               - isPreserveResizeRatio: false
16:21:11.691 [FXGL Background Thread 3 ] DEBUG Engine               - isProfilingEnabled: false
16:21:11.691 [FXGL Background Thread 3 ] DEBUG Engine               - isScaleAffectedOnResize: true
16:21:11.691 [FXGL Background Thread 3 ] DEBUG Engine               - isSingleStep: false
16:21:11.691 [FXGL Background Thread 3 ] DEBUG Engine               - isUserProfileEnabled: false
16:21:11.691 [FXGL Background Thread 3 ] DEBUG Engine               - isWindows: true
16:21:11.692 [FXGL Background Thread 3 ] DEBUG Engine               - language: ObjectProperty [value: ENGLISH]
16:21:11.692 [FXGL Background Thread 3 ] DEBUG Engine               - menuKey: ESCAPE
16:21:11.692 [FXGL Background Thread 3 ] DEBUG Engine               - mouseSensitivity: 0.2
16:21:11.692 [FXGL Background Thread 3 ] DEBUG Engine               - notificationViewClass: class com.almasb.fxgl.notification.view.XboxNotificationView
16:21:11.692 [FXGL Background Thread 3 ] DEBUG Engine               - pixelsPerMeter: 50.0
16:21:11.692 [FXGL Background Thread 3 ] DEBUG Engine               - platform: WINDOWS
16:21:11.692 [FXGL Background Thread 3 ] DEBUG Engine               - prefHeightProperty: ReadOnlyDoubleProperty [value: 1080.0]
16:21:11.692 [FXGL Background Thread 3 ] DEBUG Engine               - prefWidthProperty: ReadOnlyDoubleProperty [value: 1920.0]
16:21:11.700 [FXGL Background Thread 3 ] DEBUG Engine               - profileDir: profiles/
16:21:11.701 [FXGL Background Thread 3 ] DEBUG Engine               - profileName: StringProperty [value: DEFAULT]
16:21:11.701 [FXGL Background Thread 3 ] DEBUG Engine               - randomSeed: -1
16:21:11.708 [FXGL Background Thread 3 ] DEBUG Engine               - runtimeInfo: RuntimeInfo(platform=WINDOWS, version=11.17, build=16.07.2021 15.46)
16:21:11.708 [FXGL Background Thread 3 ] DEBUG Engine               - saveFileExt: sav
16:21:11.708 [FXGL Background Thread 3 ] DEBUG Engine               - scaledHeightProp$fxgl: DoubleProperty [bound, value: 720.0]
16:21:11.708 [FXGL Background Thread 3 ] DEBUG Engine               - scaledWidthProp$fxgl: DoubleProperty [bound, value: 1255.0]
16:21:11.708 [FXGL Background Thread 3 ] DEBUG Engine               - sceneFactory: com.example.demo.MySceneFactory@6ea39937
16:21:11.708 [FXGL Background Thread 3 ] DEBUG Engine               - secondsIn24h: 60
16:21:11.708 [FXGL Background Thread 3 ] DEBUG Engine               - soundMenuBack: menu/back.wav
16:21:11.709 [FXGL Background Thread 3 ] DEBUG Engine               - soundMenuPress: menu/press.wav
16:21:11.712 [FXGL Background Thread 3 ] DEBUG Engine               - soundMenuSelect: menu/select.wav
16:21:11.712 [FXGL Background Thread 3 ] DEBUG Engine               - soundNotification: core/notification.wav
16:21:11.712 [FXGL Background Thread 3 ] DEBUG Engine               - stageStyle: DECORATED
16:21:11.712 [FXGL Background Thread 3 ] DEBUG Engine               - supportedLanguages: [ENGLISH, FRENCH, GERMAN, HUNGARIAN, RUSSIAN]
16:21:11.712 [FXGL Background Thread 3 ] DEBUG Engine               - ticksPerSecond: -1
16:21:11.712 [FXGL Background Thread 3 ] DEBUG Engine               - title: Stictactics
16:21:11.713 [FXGL Background Thread 3 ] DEBUG Engine               - urlGithub: https://github.com/AlmasB/FXGL
16:21:11.713 [FXGL Background Thread 3 ] DEBUG Engine               - urlLeaderboard: http://fxgl-top.herokuapp.com/
16:21:11.713 [FXGL Background Thread 3 ] DEBUG Engine               - urlPOM: https://raw.githubusercontent.com/AlmasB/FXGL/release/README.md
16:21:11.713 [FXGL Background Thread 3 ] DEBUG Engine               - userAppClass: class com.example.demo.HelloController
16:21:11.713 [FXGL Background Thread 3 ] DEBUG Engine               - version: 0.0
16:21:11.713 [FXGL Background Thread 3 ] DEBUG Engine               - versionCheckDays: 7
16:21:11.713 [FXGL Background Thread 3 ] DEBUG Engine               - width: 1920
16:21:11.713 [FXGL Background Thread 3 ] DEBUG Engine               - Logging services
16:21:11.713 [FXGL Background Thread 3 ] DEBUG Engine               - class com.almasb.fxgl.app.services.FXGLAssetLoaderService
16:21:11.713 [FXGL Background Thread 3 ] DEBUG Engine               - class com.almasb.fxgl.app.FXGLApplication$GameApplicationService
16:21:11.713 [FXGL Background Thread 3 ] DEBUG Engine               - class com.almasb.fxgl.app.services.FXGLDialogService
16:21:11.713 [FXGL Background Thread 3 ] DEBUG Engine               - class com.almasb.fxgl.app.services.IOTaskExecutorService
16:21:11.713 [FXGL Background Thread 3 ] DEBUG Engine               - class com.almasb.fxgl.io.FileSystemService
16:21:11.713 [FXGL Background Thread 3 ] DEBUG Engine               - class com.almasb.fxgl.localization.LocalizationService
16:21:11.713 [FXGL Background Thread 3 ] DEBUG Engine               - class com.almasb.fxgl.app.services.SystemBundleService
16:21:11.713 [FXGL Background Thread 3 ] DEBUG Engine               - class com.almasb.fxgl.profile.SaveLoadService
16:21:11.713 [FXGL Background Thread 3 ] DEBUG Engine               - class com.almasb.fxgl.ui.FXGLUIFactoryServiceProvider
16:21:11.714 [FXGL Background Thread 3 ] DEBUG Engine               - class com.almasb.fxgl.ui.FXGLDialogFactoryServiceProvider
16:21:11.714 [FXGL Background Thread 3 ] DEBUG Engine               - class com.almasb.fxgl.audio.AudioPlayer
16:21:11.717 [FXGL Background Thread 3 ] DEBUG Engine               - class com.almasb.fxgl.notification.impl.NotificationServiceProvider
16:21:11.717 [FXGL Background Thread 3 ] DEBUG Engine               - class com.almasb.fxgl.achievement.AchievementService
16:21:11.723 [FXGL Background Thread 3 ] DEBUG Engine               - class com.almasb.fxgl.cutscene.CutsceneService
16:21:11.723 [FXGL Background Thread 3 ] DEBUG Engine               - class com.almasb.fxgl.minigames.MiniGameService
16:21:11.723 [FXGL Background Thread 3 ] DEBUG Engine               - class com.almasb.fxgl.net.NetService
16:21:11.725 [FXGL Background Thread 3 ] DEBUG Engine               - class com.almasb.fxgl.app.services.UpdaterService
16:21:11.725 [FXGL Background Thread 3 ] DEBUG Engine               - class com.almasb.fxgl.dev.DevService
16:21:14.830 [JavaFX Application Thread] DEBUG PrimaryStageWindow   - Push state: CustomPauseMenu
16:21:14.830 [JavaFX Application Thread] DEBUG Input                - Clearing active input actions
16:21:14.833 [JavaFX Application Thread] DEBUG GameApplicationServi - Removing overlay from GameScene and adding to CustomPauseMenu
16:21:14.835 [JavaFX Application Thread] DEBUG PrimaryStageWindow   - GameScene -> CustomPauseMenu
16:21:18.050 [JavaFX Application Thread] DEBUG Menu                 - fireResume()
16:21:18.050 [JavaFX Application Thread] DEBUG PrimaryStageWindow   - Pop state: CustomPauseMenu
16:21:18.051 [JavaFX Application Thread] DEBUG Input                - Clearing active input actions
16:21:18.052 [JavaFX Application Thread] DEBUG GameApplicationServi - Removing overlay from CustomPauseMenu and adding to GameScene
16:21:18.052 [JavaFX Application Thread] DEBUG PrimaryStageWindow   - GameScene <- CustomPauseMenu
16:21:19.626 [JavaFX Application Thread] DEBUG PrimaryStageWindow   - Push state: CustomPauseMenu
16:21:19.626 [JavaFX Application Thread] DEBUG Input                - Clearing active input actions
16:21:19.626 [JavaFX Application Thread] DEBUG GameApplicationServi - Removing overlay from GameScene and adding to CustomPauseMenu
16:21:19.627 [JavaFX Application Thread] DEBUG PrimaryStageWindow   - GameScene -> CustomPauseMenu
16:21:20.402 [JavaFX Application Thread] DEBUG Menu                 - fireResume()
16:21:20.402 [JavaFX Application Thread] DEBUG PrimaryStageWindow   - Pop state: CustomPauseMenu
16:21:20.402 [JavaFX Application Thread] DEBUG Input                - Clearing active input actions
16:21:20.402 [JavaFX Application Thread] DEBUG GameApplicationServi - Removing overlay from CustomPauseMenu and adding to GameScene
16:21:20.403 [JavaFX Application Thread] DEBUG PrimaryStageWindow   - GameScene <- CustomPauseMenu
16:21:20.571 [JavaFX Application Thread] DEBUG PrimaryStageWindow   - Push state: CustomPauseMenu
16:21:20.571 [JavaFX Application Thread] DEBUG Input                - Clearing active input actions
16:21:20.571 [JavaFX Application Thread] DEBUG GameApplicationServi - Removing overlay from GameScene and adding to CustomPauseMenu
16:21:20.572 [JavaFX Application Thread] DEBUG PrimaryStageWindow   - GameScene -> CustomPauseMenu
16:21:20.870 [JavaFX Application Thread] DEBUG Menu                 - fireResume()
16:21:20.870 [JavaFX Application Thread] DEBUG PrimaryStageWindow   - Pop state: CustomPauseMenu
16:21:20.870 [JavaFX Application Thread] DEBUG Input                - Clearing active input actions
16:21:20.870 [JavaFX Application Thread] DEBUG GameApplicationServi - Removing overlay from CustomPauseMenu and adding to GameScene
16:21:20.871 [JavaFX Application Thread] DEBUG PrimaryStageWindow   - GameScene <- CustomPauseMenu
16:21:21.081 [JavaFX Application Thread] DEBUG PrimaryStageWindow   - Push state: CustomPauseMenu
16:21:21.082 [JavaFX Application Thread] DEBUG Input                - Clearing active input actions
16:21:21.085 [JavaFX Application Thread] DEBUG GameApplicationServi - Removing overlay from GameScene and adding to CustomPauseMenu
16:21:21.085 [JavaFX Application Thread] DEBUG PrimaryStageWindow   - GameScene -> CustomPauseMenu
16:21:23.104 [JavaFX Application Thread] DEBUG Menu                 - fireResume()
16:21:23.104 [JavaFX Application Thread] DEBUG PrimaryStageWindow   - Pop state: CustomPauseMenu
16:21:23.104 [JavaFX Application Thread] DEBUG Input                - Clearing active input actions
16:21:23.105 [JavaFX Application Thread] DEBUG GameApplicationServi - Removing overlay from CustomPauseMenu and adding to GameScene
16:21:23.105 [JavaFX Application Thread] DEBUG PrimaryStageWindow   - GameScene <- CustomPauseMenu
16:21:24.037 [JavaFX Application Thread] DEBUG PrimaryStageWindow   - Push state: DialogSubScene
16:21:24.037 [JavaFX Application Thread] DEBUG Input                - Clearing active input actions
16:21:24.038 [JavaFX Application Thread] DEBUG GameApplicationServi - Removing overlay from GameScene and adding to DialogSubScene
16:21:24.038 [JavaFX Application Thread] DEBUG PrimaryStageWindow   - GameScene -> DialogSubScene
16:21:24.740 [JavaFX Application Thread] DEBUG PrimaryStageWindow   - Pop state: DialogSubScene
16:21:24.740 [JavaFX Application Thread] DEBUG Input                - Clearing active input actions
16:21:24.740 [JavaFX Application Thread] DEBUG GameApplicationServi - Removing overlay from DialogSubScene and adding to GameScene
16:21:24.740 [JavaFX Application Thread] DEBUG PrimaryStageWindow   - GameScene <- DialogSubScene
16:21:24.740 [JavaFX Application Thread] DEBUG FXGLApplication      - Exiting FXGL
16:21:24.740 [JavaFX Application Thread] DEBUG LoopRunner           - Stopping loop
16:21:24.740 [JavaFX Application Thread] DEBUG SystemBundleService  - Saving FXGL system data
16:21:24.743 [JavaFX Application Thread] DEBUG FileSystemAccess     - Writing to: C:\Users\zyla\demoGame4OOP\system\fxgl.bundle
16:21:24.747 [JavaFX Application Thread] DEBUG Async                - Shutting down background threads
16:21:24.747 [JavaFX Application Thread] DEBUG PrimaryStageWindow   - Closing main window
16:21:24.779 [JavaFX Application Thread] DEBUG Logger               - Closing Logger
