19:43:32.464 [main                     ] DEBUG Logger               - Configured Logger
19:43:32.466 [main                     ] DEBUG GameApplication      - Logging settings
Title: Stictactics
Version: 0.0
Width: 1920
Height: 1080
Fullscreen: false
Intro: false
Profiling: false
Single step:false
App Mode: DEVELOPER
Menu Key: ESCAPE
Stage Style: DECORATED
Scene Factory: class com.example.demo.MySceneFactory

19:43:32.959 [JavaFX Application Thread] DEBUG FXGLApplication      - Initializing FXGL
19:43:32.960 [JavaFX Application Thread] INFO  Engine               - FXGL-11.17 (16.07.2021 15.46) on WINDOWS (J:23.0.2 FX:17.0.6)
19:43:32.962 [JavaFX Application Thread] DEBUG Engine               - JRE Vendor Name: Amazon.com Inc.
19:43:32.962 [JavaFX Application Thread] DEBUG Engine               - Running on OS: Windows 11 version 10.0
19:43:32.962 [JavaFX Application Thread] DEBUG Engine               - Architecture: amd64
19:43:32.962 [JavaFX Application Thread] INFO  Engine               - Source code and latest versions at: https://github.com/AlmasB/FXGL
19:43:32.962 [JavaFX Application Thread] INFO  Engine               -              Join the FXGL chat at: https://gitter.im/AlmasB/FXGL
19:43:33.075 [JavaFX Application Thread] DEBUG PrimaryStageWindow   - Creating a JavaFX scene
19:43:33.076 [JavaFX Application Thread] DEBUG PrimaryStageWindow   - Target size > screen size
19:43:33.135 [JavaFX Application Thread] DEBUG PrimaryStageWindow   - Target settings size: 1920.0 x 1080.0
19:43:33.135 [JavaFX Application Thread] DEBUG PrimaryStageWindow   - Scaled scene size:    1255.0 x 720.0
19:43:33.135 [JavaFX Application Thread] DEBUG PrimaryStageWindow   - Scaled ratio: (0.6536458333333334, 0.6666666666666666)
19:43:33.136 [JavaFX Application Thread] DEBUG PrimaryStageWindow   - Set initial scene to FXGLStartupScene
19:43:33.147 [JavaFX Application Thread] DEBUG PrimaryStageWindow   - Opening main window
19:43:33.267 [JavaFX Application Thread] DEBUG PrimaryStageWindow   - Window border size: (16.0, 39.0)
19:43:33.268 [JavaFX Application Thread] DEBUG PrimaryStageWindow   - Scaled size: 1255.0 x 720.0
19:43:33.268 [JavaFX Application Thread] DEBUG PrimaryStageWindow   - Scaled ratio: (0.6536458333333334, 0.6666666666666666)
19:43:33.268 [JavaFX Application Thread] DEBUG PrimaryStageWindow   - Scene size: 1255.0 x 720.0
19:43:33.269 [JavaFX Application Thread] DEBUG PrimaryStageWindow   - Stage size: 1271.0 x 759.0
19:43:33.290 [FXGL Background Thread 1 ] DEBUG Engine               - Initializing environment variables
19:43:33.416 [FXGL Background Thread 1 ] DEBUG FXGLAssetLoaderServi - User app class for loading assets: class com.example.demo.HelloController
19:43:33.416 [FXGL Background Thread 1 ] DEBUG GameApplicationServi - Applying CSS: fxgl_dark.css
19:43:33.417 [FXGL Background Thread 1 ] DEBUG FXGLAssetLoaderServi - Loading from file system: jar:file:///C:/Users/zyla/.m2/repository/com/github/almasb/fxgl/11.17/fxgl-11.17.jar!/fxglassets/ui/css/fxgl_dark.css
19:43:33.476 [FXGL Background Thread 1 ] DEBUG GameApplicationServi - Initializing application scenes
19:43:33.615 [FXGL Background Thread 1 ] DEBUG GameWorld            - Game world initialized
19:43:33.701 [FXGL Background Thread 1 ] DEBUG PhysicsWorld         - Physics world initialized: appHeight=1080, physics.ppm=50.0
19:43:33.702 [FXGL Background Thread 1 ] DEBUG PhysicsWorld         - Using strategy: BRUTE_FORCE
19:43:33.705 [FXGL Background Thread 1 ] DEBUG GameScene            - Game scene initialized: 1920x1080
19:43:33.879 [FXGL Background Thread 1 ] DEBUG GameApplicationServi - Application scenes initialized
19:43:33.894 [FXGL Background Thread 1 ] DEBUG SystemBundleService  - Loading FXGL system data
19:43:33.900 [FXGL Background Thread 1 ] DEBUG FileSystemAccess     - Reading from: C:\Users\zyla\demoGame4OOP\system\fxgl.bundle
19:43:33.913 [FXGL Background Thread 1 ] DEBUG SystemBundleService  - Bundle FXGL: {}
19:43:33.913 [FXGL Background Thread 1 ] DEBUG UpdaterService       - Checking for updates
19:43:33.925 [FXGL Background Thread 1 ] DEBUG FXGLApplication      - Loading default localization
19:43:33.926 [FXGL Background Thread 1 ] DEBUG FXGLAssetLoaderServi - Loading from file system: jar:file:///C:/Users/zyla/.m2/repository/com/github/almasb/fxgl/11.17/fxgl-11.17.jar!/fxglassets/languages/english.lang
19:43:33.930 [FXGL Background Thread 4 ] DEBUG FXGLApplication      - Loading fonts
19:43:33.931 [FXGL Background Thread 4 ] DEBUG FXGLAssetLoaderServi - Loading from file system: jar:file:///C:/Users/zyla/.m2/repository/com/github/almasb/fxgl/11.17/fxgl-11.17.jar!/fxglassets/ui/fonts/VarelaRound-Regular.ttf
19:43:33.965 [FXGL Background Thread 1 ] INFO  FXGLApplication      - FXGL initialization took: 0.676 sec
19:43:34.022 [JavaFX Application Thread] DEBUG Input                - Registered new binding: Pause Game - Esc
19:43:34.022 [JavaFX Application Thread] DEBUG Input                - Registered new binding: P1Left - A
19:43:34.022 [JavaFX Application Thread] DEBUG Input                - Registered new binding: P1Right - D
19:43:34.023 [JavaFX Application Thread] DEBUG Input                - Registered new binding: P1Jump - W
19:43:34.023 [JavaFX Application Thread] DEBUG Input                - Registered new binding: P1Punch - F
19:43:34.023 [JavaFX Application Thread] DEBUG Input                - Registered new binding: P1EnhancedPunch - E
19:43:34.023 [JavaFX Application Thread] DEBUG Input                - Registered new binding: P1Ult - Q
19:43:34.024 [JavaFX Application Thread] DEBUG Input                - Registered new binding: P2Left - Left
19:43:34.024 [JavaFX Application Thread] DEBUG Input                - Registered new binding: P2Right - Right
19:43:34.024 [JavaFX Application Thread] DEBUG Input                - Registered new binding: P2Jump - Up
19:43:34.025 [JavaFX Application Thread] DEBUG Input                - Registered new binding: P2Punch - H
19:43:34.025 [JavaFX Application Thread] DEBUG Input                - Registered new binding: P2EnhancedPunch - U
19:43:34.025 [JavaFX Application Thread] DEBUG Input                - Registered new binding: P2Ult - O
19:43:34.029 [JavaFX Application Thread] WARN  FXGLAssetLoaderServi - Asset "/assets/textures//assets/textures/background-intro.mp4" was not found!
19:43:34.030 [JavaFX Application Thread] WARN  FXGLAssetLoaderServi - Failed to load IMAGE
19:43:34.045 [FXGL Background Thread 4 ] DEBUG FXGLAssetLoaderServi - Loading from file system: jar:file:///C:/Users/zyla/.m2/repository/com/github/almasb/fxgl/11.17/fxgl-11.17.jar!/fxglassets/ui/fonts/Abel-Regular.ttf
19:43:34.065 [FXGL Background Thread 4 ] DEBUG FXGLAssetLoaderServi - Loading from file system: jar:file:///C:/Users/zyla/.m2/repository/com/github/almasb/fxgl/11.17/fxgl-11.17.jar!/fxglassets/ui/fonts/lucida_console.ttf
19:43:34.075 [JavaFX Application Thread] DEBUG FXGLAssetLoaderServi - Loading from file system: jar:file:///C:/Users/zyla/.m2/repository/com/github/almasb/fxgl/11.17/fxgl-11.17.jar!/fxglassets/textures/fxgl_icon.png
19:43:34.096 [FXGL Background Thread 4 ] DEBUG FXGLAssetLoaderServi - Loading from file system: jar:file:///C:/Users/zyla/.m2/repository/com/github/almasb/fxgl/11.17/fxgl-11.17.jar!/fxglassets/ui/fonts/Courier-Prime.ttf
19:43:34.161 [JavaFX Application Thread] DEBUG FXGLAssetLoaderServi - Loading from file system: jar:file:///C:/Users/zyla/.m2/repository/com/github/almasb/fxgl/11.17/fxgl-11.17.jar!/fxglassets/textures/fxgl_default_cursor.png
19:43:34.164 [JavaFX Application Thread] DEBUG Input                - Registered new binding: Screenshot - CTRL+8
19:43:34.165 [JavaFX Application Thread] DEBUG Input                - Registered new binding: System info dump - CTRL+9
19:43:34.165 [JavaFX Application Thread] DEBUG Input                - Registered new binding: Restart - CTRL+R
19:43:34.166 [JavaFX Application Thread] DEBUG Input                - Registered new binding: Toggle Debug Camera - CTRL+C
19:43:34.171 [JavaFX Application Thread] DEBUG LoopRunner           - Starting loop
19:43:34.171 [JavaFX Application Thread] DEBUG LoopRunner           - Initializing JavaFX AnimationTimerLoop
19:43:34.175 [JavaFX Application Thread] DEBUG Input                - Clearing active input actions
19:43:34.194 [JavaFX Application Thread] DEBUG GameApplicationServi - Removing overlay from FXGLStartupScene and adding to FXGLMainMenuDummyScene
19:43:34.195 [JavaFX Application Thread] DEBUG PrimaryStageWindow   - FXGLStartupScene -> FXGLMainMenuDummyScene
19:43:34.195 [JavaFX Application Thread] DEBUG PrimaryStageWindow   - Push state: CustomMainMenu
19:43:34.195 [JavaFX Application Thread] DEBUG Input                - Clearing active input actions
19:43:34.206 [JavaFX Application Thread] DEBUG GameApplicationServi - Removing overlay from FXGLMainMenuDummyScene and adding to CustomMainMenu
19:43:34.207 [JavaFX Application Thread] DEBUG PrimaryStageWindow   - FXGLMainMenuDummyScene -> CustomMainMenu
19:43:34.208 [JavaFX Application Thread] DEBUG FXGLApplication      - Registering font factories with UI factory
19:43:34.473 [JavaFX Application Thread] DEBUG PrimaryStageWindow   - Push state: DialogSubScene
19:43:34.473 [JavaFX Application Thread] DEBUG Input                - Clearing active input actions
19:43:34.490 [JavaFX Application Thread] DEBUG GameApplicationServi - Removing overlay from CustomMainMenu and adding to DialogSubScene
19:43:34.490 [JavaFX Application Thread] DEBUG PrimaryStageWindow   - CustomMainMenu -> DialogSubScene
19:43:35.278 [FXGL Background Thread 2 ] INFO  UpdaterService       - Your current version:  11.17
19:43:35.278 [FXGL Background Thread 2 ] INFO  UpdaterService       - Latest stable version: 21.1
19:43:36.351 [JavaFX Application Thread] DEBUG FXGLApplication      - Exiting FXGL
19:43:36.352 [JavaFX Application Thread] DEBUG LoopRunner           - Stopping loop
19:43:36.352 [JavaFX Application Thread] DEBUG SystemBundleService  - Saving FXGL system data
19:43:36.358 [JavaFX Application Thread] DEBUG FileSystemAccess     - Writing to: C:\Users\zyla\demoGame4OOP\system\fxgl.bundle
19:43:36.362 [JavaFX Application Thread] DEBUG Async                - Shutting down background threads
19:43:36.362 [JavaFX Application Thread] DEBUG PrimaryStageWindow   - Closing main window
19:43:36.391 [JavaFX Application Thread] DEBUG Logger               - Closing Logger
