22:25:18.163 [main                     ] DEBUG Logger               - Configured Logger
22:25:18.165 [main                     ] DEBUG GameApplication      - Logging settings
Title: Stictactics
Version: 0.0
Width: 1920
Height: 1080
Fullscreen: false
Intro: false
Profiling: false
Single step:false
App Mode: DEVELOPER
Menu Key: ESCAPE
Stage Style: DECORATED
Scene Factory: class com.example.demo.MySceneFactory

22:25:18.564 [JavaFX Application Thread] DEBUG FXGLApplication      - Initializing FXGL
22:25:18.566 [JavaFX Application Thread] INFO  Engine               - FXGL-11.17 (16.07.2021 15.46) on WINDOWS (J:23.0.2 FX:17.0.6)
22:25:18.567 [JavaFX Application Thread] DEBUG Engine               - JRE Vendor Name: Oracle Corporation
22:25:18.567 [JavaFX Application Thread] DEBUG Engine               - Running on OS: Windows 11 version 10.0
22:25:18.567 [JavaFX Application Thread] DEBUG Engine               - Architecture: amd64
22:25:18.567 [JavaFX Application Thread] INFO  Engine               - Source code and latest versions at: https://github.com/AlmasB/FXGL
22:25:18.567 [JavaFX Application Thread] INFO  Engine               -              Join the FXGL chat at: https://gitter.im/AlmasB/FXGL
22:25:18.671 [JavaFX Application Thread] DEBUG PrimaryStageWindow   - Creating a JavaFX scene
22:25:18.671 [JavaFX Application Thread] DEBUG PrimaryStageWindow   - Target size > screen size
22:25:18.728 [JavaFX Application Thread] DEBUG PrimaryStageWindow   - Target settings size: 1920.0 x 1080.0
22:25:18.728 [JavaFX Application Thread] DEBUG PrimaryStageWindow   - Scaled scene size:    1255.0 x 720.0
22:25:18.728 [JavaFX Application Thread] DEBUG PrimaryStageWindow   - Scaled ratio: (0.6536458333333334, 0.6666666666666666)
22:25:18.728 [JavaFX Application Thread] DEBUG PrimaryStageWindow   - Set initial scene to FXGLStartupScene
22:25:18.736 [JavaFX Application Thread] DEBUG PrimaryStageWindow   - Opening main window
22:25:18.845 [JavaFX Application Thread] DEBUG PrimaryStageWindow   - Window border size: (16.0, 39.0)
22:25:18.846 [JavaFX Application Thread] DEBUG PrimaryStageWindow   - Scaled size: 1255.0 x 720.0
22:25:18.846 [JavaFX Application Thread] DEBUG PrimaryStageWindow   - Scaled ratio: (0.6536458333333334, 0.6666666666666666)
22:25:18.846 [JavaFX Application Thread] DEBUG PrimaryStageWindow   - Scene size: 1255.0 x 720.0
22:25:18.846 [JavaFX Application Thread] DEBUG PrimaryStageWindow   - Stage size: 1271.0 x 759.0
22:25:18.857 [FXGL Background Thread 1 ] DEBUG Engine               - Initializing environment variables
22:25:19.014 [FXGL Background Thread 1 ] DEBUG FXGLAssetLoaderServi - User app class for loading assets: class com.example.demo.HelloApplication
22:25:19.014 [FXGL Background Thread 1 ] DEBUG GameApplicationServi - Applying CSS: fxgl_dark.css
22:25:19.016 [FXGL Background Thread 1 ] DEBUG FXGLAssetLoaderServi - Loading from file system: jar:file:///C:/Users/zyla/.m2/repository/com/github/almasb/fxgl/11.17/fxgl-11.17.jar!/fxglassets/ui/css/fxgl_dark.css
22:25:19.103 [FXGL Background Thread 1 ] DEBUG GameApplicationServi - Initializing application scenes
22:25:19.261 [FXGL Background Thread 1 ] DEBUG GameWorld            - Game world initialized
22:25:19.342 [FXGL Background Thread 1 ] DEBUG PhysicsWorld         - Physics world initialized: appHeight=1080, physics.ppm=50.0
22:25:19.343 [FXGL Background Thread 1 ] DEBUG PhysicsWorld         - Using strategy: BRUTE_FORCE
22:25:19.347 [FXGL Background Thread 1 ] DEBUG GameScene            - Game scene initialized: 1920x1080
22:25:19.525 [FXGL Background Thread 1 ] DEBUG GameApplicationServi - Application scenes initialized
22:25:19.539 [FXGL Background Thread 1 ] DEBUG SystemBundleService  - Loading FXGL system data
22:25:19.547 [FXGL Background Thread 1 ] DEBUG FileSystemAccess     - Reading from: C:\Users\zyla\demoGame4OOP\system\fxgl.bundle
22:25:19.557 [FXGL Background Thread 1 ] DEBUG SystemBundleService  - Bundle FXGL: {}
22:25:19.557 [FXGL Background Thread 1 ] DEBUG UpdaterService       - Checking for updates
22:25:19.566 [FXGL Background Thread 1 ] DEBUG FXGLApplication      - Loading default localization
22:25:19.567 [FXGL Background Thread 1 ] DEBUG FXGLAssetLoaderServi - Loading from file system: jar:file:///C:/Users/zyla/.m2/repository/com/github/almasb/fxgl/11.17/fxgl-11.17.jar!/fxglassets/languages/english.lang
22:25:19.607 [FXGL Background Thread 4 ] DEBUG FXGLApplication      - Loading fonts
22:25:19.607 [FXGL Background Thread 4 ] DEBUG FXGLAssetLoaderServi - Loading from file system: jar:file:///C:/Users/zyla/.m2/repository/com/github/almasb/fxgl/11.17/fxgl-11.17.jar!/fxglassets/ui/fonts/VarelaRound-Regular.ttf
22:25:19.623 [FXGL Background Thread 1 ] INFO  FXGLApplication      - FXGL initialization took: 0.766 sec
22:25:19.679 [JavaFX Application Thread] DEBUG Input                - Registered new binding: P1Left - A
22:25:19.681 [JavaFX Application Thread] DEBUG Input                - Registered new binding: P1Right - D
22:25:19.681 [JavaFX Application Thread] DEBUG Input                - Registered new binding: P1Jump - W
22:25:19.681 [JavaFX Application Thread] DEBUG Input                - Registered new binding: P1Punch - F
22:25:19.681 [JavaFX Application Thread] DEBUG Input                - Registered new binding: P2Left - J
22:25:19.682 [JavaFX Application Thread] DEBUG Input                - Registered new binding: P2Right - L
22:25:19.682 [JavaFX Application Thread] DEBUG Input                - Registered new binding: P2Jump - I
22:25:19.684 [JavaFX Application Thread] DEBUG Input                - Registered new binding: P2Punch - H
22:25:19.911 [FXGL Background Thread 4 ] DEBUG FXGLAssetLoaderServi - Loading from file system: jar:file:///C:/Users/zyla/.m2/repository/com/github/almasb/fxgl/11.17/fxgl-11.17.jar!/fxglassets/ui/fonts/Abel-Regular.ttf
22:25:19.945 [FXGL Background Thread 4 ] DEBUG FXGLAssetLoaderServi - Loading from file system: jar:file:///C:/Users/zyla/.m2/repository/com/github/almasb/fxgl/11.17/fxgl-11.17.jar!/fxglassets/ui/fonts/lucida_console.ttf
22:25:19.970 [FXGL Background Thread 4 ] DEBUG FXGLAssetLoaderServi - Loading from file system: jar:file:///C:/Users/zyla/.m2/repository/com/github/almasb/fxgl/11.17/fxgl-11.17.jar!/fxglassets/ui/fonts/Courier-Prime.ttf
22:25:19.987 [JavaFX Application Thread] DEBUG PrimaryStageWindow   - Push state: CustomIntro
22:25:19.988 [JavaFX Application Thread] DEBUG Input                - Clearing active input actions
22:25:19.991 [JavaFX Application Thread] DEBUG GameApplicationServi - Removing overlay from FXGLStartupScene and adding to CustomIntro
22:25:19.992 [JavaFX Application Thread] DEBUG PrimaryStageWindow   - FXGLStartupScene -> CustomIntro
22:25:19.993 [JavaFX Application Thread] DEBUG FXGLAssetLoaderServi - Loading from file system: jar:file:///C:/Users/zyla/.m2/repository/com/github/almasb/fxgl/11.17/fxgl-11.17.jar!/fxglassets/textures/fxgl_icon.png
22:25:20.047 [JavaFX Application Thread] DEBUG FXGLAssetLoaderServi - Loading from file system: jar:file:///C:/Users/zyla/.m2/repository/com/github/almasb/fxgl/11.17/fxgl-11.17.jar!/fxglassets/textures/fxgl_default_cursor.png
22:25:20.050 [JavaFX Application Thread] DEBUG Input                - Registered new binding: Screenshot - CTRL+8
22:25:20.050 [JavaFX Application Thread] DEBUG Input                - Registered new binding: System info dump - CTRL+9
22:25:20.050 [JavaFX Application Thread] DEBUG Input                - Registered new binding: Restart - CTRL+R
22:25:20.051 [JavaFX Application Thread] DEBUG Input                - Registered new binding: Toggle Debug Camera - CTRL+C
22:25:20.053 [JavaFX Application Thread] DEBUG LoopRunner           - Starting loop
22:25:20.053 [JavaFX Application Thread] DEBUG LoopRunner           - Initializing JavaFX AnimationTimerLoop
22:25:20.056 [JavaFX Application Thread] DEBUG PrimaryStageWindow   - Pop state: CustomIntro
22:25:20.056 [JavaFX Application Thread] DEBUG Input                - Clearing active input actions
22:25:20.057 [JavaFX Application Thread] DEBUG GameApplicationServi - Removing overlay from CustomIntro and adding to FXGLStartupScene
22:25:20.057 [JavaFX Application Thread] DEBUG PrimaryStageWindow   - FXGLStartupScene <- CustomIntro
22:25:20.057 [JavaFX Application Thread] DEBUG Input                - Clearing active input actions
22:25:20.108 [JavaFX Application Thread] DEBUG GameApplicationServi - Removing overlay from FXGLStartupScene and adding to FXGLMainMenuDummyScene
22:25:20.109 [JavaFX Application Thread] DEBUG PrimaryStageWindow   - FXGLStartupScene -> FXGLMainMenuDummyScene
22:25:20.110 [JavaFX Application Thread] DEBUG PrimaryStageWindow   - Push state: CustomMainMenu
22:25:20.110 [JavaFX Application Thread] DEBUG Input                - Clearing active input actions
22:25:20.118 [JavaFX Application Thread] DEBUG GameApplicationServi - Removing overlay from FXGLMainMenuDummyScene and adding to CustomMainMenu
22:25:20.118 [JavaFX Application Thread] DEBUG PrimaryStageWindow   - FXGLMainMenuDummyScene -> CustomMainMenu
22:25:20.270 [JavaFX Application Thread] DEBUG FXGLApplication      - Registering font factories with UI factory
22:25:20.730 [FXGL Background Thread 2 ] INFO  UpdaterService       - Your current version:  11.17
22:25:20.731 [FXGL Background Thread 2 ] INFO  UpdaterService       - Latest stable version: 21.1
22:25:22.564 [FXGL Background Thread 3 ] DEBUG Engine               - Logging environment variables
22:25:22.564 [FXGL Background Thread 3 ] DEBUG Engine               - achievements: []
22:25:22.564 [FXGL Background Thread 3 ] DEBUG Engine               - actualHeight: 720.0
22:25:22.564 [FXGL Background Thread 3 ] DEBUG Engine               - actualHeightProperty: ReadOnlyDoubleProperty [value: 720.0]
22:25:22.564 [FXGL Background Thread 3 ] DEBUG Engine               - actualWidth: 1255.0
22:25:22.564 [FXGL Background Thread 3 ] DEBUG Engine               - actualWidthProperty: ReadOnlyDoubleProperty [value: 1255.0]
22:25:22.564 [FXGL Background Thread 3 ] DEBUG Engine               - appIcon: fxgl_icon.png
22:25:22.564 [FXGL Background Thread 3 ] DEBUG Engine               - applicationMode: DEVELOPER
22:25:22.566 [FXGL Background Thread 3 ] DEBUG Engine               - cSSList: [fxgl_dark.css]
22:25:22.566 [FXGL Background Thread 3 ] DEBUG Engine               - collisionDetectionStrategy: BRUTE_FORCE
22:25:22.566 [FXGL Background Thread 3 ] DEBUG Engine               - configClass: Optional.empty
22:25:22.566 [FXGL Background Thread 3 ] DEBUG Engine               - credits: []
22:25:22.566 [FXGL Background Thread 3 ] DEBUG Engine               - defaultCursor: CursorInfo(imageName=fxgl_default_cursor.png, hotspotX=7.0, hotspotY=6.0)
22:25:22.567 [FXGL Background Thread 3 ] DEBUG Engine               - devBBoxColorProperty: ObjectProperty [value: 0xff0000ff]
22:25:22.567 [FXGL Background Thread 3 ] DEBUG Engine               - devEnableDebugCameraProperty: BooleanProperty [value: false]
22:25:22.567 [FXGL Background Thread 3 ] DEBUG Engine               - devSensorColorProperty: ObjectProperty [value: 0xffff00ff]
22:25:22.567 [FXGL Background Thread 3 ] DEBUG Engine               - devShowBBoxProperty: BooleanProperty [value: false]
22:25:22.567 [FXGL Background Thread 3 ] DEBUG Engine               - devShowPositionProperty: BooleanProperty [value: false]
22:25:22.567 [FXGL Background Thread 3 ] DEBUG Engine               - enabledMenuItems: []
22:25:22.567 [FXGL Background Thread 3 ] DEBUG Engine               - engineServices: [class com.almasb.fxgl.app.services.FXGLAssetLoaderService, class com.almasb.fxgl.app.FXGLApplication$GameApplicationService, class com.almasb.fxgl.app.services.FXGLDialogService, class com.almasb.fxgl.app.services.IOTaskExecutorService, class com.almasb.fxgl.io.FileSystemService, class com.almasb.fxgl.localization.LocalizationService, class com.almasb.fxgl.app.services.SystemBundleService, class com.almasb.fxgl.profile.SaveLoadService, class com.almasb.fxgl.ui.FXGLUIFactoryServiceProvider, class com.almasb.fxgl.ui.FXGLDialogFactoryServiceProvider, class com.almasb.fxgl.audio.AudioPlayer, class com.almasb.fxgl.notification.impl.NotificationServiceProvider, class com.almasb.fxgl.achievement.AchievementService, class com.almasb.fxgl.cutscene.CutsceneService, class com.almasb.fxgl.minigames.MiniGameService, class com.almasb.fxgl.net.NetService, class com.almasb.fxgl.app.services.UpdaterService, class com.almasb.fxgl.dev.DevService]
22:25:22.567 [FXGL Background Thread 3 ] DEBUG Engine               - fontGame: Abel-Regular.ttf
22:25:22.567 [FXGL Background Thread 3 ] DEBUG Engine               - fontMono: lucida_console.ttf
22:25:22.568 [FXGL Background Thread 3 ] DEBUG Engine               - fontText: Courier-Prime.ttf
22:25:22.568 [FXGL Background Thread 3 ] DEBUG Engine               - fontUI: VarelaRound-Regular.ttf
22:25:22.568 [FXGL Background Thread 3 ] DEBUG Engine               - fullScreen: BooleanProperty [value: false]
22:25:22.568 [FXGL Background Thread 3 ] DEBUG Engine               - gameDifficulty: MEDIUM
22:25:22.568 [FXGL Background Thread 3 ] DEBUG Engine               - gameDifficultyProperty: ObjectProperty [value: MEDIUM]
22:25:22.568 [FXGL Background Thread 3 ] DEBUG Engine               - globalMusicVolume: 0.5
22:25:22.568 [FXGL Background Thread 3 ] DEBUG Engine               - globalMusicVolumeProperty: DoubleProperty [value: 0.5]
22:25:22.568 [FXGL Background Thread 3 ] DEBUG Engine               - globalSoundVolume: 0.5
22:25:22.568 [FXGL Background Thread 3 ] DEBUG Engine               - globalSoundVolumeProperty: DoubleProperty [value: 0.5]
22:25:22.568 [FXGL Background Thread 3 ] DEBUG Engine               - height: 1080
22:25:22.568 [FXGL Background Thread 3 ] DEBUG Engine               - is3D: false
22:25:22.568 [FXGL Background Thread 3 ] DEBUG Engine               - isAndroid: false
22:25:22.569 [FXGL Background Thread 3 ] DEBUG Engine               - isBrowser: false
22:25:22.569 [FXGL Background Thread 3 ] DEBUG Engine               - isClickFeedbackEnabled: false
22:25:22.569 [FXGL Background Thread 3 ] DEBUG Engine               - isCloseConfirmation: true
22:25:22.569 [FXGL Background Thread 3 ] DEBUG Engine               - isDesktop: true
22:25:22.569 [FXGL Background Thread 3 ] DEBUG Engine               - isDeveloperMenuEnabled: false
22:25:22.569 [FXGL Background Thread 3 ] DEBUG Engine               - isEntityPreloadEnabled: true
22:25:22.569 [FXGL Background Thread 3 ] DEBUG Engine               - isExperimentalTiledLargeMap: false
22:25:22.569 [FXGL Background Thread 3 ] DEBUG Engine               - isFileSystemWriteAllowed: true
22:25:22.569 [FXGL Background Thread 3 ] DEBUG Engine               - isFullScreenAllowed: false
22:25:22.569 [FXGL Background Thread 3 ] DEBUG Engine               - isFullScreenFromStart: false
22:25:22.570 [FXGL Background Thread 3 ] DEBUG Engine               - isGameMenuEnabled: false
22:25:22.570 [FXGL Background Thread 3 ] DEBUG Engine               - isIOS: false
22:25:22.570 [FXGL Background Thread 3 ] DEBUG Engine               - isIntroEnabled: false
22:25:22.570 [FXGL Background Thread 3 ] DEBUG Engine               - isLinux: false
22:25:22.571 [FXGL Background Thread 3 ] DEBUG Engine               - isMac: false
22:25:22.571 [FXGL Background Thread 3 ] DEBUG Engine               - isMainMenuEnabled: true
22:25:22.571 [FXGL Background Thread 3 ] DEBUG Engine               - isManualResizeEnabled: false
22:25:22.571 [FXGL Background Thread 3 ] DEBUG Engine               - isMobile: false
22:25:22.572 [FXGL Background Thread 3 ] DEBUG Engine               - isNative: false
22:25:22.572 [FXGL Background Thread 3 ] DEBUG Engine               - isPauseMusicWhenMinimized: true
22:25:22.572 [FXGL Background Thread 3 ] DEBUG Engine               - isPreserveResizeRatio: false
22:25:22.572 [FXGL Background Thread 3 ] DEBUG Engine               - isProfilingEnabled: false
22:25:22.572 [FXGL Background Thread 3 ] DEBUG Engine               - isScaleAffectedOnResize: true
22:25:22.572 [FXGL Background Thread 3 ] DEBUG Engine               - isSingleStep: false
22:25:22.573 [FXGL Background Thread 3 ] DEBUG Engine               - isUserProfileEnabled: false
22:25:22.573 [FXGL Background Thread 3 ] DEBUG Engine               - isWindows: true
22:25:22.573 [FXGL Background Thread 3 ] DEBUG Engine               - language: ObjectProperty [value: ENGLISH]
22:25:22.573 [FXGL Background Thread 3 ] DEBUG Engine               - menuKey: ESCAPE
22:25:22.573 [FXGL Background Thread 3 ] DEBUG Engine               - mouseSensitivity: 0.2
22:25:22.573 [FXGL Background Thread 3 ] DEBUG Engine               - notificationViewClass: class com.almasb.fxgl.notification.view.XboxNotificationView
22:25:22.573 [FXGL Background Thread 3 ] DEBUG Engine               - pixelsPerMeter: 50.0
22:25:22.573 [FXGL Background Thread 3 ] DEBUG Engine               - platform: WINDOWS
22:25:22.573 [FXGL Background Thread 3 ] DEBUG Engine               - prefHeightProperty: ReadOnlyDoubleProperty [value: 1080.0]
22:25:22.573 [FXGL Background Thread 3 ] DEBUG Engine               - prefWidthProperty: ReadOnlyDoubleProperty [value: 1920.0]
22:25:22.573 [FXGL Background Thread 3 ] DEBUG Engine               - profileDir: profiles/
22:25:22.573 [FXGL Background Thread 3 ] DEBUG Engine               - profileName: StringProperty [value: DEFAULT]
22:25:22.573 [FXGL Background Thread 3 ] DEBUG Engine               - randomSeed: -1
22:25:22.573 [FXGL Background Thread 3 ] DEBUG Engine               - runtimeInfo: RuntimeInfo(platform=WINDOWS, version=11.17, build=16.07.2021 15.46)
22:25:22.574 [FXGL Background Thread 3 ] DEBUG Engine               - saveFileExt: sav
22:25:22.574 [FXGL Background Thread 3 ] DEBUG Engine               - scaledHeightProp$fxgl: DoubleProperty [bound, value: 720.0]
22:25:22.574 [FXGL Background Thread 3 ] DEBUG Engine               - scaledWidthProp$fxgl: DoubleProperty [bound, value: 1255.0]
22:25:22.574 [FXGL Background Thread 3 ] DEBUG Engine               - sceneFactory: com.example.demo.MySceneFactory@555c327
22:25:22.574 [FXGL Background Thread 3 ] DEBUG Engine               - secondsIn24h: 60
22:25:22.574 [FXGL Background Thread 3 ] DEBUG Engine               - soundMenuBack: menu/back.wav
22:25:22.574 [FXGL Background Thread 3 ] DEBUG Engine               - soundMenuPress: menu/press.wav
22:25:22.574 [FXGL Background Thread 3 ] DEBUG Engine               - soundMenuSelect: menu/select.wav
22:25:22.574 [FXGL Background Thread 3 ] DEBUG Engine               - soundNotification: core/notification.wav
22:25:22.574 [FXGL Background Thread 3 ] DEBUG Engine               - stageStyle: DECORATED
22:25:22.574 [FXGL Background Thread 3 ] DEBUG Engine               - supportedLanguages: [ENGLISH, FRENCH, GERMAN, HUNGARIAN, RUSSIAN]
22:25:22.575 [FXGL Background Thread 3 ] DEBUG Engine               - ticksPerSecond: -1
22:25:22.575 [FXGL Background Thread 3 ] DEBUG Engine               - title: Stictactics
22:25:22.576 [FXGL Background Thread 3 ] DEBUG Engine               - urlGithub: https://github.com/AlmasB/FXGL
22:25:22.576 [FXGL Background Thread 3 ] DEBUG Engine               - urlLeaderboard: http://fxgl-top.herokuapp.com/
22:25:22.576 [FXGL Background Thread 3 ] DEBUG Engine               - urlPOM: https://raw.githubusercontent.com/AlmasB/FXGL/release/README.md
22:25:22.576 [FXGL Background Thread 3 ] DEBUG Engine               - userAppClass: class com.example.demo.HelloApplication
22:25:22.576 [FXGL Background Thread 3 ] DEBUG Engine               - version: 0.0
22:25:22.576 [FXGL Background Thread 3 ] DEBUG Engine               - versionCheckDays: 7
22:25:22.576 [FXGL Background Thread 3 ] DEBUG Engine               - width: 1920
22:25:22.577 [FXGL Background Thread 3 ] DEBUG Engine               - Logging services
22:25:22.577 [FXGL Background Thread 3 ] DEBUG Engine               - class com.almasb.fxgl.app.services.FXGLAssetLoaderService
22:25:22.577 [FXGL Background Thread 3 ] DEBUG Engine               - class com.almasb.fxgl.app.FXGLApplication$GameApplicationService
22:25:22.577 [FXGL Background Thread 3 ] DEBUG Engine               - class com.almasb.fxgl.app.services.FXGLDialogService
22:25:22.577 [FXGL Background Thread 3 ] DEBUG Engine               - class com.almasb.fxgl.app.services.IOTaskExecutorService
22:25:22.578 [FXGL Background Thread 3 ] DEBUG Engine               - class com.almasb.fxgl.io.FileSystemService
22:25:22.578 [FXGL Background Thread 3 ] DEBUG Engine               - class com.almasb.fxgl.localization.LocalizationService
22:25:22.578 [FXGL Background Thread 3 ] DEBUG Engine               - class com.almasb.fxgl.app.services.SystemBundleService
22:25:22.578 [FXGL Background Thread 3 ] DEBUG Engine               - class com.almasb.fxgl.profile.SaveLoadService
22:25:22.578 [FXGL Background Thread 3 ] DEBUG Engine               - class com.almasb.fxgl.ui.FXGLUIFactoryServiceProvider
22:25:22.578 [FXGL Background Thread 3 ] DEBUG Engine               - class com.almasb.fxgl.ui.FXGLDialogFactoryServiceProvider
22:25:22.578 [FXGL Background Thread 3 ] DEBUG Engine               - class com.almasb.fxgl.audio.AudioPlayer
22:25:22.578 [FXGL Background Thread 3 ] DEBUG Engine               - class com.almasb.fxgl.notification.impl.NotificationServiceProvider
22:25:22.578 [FXGL Background Thread 3 ] DEBUG Engine               - class com.almasb.fxgl.achievement.AchievementService
22:25:22.579 [FXGL Background Thread 3 ] DEBUG Engine               - class com.almasb.fxgl.cutscene.CutsceneService
22:25:22.579 [FXGL Background Thread 3 ] DEBUG Engine               - class com.almasb.fxgl.minigames.MiniGameService
22:25:22.579 [FXGL Background Thread 3 ] DEBUG Engine               - class com.almasb.fxgl.net.NetService
22:25:22.579 [FXGL Background Thread 3 ] DEBUG Engine               - class com.almasb.fxgl.app.services.UpdaterService
22:25:22.579 [FXGL Background Thread 3 ] DEBUG Engine               - class com.almasb.fxgl.dev.DevService
22:25:22.997 [JavaFX Application Thread] DEBUG PrimaryStageWindow   - Pop state: CustomMainMenu
22:25:22.997 [JavaFX Application Thread] DEBUG Input                - Clearing active input actions
22:25:23.000 [JavaFX Application Thread] DEBUG GameApplicationServi - Removing overlay from CustomMainMenu and adding to FXGLMainMenuDummyScene
22:25:23.000 [JavaFX Application Thread] DEBUG PrimaryStageWindow   - FXGLMainMenuDummyScene <- CustomMainMenu
22:25:26.612 [JavaFX Application Thread] DEBUG PrimaryStageWindow   - Push state: DialogSubScene
22:25:26.613 [JavaFX Application Thread] DEBUG Input                - Clearing active input actions
22:25:26.615 [JavaFX Application Thread] DEBUG GameApplicationServi - Removing overlay from FXGLMainMenuDummyScene and adding to DialogSubScene
22:25:26.615 [JavaFX Application Thread] DEBUG PrimaryStageWindow   - FXGLMainMenuDummyScene -> DialogSubScene
22:25:27.715 [JavaFX Application Thread] DEBUG PrimaryStageWindow   - Pop state: DialogSubScene
22:25:27.715 [JavaFX Application Thread] DEBUG Input                - Clearing active input actions
22:25:27.716 [JavaFX Application Thread] DEBUG GameApplicationServi - Removing overlay from DialogSubScene and adding to FXGLMainMenuDummyScene
22:25:27.716 [JavaFX Application Thread] DEBUG PrimaryStageWindow   - FXGLMainMenuDummyScene <- DialogSubScene
22:25:27.717 [JavaFX Application Thread] DEBUG FXGLApplication      - Exiting FXGL
22:25:27.717 [JavaFX Application Thread] DEBUG LoopRunner           - Stopping loop
22:25:27.717 [JavaFX Application Thread] DEBUG SystemBundleService  - Saving FXGL system data
22:25:27.720 [JavaFX Application Thread] DEBUG FileSystemAccess     - Writing to: C:\Users\zyla\demoGame4OOP\system\fxgl.bundle
22:25:27.724 [JavaFX Application Thread] DEBUG Async                - Shutting down background threads
22:25:27.724 [JavaFX Application Thread] DEBUG PrimaryStageWindow   - Closing main window
22:25:27.760 [JavaFX Application Thread] DEBUG Logger               - Closing Logger
